
# Evolved Layout
übocj xädlwqß
hnemk vitrs⇘
upögz ya,.f
┌───┬───┬───┬───┬───┬───┬───┬───┬───┬───┬───┬───┬───┬──────┐
│ ^ │ 1 │ 2 │ 3 │ 4 │ 5 │ 6 │ 7 │ 8 │ 9 │ 0 │ - │ ` │ ←    │
├───┴─┬─┴─┬─┴─┬─┴─┬─┴─┬─┴─┬─┴─┬─┴─┬─┴─┬─┴─┬─┴─┬─┴─┬─┴─┬────┤
│   ⇥ │ ü │ b │ o │ c │ j │ x │ ä │ d │ l │ w │ q │ ß │ Ret│
├─────┴┬──┴┬──┴┬──┴┬──┴┬──┴┬──┴┬──┴┬──┴┬──┴┬──┴┬──┴┬──┴┐   │
│    ⇩ │ h │ n │ e │ m │ k │ v │ i │ t │ r │ s │ ⇘ │ ´ │   │
├────┬─┴─┬─┴─┬─┴─┬─┴─┬─┴─┬─┴─┬─┴─┬─┴─┬─┴─┬─┴─┬─┴─┬─┴───┴───┤
│  ⇧ │ ⇚ │ u │ p │ ö │ g │ z │ y │ a │ , │ . │ f │ ⇗       │
├────┼───┴┬──┴─┬─┴───┴───┴───┴───┴───┴─┬─┴──┬┴───┼────┬────┤
│Strg│ Fe │ Alt│      Leerzeichen      │ M4 │ Fe │ Me │Strg│
└────┴────┴────┴───────────────────────┴────┴────┴────┴────┘
# 10.100414892018389 x100 total penalty per letter
# 36.9648009357111 x10 billion total penalty compared to notime-noeffort
# 7.682874903658065 mean key position cost in file 1gramme.txt ( 56.23451006 )
# 9.368857532614932 % finger repeats in file 2gramme.txt ( 45.227288296356576 )
# 13.255055599260412 million keystrokes disbalance of the fingers ( 26.510111198520825 )
# 0.36019509389045723 % finger repeats top to bottom or vice versa ( 8.69404156142081 )
# 5.458068287611203 % of trigrams have no handswitching (after direction change counted x 1 ) ( 24.14275294595205 )
# 8.203880116915073 billion (rows²/dist)² to cross ( 106.65044151989595 )
# 0.0005115450118962084 hand disbalance. Left: 0.5005115450118962 %, Right: 0.49948845498810385 % ( 0.014976936877586538 )
# 1.0979192834421578 badly positioned shortcut keys (weighted).
# 10.4968828972797 no handswitching after unbalancing key (weighted).
# 43.68533105135662 movement pattern cost (weighted).
# 0.8937224749203196 asymmetric bigram cost (weighted).
# 2.4453621198499484 irregularity cost (weighted).
# 22.971433767908497 manually assigned bigram penalty (weighted)
# 11.658186194488218 unbalancing key after neighboring finger (weighted)
# 0.8937224749203196 asymmetrc bigrams (weighted)
# 8.925049048841608 inconsistent symmetries of similar keys (weighted)
# 2.4453621198499484 irregularity cost for randomly sampled words (weighted).
# Finger load %: 11.5 9.0 13.6 8.0 - 12.4 9.3 9.3 11.2
 
