
# Evolved Layout
ßougö vwplzqj
haetü bnirs⇘
käxdy fc,.m
┌───┬───┬───┬───┬───┬───┬───┬───┬───┬───┬───┬───┬───┬──────┐
│ ^ │ 1 │ 2 │ 3 │ 4 │ 5 │ 6 │ 7 │ 8 │ 9 │ 0 │ - │ ` │ ←    │
├───┴─┬─┴─┬─┴─┬─┴─┬─┴─┬─┴─┬─┴─┬─┴─┬─┴─┬─┴─┬─┴─┬─┴─┬─┴─┬────┤
│   ⇥ │ ß │ o │ u │ g │ ö │ v │ w │ p │ l │ z │ q │ j │ Ret│
├─────┴┬──┴┬──┴┬──┴┬──┴┬──┴┬──┴┬──┴┬──┴┬──┴┬──┴┬──┴┬──┴┐   │
│    ⇩ │ h │ a │ e │ t │ ü │ b │ n │ i │ r │ s │ ⇘ │ ´ │   │
├────┬─┴─┬─┴─┬─┴─┬─┴─┬─┴─┬─┴─┬─┴─┬─┴─┬─┴─┬─┴─┬─┴─┬─┴───┴───┤
│  ⇧ │ ⇚ │ k │ ä │ x │ d │ y │ f │ c │ , │ . │ m │ ⇗       │
├────┼───┴┬──┴─┬─┴───┴───┴───┴───┴───┴─┬─┴──┬┴───┼────┬────┤
│Strg│ Fe │ Alt│      Leerzeichen      │ M4 │ Fe │ Me │Strg│
└────┴────┴────┴───────────────────────┴────┴────┴────┴────┘
# 9.64871107979339 x100 total penalty per letter
# 35.311686516223894 x10 billion total penalty compared to notime-noeffort
# 7.469866925269351 mean key position cost in file 1gramme.txt ( 54.67540628 )
# 10.642606409257946 % finger repeats in file 2gramme.txt ( 51.376192520862894 )
# 12.360835029444567 million keystrokes disbalance of the fingers ( 24.72167005888914 )
# 0.3823189967681842 % finger repeats top to bottom or vice versa ( 9.228046977880737 )
# 3.32055709802609 % of trigrams have no handswitching (after direction change counted x 1 ) ( 14.68786857110901 )
# 8.308297724675567 billion (rows²/dist)² to cross ( 108.00787042078238 )
# 0.000869503472376354 hand disbalance. Left: 0.5008695034723764 %, Right: 0.4991304965276236 % ( 0.025457190115784387 )
# 1.0979192834421578 badly positioned shortcut keys (weighted).
# 11.893434431247348 no handswitching after unbalancing key (weighted).
# 27.98403559506208 movement pattern cost (weighted).
# 0.880482770365823 asymmetric bigram cost (weighted).
# 2.9872842313034553 irregularity cost (weighted).
# 20.106834233238217 manually assigned bigram penalty (weighted)
# 9.977047669298436 unbalancing key after neighboring finger (weighted)
# 0.880482770365823 asymmetrc bigrams (weighted)
# 15.46731492864142 inconsistent symmetries of similar keys (weighted)
# 2.9872842313034553 irregularity cost for randomly sampled words (weighted).
# Finger load %: 10.0 7.6 13.5 11.1 - 14.2 7.7 9.3 11.0
 
