
# Evolved Layout
jbläü vgidzßq
utneö wsahr⇘
cpxoy fm,.k
┌───┬───┬───┬───┬───┬───┬───┬───┬───┬───┬───┬───┬───┬──────┐
│ ^ │ 1 │ 2 │ 3 │ 4 │ 5 │ 6 │ 7 │ 8 │ 9 │ 0 │ - │ ` │ ←    │
├───┴─┬─┴─┬─┴─┬─┴─┬─┴─┬─┴─┬─┴─┬─┴─┬─┴─┬─┴─┬─┴─┬─┴─┬─┴─┬────┤
│   ⇥ │ j │ b │ l │ ä │ ü │ v │ g │ i │ d │ z │ ß │ q │ Ret│
├─────┴┬──┴┬──┴┬──┴┬──┴┬──┴┬──┴┬──┴┬──┴┬──┴┬──┴┬──┴┬──┴┐   │
│    ⇩ │ u │ t │ n │ e │ ö │ w │ s │ a │ h │ r │ ⇘ │ ´ │   │
├────┬─┴─┬─┴─┬─┴─┬─┴─┬─┴─┬─┴─┬─┴─┬─┴─┬─┴─┬─┴─┬─┴─┬─┴───┴───┤
│  ⇧ │ ⇚ │ c │ p │ x │ o │ y │ f │ m │ , │ . │ k │ ⇗       │
├────┼───┴┬──┴─┬─┴───┴───┴───┴───┴───┴─┬─┴──┬┴───┼────┬────┤
│Strg│ Fe │ Alt│      Leerzeichen      │ M4 │ Fe │ Me │Strg│
└────┴────┴────┴───────────────────────┴────┴────┴────┴────┘
# 9.695721711392585 x100 total penalty per letter
# 35.4837327794224 x10 billion total penalty compared to notime-noeffort
# 7.600125610180712 mean key position cost in file 1gramme.txt ( 55.62882976 )
# 10.754736734403537 % finger repeats in file 2gramme.txt ( 51.917491235724285 )
# 12.171406849728397 million keystrokes disbalance of the fingers ( 24.342813699456794 )
# 0.3874221454800597 % finger repeats top to bottom or vice versa ( 9.351221856572034 )
# 4.194703635603436 % of trigrams have no handswitching (after direction change counted x 1 ) ( 18.554493681533533 )
# 7.671054279374051 billion (rows²/dist)² to cross ( 99.72370563186267 )
# 0.003534315433092239 hand disbalance. Left: 0.5035343154330922 %, Right: 0.4964656845669077 % ( 0.1034771484735784 )
# 0.7319461889614385 badly positioned shortcut keys (weighted).
# 12.086403113675148 no handswitching after unbalancing key (weighted).
# 30.677148105886257 movement pattern cost (weighted).
# 0.8858327815580581 asymmetric bigram cost (weighted).
# 9.19017113001601 irregularity cost (weighted).
# 18.775704062288558 manually assigned bigram penalty (weighted)
# 10.240853189109087 unbalancing key after neighboring finger (weighted)
# 0.8858327815580581 asymmetrc bigrams (weighted)
# 12.62723620910651 inconsistent symmetries of similar keys (weighted)
# 9.19017113001601 irregularity cost for randomly sampled words (weighted).
# Finger load %: 10.8 7.5 9.4 14.8 - 12.7 11.1 7.9 10.2
 
