
# Evolved Layout
üoavj xmlbzßq
ueitp hdrns⇘
köäcy wg,.f
┌───┬───┬───┬───┬───┬───┬───┬───┬───┬───┬───┬───┬───┬──────┐
│ ^ │ 1 │ 2 │ 3 │ 4 │ 5 │ 6 │ 7 │ 8 │ 9 │ 0 │ - │ ` │ ←    │
├───┴─┬─┴─┬─┴─┬─┴─┬─┴─┬─┴─┬─┴─┬─┴─┬─┴─┬─┴─┬─┴─┬─┴─┬─┴─┬────┤
│   ⇥ │ ü │ o │ a │ v │ j │ x │ m │ l │ b │ z │ ß │ q │ Ret│
├─────┴┬──┴┬──┴┬──┴┬──┴┬──┴┬──┴┬──┴┬──┴┬──┴┬──┴┬──┴┬──┴┐   │
│    ⇩ │ u │ e │ i │ t │ p │ h │ d │ r │ n │ s │ ⇘ │ ´ │   │
├────┬─┴─┬─┴─┬─┴─┬─┴─┬─┴─┬─┴─┬─┴─┬─┴─┬─┴─┬─┴─┬─┴─┬─┴───┴───┤
│  ⇧ │ ⇚ │ k │ ö │ ä │ c │ y │ w │ g │ , │ . │ f │ ⇗       │
├────┼───┴┬──┴─┬─┴───┴───┴───┴───┴───┴─┬─┴──┬┴───┼────┬────┤
│Strg│ Fe │ Alt│      Leerzeichen      │ M4 │ Fe │ Me │Strg│
└────┴────┴────┴───────────────────────┴────┴────┴────┴────┘
# 9.655834908580278 x100 total penalty per letter
# 35.337757812880774 x10 billion total penalty compared to notime-noeffort
# 7.205074872352178 mean key position cost in file 1gramme.txt ( 52.73727094 )
# 10.864323100425715 % finger repeats in file 2gramme.txt ( 52.446509224543206 )
# 11.97092889743563 million keystrokes disbalance of the fingers ( 23.941857794871257 )
# 0.3513208001806202 % finger repeats top to bottom or vice versa ( 8.479842424202573 )
# 2.312318880657376 % of trigrams have no handswitching (after direction change counted x 1 ) ( 10.228113780599891 )
# 8.357758064046527 billion (rows²/dist)² to cross ( 108.65085483260485 )
# 0.00992181323212038 hand disbalance. Left: 0.5099218132321204 %, Right: 0.4900781867678796 % ( 0.2904893353135074 )
# 1.0979192834421578 badly positioned shortcut keys (weighted).
# 12.816368172356624 no handswitching after unbalancing key (weighted).
# 29.160564296031396 movement pattern cost (weighted).
# 0.875306823612826 asymmetric bigram cost (weighted).
# 7.620172687049474 irregularity cost (weighted).
# 20.283353828494548 manually assigned bigram penalty (weighted)
# 12.121718496578774 unbalancing key after neighboring finger (weighted)
# 0.875306823612826 asymmetrc bigrams (weighted)
# 12.62723620910651 inconsistent symmetries of similar keys (weighted)
# 7.620172687049474 irregularity cost for randomly sampled words (weighted).
# Finger load %: 9.6 13.8 10.2 9.5 - 12.6 9.1 9.2 10.4
 
