
# Evolved Layout
jocvö wdrbzqß
haeiä gtlns⇘
kxyuü pf,.m
┌───┬───┬───┬───┬───┬───┬───┬───┬───┬───┬───┬───┬───┬──────┐
│ ^ │ 1 │ 2 │ 3 │ 4 │ 5 │ 6 │ 7 │ 8 │ 9 │ 0 │ - │ ` │ ←    │
├───┴─┬─┴─┬─┴─┬─┴─┬─┴─┬─┴─┬─┴─┬─┴─┬─┴─┬─┴─┬─┴─┬─┴─┬─┴─┬────┤
│   ⇥ │ j │ o │ c │ v │ ö │ w │ d │ r │ b │ z │ q │ ß │ Ret│
├─────┴┬──┴┬──┴┬──┴┬──┴┬──┴┬──┴┬──┴┬──┴┬──┴┬──┴┬──┴┬──┴┐   │
│    ⇩ │ h │ a │ e │ i │ ä │ g │ t │ l │ n │ s │ ⇘ │ ´ │   │
├────┬─┴─┬─┴─┬─┴─┬─┴─┬─┴─┬─┴─┬─┴─┬─┴─┬─┴─┬─┴─┬─┴─┬─┴───┴───┤
│  ⇧ │ ⇚ │ k │ x │ y │ u │ ü │ p │ f │ , │ . │ m │ ⇗       │
├────┼───┴┬──┴─┬─┴───┴───┴───┴───┴───┴─┬─┴──┬┴───┼────┬────┤
│Strg│ Fe │ Alt│      Leerzeichen      │ M4 │ Fe │ Me │Strg│
└────┴────┴────┴───────────────────────┴────┴────┴────┴────┘
# 9.389225777030239 x100 total penalty per letter
# 34.36204012397892 x10 billion total penalty compared to notime-noeffort
# 7.525845026689807 mean key position cost in file 1gramme.txt ( 55.08513586 )
# 10.776403829206066 % finger repeats in file 2gramme.txt ( 52.02208712052316 )
# 12.299629361323298 million keystrokes disbalance of the fingers ( 24.599258722646596 )
# 0.3952752796078284 % finger repeats top to bottom or vice versa ( 9.540773229292832 )
# 2.609120603603805 % of trigrams have no handswitching (after direction change counted x 1 ) ( 11.540961164223352 )
# 7.946191742415312 billion (rows²/dist)² to cross ( 103.30049265139905 )
# 0.017115047818223206 hand disbalance. Left: 0.4828849521817768 %, Right: 0.5171150478182232 % ( 0.5010917609776503 )
# 0.36597309448071924 badly positioned shortcut keys (weighted).
# 11.776980703526272 no handswitching after unbalancing key (weighted).
# 25.979426276050397 movement pattern cost (weighted).
# 0.8783818039817416 asymmetric bigram cost (weighted).
# 5.698370199217815 irregularity cost (weighted).
# 20.306176394401824 manually assigned bigram penalty (weighted)
# 12.43299536692196 unbalancing key after neighboring finger (weighted)
# 0.8783818039817416 asymmetrc bigrams (weighted)
# 9.592296892145866 inconsistent symmetries of similar keys (weighted)
# 5.698370199217815 irregularity cost for randomly sampled words (weighted).
# Finger load %: 10.3 7.5 13.4 9.6 - 14.6 9.1 9.2 10.7
 
