
# Evolved Layout
jplbß öämyvxq
hnrtd üasec⇘
fwzgk oi,.u
┌───┬───┬───┬───┬───┬───┬───┬───┬───┬───┬───┬───┬───┬──────┐
│ ^ │ 1 │ 2 │ 3 │ 4 │ 5 │ 6 │ 7 │ 8 │ 9 │ 0 │ - │ ` │ ←    │
├───┴─┬─┴─┬─┴─┬─┴─┬─┴─┬─┴─┬─┴─┬─┴─┬─┴─┬─┴─┬─┴─┬─┴─┬─┴─┬────┤
│   ⇥ │ j │ p │ l │ b │ ß │ ö │ ä │ m │ y │ v │ x │ q │ Ret│
├─────┴┬──┴┬──┴┬──┴┬──┴┬──┴┬──┴┬──┴┬──┴┬──┴┬──┴┬──┴┬──┴┐   │
│    ⇩ │ h │ n │ r │ t │ d │ ü │ a │ s │ e │ c │ ⇘ │ ´ │   │
├────┬─┴─┬─┴─┬─┴─┬─┴─┬─┴─┬─┴─┬─┴─┬─┴─┬─┴─┬─┴─┬─┴─┬─┴───┴───┤
│  ⇧ │ ⇚ │ f │ w │ z │ g │ k │ o │ i │ , │ . │ u │ ⇗       │
├────┼───┴┬──┴─┬─┴───┴───┴───┴───┴───┴─┬─┴──┬┴───┼────┬────┤
│Strg│ Fe │ Alt│      Leerzeichen      │ M4 │ Fe │ Me │Strg│
└────┴────┴────┴───────────────────────┴────┴────┴────┴────┘
# 9.78585057043457 x100 total penalty per letter
# 35.81358015387852 x10 billion total penalty compared to notime-noeffort
# 7.760267975518139 mean key position cost in file 1gramme.txt ( 56.8009857 )
# 10.188307336986492 % finger repeats in file 2gramme.txt ( 49.18310600600653 )
# 11.782173285796297 million keystrokes disbalance of the fingers ( 23.564346571592594 )
# 0.4141858406120933 % finger repeats top to bottom or vice versa ( 9.997218100723709 )
# 2.226130876005375 % of trigrams have no handswitching (after direction change counted x 1 ) ( 9.846877124411312 )
# 9.200543599702934 billion (rows²/dist)² to cross ( 119.60706679613816 )
# 0.026565982813845257 hand disbalance. Left: 0.47343401718615474 %, Right: 0.5265659828138453 % ( 0.7777947950643643 )
# 1.0979192834421578 badly positioned shortcut keys (weighted).
# 12.243559797531695 no handswitching after unbalancing key (weighted).
# 27.690723995342633 movement pattern cost (weighted).
# 0.8588919846537802 asymmetric bigram cost (weighted).
# 4.06384716142676 irregularity cost (weighted).
# 17.945722388632813 manually assigned bigram penalty (weighted)
# 15.183883170591958 unbalancing key after neighboring finger (weighted)
# 0.8588919846537802 asymmetrc bigrams (weighted)
# 9.273858663226635 inconsistent symmetries of similar keys (weighted)
# 4.06384716142676 irregularity cost for randomly sampled words (weighted).
# Finger load %: 9.9 8.8 8.5 12.8 - 14.3 7.8 12.6 9.8
 
