
# Evolved Layout
ßouvä xdclzqj
haeip btnrs⇘
küöfy wg,.m
┌───┬───┬───┬───┬───┬───┬───┬───┬───┬───┬───┬───┬───┬──────┐
│ ^ │ 1 │ 2 │ 3 │ 4 │ 5 │ 6 │ 7 │ 8 │ 9 │ 0 │ - │ ` │ ←    │
├───┴─┬─┴─┬─┴─┬─┴─┬─┴─┬─┴─┬─┴─┬─┴─┬─┴─┬─┴─┬─┴─┬─┴─┬─┴─┬────┤
│   ⇥ │ ß │ o │ u │ v │ ä │ x │ d │ c │ l │ z │ q │ j │ Ret│
├─────┴┬──┴┬──┴┬──┴┬──┴┬──┴┬──┴┬──┴┬──┴┬──┴┬──┴┬──┴┬──┴┐   │
│    ⇩ │ h │ a │ e │ i │ p │ b │ t │ n │ r │ s │ ⇘ │ ´ │   │
├────┬─┴─┬─┴─┬─┴─┬─┴─┬─┴─┬─┴─┬─┴─┬─┴─┬─┴─┬─┴─┬─┴─┬─┴───┴───┤
│  ⇧ │ ⇚ │ k │ ü │ ö │ f │ y │ w │ g │ , │ . │ m │ ⇗       │
├────┼───┴┬──┴─┬─┴───┴───┴───┴───┴───┴─┬─┴──┬┴───┼────┬────┤
│Strg│ Fe │ Alt│      Leerzeichen      │ M4 │ Fe │ Me │Strg│
└────┴────┴────┴───────────────────────┴────┴────┴────┴────┘
# 9.403193987198172 x100 total penalty per letter
# 34.41316001497408 x10 billion total penalty compared to notime-noeffort
# 7.401613366806418 mean key position cost in file 1gramme.txt ( 54.17582696 )
# 11.560241952501437 % finger repeats in file 2gramme.txt ( 55.805992752190946 )
# 12.186645650340974 million keystrokes disbalance of the fingers ( 24.37329130068195 )
# 0.3656233152232674 % finger repeats top to bottom or vice versa ( 8.825062729317104 )
# 1.7570317029800897 % of trigrams have no handswitching (after direction change counted x 1 ) ( 7.771903920575388 )
# 8.183448010483364 billion (rows²/dist)² to cross ( 106.38482413628373 )
# 0.019407598226063028 hand disbalance. Left: 0.480592401773937 %, Right: 0.5194075982260631 % ( 0.5682127023384643 )
# 1.0979192834421578 badly positioned shortcut keys (weighted).
# 12.283097412991527 no handswitching after unbalancing key (weighted).
# 24.402240943889037 movement pattern cost (weighted).
# 0.864305451054139 asymmetric bigram cost (weighted).
# 3.543076077053888 irregularity cost (weighted).
# 20.244295790554037 manually assigned bigram penalty (weighted)
# 10.111475497443955 unbalancing key after neighboring finger (weighted)
# 0.864305451054139 asymmetrc bigrams (weighted)
# 13.680075191924557 inconsistent symmetries of similar keys (weighted)
# 3.543076077053888 irregularity cost for randomly sampled words (weighted).
# Finger load %: 10.1 7.7 13.4 9.4 - 13.8 9.8 9.3 11.0
 
