
# Evolved Layout
jpbgö äüihkqß
rntlm yeuds⇘
zxwcv oa,.f
┌───┬───┬───┬───┬───┬───┬───┬───┬───┬───┬───┬───┬───┬──────┐
│ ^ │ 1 │ 2 │ 3 │ 4 │ 5 │ 6 │ 7 │ 8 │ 9 │ 0 │ - │ ` │ ←    │
├───┴─┬─┴─┬─┴─┬─┴─┬─┴─┬─┴─┬─┴─┬─┴─┬─┴─┬─┴─┬─┴─┬─┴─┬─┴─┬────┤
│   ⇥ │ j │ p │ b │ g │ ö │ ä │ ü │ i │ h │ k │ q │ ß │ Ret│
├─────┴┬──┴┬──┴┬──┴┬──┴┬──┴┬──┴┬──┴┬──┴┬──┴┬──┴┬──┴┬──┴┐   │
│    ⇩ │ r │ n │ t │ l │ m │ y │ e │ u │ d │ s │ ⇘ │ ´ │   │
├────┬─┴─┬─┴─┬─┴─┬─┴─┬─┴─┬─┴─┬─┴─┬─┴─┬─┴─┬─┴─┬─┴─┬─┴───┴───┤
│  ⇧ │ ⇚ │ z │ x │ w │ c │ v │ o │ a │ , │ . │ f │ ⇗       │
├────┼───┴┬──┴─┬─┴───┴───┴───┴───┴───┴─┬─┴──┬┴───┼────┬────┤
│Strg│ Fe │ Alt│      Leerzeichen      │ M4 │ Fe │ Me │Strg│
└────┴────┴────┴───────────────────────┴────┴────┴────┴────┘
# 9.728658808058253 x100 total penalty per letter
# 35.60427369132184 x10 billion total penalty compared to notime-noeffort
# 7.593485403464292 mean key position cost in file 1gramme.txt ( 55.58022702 )
# 11.68162663974212 % finger repeats in file 2gramme.txt ( 56.391966039273804 )
# 14.27675377720806 million keystrokes disbalance of the fingers ( 28.553507554416118 )
# 0.34553572771860264 % finger repeats top to bottom or vice versa ( 8.340207928137206 )
# 2.9169511685978082 % of trigrams have no handswitching (after direction change counted x 1 ) ( 12.90259258549597 )
# 8.455159134380358 billion (rows²/dist)² to cross ( 109.91706874694464 )
# 0.06877684184800076 hand disbalance. Left: 0.43122315815199924 %, Right: 0.5687768418480008 % ( 2.0136378911779094 )
# 0.7319461889614385 badly positioned shortcut keys (weighted).
# 11.920256998371793 no handswitching after unbalancing key (weighted).
# 23.801830296797394 movement pattern cost (weighted).
# 0.8963202884179814 asymmetric bigram cost (weighted).
# 4.120847521640029 irregularity cost (weighted).
# 19.796318938295205 manually assigned bigram penalty (weighted)
# 8.879826926547505 unbalancing key after neighboring finger (weighted)
# 0.8963202884179814 asymmetrc bigrams (weighted)
# 12.196181988741515 inconsistent symmetries of similar keys (weighted)
# 4.120847521640029 irregularity cost for randomly sampled words (weighted).
# Finger load %: 11.3 7.8 7.4 9.8 - 19.9 9.2 7.9 11.1
 
