
# Evolved Layout
ßoyuj zfslwxq
haeip bdrnt⇘
gäükö mc,.v
┌───┬───┬───┬───┬───┬───┬───┬───┬───┬───┬───┬───┬───┬──────┐
│ ^ │ 1 │ 2 │ 3 │ 4 │ 5 │ 6 │ 7 │ 8 │ 9 │ 0 │ - │ ` │ ←    │
├───┴─┬─┴─┬─┴─┬─┴─┬─┴─┬─┴─┬─┴─┬─┴─┬─┴─┬─┴─┬─┴─┬─┴─┬─┴─┬────┤
│   ⇥ │ ß │ o │ y │ u │ j │ z │ f │ s │ l │ w │ x │ q │ Ret│
├─────┴┬──┴┬──┴┬──┴┬──┴┬──┴┬──┴┬──┴┬──┴┬──┴┬──┴┬──┴┬──┴┐   │
│    ⇩ │ h │ a │ e │ i │ p │ b │ d │ r │ n │ t │ ⇘ │ ´ │   │
├────┬─┴─┬─┴─┬─┴─┬─┴─┬─┴─┬─┴─┬─┴─┬─┴─┬─┴─┬─┴─┬─┴─┬─┴───┴───┤
│  ⇧ │ ⇚ │ g │ ä │ ü │ k │ ö │ m │ c │ , │ . │ v │ ⇗       │
├────┼───┴┬──┴─┬─┴───┴───┴───┴───┴───┴─┬─┴──┬┴───┼────┬────┤
│Strg│ Fe │ Alt│      Leerzeichen      │ M4 │ Fe │ Me │Strg│
└────┴────┴────┴───────────────────────┴────┴────┴────┴────┘
# 9.975210116469297 x100 total penalty per letter
# 36.50658514419645 x10 billion total penalty compared to notime-noeffort
# 7.457145785190445 mean key position cost in file 1gramme.txt ( 54.58229438 )
# 11.33833351933355 % finger repeats in file 2gramme.txt ( 54.734750431839906 )
# 12.288283225299484 million keystrokes disbalance of the fingers ( 24.576566450598964 )
# 0.5268165206642502 % finger repeats top to bottom or vice versa ( 12.715788758885818 )
# 1.9800779457327258 % of trigrams have no handswitching (after direction change counted x 1 ) ( 8.758507614509114 )
# 8.395609226756662 billion (rows²/dist)² to cross ( 109.14291994783659 )
# 0.018214217360439378 hand disbalance. Left: 0.4817857826395606 %, Right: 0.5182142173604394 % ( 0.533273079275555 )
# 1.463892377922877 badly positioned shortcut keys (weighted).
# 11.022478018075754 no handswitching after unbalancing key (weighted).
# 28.13816629980397 movement pattern cost (weighted).
# 0.8598337383023813 asymmetric bigram cost (weighted).
# 17.901331170265866 irregularity cost (weighted).
# 19.033180331217686 manually assigned bigram penalty (weighted)
# 10.912269887614793 unbalancing key after neighboring finger (weighted)
# 0.8598337383023813 asymmetrc bigrams (weighted)
# 10.69059895581512 inconsistent symmetries of similar keys (weighted)
# 17.901331170265866 irregularity cost for randomly sampled words (weighted).
# Finger load %: 11.1 7.6 11.5 10.4 - 11.7 10.9 10.6 10.4
 
