
# Evolved Layout
ßploö vkfüxqj
mnriy gtseu⇘
hbzaä wd,.c
┌───┬───┬───┬───┬───┬───┬───┬───┬───┬───┬───┬───┬───┬──────┐
│ ^ │ 1 │ 2 │ 3 │ 4 │ 5 │ 6 │ 7 │ 8 │ 9 │ 0 │ - │ ` │ ←    │
├───┴─┬─┴─┬─┴─┬─┴─┬─┴─┬─┴─┬─┴─┬─┴─┬─┴─┬─┴─┬─┴─┬─┴─┬─┴─┬────┤
│   ⇥ │ ß │ p │ l │ o │ ö │ v │ k │ f │ ü │ x │ q │ j │ Ret│
├─────┴┬──┴┬──┴┬──┴┬──┴┬──┴┬──┴┬──┴┬──┴┬──┴┬──┴┬──┴┬──┴┐   │
│    ⇩ │ m │ n │ r │ i │ y │ g │ t │ s │ e │ u │ ⇘ │ ´ │   │
├────┬─┴─┬─┴─┬─┴─┬─┴─┬─┴─┬─┴─┬─┴─┬─┴─┬─┴─┬─┴─┬─┴─┬─┴───┴───┤
│  ⇧ │ ⇚ │ h │ b │ z │ a │ ä │ w │ d │ , │ . │ c │ ⇗       │
├────┼───┴┬──┴─┬─┴───┴───┴───┴───┴───┴─┬─┴──┬┴───┼────┬────┤
│Strg│ Fe │ Alt│      Leerzeichen      │ M4 │ Fe │ Me │Strg│
└────┴────┴────┴───────────────────────┴────┴────┴────┴────┘
# 9.68137460854843 x100 total penalty per letter
# 35.4312262431753 x10 billion total penalty compared to notime-noeffort
# 7.99498856644542 mean key position cost in file 1gramme.txt ( 58.51901412 )
# 10.03968053241102 % finger repeats in file 2gramme.txt ( 48.465623931409866 )
# 12.014368414698467 million keystrokes disbalance of the fingers ( 24.028736829396934 )
# 0.3925743134162695 % finger repeats top to bottom or vice versa ( 9.475579913993132 )
# 4.892240952540043 % of trigrams have no handswitching (after direction change counted x 1 ) ( 21.639920654224124 )
# 8.442152907387348 billion (rows²/dist)² to cross ( 109.7479877960355 )
# 0.0035265512946552335 hand disbalance. Left: 0.49647344870534477 %, Right: 0.5035265512946552 % ( 0.10324983121199702 )
# 1.0979192834421578 badly positioned shortcut keys (weighted).
# 11.776829740247953 no handswitching after unbalancing key (weighted).
# 25.566956292178975 movement pattern cost (weighted).
# 0.8549635992043658 asymmetric bigram cost (weighted).
# 4.918473740115917 irregularity cost (weighted).
# 18.703399864152864 manually assigned bigram penalty (weighted)
# 11.238050236581962 unbalancing key after neighboring finger (weighted)
# 0.8549635992043658 asymmetrc bigrams (weighted)
# 8.17555659955738 inconsistent symmetries of similar keys (weighted)
# 4.918473740115917 irregularity cost for randomly sampled words (weighted).
# Finger load %: 10.8 9.0 8.5 13.6 - 13.9 7.3 12.5 8.8
 
