
# Evolved Layout
ßdckq öfouüjx
htnrl pseia⇘
gvymz wb,.ä
┌───┬───┬───┬───┬───┬───┬───┬───┬───┬───┬───┬───┬───┬──────┐
│ ^ │ 1 │ 2 │ 3 │ 4 │ 5 │ 6 │ 7 │ 8 │ 9 │ 0 │ - │ ` │ ←    │
├───┴─┬─┴─┬─┴─┬─┴─┬─┴─┬─┴─┬─┴─┬─┴─┬─┴─┬─┴─┬─┴─┬─┴─┬─┴─┬────┤
│   ⇥ │ ß │ d │ c │ k │ q │ ö │ f │ o │ u │ ü │ j │ x │ Ret│
├─────┴┬──┴┬──┴┬──┴┬──┴┬──┴┬──┴┬──┴┬──┴┬──┴┬──┴┬──┴┬──┴┐   │
│    ⇩ │ h │ t │ n │ r │ l │ p │ s │ e │ i │ a │ ⇘ │ ´ │   │
├────┬─┴─┬─┴─┬─┴─┬─┴─┬─┴─┬─┴─┬─┴─┬─┴─┬─┴─┬─┴─┬─┴─┬─┴───┴───┤
│  ⇧ │ ⇚ │ g │ v │ y │ m │ z │ w │ b │ , │ . │ ä │ ⇗       │
├────┼───┴┬──┴─┬─┴───┴───┴───┴───┴───┴─┬─┴──┬┴───┼────┬────┤
│Strg│ Fe │ Alt│      Leerzeichen      │ M4 │ Fe │ Me │Strg│
└────┴────┴────┴───────────────────────┴────┴────┴────┴────┘
# 10.242002330217854 x100 total penalty per letter
# 37.48297286468566 x10 billion total penalty compared to notime-noeffort
# 7.373865490929344 mean key position cost in file 1gramme.txt ( 53.97272744 )
# 11.168651456969027 % finger repeats in file 2gramme.txt ( 53.91562605871703 )
# 11.535418973224445 million keystrokes disbalance of the fingers ( 23.070837946448886 )
# 0.34737859167567975 % finger repeats top to bottom or vice versa ( 8.384689199833108 )
# 2.533320536292189 % of trigrams have no handswitching (after direction change counted x 1 ) ( 11.205673622558711 )
# 8.256582298349127 billion (rows²/dist)² to cross ( 107.33556987853864 )
# 0.020782064676573064 hand disbalance. Left: 0.47921793532342694 %, Right: 0.5207820646765731 % ( 0.6084541215507114 )
# 0.7319461889614385 badly positioned shortcut keys (weighted).
# 12.492579463529445 no handswitching after unbalancing key (weighted).
# 33.4250777915424 movement pattern cost (weighted).
# 0.8664857213486696 asymmetric bigram cost (weighted).
# 27.297945433820576 irregularity cost (weighted).
# 16.561457757031985 manually assigned bigram penalty (weighted)
# 11.280582831050426 unbalancing key after neighboring finger (weighted)
# 0.8664857213486696 asymmetrc bigrams (weighted)
# 13.680075191924557 inconsistent symmetries of similar keys (weighted)
# 27.297945433820576 irregularity cost for randomly sampled words (weighted).
# Finger load %: 10.8 9.0 9.0 11.6 - 10.7 14.7 9.4 9.2
 
