
# Evolved Layout
özaxj üdufkvß
crenä wgish⇘
myolq pt,.b
┌───┬───┬───┬───┬───┬───┬───┬───┬───┬───┬───┬───┬───┬──────┐
│ ^ │ 1 │ 2 │ 3 │ 4 │ 5 │ 6 │ 7 │ 8 │ 9 │ 0 │ - │ ` │ ←    │
├───┴─┬─┴─┬─┴─┬─┴─┬─┴─┬─┴─┬─┴─┬─┴─┬─┴─┬─┴─┬─┴─┬─┴─┬─┴─┬────┤
│   ⇥ │ ö │ z │ a │ x │ j │ ü │ d │ u │ f │ k │ v │ ß │ Ret│
├─────┴┬──┴┬──┴┬──┴┬──┴┬──┴┬──┴┬──┴┬──┴┬──┴┬──┴┬──┴┬──┴┐   │
│    ⇩ │ c │ r │ e │ n │ ä │ w │ g │ i │ s │ h │ ⇘ │ ´ │   │
├────┬─┴─┬─┴─┬─┴─┬─┴─┬─┴─┬─┴─┬─┴─┬─┴─┬─┴─┬─┴─┬─┴─┬─┴───┴───┤
│  ⇧ │ ⇚ │ m │ y │ o │ l │ q │ p │ t │ , │ . │ b │ ⇗       │
├────┼───┴┬──┴─┬─┴───┴───┴───┴───┴───┴─┬─┴──┬┴───┼────┬────┤
│Strg│ Fe │ Alt│      Leerzeichen      │ M4 │ Fe │ Me │Strg│
└────┴────┴────┴───────────────────────┴────┴────┴────┴────┘
# 10.043717755343426 x100 total penalty per letter
# 36.757304670139774 x10 billion total penalty compared to notime-noeffort
# 7.913061956396277 mean key position cost in file 1gramme.txt ( 57.91935542 )
# 11.425792210788115 % finger repeats in file 2gramme.txt ( 55.156949129884744 )
# 12.329950805337203 million keystrokes disbalance of the fingers ( 24.659901610674407 )
# 0.5848295109558815 % finger repeats top to bottom or vice versa ( 14.116050331718714 )
# 3.537446938623772 % of trigrams have no handswitching (after direction change counted x 1 ) ( 15.647240561731081 )
# 8.318794691848792 billion (rows²/dist)² to cross ( 108.1443309940343 )
# 0.026281304749500967 hand disbalance. Left: 0.526281304749501 %, Right: 0.473718695250499 % ( 0.7694600340932555 )
# 0.36597309448071924 badly positioned shortcut keys (weighted).
# 11.098544943984505 no handswitching after unbalancing key (weighted).
# 36.75932362127158 movement pattern cost (weighted).
# 0.8644032471491023 asymmetric bigram cost (weighted).
# 4.984912353166082 irregularity cost (weighted).
# 16.668025015045558 manually assigned bigram penalty (weighted)
# 11.961363040815947 unbalancing key after neighboring finger (weighted)
# 0.8644032471491023 asymmetrc bigrams (weighted)
# 8.45721330334785 inconsistent symmetries of similar keys (weighted)
# 4.984912353166082 irregularity cost for randomly sampled words (weighted).
# Finger load %: 10.2 6.3 17.9 10.1 - 13.5 9.2 7.5 9.8
 
