
# Evolved Layout
jbugq öädlzxß
hnemw yitrs⇘
fpücv oa,.k
┌───┬───┬───┬───┬───┬───┬───┬───┬───┬───┬───┬───┬───┬──────┐
│ ^ │ 1 │ 2 │ 3 │ 4 │ 5 │ 6 │ 7 │ 8 │ 9 │ 0 │ - │ ` │ ←    │
├───┴─┬─┴─┬─┴─┬─┴─┬─┴─┬─┴─┬─┴─┬─┴─┬─┴─┬─┴─┬─┴─┬─┴─┬─┴─┬────┤
│   ⇥ │ j │ b │ u │ g │ q │ ö │ ä │ d │ l │ z │ x │ ß │ Ret│
├─────┴┬──┴┬──┴┬──┴┬──┴┬──┴┬──┴┬──┴┬──┴┬──┴┬──┴┬──┴┬──┴┐   │
│    ⇩ │ h │ n │ e │ m │ w │ y │ i │ t │ r │ s │ ⇘ │ ´ │   │
├────┬─┴─┬─┴─┬─┴─┬─┴─┬─┴─┬─┴─┬─┴─┬─┴─┬─┴─┬─┴─┬─┴─┬─┴───┴───┤
│  ⇧ │ ⇚ │ f │ p │ ü │ c │ v │ o │ a │ , │ . │ k │ ⇗       │
├────┼───┴┬──┴─┬─┴───┴───┴───┴───┴───┴─┬─┴──┬┴───┼────┬────┤
│Strg│ Fe │ Alt│      Leerzeichen      │ M4 │ Fe │ Me │Strg│
└────┴────┴────┴───────────────────────┴────┴────┴────┴────┘
# 10.230847295286452 x100 total penalty per letter
# 37.4421484381568 x10 billion total penalty compared to notime-noeffort
# 7.564153173412704 mean key position cost in file 1gramme.txt ( 55.36553088 )
# 10.39391419744782 % finger repeats in file 2gramme.txt ( 50.175654000404066 )
# 12.077488244068187 million keystrokes disbalance of the fingers ( 24.15497648813637 )
# 0.3081252374443715 % finger repeats top to bottom or vice versa ( 7.437229617787956 )
# 5.584257188367256 % of trigrams have no handswitching (after direction change counted x 1 ) ( 24.700926148436473 )
# 8.476336345911033 billion (rows²/dist)² to cross ( 110.19237249684343 )
# 0.015621415050135867 hand disbalance. Left: 0.48437858494986413 %, Right: 0.5156214150501359 % ( 0.4573614084852723 )
# 1.463892377922877 badly positioned shortcut keys (weighted).
# 12.018029347029852 no handswitching after unbalancing key (weighted).
# 38.66799086431177 movement pattern cost (weighted).
# 0.8916891293730339 asymmetric bigram cost (weighted).
# 7.054218112238303 irregularity cost (weighted).
# 19.401036177660853 manually assigned bigram penalty (weighted)
# 13.166718669711095 unbalancing key after neighboring finger (weighted)
# 0.8916891293730339 asymmetrc bigrams (weighted)
# 9.273858663226633 inconsistent symmetries of similar keys (weighted)
# 7.054218112238303 irregularity cost for randomly sampled words (weighted).
# Finger load %: 10.1 9.0 13.6 8.1 - 14.4 9.3 9.3 10.5
 
