
# Evolved Layout
joakq xmrdfvß
ueigz pnstc⇘
öäühy wl,.b
┌───┬───┬───┬───┬───┬───┬───┬───┬───┬───┬───┬───┬───┬──────┐
│ ^ │ 1 │ 2 │ 3 │ 4 │ 5 │ 6 │ 7 │ 8 │ 9 │ 0 │ - │ ` │ ←    │
├───┴─┬─┴─┬─┴─┬─┴─┬─┴─┬─┴─┬─┴─┬─┴─┬─┴─┬─┴─┬─┴─┬─┴─┬─┴─┬────┤
│   ⇥ │ j │ o │ a │ k │ q │ x │ m │ r │ d │ f │ v │ ß │ Ret│
├─────┴┬──┴┬──┴┬──┴┬──┴┬──┴┬──┴┬──┴┬──┴┬──┴┬──┴┬──┴┬──┴┐   │
│    ⇩ │ u │ e │ i │ g │ z │ p │ n │ s │ t │ c │ ⇘ │ ´ │   │
├────┬─┴─┬─┴─┬─┴─┬─┴─┬─┴─┬─┴─┬─┴─┬─┴─┬─┴─┬─┴─┬─┴─┬─┴───┴───┤
│  ⇧ │ ⇚ │ ö │ ä │ ü │ h │ y │ w │ l │ , │ . │ b │ ⇗       │
├────┼───┴┬──┴─┬─┴───┴───┴───┴───┴───┴─┬─┴──┬┴───┼────┬────┤
│Strg│ Fe │ Alt│      Leerzeichen      │ M4 │ Fe │ Me │Strg│
└────┴────┴────┴───────────────────────┴────┴────┴────┴────┘
# 9.788645672816223 x100 total penalty per letter
# 35.82380947655855 x10 billion total penalty compared to notime-noeffort
# 7.4197887903561695 mean key position cost in file 1gramme.txt ( 54.30886128 )
# 13.957731186604176 % finger repeats in file 2gramme.txt ( 67.37964902785761 )
# 11.051538386918828 million keystrokes disbalance of the fingers ( 22.103076773837653 )
# 0.5339616110153597 % finger repeats top to bottom or vice versa ( 12.888250054240228 )
# 2.024464151499687 % of trigrams have no handswitching (after direction change counted x 1 ) ( 8.954841764902996 )
# 8.209068812966203 billion (rows²/dist)² to cross ( 106.71789456856065 )
# 0.022132159464289203 hand disbalance. Left: 0.4778678405357108 %, Right: 0.5221321594642893 % ( 0.6479819909349326 )
# 1.463892377922877 badly positioned shortcut keys (weighted).
# 12.764639727132849 no handswitching after unbalancing key (weighted).
# 30.290709947193843 movement pattern cost (weighted).
# 0.8778860795298702 asymmetric bigram cost (weighted).
# 3.2902811139112655 irregularity cost (weighted).
# 15.432986137027056 manually assigned bigram penalty (weighted)
# 11.457694119793297 unbalancing key after neighboring finger (weighted)
# 0.8778860795298702 asymmetrc bigrams (weighted)
# 9.659449802740426 inconsistent symmetries of similar keys (weighted)
# 3.2902811139112655 irregularity cost for randomly sampled words (weighted).
# Finger load %: 8.7 14.0 10.2 7.5 - 14.4 10.9 9.5 9.2
 
