
# Evolved Layout
älcpö qfoazjß
urntm kseih⇘
vxbdü wg,.y
┌───┬───┬───┬───┬───┬───┬───┬───┬───┬───┬───┬───┬───┬──────┐
│ ^ │ 1 │ 2 │ 3 │ 4 │ 5 │ 6 │ 7 │ 8 │ 9 │ 0 │ - │ ` │ ←    │
├───┴─┬─┴─┬─┴─┬─┴─┬─┴─┬─┴─┬─┴─┬─┴─┬─┴─┬─┴─┬─┴─┬─┴─┬─┴─┬────┤
│   ⇥ │ ä │ l │ c │ p │ ö │ q │ f │ o │ a │ z │ j │ ß │ Ret│
├─────┴┬──┴┬──┴┬──┴┬──┴┬──┴┬──┴┬──┴┬──┴┬──┴┬──┴┬──┴┬──┴┐   │
│    ⇩ │ u │ r │ n │ t │ m │ k │ s │ e │ i │ h │ ⇘ │ ´ │   │
├────┬─┴─┬─┴─┬─┴─┬─┴─┬─┴─┬─┴─┬─┴─┬─┴─┬─┴─┬─┴─┬─┴─┬─┴───┴───┤
│  ⇧ │ ⇚ │ v │ x │ b │ d │ ü │ w │ g │ , │ . │ y │ ⇗       │
├────┼───┴┬──┴─┬─┴───┴───┴───┴───┴───┴─┬─┴──┬┴───┼────┬────┤
│Strg│ Fe │ Alt│      Leerzeichen      │ M4 │ Fe │ Me │Strg│
└────┴────┴────┴───────────────────────┴────┴────┴────┴────┘
# 9.633799073010191 x100 total penalty per letter
# 35.257112583550246 x10 billion total penalty compared to notime-noeffort
# 7.3079045654841215 mean key position cost in file 1gramme.txt ( 53.48992896 )
# 12.443045179639457 % finger repeats in file 2gramme.txt ( 60.0676432174405 )
# 9.96229737169124 million keystrokes disbalance of the fingers ( 19.92459474338248 )
# 0.3358921131042049 % finger repeats top to bottom or vice versa ( 8.107439665376257 )
# 3.1337601158800403 % of trigrams have no handswitching (after direction change counted x 1 ) ( 13.861606759537711 )
# 8.279986374408606 billion (rows²/dist)² to cross ( 107.63982286731189 )
# 0.03844906068488213 hand disbalance. Left: 0.46155093931511787 %, Right: 0.5384490606848822 % ( 1.125705737497862 )
# 0.36597309448071924 badly positioned shortcut keys (weighted).
# 10.721669226854145 no handswitching after unbalancing key (weighted).
# 32.85290649742028 movement pattern cost (weighted).
# 0.8720262951591432 asymmetric bigram cost (weighted).
# 3.3965591260740475 irregularity cost (weighted).
# 15.326916099790726 manually assigned bigram penalty (weighted)
# 12.970961170820342 unbalancing key after neighboring finger (weighted)
# 0.8720262951591432 asymmetrc bigrams (weighted)
# 11.847372374356489 inconsistent symmetries of similar keys (weighted)
# 3.3965591260740475 irregularity cost for randomly sampled words (weighted).
# Finger load %: 9.0 8.2 10.0 11.6 - 11.2 14.7 11.3 8.2
 
