
# Evolved Layout
üombw qädlzßj
hesnf yitrg⇘
uökpx va,.c
┌───┬───┬───┬───┬───┬───┬───┬───┬───┬───┬───┬───┬───┬──────┐
│ ^ │ 1 │ 2 │ 3 │ 4 │ 5 │ 6 │ 7 │ 8 │ 9 │ 0 │ - │ ` │ ←    │
├───┴─┬─┴─┬─┴─┬─┴─┬─┴─┬─┴─┬─┴─┬─┴─┬─┴─┬─┴─┬─┴─┬─┴─┬─┴─┬────┤
│   ⇥ │ ü │ o │ m │ b │ w │ q │ ä │ d │ l │ z │ ß │ j │ Ret│
├─────┴┬──┴┬──┴┬──┴┬──┴┬──┴┬──┴┬──┴┬──┴┬──┴┬──┴┬──┴┬──┴┐   │
│    ⇩ │ h │ e │ s │ n │ f │ y │ i │ t │ r │ g │ ⇘ │ ´ │   │
├────┬─┴─┬─┴─┬─┴─┬─┴─┬─┴─┬─┴─┬─┴─┬─┴─┬─┴─┬─┴─┬─┴─┬─┴───┴───┤
│  ⇧ │ ⇚ │ u │ ö │ k │ p │ x │ v │ a │ , │ . │ c │ ⇗       │
├────┼───┴┬──┴─┬─┴───┴───┴───┴───┴───┴─┬─┴──┬┴───┼────┬────┤
│Strg│ Fe │ Alt│      Leerzeichen      │ M4 │ Fe │ Me │Strg│
└────┴────┴────┴───────────────────────┴────┴────┴────┴────┘
# 9.974359057957301 x100 total penalty per letter
# 36.503470499024246 x10 billion total penalty compared to notime-noeffort
# 7.64663719055837 mean key position cost in file 1gramme.txt ( 55.9692695 )
# 9.529554467696128 % finger repeats in file 2gramme.txt ( 46.00303780326893 )
# 12.411392296136526 million keystrokes disbalance of the fingers ( 24.822784592273052 )
# 0.3360102116064124 % finger repeats top to bottom or vice versa ( 8.110290213048751 )
# 4.778655149112751 % of trigrams have no handswitching (after direction change counted x 1 ) ( 21.13749491570102 )
# 8.730095841695697 billion (rows²/dist)² to cross ( 113.49124594204405 )
# 0.025051001697705355 hand disbalance. Left: 0.5250510016977054 %, Right: 0.4749489983022946 % ( 0.7334394088920784 )
# 1.463892377922877 badly positioned shortcut keys (weighted).
# 14.362809310283685 no handswitching after unbalancing key (weighted).
# 35.24436387216694 movement pattern cost (weighted).
# 0.8607216566038839 asymmetric bigram cost (weighted).
# 3.412195077072424 irregularity cost (weighted).
# 17.981367727462032 manually assigned bigram penalty (weighted)
# 9.949639973194193 unbalancing key after neighboring finger (weighted)
# 0.8607216566038839 asymmetrc bigrams (weighted)
# 11.492152620308493 inconsistent symmetries of similar keys (weighted)
# 3.412195077072424 irregularity cost for randomly sampled words (weighted).
# Finger load %: 11.2 13.8 7.6 11.7 - 12.3 9.3 9.3 9.2
 
