
# Evolved Layout
übygß öälmfjq
unetk zirsh⇘
cvxdp oa,.w
┌───┬───┬───┬───┬───┬───┬───┬───┬───┬───┬───┬───┬───┬──────┐
│ ^ │ 1 │ 2 │ 3 │ 4 │ 5 │ 6 │ 7 │ 8 │ 9 │ 0 │ - │ ` │ ←    │
├───┴─┬─┴─┬─┴─┬─┴─┬─┴─┬─┴─┬─┴─┬─┴─┬─┴─┬─┴─┬─┴─┬─┴─┬─┴─┬────┤
│   ⇥ │ ü │ b │ y │ g │ ß │ ö │ ä │ l │ m │ f │ j │ q │ Ret│
├─────┴┬──┴┬──┴┬──┴┬──┴┬──┴┬──┴┬──┴┬──┴┬──┴┬──┴┬──┴┬──┴┐   │
│    ⇩ │ u │ n │ e │ t │ k │ z │ i │ r │ s │ h │ ⇘ │ ´ │   │
├────┬─┴─┬─┴─┬─┴─┬─┴─┬─┴─┬─┴─┬─┴─┬─┴─┬─┴─┬─┴─┬─┴─┬─┴───┴───┤
│  ⇧ │ ⇚ │ c │ v │ x │ d │ p │ o │ a │ , │ . │ w │ ⇗       │
├────┼───┴┬──┴─┬─┴───┴───┴───┴───┴───┴─┬─┴──┬┴───┼────┬────┤
│Strg│ Fe │ Alt│      Leerzeichen      │ M4 │ Fe │ Me │Strg│
└────┴────┴────┴───────────────────────┴────┴────┴────┴────┘
# 10.046055798121031 x100 total penalty per letter
# 36.76586127764325 x10 billion total penalty compared to notime-noeffort
# 7.708479826919695 mean key position cost in file 1gramme.txt ( 56.42192432 )
# 10.442661575285989 % finger repeats in file 2gramme.txt ( 50.41097743269058 )
# 11.632541466412732 million keystrokes disbalance of the fingers ( 23.265082932825464 )
# 0.3530270287897294 % finger repeats top to bottom or vice versa ( 8.521025723732444 )
# 4.857246437261153 % of trigrams have no handswitching (after direction change counted x 1 ) ( 21.485128905143355 )
# 8.701913800460451 billion (rows²/dist)² to cross ( 113.12487940598587 )
# 0.009225211939826616 hand disbalance. Left: 0.5092252119398266 %, Right: 0.4907747880601734 % ( 0.27009434886870604 )
# 0.36597309448071924 badly positioned shortcut keys (weighted).
# 12.372286291108074 no handswitching after unbalancing key (weighted).
# 35.131497771447 movement pattern cost (weighted).
# 0.8764922053370754 asymmetric bigram cost (weighted).
# 3.378283033468756 irregularity cost (weighted).
# 18.673398080467567 manually assigned bigram penalty (weighted)
# 12.618909059852617 unbalancing key after neighboring finger (weighted)
# 0.8764922053370754 asymmetrc bigrams (weighted)
# 10.742660171024266 inconsistent symmetries of similar keys (weighted)
# 3.378283033468756 irregularity cost for randomly sampled words (weighted).
# Finger load %: 10.5 8.7 11.4 12.4 - 14.6 9.1 8.0 9.8
 
