
# Evolved Layout
jaovq wgclxzß
miehu btnrs⇘
yäöpü fd,.k
┌───┬───┬───┬───┬───┬───┬───┬───┬───┬───┬───┬───┬───┬──────┐
│ ^ │ 1 │ 2 │ 3 │ 4 │ 5 │ 6 │ 7 │ 8 │ 9 │ 0 │ - │ ` │ ←    │
├───┴─┬─┴─┬─┴─┬─┴─┬─┴─┬─┴─┬─┴─┬─┴─┬─┴─┬─┴─┬─┴─┬─┴─┬─┴─┬────┤
│   ⇥ │ j │ a │ o │ v │ q │ w │ g │ c │ l │ x │ z │ ß │ Ret│
├─────┴┬──┴┬──┴┬──┴┬──┴┬──┴┬──┴┬──┴┬──┴┬──┴┬──┴┬──┴┬──┴┐   │
│    ⇩ │ m │ i │ e │ h │ u │ b │ t │ n │ r │ s │ ⇘ │ ´ │   │
├────┬─┴─┬─┴─┬─┴─┬─┴─┬─┴─┬─┴─┬─┴─┬─┴─┬─┴─┬─┴─┬─┴─┬─┴───┴───┤
│  ⇧ │ ⇚ │ y │ ä │ ö │ p │ ü │ f │ d │ , │ . │ k │ ⇗       │
├────┼───┴┬──┴─┬─┴───┴───┴───┴───┴───┴─┬─┴──┬┴───┼────┬────┤
│Strg│ Fe │ Alt│      Leerzeichen      │ M4 │ Fe │ Me │Strg│
└────┴────┴────┴───────────────────────┴────┴────┴────┴────┘
# 9.54910175976367 x100 total penalty per letter
# 34.947143205319925 x10 billion total penalty compared to notime-noeffort
# 7.403413346121659 mean key position cost in file 1gramme.txt ( 54.18900184 )
# 11.55687626564436 % finger repeats in file 2gramme.txt ( 55.789745211947086 )
# 10.975966647855422 million keystrokes disbalance of the fingers ( 21.95193329571084 )
# 0.35408477830301127 % finger repeats top to bottom or vice versa ( 8.546556660677526 )
# 2.317157739858542 % of trigrams have no handswitching (after direction change counted x 1 ) ( 10.24951757697583 )
# 8.305500674835912 billion (rows²/dist)² to cross ( 107.97150877286687 )
# 0.023716216399117362 hand disbalance. Left: 0.47628378360088264 %, Right: 0.5237162163991174 % ( 0.6943597683967491 )
# 1.0979192834421578 badly positioned shortcut keys (weighted).
# 14.36833653220694 no handswitching after unbalancing key (weighted).
# 29.328161688992903 movement pattern cost (weighted).
# 0.8653140891038729 asymmetric bigram cost (weighted).
# 2.982904339452184 irregularity cost (weighted).
# 18.68272187092104 manually assigned bigram penalty (weighted)
# 11.677261027176302 unbalancing key after neighboring finger (weighted)
# 0.8653140891038729 asymmetrc bigrams (weighted)
# 11.07619009532891 inconsistent symmetries of similar keys (weighted)
# 2.982904339452184 irregularity cost for randomly sampled words (weighted).
# Finger load %: 8.2 10.4 13.6 7.9 - 15.0 9.8 9.3 10.1
 
