
# Evolved Layout
ßyoxj vfgdpkq
uearz lnsth⇘
cäüiö wm,.b
┌───┬───┬───┬───┬───┬───┬───┬───┬───┬───┬───┬───┬───┬──────┐
│ ^ │ 1 │ 2 │ 3 │ 4 │ 5 │ 6 │ 7 │ 8 │ 9 │ 0 │ - │ ` │ ←    │
├───┴─┬─┴─┬─┴─┬─┴─┬─┴─┬─┴─┬─┴─┬─┴─┬─┴─┬─┴─┬─┴─┬─┴─┬─┴─┬────┤
│   ⇥ │ ß │ y │ o │ x │ j │ v │ f │ g │ d │ p │ k │ q │ Ret│
├─────┴┬──┴┬──┴┬──┴┬──┴┬──┴┬──┴┬──┴┬──┴┬──┴┬──┴┬──┴┬──┴┐   │
│    ⇩ │ u │ e │ a │ r │ z │ l │ n │ s │ t │ h │ ⇘ │ ´ │   │
├────┬─┴─┬─┴─┬─┴─┬─┴─┬─┴─┬─┴─┬─┴─┬─┴─┬─┴─┬─┴─┬─┴─┬─┴───┴───┤
│  ⇧ │ ⇚ │ c │ ä │ ü │ i │ ö │ w │ m │ , │ . │ b │ ⇗       │
├────┼───┴┬──┴─┬─┴───┴───┴───┴───┴───┴─┬─┴──┬┴───┼────┬────┤
│Strg│ Fe │ Alt│      Leerzeichen      │ M4 │ Fe │ Me │Strg│
└────┴────┴────┴───────────────────────┴────┴────┴────┴────┘
# 9.881252762506314 x100 total penalty per letter
# 36.16272650840592 x10 billion total penalty compared to notime-noeffort
# 7.572140588455189 mean key position cost in file 1gramme.txt ( 55.42399446 )
# 14.312897880324787 % finger repeats in file 2gramme.txt ( 69.09418320603744 )
# 12.59633619898892 million keystrokes disbalance of the fingers ( 25.19267239797784 )
# 0.3553956923528834 % finger repeats top to bottom or vice versa ( 8.57819823888432 )
# 2.1526235368427447 % of trigrams have no handswitching (after direction change counted x 1 ) ( 9.521731040558558 )
# 8.287556150145907 billion (rows²/dist)² to cross ( 107.73822995189678 )
# 0.003817190894144562 hand disbalance. Left: 0.49618280910585544 %, Right: 0.5038171908941446 % ( 0.11175913310029673 )
# 0.7319461889614385 badly positioned shortcut keys (weighted).
# 13.663056669286323 no handswitching after unbalancing key (weighted).
# 24.379453586512398 movement pattern cost (weighted).
# 0.8776372934995467 asymmetric bigram cost (weighted).
# 6.762752538172079 irregularity cost (weighted).
# 18.178620013404377 manually assigned bigram penalty (weighted)
# 10.979179809128581 unbalancing key after neighboring finger (weighted)
# 0.8776372934995467 asymmetrc bigrams (weighted)
# 10.39385055663924 inconsistent symmetries of similar keys (weighted)
# 6.762752538172079 irregularity cost for randomly sampled words (weighted).
# Finger load %: 10.9 11.7 7.5 11.8 - 15.3 7.9 9.5 9.8
 
