
# Evolved Layout
zoyuj gbrmwqß
haeiü ftlsn⇘
kxävö cd,.p
┌───┬───┬───┬───┬───┬───┬───┬───┬───┬───┬───┬───┬───┬──────┐
│ ^ │ 1 │ 2 │ 3 │ 4 │ 5 │ 6 │ 7 │ 8 │ 9 │ 0 │ - │ ` │ ←    │
├───┴─┬─┴─┬─┴─┬─┴─┬─┴─┬─┴─┬─┴─┬─┴─┬─┴─┬─┴─┬─┴─┬─┴─┬─┴─┬────┤
│   ⇥ │ z │ o │ y │ u │ j │ g │ b │ r │ m │ w │ q │ ß │ Ret│
├─────┴┬──┴┬──┴┬──┴┬──┴┬──┴┬──┴┬──┴┬──┴┬──┴┬──┴┬──┴┬──┴┐   │
│    ⇩ │ h │ a │ e │ i │ ü │ f │ t │ l │ s │ n │ ⇘ │ ´ │   │
├────┬─┴─┬─┴─┬─┴─┬─┴─┬─┴─┬─┴─┬─┴─┬─┴─┬─┴─┬─┴─┬─┴─┬─┴───┴───┤
│  ⇧ │ ⇚ │ k │ x │ ä │ v │ ö │ c │ d │ , │ . │ p │ ⇗       │
├────┼───┴┬──┴─┬─┴───┴───┴───┴───┴───┴─┬─┴──┬┴───┼────┬────┤
│Strg│ Fe │ Alt│      Leerzeichen      │ M4 │ Fe │ Me │Strg│
└────┴────┴────┴───────────────────────┴────┴────┴────┴────┘
# 9.657608127219428 x100 total penalty per letter
# 35.34424731600638 x10 billion total penalty compared to notime-noeffort
# 7.6430549682044004 mean key position cost in file 1gramme.txt ( 55.94304956 )
# 8.652765194620411 % finger repeats in file 2gramme.txt ( 41.77041914186845 )
# 13.693880496689271 million keystrokes disbalance of the fingers ( 27.387760993378542 )
# 0.4110723335989329 % finger repeats top to bottom or vice versa ( 9.922067273204597 )
# 1.727922888268326 % of trigrams have no handswitching (after direction change counted x 1 ) ( 7.64314647653044 )
# 8.458311030946497 billion (rows²/dist)² to cross ( 109.95804340230447 )
# 0.03537344565801431 hand disbalance. Left: 0.4646265543419857 %, Right: 0.5353734456580144 % ( 1.035658349592725 )
# 0.7319461889614385 badly positioned shortcut keys (weighted).
# 13.079901308214598 no handswitching after unbalancing key (weighted).
# 23.106686664963068 movement pattern cost (weighted).
# 0.8844069526654981 asymmetric bigram cost (weighted).
# 15.99444467287337 irregularity cost (weighted).
# 20.330760180558375 manually assigned bigram penalty (weighted)
# 13.525152916801316 unbalancing key after neighboring finger (weighted)
# 0.8844069526654981 asymmetrc bigrams (weighted)
# 12.129029078146957 inconsistent symmetries of similar keys (weighted)
# 15.99444467287337 irregularity cost for randomly sampled words (weighted).
# Finger load %: 10.8 7.5 11.5 9.4 - 16.0 9.1 8.0 12.1
 
