
# Evolved Layout
jpacä öfouküß
rnitg mselh⇘
yzxbq wd,.v
┌───┬───┬───┬───┬───┬───┬───┬───┬───┬───┬───┬───┬───┬──────┐
│ ^ │ 1 │ 2 │ 3 │ 4 │ 5 │ 6 │ 7 │ 8 │ 9 │ 0 │ - │ ` │ ←    │
├───┴─┬─┴─┬─┴─┬─┴─┬─┴─┬─┴─┬─┴─┬─┴─┬─┴─┬─┴─┬─┴─┬─┴─┬─┴─┬────┤
│   ⇥ │ j │ p │ a │ c │ ä │ ö │ f │ o │ u │ k │ ü │ ß │ Ret│
├─────┴┬──┴┬──┴┬──┴┬──┴┬──┴┬──┴┬──┴┬──┴┬──┴┬──┴┬──┴┬──┴┐   │
│    ⇩ │ r │ n │ i │ t │ g │ m │ s │ e │ l │ h │ ⇘ │ ´ │   │
├────┬─┴─┬─┴─┬─┴─┬─┴─┬─┴─┬─┴─┬─┴─┬─┴─┬─┴─┬─┴─┬─┴─┬─┴───┴───┤
│  ⇧ │ ⇚ │ y │ z │ x │ b │ q │ w │ d │ , │ . │ v │ ⇗       │
├────┼───┴┬──┴─┬─┴───┴───┴───┴───┴───┴─┬─┴──┬┴───┼────┬────┤
│Strg│ Fe │ Alt│      Leerzeichen      │ M4 │ Fe │ Me │Strg│
└────┴────┴────┴───────────────────────┴────┴────┴────┴────┘
# 10.154426812719866 x100 total penalty per letter
# 37.16247003329077 x10 billion total penalty compared to notime-noeffort
# 7.12262522112081 mean key position cost in file 1gramme.txt ( 52.13378386 )
# 13.399713751610342 % finger repeats in file 2gramme.txt ( 64.68587176430096 )
# 11.99591216587889 million keystrokes disbalance of the fingers ( 23.991824331757783 )
# 0.3248453060599696 % finger repeats top to bottom or vice versa ( 7.840802497928366 )
# 3.822230460939888 % of trigrams have no handswitching (after direction change counted x 1 ) ( 16.906927663477685 )
# 8.45457968912444 billion (rows²/dist)² to cross ( 109.90953595861771 )
# 0.019725035029810045 hand disbalance. Left: 0.48027496497018995 %, Right: 0.51972503502981 % ( 0.5775065686880135 )
# 0.36597309448071924 badly positioned shortcut keys (weighted).
# 12.616741776803376 no handswitching after unbalancing key (weighted).
# 30.58968321650346 movement pattern cost (weighted).
# 0.8839221773602663 asymmetric bigram cost (weighted).
# 11.226406743533156 irregularity cost (weighted).
# 16.726556401627107 manually assigned bigram penalty (weighted)
# 14.711950974481164 unbalancing key after neighboring finger (weighted)
# 0.8839221773602663 asymmetrc bigrams (weighted)
# 8.45721330334785 inconsistent symmetries of similar keys (weighted)
# 11.226406743533156 irregularity cost for randomly sampled words (weighted).
# Finger load %: 11.2 8.3 10.1 10.9 - 13.4 14.7 6.7 9.0
 
