
# Evolved Layout
ämogö qbalzßj
uhetk fnirs⇘
vyüdx pc,.w
┌───┬───┬───┬───┬───┬───┬───┬───┬───┬───┬───┬───┬───┬──────┐
│ ^ │ 1 │ 2 │ 3 │ 4 │ 5 │ 6 │ 7 │ 8 │ 9 │ 0 │ - │ ` │ ←    │
├───┴─┬─┴─┬─┴─┬─┴─┬─┴─┬─┴─┬─┴─┬─┴─┬─┴─┬─┴─┬─┴─┬─┴─┬─┴─┬────┤
│   ⇥ │ ä │ m │ o │ g │ ö │ q │ b │ a │ l │ z │ ß │ j │ Ret│
├─────┴┬──┴┬──┴┬──┴┬──┴┬──┴┬──┴┬──┴┬──┴┬──┴┬──┴┬──┴┬──┴┐   │
│    ⇩ │ u │ h │ e │ t │ k │ f │ n │ i │ r │ s │ ⇘ │ ´ │   │
├────┬─┴─┬─┴─┬─┴─┬─┴─┬─┴─┬─┴─┬─┴─┬─┴─┬─┴─┬─┴─┬─┴─┬─┴───┴───┤
│  ⇧ │ ⇚ │ v │ y │ ü │ d │ x │ p │ c │ , │ . │ w │ ⇗       │
├────┼───┴┬──┴─┬─┴───┴───┴───┴───┴───┴─┬─┴──┬┴───┼────┬────┤
│Strg│ Fe │ Alt│      Leerzeichen      │ M4 │ Fe │ Me │Strg│
└────┴────┴────┴───────────────────────┴────┴────┴────┴────┘
# 9.730561613820045 x100 total penalty per letter
# 35.61123744845023 x10 billion total penalty compared to notime-noeffort
# 7.229396777798888 mean key position cost in file 1gramme.txt ( 52.9152942 )
# 10.855677813327787 % finger repeats in file 2gramme.txt ( 52.40477490521756 )
# 11.335875305585871 million keystrokes disbalance of the fingers ( 22.671750611171742 )
# 0.3971920388880648 % finger repeats top to bottom or vice versa ( 9.5870381149847 )
# 4.090184178110912 % of trigrams have no handswitching (after direction change counted x 1 ) ( 18.092171243022715 )
# 8.13722992289121 billion (rows²/dist)² to cross ( 105.78398899758572 )
# 0.02287499431182316 hand disbalance. Left: 0.47712500568817684 %, Right: 0.5228749943118232 % ( 0.6697305963621418 )
# 1.0979192834421578 badly positioned shortcut keys (weighted).
# 11.617023017355535 no handswitching after unbalancing key (weighted).
# 31.327884484212472 movement pattern cost (weighted).
# 0.8846035195348025 asymmetric bigram cost (weighted).
# 3.6067973180928563 irregularity cost (weighted).
# 18.40480786089886 manually assigned bigram penalty (weighted)
# 10.379038904587068 unbalancing key after neighboring finger (weighted)
# 0.8846035195348025 asymmetrc bigrams (weighted)
# 16.669551428033994 inconsistent symmetries of similar keys (weighted)
# 3.6067973180928563 irregularity cost for randomly sampled words (weighted).
# Finger load %: 9.1 5.7 13.8 11.6 - 13.4 11.1 9.3 10.3
 
