
# Evolved Layout
jfuüq xplaäzß
mnhey gtris⇘
cwvoö bd,.k
┌───┬───┬───┬───┬───┬───┬───┬───┬───┬───┬───┬───┬───┬──────┐
│ ^ │ 1 │ 2 │ 3 │ 4 │ 5 │ 6 │ 7 │ 8 │ 9 │ 0 │ - │ ` │ ←    │
├───┴─┬─┴─┬─┴─┬─┴─┬─┴─┬─┴─┬─┴─┬─┴─┬─┴─┬─┴─┬─┴─┬─┴─┬─┴─┬────┤
│   ⇥ │ j │ f │ u │ ü │ q │ x │ p │ l │ a │ ä │ z │ ß │ Ret│
├─────┴┬──┴┬──┴┬──┴┬──┴┬──┴┬──┴┬──┴┬──┴┬──┴┬──┴┬──┴┬──┴┐   │
│    ⇩ │ m │ n │ h │ e │ y │ g │ t │ r │ i │ s │ ⇘ │ ´ │   │
├────┬─┴─┬─┴─┬─┴─┬─┴─┬─┴─┬─┴─┬─┴─┬─┴─┬─┴─┬─┴─┬─┴─┬─┴───┴───┤
│  ⇧ │ ⇚ │ c │ w │ v │ o │ ö │ b │ d │ , │ . │ k │ ⇗       │
├────┼───┴┬──┴─┬─┴───┴───┴───┴───┴───┴─┬─┴──┬┴───┼────┬────┤
│Strg│ Fe │ Alt│      Leerzeichen      │ M4 │ Fe │ Me │Strg│
└────┴────┴────┴───────────────────────┴────┴────┴────┴────┘
# 9.680158515692462 x100 total penalty per letter
# 35.426775670518566 x10 billion total penalty compared to notime-noeffort
# 7.589025012728967 mean key position cost in file 1gramme.txt ( 55.54757936 )
# 9.39732249003491 % finger repeats in file 2gramme.txt ( 45.364700230639386 )
# 12.14142989409342 million keystrokes disbalance of the fingers ( 24.28285978818684 )
# 0.329079262002567 % finger repeats top to bottom or vice versa ( 7.942997640390137 )
# 5.4694002182914625 % of trigrams have no handswitching (after direction change counted x 1 ) ( 24.192877639964237 )
# 7.997839546865458 billion (rows²/dist)² to cross ( 103.97191410925095 )
# 0.02285447915538341 hand disbalance. Left: 0.4771455208446166 %, Right: 0.5228544791553834 % ( 0.669129956739261 )
# 0.7319461889614385 badly positioned shortcut keys (weighted).
# 11.777908843192865 no handswitching after unbalancing key (weighted).
# 36.86036636026459 movement pattern cost (weighted).
# 0.8815395370082812 asymmetric bigram cost (weighted).
# 3.846343328153164 irregularity cost (weighted).
# 19.65298393201303 manually assigned bigram penalty (weighted)
# 11.14023546989169 unbalancing key after neighboring finger (weighted)
# 0.8815395370082812 asymmetrc bigrams (weighted)
# 7.404374320529802 inconsistent symmetries of similar keys (weighted)
# 3.846343328153164 irregularity cost for randomly sampled words (weighted).
# Finger load %: 10.1 9.2 6.4 14.6 - 13.6 9.1 11.3 10.1
 
