
# Evolved Layout
öpoxj vgfazäß
ctenw mhsir⇘
ukülq bd,.y
┌───┬───┬───┬───┬───┬───┬───┬───┬───┬───┬───┬───┬───┬──────┐
│ ^ │ 1 │ 2 │ 3 │ 4 │ 5 │ 6 │ 7 │ 8 │ 9 │ 0 │ - │ ` │ ←    │
├───┴─┬─┴─┬─┴─┬─┴─┬─┴─┬─┴─┬─┴─┬─┴─┬─┴─┬─┴─┬─┴─┬─┴─┬─┴─┬────┤
│   ⇥ │ ö │ p │ o │ x │ j │ v │ g │ f │ a │ z │ ä │ ß │ Ret│
├─────┴┬──┴┬──┴┬──┴┬──┴┬──┴┬──┴┬──┴┬──┴┬──┴┬──┴┬──┴┬──┴┐   │
│    ⇩ │ c │ t │ e │ n │ w │ m │ h │ s │ i │ r │ ⇘ │ ´ │   │
├────┬─┴─┬─┴─┬─┴─┬─┴─┬─┴─┬─┴─┬─┴─┬─┴─┬─┴─┬─┴─┬─┴─┬─┴───┴───┤
│  ⇧ │ ⇚ │ u │ k │ ü │ l │ q │ b │ d │ , │ . │ y │ ⇗       │
├────┼───┴┬──┴─┬─┴───┴───┴───┴───┴───┴─┬─┴──┬┴───┼────┬────┤
│Strg│ Fe │ Alt│      Leerzeichen      │ M4 │ Fe │ Me │Strg│
└────┴────┴────┴───────────────────────┴────┴────┴────┴────┘
# 9.766641429359275 x100 total penalty per letter
# 35.74327986586209 x10 billion total penalty compared to notime-noeffort
# 7.5817625662811725 mean key position cost in file 1gramme.txt ( 55.49442216 )
# 10.339395165035537 % finger repeats in file 2gramme.txt ( 49.91246844251026 )
# 12.21386408359466 million keystrokes disbalance of the fingers ( 24.42772816718932 )
# 0.402583262884225 % finger repeats top to bottom or vice versa ( 9.717166276874103 )
# 4.479515866414067 % of trigrams have no handswitching (after direction change counted x 1 ) ( 19.814307769982026 )
# 7.982856147362269 billion (rows²/dist)² to cross ( 103.77712991570951 )
# 0.0036903424689755937 hand disbalance. Left: 0.5036903424689756 %, Right: 0.4963096575310244 % ( 0.10804528424516927 )
# 0.7319461889614385 badly positioned shortcut keys (weighted).
# 12.450408124189442 no handswitching after unbalancing key (weighted).
# 36.07834942233309 movement pattern cost (weighted).
# 0.8987477799332562 asymmetric bigram cost (weighted).
# 3.404300830415932 irregularity cost (weighted).
# 19.50025431359756 manually assigned bigram penalty (weighted)
# 11.494855705068197 unbalancing key after neighboring finger (weighted)
# 0.8987477799332562 asymmetrc bigrams (weighted)
# 9.62266827761166 inconsistent symmetries of similar keys (weighted)
# 3.404300830415932 irregularity cost for randomly sampled words (weighted).
# Finger load %: 10.7 7.1 13.8 10.9 - 13.4 7.3 11.3 9.9
 
