
# Evolved Layout
jhloö qbydvzß
suriü wnetm⇘
gkxaä pf,.c
┌───┬───┬───┬───┬───┬───┬───┬───┬───┬───┬───┬───┬───┬──────┐
│ ^ │ 1 │ 2 │ 3 │ 4 │ 5 │ 6 │ 7 │ 8 │ 9 │ 0 │ - │ ` │ ←    │
├───┴─┬─┴─┬─┴─┬─┴─┬─┴─┬─┴─┬─┴─┬─┴─┬─┴─┬─┴─┬─┴─┬─┴─┬─┴─┬────┤
│   ⇥ │ j │ h │ l │ o │ ö │ q │ b │ y │ d │ v │ z │ ß │ Ret│
├─────┴┬──┴┬──┴┬──┴┬──┴┬──┴┬──┴┬──┴┬──┴┬──┴┬──┴┬──┴┬──┴┐   │
│    ⇩ │ s │ u │ r │ i │ ü │ w │ n │ e │ t │ m │ ⇘ │ ´ │   │
├────┬─┴─┬─┴─┬─┴─┬─┴─┬─┴─┬─┴─┬─┴─┬─┴─┬─┴─┬─┴─┬─┴─┬─┴───┴───┤
│  ⇧ │ ⇚ │ g │ k │ x │ a │ ä │ p │ f │ , │ . │ c │ ⇗       │
├────┼───┴┬──┴─┬─┴───┴───┴───┴───┴───┴─┬─┴──┬┴───┼────┬────┤
│Strg│ Fe │ Alt│      Leerzeichen      │ M4 │ Fe │ Me │Strg│
└────┴────┴────┴───────────────────────┴────┴────┴────┴────┘
# 9.947012013611772 x100 total penalty per letter
# 36.403387674583904 x10 billion total penalty compared to notime-noeffort
# 7.913293823168124 mean key position cost in file 1gramme.txt ( 57.92105256 )
# 10.16097471124761 % finger repeats in file 2gramme.txt ( 49.051160297590584 )
# 12.894110222973298 million keystrokes disbalance of the fingers ( 25.7882204459466 )
# 0.418062893204903 % finger repeats top to bottom or vice versa ( 10.090798654566436 )
# 4.553002973248369 % of trigrams have no handswitching (after direction change counted x 1 ) ( 20.13936435988223 )
# 8.395048036573034 billion (rows²/dist)² to cross ( 109.13562447544943 )
# 0.016675289470402754 hand disbalance. Left: 0.48332471052959725 %, Right: 0.5166752894704028 % ( 0.488216583107604 )
# 1.0979192834421578 badly positioned shortcut keys (weighted).
# 10.80815832309412 no handswitching after unbalancing key (weighted).
# 31.871474320318598 movement pattern cost (weighted).
# 0.8701656065818218 asymmetric bigram cost (weighted).
# 5.435816602689167 irregularity cost (weighted).
# 21.39226677752897 manually assigned bigram penalty (weighted)
# 11.08574231739423 unbalancing key after neighboring finger (weighted)
# 0.8701656065818218 asymmetrc bigrams (weighted)
# 8.857896138247051 inconsistent symmetries of similar keys (weighted)
# 5.435816602689167 irregularity cost for randomly sampled words (weighted).
# Finger load %: 12.3 6.9 8.0 13.5 - 12.4 12.4 9.5 9.3
 
