
# Evolved Layout
öoahä wbdmzjß
veilg cntsr⇘
uyükq pf,.x
┌───┬───┬───┬───┬───┬───┬───┬───┬───┬───┬───┬───┬───┬──────┐
│ ^ │ 1 │ 2 │ 3 │ 4 │ 5 │ 6 │ 7 │ 8 │ 9 │ 0 │ - │ ` │ ←    │
├───┴─┬─┴─┬─┴─┬─┴─┬─┴─┬─┴─┬─┴─┬─┴─┬─┴─┬─┴─┬─┴─┬─┴─┬─┴─┬────┤
│   ⇥ │ ö │ o │ a │ h │ ä │ w │ b │ d │ m │ z │ j │ ß │ Ret│
├─────┴┬──┴┬──┴┬──┴┬──┴┬──┴┬──┴┬──┴┬──┴┬──┴┬──┴┬──┴┬──┴┐   │
│    ⇩ │ v │ e │ i │ l │ g │ c │ n │ t │ s │ r │ ⇘ │ ´ │   │
├────┬─┴─┬─┴─┬─┴─┬─┴─┬─┴─┬─┴─┬─┴─┬─┴─┬─┴─┬─┴─┬─┴─┬─┴───┴───┤
│  ⇧ │ ⇚ │ u │ y │ ü │ k │ q │ p │ f │ , │ . │ x │ ⇗       │
├────┼───┴┬──┴─┬─┴───┴───┴───┴───┴───┴─┬─┴──┬┴───┼────┬────┤
│Strg│ Fe │ Alt│      Leerzeichen      │ M4 │ Fe │ Me │Strg│
└────┴────┴────┴───────────────────────┴────┴────┴────┴────┘
# 9.499731339055216 x100 total penalty per letter
# 34.76646074889504 x10 billion total penalty compared to notime-noeffort
# 7.527807285694172 mean key position cost in file 1gramme.txt ( 55.09949854 )
# 12.196978959018482 % finger repeats in file 2gramme.txt ( 58.87978142519126 )
# 11.436440976611763 million keystrokes disbalance of the fingers ( 22.872881953223526 )
# 0.3702993995174152 % finger repeats top to bottom or vice versa ( 8.937929539242038 )
# 2.786215618838522 % of trigrams have no handswitching (after direction change counted x 1 ) ( 12.324308124259765 )
# 7.972824718778202 billion (rows²/dist)² to cross ( 103.64672134411663 )
# 0.00817273430325971 hand disbalance. Left: 0.5081727343032597 %, Right: 0.49182726569674023 % ( 0.2392800690666145 )
# 1.0979192834421578 badly positioned shortcut keys (weighted).
# 13.453141755276734 no handswitching after unbalancing key (weighted).
# 29.88675903202205 movement pattern cost (weighted).
# 0.8846807598320195 asymmetric bigram cost (weighted).
# 3.085494402050807 irregularity cost (weighted).
# 17.43645091613001 manually assigned bigram penalty (weighted)
# 13.498596392850983 unbalancing key after neighboring finger (weighted)
# 0.8846807598320195 asymmetrc bigrams (weighted)
# 6.321163952245962 inconsistent symmetries of similar keys (weighted)
# 3.085494402050807 irregularity cost for randomly sampled words (weighted).
# Finger load %: 9.1 14.1 10.2 9.5 - 14.5 9.3 8.0 9.7
 
