
# Evolved Layout
öomvä qwalzßj
cesnb gtirh⇘
uüxpy fd,.k
┌───┬───┬───┬───┬───┬───┬───┬───┬───┬───┬───┬───┬───┬──────┐
│ ^ │ 1 │ 2 │ 3 │ 4 │ 5 │ 6 │ 7 │ 8 │ 9 │ 0 │ - │ ` │ ←    │
├───┴─┬─┴─┬─┴─┬─┴─┬─┴─┬─┴─┬─┴─┬─┴─┬─┴─┬─┴─┬─┴─┬─┴─┬─┴─┬────┤
│   ⇥ │ ö │ o │ m │ v │ ä │ q │ w │ a │ l │ z │ ß │ j │ Ret│
├─────┴┬──┴┬──┴┬──┴┬──┴┬──┴┬──┴┬──┴┬──┴┬──┴┬──┴┬──┴┬──┴┐   │
│    ⇩ │ c │ e │ s │ n │ b │ g │ t │ i │ r │ h │ ⇘ │ ´ │   │
├────┬─┴─┬─┴─┬─┴─┬─┴─┬─┴─┬─┴─┬─┴─┬─┴─┬─┴─┬─┴─┬─┴─┬─┴───┴───┤
│  ⇧ │ ⇚ │ u │ ü │ x │ p │ y │ f │ d │ , │ . │ k │ ⇗       │
├────┼───┴┬──┴─┬─┴───┴───┴───┴───┴───┴─┬─┴──┬┴───┼────┬────┤
│Strg│ Fe │ Alt│      Leerzeichen      │ M4 │ Fe │ Me │Strg│
└────┴────┴────┴───────────────────────┴────┴────┴────┴────┘
# 9.82729476046177 x100 total penalty per letter
# 35.96525473860353 x10 billion total penalty compared to notime-noeffort
# 7.371276235013291 mean key position cost in file 1gramme.txt ( 53.95377548 )
# 9.722963028651142 % finger repeats in file 2gramme.txt ( 46.93669964142203 )
# 11.967353456863004 million keystrokes disbalance of the fingers ( 23.934706913726007 )
# 0.3188136190906477 % finger repeats top to bottom or vice versa ( 7.695215458886928 )
# 4.75593361822999 % of trigrams have no handswitching (after direction change counted x 1 ) ( 21.036990437239027 )
# 8.029243606725503 billion (rows²/dist)² to cross ( 104.38016688743151 )
# 0.007448480231337762 hand disbalance. Left: 0.49255151976866224 %, Right: 0.5074484802313377 % ( 0.21807546875529155 )
# 0.36597309448071924 badly positioned shortcut keys (weighted).
# 11.61522175227421 no handswitching after unbalancing key (weighted).
# 35.32885254338519 movement pattern cost (weighted).
# 0.8581484291291521 asymmetric bigram cost (weighted).
# 10.101343925553646 irregularity cost (weighted).
# 17.407489297723195 manually assigned bigram penalty (weighted)
# 12.072659953509197 unbalancing key after neighboring finger (weighted)
# 0.8581484291291521 asymmetrc bigrams (weighted)
# 13.747228102519113 inconsistent symmetries of similar keys (weighted)
# 10.101343925553646 irregularity cost for randomly sampled words (weighted).
# Finger load %: 10.5 14.0 6.7 10.4 - 13.7 11.1 9.3 8.8
 
