
# Evolved Layout
ökozq xwcuvjß
hsenm gtria⇘
pfälü bd,.y
┌───┬───┬───┬───┬───┬───┬───┬───┬───┬───┬───┬───┬───┬──────┐
│ ^ │ 1 │ 2 │ 3 │ 4 │ 5 │ 6 │ 7 │ 8 │ 9 │ 0 │ - │ ` │ ←    │
├───┴─┬─┴─┬─┴─┬─┴─┬─┴─┬─┴─┬─┴─┬─┴─┬─┴─┬─┴─┬─┴─┬─┴─┬─┴─┬────┤
│   ⇥ │ ö │ k │ o │ z │ q │ x │ w │ c │ u │ v │ j │ ß │ Ret│
├─────┴┬──┴┬──┴┬──┴┬──┴┬──┴┬──┴┬──┴┬──┴┬──┴┬──┴┬──┴┬──┴┐   │
│    ⇩ │ h │ s │ e │ n │ m │ g │ t │ r │ i │ a │ ⇘ │ ´ │   │
├────┬─┴─┬─┴─┬─┴─┬─┴─┬─┴─┬─┴─┬─┴─┬─┴─┬─┴─┬─┴─┬─┴─┬─┴───┴───┤
│  ⇧ │ ⇚ │ p │ f │ ä │ l │ ü │ b │ d │ , │ . │ y │ ⇗       │
├────┼───┴┬──┴─┬─┴───┴───┴───┴───┴───┴─┬─┴──┬┴───┼────┬────┤
│Strg│ Fe │ Alt│      Leerzeichen      │ M4 │ Fe │ Me │Strg│
└────┴────┴────┴───────────────────────┴────┴────┴────┴────┘
# 9.668765490002226 x100 total penalty per letter
# 35.385080261845026 x10 billion total penalty compared to notime-noeffort
# 7.2358866483271305 mean key position cost in file 1gramme.txt ( 52.96279656 )
# 10.000147067157586 % finger repeats in file 2gramme.txt ( 48.27477980509599 )
# 11.29788815081444 million keystrokes disbalance of the fingers ( 22.59577630162888 )
# 0.32815045071839904 % finger repeats top to bottom or vice versa ( 7.92057888998448 )
# 4.291147763512006 % of trigrams have no handswitching (after direction change counted x 1 ) ( 18.98109639708942 )
# 8.059631592427587 billion (rows²/dist)² to cross ( 104.77521070155863 )
# 0.011120782828356601 hand disbalance. Left: 0.5111207828283566 %, Right: 0.4888792171716434 % ( 0.3255925843793369 )
# 1.0979192834421578 badly positioned shortcut keys (weighted).
# 11.386055111892201 no handswitching after unbalancing key (weighted).
# 30.378656652242523 movement pattern cost (weighted).
# 0.874001312402442 asymmetric bigram cost (weighted).
# 8.123175259011624 irregularity cost (weighted).
# 17.426953660502566 manually assigned bigram penalty (weighted)
# 13.564241704112371 unbalancing key after neighboring finger (weighted)
# 0.874001312402442 asymmetrc bigrams (weighted)
# 15.163968395107599 inconsistent symmetries of similar keys (weighted)
# 8.123175259011624 irregularity cost for randomly sampled words (weighted).
# Finger load %: 9.8 7.2 13.8 12.3 - 13.8 8.5 9.4 9.6
 
