
# Evolved Layout
ükobj qämlgzß
htenp yisrd⇘
uwöfx va,.c
┌───┬───┬───┬───┬───┬───┬───┬───┬───┬───┬───┬───┬───┬──────┐
│ ^ │ 1 │ 2 │ 3 │ 4 │ 5 │ 6 │ 7 │ 8 │ 9 │ 0 │ - │ ` │ ←    │
├───┴─┬─┴─┬─┴─┬─┴─┬─┴─┬─┴─┬─┴─┬─┴─┬─┴─┬─┴─┬─┴─┬─┴─┬─┴─┬────┤
│   ⇥ │ ü │ k │ o │ b │ j │ q │ ä │ m │ l │ g │ z │ ß │ Ret│
├─────┴┬──┴┬──┴┬──┴┬──┴┬──┴┬──┴┬──┴┬──┴┬──┴┬──┴┬──┴┬──┴┐   │
│    ⇩ │ h │ t │ e │ n │ p │ y │ i │ s │ r │ d │ ⇘ │ ´ │   │
├────┬─┴─┬─┴─┬─┴─┬─┴─┬─┴─┬─┴─┬─┴─┬─┴─┬─┴─┬─┴─┬─┴─┬─┴───┴───┤
│  ⇧ │ ⇚ │ u │ w │ ö │ f │ x │ v │ a │ , │ . │ c │ ⇗       │
├────┼───┴┬──┴─┬─┴───┴───┴───┴───┴───┴─┬─┴──┬┴───┼────┬────┤
│Strg│ Fe │ Alt│      Leerzeichen      │ M4 │ Fe │ Me │Strg│
└────┴────┴────┴───────────────────────┴────┴────┴────┴────┘
# 9.956842664685238 x100 total penalty per letter
# 36.439365212525075 x10 billion total penalty compared to notime-noeffort
# 7.66410321769643 mean key position cost in file 1gramme.txt ( 56.09711142 )
# 9.66971354258008 % finger repeats in file 2gramme.txt ( 46.67964270040389 )
# 13.976481876209526 million keystrokes disbalance of the fingers ( 27.952963752419052 )
# 0.3102137955502777 % finger repeats top to bottom or vice versa ( 7.487641217735271 )
# 4.3465338739418105 % of trigrams have no handswitching (after direction change counted x 1 ) ( 19.226086585977143 )
# 8.428648136727862 billion (rows²/dist)² to cross ( 109.5724257774622 )
# 0.01120643576427982 hand disbalance. Left: 0.5112064357642798 %, Right: 0.4887935642357202 % ( 0.3281003179802312 )
# 1.463892377922877 badly positioned shortcut keys (weighted).
# 10.833415188929685 no handswitching after unbalancing key (weighted).
# 34.734920950864606 movement pattern cost (weighted).
# 0.8820140245912189 asymmetric bigram cost (weighted).
# 5.101960566647747 irregularity cost (weighted).
# 19.236911730043186 manually assigned bigram penalty (weighted)
# 11.434928551268213 unbalancing key after neighboring finger (weighted)
# 0.8820140245912189 asymmetrc bigrams (weighted)
# 13.361636963005326 inconsistent symmetries of similar keys (weighted)
# 5.101960566647747 irregularity cost for randomly sampled words (weighted).
# Finger load %: 11.6 7.2 13.6 10.7 - 12.3 7.8 9.3 11.9
 
