
# Evolved Layout
üyläö vgmpkjß
cerio btsnh⇘
uxzaq wd,.f
┌───┬───┬───┬───┬───┬───┬───┬───┬───┬───┬───┬───┬───┬──────┐
│ ^ │ 1 │ 2 │ 3 │ 4 │ 5 │ 6 │ 7 │ 8 │ 9 │ 0 │ - │ ` │ ←    │
├───┴─┬─┴─┬─┴─┬─┴─┬─┴─┬─┴─┬─┴─┬─┴─┬─┴─┬─┴─┬─┴─┬─┴─┬─┴─┬────┤
│   ⇥ │ ü │ y │ l │ ä │ ö │ v │ g │ m │ p │ k │ j │ ß │ Ret│
├─────┴┬──┴┬──┴┬──┴┬──┴┬──┴┬──┴┬──┴┬──┴┬──┴┬──┴┬──┴┬──┴┐   │
│    ⇩ │ c │ e │ r │ i │ o │ b │ t │ s │ n │ h │ ⇘ │ ´ │   │
├────┬─┴─┬─┴─┬─┴─┬─┴─┬─┴─┬─┴─┬─┴─┬─┴─┬─┴─┬─┴─┬─┴─┬─┴───┴───┤
│  ⇧ │ ⇚ │ u │ x │ z │ a │ q │ w │ d │ , │ . │ f │ ⇗       │
├────┼───┴┬──┴─┬─┴───┴───┴───┴───┴───┴─┬─┴──┬┴───┼────┬────┤
│Strg│ Fe │ Alt│      Leerzeichen      │ M4 │ Fe │ Me │Strg│
└────┴────┴────┴───────────────────────┴────┴────┴────┴────┘
# 9.27364666112295 x100 total penalty per letter
# 33.93905165691956 x10 billion total penalty compared to notime-noeffort
# 7.474000275569723 mean key position cost in file 1gramme.txt ( 54.70566018 )
# 9.504322024485173 % finger repeats in file 2gramme.txt ( 45.88123053065851 )
# 12.084955270674204 million keystrokes disbalance of the fingers ( 24.169910541348408 )
# 0.39908970455812925 % finger repeats top to bottom or vice versa ( 9.632842137540987 )
# 2.902387837520683 % of trigrams have no handswitching (after direction change counted x 1 ) ( 12.83817439104736 )
# 8.100190758521189 billion (rows²/dist)² to cross ( 105.30247986077545 )
# 0.025836591464285297 hand disbalance. Left: 0.5258365914642853 %, Right: 0.47416340853571465 % ( 0.7564397863214903 )
# 0.36597309448071924 badly positioned shortcut keys (weighted).
# 12.963533709536003 no handswitching after unbalancing key (weighted).
# 30.861338575968574 movement pattern cost (weighted).
# 0.8453125153860968 asymmetric bigram cost (weighted).
# 4.876457345634323 irregularity cost (weighted).
# 17.831480774847975 manually assigned bigram penalty (weighted)
# 12.788011622688005 unbalancing key after neighboring finger (weighted)
# 0.8453125153860968 asymmetrc bigrams (weighted)
# 5.571671502961734 inconsistent symmetries of similar keys (weighted)
# 4.876457345634323 irregularity cost for randomly sampled words (weighted).
# Finger load %: 11.1 11.6 8.5 13.2 - 14.3 7.8 8.8 9.1
 
