
# Evolved Layout
äüpfj xwulzqß
aetnm ghirs⇘
oövcy bd,.k
┌───┬───┬───┬───┬───┬───┬───┬───┬───┬───┬───┬───┬───┬──────┐
│ ^ │ 1 │ 2 │ 3 │ 4 │ 5 │ 6 │ 7 │ 8 │ 9 │ 0 │ - │ ` │ ←    │
├───┴─┬─┴─┬─┴─┬─┴─┬─┴─┬─┴─┬─┴─┬─┴─┬─┴─┬─┴─┬─┴─┬─┴─┬─┴─┬────┤
│   ⇥ │ ä │ ü │ p │ f │ j │ x │ w │ u │ l │ z │ q │ ß │ Ret│
├─────┴┬──┴┬──┴┬──┴┬──┴┬──┴┬──┴┬──┴┬──┴┬──┴┬──┴┬──┴┬──┴┐   │
│    ⇩ │ a │ e │ t │ n │ m │ g │ h │ i │ r │ s │ ⇘ │ ´ │   │
├────┬─┴─┬─┴─┬─┴─┬─┴─┬─┴─┬─┴─┬─┴─┬─┴─┬─┴─┬─┴─┬─┴─┬─┴───┴───┤
│  ⇧ │ ⇚ │ o │ ö │ v │ c │ y │ b │ d │ , │ . │ k │ ⇗       │
├────┼───┴┬──┴─┬─┴───┴───┴───┴───┴───┴─┬─┴──┬┴───┼────┬────┤
│Strg│ Fe │ Alt│      Leerzeichen      │ M4 │ Fe │ Me │Strg│
└────┴────┴────┴───────────────────────┴────┴────┴────┴────┘
# 9.598610879736391 x100 total penalty per letter
# 35.12833326373426 x10 billion total penalty compared to notime-noeffort
# 7.451694217766257 mean key position cost in file 1gramme.txt ( 54.54239184 )
# 7.539973776662636 % finger repeats in file 2gramme.txt ( 36.398522077740445 )
# 14.166658683385785 million keystrokes disbalance of the fingers ( 28.33331736677157 )
# 0.3471852478715043 % finger repeats top to bottom or vice versa ( 8.380022453678993 )
# 4.452528450624627 % of trigrams have no handswitching (after direction change counted x 1 ) ( 19.694933940685495 )
# 8.12431144545979 billion (rows²/dist)² to cross ( 105.61604879097727 )
# 0.017780354495576245 hand disbalance. Left: 0.5177803544955762 %, Right: 0.4822196455044237 % ( 0.5205705084568165 )
# 1.0979192834421578 badly positioned shortcut keys (weighted).
# 11.696417208868835 no handswitching after unbalancing key (weighted).
# 31.88508963050366 movement pattern cost (weighted).
# 0.8799372506988509 asymmetric bigram cost (weighted).
# 4.581096757155423 irregularity cost (weighted).
# 20.029985851586748 manually assigned bigram penalty (weighted)
# 12.811920896053877 unbalancing key after neighboring finger (weighted)
# 0.8799372506988509 asymmetrc bigrams (weighted)
# 14.815158780722577 inconsistent symmetries of similar keys (weighted)
# 4.581096757155423 irregularity cost for randomly sampled words (weighted).
# Finger load %: 13.1 11.4 6.6 12.6 - 12.1 9.2 9.3 10.1
 
