
# Evolved Layout
ömüjq xbuogzß
shenl ftiac⇘
vkyrä wd,.p
┌───┬───┬───┬───┬───┬───┬───┬───┬───┬───┬───┬───┬───┬──────┐
│ ^ │ 1 │ 2 │ 3 │ 4 │ 5 │ 6 │ 7 │ 8 │ 9 │ 0 │ - │ ` │ ←    │
├───┴─┬─┴─┬─┴─┬─┴─┬─┴─┬─┴─┬─┴─┬─┴─┬─┴─┬─┴─┬─┴─┬─┴─┬─┴─┬────┤
│   ⇥ │ ö │ m │ ü │ j │ q │ x │ b │ u │ o │ g │ z │ ß │ Ret│
├─────┴┬──┴┬──┴┬──┴┬──┴┬──┴┬──┴┬──┴┬──┴┬──┴┬──┴┬──┴┬──┴┐   │
│    ⇩ │ s │ h │ e │ n │ l │ f │ t │ i │ a │ c │ ⇘ │ ´ │   │
├────┬─┴─┬─┴─┬─┴─┬─┴─┬─┴─┬─┴─┬─┴─┬─┴─┬─┴─┬─┴─┬─┴─┬─┴───┴───┤
│  ⇧ │ ⇚ │ v │ k │ y │ r │ ä │ w │ d │ , │ . │ p │ ⇗       │
├────┼───┴┬──┴─┬─┴───┴───┴───┴───┴───┴─┬─┴──┬┴───┼────┬────┤
│Strg│ Fe │ Alt│      Leerzeichen      │ M4 │ Fe │ Me │Strg│
└────┴────┴────┴───────────────────────┴────┴────┴────┴────┘
# 9.90064073987751 x100 total penalty per letter
# 36.2336812891485 x10 billion total penalty compared to notime-noeffort
# 7.526436471807671 mean key position cost in file 1gramme.txt ( 55.08946492 )
# 10.076596371109494 % finger repeats in file 2gramme.txt ( 48.64383170900766 )
# 12.206941075791493 million keystrokes disbalance of the fingers ( 24.413882151582985 )
# 0.39620986300026784 % finger repeats top to bottom or vice versa ( 9.563331301277435 )
# 4.189717910415017 % of trigrams have no handswitching (after direction change counted x 1 ) ( 18.532440250697274 )
# 8.001642678202684 billion (rows²/dist)² to cross ( 104.0213548166349 )
# 0.019187847431795357 hand disbalance. Left: 0.5191878474317954 %, Right: 0.48081215256820464 % ( 0.5617788720830454 )
# 1.0979192834421578 badly positioned shortcut keys (weighted).
# 13.060724455282305 no handswitching after unbalancing key (weighted).
# 29.208883322133143 movement pattern cost (weighted).
# 0.8785475527289417 asymmetric bigram cost (weighted).
# 5.330324178903071 irregularity cost (weighted).
# 19.421560469011165 manually assigned bigram penalty (weighted)
# 16.295962230775185 unbalancing key after neighboring finger (weighted)
# 0.8785475527289417 asymmetrc bigrams (weighted)
# 16.216807377925647 inconsistent symmetries of similar keys (weighted)
# 5.330324178903071 irregularity cost for randomly sampled words (weighted).
# Finger load %: 11.1 6.3 11.5 14.9 - 13.2 9.2 8.6 9.6
 
