
# Evolved Layout
zmcüq xbluvjß
stneä ghria⇘
kfpoö wd,.y
┌───┬───┬───┬───┬───┬───┬───┬───┬───┬───┬───┬───┬───┬──────┐
│ ^ │ 1 │ 2 │ 3 │ 4 │ 5 │ 6 │ 7 │ 8 │ 9 │ 0 │ - │ ` │ ←    │
├───┴─┬─┴─┬─┴─┬─┴─┬─┴─┬─┴─┬─┴─┬─┴─┬─┴─┬─┴─┬─┴─┬─┴─┬─┴─┬────┤
│   ⇥ │ z │ m │ c │ ü │ q │ x │ b │ l │ u │ v │ j │ ß │ Ret│
├─────┴┬──┴┬──┴┬──┴┬──┴┬──┴┬──┴┬──┴┬──┴┬──┴┬──┴┬──┴┬──┴┐   │
│    ⇩ │ s │ t │ n │ e │ ä │ g │ h │ r │ i │ a │ ⇘ │ ´ │   │
├────┬─┴─┬─┴─┬─┴─┬─┴─┬─┴─┬─┴─┬─┴─┬─┴─┬─┴─┬─┴─┬─┴─┬─┴───┴───┤
│  ⇧ │ ⇚ │ k │ f │ p │ o │ ö │ w │ d │ , │ . │ y │ ⇗       │
├────┼───┴┬──┴─┬─┴───┴───┴───┴───┴───┴─┬─┴──┬┴───┼────┬────┤
│Strg│ Fe │ Alt│      Leerzeichen      │ M4 │ Fe │ Me │Strg│
└────┴────┴────┴───────────────────────┴────┴────┴────┴────┘
# 9.704158551333634 x100 total penalty per letter
# 35.51460934363104 x10 billion total penalty compared to notime-noeffort
# 7.404977939280652 mean key position cost in file 1gramme.txt ( 54.20045382 )
# 9.43011004697734 % finger repeats in file 2gramme.txt ( 45.52297911205116 )
# 12.465000434003446 million keystrokes disbalance of the fingers ( 24.930000868006893 )
# 0.35489112785883237 % finger repeats top to bottom or vice versa ( 8.566019548068974 )
# 5.016744729562364 % of trigrams have no handswitching (after direction change counted x 1 ) ( 22.1906400243556 )
# 8.410933886863798 billion (rows²/dist)² to cross ( 109.34214052922937 )
# 0.02372984367423714 hand disbalance. Left: 0.5237298436742371 %, Right: 0.47627015632576286 % ( 0.6947587456803429 )
# 0.7319461889614385 badly positioned shortcut keys (weighted).
# 10.984817789416422 no handswitching after unbalancing key (weighted).
# 29.777692109348116 movement pattern cost (weighted).
# 0.8949133910858681 asymmetric bigram cost (weighted).
# 5.387659614746594 irregularity cost (weighted).
# 19.954464501932 manually assigned bigram penalty (weighted)
# 10.787482662375288 unbalancing key after neighboring finger (weighted)
# 0.8949133910858681 asymmetrc bigrams (weighted)
# 11.180124531052233 inconsistent symmetries of similar keys (weighted)
# 5.387659614746594 irregularity cost for randomly sampled words (weighted).
# Finger load %: 11.8 8.4 9.6 14.4 - 12.1 9.1 9.4 9.6
 
