
# Evolved Layout
ämpbq öüluxjß
hsntd yeric⇘
kfwgv oa,.z
┌───┬───┬───┬───┬───┬───┬───┬───┬───┬───┬───┬───┬───┬──────┐
│ ^ │ 1 │ 2 │ 3 │ 4 │ 5 │ 6 │ 7 │ 8 │ 9 │ 0 │ - │ ` │ ←    │
├───┴─┬─┴─┬─┴─┬─┴─┬─┴─┬─┴─┬─┴─┬─┴─┬─┴─┬─┴─┬─┴─┬─┴─┬─┴─┬────┤
│   ⇥ │ ä │ m │ p │ b │ q │ ö │ ü │ l │ u │ x │ j │ ß │ Ret│
├─────┴┬──┴┬──┴┬──┴┬──┴┬──┴┬──┴┬──┴┬──┴┬──┴┬──┴┬──┴┬──┴┐   │
│    ⇩ │ h │ s │ n │ t │ d │ y │ e │ r │ i │ c │ ⇘ │ ´ │   │
├────┬─┴─┬─┴─┬─┴─┬─┴─┬─┴─┬─┴─┬─┴─┬─┴─┬─┴─┬─┴─┬─┴─┬─┴───┴───┤
│  ⇧ │ ⇚ │ k │ f │ w │ g │ v │ o │ a │ , │ . │ z │ ⇗       │
├────┼───┴┬──┴─┬─┴───┴───┴───┴───┴───┴─┬─┴──┬┴───┼────┬────┤
│Strg│ Fe │ Alt│      Leerzeichen      │ M4 │ Fe │ Me │Strg│
└────┴────┴────┴───────────────────────┴────┴────┴────┴────┘
# 9.93631479183933 x100 total penalty per letter
# 36.36423872103983 x10 billion total penalty compared to notime-noeffort
# 7.574978635884532 mean key position cost in file 1gramme.txt ( 55.44476744 )
# 11.862492773123094 % finger repeats in file 2gramme.txt ( 57.26508047494454 )
# 11.241581672408127 million keystrokes disbalance of the fingers ( 22.48316334481626 )
# 0.3381207812165417 % finger repeats top to bottom or vice versa ( 8.161233105442271 )
# 2.7194623335972845 % of trigrams have no handswitching (after direction change counted x 1 ) ( 12.029037345481145 )
# 9.281348532222273 billion (rows²/dist)² to cross ( 120.65753091888953 )
# 0.044439089637729356 hand disbalance. Left: 0.45556091036227064 %, Right: 0.5444390896377294 % ( 1.3010808920500703 )
# 1.463892377922877 badly positioned shortcut keys (weighted).
# 12.929005099087114 no handswitching after unbalancing key (weighted).
# 26.74175779391534 movement pattern cost (weighted).
# 0.862634533065409 asymmetric bigram cost (weighted).
# 3.8470779959247503 irregularity cost (weighted).
# 15.828622780442517 manually assigned bigram penalty (weighted)
# 13.900122627472683 unbalancing key after neighboring finger (weighted)
# 0.862634533065409 asymmetrc bigrams (weighted)
# 10.727380480943884 inconsistent symmetries of similar keys (weighted)
# 3.8470779959247503 irregularity cost for randomly sampled words (weighted).
# Finger load %: 9.3 8.2 8.6 12.4 - 19.7 9.1 9.4 7.8
 
