
# Evolved Layout
öuäkq zmdbwßj
aiegf lrtsn⇘
oüyhp xc,.v
┌───┬───┬───┬───┬───┬───┬───┬───┬───┬───┬───┬───┬───┬──────┐
│ ^ │ 1 │ 2 │ 3 │ 4 │ 5 │ 6 │ 7 │ 8 │ 9 │ 0 │ - │ ` │ ←    │
├───┴─┬─┴─┬─┴─┬─┴─┬─┴─┬─┴─┬─┴─┬─┴─┬─┴─┬─┴─┬─┴─┬─┴─┬─┴─┬────┤
│   ⇥ │ ö │ u │ ä │ k │ q │ z │ m │ d │ b │ w │ ß │ j │ Ret│
├─────┴┬──┴┬──┴┬──┴┬──┴┬──┴┬──┴┬──┴┬──┴┬──┴┬──┴┬──┴┬──┴┐   │
│    ⇩ │ a │ i │ e │ g │ f │ l │ r │ t │ s │ n │ ⇘ │ ´ │   │
├────┬─┴─┬─┴─┬─┴─┬─┴─┬─┴─┬─┴─┬─┴─┬─┴─┬─┴─┬─┴─┬─┴─┬─┴───┴───┤
│  ⇧ │ ⇚ │ o │ ü │ y │ h │ p │ x │ c │ , │ . │ v │ ⇗       │
├────┼───┴┬──┴─┬─┴───┴───┴───┴───┴───┴─┬─┴──┬┴───┼────┬────┤
│Strg│ Fe │ Alt│      Leerzeichen      │ M4 │ Fe │ Me │Strg│
└────┴────┴────┴───────────────────────┴────┴────┴────┴────┘
# 9.776544395291102 x100 total penalty per letter
# 35.779522056728176 x10 billion total penalty compared to notime-noeffort
# 7.773712726168407 mean key position cost in file 1gramme.txt ( 56.89939404 )
# 10.010164146901266 % finger repeats in file 2gramme.txt ( 48.32313632582201 )
# 15.076107444723688 million keystrokes disbalance of the fingers ( 30.152214889447375 )
# 0.37715760070626153 % finger repeats top to bottom or vice versa ( 9.103466180867006 )
# 2.057110149651762 % of trigrams have no handswitching (after direction change counted x 1 ) ( 9.09924528397375 )
# 8.307124838131095 billion (rows²/dist)² to cross ( 107.99262289570426 )
# 0.005336095564015375 hand disbalance. Left: 0.4946639044359846 %, Right: 0.5053360955640154 % ( 0.15622939248060366 )
# 1.463892377922877 badly positioned shortcut keys (weighted).
# 13.664602051815276 no handswitching after unbalancing key (weighted).
# 27.032564509794653 movement pattern cost (weighted).
# 0.8642178186070651 asymmetric bigram cost (weighted).
# 4.779688997963274 irregularity cost (weighted).
# 22.348712501849125 manually assigned bigram penalty (weighted)
# 12.168005198515434 unbalancing key after neighboring finger (weighted)
# 0.8642178186070651 asymmetrc bigrams (weighted)
# 13.747228102519113 inconsistent symmetries of similar keys (weighted)
# 4.779688997963274 irregularity cost for randomly sampled words (weighted).
# Finger load %: 12.9 8.5 11.5 8.8 - 13.7 9.3 7.5 12.1
 
