
# Evolved Layout
ßmocö qbluxüj
hsenf gtria⇘
kzäpy wd,.v
┌───┬───┬───┬───┬───┬───┬───┬───┬───┬───┬───┬───┬───┬──────┐
│ ^ │ 1 │ 2 │ 3 │ 4 │ 5 │ 6 │ 7 │ 8 │ 9 │ 0 │ - │ ` │ ←    │
├───┴─┬─┴─┬─┴─┬─┴─┬─┴─┬─┴─┬─┴─┬─┴─┬─┴─┬─┴─┬─┴─┬─┴─┬─┴─┬────┤
│   ⇥ │ ß │ m │ o │ c │ ö │ q │ b │ l │ u │ x │ ü │ j │ Ret│
├─────┴┬──┴┬──┴┬──┴┬──┴┬──┴┬──┴┬──┴┬──┴┬──┴┬──┴┬──┴┬──┴┐   │
│    ⇩ │ h │ s │ e │ n │ f │ g │ t │ r │ i │ a │ ⇘ │ ´ │   │
├────┬─┴─┬─┴─┬─┴─┬─┴─┬─┴─┬─┴─┬─┴─┬─┴─┬─┴─┬─┴─┬─┴─┬─┴───┴───┤
│  ⇧ │ ⇚ │ k │ z │ ä │ p │ y │ w │ d │ , │ . │ v │ ⇗       │
├────┼───┴┬──┴─┬─┴───┴───┴───┴───┴───┴─┬─┴──┬┴───┼────┬────┤
│Strg│ Fe │ Alt│      Leerzeichen      │ M4 │ Fe │ Me │Strg│
└────┴────┴────┴───────────────────────┴────┴────┴────┴────┘
# 9.989904666203174 x100 total penalty per letter
# 36.56036324257753 x10 billion total penalty compared to notime-noeffort
# 7.229852305821342 mean key position cost in file 1gramme.txt ( 52.91862842 )
# 8.789440379569177 % finger repeats in file 2gramme.txt ( 42.43020588439461 )
# 11.074346889131633 million keystrokes disbalance of the fingers ( 22.148693778263265 )
# 0.34724369805565963 % finger repeats top to bottom or vice versa ( 8.381433267815384 )
# 5.460502350527631 % of trigrams have no handswitching (after direction change counted x 1 ) ( 24.153519571899103 )
# 8.144340696455798 billion (rows²/dist)² to cross ( 105.87642905392536 )
# 0.006265648641661792 hand disbalance. Left: 0.5062656486416618 %, Right: 0.4937343513583382 % ( 0.18344470578543048 )
# 0.7319461889614385 badly positioned shortcut keys (weighted).
# 11.50074075432911 no handswitching after unbalancing key (weighted).
# 30.86270331254195 movement pattern cost (weighted).
# 0.8718368516104397 asymmetric bigram cost (weighted).
# 20.144203541069892 irregularity cost (weighted).
# 16.300491693050077 manually assigned bigram penalty (weighted)
# 11.361873295891849 unbalancing key after neighboring finger (weighted)
# 0.8718368516104397 asymmetrc bigrams (weighted)
# 17.737482106237454 inconsistent symmetries of similar keys (weighted)
# 20.144203541069892 irregularity cost for randomly sampled words (weighted).
# Finger load %: 9.8 7.4 13.8 11.7 - 13.7 9.1 9.4 9.5
 
