
# Evolved Layout
jofuq xmadbzß
senhp writg⇘
küyvö äl,.c
┌───┬───┬───┬───┬───┬───┬───┬───┬───┬───┬───┬───┬───┬──────┐
│ ^ │ 1 │ 2 │ 3 │ 4 │ 5 │ 6 │ 7 │ 8 │ 9 │ 0 │ - │ ` │ ←    │
├───┴─┬─┴─┬─┴─┬─┴─┬─┴─┬─┴─┬─┴─┬─┴─┬─┴─┬─┴─┬─┴─┬─┴─┬─┴─┬────┤
│   ⇥ │ j │ o │ f │ u │ q │ x │ m │ a │ d │ b │ z │ ß │ Ret│
├─────┴┬──┴┬──┴┬──┴┬──┴┬──┴┬──┴┬──┴┬──┴┬──┴┬──┴┬──┴┬──┴┐   │
│    ⇩ │ s │ e │ n │ h │ p │ w │ r │ i │ t │ g │ ⇘ │ ´ │   │
├────┬─┴─┬─┴─┬─┴─┬─┴─┬─┴─┬─┴─┬─┴─┬─┴─┬─┴─┬─┴─┬─┴─┬─┴───┴───┤
│  ⇧ │ ⇚ │ k │ ü │ y │ v │ ö │ ä │ l │ , │ . │ c │ ⇗       │
├────┼───┴┬──┴─┬─┴───┴───┴───┴───┴───┴─┬─┴──┬┴───┼────┬────┤
│Strg│ Fe │ Alt│      Leerzeichen      │ M4 │ Fe │ Me │Strg│
└────┴────┴────┴───────────────────────┴────┴────┴────┴────┘
# 10.581823788141689 x100 total penalty per letter
# 38.72662796995901 x10 billion total penalty compared to notime-noeffort
# 7.521349723551924 mean key position cost in file 1gramme.txt ( 55.05223266 )
# 10.978178661769249 % finger repeats in file 2gramme.txt ( 52.996136356677674 )
# 13.082525516748714 million keystrokes disbalance of the fingers ( 26.165051033497424 )
# 0.5030175563678975 % finger repeats top to bottom or vice versa ( 12.141352326461263 )
# 3.891119542369794 % of trigrams have no handswitching (after direction change counted x 1 ) ( 17.211645740642624 )
# 8.210635313683772 billion (rows²/dist)² to cross ( 106.73825907788905 )
# 0.008772080820336758 hand disbalance. Left: 0.49122791917966324 %, Right: 0.5087720808203368 % ( 0.2568276450282888 )
# 1.463892377922877 badly positioned shortcut keys (weighted).
# 11.694588407384193 no handswitching after unbalancing key (weighted).
# 48.75621987811108 movement pattern cost (weighted).
# 0.8846149322061208 asymmetric bigram cost (weighted).
# 7.7427530292672735 irregularity cost (weighted).
# 20.642448895489622 manually assigned bigram penalty (weighted)
# 11.521743918168887 unbalancing key after neighboring finger (weighted)
# 0.8846149322061208 asymmetrc bigrams (weighted)
# 13.998513420843791 inconsistent symmetries of similar keys (weighted)
# 7.7427530292672735 irregularity cost for randomly sampled words (weighted).
# Finger load %: 11.4 14.0 8.3 7.7 - 12.3 11.1 9.5 10.0
 
