
# Evolved Layout
öpuzj qcmakxß
rhenv ftsio⇘
äbylü wd,.g
┌───┬───┬───┬───┬───┬───┬───┬───┬───┬───┬───┬───┬───┬──────┐
│ ^ │ 1 │ 2 │ 3 │ 4 │ 5 │ 6 │ 7 │ 8 │ 9 │ 0 │ - │ ` │ ←    │
├───┴─┬─┴─┬─┴─┬─┴─┬─┴─┬─┴─┬─┴─┬─┴─┬─┴─┬─┴─┬─┴─┬─┴─┬─┴─┬────┤
│   ⇥ │ ö │ p │ u │ z │ j │ q │ c │ m │ a │ k │ x │ ß │ Ret│
├─────┴┬──┴┬──┴┬──┴┬──┴┬──┴┬──┴┬──┴┬──┴┬──┴┬──┴┬──┴┬──┴┐   │
│    ⇩ │ r │ h │ e │ n │ v │ f │ t │ s │ i │ o │ ⇘ │ ´ │   │
├────┬─┴─┬─┴─┬─┴─┬─┴─┬─┴─┬─┴─┬─┴─┬─┴─┬─┴─┬─┴─┬─┴─┬─┴───┴───┤
│  ⇧ │ ⇚ │ ä │ b │ y │ l │ ü │ w │ d │ , │ . │ g │ ⇗       │
├────┼───┴┬──┴─┬─┴───┴───┴───┴───┴───┴─┬─┴──┬┴───┼────┬────┤
│Strg│ Fe │ Alt│      Leerzeichen      │ M4 │ Fe │ Me │Strg│
└────┴────┴────┴───────────────────────┴────┴────┴────┴────┘
# 10.254346925348239 x100 total penalty per letter
# 37.528150761485435 x10 billion total penalty compared to notime-noeffort
# 7.554508352377408 mean key position cost in file 1gramme.txt ( 55.29493598 )
# 13.427241377015347 % finger repeats in file 2gramme.txt ( 64.81875881546725 )
# 12.534761190273484 million keystrokes disbalance of the fingers ( 25.069522380546967 )
# 0.45685095052788155 % finger repeats top to bottom or vice versa ( 11.02702734888426 )
# 4.958064669812616 % of trigrams have no handswitching (after direction change counted x 1 ) ( 21.93107966146906 )
# 7.769615418749775 billion (rows²/dist)² to cross ( 101.00500044374706 )
# 0.002596872322075394 hand disbalance. Left: 0.4974031276779246 %, Right: 0.5025968723220754 % ( 0.07603083197450104 )
# 1.0979192834421578 badly positioned shortcut keys (weighted).
# 10.15522047677695 no handswitching after unbalancing key (weighted).
# 36.30237122029752 movement pattern cost (weighted).
# 0.8853111090337524 asymmetric bigram cost (weighted).
# 3.4014624447435136 irregularity cost (weighted).
# 19.878008074192916 manually assigned bigram penalty (weighted)
# 11.757086416023052 unbalancing key after neighboring finger (weighted)
# 0.8853111090337524 asymmetrc bigrams (weighted)
# 12.581773128255305 inconsistent symmetries of similar keys (weighted)
# 3.4014624447435136 irregularity cost for randomly sampled words (weighted).
# Finger load %: 11.3 5.8 13.7 11.2 - 13.9 7.8 11.3 9.5
 
