
# Evolved Layout
zvodj xfrukqß
caelü msnih⇘
pyätö wg,.b
┌───┬───┬───┬───┬───┬───┬───┬───┬───┬───┬───┬───┬───┬──────┐
│ ^ │ 1 │ 2 │ 3 │ 4 │ 5 │ 6 │ 7 │ 8 │ 9 │ 0 │ - │ ` │ ←    │
├───┴─┬─┴─┬─┴─┬─┴─┬─┴─┬─┴─┬─┴─┬─┴─┬─┴─┬─┴─┬─┴─┬─┴─┬─┴─┬────┤
│   ⇥ │ z │ v │ o │ d │ j │ x │ f │ r │ u │ k │ q │ ß │ Ret│
├─────┴┬──┴┬──┴┬──┴┬──┴┬──┴┬──┴┬──┴┬──┴┬──┴┬──┴┬──┴┬──┴┐   │
│    ⇩ │ c │ a │ e │ l │ ü │ m │ s │ n │ i │ h │ ⇘ │ ´ │   │
├────┬─┴─┬─┴─┬─┴─┬─┴─┬─┴─┬─┴─┬─┴─┬─┴─┬─┴─┬─┴─┬─┴─┬─┴───┴───┤
│  ⇧ │ ⇚ │ p │ y │ ä │ t │ ö │ w │ g │ , │ . │ b │ ⇗       │
├────┼───┴┬──┴─┬─┴───┴───┴───┴───┴───┴─┬─┴──┬┴───┼────┬────┤
│Strg│ Fe │ Alt│      Leerzeichen      │ M4 │ Fe │ Me │Strg│
└────┴────┴────┴───────────────────────┴────┴────┴────┴────┘
# 10.177913524332487 x100 total penalty per letter
# 37.24842507857124 x10 billion total penalty compared to notime-noeffort
# 7.467116127423328 mean key position cost in file 1gramme.txt ( 54.65527192 )
# 13.126842058126568 % finger repeats in file 2gramme.txt ( 63.36860904511206 )
# 11.008320730422778 million keystrokes disbalance of the fingers ( 22.016641460845555 )
# 0.45274180778371187 % finger repeats top to bottom or vice versa ( 10.927844826952168 )
# 3.5139627949574 % of trigrams have no handswitching (after direction change counted x 1 ) ( 15.54336280703692 )
# 8.821030406531424 billion (rows²/dist)² to cross ( 114.67339528490851 )
# 0.01758174384352018 hand disbalance. Left: 0.4824182561564798 %, Right: 0.5175817438435202 % ( 0.5147556160624333 )
# 0.36597309448071924 badly positioned shortcut keys (weighted).
# 10.75554616128812 no handswitching after unbalancing key (weighted).
# 30.322030862604127 movement pattern cost (weighted).
# 0.8709021359263014 asymmetric bigram cost (weighted).
# 4.89511318789779 irregularity cost (weighted).
# 16.302377554004767 manually assigned bigram penalty (weighted)
# 10.706809836282154 unbalancing key after neighboring finger (weighted)
# 0.8709021359263014 asymmetrc bigrams (weighted)
# 16.565616992310673 inconsistent symmetries of similar keys (weighted)
# 4.89511318789779 irregularity cost for randomly sampled words (weighted).
# Finger load %: 9.5 5.7 13.8 11.7 - 12.2 12.7 9.4 9.4
 
