
# Evolved Layout
ßyopz xwluvqj
heanm gtris⇘
käücö bd,.f
┌───┬───┬───┬───┬───┬───┬───┬───┬───┬───┬───┬───┬───┬──────┐
│ ^ │ 1 │ 2 │ 3 │ 4 │ 5 │ 6 │ 7 │ 8 │ 9 │ 0 │ - │ ` │ ←    │
├───┴─┬─┴─┬─┴─┬─┴─┬─┴─┬─┴─┬─┴─┬─┴─┬─┴─┬─┴─┬─┴─┬─┴─┬─┴─┬────┤
│   ⇥ │ ß │ y │ o │ p │ z │ x │ w │ l │ u │ v │ q │ j │ Ret│
├─────┴┬──┴┬──┴┬──┴┬──┴┬──┴┬──┴┬──┴┬──┴┬──┴┬──┴┬──┴┬──┴┐   │
│    ⇩ │ h │ e │ a │ n │ m │ g │ t │ r │ i │ s │ ⇘ │ ´ │   │
├────┬─┴─┬─┴─┬─┴─┬─┴─┬─┴─┬─┴─┬─┴─┬─┴─┬─┴─┬─┴─┬─┴─┬─┴───┴───┤
│  ⇧ │ ⇚ │ k │ ä │ ü │ c │ ö │ b │ d │ , │ . │ f │ ⇗       │
├────┼───┴┬──┴─┬─┴───┴───┴───┴───┴───┴─┬─┴──┬┴───┼────┬────┤
│Strg│ Fe │ Alt│      Leerzeichen      │ M4 │ Fe │ Me │Strg│
└────┴────┴────┴───────────────────────┴────┴────┴────┴────┘
# 9.53156359033087 x100 total penalty per letter
# 34.88295822393144 x10 billion total penalty compared to notime-noeffort
# 7.142003776831477 mean key position cost in file 1gramme.txt ( 52.27562446 )
# 7.363501976865598 % finger repeats in file 2gramme.txt ( 35.54662087870813 )
# 12.074151900871918 million keystrokes disbalance of the fingers ( 24.148303801743836 )
# 0.333684773338692 % finger repeats top to bottom or vice versa ( 8.054161028362444 )
# 5.19446010280137 % of trigrams have no handswitching (after direction change counted x 1 ) ( 22.976731022987053 )
# 7.91312400255578 billion (rows²/dist)² to cross ( 102.87061203322514 )
# 0.006121335490649971 hand disbalance. Left: 0.49387866450935003 %, Right: 0.50612133549065 % ( 0.17921952734942573 )
# 1.463892377922877 badly positioned shortcut keys (weighted).
# 11.756324506891124 no handswitching after unbalancing key (weighted).
# 34.54710110235361 movement pattern cost (weighted).
# 0.8828404617611987 asymmetric bigram cost (weighted).
# 5.678201585569477 irregularity cost (weighted).
# 18.983678885979096 manually assigned bigram penalty (weighted)
# 13.598272802920407 unbalancing key after neighboring finger (weighted)
# 0.8828404617611987 asymmetrc bigrams (weighted)
# 15.867997763540624 inconsistent symmetries of similar keys (weighted)
# 5.678201585569477 irregularity cost for randomly sampled words (weighted).
# Finger load %: 10.1 11.7 7.5 12.4 - 13.8 9.1 9.4 10.5
 
