
# Evolved Layout
ßguäö qbplzxj
htieo msnrd⇘
kvüay fw,.c
┌───┬───┬───┬───┬───┬───┬───┬───┬───┬───┬───┬───┬───┬──────┐
│ ^ │ 1 │ 2 │ 3 │ 4 │ 5 │ 6 │ 7 │ 8 │ 9 │ 0 │ - │ ` │ ←    │
├───┴─┬─┴─┬─┴─┬─┴─┬─┴─┬─┴─┬─┴─┬─┴─┬─┴─┬─┴─┬─┴─┬─┴─┬─┴─┬────┤
│   ⇥ │ ß │ g │ u │ ä │ ö │ q │ b │ p │ l │ z │ x │ j │ Ret│
├─────┴┬──┴┬──┴┬──┴┬──┴┬──┴┬──┴┬──┴┬──┴┬──┴┬──┴┬──┴┬──┴┐   │
│    ⇩ │ h │ t │ i │ e │ o │ m │ s │ n │ r │ d │ ⇘ │ ´ │   │
├────┬─┴─┬─┴─┬─┴─┬─┴─┬─┴─┬─┴─┬─┴─┬─┴─┬─┴─┬─┴─┬─┴─┬─┴───┴───┤
│  ⇧ │ ⇚ │ k │ v │ ü │ a │ y │ f │ w │ , │ . │ c │ ⇗       │
├────┼───┴┬──┴─┬─┴───┴───┴───┴───┴───┴─┬─┴──┬┴───┼────┬────┤
│Strg│ Fe │ Alt│      Leerzeichen      │ M4 │ Fe │ Me │Strg│
└────┴────┴────┴───────────────────────┴────┴────┴────┴────┘
# 9.663609830509712 x100 total penalty per letter
# 35.36621193525938 x10 billion total penalty compared to notime-noeffort
# 7.428739273463808 mean key position cost in file 1gramme.txt ( 54.374374 )
# 11.706054736760853 % finger repeats in file 2gramme.txt ( 56.50989040545736 )
# 12.47452827667375 million keystrokes disbalance of the fingers ( 24.9490565533475 )
# 0.30518669098574064 % finger repeats top to bottom or vice versa ( 7.366301819284201 )
# 3.2175634008304757 % of trigrams have no handswitching (after direction change counted x 1 ) ( 14.232295050340147 )
# 8.094699064700215 billion (rows²/dist)² to cross ( 105.23108784110278 )
# 0.03257693212936552 hand disbalance. Left: 0.5325769321293655 %, Right: 0.4674230678706345 % ( 0.9537824528057813 )
# 1.0979192834421578 badly positioned shortcut keys (weighted).
# 12.357337565257419 no handswitching after unbalancing key (weighted).
# 28.34732874922231 movement pattern cost (weighted).
# 0.879867762567627 asymmetric bigram cost (weighted).
# 10.069792739461041 irregularity cost (weighted).
# 15.946023632776917 manually assigned bigram penalty (weighted)
# 9.454226042320807 unbalancing key after neighboring finger (weighted)
# 0.879867762567627 asymmetrc bigrams (weighted)
# 11.892835455207695 inconsistent symmetries of similar keys (weighted)
# 10.069792739461041 irregularity cost for randomly sampled words (weighted).
# Finger load %: 10.0 7.7 8.3 18.9 - 11.5 8.7 9.3 10.0
 
