
# Evolved Layout
ßgcpq öhoujxä
rstnl fmeia⇘
kzywv bd,.ü
┌───┬───┬───┬───┬───┬───┬───┬───┬───┬───┬───┬───┬───┬──────┐
│ ^ │ 1 │ 2 │ 3 │ 4 │ 5 │ 6 │ 7 │ 8 │ 9 │ 0 │ - │ ` │ ←    │
├───┴─┬─┴─┬─┴─┬─┴─┬─┴─┬─┴─┬─┴─┬─┴─┬─┴─┬─┴─┬─┴─┬─┴─┬─┴─┬────┤
│   ⇥ │ ß │ g │ c │ p │ q │ ö │ h │ o │ u │ j │ x │ ä │ Ret│
├─────┴┬──┴┬──┴┬──┴┬──┴┬──┴┬──┴┬──┴┬──┴┬──┴┬──┴┬──┴┬──┴┐   │
│    ⇩ │ r │ s │ t │ n │ l │ f │ m │ e │ i │ a │ ⇘ │ ´ │   │
├────┬─┴─┬─┴─┬─┴─┬─┴─┬─┴─┬─┴─┬─┴─┬─┴─┬─┴─┬─┴─┬─┴─┬─┴───┴───┤
│  ⇧ │ ⇚ │ k │ z │ y │ w │ v │ b │ d │ , │ . │ ü │ ⇗       │
├────┼───┴┬──┴─┬─┴───┴───┴───┴───┴───┴─┬─┴──┬┴───┼────┬────┤
│Strg│ Fe │ Alt│      Leerzeichen      │ M4 │ Fe │ Me │Strg│
└────┴────┴────┴───────────────────────┴────┴────┴────┴────┘
# 10.060396804306164 x100 total penalty per letter
# 36.818345501758664 x10 billion total penalty compared to notime-noeffort
# 7.458136297896069 mean key position cost in file 1gramme.txt ( 54.5895444 )
# 12.058758543556214 % finger repeats in file 2gramme.txt ( 58.21253522609046 )
# 12.355508577838071 million keystrokes disbalance of the fingers ( 24.71101715567614 )
# 0.3577523653180198 % finger repeats top to bottom or vice versa ( 8.635081336553064 )
# 2.7767986672108025 % of trigrams have no handswitching (after direction change counted x 1 ) ( 12.282653984979746 )
# 8.48775734216789 billion (rows²/dist)² to cross ( 110.34084544818258 )
# 0.04016368376048962 hand disbalance. Left: 0.4598363162395104 %, Right: 0.5401636837604896 % ( 1.1759062105257119 )
# 0.7319461889614385 badly positioned shortcut keys (weighted).
# 13.814316658938537 no handswitching after unbalancing key (weighted).
# 29.49459332972806 movement pattern cost (weighted).
# 0.881789818071681 asymmetric bigram cost (weighted).
# 6.837471565800713 irregularity cost (weighted).
# 17.60529848471658 manually assigned bigram penalty (weighted)
# 12.623276445970497 unbalancing key after neighboring finger (weighted)
# 0.881789818071681 asymmetrc bigrams (weighted)
# 16.247178763391442 inconsistent symmetries of similar keys (weighted)
# 6.837471565800713 irregularity cost for randomly sampled words (weighted).
# Finger load %: 11.6 7.5 7.5 12.3 - 12.3 14.7 9.4 9.2
 
