
# Evolved Layout
ßbdgw qäfuzxj
rnthl üesia⇘
cpkmv yo,.ö
┌───┬───┬───┬───┬───┬───┬───┬───┬───┬───┬───┬───┬───┬──────┐
│ ^ │ 1 │ 2 │ 3 │ 4 │ 5 │ 6 │ 7 │ 8 │ 9 │ 0 │ - │ ` │ ←    │
├───┴─┬─┴─┬─┴─┬─┴─┬─┴─┬─┴─┬─┴─┬─┴─┬─┴─┬─┴─┬─┴─┬─┴─┬─┴─┬────┤
│   ⇥ │ ß │ b │ d │ g │ w │ q │ ä │ f │ u │ z │ x │ j │ Ret│
├─────┴┬──┴┬──┴┬──┴┬──┴┬──┴┬──┴┬──┴┬──┴┬──┴┬──┴┬──┴┬──┴┐   │
│    ⇩ │ r │ n │ t │ h │ l │ ü │ e │ s │ i │ a │ ⇘ │ ´ │   │
├────┬─┴─┬─┴─┬─┴─┬─┴─┬─┴─┬─┴─┬─┴─┬─┴─┬─┴─┬─┴─┬─┴─┬─┴───┴───┤
│  ⇧ │ ⇚ │ c │ p │ k │ m │ v │ y │ o │ , │ . │ ö │ ⇗       │
├────┼───┴┬──┴─┬─┴───┴───┴───┴───┴───┴─┬─┴──┬┴───┼────┬────┤
│Strg│ Fe │ Alt│      Leerzeichen      │ M4 │ Fe │ Me │Strg│
└────┴────┴────┴───────────────────────┴────┴────┴────┴────┘
# 9.959969618458036 x100 total penalty per letter
# 36.45080902201036 x10 billion total penalty compared to notime-noeffort
# 7.6111962928650465 mean key position cost in file 1gramme.txt ( 55.7098612 )
# 11.5194127333581 % finger repeats in file 2gramme.txt ( 55.608893494497856 )
# 13.382092556054195 million keystrokes disbalance of the fingers ( 26.76418511210839 )
# 0.30666026999534 % finger repeats top to bottom or vice versa ( 7.401869647305176 )
# 1.7948597321729602 % of trigrams have no handswitching (after direction change counted x 1 ) ( 7.9392291930181464 )
# 9.04736133332272 billion (rows²/dist)² to cross ( 117.61569733319536 )
# 0.002270407095196547 hand disbalance. Left: 0.5022704070951965 %, Right: 0.4977295929048035 % ( 0.0664726328288049 )
# 1.0979192834421578 badly positioned shortcut keys (weighted).
# 13.925711810299871 no handswitching after unbalancing key (weighted).
# 28.169138084193534 movement pattern cost (weighted).
# 0.8715153383330997 asymmetric bigram cost (weighted).
# 3.817509424637146 irregularity cost (weighted).
# 20.07999760093572 manually assigned bigram penalty (weighted)
# 11.44157664446456 unbalancing key after neighboring finger (weighted)
# 0.8715153383330997 asymmetrc bigrams (weighted)
# 13.998513420843787 inconsistent symmetries of similar keys (weighted)
# 3.817509424637146 irregularity cost for randomly sampled words (weighted).
# Finger load %: 12.4 9.0 9.1 11.9 - 15.5 7.3 9.4 9.8
 
