
# Evolved Layout
ölcmp qwuoxjß
srnhk btiea⇘
üzygv fd,.ä
┌───┬───┬───┬───┬───┬───┬───┬───┬───┬───┬───┬───┬───┬──────┐
│ ^ │ 1 │ 2 │ 3 │ 4 │ 5 │ 6 │ 7 │ 8 │ 9 │ 0 │ - │ ` │ ←    │
├───┴─┬─┴─┬─┴─┬─┴─┬─┴─┬─┴─┬─┴─┬─┴─┬─┴─┬─┴─┬─┴─┬─┴─┬─┴─┬────┤
│   ⇥ │ ö │ l │ c │ m │ p │ q │ w │ u │ o │ x │ j │ ß │ Ret│
├─────┴┬──┴┬──┴┬──┴┬──┴┬──┴┬──┴┬──┴┬──┴┬──┴┬──┴┬──┴┬──┴┐   │
│    ⇩ │ s │ r │ n │ h │ k │ b │ t │ i │ e │ a │ ⇘ │ ´ │   │
├────┬─┴─┬─┴─┬─┴─┬─┴─┬─┴─┬─┴─┬─┴─┬─┴─┬─┴─┬─┴─┬─┴─┬─┴───┴───┤
│  ⇧ │ ⇚ │ ü │ z │ y │ g │ v │ f │ d │ , │ . │ ä │ ⇗       │
├────┼───┴┬──┴─┬─┴───┴───┴───┴───┴───┴─┬─┴──┬┴───┼────┬────┤
│Strg│ Fe │ Alt│      Leerzeichen      │ M4 │ Fe │ Me │Strg│
└────┴────┴────┴───────────────────────┴────┴────┴────┴────┘
# 9.623944895651572 x100 total penalty per letter
# 35.22104894573529 x10 billion total penalty compared to notime-noeffort
# 7.326579714294439 mean key position cost in file 1gramme.txt ( 53.626621 )
# 9.679602717245746 % finger repeats in file 2gramme.txt ( 46.72738177126287 )
# 12.08304512508579 million keystrokes disbalance of the fingers ( 24.16609025017158 )
# 0.39087846692841877 % finger repeats top to bottom or vice versa ( 9.434647208086684 )
# 3.3353180706335634 % of trigrams have no handswitching (after direction change counted x 1 ) ( 14.753160996217192 )
# 8.13962167741128 billion (rows²/dist)² to cross ( 105.81508180634665 )
# 0.04738795103409654 hand disbalance. Left: 0.45261204896590346 %, Right: 0.5473879510340965 % ( 1.387417206483929 )
# 0.7319461889614385 badly positioned shortcut keys (weighted).
# 14.262354416750949 no handswitching after unbalancing key (weighted).
# 28.33166792730617 movement pattern cost (weighted).
# 0.8605891229227277 asymmetric bigram cost (weighted).
# 4.505630438087916 irregularity cost (weighted).
# 18.76824911976646 manually assigned bigram penalty (weighted)
# 12.926191160596494 unbalancing key after neighboring finger (weighted)
# 0.8605891229227277 asymmetrc bigrams (weighted)
# 15.913460844391828 inconsistent symmetries of similar keys (weighted)
# 4.505630438087916 irregularity cost for randomly sampled words (weighted).
# Finger load %: 10.5 8.7 9.0 9.9 - 13.1 9.2 14.9 9.0
 
