
# Evolved Layout
öoxvq kflmpzß
iaeny gtrsh⇘
uüäcj wd,.b
┌───┬───┬───┬───┬───┬───┬───┬───┬───┬───┬───┬───┬───┬──────┐
│ ^ │ 1 │ 2 │ 3 │ 4 │ 5 │ 6 │ 7 │ 8 │ 9 │ 0 │ - │ ` │ ←    │
├───┴─┬─┴─┬─┴─┬─┴─┬─┴─┬─┴─┬─┴─┬─┴─┬─┴─┬─┴─┬─┴─┬─┴─┬─┴─┬────┤
│   ⇥ │ ö │ o │ x │ v │ q │ k │ f │ l │ m │ p │ z │ ß │ Ret│
├─────┴┬──┴┬──┴┬──┴┬──┴┬──┴┬──┴┬──┴┬──┴┬──┴┬──┴┬──┴┬──┴┐   │
│    ⇩ │ i │ a │ e │ n │ y │ g │ t │ r │ s │ h │ ⇘ │ ´ │   │
├────┬─┴─┬─┴─┬─┴─┬─┴─┬─┴─┬─┴─┬─┴─┬─┴─┬─┴─┬─┴─┬─┴─┬─┴───┴───┤
│  ⇧ │ ⇚ │ u │ ü │ ä │ c │ j │ w │ d │ , │ . │ b │ ⇗       │
├────┼───┴┬──┴─┬─┴───┴───┴───┴───┴───┴─┬─┴──┬┴───┼────┬────┤
│Strg│ Fe │ Alt│      Leerzeichen      │ M4 │ Fe │ Me │Strg│
└────┴────┴────┴───────────────────────┴────┴────┴────┴────┘
# 9.279596564871303 x100 total penalty per letter
# 33.96082670378603 x10 billion total penalty compared to notime-noeffort
# 7.622701124951062 mean key position cost in file 1gramme.txt ( 55.79407038 )
# 8.555028845291622 % finger repeats in file 2gramme.txt ( 41.29860600641 )
# 14.784487352881605 million keystrokes disbalance of the fingers ( 29.56897470576321 )
# 0.33900873747358684 % finger repeats top to bottom or vice versa ( 8.182665736631362 )
# 3.2992972005390295 % of trigrams have no handswitching (after direction change counted x 1 ) ( 14.593829356932925 )
# 8.193860185726484 billion (rows²/dist)² to cross ( 106.52018241444429 )
# 0.011846595107678382 hand disbalance. Left: 0.5118465951076784 %, Right: 0.48815340489232156 % ( 0.3468428056493766 )
# 0.7319461889614385 badly positioned shortcut keys (weighted).
# 13.69905003411844 no handswitching after unbalancing key (weighted).
# 24.473423370234002 movement pattern cost (weighted).
# 0.8658156903749211 asymmetric bigram cost (weighted).
# 4.0664411326837175 irregularity cost (weighted).
# 19.678892663008 manually assigned bigram penalty (weighted)
# 11.248068643320867 unbalancing key after neighboring finger (weighted)
# 0.8658156903749211 asymmetrc bigrams (weighted)
# 8.539457909327819 inconsistent symmetries of similar keys (weighted)
# 4.0664411326837175 irregularity cost for randomly sampled words (weighted).
# Finger load %: 14.2 7.7 11.2 10.1 - 14.6 9.1 8.0 9.6
 
