
# Evolved Layout
ökocj wbluüxß
asenm gtrih⇘
zyävq fd,.p
┌───┬───┬───┬───┬───┬───┬───┬───┬───┬───┬───┬───┬───┬──────┐
│ ^ │ 1 │ 2 │ 3 │ 4 │ 5 │ 6 │ 7 │ 8 │ 9 │ 0 │ - │ ` │ ←    │
├───┴─┬─┴─┬─┴─┬─┴─┬─┴─┬─┴─┬─┴─┬─┴─┬─┴─┬─┴─┬─┴─┬─┴─┬─┴─┬────┤
│   ⇥ │ ö │ k │ o │ c │ j │ w │ b │ l │ u │ ü │ x │ ß │ Ret│
├─────┴┬──┴┬──┴┬──┴┬──┴┬──┴┬──┴┬──┴┬──┴┬──┴┬──┴┬──┴┬──┴┐   │
│    ⇩ │ a │ s │ e │ n │ m │ g │ t │ r │ i │ h │ ⇘ │ ´ │   │
├────┬─┴─┬─┴─┬─┴─┬─┴─┬─┴─┬─┴─┬─┴─┬─┴─┬─┴─┬─┴─┬─┴─┬─┴───┴───┤
│  ⇧ │ ⇚ │ z │ y │ ä │ v │ q │ f │ d │ , │ . │ p │ ⇗       │
├────┼───┴┬──┴─┬─┴───┴───┴───┴───┴───┴─┬─┴──┬┴───┼────┬────┤
│Strg│ Fe │ Alt│      Leerzeichen      │ M4 │ Fe │ Me │Strg│
└────┴────┴────┴───────────────────────┴────┴────┴────┴────┘
# 9.678796177802075 x100 total penalty per letter
# 35.421789880383834 x10 billion total penalty compared to notime-noeffort
# 7.180898324585588 mean key position cost in file 1gramme.txt ( 52.56031162 )
# 9.319861426527513 % finger repeats in file 2gramme.txt ( 44.9907641515822 )
# 11.617752057491957 million keystrokes disbalance of the fingers ( 23.235504114983918 )
# 0.36060271643044417 % finger repeats top to bottom or vice versa ( 8.703880360905117 )
# 4.462206940144042 % of trigrams have no handswitching (after direction change counted x 1 ) ( 19.73774494433079 )
# 8.348225094805864 billion (rows²/dist)² to cross ( 108.52692623247623 )
# 0.0017189638628332116 hand disbalance. Left: 0.5017189638628332 %, Right: 0.4982810361371668 % ( 0.05032756193452809 )
# 0.7319461889614385 badly positioned shortcut keys (weighted).
# 13.458789817878616 no handswitching after unbalancing key (weighted).
# 32.101114010802526 movement pattern cost (weighted).
# 0.8736577974030189 asymmetric bigram cost (weighted).
# 3.262052682689441 irregularity cost (weighted).
# 16.002256498540127 manually assigned bigram penalty (weighted)
# 15.167464040627838 unbalancing key after neighboring finger (weighted)
# 0.8736577974030189 asymmetrc bigrams (weighted)
# 14.815158780722573 inconsistent symmetries of similar keys (weighted)
# 3.262052682689441 irregularity cost for randomly sampled words (weighted).
# Finger load %: 10.7 6.3 13.8 11.6 - 15.0 9.1 9.4 8.6
 
