
# Evolved Layout
üulpj äöfwbzß
hirtd yesnm⇘
kxqgv oa,.c
┌───┬───┬───┬───┬───┬───┬───┬───┬───┬───┬───┬───┬───┬──────┐
│ ^ │ 1 │ 2 │ 3 │ 4 │ 5 │ 6 │ 7 │ 8 │ 9 │ 0 │ - │ ` │ ←    │
├───┴─┬─┴─┬─┴─┬─┴─┬─┴─┬─┴─┬─┴─┬─┴─┬─┴─┬─┴─┬─┴─┬─┴─┬─┴─┬────┤
│   ⇥ │ ü │ u │ l │ p │ j │ ä │ ö │ f │ w │ b │ z │ ß │ Ret│
├─────┴┬──┴┬──┴┬──┴┬──┴┬──┴┬──┴┬──┴┬──┴┬──┴┬──┴┬──┴┬──┴┐   │
│    ⇩ │ h │ i │ r │ t │ d │ y │ e │ s │ n │ m │ ⇘ │ ´ │   │
├────┬─┴─┬─┴─┬─┴─┬─┴─┬─┴─┬─┴─┬─┴─┬─┴─┬─┴─┬─┴─┬─┴─┬─┴───┴───┤
│  ⇧ │ ⇚ │ k │ x │ q │ g │ v │ o │ a │ , │ . │ c │ ⇗       │
├────┼───┴┬──┴─┬─┴───┴───┴───┴───┴───┴─┬─┴──┬┴───┼────┬────┤
│Strg│ Fe │ Alt│      Leerzeichen      │ M4 │ Fe │ Me │Strg│
└────┴────┴────┴───────────────────────┴────┴────┴────┴────┘
# 9.983554416171433 x100 total penalty per letter
# 36.537123036029094 x10 billion total penalty compared to notime-noeffort
# 7.481884461712133 mean key position cost in file 1gramme.txt ( 54.76336818 )
# 11.537110733825031 % finger repeats in file 2gramme.txt ( 55.6943289455761 )
# 12.951662915293287 million keystrokes disbalance of the fingers ( 25.903325830586574 )
# 0.3040352852292058 % finger repeats top to bottom or vice versa ( 7.3385102983246835 )
# 4.47784325447856 % of trigrams have no handswitching (after direction change counted x 1 ) ( 19.80690928124837 )
# 8.679241381130051 billion (rows²/dist)² to cross ( 112.83013795469066 )
# 0.04455547549613298 hand disbalance. Left: 0.455444524503867 %, Right: 0.544555475496133 % ( 1.3044884194703716 )
# 1.0979192834421578 badly positioned shortcut keys (weighted).
# 13.571403063267905 no handswitching after unbalancing key (weighted).
# 23.34648188742641 movement pattern cost (weighted).
# 0.8858557779134545 asymmetric bigram cost (weighted).
# 6.070160923905807 irregularity cost (weighted).
# 17.52129782293645 manually assigned bigram penalty (weighted)
# 13.744890071193403 unbalancing key after neighboring finger (weighted)
# 0.8858557779134545 asymmetrc bigrams (weighted)
# 11.492152620308493 inconsistent symmetries of similar keys (weighted)
# 6.070160923905807 irregularity cost for randomly sampled words (weighted).
# Finger load %: 10.0 8.4 7.9 12.1 - 19.7 7.3 9.0 10.0
 
