
# Evolved Layout
ßkauü wdclzqj
hioeä btnrs⇘
gvxyö pf,.m
┌───┬───┬───┬───┬───┬───┬───┬───┬───┬───┬───┬───┬───┬──────┐
│ ^ │ 1 │ 2 │ 3 │ 4 │ 5 │ 6 │ 7 │ 8 │ 9 │ 0 │ - │ ` │ ←    │
├───┴─┬─┴─┬─┴─┬─┴─┬─┴─┬─┴─┬─┴─┬─┴─┬─┴─┬─┴─┬─┴─┬─┴─┬─┴─┬────┤
│   ⇥ │ ß │ k │ a │ u │ ü │ w │ d │ c │ l │ z │ q │ j │ Ret│
├─────┴┬──┴┬──┴┬──┴┬──┴┬──┴┬──┴┬──┴┬──┴┬──┴┬──┴┬──┴┬──┴┐   │
│    ⇩ │ h │ i │ o │ e │ ä │ b │ t │ n │ r │ s │ ⇘ │ ´ │   │
├────┬─┴─┬─┴─┬─┴─┬─┴─┬─┴─┬─┴─┬─┴─┬─┴─┬─┴─┬─┴─┬─┴─┬─┴───┴───┤
│  ⇧ │ ⇚ │ g │ v │ x │ y │ ö │ p │ f │ , │ . │ m │ ⇗       │
├────┼───┴┬──┴─┬─┴───┴───┴───┴───┴───┴─┬─┴──┬┴───┼────┬────┤
│Strg│ Fe │ Alt│      Leerzeichen      │ M4 │ Fe │ Me │Strg│
└────┴────┴────┴───────────────────────┴────┴────┴────┴────┘
# 9.334301087574149 x100 total penalty per letter
# 34.161030538342544 x10 billion total penalty compared to notime-noeffort
# 7.723884473012598 mean key position cost in file 1gramme.txt ( 56.53467804 )
# 11.221207878505062 % finger repeats in file 2gramme.txt ( 54.16933729515759 )
# 13.189484192149672 million keystrokes disbalance of the fingers ( 26.37896838429935 )
# 0.39029102611855065 % finger repeats top to bottom or vice versa ( 9.420468128741918 )
# 2.083229650590323 % of trigrams have no handswitching (after direction change counted x 1 ) ( 9.214780052870392 )
# 7.894044219288251 billion (rows²/dist)² to cross ( 102.62257485074727 )
# 0.020595513549066913 hand disbalance. Left: 0.4794044864509331 %, Right: 0.520595513549067 % ( 0.6029923060777279 )
# 0.7319461889614385 badly positioned shortcut keys (weighted).
# 13.462896968445728 no handswitching after unbalancing key (weighted).
# 23.597968129398502 movement pattern cost (weighted).
# 0.8836807851281613 asymmetric bigram cost (weighted).
# 2.5009197743127736 irregularity cost (weighted).
# 21.00342488618544 manually assigned bigram penalty (weighted)
# 9.305545062046974 unbalancing key after neighboring finger (weighted)
# 0.8836807851281613 asymmetrc bigrams (weighted)
# 11.18012453105223 inconsistent symmetries of similar keys (weighted)
# 2.5009197743127736 irregularity cost for randomly sampled words (weighted).
# Finger load %: 11.2 7.3 7.3 14.6 - 14.0 9.8 9.3 10.8
 
