
# Evolved Layout
öäcfj qwlgüxß
aensk btrhi⇘
oypmz vd,.u
┌───┬───┬───┬───┬───┬───┬───┬───┬───┬───┬───┬───┬───┬──────┐
│ ^ │ 1 │ 2 │ 3 │ 4 │ 5 │ 6 │ 7 │ 8 │ 9 │ 0 │ - │ ` │ ←    │
├───┴─┬─┴─┬─┴─┬─┴─┬─┴─┬─┴─┬─┴─┬─┴─┬─┴─┬─┴─┬─┴─┬─┴─┬─┴─┬────┤
│   ⇥ │ ö │ ä │ c │ f │ j │ q │ w │ l │ g │ ü │ x │ ß │ Ret│
├─────┴┬──┴┬──┴┬──┴┬──┴┬──┴┬──┴┬──┴┬──┴┬──┴┬──┴┬──┴┬──┴┐   │
│    ⇩ │ a │ e │ n │ s │ k │ b │ t │ r │ h │ i │ ⇘ │ ´ │   │
├────┬─┴─┬─┴─┬─┴─┬─┴─┬─┴─┬─┴─┬─┴─┬─┴─┬─┴─┬─┴─┬─┴─┬─┴───┴───┤
│  ⇧ │ ⇚ │ o │ y │ p │ m │ z │ v │ d │ , │ . │ u │ ⇗       │
├────┼───┴┬──┴─┬─┴───┴───┴───┴───┴───┴─┬─┴──┬┴───┼────┬────┤
│Strg│ Fe │ Alt│      Leerzeichen      │ M4 │ Fe │ Me │Strg│
└────┴────┴────┴───────────────────────┴────┴────┴────┴────┘
# 9.671230164642521 x100 total penalty per letter
# 35.394100307894995 x10 billion total penalty compared to notime-noeffort
# 7.689828835622957 mean key position cost in file 1gramme.txt ( 56.2854091 )
# 7.085570036091799 % finger repeats in file 2gramme.txt ( 34.2049302864045 )
# 15.183929220346144 million keystrokes disbalance of the fingers ( 30.367858440692288 )
# 0.36865114720848474 % finger repeats top to bottom or vice versa ( 8.898145615694464 )
# 4.609688751774348 % of trigrams have no handswitching (after direction change counted x 1 ) ( 20.39010338958767 )
# 8.39754428103063 billion (rows²/dist)² to cross ( 109.16807565339818 )
# 0.019126334137426038 hand disbalance. Left: 0.519126334137426 %, Right: 0.48087366586257396 % ( 0.559977895227682 )
# 1.0979192834421578 badly positioned shortcut keys (weighted).
# 10.46362722306007 no handswitching after unbalancing key (weighted).
# 34.252247600703456 movement pattern cost (weighted).
# 0.8972469256617633 asymmetric bigram cost (weighted).
# 5.34235571712253 irregularity cost (weighted).
# 18.400069693905127 manually assigned bigram penalty (weighted)
# 10.636990430558535 unbalancing key after neighboring finger (weighted)
# 0.8972469256617633 asymmetrc bigrams (weighted)
# 12.976045823491535 inconsistent symmetries of similar keys (weighted)
# 5.34235571712253 irregularity cost for randomly sampled words (weighted).
# Finger load %: 12.6 11.7 9.6 9.9 - 12.3 9.1 6.6 12.5
 
