
# Evolved Layout
ßuoyj qdawbvz
rlenm gtish⇘
xüäcö pf,.k
┌───┬───┬───┬───┬───┬───┬───┬───┬───┬───┬───┬───┬───┬──────┐
│ ^ │ 1 │ 2 │ 3 │ 4 │ 5 │ 6 │ 7 │ 8 │ 9 │ 0 │ - │ ` │ ←    │
├───┴─┬─┴─┬─┴─┬─┴─┬─┴─┬─┴─┬─┴─┬─┴─┬─┴─┬─┴─┬─┴─┬─┴─┬─┴─┬────┤
│   ⇥ │ ß │ u │ o │ y │ j │ q │ d │ a │ w │ b │ v │ z │ Ret│
├─────┴┬──┴┬──┴┬──┴┬──┴┬──┴┬──┴┬──┴┬──┴┬──┴┬──┴┬──┴┬──┴┐   │
│    ⇩ │ r │ l │ e │ n │ m │ g │ t │ i │ s │ h │ ⇘ │ ´ │   │
├────┬─┴─┬─┴─┬─┴─┬─┴─┬─┴─┬─┴─┬─┴─┬─┴─┬─┴─┬─┴─┬─┴─┬─┴───┴───┤
│  ⇧ │ ⇚ │ x │ ü │ ä │ c │ ö │ p │ f │ , │ . │ k │ ⇗       │
├────┼───┴┬──┴─┬─┴───┴───┴───┴───┴───┴─┬─┴──┬┴───┼────┬────┤
│Strg│ Fe │ Alt│      Leerzeichen      │ M4 │ Fe │ Me │Strg│
└────┴────┴────┴───────────────────────┴────┴────┴────┴────┘
# 9.706545605931757 x100 total penalty per letter
# 35.52334532121073 x10 billion total penalty compared to notime-noeffort
# 7.350195748178742 mean key position cost in file 1gramme.txt ( 53.79947766 )
# 11.347924495661243 % finger repeats in file 2gramme.txt ( 54.78104997795916 )
# 12.76193224538636 million keystrokes disbalance of the fingers ( 25.52386449077272 )
# 0.33330808185295924 % finger repeats top to bottom or vice versa ( 8.045068812814971 )
# 4.457310072114521 % of trigrams have no handswitching (after direction change counted x 1 ) ( 19.71608455665957 )
# 7.6520651800938815 billion (rows²/dist)² to cross ( 99.47684734122046 )
# 0.00372172506141466 hand disbalance. Left: 0.5037217250614147 %, Right: 0.49627827493858534 % ( 0.10896409900258945 )
# 1.0979192834421578 badly positioned shortcut keys (weighted).
# 11.159487258666989 no handswitching after unbalancing key (weighted).
# 32.96655581686035 movement pattern cost (weighted).
# 0.8849383087385339 asymmetric bigram cost (weighted).
# 7.762434903618963 irregularity cost (weighted).
# 16.822415077640354 manually assigned bigram penalty (weighted)
# 14.245541181848832 unbalancing key after neighboring finger (weighted)
# 0.8849383087385339 asymmetrc bigrams (weighted)
# 8.842804442861638 inconsistent symmetries of similar keys (weighted)
# 7.762434903618963 irregularity cost for randomly sampled words (weighted).
# Finger load %: 11.5 5.8 13.8 11.4 - 13.5 11.1 7.2 10.0
 
