
# Evolved Layout
ßkpüö qgulmxj
hsneo ftirc⇘
vyzaä wd,.b
┌───┬───┬───┬───┬───┬───┬───┬───┬───┬───┬───┬───┬───┬──────┐
│ ^ │ 1 │ 2 │ 3 │ 4 │ 5 │ 6 │ 7 │ 8 │ 9 │ 0 │ - │ ` │ ←    │
├───┴─┬─┴─┬─┴─┬─┴─┬─┴─┬─┴─┬─┴─┬─┴─┬─┴─┬─┴─┬─┴─┬─┴─┬─┴─┬────┤
│   ⇥ │ ß │ k │ p │ ü │ ö │ q │ g │ u │ l │ m │ x │ j │ Ret│
├─────┴┬──┴┬──┴┬──┴┬──┴┬──┴┬──┴┬──┴┬──┴┬──┴┬──┴┬──┴┬──┴┐   │
│    ⇩ │ h │ s │ n │ e │ o │ f │ t │ i │ r │ c │ ⇘ │ ´ │   │
├────┬─┴─┬─┴─┬─┴─┬─┴─┬─┴─┬─┴─┬─┴─┬─┴─┬─┴─┬─┴─┬─┴─┬─┴───┴───┤
│  ⇧ │ ⇚ │ v │ y │ z │ a │ ä │ w │ d │ , │ . │ b │ ⇗       │
├────┼───┴┬──┴─┬─┴───┴───┴───┴───┴───┴─┬─┴──┬┴───┼────┬────┤
│Strg│ Fe │ Alt│      Leerzeichen      │ M4 │ Fe │ Me │Strg│
└────┴────┴────┴───────────────────────┴────┴────┴────┴────┘
# 9.997257758149324 x100 total penalty per letter
# 36.58727358071286 x10 billion total penalty compared to notime-noeffort
# 7.36863131926785 mean key position cost in file 1gramme.txt ( 53.93441612 )
# 10.789447303948425 % finger repeats in file 2gramme.txt ( 52.08505328160579 )
# 12.278241848664305 million keystrokes disbalance of the fingers ( 24.55648369732861 )
# 0.37917258137077603 % finger repeats top to bottom or vice versa ( 9.152101839541679 )
# 4.066895091085047 % of trigrams have no handswitching (after direction change counted x 1 ) ( 17.989156285207244 )
# 8.047654190503941 billion (rows²/dist)² to cross ( 104.61950447655124 )
# 0.006256033223557278 hand disbalance. Left: 0.5062560332235573 %, Right: 0.4937439667764428 % ( 0.1831631870399557 )
# 0.7319461889614385 badly positioned shortcut keys (weighted).
# 11.451383525605358 no handswitching after unbalancing key (weighted).
# 24.407188416428628 movement pattern cost (weighted).
# 0.8705003705444635 asymmetric bigram cost (weighted).
# 18.110004007598096 irregularity cost (weighted).
# 16.15535118430496 manually assigned bigram penalty (weighted)
# 13.473038595194158 unbalancing key after neighboring finger (weighted)
# 0.8705003705444635 asymmetrc bigrams (weighted)
# 18.153444631217038 inconsistent symmetries of similar keys (weighted)
# 18.110004007598096 irregularity cost for randomly sampled words (weighted).
# Finger load %: 9.6 6.3 8.1 18.8 - 13.7 9.2 9.3 9.5
 
