
# Evolved Layout
öüabä qxdpfjß
heosg mntic⇘
uyzkv lr,.w
┌───┬───┬───┬───┬───┬───┬───┬───┬───┬───┬───┬───┬───┬──────┐
│ ^ │ 1 │ 2 │ 3 │ 4 │ 5 │ 6 │ 7 │ 8 │ 9 │ 0 │ - │ ` │ ←    │
├───┴─┬─┴─┬─┴─┬─┴─┬─┴─┬─┴─┬─┴─┬─┴─┬─┴─┬─┴─┬─┴─┬─┴─┬─┴─┬────┤
│   ⇥ │ ö │ ü │ a │ b │ ä │ q │ x │ d │ p │ f │ j │ ß │ Ret│
├─────┴┬──┴┬──┴┬──┴┬──┴┬──┴┬──┴┬──┴┬──┴┬──┴┬──┴┬──┴┬──┴┐   │
│    ⇩ │ h │ e │ o │ s │ g │ m │ n │ t │ i │ c │ ⇘ │ ´ │   │
├────┬─┴─┬─┴─┬─┴─┬─┴─┬─┴─┬─┴─┬─┴─┬─┴─┬─┴─┬─┴─┬─┴─┬─┴───┴───┤
│  ⇧ │ ⇚ │ u │ y │ z │ k │ v │ l │ r │ , │ . │ w │ ⇗       │
├────┼───┴┬──┴─┬─┴───┴───┴───┴───┴───┴─┬─┴──┬┴───┼────┬────┤
│Strg│ Fe │ Alt│      Leerzeichen      │ M4 │ Fe │ Me │Strg│
└────┴────┴────┴───────────────────────┴────┴────┴────┴────┘
# 10.129068731206907 x100 total penalty per letter
# 37.069666277676845 x10 billion total penalty compared to notime-noeffort
# 7.541615636844058 mean key position cost in file 1gramme.txt ( 55.20056824 )
# 12.822608139521078 % finger repeats in file 2gramme.txt ( 61.89994810129895 )
# 12.547425635026608 million keystrokes disbalance of the fingers ( 25.094851270053216 )
# 0.3752375184665122 % finger repeats top to bottom or vice versa ( 9.057121088785314 )
# 3.5451339970961357 % of trigrams have no handswitching (after direction change counted x 1 ) ( 15.68124283942347 )
# 8.290899900538767 billion (rows²/dist)² to cross ( 107.78169870700397 )
# 0.015519793813823846 hand disbalance. Left: 0.48448020618617615 %, Right: 0.5155197938138238 % ( 0.4543861574198269 )
# 1.0979192834421578 badly positioned shortcut keys (weighted).
# 14.023888510380953 no handswitching after unbalancing key (weighted).
# 30.862193344678023 movement pattern cost (weighted).
# 0.8724218381983464 asymmetric bigram cost (weighted).
# 3.7740966810141416 irregularity cost (weighted).
# 17.461540445858024 manually assigned bigram penalty (weighted)
# 13.687558166692853 unbalancing key after neighboring finger (weighted)
# 0.8724218381983464 asymmetrc bigrams (weighted)
# 13.747228102519115 inconsistent symmetries of similar keys (weighted)
# 3.7740966810141416 irregularity cost for randomly sampled words (weighted).
# Finger load %: 11.2 11.7 7.8 10.2 - 17.3 9.3 7.9 8.9
 
