
# Evolved Layout
juckb qülmwzß
aintg äersh⇘
xöpdv yo,.f
┌───┬───┬───┬───┬───┬───┬───┬───┬───┬───┬───┬───┬───┬──────┐
│ ^ │ 1 │ 2 │ 3 │ 4 │ 5 │ 6 │ 7 │ 8 │ 9 │ 0 │ - │ ` │ ←    │
├───┴─┬─┴─┬─┴─┬─┴─┬─┴─┬─┴─┬─┴─┬─┴─┬─┴─┬─┴─┬─┴─┬─┴─┬─┴─┬────┤
│   ⇥ │ j │ u │ c │ k │ b │ q │ ü │ l │ m │ w │ z │ ß │ Ret│
├─────┴┬──┴┬──┴┬──┴┬──┴┬──┴┬──┴┬──┴┬──┴┬──┴┬──┴┬──┴┬──┴┐   │
│    ⇩ │ a │ i │ n │ t │ g │ ä │ e │ r │ s │ h │ ⇘ │ ´ │   │
├────┬─┴─┬─┴─┬─┴─┬─┴─┬─┴─┬─┴─┬─┴─┬─┴─┬─┴─┬─┴─┬─┴─┬─┴───┴───┤
│  ⇧ │ ⇚ │ x │ ö │ p │ d │ v │ y │ o │ , │ . │ f │ ⇗       │
├────┼───┴┬──┴─┬─┴───┴───┴───┴───┴───┴─┬─┴──┬┴───┼────┬────┤
│Strg│ Fe │ Alt│      Leerzeichen      │ M4 │ Fe │ Me │Strg│
└────┴────┴────┴───────────────────────┴────┴────┴────┴────┘
# 9.914652464818666 x100 total penalty per letter
# 36.28496043250578 x10 billion total penalty compared to notime-noeffort
# 7.396038161878048 mean key position cost in file 1gramme.txt ( 54.13501946 )
# 9.71364428148514 % finger repeats in file 2gramme.txt ( 46.8917142562595 )
# 12.10488692867167 million keystrokes disbalance of the fingers ( 24.20977385734334 )
# 0.3518762762123667 % finger repeats top to bottom or vice versa ( 8.493249968581415 )
# 4.886392309277843 % of trigrams have no handswitching (after direction change counted x 1 ) ( 21.61405026530488 )
# 9.304517571947303 billion (rows²/dist)² to cross ( 120.95872843531492 )
# 0.010880340586287562 hand disbalance. Left: 0.48911965941371244 %, Right: 0.5108803405862875 % ( 0.3185529530694258 )
# 0.7319461889614385 badly positioned shortcut keys (weighted).
# 12.765904409758807 no handswitching after unbalancing key (weighted).
# 26.400680355341656 movement pattern cost (weighted).
# 0.8838641610889933 asymmetric bigram cost (weighted).
# 2.815700820148927 irregularity cost (weighted).
# 17.637135442784746 manually assigned bigram penalty (weighted)
# 12.411510622844473 unbalancing key after neighboring finger (weighted)
# 0.8838641610889933 asymmetrc bigrams (weighted)
# 12.581773128255305 inconsistent symmetries of similar keys (weighted)
# 2.815700820148927 irregularity cost for randomly sampled words (weighted).
# Finger load %: 10.0 8.3 9.6 13.3 - 15.5 9.1 8.0 10.6
 
