
# Evolved Layout
ßplfj qkouüöx
rtnsm wheia⇘
cvzgy bd,.ä
┌───┬───┬───┬───┬───┬───┬───┬───┬───┬───┬───┬───┬───┬──────┐
│ ^ │ 1 │ 2 │ 3 │ 4 │ 5 │ 6 │ 7 │ 8 │ 9 │ 0 │ - │ ` │ ←    │
├───┴─┬─┴─┬─┴─┬─┴─┬─┴─┬─┴─┬─┴─┬─┴─┬─┴─┬─┴─┬─┴─┬─┴─┬─┴─┬────┤
│   ⇥ │ ß │ p │ l │ f │ j │ q │ k │ o │ u │ ü │ ö │ x │ Ret│
├─────┴┬──┴┬──┴┬──┴┬──┴┬──┴┬──┴┬──┴┬──┴┬──┴┬──┴┬──┴┬──┴┐   │
│    ⇩ │ r │ t │ n │ s │ m │ w │ h │ e │ i │ a │ ⇘ │ ´ │   │
├────┬─┴─┬─┴─┬─┴─┬─┴─┬─┴─┬─┴─┬─┴─┬─┴─┬─┴─┬─┴─┬─┴─┬─┴───┴───┤
│  ⇧ │ ⇚ │ c │ v │ z │ g │ y │ b │ d │ , │ . │ ä │ ⇗       │
├────┼───┴┬──┴─┬─┴───┴───┴───┴───┴───┴─┬─┴──┬┴───┼────┬────┤
│Strg│ Fe │ Alt│      Leerzeichen      │ M4 │ Fe │ Me │Strg│
└────┴────┴────┴───────────────────────┴────┴────┴────┴────┘
# 9.90738325299462 x100 total penalty per letter
# 36.258357073048955 x10 billion total penalty compared to notime-noeffort
# 7.3582588026614415 mean key position cost in file 1gramme.txt ( 53.85849488 )
# 10.604487033808267 % finger repeats in file 2gramme.txt ( 51.19217478154538 )
# 13.232277484153498 million keystrokes disbalance of the fingers ( 26.464554968306995 )
# 0.33871303431286526 % finger repeats top to bottom or vice versa ( 8.175528339113287 )
# 2.688572517982383 % of trigrams have no handswitching (after direction change counted x 1 ) ( 11.892401974203482 )
# 8.447780784423772 billion (rows²/dist)² to cross ( 109.82115019750903 )
# 0.02644019425382521 hand disbalance. Left: 0.4735598057461748 %, Right: 0.5264401942538253 % ( 0.7741119767794995 )
# 0.36597309448071924 badly positioned shortcut keys (weighted).
# 10.900143267703301 no handswitching after unbalancing key (weighted).
# 31.75603583884326 movement pattern cost (weighted).
# 0.8653311920879538 asymmetric bigram cost (weighted).
# 16.29577048527452 irregularity cost (weighted).
# 18.548996040959803 manually assigned bigram penalty (weighted)
# 11.762168572617227 unbalancing key after neighboring finger (weighted)
# 0.8653311920879538 asymmetrc bigrams (weighted)
# 9.910735121065098 inconsistent symmetries of similar keys (weighted)
# 16.29577048527452 irregularity cost for randomly sampled words (weighted).
# Finger load %: 12.7 6.7 9.9 10.7 - 11.0 14.7 9.4 9.3
 
