
# Evolved Layout
äuokj qfplzxß
ahesm ctirn⇘
vüögy bd,.w
┌───┬───┬───┬───┬───┬───┬───┬───┬───┬───┬───┬───┬───┬──────┐
│ ^ │ 1 │ 2 │ 3 │ 4 │ 5 │ 6 │ 7 │ 8 │ 9 │ 0 │ - │ ` │ ←    │
├───┴─┬─┴─┬─┴─┬─┴─┬─┴─┬─┴─┬─┴─┬─┴─┬─┴─┬─┴─┬─┴─┬─┴─┬─┴─┬────┤
│   ⇥ │ ä │ u │ o │ k │ j │ q │ f │ p │ l │ z │ x │ ß │ Ret│
├─────┴┬──┴┬──┴┬──┴┬──┴┬──┴┬──┴┬──┴┬──┴┬──┴┬──┴┬──┴┬──┴┐   │
│    ⇩ │ a │ h │ e │ s │ m │ c │ t │ i │ r │ n │ ⇘ │ ´ │   │
├────┬─┴─┬─┴─┬─┴─┬─┴─┬─┴─┬─┴─┬─┴─┬─┴─┬─┴─┬─┴─┬─┴─┬─┴───┴───┤
│  ⇧ │ ⇚ │ v │ ü │ ö │ g │ y │ b │ d │ , │ . │ w │ ⇗       │
├────┼───┴┬──┴─┬─┴───┴───┴───┴───┴───┴─┬─┴──┬┴───┼────┬────┤
│Strg│ Fe │ Alt│      Leerzeichen      │ M4 │ Fe │ Me │Strg│
└────┴────┴────┴───────────────────────┴────┴────┴────┴────┘
# 9.637073613629072 x100 total penalty per letter
# 35.269096521183194 x10 billion total penalty compared to notime-noeffort
# 7.25184535974084 mean key position cost in file 1gramme.txt ( 53.07960574 )
# 10.706631295459843 % finger repeats in file 2gramme.txt ( 51.685266703741036 )
# 13.96313820297233 million keystrokes disbalance of the fingers ( 27.92627640594466 )
# 0.3808222522359123 % finger repeats top to bottom or vice versa ( 9.191920002829937 )
# 3.4481616616531845 % of trigrams have no handswitching (after direction change counted x 1 ) ( 15.252303695788125 )
# 8.207951866345848 billion (rows²/dist)² to cross ( 106.70337426249601 )
# 0.014935463651033598 hand disbalance. Left: 0.4850645363489664 %, Right: 0.5149354636510336 % ( 0.4372782279898454 )
# 1.0979192834421578 badly positioned shortcut keys (weighted).
# 11.512493288814916 no handswitching after unbalancing key (weighted).
# 28.895641152230436 movement pattern cost (weighted).
# 0.8731098062428592 asymmetric bigram cost (weighted).
# 3.8768554874222287 irregularity cost (weighted).
# 19.723833489725262 manually assigned bigram penalty (weighted)
# 13.910721451221923 unbalancing key after neighboring finger (weighted)
# 0.8731098062428592 asymmetrc bigrams (weighted)
# 8.524366213942406 inconsistent symmetries of similar keys (weighted)
# 3.8768554874222287 irregularity cost for randomly sampled words (weighted).
# Finger load %: 10.8 6.2 13.6 10.3 - 14.1 7.7 9.3 12.4
 
