
# Evolved Layout
juaäü wblmxzß
ghiey ctrns⇘
kvqoö pd,.f
┌───┬───┬───┬───┬───┬───┬───┬───┬───┬───┬───┬───┬───┬──────┐
│ ^ │ 1 │ 2 │ 3 │ 4 │ 5 │ 6 │ 7 │ 8 │ 9 │ 0 │ - │ ` │ ←    │
├───┴─┬─┴─┬─┴─┬─┴─┬─┴─┬─┴─┬─┴─┬─┴─┬─┴─┬─┴─┬─┴─┬─┴─┬─┴─┬────┤
│   ⇥ │ j │ u │ a │ ä │ ü │ w │ b │ l │ m │ x │ z │ ß │ Ret│
├─────┴┬──┴┬──┴┬──┴┬──┴┬──┴┬──┴┬──┴┬──┴┬──┴┬──┴┬──┴┬──┴┐   │
│    ⇩ │ g │ h │ i │ e │ y │ c │ t │ r │ n │ s │ ⇘ │ ´ │   │
├────┬─┴─┬─┴─┬─┴─┬─┴─┬─┴─┬─┴─┬─┴─┬─┴─┬─┴─┬─┴─┬─┴─┬─┴───┴───┤
│  ⇧ │ ⇚ │ k │ v │ q │ o │ ö │ p │ d │ , │ . │ f │ ⇗       │
├────┼───┴┬──┴─┬─┴───┴───┴───┴───┴───┴─┬─┴──┬┴───┼────┬────┤
│Strg│ Fe │ Alt│      Leerzeichen      │ M4 │ Fe │ Me │Strg│
└────┴────┴────┴───────────────────────┴────┴────┴────┴────┘
# 9.263134546150996 x100 total penalty per letter
# 33.90058014446133 x10 billion total penalty compared to notime-noeffort
# 7.411549370449417 mean key position cost in file 1gramme.txt ( 54.24855316 )
# 11.978777146293739 % finger repeats in file 2gramme.txt ( 57.82643247025896 )
# 11.66415845275776 million keystrokes disbalance of the fingers ( 23.32831690551552 )
# 0.33266928349054214 % finger repeats top to bottom or vice versa ( 8.029650114430613 )
# 2.30041473286873 % of trigrams have no handswitching (after direction change counted x 1 ) ( 10.175457990318607 )
# 8.02243085201343 billion (rows²/dist)² to cross ( 104.29160107617459 )
# 0.022139965408590756 hand disbalance. Left: 0.47786003459140924 %, Right: 0.5221399654085908 % ( 0.6482105321822433 )
# 1.0979192834421578 badly positioned shortcut keys (weighted).
# 13.495037766865337 no handswitching after unbalancing key (weighted).
# 22.04591717321652 movement pattern cost (weighted).
# 0.884620884724832 asymmetric bigram cost (weighted).
# 3.303914251993739 irregularity cost (weighted).
# 19.18964653824859 manually assigned bigram penalty (weighted)
# 10.781073494501104 unbalancing key after neighboring finger (weighted)
# 0.884620884724832 asymmetrc bigrams (weighted)
# 9.659449802740424 inconsistent symmetries of similar keys (weighted)
# 3.303914251993739 irregularity cost for randomly sampled words (weighted).
# Finger load %: 9.0 6.6 10.0 14.8 - 14.8 9.1 9.7 10.5
 
