
# Evolved Layout
ßlskj fwyoöxq
unrtp cdeai⇘
hüzgv bm,.ä
┌───┬───┬───┬───┬───┬───┬───┬───┬───┬───┬───┬───┬───┬──────┐
│ ^ │ 1 │ 2 │ 3 │ 4 │ 5 │ 6 │ 7 │ 8 │ 9 │ 0 │ - │ ` │ ←    │
├───┴─┬─┴─┬─┴─┬─┴─┬─┴─┬─┴─┬─┴─┬─┴─┬─┴─┬─┴─┬─┴─┬─┴─┬─┴─┬────┤
│   ⇥ │ ß │ l │ s │ k │ j │ f │ w │ y │ o │ ö │ x │ q │ Ret│
├─────┴┬──┴┬──┴┬──┴┬──┴┬──┴┬──┴┬──┴┬──┴┬──┴┬──┴┬──┴┬──┴┐   │
│    ⇩ │ u │ n │ r │ t │ p │ c │ d │ e │ a │ i │ ⇘ │ ´ │   │
├────┬─┴─┬─┴─┬─┴─┬─┴─┬─┴─┬─┴─┬─┴─┬─┴─┬─┴─┬─┴─┬─┴─┬─┴───┴───┤
│  ⇧ │ ⇚ │ h │ ü │ z │ g │ v │ b │ m │ , │ . │ ä │ ⇗       │
├────┼───┴┬──┴─┬─┴───┴───┴───┴───┴───┴─┬─┴──┬┴───┼────┬────┤
│Strg│ Fe │ Alt│      Leerzeichen      │ M4 │ Fe │ Me │Strg│
└────┴────┴────┴───────────────────────┴────┴────┴────┴────┘
# 9.972448661646462 x100 total penalty per letter
# 36.496478962528634 x10 billion total penalty compared to notime-noeffort
# 7.742269657884035 mean key position cost in file 1gramme.txt ( 56.6692477 )
# 11.32539771596063 % finger repeats in file 2gramme.txt ( 54.6723040442782 )
# 12.106159663573662 million keystrokes disbalance of the fingers ( 24.212319327147323 )
# 0.3858231782346218 % finger repeats top to bottom or vice versa ( 9.312627528323311 )
# 3.7069115212109494 % of trigrams have no handswitching (after direction change counted x 1 ) ( 16.39683571791073 )
# 8.337677320562081 billion (rows²/dist)² to cross ( 108.38980516730703 )
# 0.0123159515623944 hand disbalance. Left: 0.4876840484376056 %, Right: 0.5123159515623944 % ( 0.36058455238113024 )
# 1.0979192834421578 badly positioned shortcut keys (weighted).
# 13.90176271957499 no handswitching after unbalancing key (weighted).
# 25.526548822687577 movement pattern cost (weighted).
# 0.8699099671263715 asymmetric bigram cost (weighted).
# 7.519787154916174 irregularity cost (weighted).
# 18.577763128082985 manually assigned bigram penalty (weighted)
# 15.928440366671069 unbalancing key after neighboring finger (weighted)
# 0.8699099671263715 asymmetrc bigrams (weighted)
# 11.528934145437256 inconsistent symmetries of similar keys (weighted)
# 7.519787154916174 irregularity cost for randomly sampled words (weighted).
# Finger load %: 11.2 9.7 10.4 9.8 - 12.2 12.4 8.6 10.0
 
