
# Evolved Layout
jülpq vfudkßx
aernä wsith⇘
oyzcö bm,.g
┌───┬───┬───┬───┬───┬───┬───┬───┬───┬───┬───┬───┬───┬──────┐
│ ^ │ 1 │ 2 │ 3 │ 4 │ 5 │ 6 │ 7 │ 8 │ 9 │ 0 │ - │ ` │ ←    │
├───┴─┬─┴─┬─┴─┬─┴─┬─┴─┬─┴─┬─┴─┬─┴─┬─┴─┬─┴─┬─┴─┬─┴─┬─┴─┬────┤
│   ⇥ │ j │ ü │ l │ p │ q │ v │ f │ u │ d │ k │ ß │ x │ Ret│
├─────┴┬──┴┬──┴┬──┴┬──┴┬──┴┬──┴┬──┴┬──┴┬──┴┬──┴┬──┴┬──┴┐   │
│    ⇩ │ a │ e │ r │ n │ ä │ w │ s │ i │ t │ h │ ⇘ │ ´ │   │
├────┬─┴─┬─┴─┬─┴─┬─┴─┬─┴─┬─┴─┬─┴─┬─┴─┬─┴─┬─┴─┬─┴─┬─┴───┴───┤
│  ⇧ │ ⇚ │ o │ y │ z │ c │ ö │ b │ m │ , │ . │ g │ ⇗       │
├────┼───┴┬──┴─┬─┴───┴───┴───┴───┴───┴─┬─┴──┬┴───┼────┬────┤
│Strg│ Fe │ Alt│      Leerzeichen      │ M4 │ Fe │ Me │Strg│
└────┴────┴────┴───────────────────────┴────┴────┴────┴────┘
# 9.635353537322818 x100 total penalty per letter
# 35.26280150469776 x10 billion total penalty compared to notime-noeffort
# 7.578764561737814 mean key position cost in file 1gramme.txt ( 55.47247838 )
# 7.944029474553648 % finger repeats in file 2gramme.txt ( 38.3490633761523 )
# 13.932474082820956 million keystrokes disbalance of the fingers ( 27.86494816564191 )
# 0.42914081454534075 % finger repeats top to bottom or vice versa ( 10.358186828868464 )
# 4.125912665053842 % of trigrams have no handswitching (after direction change counted x 1 ) ( 18.250209579654335 )
# 7.842261030187954 billion (rows²/dist)² to cross ( 101.94939339244341 )
# 0.018137641180043018 hand disbalance. Left: 0.518137641180043 %, Right: 0.481862358819957 % ( 0.5310310935393014 )
# 1.0979192834421578 badly positioned shortcut keys (weighted).
# 10.771932332773863 no handswitching after unbalancing key (weighted).
# 39.54339960850199 movement pattern cost (weighted).
# 0.8875363724284188 asymmetric bigram cost (weighted).
# 4.388674381574598 irregularity cost (weighted).
# 18.443462435697235 manually assigned bigram penalty (weighted)
# 10.223059264456277 unbalancing key after neighboring finger (weighted)
# 0.8875363724284188 asymmetrc bigrams (weighted)
# 14.49672055180334 inconsistent symmetries of similar keys (weighted)
# 4.388674381574598 irregularity cost for randomly sampled words (weighted).
# Finger load %: 13.3 11.7 8.5 10.2 - 12.1 9.2 9.5 9.8
 
