
# Evolved Layout
ökiäü pfclvjß
hoaey wtnrs⇘
gzxuq bd,.m
┌───┬───┬───┬───┬───┬───┬───┬───┬───┬───┬───┬───┬───┬──────┐
│ ^ │ 1 │ 2 │ 3 │ 4 │ 5 │ 6 │ 7 │ 8 │ 9 │ 0 │ - │ ` │ ←    │
├───┴─┬─┴─┬─┴─┬─┴─┬─┴─┬─┴─┬─┴─┬─┴─┬─┴─┬─┴─┬─┴─┬─┴─┬─┴─┬────┤
│   ⇥ │ ö │ k │ i │ ä │ ü │ p │ f │ c │ l │ v │ j │ ß │ Ret│
├─────┴┬──┴┬──┴┬──┴┬──┴┬──┴┬──┴┬──┴┬──┴┬──┴┬──┴┬──┴┬──┴┐   │
│    ⇩ │ h │ o │ a │ e │ y │ w │ t │ n │ r │ s │ ⇘ │ ´ │   │
├────┬─┴─┬─┴─┬─┴─┬─┴─┬─┴─┬─┴─┬─┴─┬─┴─┬─┴─┬─┴─┬─┴─┬─┴───┴───┤
│  ⇧ │ ⇚ │ g │ z │ x │ u │ q │ b │ d │ , │ . │ m │ ⇗       │
├────┼───┴┬──┴─┬─┴───┴───┴───┴───┴───┴─┬─┴──┬┴───┼────┬────┤
│Strg│ Fe │ Alt│      Leerzeichen      │ M4 │ Fe │ Me │Strg│
└────┴────┴────┴───────────────────────┴────┴────┴────┴────┘
# 9.323033871294125 x100 total penalty per letter
# 34.119795558260705 x10 billion total penalty compared to notime-noeffort
# 7.539391828557946 mean key position cost in file 1gramme.txt ( 55.18429116 )
# 12.31631782143327 % finger repeats in file 2gramme.txt ( 59.45587868321909 )
# 13.419541867324435 million keystrokes disbalance of the fingers ( 26.83908373464887 )
# 0.42212988081276065 % finger repeats top to bottom or vice versa ( 10.188963676501054 )
# 2.0743319539471488 % of trigrams have no handswitching (after direction change counted x 1 ) ( 9.175422741725756 )
# 7.975514148195284 billion (rows²/dist)² to cross ( 103.6816839265387 )
# 0.02124656481136189 hand disbalance. Left: 0.4787534351886381 %, Right: 0.5212465648113619 % ( 0.6220536856879416 )
# 0.7319461889614385 badly positioned shortcut keys (weighted).
# 14.771057511181423 no handswitching after unbalancing key (weighted).
# 20.0754385462114 movement pattern cost (weighted).
# 0.8772907889578807 asymmetric bigram cost (weighted).
# 4.917323298857309 irregularity cost (weighted).
# 20.19828927721668 manually assigned bigram penalty (weighted)
# 8.907560859937805 unbalancing key after neighboring finger (weighted)
# 0.8772907889578807 asymmetrc bigrams (weighted)
# 5.571671502961733 inconsistent symmetries of similar keys (weighted)
# 4.917323298857309 irregularity cost for randomly sampled words (weighted).
# Finger load %: 11.3 4.5 10.1 14.5 - 14.0 9.8 9.3 10.9
 
