
# Evolved Layout
öüczj vdugkqß
aenrm btihs⇘
oäylx wp,.f
┌───┬───┬───┬───┬───┬───┬───┬───┬───┬───┬───┬───┬───┬──────┐
│ ^ │ 1 │ 2 │ 3 │ 4 │ 5 │ 6 │ 7 │ 8 │ 9 │ 0 │ - │ ` │ ←    │
├───┴─┬─┴─┬─┴─┬─┴─┬─┴─┬─┴─┬─┴─┬─┴─┬─┴─┬─┴─┬─┴─┬─┴─┬─┴─┬────┤
│   ⇥ │ ö │ ü │ c │ z │ j │ v │ d │ u │ g │ k │ q │ ß │ Ret│
├─────┴┬──┴┬──┴┬──┴┬──┴┬──┴┬──┴┬──┴┬──┴┬──┴┬──┴┬──┴┬──┴┐   │
│    ⇩ │ a │ e │ n │ r │ m │ b │ t │ i │ h │ s │ ⇘ │ ´ │   │
├────┬─┴─┬─┴─┬─┴─┬─┴─┬─┴─┬─┴─┬─┴─┬─┴─┬─┴─┬─┴─┬─┴─┬─┴───┴───┤
│  ⇧ │ ⇚ │ o │ ä │ y │ l │ x │ w │ p │ , │ . │ f │ ⇗       │
├────┼───┴┬──┴─┬─┴───┴───┴───┴───┴───┴─┬─┴──┬┴───┼────┬────┤
│Strg│ Fe │ Alt│      Leerzeichen      │ M4 │ Fe │ Me │Strg│
└────┴────┴────┴───────────────────────┴────┴────┴────┴────┘
# 9.555164307527145 x100 total penalty per letter
# 34.96933049897429 x10 billion total penalty compared to notime-noeffort
# 7.5391375912891325 mean key position cost in file 1gramme.txt ( 55.18243028 )
# 7.637111651210938 % finger repeats in file 2gramme.txt ( 36.8674461318631 )
# 14.414763281893865 million keystrokes disbalance of the fingers ( 28.82952656378773 )
# 0.35131314136021596 % finger repeats top to bottom or vice versa ( 8.479657562986983 )
# 4.9427401216903135 % of trigrams have no handswitching (after direction change counted x 1 ) ( 21.86329436457842 )
# 7.691446689201252 billion (rows²/dist)² to cross ( 99.98880695961627 )
# 0.029504013460560752 hand disbalance. Left: 0.5295040134605608 %, Right: 0.47049598653943925 % ( 0.8638140084609771 )
# 0.7319461889614385 badly positioned shortcut keys (weighted).
# 12.79678402367384 no handswitching after unbalancing key (weighted).
# 31.338575490292964 movement pattern cost (weighted).
# 0.875029684263493 asymmetric bigram cost (weighted).
# 5.804707394496887 irregularity cost (weighted).
# 20.961811345142166 manually assigned bigram penalty (weighted)
# 10.37656081687597 unbalancing key after neighboring finger (weighted)
# 0.875029684263493 asymmetrc bigrams (weighted)
# 14.732914174742607 inconsistent symmetries of similar keys (weighted)
# 5.804707394496887 irregularity cost for randomly sampled words (weighted).
# Finger load %: 13.2 11.6 9.0 10.9 - 13.3 9.2 6.6 10.6
 
