
# Evolved Layout
jälüö vwmpkzß
uerio gtsnh⇘
cyxaq bd,.f
┌───┬───┬───┬───┬───┬───┬───┬───┬───┬───┬───┬───┬───┬──────┐
│ ^ │ 1 │ 2 │ 3 │ 4 │ 5 │ 6 │ 7 │ 8 │ 9 │ 0 │ - │ ` │ ←    │
├───┴─┬─┴─┬─┴─┬─┴─┬─┴─┬─┴─┬─┴─┬─┴─┬─┴─┬─┴─┬─┴─┬─┴─┬─┴─┬────┤
│   ⇥ │ j │ ä │ l │ ü │ ö │ v │ w │ m │ p │ k │ z │ ß │ Ret│
├─────┴┬──┴┬──┴┬──┴┬──┴┬──┴┬──┴┬──┴┬──┴┬──┴┬──┴┬──┴┬──┴┐   │
│    ⇩ │ u │ e │ r │ i │ o │ g │ t │ s │ n │ h │ ⇘ │ ´ │   │
├────┬─┴─┬─┴─┬─┴─┬─┴─┬─┴─┬─┴─┬─┴─┬─┴─┬─┴─┬─┴─┬─┴─┬─┴───┴───┤
│  ⇧ │ ⇚ │ c │ y │ x │ a │ q │ b │ d │ , │ . │ f │ ⇗       │
├────┼───┴┬──┴─┬─┴───┴───┴───┴───┴───┴─┬─┴──┬┴───┼────┬────┤
│Strg│ Fe │ Alt│      Leerzeichen      │ M4 │ Fe │ Me │Strg│
└────┴────┴────┴───────────────────────┴────┴────┴────┴────┘
# 9.268451338901391 x100 total penalty per letter
# 33.920038175417076 x10 billion total penalty compared to notime-noeffort
# 7.40141850548717 mean key position cost in file 1gramme.txt ( 54.17440068 )
# 9.219461342097238 % finger repeats in file 2gramme.txt ( 44.506092082688106 )
# 12.343433234457562 million keystrokes disbalance of the fingers ( 24.686866468915124 )
# 0.3332594337797872 % finger repeats top to bottom or vice versa ( 8.043894592573732 )
# 2.9244293399367494 % of trigrams have no handswitching (after direction change counted x 1 ) ( 12.93567088968893 )
# 7.884523365848635 billion (rows²/dist)² to cross ( 102.49880375603226 )
# 0.02034347018981264 hand disbalance. Left: 0.5203434701898126 %, Right: 0.4796565298101874 % ( 0.5956130190273599 )
# 0.7319461889614385 badly positioned shortcut keys (weighted).
# 13.680328120330131 no handswitching after unbalancing key (weighted).
# 30.622468707341184 movement pattern cost (weighted).
# 0.85939952641089 asymmetric bigram cost (weighted).
# 6.082741588836149 irregularity cost (weighted).
# 18.191745043726986 manually assigned bigram penalty (weighted)
# 13.482007400675746 unbalancing key after neighboring finger (weighted)
# 0.85939952641089 asymmetrc bigrams (weighted)
# 8.108403688962824 inconsistent symmetries of similar keys (weighted)
# 6.082741588836149 irregularity cost for randomly sampled words (weighted).
# Finger load %: 10.9 11.7 8.0 13.3 - 14.3 7.8 8.8 9.6
 
