
# Evolved Layout
jüfgw äölhkqß
uentm zirds⇘
cxypv oa,.b
┌───┬───┬───┬───┬───┬───┬───┬───┬───┬───┬───┬───┬───┬──────┐
│ ^ │ 1 │ 2 │ 3 │ 4 │ 5 │ 6 │ 7 │ 8 │ 9 │ 0 │ - │ ` │ ←    │
├───┴─┬─┴─┬─┴─┬─┴─┬─┴─┬─┴─┬─┴─┬─┴─┬─┴─┬─┴─┬─┴─┬─┴─┬─┴─┬────┤
│   ⇥ │ j │ ü │ f │ g │ w │ ä │ ö │ l │ h │ k │ q │ ß │ Ret│
├─────┴┬──┴┬──┴┬──┴┬──┴┬──┴┬──┴┬──┴┬──┴┬──┴┬──┴┬──┴┬──┴┐   │
│    ⇩ │ u │ e │ n │ t │ m │ z │ i │ r │ d │ s │ ⇘ │ ´ │   │
├────┬─┴─┬─┴─┬─┴─┬─┴─┬─┴─┬─┴─┬─┴─┬─┴─┬─┴─┬─┴─┬─┴─┬─┴───┴───┤
│  ⇧ │ ⇚ │ c │ x │ y │ p │ v │ o │ a │ , │ . │ b │ ⇗       │
├────┼───┴┬──┴─┬─┴───┴───┴───┴───┴───┴─┬─┴──┬┴───┼────┬────┤
│Strg│ Fe │ Alt│      Leerzeichen      │ M4 │ Fe │ Me │Strg│
└────┴────┴────┴───────────────────────┴────┴────┴────┴────┘
# 10.00183647004034 x100 total penalty per letter
# 36.60403043430777 x10 billion total penalty compared to notime-noeffort
# 7.6288918122834595 mean key position cost in file 1gramme.txt ( 55.83938288 )
# 10.571332446429825 % finger repeats in file 2gramme.txt ( 51.03212409484303 )
# 12.60238980123789 million keystrokes disbalance of the fingers ( 25.20477960247578 )
# 0.2985181138034911 % finger repeats top to bottom or vice versa ( 7.205342138929278 )
# 4.442889951583209 % of trigrams have no handswitching (after direction change counted x 1 ) ( 19.652299827503917 )
# 8.598260505492428 billion (rows²/dist)² to cross ( 111.77738657140156 )
# 0.003847761152755702 hand disbalance. Left: 0.4961522388472443 %, Right: 0.5038477611527556 % ( 0.11265416447173632 )
# 0.7319461889614385 badly positioned shortcut keys (weighted).
# 15.04123148198875 no handswitching after unbalancing key (weighted).
# 30.051766430359315 movement pattern cost (weighted).
# 0.8902489701223345 asymmetric bigram cost (weighted).
# 4.829503658995772 irregularity cost (weighted).
# 21.127037500618624 manually assigned bigram penalty (weighted)
# 12.53634141528075 unbalancing key after neighboring finger (weighted)
# 0.8902489701223345 asymmetrc bigrams (weighted)
# 10.00825941712545 inconsistent symmetries of similar keys (weighted)
# 4.829503658995772 irregularity cost for randomly sampled words (weighted).
# Finger load %: 10.4 11.5 8.3 11.7 - 14.6 9.1 7.9 11.0
 
