
# Evolved Layout
ßgmpz ävowköx
rtsnb üieuh⇘
lyfcq ja,.d
┌───┬───┬───┬───┬───┬───┬───┬───┬───┬───┬───┬───┬───┬──────┐
│ ^ │ 1 │ 2 │ 3 │ 4 │ 5 │ 6 │ 7 │ 8 │ 9 │ 0 │ - │ ` │ ←    │
├───┴─┬─┴─┬─┴─┬─┴─┬─┴─┬─┴─┬─┴─┬─┴─┬─┴─┬─┴─┬─┴─┬─┴─┬─┴─┬────┤
│   ⇥ │ ß │ g │ m │ p │ z │ ä │ v │ o │ w │ k │ ö │ x │ Ret│
├─────┴┬──┴┬──┴┬──┴┬──┴┬──┴┬──┴┬──┴┬──┴┬──┴┬──┴┬──┴┬──┴┐   │
│    ⇩ │ r │ t │ s │ n │ b │ ü │ i │ e │ u │ h │ ⇘ │ ´ │   │
├────┬─┴─┬─┴─┬─┴─┬─┴─┬─┴─┬─┴─┬─┴─┬─┴─┬─┴─┬─┴─┬─┴─┬─┴───┴───┤
│  ⇧ │ ⇚ │ l │ y │ f │ c │ q │ j │ a │ , │ . │ d │ ⇗       │
├────┼───┴┬──┴─┬─┴───┴───┴───┴───┴───┴─┬─┴──┬┴───┼────┬────┤
│Strg│ Fe │ Alt│      Leerzeichen      │ M4 │ Fe │ Me │Strg│
└────┴────┴────┴───────────────────────┴────┴────┴────┴────┘
# 10.187462153769841 x100 total penalty per letter
# 37.28337049320362 x10 billion total penalty compared to notime-noeffort
# 7.867932034964662 mean key position cost in file 1gramme.txt ( 57.58902868 )
# 11.441982125876773 % finger repeats in file 2gramme.txt ( 55.235104439073645 )
# 15.50367065300224 million keystrokes disbalance of the fingers ( 31.007341306004477 )
# 0.39587144781060835 % finger repeats top to bottom or vice versa ( 9.555162962025124 )
# 2.4285723393023586 % of trigrams have no handswitching (after direction change counted x 1 ) ( 10.742339397298183 )
# 8.892873832338722 billion (rows²/dist)² to cross ( 115.60735982040337 )
# 0.019976994401258885 hand disbalance. Left: 0.4800230055987411 %, Right: 0.5199769944012589 % ( 0.5848833967562175 )
# 1.463892377922877 badly positioned shortcut keys (weighted).
# 10.062609451215843 no handswitching after unbalancing key (weighted).
# 28.112688046733172 movement pattern cost (weighted).
# 0.8735756563934309 asymmetric bigram cost (weighted).
# 7.259831401835392 irregularity cost (weighted).
# 21.942389647083477 manually assigned bigram penalty (weighted)
# 7.951968183102614 unbalancing key after neighboring finger (weighted)
# 0.8735756563934309 asymmetrc bigrams (weighted)
# 14.845530166188366 inconsistent symmetries of similar keys (weighted)
# 7.259831401835392 irregularity cost for randomly sampled words (weighted).
# Finger load %: 13.2 7.5 8.0 11.9 - 12.3 14.7 5.1 11.8
 
