
# Evolved Layout
ßmtpz ökouüjx
rsgnf bheia⇘
lyvcq wd,.ä
┌───┬───┬───┬───┬───┬───┬───┬───┬───┬───┬───┬───┬───┬──────┐
│ ^ │ 1 │ 2 │ 3 │ 4 │ 5 │ 6 │ 7 │ 8 │ 9 │ 0 │ - │ ` │ ←    │
├───┴─┬─┴─┬─┴─┬─┴─┬─┴─┬─┴─┬─┴─┬─┴─┬─┴─┬─┴─┬─┴─┬─┴─┬─┴─┬────┤
│   ⇥ │ ß │ m │ t │ p │ z │ ö │ k │ o │ u │ ü │ j │ x │ Ret│
├─────┴┬──┴┬──┴┬──┴┬──┴┬──┴┬──┴┬──┴┬──┴┬──┴┬──┴┬──┴┬──┴┐   │
│    ⇩ │ r │ s │ g │ n │ f │ b │ h │ e │ i │ a │ ⇘ │ ´ │   │
├────┬─┴─┬─┴─┬─┴─┬─┴─┬─┴─┬─┴─┬─┴─┬─┴─┬─┴─┬─┴─┬─┴─┬─┴───┴───┤
│  ⇧ │ ⇚ │ l │ y │ v │ c │ q │ w │ d │ , │ . │ ä │ ⇗       │
├────┼───┴┬──┴─┬─┴───┴───┴───┴───┴───┴─┬─┴──┬┴───┼────┬────┤
│Strg│ Fe │ Alt│      Leerzeichen      │ M4 │ Fe │ Me │Strg│
└────┴────┴────┴───────────────────────┴────┴────┴────┴────┘
# 9.72137126036902 x100 total penalty per letter
# 35.5776032275318 x10 billion total penalty compared to notime-noeffort
# 7.458484154068886 mean key position cost in file 1gramme.txt ( 54.59209052 )
# 10.001596742942924 % finger repeats in file 2gramme.txt ( 48.281777980108416 )
# 13.89477867913009 million keystrokes disbalance of the fingers ( 27.789557358260183 )
# 0.36042323369239804 % finger repeats top to bottom or vice versa ( 8.699548179788277 )
# 2.541458950808735 % of trigrams have no handswitching (after direction change counted x 1 ) ( 11.24167239001472 )
# 8.447252064971968 billion (rows²/dist)² to cross ( 109.81427684463557 )
# 0.027043672703848498 hand disbalance. Left: 0.4729563272961515 %, Right: 0.5270436727038484 % ( 0.7917805268440956 )
# 1.0979192834421578 badly positioned shortcut keys (weighted).
# 11.497859445650162 no handswitching after unbalancing key (weighted).
# 29.591497622569847 movement pattern cost (weighted).
# 0.8828785067059265 asymmetric bigram cost (weighted).
# 8.693007169883533 irregularity cost (weighted).
# 21.266855713488614 manually assigned bigram penalty (weighted)
# 11.943013841780646 unbalancing key after neighboring finger (weighted)
# 0.8828785067059265 asymmetrc bigrams (weighted)
# 9.592296892145868 inconsistent symmetries of similar keys (weighted)
# 8.693007169883533 irregularity cost for randomly sampled words (weighted).
# Finger load %: 13.3 7.2 7.5 11.9 - 11.1 14.7 9.4 9.3
 
