
# Evolved Layout
ßmgzj qküoäöx
nstrl wheai⇘
pfvcy bd,.u
┌───┬───┬───┬───┬───┬───┬───┬───┬───┬───┬───┬───┬───┬──────┐
│ ^ │ 1 │ 2 │ 3 │ 4 │ 5 │ 6 │ 7 │ 8 │ 9 │ 0 │ - │ ` │ ←    │
├───┴─┬─┴─┬─┴─┬─┴─┬─┴─┬─┴─┬─┴─┬─┴─┬─┴─┬─┴─┬─┴─┬─┴─┬─┴─┬────┤
│   ⇥ │ ß │ m │ g │ z │ j │ q │ k │ ü │ o │ ä │ ö │ x │ Ret│
├─────┴┬──┴┬──┴┬──┴┬──┴┬──┴┬──┴┬──┴┬──┴┬──┴┬──┴┬──┴┬──┴┐   │
│    ⇩ │ n │ s │ t │ r │ l │ w │ h │ e │ a │ i │ ⇘ │ ´ │   │
├────┬─┴─┬─┴─┬─┴─┬─┴─┬─┴─┬─┴─┬─┴─┬─┴─┬─┴─┬─┴─┬─┴─┬─┴───┴───┤
│  ⇧ │ ⇚ │ p │ f │ v │ c │ y │ b │ d │ , │ . │ u │ ⇗       │
├────┼───┴┬──┴─┬─┴───┴───┴───┴───┴───┴─┬─┴──┬┴───┼────┬────┤
│Strg│ Fe │ Alt│      Leerzeichen      │ M4 │ Fe │ Me │Strg│
└────┴────┴────┴───────────────────────┴────┴────┴────┴────┘
# 9.642996414013185 x100 total penalty per letter
# 35.290772377028844 x10 billion total penalty compared to notime-noeffort
# 7.691012898076004 mean key position cost in file 1gramme.txt ( 56.2940758 )
# 9.316952081733845 % finger repeats in file 2gramme.txt ( 44.97671956020288 )
# 15.248884422165169 million keystrokes disbalance of the fingers ( 30.497768844330338 )
# 0.33608275692284867 % finger repeats top to bottom or vice versa ( 8.112041241885292 )
# 2.5046176932951925 % of trigrams have no handswitching (after direction change counted x 1 ) ( 11.078711919112122 )
# 8.564043642892507 billion (rows²/dist)² to cross ( 111.33256735760258 )
# 0.02644019425382521 hand disbalance. Left: 0.4735598057461748 %, Right: 0.5264401942538253 % ( 0.7741119767794995 )
# 0.7319461889614385 badly positioned shortcut keys (weighted).
# 11.621235604483598 no handswitching after unbalancing key (weighted).
# 26.867012203409505 movement pattern cost (weighted).
# 0.8747860667526403 asymmetric bigram cost (weighted).
# 5.80739261396694 irregularity cost (weighted).
# 21.14791389202444 manually assigned bigram penalty (weighted)
# 12.382498248752631 unbalancing key after neighboring finger (weighted)
# 0.8747860667526403 asymmetrc bigrams (weighted)
# 10.408942252024653 inconsistent symmetries of similar keys (weighted)
# 5.80739261396694 irregularity cost for randomly sampled words (weighted).
# Finger load %: 12.8 8.2 7.5 11.4 - 11.0 12.3 8.6 12.5
 
