
# Evolved Layout
öägvü qwclzßj
aehik mtnrs⇘
oxpuy bd,.f
┌───┬───┬───┬───┬───┬───┬───┬───┬───┬───┬───┬───┬───┬──────┐
│ ^ │ 1 │ 2 │ 3 │ 4 │ 5 │ 6 │ 7 │ 8 │ 9 │ 0 │ - │ ` │ ←    │
├───┴─┬─┴─┬─┴─┬─┴─┬─┴─┬─┴─┬─┴─┬─┴─┬─┴─┬─┴─┬─┴─┬─┴─┬─┴─┬────┤
│   ⇥ │ ö │ ä │ g │ v │ ü │ q │ w │ c │ l │ z │ ß │ j │ Ret│
├─────┴┬──┴┬──┴┬──┴┬──┴┬──┴┬──┴┬──┴┬──┴┬──┴┬──┴┬──┴┬──┴┐   │
│    ⇩ │ a │ e │ h │ i │ k │ m │ t │ n │ r │ s │ ⇘ │ ´ │   │
├────┬─┴─┬─┴─┬─┴─┬─┴─┬─┴─┬─┴─┬─┴─┬─┴─┬─┴─┬─┴─┬─┴─┬─┴───┴───┤
│  ⇧ │ ⇚ │ o │ x │ p │ u │ y │ b │ d │ , │ . │ f │ ⇗       │
├────┼───┴┬──┴─┬─┴───┴───┴───┴───┴───┴─┬─┴──┬┴───┼────┬────┤
│Strg│ Fe │ Alt│      Leerzeichen      │ M4 │ Fe │ Me │Strg│
└────┴────┴────┴───────────────────────┴────┴────┴────┴────┘
# 9.328573047194032 x100 total penalty per letter
# 34.14006745171033 x10 billion total penalty compared to notime-noeffort
# 7.525870206136436 mean key position cost in file 1gramme.txt ( 55.08532016 )
# 10.269116149628333 % finger repeats in file 2gramme.txt ( 49.57320303262004 )
# 14.40087619219775 million keystrokes disbalance of the fingers ( 28.8017523843955 )
# 0.3289089280148622 % finger repeats top to bottom or vice versa ( 7.938886282979816 )
# 2.2972168758793576 % of trigrams have no handswitching (after direction change counted x 1 ) ( 10.161312862925067 )
# 7.816958337022688 billion (rows²/dist)² to cross ( 101.62045838129494 )
# 0.011898657594090478 hand disbalance. Left: 0.4881013424059095 %, Right: 0.5118986575940905 % ( 0.3483670831900642 )
# 0.7319461889614385 badly positioned shortcut keys (weighted).
# 12.211407772406549 no handswitching after unbalancing key (weighted).
# 28.36297555127068 movement pattern cost (weighted).
# 0.8651419556632848 asymmetric bigram cost (weighted).
# 2.903144544600331 irregularity cost (weighted).
# 21.058077324051876 manually assigned bigram penalty (weighted)
# 9.928090143515954 unbalancing key after neighboring finger (weighted)
# 0.8651419556632848 asymmetrc bigrams (weighted)
# 11.810590849227724 inconsistent symmetries of similar keys (weighted)
# 2.903144544600331 irregularity cost for randomly sampled words (weighted).
# Finger load %: 13.0 11.4 6.2 10.5 - 13.6 9.8 9.3 10.5
 
