
# Evolved Layout
äglpö xfaoyjß
hsrnm vtieu⇘
ükzbq wd,.c
┌───┬───┬───┬───┬───┬───┬───┬───┬───┬───┬───┬───┬───┬──────┐
│ ^ │ 1 │ 2 │ 3 │ 4 │ 5 │ 6 │ 7 │ 8 │ 9 │ 0 │ - │ ` │ ←    │
├───┴─┬─┴─┬─┴─┬─┴─┬─┴─┬─┴─┬─┴─┬─┴─┬─┴─┬─┴─┬─┴─┬─┴─┬─┴─┬────┤
│   ⇥ │ ä │ g │ l │ p │ ö │ x │ f │ a │ o │ y │ j │ ß │ Ret│
├─────┴┬──┴┬──┴┬──┴┬──┴┬──┴┬──┴┬──┴┬──┴┬──┴┬──┴┬──┴┬──┴┐   │
│    ⇩ │ h │ s │ r │ n │ m │ v │ t │ i │ e │ u │ ⇘ │ ´ │   │
├────┬─┴─┬─┴─┬─┴─┬─┴─┬─┴─┬─┴─┬─┴─┬─┴─┬─┴─┬─┴─┬─┴─┬─┴───┴───┤
│  ⇧ │ ⇚ │ ü │ k │ z │ b │ q │ w │ d │ , │ . │ c │ ⇗       │
├────┼───┴┬──┴─┬─┴───┴───┴───┴───┴───┴─┬─┴──┬┴───┼────┬────┤
│Strg│ Fe │ Alt│      Leerzeichen      │ M4 │ Fe │ Me │Strg│
└────┴────┴────┴───────────────────────┴────┴────┴────┴────┘
# 9.556084156321361 x100 total penalty per letter
# 34.97269689807102 x10 billion total penalty compared to notime-noeffort
# 7.298720040581356 mean key position cost in file 1gramme.txt ( 53.42270318 )
# 11.404706592760903 % finger repeats in file 2gramme.txt ( 55.05516027013278 )
# 11.466414388054279 million keystrokes disbalance of the fingers ( 22.932828776108558 )
# 0.3730742510065759 % finger repeats top to bottom or vice versa ( 9.004906226550473 )
# 3.0823635011543775 % of trigrams have no handswitching (after direction change counted x 1 ) ( 13.634263365099706 )
# 8.187689177615512 billion (rows²/dist)² to cross ( 106.43995930900165 )
# 0.06627412732730609 hand disbalance. Left: 0.4337258726726939 %, Right: 0.5662741273273061 % ( 1.9403637969586727 )
# 1.0979192834421578 badly positioned shortcut keys (weighted).
# 9.733266028050636 no handswitching after unbalancing key (weighted).
# 31.693442422520622 movement pattern cost (weighted).
# 0.8898307502541761 asymmetric bigram cost (weighted).
# 4.085199728125981 irregularity cost (weighted).
# 16.762008861682236 manually assigned bigram penalty (weighted)
# 11.224526133554784 unbalancing key after neighboring finger (weighted)
# 0.8898307502541761 asymmetrc bigrams (weighted)
# 11.810590849227724 inconsistent symmetries of similar keys (weighted)
# 4.085199728125981 irregularity cost for randomly sampled words (weighted).
# Finger load %: 9.2 7.8 8.5 11.1 - 12.5 11.1 14.9 9.3
 
