
# Evolved Layout
älmpq ögoazjß
srnub fteic⇘
kxvhü wd,.y
┌───┬───┬───┬───┬───┬───┬───┬───┬───┬───┬───┬───┬───┬──────┐
│ ^ │ 1 │ 2 │ 3 │ 4 │ 5 │ 6 │ 7 │ 8 │ 9 │ 0 │ - │ ` │ ←    │
├───┴─┬─┴─┬─┴─┬─┴─┬─┴─┬─┴─┬─┴─┬─┴─┬─┴─┬─┴─┬─┴─┬─┴─┬─┴─┬────┤
│   ⇥ │ ä │ l │ m │ p │ q │ ö │ g │ o │ a │ z │ j │ ß │ Ret│
├─────┴┬──┴┬──┴┬──┴┬──┴┬──┴┬──┴┬──┴┬──┴┬──┴┬──┴┬──┴┬──┴┐   │
│    ⇩ │ s │ r │ n │ u │ b │ f │ t │ e │ i │ c │ ⇘ │ ´ │   │
├────┬─┴─┬─┴─┬─┴─┬─┴─┬─┴─┬─┴─┬─┴─┬─┴─┬─┴─┬─┴─┬─┴─┬─┴───┴───┤
│  ⇧ │ ⇚ │ k │ x │ v │ h │ ü │ w │ d │ , │ . │ y │ ⇗       │
├────┼───┴┬──┴─┬─┴───┴───┴───┴───┴───┴─┬─┴──┬┴───┼────┬────┤
│Strg│ Fe │ Alt│      Leerzeichen      │ M4 │ Fe │ Me │Strg│
└────┴────┴────┴───────────────────────┴────┴────┴────┴────┘
# 10.122156139422831 x100 total penalty per letter
# 37.04436805161585 x10 billion total penalty compared to notime-noeffort
# 7.37349358927304 mean key position cost in file 1gramme.txt ( 53.97000532 )
# 11.770778159394474 % finger repeats in file 2gramme.txt ( 56.82233670798542 )
# 11.703145315642987 million keystrokes disbalance of the fingers ( 23.406290631285973 )
# 0.3825370201908308 % finger repeats top to bottom or vice versa ( 9.233309416847852 )
# 4.0527038600069645 % of trigrams have no handswitching (after direction change counted x 1 ) ( 17.926384006103536 )
# 7.996576854101189 billion (rows²/dist)² to cross ( 103.95549910331546 )
# 0.05860601903388707 hand disbalance. Left: 0.44139398096611293 %, Right: 0.5586060190338871 % ( 1.7158580912822068 )
# 0.7319461889614385 badly positioned shortcut keys (weighted).
# 11.929775657938547 no handswitching after unbalancing key (weighted).
# 32.70593589167546 movement pattern cost (weighted).
# 0.8713716264500763 asymmetric bigram cost (weighted).
# 8.462002506149108 irregularity cost (weighted).
# 18.974482040039533 manually assigned bigram penalty (weighted)
# 12.356220975934338 unbalancing key after neighboring finger (weighted)
# 0.8713716264500763 asymmetrc bigrams (weighted)
# 17.382262352189457 inconsistent symmetries of similar keys (weighted)
# 8.462002506149108 irregularity cost for randomly sampled words (weighted).
# Finger load %: 11.3 8.2 9.0 8.7 - 13.7 14.7 11.3 7.4
 
