
# Evolved Layout
joüvß kpldfxq
iaenm burts⇘
özäcy wh,.g
┌───┬───┬───┬───┬───┬───┬───┬───┬───┬───┬───┬───┬───┬──────┐
│ ^ │ 1 │ 2 │ 3 │ 4 │ 5 │ 6 │ 7 │ 8 │ 9 │ 0 │ - │ ` │ ←    │
├───┴─┬─┴─┬─┴─┬─┴─┬─┴─┬─┴─┬─┴─┬─┴─┬─┴─┬─┴─┬─┴─┬─┴─┬─┴─┬────┤
│   ⇥ │ j │ o │ ü │ v │ ß │ k │ p │ l │ d │ f │ x │ q │ Ret│
├─────┴┬──┴┬──┴┬──┴┬──┴┬──┴┬──┴┬──┴┬──┴┬──┴┬──┴┬──┴┬──┴┐   │
│    ⇩ │ i │ a │ e │ n │ m │ b │ u │ r │ t │ s │ ⇘ │ ´ │   │
├────┬─┴─┬─┴─┬─┴─┬─┴─┬─┴─┬─┴─┬─┴─┬─┴─┬─┴─┬─┴─┬─┴─┬─┴───┴───┤
│  ⇧ │ ⇚ │ ö │ z │ ä │ c │ y │ w │ h │ , │ . │ g │ ⇗       │
├────┼───┴┬──┴─┬─┴───┴───┴───┴───┴───┴─┬─┴──┬┴───┼────┬────┤
│Strg│ Fe │ Alt│      Leerzeichen      │ M4 │ Fe │ Me │Strg│
└────┴────┴────┴───────────────────────┴────┴────┴────┴────┘
# 9.880085205848204 x100 total penalty per letter
# 36.15845356517441 x10 billion total penalty compared to notime-noeffort
# 7.494465211689213 mean key position cost in file 1gramme.txt ( 54.8554525 )
# 8.998246147038731 % finger repeats in file 2gramme.txt ( 43.438196304828686 )
# 13.506083477642981 million keystrokes disbalance of the fingers ( 27.012166955285963 )
# 0.42955067199688785 % finger repeats top to bottom or vice versa ( 10.36807957249115 )
# 4.3031783100274446 % of trigrams have no handswitching (after direction change counted x 1 ) ( 19.034311288699755 )
# 8.4875486695711 billion (rows²/dist)² to cross ( 110.33813270442428 )
# 0.008283198763213817 hand disbalance. Left: 0.5082831987632138 %, Right: 0.4917168012367862 % ( 0.24251423068577818 )
# 0.7319461889614385 badly positioned shortcut keys (weighted).
# 12.724935216548593 no handswitching after unbalancing key (weighted).
# 27.50800319031798 movement pattern cost (weighted).
# 0.8479107948524055 asymmetric bigram cost (weighted).
# 6.9370972459169895 irregularity cost (weighted).
# 20.56152497660311 manually assigned bigram penalty (weighted)
# 14.320246747892773 unbalancing key after neighboring finger (weighted)
# 0.8479107948524055 asymmetrc bigrams (weighted)
# 12.664017734235273 inconsistent symmetries of similar keys (weighted)
# 6.9370972459169895 irregularity cost for randomly sampled words (weighted).
# Finger load %: 11.7 8.0 11.4 11.9 - 11.2 9.1 9.5 11.7
 
