
# Evolved Layout
ügdwß jxuyäqö
hstnb mriea⇘
zkvfp cl,.o
┌───┬───┬───┬───┬───┬───┬───┬───┬───┬───┬───┬───┬───┬──────┐
│ ^ │ 1 │ 2 │ 3 │ 4 │ 5 │ 6 │ 7 │ 8 │ 9 │ 0 │ - │ ` │ ←    │
├───┴─┬─┴─┬─┴─┬─┴─┬─┴─┬─┴─┬─┴─┬─┴─┬─┴─┬─┴─┬─┴─┬─┴─┬─┴─┬────┤
│   ⇥ │ ü │ g │ d │ w │ ß │ j │ x │ u │ y │ ä │ q │ ö │ Ret│
├─────┴┬──┴┬──┴┬──┴┬──┴┬──┴┬──┴┬──┴┬──┴┬──┴┬──┴┬──┴┬──┴┐   │
│    ⇩ │ h │ s │ t │ n │ b │ m │ r │ i │ e │ a │ ⇘ │ ´ │   │
├────┬─┴─┬─┴─┬─┴─┬─┴─┬─┴─┬─┴─┬─┴─┬─┴─┬─┴─┬─┴─┬─┴─┬─┴───┴───┤
│  ⇧ │ ⇚ │ z │ k │ v │ f │ p │ c │ l │ , │ . │ o │ ⇗       │
├────┼───┴┬──┴─┬─┴───┴───┴───┴───┴───┴─┬─┴──┬┴───┼────┬────┤
│Strg│ Fe │ Alt│      Leerzeichen      │ M4 │ Fe │ Me │Strg│
└────┴────┴────┴───────────────────────┴────┴────┴────┴────┘
# 9.982999741339723 x100 total penalty per letter
# 36.53509307538319 x10 billion total penalty compared to notime-noeffort
# 7.510727013689833 mean key position cost in file 1gramme.txt ( 54.97448014 )
# 10.434949981778257 % finger repeats in file 2gramme.txt ( 50.37375043232427 )
# 12.73491842130692 million keystrokes disbalance of the fingers ( 25.46983684261384 )
# 0.3542797713973765 % finger repeats top to bottom or vice versa ( 8.551263215806555 )
# 3.503843658160711 % of trigrams have no handswitching (after direction change counted x 1 ) ( 15.498602681872622 )
# 9.425542432854405 billion (rows²/dist)² to cross ( 122.53205162710725 )
# 0.056365980883349154 hand disbalance. Left: 0.44363401911665085 %, Right: 0.5563659808833491 % ( 1.6502745957856286 )
# 0.7319461889614385 badly positioned shortcut keys (weighted).
# 11.693624204547058 no handswitching after unbalancing key (weighted).
# 28.043516827561643 movement pattern cost (weighted).
# 0.8740694606696066 asymmetric bigram cost (weighted).
# 3.680297518212829 irregularity cost (weighted).
# 17.370242606126137 manually assigned bigram penalty (weighted)
# 12.794002791785305 unbalancing key after neighboring finger (weighted)
# 0.8740694606696066 asymmetrc bigrams (weighted)
# 11.112971620457673 inconsistent symmetries of similar keys (weighted)
# 3.680297518212829 irregularity cost for randomly sampled words (weighted).
# Finger load %: 9.1 7.8 8.8 11.6 - 13.2 9.2 12.6 11.9
 
