
# Evolved Layout
juozq pcifkvß
rhenü gtasm⇘
öxäly bd,.w
┌───┬───┬───┬───┬───┬───┬───┬───┬───┬───┬───┬───┬───┬──────┐
│ ^ │ 1 │ 2 │ 3 │ 4 │ 5 │ 6 │ 7 │ 8 │ 9 │ 0 │ - │ ` │ ←    │
├───┴─┬─┴─┬─┴─┬─┴─┬─┴─┬─┴─┬─┴─┬─┴─┬─┴─┬─┴─┬─┴─┬─┴─┬─┴─┬────┤
│   ⇥ │ j │ u │ o │ z │ q │ p │ c │ i │ f │ k │ v │ ß │ Ret│
├─────┴┬──┴┬──┴┬──┴┬──┴┬──┴┬──┴┬──┴┬──┴┬──┴┬──┴┬──┴┬──┴┐   │
│    ⇩ │ r │ h │ e │ n │ ü │ g │ t │ a │ s │ m │ ⇘ │ ´ │   │
├────┬─┴─┬─┴─┬─┴─┬─┴─┬─┴─┬─┴─┬─┴─┬─┴─┬─┴─┬─┴─┬─┴─┬─┴───┴───┤
│  ⇧ │ ⇚ │ ö │ x │ ä │ l │ y │ b │ d │ , │ . │ w │ ⇗       │
├────┼───┴┬──┴─┬─┴───┴───┴───┴───┴───┴─┬─┴──┬┴───┼────┬────┤
│Strg│ Fe │ Alt│      Leerzeichen      │ M4 │ Fe │ Me │Strg│
└────┴────┴────┴───────────────────────┴────┴────┴────┴────┘
# 9.707813918719255 x100 total penalty per letter
# 35.527987004766835 x10 billion total penalty compared to notime-noeffort
# 7.390766536643582 mean key position cost in file 1gramme.txt ( 54.096434 )
# 11.798748607414906 % finger repeats in file 2gramme.txt ( 56.957361444138634 )
# 12.078531991802242 million keystrokes disbalance of the fingers ( 24.157063983604484 )
# 0.39549568214659003 % finger repeats top to bottom or vice versa ( 9.54609309306871 )
# 4.570345863813897 % of trigrams have no handswitching (after direction change counted x 1 ) ( 20.216077420296404 )
# 7.572441580250364 billion (rows²/dist)² to cross ( 98.44174054325472 )
# 0.001062789717197199 hand disbalance. Left: 0.5010627897171972 %, Right: 0.49893721028280286 % ( 0.03111619532679579 )
# 0.7319461889614385 badly positioned shortcut keys (weighted).
# 14.231422890547929 no handswitching after unbalancing key (weighted).
# 30.268788846503615 movement pattern cost (weighted).
# 0.8983298503984894 asymmetric bigram cost (weighted).
# 5.876536362098281 irregularity cost (weighted).
# 16.73206597951221 manually assigned bigram penalty (weighted)
# 12.449757374992654 unbalancing key after neighboring finger (weighted)
# 0.8983298503984894 asymmetrc bigrams (weighted)
# 10.645135874963914 inconsistent symmetries of similar keys (weighted)
# 5.876536362098281 irregularity cost for randomly sampled words (weighted).
# Finger load %: 11.6 6.1 13.8 10.8 - 15.6 11.1 7.5 7.9
 
