
# Evolved Layout
joyxq phufkvß
raenc gmist⇘
züälö bd,.w
┌───┬───┬───┬───┬───┬───┬───┬───┬───┬───┬───┬───┬───┬──────┐
│ ^ │ 1 │ 2 │ 3 │ 4 │ 5 │ 6 │ 7 │ 8 │ 9 │ 0 │ - │ ` │ ←    │
├───┴─┬─┴─┬─┴─┬─┴─┬─┴─┬─┴─┬─┴─┬─┴─┬─┴─┬─┴─┬─┴─┬─┴─┬─┴─┬────┤
│   ⇥ │ j │ o │ y │ x │ q │ p │ h │ u │ f │ k │ v │ ß │ Ret│
├─────┴┬──┴┬──┴┬──┴┬──┴┬──┴┬──┴┬──┴┬──┴┬──┴┬──┴┬──┴┬──┴┐   │
│    ⇩ │ r │ a │ e │ n │ c │ g │ m │ i │ s │ t │ ⇘ │ ´ │   │
├────┬─┴─┬─┴─┬─┴─┬─┴─┬─┴─┬─┴─┬─┴─┬─┴─┬─┴─┬─┴─┬─┴─┬─┴───┴───┤
│  ⇧ │ ⇚ │ z │ ü │ ä │ l │ ö │ b │ d │ , │ . │ w │ ⇗       │
├────┼───┴┬──┴─┬─┴───┴───┴───┴───┴───┴─┬─┴──┬┴───┼────┬────┤
│Strg│ Fe │ Alt│      Leerzeichen      │ M4 │ Fe │ Me │Strg│
└────┴────┴────┴───────────────────────┴────┴────┴────┴────┘
# 10.052215325883827 x100 total penalty per letter
# 36.78840349200216 x10 billion total penalty compared to notime-noeffort
# 7.520014565292016 mean key position cost in file 1gramme.txt ( 55.04246002 )
# 8.49593666914766 % finger repeats in file 2gramme.txt ( 41.01334402252155 )
# 13.475660287293517 million keystrokes disbalance of the fingers ( 26.951320574587033 )
# 0.3695642765426853 % finger repeats top to bottom or vice versa ( 8.920185850326051 )
# 3.575754152178231 % of trigrams have no handswitching (after direction change counted x 1 ) ( 15.816685417339126 )
# 7.864231738700918 billion (rows²/dist)² to cross ( 102.23501260311194 )
# 0.01027101366381844 hand disbalance. Left: 0.5102710136638184 %, Right: 0.4897289863361815 % ( 0.30071317232011074 )
# 0.7319461889614385 badly positioned shortcut keys (weighted).
# 15.76232679695385 no handswitching after unbalancing key (weighted).
# 37.09372205863577 movement pattern cost (weighted).
# 0.8799227790930125 asymmetric bigram cost (weighted).
# 20.40565080835579 irregularity cost (weighted).
# 19.19468213655017 manually assigned bigram penalty (weighted)
# 13.239736230686873 unbalancing key after neighboring finger (weighted)
# 0.8799227790930125 asymmetrc bigrams (weighted)
# 10.29632626057889 inconsistent symmetries of similar keys (weighted)
# 20.40565080835579 irregularity cost for randomly sampled words (weighted).
# Finger load %: 12.0 7.7 11.5 11.9 - 13.7 9.2 7.5 10.9
 
