
# Evolved Layout
öüufj qplwgvß
oeisk znrtd⇘
aäxmy bh,.c
┌───┬───┬───┬───┬───┬───┬───┬───┬───┬───┬───┬───┬───┬──────┐
│ ^ │ 1 │ 2 │ 3 │ 4 │ 5 │ 6 │ 7 │ 8 │ 9 │ 0 │ - │ ` │ ←    │
├───┴─┬─┴─┬─┴─┬─┴─┬─┴─┬─┴─┬─┴─┬─┴─┬─┴─┬─┴─┬─┴─┬─┴─┬─┴─┬────┤
│   ⇥ │ ö │ ü │ u │ f │ j │ q │ p │ l │ w │ g │ v │ ß │ Ret│
├─────┴┬──┴┬──┴┬──┴┬──┴┬──┴┬──┴┬──┴┬──┴┬──┴┬──┴┬──┴┬──┴┐   │
│    ⇩ │ o │ e │ i │ s │ k │ z │ n │ r │ t │ d │ ⇘ │ ´ │   │
├────┬─┴─┬─┴─┬─┴─┬─┴─┬─┴─┬─┴─┬─┴─┬─┴─┬─┴─┬─┴─┬─┴─┬─┴───┴───┤
│  ⇧ │ ⇚ │ a │ ä │ x │ m │ y │ b │ h │ , │ . │ c │ ⇗       │
├────┼───┴┬──┴─┬─┴───┴───┴───┴───┴───┴─┬─┴──┬┴───┼────┬────┤
│Strg│ Fe │ Alt│      Leerzeichen      │ M4 │ Fe │ Me │Strg│
└────┴────┴────┴───────────────────────┴────┴────┴────┴────┘
# 9.649947427041662 x100 total penalty per letter
# 35.31621121450692 x10 billion total penalty compared to notime-noeffort
# 7.808035579923061 mean key position cost in file 1gramme.txt ( 57.15061886 )
# 9.362088613243124 % finger repeats in file 2gramme.txt ( 45.1946119676988 )
# 15.005569843752145 million keystrokes disbalance of the fingers ( 30.01113968750429 )
# 0.32844572660881816 % finger repeats top to bottom or vice versa ( 7.927705974464341 )
# 2.735924759923555 % of trigrams have no handswitching (after direction change counted x 1 ) ( 12.101855835603045 )
# 8.652586635267594 billion (rows²/dist)² to cross ( 112.48362625847875 )
# 0.00019983221672037477 hand disbalance. Left: 0.5001998322167204 %, Right: 0.4998001677832796 % ( 0.005850657178407783 )
# 1.0979192834421578 badly positioned shortcut keys (weighted).
# 11.13802075556586 no handswitching after unbalancing key (weighted).
# 25.80699302744374 movement pattern cost (weighted).
# 0.8883028262307742 asymmetric bigram cost (weighted).
# 3.847498625906842 irregularity cost (weighted).
# 19.17438721637639 manually assigned bigram penalty (weighted)
# 10.331277584446072 unbalancing key after neighboring finger (weighted)
# 0.8883028262307742 asymmetrc bigrams (weighted)
# 16.002303584729738 inconsistent symmetries of similar keys (weighted)
# 3.847498625906842 irregularity cost for randomly sampled words (weighted).
# Finger load %: 12.8 11.6 8.2 9.7 - 13.7 9.1 7.4 12.0
 
