
# Evolved Layout
ökfpß jzouäqx
hsntc mreia⇘
gwvdb yl,.ü
┌───┬───┬───┬───┬───┬───┬───┬───┬───┬───┬───┬───┬───┬──────┐
│ ^ │ 1 │ 2 │ 3 │ 4 │ 5 │ 6 │ 7 │ 8 │ 9 │ 0 │ - │ ` │ ←    │
├───┴─┬─┴─┬─┴─┬─┴─┬─┴─┬─┴─┬─┴─┬─┴─┬─┴─┬─┴─┬─┴─┬─┴─┬─┴─┬────┤
│   ⇥ │ ö │ k │ f │ p │ ß │ j │ z │ o │ u │ ä │ q │ x │ Ret│
├─────┴┬──┴┬──┴┬──┴┬──┴┬──┴┬──┴┬──┴┬──┴┬──┴┬──┴┬──┴┬──┴┐   │
│    ⇩ │ h │ s │ n │ t │ c │ m │ r │ e │ i │ a │ ⇘ │ ´ │   │
├────┬─┴─┬─┴─┬─┴─┬─┴─┬─┴─┬─┴─┬─┴─┬─┴─┬─┴─┬─┴─┬─┴─┬─┴───┴───┤
│  ⇧ │ ⇚ │ g │ w │ v │ d │ b │ y │ l │ , │ . │ ü │ ⇗       │
├────┼───┴┬──┴─┬─┴───┴───┴───┴───┴───┴─┬─┴──┬┴───┼────┬────┤
│Strg│ Fe │ Alt│      Leerzeichen      │ M4 │ Fe │ Me │Strg│
└────┴────┴────┴───────────────────────┴────┴────┴────┴────┘
# 9.981808430660601 x100 total penalty per letter
# 36.53073319882592 x10 billion total penalty compared to notime-noeffort
# 7.594573289448274 mean key position cost in file 1gramme.txt ( 55.58818976 )
# 10.931723141682166 % finger repeats in file 2gramme.txt ( 52.771876654507864 )
# 11.652051586561496 million keystrokes disbalance of the fingers ( 23.304103173122993 )
# 0.31236166824067 % finger repeats top to bottom or vice versa ( 7.539484495879948 )
# 3.9164609569686686 % of trigrams have no handswitching (after direction change counted x 1 ) ( 17.323738788901153 )
# 9.288240608133574 billion (rows²/dist)² to cross ( 120.74712790573645 )
# 0.04027340260293577 hand disbalance. Left: 0.45972659739706423 %, Right: 0.5402734026029358 % ( 1.1791185420691406 )
# 1.0979192834421578 badly positioned shortcut keys (weighted).
# 11.971293045624327 no handswitching after unbalancing key (weighted).
# 25.889843127418214 movement pattern cost (weighted).
# 0.8558229735751726 asymmetric bigram cost (weighted).
# 4.236276118113606 irregularity cost (weighted).
# 17.001710374037888 manually assigned bigram penalty (weighted)
# 13.671798667683293 unbalancing key after neighboring finger (weighted)
# 0.8558229735751726 asymmetrc bigrams (weighted)
# 12.129029078146957 inconsistent symmetries of similar keys (weighted)
# 4.236276118113606 irregularity cost for randomly sampled words (weighted).
# Finger load %: 10.3 7.0 8.5 13.0 - 11.9 14.7 9.4 9.6
 
