
# Evolved Layout
öülwä xvogbjß
hernm kiast⇘
fyzcq pu,.d
┌───┬───┬───┬───┬───┬───┬───┬───┬───┬───┬───┬───┬───┬──────┐
│ ^ │ 1 │ 2 │ 3 │ 4 │ 5 │ 6 │ 7 │ 8 │ 9 │ 0 │ - │ ` │ ←    │
├───┴─┬─┴─┬─┴─┬─┴─┬─┴─┬─┴─┬─┴─┬─┴─┬─┴─┬─┴─┬─┴─┬─┴─┬─┴─┬────┤
│   ⇥ │ ö │ ü │ l │ w │ ä │ x │ v │ o │ g │ b │ j │ ß │ Ret│
├─────┴┬──┴┬──┴┬──┴┬──┴┬──┴┬──┴┬──┴┬──┴┬──┴┬──┴┬──┴┬──┴┐   │
│    ⇩ │ h │ e │ r │ n │ m │ k │ i │ a │ s │ t │ ⇘ │ ´ │   │
├────┬─┴─┬─┴─┬─┴─┬─┴─┬─┴─┬─┴─┬─┴─┬─┴─┬─┴─┬─┴─┬─┴─┬─┴───┴───┤
│  ⇧ │ ⇚ │ f │ y │ z │ c │ q │ p │ u │ , │ . │ d │ ⇗       │
├────┼───┴┬──┴─┬─┴───┴───┴───┴───┴───┴─┬─┴──┬┴───┼────┬────┤
│Strg│ Fe │ Alt│      Leerzeichen      │ M4 │ Fe │ Me │Strg│
└────┴────┴────┴───────────────────────┴────┴────┴────┴────┘
# 10.224021690991567 x100 total penalty per letter
# 37.41716856290179 x10 billion total penalty compared to notime-noeffort
# 7.393878746303738 mean key position cost in file 1gramme.txt ( 54.1192137 )
# 9.320330860277608 % finger repeats in file 2gramme.txt ( 44.99303029934651 )
# 14.462789128342832 million keystrokes disbalance of the fingers ( 28.92557825668566 )
# 0.42889990067194 % finger repeats top to bottom or vice versa ( 10.35237188229202 )
# 5.588943282239134 % of trigrams have no handswitching (after direction change counted x 1 ) ( 24.72165421570655 )
# 8.373331013899778 billion (rows²/dist)² to cross ( 108.85330318069711 )
# 0.008772895474530307 hand disbalance. Left: 0.5087728954745303 %, Right: 0.4912271045254697 % ( 0.2568514963495803 )
# 1.0979192834421578 badly positioned shortcut keys (weighted).
# 9.939074461346877 no handswitching after unbalancing key (weighted).
# 42.34681404825499 movement pattern cost (weighted).
# 0.8725744701743314 asymmetric bigram cost (weighted).
# 3.765343185279713 irregularity cost (weighted).
# 20.157422229951408 manually assigned bigram penalty (weighted)
# 10.47605086708024 unbalancing key after neighboring finger (weighted)
# 0.8725744701743314 asymmetrc bigrams (weighted)
# 13.294484052410768 inconsistent symmetries of similar keys (weighted)
# 3.765343185279713 irregularity cost for randomly sampled words (weighted).
# Finger load %: 10.6 11.7 8.5 12.1 - 11.8 8.4 8.1 13.2
 
