
# Evolved Layout
ßpizj qfogköx
unarä mseth⇘
cvüly wb,.d
┌───┬───┬───┬───┬───┬───┬───┬───┬───┬───┬───┬───┬───┬──────┐
│ ^ │ 1 │ 2 │ 3 │ 4 │ 5 │ 6 │ 7 │ 8 │ 9 │ 0 │ - │ ` │ ←    │
├───┴─┬─┴─┬─┴─┬─┴─┬─┴─┬─┴─┬─┴─┬─┴─┬─┴─┬─┴─┬─┴─┬─┴─┬─┴─┬────┤
│   ⇥ │ ß │ p │ i │ z │ j │ q │ f │ o │ g │ k │ ö │ x │ Ret│
├─────┴┬──┴┬──┴┬──┴┬──┴┬──┴┬──┴┬──┴┬──┴┬──┴┬──┴┬──┴┬──┴┐   │
│    ⇩ │ u │ n │ a │ r │ ä │ m │ s │ e │ t │ h │ ⇘ │ ´ │   │
├────┬─┴─┬─┴─┬─┴─┬─┴─┬─┴─┬─┴─┬─┴─┬─┴─┬─┴─┬─┴─┬─┴─┬─┴───┴───┤
│  ⇧ │ ⇚ │ c │ v │ ü │ l │ y │ w │ b │ , │ . │ d │ ⇗       │
├────┼───┴┬──┴─┬─┴───┴───┴───┴───┴───┴─┬─┴──┬┴───┼────┬────┤
│Strg│ Fe │ Alt│      Leerzeichen      │ M4 │ Fe │ Me │Strg│
└────┴────┴────┴───────────────────────┴────┴────┴────┴────┘
# 9.94478421509394 x100 total penalty per letter
# 36.3952345314094 x10 billion total penalty compared to notime-noeffort
# 7.63378226195583 mean key position cost in file 1gramme.txt ( 55.87517834 )
# 10.586225224439769 % finger repeats in file 2gramme.txt ( 51.10401759543737 )
# 12.716107743236353 million keystrokes disbalance of the fingers ( 25.432215486472707 )
# 0.3095899408389996 % finger repeats top to bottom or vice versa ( 7.472583214780378 )
# 3.954951176688337 % of trigrams have no handswitching (after direction change counted x 1 ) ( 17.493993138345004 )
# 8.065944717006085 billion (rows²/dist)² to cross ( 104.8572813210791 )
# 0.040900913181313725 hand disbalance. Left: 0.4590990868186863 %, Right: 0.5409009131813137 % ( 1.19749070112421 )
# 0.36597309448071924 badly positioned shortcut keys (weighted).
# 10.70894495720966 no handswitching after unbalancing key (weighted).
# 41.09443549171154 movement pattern cost (weighted).
# 0.8962154507124384 asymmetric bigram cost (weighted).
# 5.100363684241096 irregularity cost (weighted).
# 17.57074294382649 manually assigned bigram penalty (weighted)
# 11.837235456647539 unbalancing key after neighboring finger (weighted)
# 0.8962154507124384 asymmetrc bigrams (weighted)
# 12.945674438025744 inconsistent symmetries of similar keys (weighted)
# 5.100363684241096 irregularity cost for randomly sampled words (weighted).
# Finger load %: 10.7 8.3 10.2 9.5 - 11.5 14.7 8.3 11.2
 
