
# Evolved Layout
äühvj qwcpfzß
aeunm gtris⇘
oöxly bd,.k
┌───┬───┬───┬───┬───┬───┬───┬───┬───┬───┬───┬───┬───┬──────┐
│ ^ │ 1 │ 2 │ 3 │ 4 │ 5 │ 6 │ 7 │ 8 │ 9 │ 0 │ - │ ` │ ←    │
├───┴─┬─┴─┬─┴─┬─┴─┬─┴─┬─┴─┬─┴─┬─┴─┬─┴─┬─┴─┬─┴─┬─┴─┬─┴─┬────┤
│   ⇥ │ ä │ ü │ h │ v │ j │ q │ w │ c │ p │ f │ z │ ß │ Ret│
├─────┴┬──┴┬──┴┬──┴┬──┴┬──┴┬──┴┬──┴┬──┴┬──┴┬──┴┬──┴┬──┴┐   │
│    ⇩ │ a │ e │ u │ n │ m │ g │ t │ r │ i │ s │ ⇘ │ ´ │   │
├────┬─┴─┬─┴─┬─┴─┬─┴─┬─┴─┬─┴─┬─┴─┬─┴─┬─┴─┬─┴─┬─┴─┬─┴───┴───┤
│  ⇧ │ ⇚ │ o │ ö │ x │ l │ y │ b │ d │ , │ . │ k │ ⇗       │
├────┼───┴┬──┴─┬─┴───┴───┴───┴───┴───┴─┬─┴──┬┴───┼────┬────┤
│Strg│ Fe │ Alt│      Leerzeichen      │ M4 │ Fe │ Me │Strg│
└────┴────┴────┴───────────────────────┴────┴────┴────┴────┘
# 10.163577273556726 x100 total penalty per letter
# 37.19595825797467 x10 billion total penalty compared to notime-noeffort
# 7.406488479285743 mean key position cost in file 1gramme.txt ( 54.21151016 )
# 9.722279003732085 % finger repeats in file 2gramme.txt ( 46.93339757474972 )
# 15.162146813811983 million keystrokes disbalance of the fingers ( 30.324293627623966 )
# 0.3422524015160171 % finger repeats top to bottom or vice versa ( 8.260958168911829 )
# 4.904943950002132 % of trigrams have no handswitching (after direction change counted x 1 ) ( 21.69611000790011 )
# 7.637970919117609 billion (rows²/dist)² to cross ( 99.29362194852891 )
# 0.011227026387453098 hand disbalance. Left: 0.5112270263874531 %, Right: 0.4887729736125469 % ( 0.3287031671066321 )
# 0.7319461889614385 badly positioned shortcut keys (weighted).
# 11.75343217637096 no handswitching after unbalancing key (weighted).
# 29.15722532840124 movement pattern cost (weighted).
# 0.8647222448434299 asymmetric bigram cost (weighted).
# 26.048531363114787 irregularity cost (weighted).
# 21.148595896059167 manually assigned bigram penalty (weighted)
# 11.547084924434015 unbalancing key after neighboring finger (weighted)
# 0.8647222448434299 asymmetrc bigrams (weighted)
# 9.659449802740426 inconsistent symmetries of similar keys (weighted)
# 26.048531363114787 irregularity cost for randomly sampled words (weighted).
# Finger load %: 13.3 11.4 5.9 12.5 - 13.7 8.5 7.9 11.2
 
