
# Evolved Layout
ßoamz vpflkjq
ueiny wtsrh⇘
üöäcx bd,.g
┌───┬───┬───┬───┬───┬───┬───┬───┬───┬───┬───┬───┬───┬──────┐
│ ^ │ 1 │ 2 │ 3 │ 4 │ 5 │ 6 │ 7 │ 8 │ 9 │ 0 │ - │ ` │ ←    │
├───┴─┬─┴─┬─┴─┬─┴─┬─┴─┬─┴─┬─┴─┬─┴─┬─┴─┬─┴─┬─┴─┬─┴─┬─┴─┬────┤
│   ⇥ │ ß │ o │ a │ m │ z │ v │ p │ f │ l │ k │ j │ q │ Ret│
├─────┴┬──┴┬──┴┬──┴┬──┴┬──┴┬──┴┬──┴┬──┴┬──┴┬──┴┬──┴┬──┴┐   │
│    ⇩ │ u │ e │ i │ n │ y │ w │ t │ s │ r │ h │ ⇘ │ ´ │   │
├────┬─┴─┬─┴─┬─┴─┬─┴─┬─┴─┬─┴─┬─┴─┬─┴─┬─┴─┬─┴─┬─┴─┬─┴───┴───┤
│  ⇧ │ ⇚ │ ü │ ö │ ä │ c │ x │ b │ d │ , │ . │ g │ ⇗       │
├────┼───┴┬──┴─┬─┴───┴───┴───┴───┴───┴─┬─┴──┬┴───┼────┬────┤
│Strg│ Fe │ Alt│      Leerzeichen      │ M4 │ Fe │ Me │Strg│
└────┴────┴────┴───────────────────────┴────┴────┴────┴────┘
# 9.310381564739233 x100 total penalty per letter
# 34.07349152043858 x10 billion total penalty compared to notime-noeffort
# 7.3381019930181886 mean key position cost in file 1gramme.txt ( 53.71095788 )
# 9.919875292618329 % finger repeats in file 2gramme.txt ( 47.88727527997019 )
# 11.419158699378125 million keystrokes disbalance of the fingers ( 22.838317398756253 )
# 0.4100903370124565 % finger repeats top to bottom or vice versa ( 9.89836478729957 )
# 3.4705788595958063 % of trigrams have no handswitching (after direction change counted x 1 ) ( 15.351462013923806 )
# 8.308768763287388 billion (rows²/dist)² to cross ( 108.01399392273602 )
# 0.03114275333213623 hand disbalance. Left: 0.5311427533321362 %, Right: 0.46885724666786377 % ( 0.9117927846089302 )
# 1.463892377922877 badly positioned shortcut keys (weighted).
# 14.209049881471543 no handswitching after unbalancing key (weighted).
# 28.565402699805144 movement pattern cost (weighted).
# 0.8656138531541846 asymmetric bigram cost (weighted).
# 5.416917282281645 irregularity cost (weighted).
# 15.490215512327602 manually assigned bigram penalty (weighted)
# 10.925579166680132 unbalancing key after neighboring finger (weighted)
# 0.8656138531541846 asymmetrc bigrams (weighted)
# 5.186080363447944 inconsistent symmetries of similar keys (weighted)
# 5.416917282281645 irregularity cost for randomly sampled words (weighted).
# Finger load %: 8.9 13.8 10.2 11.9 - 13.3 7.3 9.3 9.7
 
