
# Evolved Layout
ßploö vmibyqj
hnreü gsutd⇘
kzxaä fw,.c
┌───┬───┬───┬───┬───┬───┬───┬───┬───┬───┬───┬───┬───┬──────┐
│ ^ │ 1 │ 2 │ 3 │ 4 │ 5 │ 6 │ 7 │ 8 │ 9 │ 0 │ - │ ` │ ←    │
├───┴─┬─┴─┬─┴─┬─┴─┬─┴─┬─┴─┬─┴─┬─┴─┬─┴─┬─┴─┬─┴─┬─┴─┬─┴─┬────┤
│   ⇥ │ ß │ p │ l │ o │ ö │ v │ m │ i │ b │ y │ q │ j │ Ret│
├─────┴┬──┴┬──┴┬──┴┬──┴┬──┴┬──┴┬──┴┬──┴┬──┴┬──┴┬──┴┬──┴┐   │
│    ⇩ │ h │ n │ r │ e │ ü │ g │ s │ u │ t │ d │ ⇘ │ ´ │   │
├────┬─┴─┬─┴─┬─┴─┬─┴─┬─┴─┬─┴─┬─┴─┬─┴─┬─┴─┬─┴─┬─┴─┬─┴───┴───┤
│  ⇧ │ ⇚ │ k │ z │ x │ a │ ä │ f │ w │ , │ . │ c │ ⇗       │
├────┼───┴┬──┴─┬─┴───┴───┴───┴───┴───┴─┬─┴──┬┴───┼────┬────┤
│Strg│ Fe │ Alt│      Leerzeichen      │ M4 │ Fe │ Me │Strg│
└────┴────┴────┴───────────────────────┴────┴────┴────┴────┘
# 9.460640369977726 x100 total penalty per letter
# 34.62339831969965 x10 billion total penalty compared to notime-noeffort
# 7.5789034298698335 mean key position cost in file 1gramme.txt ( 55.47349482 )
# 11.015133273911838 % finger repeats in file 2gramme.txt ( 53.17453130947044 )
# 12.31816881719813 million keystrokes disbalance of the fingers ( 24.63633763439626 )
# 0.38530671075594336 % finger repeats top to bottom or vice versa ( 9.300161534752286 )
# 5.132148176509739 % of trigrams have no handswitching (after direction change counted x 1 ) ( 22.701105771932593 )
# 7.633309200653481 billion (rows²/dist)² to cross ( 99.23301960849525 )
# 0.03589433625619087 hand disbalance. Left: 0.5358943362561909 %, Right: 0.4641056637438091 % ( 1.050908905120772 )
# 0.7319461889614385 badly positioned shortcut keys (weighted).
# 10.65817375652386 no handswitching after unbalancing key (weighted).
# 22.796800362539706 movement pattern cost (weighted).
# 0.8793521323187401 asymmetric bigram cost (weighted).
# 3.274607994494494 irregularity cost (weighted).
# 16.01528879975737 manually assigned bigram penalty (weighted)
# 10.758694843611897 unbalancing key after neighboring finger (weighted)
# 0.8793521323187401 asymmetrc bigrams (weighted)
# 15.549559534621388 inconsistent symmetries of similar keys (weighted)
# 3.274607994494494 irregularity cost for randomly sampled words (weighted).
# Finger load %: 10.1 8.3 8.0 18.8 - 12.7 9.2 7.7 9.6
 
