
# Evolved Layout
ßglkj qwüoäöx
rhnsm cteai⇘
ypvfz bd,.u
┌───┬───┬───┬───┬───┬───┬───┬───┬───┬───┬───┬───┬───┬──────┐
│ ^ │ 1 │ 2 │ 3 │ 4 │ 5 │ 6 │ 7 │ 8 │ 9 │ 0 │ - │ ` │ ←    │
├───┴─┬─┴─┬─┴─┬─┴─┬─┴─┬─┴─┬─┴─┬─┴─┬─┴─┬─┴─┬─┴─┬─┴─┬─┴─┬────┤
│   ⇥ │ ß │ g │ l │ k │ j │ q │ w │ ü │ o │ ä │ ö │ x │ Ret│
├─────┴┬──┴┬──┴┬──┴┬──┴┬──┴┬──┴┬──┴┬──┴┬──┴┬──┴┬──┴┬──┴┐   │
│    ⇩ │ r │ h │ n │ s │ m │ c │ t │ e │ a │ i │ ⇘ │ ´ │   │
├────┬─┴─┬─┴─┬─┴─┬─┴─┬─┴─┬─┴─┬─┴─┬─┴─┬─┴─┬─┴─┬─┴─┬─┴───┴───┤
│  ⇧ │ ⇚ │ y │ p │ v │ f │ z │ b │ d │ , │ . │ u │ ⇗       │
├────┼───┴┬──┴─┬─┴───┴───┴───┴───┴───┴─┬─┴──┬┴───┼────┬────┤
│Strg│ Fe │ Alt│      Leerzeichen      │ M4 │ Fe │ Me │Strg│
└────┴────┴────┴───────────────────────┴────┴────┴────┴────┘
# 9.634188177914796 x100 total penalty per letter
# 35.2585366028104 x10 billion total penalty compared to notime-noeffort
# 7.561853181930559 mean key position cost in file 1gramme.txt ( 55.34869618 )
# 9.159963095644276 % finger repeats in file 2gramme.txt ( 44.218869832153494 )
# 13.928235026998792 million keystrokes disbalance of the fingers ( 27.856470053997587 )
# 0.3959602493321145 % finger repeats top to bottom or vice versa ( 9.557306367451202 )
# 3.4963818892636382 % of trigrams have no handswitching (after direction change counted x 1 ) ( 15.465596930839657 )
# 8.357380205157787 billion (rows²/dist)² to cross ( 108.64594266705124 )
# 0.06061970001243938 hand disbalance. Left: 0.4393802999875606 %, Right: 0.5606197000124394 % ( 1.7748143360036268 )
# 1.0979192834421578 badly positioned shortcut keys (weighted).
# 11.48314765154487 no handswitching after unbalancing key (weighted).
# 26.32315059180336 movement pattern cost (weighted).
# 0.8728122275494298 asymmetric bigram cost (weighted).
# 5.832658175764591 irregularity cost (weighted).
# 17.719768038357515 manually assigned bigram penalty (weighted)
# 12.322547360706988 unbalancing key after neighboring finger (weighted)
# 0.8728122275494298 asymmetrc bigrams (weighted)
# 14.065666331438347 inconsistent symmetries of similar keys (weighted)
# 5.832658175764591 irregularity cost for randomly sampled words (weighted).
# Finger load %: 10.8 6.4 9.9 9.9 - 13.9 12.3 8.6 12.6
 
