
# Evolved Layout
äobpy qfluxjß
hestd mnria⇘
zükgö wc,.v
┌───┬───┬───┬───┬───┬───┬───┬───┬───┬───┬───┬───┬───┬──────┐
│ ^ │ 1 │ 2 │ 3 │ 4 │ 5 │ 6 │ 7 │ 8 │ 9 │ 0 │ - │ ` │ ←    │
├───┴─┬─┴─┬─┴─┬─┴─┬─┴─┬─┴─┬─┴─┬─┴─┬─┴─┬─┴─┬─┴─┬─┴─┬─┴─┬────┤
│   ⇥ │ ä │ o │ b │ p │ y │ q │ f │ l │ u │ x │ j │ ß │ Ret│
├─────┴┬──┴┬──┴┬──┴┬──┴┬──┴┬──┴┬──┴┬──┴┬──┴┬──┴┬──┴┬──┴┐   │
│    ⇩ │ h │ e │ s │ t │ d │ m │ n │ r │ i │ a │ ⇘ │ ´ │   │
├────┬─┴─┬─┴─┬─┴─┬─┴─┬─┴─┬─┴─┬─┴─┬─┴─┬─┴─┬─┴─┬─┴─┬─┴───┴───┤
│  ⇧ │ ⇚ │ z │ ü │ k │ g │ ö │ w │ c │ , │ . │ v │ ⇗       │
├────┼───┴┬──┴─┬─┴───┴───┴───┴───┴───┴─┬─┴──┬┴───┼────┬────┤
│Strg│ Fe │ Alt│      Leerzeichen      │ M4 │ Fe │ Me │Strg│
└────┴────┴────┴───────────────────────┴────┴────┴────┴────┘
# 9.972928837323314 x100 total penalty per letter
# 36.49823627631215 x10 billion total penalty compared to notime-noeffort
# 7.140175568665111 mean key position cost in file 1gramme.txt ( 52.26224296 )
# 10.378752276710895 % finger repeats in file 2gramme.txt ( 50.102461238329475 )
# 11.69541953746887 million keystrokes disbalance of the fingers ( 23.39083907493774 )
# 0.31595552933933563 % finger repeats top to bottom or vice versa ( 7.626229646737762 )
# 5.375295262685875 % of trigrams have no handswitching (after direction change counted x 1 ) ( 23.776621819323005 )
# 8.659261506249623 billion (rows²/dist)² to cross ( 112.57039958124508 )
# 0.0007358223420381726 hand disbalance. Left: 0.5007358223420382 %, Right: 0.49926417765796177 % ( 0.021543294360300825 )
# 1.0979192834421578 badly positioned shortcut keys (weighted).
# 13.327717926433305 no handswitching after unbalancing key (weighted).
# 34.804545631130985 movement pattern cost (weighted).
# 0.8784333716564211 asymmetric bigram cost (weighted).
# 2.9451807582685356 irregularity cost (weighted).
# 16.747408003212833 manually assigned bigram penalty (weighted)
# 12.485145736018058 unbalancing key after neighboring finger (weighted)
# 0.8784333716564211 asymmetrc bigrams (weighted)
# 12.945674438025744 inconsistent symmetries of similar keys (weighted)
# 2.9451807582685356 irregularity cost for randomly sampled words (weighted).
# Finger load %: 9.4 14.0 7.1 11.8 - 14.1 9.1 9.4 9.6
 
