
# Evolved Layout
ßmcvö qgyoäxj
rsnhl wteai⇘
zkbup fd,.ü
┌───┬───┬───┬───┬───┬───┬───┬───┬───┬───┬───┬───┬───┬──────┐
│ ^ │ 1 │ 2 │ 3 │ 4 │ 5 │ 6 │ 7 │ 8 │ 9 │ 0 │ - │ ` │ ←    │
├───┴─┬─┴─┬─┴─┬─┴─┬─┴─┬─┴─┬─┴─┬─┴─┬─┴─┬─┴─┬─┴─┬─┴─┬─┴─┬────┤
│   ⇥ │ ß │ m │ c │ v │ ö │ q │ g │ y │ o │ ä │ x │ j │ Ret│
├─────┴┬──┴┬──┴┬──┴┬──┴┬──┴┬──┴┬──┴┬──┴┬──┴┬──┴┬──┴┬──┴┐   │
│    ⇩ │ r │ s │ n │ h │ l │ w │ t │ e │ a │ i │ ⇘ │ ´ │   │
├────┬─┴─┬─┴─┬─┴─┬─┴─┬─┴─┬─┴─┬─┴─┬─┴─┬─┴─┬─┴─┬─┴─┬─┴───┴───┤
│  ⇧ │ ⇚ │ z │ k │ b │ u │ p │ f │ d │ , │ . │ ü │ ⇗       │
├────┼───┴┬──┴─┬─┴───┴───┴───┴───┴───┴─┬─┴──┬┴───┼────┬────┤
│Strg│ Fe │ Alt│      Leerzeichen      │ M4 │ Fe │ Me │Strg│
└────┴────┴────┴───────────────────────┴────┴────┴────┴────┘
# 10.046982245626316 x100 total penalty per letter
# 36.769251826247086 x10 billion total penalty compared to notime-noeffort
# 7.617070549832079 mean key position cost in file 1gramme.txt ( 55.7528576 )
# 10.892800933349553 % finger repeats in file 2gramme.txt ( 52.58398331412333 )
# 12.288677874260097 million keystrokes disbalance of the fingers ( 24.577355748520194 )
# 0.40687398121185026 % finger repeats top to bottom or vice versa ( 9.820731495005777 )
# 4.081999578403952 % of trigrams have no handswitching (after direction change counted x 1 ) ( 18.05596818394133 )
# 8.42827753312399 billion (rows²/dist)² to cross ( 109.56760793061187 )
# 0.03382250473886589 hand disbalance. Left: 0.4661774952611341 %, Right: 0.5338225047388658 % ( 0.9902501377897233 )
# 0.36597309448071924 badly positioned shortcut keys (weighted).
# 12.393646839434671 no handswitching after unbalancing key (weighted).
# 22.431409445578723 movement pattern cost (weighted).
# 0.8703599560874968 asymmetric bigram cost (weighted).
# 11.246791888411828 irregularity cost (weighted).
# 16.980254210005924 manually assigned bigram penalty (weighted)
# 13.271417469086693 unbalancing key after neighboring finger (weighted)
# 0.8703599560874968 asymmetrc bigrams (weighted)
# 18.78391094939253 inconsistent symmetries of similar keys (weighted)
# 11.246791888411828 irregularity cost for randomly sampled words (weighted).
# Finger load %: 11.1 7.7 10.0 10.5 - 13.7 12.4 8.6 10.4
 
