
# Evolved Layout
üplgk öäywfjß
hnrsm xaetd⇘
uvzbq oi,.c
┌───┬───┬───┬───┬───┬───┬───┬───┬───┬───┬───┬───┬───┬──────┐
│ ^ │ 1 │ 2 │ 3 │ 4 │ 5 │ 6 │ 7 │ 8 │ 9 │ 0 │ - │ ` │ ←    │
├───┴─┬─┴─┬─┴─┬─┴─┬─┴─┬─┴─┬─┴─┬─┴─┬─┴─┬─┴─┬─┴─┬─┴─┬─┴─┬────┤
│   ⇥ │ ü │ p │ l │ g │ k │ ö │ ä │ y │ w │ f │ j │ ß │ Ret│
├─────┴┬──┴┬──┴┬──┴┬──┴┬──┴┬──┴┬──┴┬──┴┬──┴┬──┴┬──┴┬──┴┐   │
│    ⇩ │ h │ n │ r │ s │ m │ x │ a │ e │ t │ d │ ⇘ │ ´ │   │
├────┬─┴─┬─┴─┬─┴─┬─┴─┬─┴─┬─┴─┬─┴─┬─┴─┬─┴─┬─┴─┬─┴─┬─┴───┴───┤
│  ⇧ │ ⇚ │ u │ v │ z │ b │ q │ o │ i │ , │ . │ c │ ⇗       │
├────┼───┴┬──┴─┬─┴───┴───┴───┴───┴───┴─┬─┴──┬┴───┼────┬────┤
│Strg│ Fe │ Alt│      Leerzeichen      │ M4 │ Fe │ Me │Strg│
└────┴────┴────┴───────────────────────┴────┴────┴────┴────┘
# 9.605723255393297 x100 total penalty per letter
# 35.15436264501694 x10 billion total penalty compared to notime-noeffort
# 7.765263326344663 mean key position cost in file 1gramme.txt ( 56.83754898 )
# 10.025351176117763 % finger repeats in file 2gramme.txt ( 48.396450296746266 )
# 13.193114600603742 million keystrokes disbalance of the fingers ( 26.386229201207485 )
# 0.3773749940354801 % finger repeats top to bottom or vice versa ( 9.108713411247042 )
# 2.7724967873870936 % of trigrams have no handswitching (after direction change counted x 1 ) ( 12.263625417304489 )
# 8.347215806466549 billion (rows²/dist)² to cross ( 108.51380548406514 )
# 0.03585132475427394 hand disbalance. Left: 0.46414867524572606 %, Right: 0.535851324754274 % ( 1.0496496209243877 )
# 0.7319461889614385 badly positioned shortcut keys (weighted).
# 14.07292451550925 no handswitching after unbalancing key (weighted).
# 26.419577086095334 movement pattern cost (weighted).
# 0.8763889709771528 asymmetric bigram cost (weighted).
# 7.209839187756683 irregularity cost (weighted).
# 20.0425831566328 manually assigned bigram penalty (weighted)
# 10.427639180109825 unbalancing key after neighboring finger (weighted)
# 0.8763889709771528 asymmetrc bigrams (weighted)
# 9.206705752632079 inconsistent symmetries of similar keys (weighted)
# 7.209839187756683 irregularity cost for randomly sampled words (weighted).
# Finger load %: 11.2 8.3 8.5 11.2 - 14.1 12.4 7.4 11.3
 
