
# Evolved Layout
junüq wgidbzß
hlreä fsatc⇘
övxoy km,.p
┌───┬───┬───┬───┬───┬───┬───┬───┬───┬───┬───┬───┬───┬──────┐
│ ^ │ 1 │ 2 │ 3 │ 4 │ 5 │ 6 │ 7 │ 8 │ 9 │ 0 │ - │ ` │ ←    │
├───┴─┬─┴─┬─┴─┬─┴─┬─┴─┬─┴─┬─┴─┬─┴─┬─┴─┬─┴─┬─┴─┬─┴─┬─┴─┬────┤
│   ⇥ │ j │ u │ n │ ü │ q │ w │ g │ i │ d │ b │ z │ ß │ Ret│
├─────┴┬──┴┬──┴┬──┴┬──┴┬──┴┬──┴┬──┴┬──┴┬──┴┬──┴┬──┴┬──┴┐   │
│    ⇩ │ h │ l │ r │ e │ ä │ f │ s │ a │ t │ c │ ⇘ │ ´ │   │
├────┬─┴─┬─┴─┬─┴─┬─┴─┬─┴─┬─┴─┬─┴─┬─┴─┬─┴─┬─┴─┬─┴─┬─┴───┴───┤
│  ⇧ │ ⇚ │ ö │ v │ x │ o │ y │ k │ m │ , │ . │ p │ ⇗       │
├────┼───┴┬──┴─┬─┴───┴───┴───┴───┴───┴─┬─┴──┬┴───┼────┬────┤
│Strg│ Fe │ Alt│      Leerzeichen      │ M4 │ Fe │ Me │Strg│
└────┴────┴────┴───────────────────────┴────┴────┴────┴────┘
# 9.636438618579799 x100 total penalty per letter
# 35.26677261015157 x10 billion total penalty compared to notime-noeffort
# 7.502726174163215 mean key position cost in file 1gramme.txt ( 54.9159183 )
# 12.506318077851743 % finger repeats in file 2gramme.txt ( 60.37308724824479 )
# 10.688851277027805 million keystrokes disbalance of the fingers ( 21.37770255405561 )
# 0.3694321551858898 % finger repeats top to bottom or vice versa ( 8.916996832522605 )
# 5.1536780932495025 % of trigrams have no handswitching (after direction change counted x 1 ) ( 22.79633936620162 )
# 7.496854970319539 billion (rows²/dist)² to cross ( 97.459114614154 )
# 0.0010549818490592777 hand disbalance. Left: 0.5010549818490593 %, Right: 0.49894501815094067 % ( 0.030887597753697198 )
# 0.7319461889614385 badly positioned shortcut keys (weighted).
# 13.268606593099443 no handswitching after unbalancing key (weighted).
# 28.52550813691488 movement pattern cost (weighted).
# 0.8582338519368315 asymmetric bigram cost (weighted).
# 3.8201799978195594 irregularity cost (weighted).
# 15.69310611370563 manually assigned bigram penalty (weighted)
# 13.105565314607134 unbalancing key after neighboring finger (weighted)
# 0.8582338519368315 asymmetrc bigrams (weighted)
# 10.79453339153844 inconsistent symmetries of similar keys (weighted)
# 3.8201799978195594 irregularity cost for randomly sampled words (weighted).
# Finger load %: 9.7 6.2 11.7 14.7 - 13.0 11.1 9.5 8.4
 
