
# Evolved Layout
übuoö qzdgwjß
cniey mrtsh⇘
vpxaä kl,.f
┌───┬───┬───┬───┬───┬───┬───┬───┬───┬───┬───┬───┬───┬──────┐
│ ^ │ 1 │ 2 │ 3 │ 4 │ 5 │ 6 │ 7 │ 8 │ 9 │ 0 │ - │ ` │ ←    │
├───┴─┬─┴─┬─┴─┬─┴─┬─┴─┬─┴─┬─┴─┬─┴─┬─┴─┬─┴─┬─┴─┬─┴─┬─┴─┬────┤
│   ⇥ │ ü │ b │ u │ o │ ö │ q │ z │ d │ g │ w │ j │ ß │ Ret│
├─────┴┬──┴┬──┴┬──┴┬──┴┬──┴┬──┴┬──┴┬──┴┬──┴┬──┴┬──┴┬──┴┐   │
│    ⇩ │ c │ n │ i │ e │ y │ m │ r │ t │ s │ h │ ⇘ │ ´ │   │
├────┬─┴─┬─┴─┬─┴─┬─┴─┬─┴─┬─┴─┬─┴─┬─┴─┬─┴─┬─┴─┬─┴─┬─┴───┴───┤
│  ⇧ │ ⇚ │ v │ p │ x │ a │ ä │ k │ l │ , │ . │ f │ ⇗       │
├────┼───┴┬──┴─┬─┴───┴───┴───┴───┴───┴─┬─┴──┬┴───┼────┬────┤
│Strg│ Fe │ Alt│      Leerzeichen      │ M4 │ Fe │ Me │Strg│
└────┴────┴────┴───────────────────────┴────┴────┴────┴────┘
# 9.684691673293694 x100 total penalty per letter
# 35.44336580766948 x10 billion total penalty compared to notime-noeffort
# 7.378487972815342 mean key position cost in file 1gramme.txt ( 54.00656152 )
# 12.90108804566481 % finger repeats in file 2gramme.txt ( 62.27880254841563 )
# 11.615126714627099 million keystrokes disbalance of the fingers ( 23.230253429254198 )
# 0.4443309867096627 % finger repeats top to bottom or vice versa ( 10.724832544931202 )
# 3.324605130144408 % of trigrams have no handswitching (after direction change counted x 1 ) ( 14.705774290532062 )
# 8.325148716591544 billion (rows²/dist)² to cross ( 108.22693331569008 )
# 0.033754282111901124 hand disbalance. Left: 0.5337542821119011 %, Right: 0.46624571788809893 % ( 0.9882527261174113 )
# 0.36597309448071924 badly positioned shortcut keys (weighted).
# 10.692985561394694 no handswitching after unbalancing key (weighted).
# 27.32037608143826 movement pattern cost (weighted).
# 0.8472152738353612 asymmetric bigram cost (weighted).
# 8.433144801413347 irregularity cost (weighted).
# 16.46272939518676 manually assigned bigram penalty (weighted)
# 8.041419805042233 unbalancing key after neighboring finger (weighted)
# 0.8472152738353612 asymmetrc bigrams (weighted)
# 8.108403688962824 inconsistent symmetries of similar keys (weighted)
# 8.433144801413347 irregularity cost for randomly sampled words (weighted).
# Finger load %: 9.0 9.0 8.2 18.9 - 12.4 9.3 8.1 9.5
 
