
# Evolved Layout
jyovö wprmkzß
leaiä ftnsh⇘
cüxuq bd,.g
┌───┬───┬───┬───┬───┬───┬───┬───┬───┬───┬───┬───┬───┬──────┐
│ ^ │ 1 │ 2 │ 3 │ 4 │ 5 │ 6 │ 7 │ 8 │ 9 │ 0 │ - │ ` │ ←    │
├───┴─┬─┴─┬─┴─┬─┴─┬─┴─┬─┴─┬─┴─┬─┴─┬─┴─┬─┴─┬─┴─┬─┴─┬─┴─┬────┤
│   ⇥ │ j │ y │ o │ v │ ö │ w │ p │ r │ m │ k │ z │ ß │ Ret│
├─────┴┬──┴┬──┴┬──┴┬──┴┬──┴┬──┴┬──┴┬──┴┬──┴┬──┴┬──┴┬──┴┐   │
│    ⇩ │ l │ e │ a │ i │ ä │ f │ t │ n │ s │ h │ ⇘ │ ´ │   │
├────┬─┴─┬─┴─┬─┴─┬─┴─┬─┴─┬─┴─┬─┴─┬─┴─┬─┴─┬─┴─┬─┴─┬─┴───┴───┤
│  ⇧ │ ⇚ │ c │ ü │ x │ u │ q │ b │ d │ , │ . │ g │ ⇗       │
├────┼───┴┬──┴─┬─┴───┴───┴───┴───┴───┴─┬─┴──┬┴───┼────┬────┤
│Strg│ Fe │ Alt│      Leerzeichen      │ M4 │ Fe │ Me │Strg│
└────┴────┴────┴───────────────────────┴────┴────┴────┴────┘
# 9.509686274549034 x100 total penalty per letter
# 34.80289313437533 x10 billion total penalty compared to notime-noeffort
# 7.494203074932585 mean key position cost in file 1gramme.txt ( 54.8535338 )
# 10.906965737663192 % finger repeats in file 2gramme.txt ( 52.65236258941107 )
# 12.728751524252475 million keystrokes disbalance of the fingers ( 25.457503048504947 )
# 0.40412740791506957 % finger repeats top to bottom or vice versa ( 9.754437359414466 )
# 2.185987587616804 % of trigrams have no handswitching (after direction change counted x 1 ) ( 9.669310732249599 )
# 8.0725181406155 billion (rows²/dist)² to cross ( 104.94273582800149 )
# 0.031035930287859503 hand disbalance. Left: 0.4689640697121405 %, Right: 0.5310359302878594 % ( 0.9086652358028658 )
# 0.36597309448071924 badly positioned shortcut keys (weighted).
# 13.108300058596868 no handswitching after unbalancing key (weighted).
# 28.482401966846755 movement pattern cost (weighted).
# 0.8739941386940453 asymmetric bigram cost (weighted).
# 8.106476320724683 irregularity cost (weighted).
# 20.713238608100745 manually assigned bigram penalty (weighted)
# 11.818834610679101 unbalancing key after neighboring finger (weighted)
# 0.8739941386940453 asymmetrc bigrams (weighted)
# 6.321163952245962 inconsistent symmetries of similar keys (weighted)
# 8.106476320724683 irregularity cost for randomly sampled words (weighted).
# Finger load %: 11.2 11.7 7.3 9.3 - 14.0 12.7 8.0 10.1
 
