
# Evolved Layout
üdlbj ßkoizöq
utrnm wseah⇘
vpxcy fg,.ä
┌───┬───┬───┬───┬───┬───┬───┬───┬───┬───┬───┬───┬───┬──────┐
│ ^ │ 1 │ 2 │ 3 │ 4 │ 5 │ 6 │ 7 │ 8 │ 9 │ 0 │ - │ ` │ ←    │
├───┴─┬─┴─┬─┴─┬─┴─┬─┴─┬─┴─┬─┴─┬─┴─┬─┴─┬─┴─┬─┴─┬─┴─┬─┴─┬────┤
│   ⇥ │ ü │ d │ l │ b │ j │ ß │ k │ o │ i │ z │ ö │ q │ Ret│
├─────┴┬──┴┬──┴┬──┴┬──┴┬──┴┬──┴┬──┴┬──┴┬──┴┬──┴┬──┴┬──┴┐   │
│    ⇩ │ u │ t │ r │ n │ m │ w │ s │ e │ a │ h │ ⇘ │ ´ │   │
├────┬─┴─┬─┴─┬─┴─┬─┴─┬─┴─┬─┴─┬─┴─┬─┴─┬─┴─┬─┴─┬─┴─┬─┴───┴───┤
│  ⇧ │ ⇚ │ v │ p │ x │ c │ y │ f │ g │ , │ . │ ä │ ⇗       │
├────┼───┴┬──┴─┬─┴───┴───┴───┴───┴───┴─┬─┴──┬┴───┼────┬────┤
│Strg│ Fe │ Alt│      Leerzeichen      │ M4 │ Fe │ Me │Strg│
└────┴────┴────┴───────────────────────┴────┴────┴────┴────┘
# 10.131994647339258 x100 total penalty per letter
# 37.08037434348832 x10 billion total penalty compared to notime-noeffort
# 7.339181342855532 mean key position cost in file 1gramme.txt ( 53.71885814 )
# 11.875319940295354 % finger repeats in file 2gramme.txt ( 57.327002431352334 )
# 10.096124232362836 million keystrokes disbalance of the fingers ( 20.192248464725672 )
# 0.3884105181014467 % finger repeats top to bottom or vice versa ( 9.37507824105439 )
# 3.52177280865203 % of trigrams have no handswitching (after direction change counted x 1 ) ( 15.577908954354633 )
# 8.628825519132945 billion (rows²/dist)² to cross ( 112.1747317487283 )
# 0.03730456317383013 hand disbalance. Left: 0.46269543682616987 %, Right: 0.5373045631738301 % ( 1.0921973138382475 )
# 0.7319461889614385 badly positioned shortcut keys (weighted).
# 11.406757838830913 no handswitching after unbalancing key (weighted).
# 35.095034587658105 movement pattern cost (weighted).
# 0.8746772999867253 asymmetric bigram cost (weighted).
# 12.40568369318041 irregularity cost (weighted).
# 15.514043460263592 manually assigned bigram penalty (weighted)
# 12.870107764882198 unbalancing key after neighboring finger (weighted)
# 0.8746772999867253 asymmetrc bigrams (weighted)
# 12.447467307066189 inconsistent symmetries of similar keys (weighted)
# 12.40568369318041 irregularity cost for randomly sampled words (weighted).
# Finger load %: 9.0 9.3 8.0 12.7 - 11.2 14.7 11.3 8.1
 
