
# Evolved Layout
ßyoxj vpufkzq
meanl gtish⇘
cäürö wd,.b
┌───┬───┬───┬───┬───┬───┬───┬───┬───┬───┬───┬───┬───┬──────┐
│ ^ │ 1 │ 2 │ 3 │ 4 │ 5 │ 6 │ 7 │ 8 │ 9 │ 0 │ - │ ` │ ←    │
├───┴─┬─┴─┬─┴─┬─┴─┬─┴─┬─┴─┬─┴─┬─┴─┬─┴─┬─┴─┬─┴─┬─┴─┬─┴─┬────┤
│   ⇥ │ ß │ y │ o │ x │ j │ v │ p │ u │ f │ k │ z │ q │ Ret│
├─────┴┬──┴┬──┴┬──┴┬──┴┬──┴┬──┴┬──┴┬──┴┬──┴┬──┴┬──┴┬──┴┐   │
│    ⇩ │ m │ e │ a │ n │ l │ g │ t │ i │ s │ h │ ⇘ │ ´ │   │
├────┬─┴─┬─┴─┬─┴─┬─┴─┬─┴─┬─┴─┬─┴─┬─┴─┬─┴─┬─┴─┬─┴─┬─┴───┴───┤
│  ⇧ │ ⇚ │ c │ ä │ ü │ r │ ö │ w │ d │ , │ . │ b │ ⇗       │
├────┼───┴┬──┴─┬─┴───┴───┴───┴───┴───┴─┬─┴──┬┴───┼────┬────┤
│Strg│ Fe │ Alt│      Leerzeichen      │ M4 │ Fe │ Me │Strg│
└────┴────┴────┴───────────────────────┴────┴────┴────┴────┘
# 9.247867782877284 x100 total penalty per letter
# 33.84470789848148 x10 billion total penalty compared to notime-noeffort
# 7.42837305801786 mean key position cost in file 1gramme.txt ( 54.3716935 )
# 9.042200115432477 % finger repeats in file 2gramme.txt ( 43.65037999888023 )
# 11.914145015515786 million keystrokes disbalance of the fingers ( 23.82829003103157 )
# 0.31089049548438924 % finger repeats top to bottom or vice versa ( 7.503974747679366 )
# 4.23072121437057 % of trigrams have no handswitching (after direction change counted x 1 ) ( 18.71381076224138 )
# 7.839729800796194 billion (rows²/dist)² to cross ( 101.91648741035053 )
# 0.024066240751003054 hand disbalance. Left: 0.524066240751003 %, Right: 0.47593375924899695 % ( 0.7046077280130062 )
# 0.7319461889614385 badly positioned shortcut keys (weighted).
# 13.106339496946324 no handswitching after unbalancing key (weighted).
# 27.427515458612607 movement pattern cost (weighted).
# 0.8895059914568765 asymmetric bigram cost (weighted).
# 3.8109219089443918 irregularity cost (weighted).
# 17.315440477855674 manually assigned bigram penalty (weighted)
# 15.982170455364827 unbalancing key after neighboring finger (weighted)
# 0.8895059914568765 asymmetrc bigrams (weighted)
# 8.493994828476612 inconsistent symmetries of similar keys (weighted)
# 3.8109219089443918 irregularity cost for randomly sampled words (weighted).
# Finger load %: 10.2 11.7 7.5 14.9 - 13.9 9.2 7.5 9.6
 
