
# Evolved Layout
ßäuyq pdimfkj
oecrl wtash⇘
züvnö bg,.x
┌───┬───┬───┬───┬───┬───┬───┬───┬───┬───┬───┬───┬───┬──────┐
│ ^ │ 1 │ 2 │ 3 │ 4 │ 5 │ 6 │ 7 │ 8 │ 9 │ 0 │ - │ ` │ ←    │
├───┴─┬─┴─┬─┴─┬─┴─┬─┴─┬─┴─┬─┴─┬─┴─┬─┴─┬─┴─┬─┴─┬─┴─┬─┴─┬────┤
│   ⇥ │ ß │ ä │ u │ y │ q │ p │ d │ i │ m │ f │ k │ j │ Ret│
├─────┴┬──┴┬──┴┬──┴┬──┴┬──┴┬──┴┬──┴┬──┴┬──┴┬──┴┬──┴┬──┴┐   │
│    ⇩ │ o │ e │ c │ r │ l │ w │ t │ a │ s │ h │ ⇘ │ ´ │   │
├────┬─┴─┬─┴─┬─┴─┬─┴─┬─┴─┬─┴─┬─┴─┬─┴─┬─┴─┬─┴─┬─┴─┬─┴───┴───┤
│  ⇧ │ ⇚ │ z │ ü │ v │ n │ ö │ b │ g │ , │ . │ x │ ⇗       │
├────┼───┴┬──┴─┬─┴───┴───┴───┴───┴───┴─┬─┴──┬┴───┼────┬────┤
│Strg│ Fe │ Alt│      Leerzeichen      │ M4 │ Fe │ Me │Strg│
└────┴────┴────┴───────────────────────┴────┴────┴────┴────┘
# 10.017677975922233 x100 total penalty per letter
# 36.662006083596076 x10 billion total penalty compared to notime-noeffort
# 7.614321011641499 mean key position cost in file 1gramme.txt ( 55.73273246 )
# 12.262949901065923 % finger repeats in file 2gramme.txt ( 59.19825001165179 )
# 11.66403424015013 million keystrokes disbalance of the fingers ( 23.32806848030026 )
# 0.35432194882123874 % finger repeats top to bottom or vice versa ( 8.552281253759407 )
# 5.022949609484734 % of trigrams have no handswitching (after direction change counted x 1 ) ( 22.218086160081874 )
# 7.545559202458005 billion (rows²/dist)² to cross ( 98.09226963195407 )
# 0.005418377527629692 hand disbalance. Left: 0.4945816224723703 %, Right: 0.5054183775276297 % ( 0.15863843126811417 )
# 0.36597309448071924 badly positioned shortcut keys (weighted).
# 15.949394680526265 no handswitching after unbalancing key (weighted).
# 26.24625762336944 movement pattern cost (weighted).
# 0.8887089025299746 asymmetric bigram cost (weighted).
# 8.149899521013715 irregularity cost (weighted).
# 16.612288398299206 manually assigned bigram penalty (weighted)
# 15.259214423185327 unbalancing key after neighboring finger (weighted)
# 0.8887089025299746 asymmetrc bigrams (weighted)
# 15.867997763540624 inconsistent symmetries of similar keys (weighted)
# 8.149899521013715 irregularity cost for randomly sampled words (weighted).
# Finger load %: 9.7 11.6 5.4 15.0 - 14.6 11.1 8.0 9.0
 
