
# Evolved Layout
jüavö qfldgzß
heoip wnrtm⇘
kyxuä bs,.c
┌───┬───┬───┬───┬───┬───┬───┬───┬───┬───┬───┬───┬───┬──────┐
│ ^ │ 1 │ 2 │ 3 │ 4 │ 5 │ 6 │ 7 │ 8 │ 9 │ 0 │ - │ ` │ ←    │
├───┴─┬─┴─┬─┴─┬─┴─┬─┴─┬─┴─┬─┴─┬─┴─┬─┴─┬─┴─┬─┴─┬─┴─┬─┴─┬────┤
│   ⇥ │ j │ ü │ a │ v │ ö │ q │ f │ l │ d │ g │ z │ ß │ Ret│
├─────┴┬──┴┬──┴┬──┴┬──┴┬──┴┬──┴┬──┴┬──┴┬──┴┬──┴┬──┴┬──┴┐   │
│    ⇩ │ h │ e │ o │ i │ p │ w │ n │ r │ t │ m │ ⇘ │ ´ │   │
├────┬─┴─┬─┴─┬─┴─┬─┴─┬─┴─┬─┴─┬─┴─┬─┴─┬─┴─┬─┴─┬─┴─┬─┴───┴───┤
│  ⇧ │ ⇚ │ k │ y │ x │ u │ ä │ b │ s │ , │ . │ c │ ⇗       │
├────┼───┴┬──┴─┬─┴───┴───┴───┴───┴───┴─┬─┴──┬┴───┼────┬────┤
│Strg│ Fe │ Alt│      Leerzeichen      │ M4 │ Fe │ Me │Strg│
└────┴────┴────┴───────────────────────┴────┴────┴────┴────┘
# 9.244449808654554 x100 total penalty per letter
# 33.832199032450006 x10 billion total penalty compared to notime-noeffort
# 7.469952390568499 mean key position cost in file 1gramme.txt ( 54.67603184 )
# 11.101331409125434 % finger repeats in file 2gramme.txt ( 53.59064478951238 )
# 12.339676997736941 million keystrokes disbalance of the fingers ( 24.679353995473882 )
# 0.3607539346338986 % finger repeats top to bottom or vice versa ( 8.707530319963347 )
# 1.4567123171276106 % of trigrams have no handswitching (after direction change counted x 1 ) ( 6.443496807389608 )
# 7.907121899347916 billion (rows²/dist)² to cross ( 102.79258469152292 )
# 0.032114360864653135 hand disbalance. Left: 0.46788563913534686 %, Right: 0.5321143608646531 % ( 0.9402393618326091 )
# 0.7319461889614385 badly positioned shortcut keys (weighted).
# 11.946401560615868 no handswitching after unbalancing key (weighted).
# 25.865527985092594 movement pattern cost (weighted).
# 0.8692167091281349 asymmetric bigram cost (weighted).
# 4.762610492306131 irregularity cost (weighted).
# 17.340908945494608 manually assigned bigram penalty (weighted)
# 11.577078149072461 unbalancing key after neighboring finger (weighted)
# 0.8692167091281349 asymmetrc bigrams (weighted)
# 13.398418488134089 inconsistent symmetries of similar keys (weighted)
# 4.762610492306131 irregularity cost for randomly sampled words (weighted).
# Finger load %: 10.2 11.7 7.3 10.2 - 16.0 9.1 9.5 10.3
 
