
# Evolved Layout
ßulüq ögocwzj
rhnaä btems⇘
kvxiy pd,.f
┌───┬───┬───┬───┬───┬───┬───┬───┬───┬───┬───┬───┬───┬──────┐
│ ^ │ 1 │ 2 │ 3 │ 4 │ 5 │ 6 │ 7 │ 8 │ 9 │ 0 │ - │ ` │ ←    │
├───┴─┬─┴─┬─┴─┬─┴─┬─┴─┬─┴─┬─┴─┬─┴─┬─┴─┬─┴─┬─┴─┬─┴─┬─┴─┬────┤
│   ⇥ │ ß │ u │ l │ ü │ q │ ö │ g │ o │ c │ w │ z │ j │ Ret│
├─────┴┬──┴┬──┴┬──┴┬──┴┬──┴┬──┴┬──┴┬──┴┬──┴┬──┴┬──┴┬──┴┐   │
│    ⇩ │ r │ h │ n │ a │ ä │ b │ t │ e │ m │ s │ ⇘ │ ´ │   │
├────┬─┴─┬─┴─┬─┴─┬─┴─┬─┴─┬─┴─┬─┴─┬─┴─┬─┴─┬─┴─┬─┴─┬─┴───┴───┤
│  ⇧ │ ⇚ │ k │ v │ x │ i │ y │ p │ d │ , │ . │ f │ ⇗       │
├────┼───┴┬──┴─┬─┴───┴───┴───┴───┴───┴─┬─┴──┬┴───┼────┬────┤
│Strg│ Fe │ Alt│      Leerzeichen      │ M4 │ Fe │ Me │Strg│
└────┴────┴────┴───────────────────────┴────┴────┴────┴────┘
# 9.836039999791106 x100 total penalty per letter
# 35.997259961596846 x10 billion total penalty compared to notime-noeffort
# 7.653650607770479 mean key position cost in file 1gramme.txt ( 56.02060394 )
# 11.352499068143365 % finger repeats in file 2gramme.txt ( 54.80313330111368 )
# 14.361488103383598 million keystrokes disbalance of the fingers ( 28.722976206767196 )
# 0.3415713394772232 % finger repeats top to bottom or vice versa ( 8.244519350694661 )
# 4.118713566122963 % of trigrams have no handswitching (after direction change counted x 1 ) ( 18.218365700508265 )
# 7.926042883383612 billion (rows²/dist)² to cross ( 103.03855748398696 )
# 0.034985637578782536 hand disbalance. Left: 0.46501436242121746 %, Right: 0.5349856375787826 % ( 1.0243041637670387 )
# 0.7319461889614385 badly positioned shortcut keys (weighted).
# 12.298111121471567 no handswitching after unbalancing key (weighted).
# 28.417905484226804 movement pattern cost (weighted).
# 0.8666976043870513 asymmetric bigram cost (weighted).
# 2.3015600682311392 irregularity cost (weighted).
# 21.999631022546122 manually assigned bigram penalty (weighted)
# 11.458605434693485 unbalancing key after neighboring finger (weighted)
# 0.8666976043870513 asymmetrc bigrams (weighted)
# 11.825682544613139 inconsistent symmetries of similar keys (weighted)
# 2.3015600682311392 irregularity cost for randomly sampled words (weighted).
# Finger load %: 12.1 6.6 9.4 11.1 - 13.6 14.7 5.5 11.3
 
