
# Evolved Layout
öäkgz qfruüvß
aetld msnih⇘
oyxcj wb,.p
┌───┬───┬───┬───┬───┬───┬───┬───┬───┬───┬───┬───┬───┬──────┐
│ ^ │ 1 │ 2 │ 3 │ 4 │ 5 │ 6 │ 7 │ 8 │ 9 │ 0 │ - │ ` │ ←    │
├───┴─┬─┴─┬─┴─┬─┴─┬─┴─┬─┴─┬─┴─┬─┴─┬─┴─┬─┴─┬─┴─┬─┴─┬─┴─┬────┤
│   ⇥ │ ö │ ä │ k │ g │ z │ q │ f │ r │ u │ ü │ v │ ß │ Ret│
├─────┴┬──┴┬──┴┬──┴┬──┴┬──┴┬──┴┬──┴┬──┴┬──┴┬──┴┬──┴┬──┴┐   │
│    ⇩ │ a │ e │ t │ l │ d │ m │ s │ n │ i │ h │ ⇘ │ ´ │   │
├────┬─┴─┬─┴─┬─┴─┬─┴─┬─┴─┬─┴─┬─┴─┬─┴─┬─┴─┬─┴─┬─┴─┬─┴───┴───┤
│  ⇧ │ ⇚ │ o │ y │ x │ c │ j │ w │ b │ , │ . │ p │ ⇗       │
├────┼───┴┬──┴─┬─┴───┴───┴───┴───┴───┴─┬─┴──┬┴───┼────┬────┤
│Strg│ Fe │ Alt│      Leerzeichen      │ M4 │ Fe │ Me │Strg│
└────┴────┴────┴───────────────────────┴────┴────┴────┴────┘
# 10.078164673267864 x100 total penalty per letter
# 36.88337112162107 x10 billion total penalty compared to notime-noeffort
# 7.4742336369869635 mean key position cost in file 1gramme.txt ( 54.70736826 )
# 11.549991405655083 % finger repeats in file 2gramme.txt ( 55.75650919074267 )
# 13.550209458230057 million keystrokes disbalance of the fingers ( 27.100418916460118 )
# 0.30553420804369225 % finger repeats top to bottom or vice versa ( 7.374689850649375 )
# 4.215240230032823 % of trigrams have no handswitching (after direction change counted x 1 ) ( 18.64533349876068 )
# 8.270293117371903 billion (rows²/dist)² to cross ( 107.51381052583473 )
# 0.004594888297391131 hand disbalance. Left: 0.49540511170260887 %, Right: 0.5045948882973912 % ( 0.13452843911915807 )
# 1.0979192834421578 badly positioned shortcut keys (weighted).
# 12.738019149789743 no handswitching after unbalancing key (weighted).
# 34.26997716216637 movement pattern cost (weighted).
# 0.887866964307283 asymmetric bigram cost (weighted).
# 4.1644932155483305 irregularity cost (weighted).
# 17.766098951120757 manually assigned bigram penalty (weighted)
# 12.929449705750196 unbalancing key after neighboring finger (weighted)
# 0.887866964307283 asymmetrc bigrams (weighted)
# 13.747228102519113 inconsistent symmetries of similar keys (weighted)
# 4.1644932155483305 irregularity cost for randomly sampled words (weighted).
# Finger load %: 12.9 11.7 6.0 11.2 - 11.5 12.7 9.4 9.0
 
