
# Evolved Layout
ßlukz ycaoäöj
tnhrm pdieb⇘
üxvsq fg,.w
┌───┬───┬───┬───┬───┬───┬───┬───┬───┬───┬───┬───┬───┬──────┐
│ ^ │ 1 │ 2 │ 3 │ 4 │ 5 │ 6 │ 7 │ 8 │ 9 │ 0 │ - │ ` │ ←    │
├───┴─┬─┴─┬─┴─┬─┴─┬─┴─┬─┴─┬─┴─┬─┴─┬─┴─┬─┴─┬─┴─┬─┴─┬─┴─┬────┤
│   ⇥ │ ß │ l │ u │ k │ z │ y │ c │ a │ o │ ä │ ö │ j │ Ret│
├─────┴┬──┴┬──┴┬──┴┬──┴┬──┴┬──┴┬──┴┬──┴┬──┴┬──┴┬──┴┬──┴┐   │
│    ⇩ │ t │ n │ h │ r │ m │ p │ d │ i │ e │ b │ ⇘ │ ´ │   │
├────┬─┴─┬─┴─┬─┴─┬─┴─┬─┴─┬─┴─┬─┴─┬─┴─┬─┴─┬─┴─┬─┴─┬─┴───┴───┤
│  ⇧ │ ⇚ │ ü │ x │ v │ s │ q │ f │ g │ , │ . │ w │ ⇗       │
├────┼───┴┬──┴─┬─┴───┴───┴───┴───┴───┴─┬─┴──┬┴───┼────┬────┤
│Strg│ Fe │ Alt│      Leerzeichen      │ M4 │ Fe │ Me │Strg│
└────┴────┴────┴───────────────────────┴────┴────┴────┴────┘
# 10.586108176559735 x100 total penalty per letter
# 38.742307678832105 x10 billion total penalty compared to notime-noeffort
# 7.38834748449644 mean key position cost in file 1gramme.txt ( 54.07872784 )
# 14.672120163127229 % finger repeats in file 2gramme.txt ( 70.82829536328003 )
# 11.996448333342725 million keystrokes disbalance of the fingers ( 23.99289666668545 )
# 0.4532357553985331 % finger repeats top to bottom or vice versa ( 10.939767257782739 )
# 3.0475450725785795 % of trigrams have no handswitching (after direction change counted x 1 ) ( 13.480250502897194 )
# 8.4481350434708 billion (rows²/dist)² to cross ( 109.82575556512039 )
# 0.022372266979841737 hand disbalance. Left: 0.47762773302015826 %, Right: 0.5223722669798417 % ( 0.6550118221729196 )
# 0.7319461889614385 badly positioned shortcut keys (weighted).
# 12.965319386634857 no handswitching after unbalancing key (weighted).
# 35.42673235953432 movement pattern cost (weighted).
# 0.871419257987979 asymmetric bigram cost (weighted).
# 13.315871979790778 irregularity cost (weighted).
# 17.027276087628668 manually assigned bigram penalty (weighted)
# 12.48927311830578 unbalancing key after neighboring finger (weighted)
# 0.871419257987979 asymmetrc bigrams (weighted)
# 10.794533391538442 inconsistent symmetries of similar keys (weighted)
# 13.315871979790778 irregularity cost for randomly sampled words (weighted).
# Finger load %: 10.9 9.6 6.4 13.4 - 11.2 11.1 14.9 6.9
 
