
# Evolved Layout
özlüä vpifkßj
mnreu gtash⇘
cyxoq bd,.w
┌───┬───┬───┬───┬───┬───┬───┬───┬───┬───┬───┬───┬───┬──────┐
│ ^ │ 1 │ 2 │ 3 │ 4 │ 5 │ 6 │ 7 │ 8 │ 9 │ 0 │ - │ ` │ ←    │
├───┴─┬─┴─┬─┴─┬─┴─┬─┴─┬─┴─┬─┴─┬─┴─┬─┴─┬─┴─┬─┴─┬─┴─┬─┴─┬────┤
│   ⇥ │ ö │ z │ l │ ü │ ä │ v │ p │ i │ f │ k │ ß │ j │ Ret│
├─────┴┬──┴┬──┴┬──┴┬──┴┬──┴┬──┴┬──┴┬──┴┬──┴┬──┴┬──┴┬──┴┐   │
│    ⇩ │ m │ n │ r │ e │ u │ g │ t │ a │ s │ h │ ⇘ │ ´ │   │
├────┬─┴─┬─┴─┬─┴─┬─┴─┬─┴─┬─┴─┬─┴─┬─┴─┬─┴─┬─┴─┬─┴─┬─┴───┴───┤
│  ⇧ │ ⇚ │ c │ y │ x │ o │ q │ b │ d │ , │ . │ w │ ⇗       │
├────┼───┴┬──┴─┬─┴───┴───┴───┴───┴───┴─┬─┴──┬┴───┼────┬────┤
│Strg│ Fe │ Alt│      Leerzeichen      │ M4 │ Fe │ Me │Strg│
└────┴────┴────┴───────────────────────┴────┴────┴────┴────┘
# 9.340760171407686 x100 total penalty per letter
# 34.18466904732324 x10 billion total penalty compared to notime-noeffort
# 7.290262115540741 mean key position cost in file 1gramme.txt ( 53.36079572 )
# 10.99726878372146 % finger repeats in file 2gramme.txt ( 53.08829214473824 )
# 11.718547949444039 million keystrokes disbalance of the fingers ( 23.437095898888078 )
# 0.31922309781327773 % finger repeats top to bottom or vice versa ( 7.705099061116517 )
# 4.833955105771537 % of trigrams have no handswitching (after direction change counted x 1 ) ( 21.38210401935869 )
# 7.495571781904114 billion (rows²/dist)² to cross ( 97.44243316475348 )
# 0.008556002376510774 hand disbalance. Left: 0.5085560023765108 %, Right: 0.4914439976234893 % ( 0.25050133328928287 )
# 0.36597309448071924 badly positioned shortcut keys (weighted).
# 12.370017874105342 no handswitching after unbalancing key (weighted).
# 24.82094099453751 movement pattern cost (weighted).
# 0.8825162561788763 asymmetric bigram cost (weighted).
# 8.749232483007848 irregularity cost (weighted).
# 16.787668814923396 manually assigned bigram penalty (weighted)
# 13.377272628682027 unbalancing key after neighboring finger (weighted)
# 0.8825162561788763 asymmetrc bigrams (weighted)
# 7.826746985172354 inconsistent symmetries of similar keys (weighted)
# 8.749232483007848 irregularity cost for randomly sampled words (weighted).
# Finger load %: 10.4 7.7 8.0 16.8 - 14.1 11.1 7.5 8.7
 
