
# Evolved Layout
zkuyö vbmlpqß
haieü dtsrn⇘
gjxoä fc,.w
┌───┬───┬───┬───┬───┬───┬───┬───┬───┬───┬───┬───┬───┬──────┐
│ ^ │ 1 │ 2 │ 3 │ 4 │ 5 │ 6 │ 7 │ 8 │ 9 │ 0 │ - │ ` │ ←    │
├───┴─┬─┴─┬─┴─┬─┴─┬─┴─┬─┴─┬─┴─┬─┴─┬─┴─┬─┴─┬─┴─┬─┴─┬─┴─┬────┤
│   ⇥ │ z │ k │ u │ y │ ö │ v │ b │ m │ l │ p │ q │ ß │ Ret│
├─────┴┬──┴┬──┴┬──┴┬──┴┬──┴┬──┴┬──┴┬──┴┬──┴┬──┴┬──┴┬──┴┐   │
│    ⇩ │ h │ a │ i │ e │ ü │ d │ t │ s │ r │ n │ ⇘ │ ´ │   │
├────┬─┴─┬─┴─┬─┴─┬─┴─┬─┴─┬─┴─┬─┴─┬─┴─┬─┴─┬─┴─┬─┴─┬─┴───┴───┤
│  ⇧ │ ⇚ │ g │ j │ x │ o │ ä │ f │ c │ , │ . │ w │ ⇗       │
├────┼───┴┬──┴─┬─┴───┴───┴───┴───┴───┴─┬─┴──┬┴───┼────┬────┤
│Strg│ Fe │ Alt│      Leerzeichen      │ M4 │ Fe │ Me │Strg│
└────┴────┴────┴───────────────────────┴────┴────┴────┴────┘
# 9.378971756581842 x100 total penalty per letter
# 34.32451316803524 x10 billion total penalty compared to notime-noeffort
# 7.3744040578430665 mean key position cost in file 1gramme.txt ( 53.97666946 )
# 10.382708793920482 % finger repeats in file 2gramme.txt ( 50.121560957144126 )
# 14.815729801796666 million keystrokes disbalance of the fingers ( 29.63145960359333 )
# 0.41660508458495027 % finger repeats top to bottom or vice versa ( 10.05561147699116 )
# 1.8788485304466935 % of trigrams have no handswitching (after direction change counted x 1 ) ( 8.310738067605278 )
# 8.212697849864389 billion (rows²/dist)² to cross ( 106.76507204823706 )
# 0.020643082803300572 hand disbalance. Left: 0.47935691719669943 %, Right: 0.5206430828033005 % ( 0.6043850314516505 )
# 0.7319461889614385 badly positioned shortcut keys (weighted).
# 12.55090156377239 no handswitching after unbalancing key (weighted).
# 23.060602310397233 movement pattern cost (weighted).
# 0.8805653803535305 asymmetric bigram cost (weighted).
# 3.7148062721742567 irregularity cost (weighted).
# 20.46627554466491 manually assigned bigram penalty (weighted)
# 10.563946925778337 unbalancing key after neighboring finger (weighted)
# 0.8805653803535305 asymmetrc bigrams (weighted)
# 11.810590849227724 inconsistent symmetries of similar keys (weighted)
# 3.7148062721742567 irregularity cost for randomly sampled words (weighted).
# Finger load %: 11.7 5.8 8.2 14.8 - 14.7 7.8 9.3 12.2
 
