
# Evolved Layout
ßuoüö wgcmzqj
hleiy btnrs⇘
kvxaä pd,.f
┌───┬───┬───┬───┬───┬───┬───┬───┬───┬───┬───┬───┬───┬──────┐
│ ^ │ 1 │ 2 │ 3 │ 4 │ 5 │ 6 │ 7 │ 8 │ 9 │ 0 │ - │ ` │ ←    │
├───┴─┬─┴─┬─┴─┬─┴─┬─┴─┬─┴─┬─┴─┬─┴─┬─┴─┬─┴─┬─┴─┬─┴─┬─┴─┬────┤
│   ⇥ │ ß │ u │ o │ ü │ ö │ w │ g │ c │ m │ z │ q │ j │ Ret│
├─────┴┬──┴┬──┴┬──┴┬──┴┬──┴┬──┴┬──┴┬──┴┬──┴┬──┴┬──┴┬──┴┐   │
│    ⇩ │ h │ l │ e │ i │ y │ b │ t │ n │ r │ s │ ⇘ │ ´ │   │
├────┬─┴─┬─┴─┬─┴─┬─┴─┬─┴─┬─┴─┬─┴─┬─┴─┬─┴─┬─┴─┬─┴─┬─┴───┴───┤
│  ⇧ │ ⇚ │ k │ v │ x │ a │ ä │ p │ d │ , │ . │ f │ ⇗       │
├────┼───┴┬──┴─┬─┴───┴───┴───┴───┴───┴─┬─┴──┬┴───┼────┬────┤
│Strg│ Fe │ Alt│      Leerzeichen      │ M4 │ Fe │ Me │Strg│
└────┴────┴────┴───────────────────────┴────┴────┴────┴────┘
# 9.2245575730483 x100 total penalty per letter
# 33.7593988022404 x10 billion total penalty compared to notime-noeffort
# 7.523231299029424 mean key position cost in file 1gramme.txt ( 55.06600478 )
# 11.694988622299189 % finger repeats in file 2gramme.txt ( 56.45646976720602 )
# 12.012490262018257 million keystrokes disbalance of the fingers ( 24.024980524036515 )
# 0.33046101664242133 % finger repeats top to bottom or vice versa ( 7.976349100391514 )
# 2.359178546982011 % of trigrams have no handswitching (after direction change counted x 1 ) ( 10.43538882510113 )
# 7.847658603325187 billion (rows²/dist)² to cross ( 102.01956184322744 )
# 0.01049851276250291 hand disbalance. Left: 0.4895014872374971 %, Right: 0.5104985127625029 % ( 0.30737385625108116 )
# 0.7319461889614385 badly positioned shortcut keys (weighted).
# 12.340600500180116 no handswitching after unbalancing key (weighted).
# 22.743588759204542 movement pattern cost (weighted).
# 0.867994645552304 asymmetric bigram cost (weighted).
# 4.565151230630249 irregularity cost (weighted).
# 19.627629251636414 manually assigned bigram penalty (weighted)
# 9.28760574410182 unbalancing key after neighboring finger (weighted)
# 0.867994645552304 asymmetrc bigrams (weighted)
# 11.143343005923468 inconsistent symmetries of similar keys (weighted)
# 4.565151230630249 irregularity cost for randomly sampled words (weighted).
# Finger load %: 10.2 6.2 13.7 11.2 - 14.6 9.8 8.4 10.3
 
