
# Evolved Layout
jlogö vfcizäß
huetp msnar⇘
kxüdq bw,.y
┌───┬───┬───┬───┬───┬───┬───┬───┬───┬───┬───┬───┬───┬──────┐
│ ^ │ 1 │ 2 │ 3 │ 4 │ 5 │ 6 │ 7 │ 8 │ 9 │ 0 │ - │ ` │ ←    │
├───┴─┬─┴─┬─┴─┬─┴─┬─┴─┬─┴─┬─┴─┬─┴─┬─┴─┬─┴─┬─┴─┬─┴─┬─┴─┬────┤
│   ⇥ │ j │ l │ o │ g │ ö │ v │ f │ c │ i │ z │ ä │ ß │ Ret│
├─────┴┬──┴┬──┴┬──┴┬──┴┬──┴┬──┴┬──┴┬──┴┬──┴┬──┴┬──┴┬──┴┐   │
│    ⇩ │ h │ u │ e │ t │ p │ m │ s │ n │ a │ r │ ⇘ │ ´ │   │
├────┬─┴─┬─┴─┬─┴─┬─┴─┬─┴─┬─┴─┬─┴─┬─┴─┬─┴─┬─┴─┬─┴─┬─┴───┴───┤
│  ⇧ │ ⇚ │ k │ x │ ü │ d │ q │ b │ w │ , │ . │ y │ ⇗       │
├────┼───┴┬──┴─┬─┴───┴───┴───┴───┴───┴─┬─┴──┬┴───┼────┬────┤
│Strg│ Fe │ Alt│      Leerzeichen      │ M4 │ Fe │ Me │Strg│
└────┴────┴────┴───────────────────────┴────┴────┴────┴────┘
# 9.965745127245818 x100 total penalty per letter
# 36.47194583024301 x10 billion total penalty compared to notime-noeffort
# 7.398625100683873 mean key position cost in file 1gramme.txt ( 54.15395446 )
# 11.549595201116944 % finger repeats in file 2gramme.txt ( 55.75459655018767 )
# 11.881799795137459 million keystrokes disbalance of the fingers ( 23.763599590274918 )
# 0.2937238475599878 % finger repeats top to bottom or vice versa ( 7.089622767165124 )
# 4.637240178641675 % of trigrams have no handswitching (after direction change counted x 1 ) ( 20.511972017299076 )
# 8.075707553937116 billion (rows²/dist)² to cross ( 104.98419820118251 )
# 0.014263316516902158 hand disbalance. Left: 0.48573668348309784 %, Right: 0.5142633165169022 % ( 0.417599206659891 )
# 1.0979192834421578 badly positioned shortcut keys (weighted).
# 11.814265121704087 no handswitching after unbalancing key (weighted).
# 34.51781030332485 movement pattern cost (weighted).
# 0.8640811223467916 asymmetric bigram cost (weighted).
# 6.411829383367652 irregularity cost (weighted).
# 17.493551841147 manually assigned bigram penalty (weighted)
# 11.066081198734485 unbalancing key after neighboring finger (weighted)
# 0.8640811223467916 asymmetrc bigrams (weighted)
# 14.778377255593814 inconsistent symmetries of similar keys (weighted)
# 6.411829383367652 irregularity cost for randomly sampled words (weighted).
# Finger load %: 10.0 5.7 13.8 11.5 - 12.1 9.8 11.3 10.1
 
