
# Evolved Layout
öähwq vümlzjß
aegtf bisrn⇘
oykdx pu,.c
┌───┬───┬───┬───┬───┬───┬───┬───┬───┬───┬───┬───┬───┬──────┐
│ ^ │ 1 │ 2 │ 3 │ 4 │ 5 │ 6 │ 7 │ 8 │ 9 │ 0 │ - │ ` │ ←    │
├───┴─┬─┴─┬─┴─┬─┴─┬─┴─┬─┴─┬─┴─┬─┴─┬─┴─┬─┴─┬─┴─┬─┴─┬─┴─┬────┤
│   ⇥ │ ö │ ä │ h │ w │ q │ v │ ü │ m │ l │ z │ j │ ß │ Ret│
├─────┴┬──┴┬──┴┬──┴┬──┴┬──┴┬──┴┬──┴┬──┴┬──┴┬──┴┬──┴┬──┴┐   │
│    ⇩ │ a │ e │ g │ t │ f │ b │ i │ s │ r │ n │ ⇘ │ ´ │   │
├────┬─┴─┬─┴─┬─┴─┬─┴─┬─┴─┬─┴─┬─┴─┬─┴─┬─┴─┬─┴─┬─┴─┬─┴───┴───┤
│  ⇧ │ ⇚ │ o │ y │ k │ d │ x │ p │ u │ , │ . │ c │ ⇗       │
├────┼───┴┬──┴─┬─┴───┴───┴───┴───┴───┴─┬─┴──┬┴───┼────┬────┤
│Strg│ Fe │ Alt│      Leerzeichen      │ M4 │ Fe │ Me │Strg│
└────┴────┴────┴───────────────────────┴────┴────┴────┴────┘
# 10.138540964079395 x100 total penalty per letter
# 37.10433210143671 x10 billion total penalty compared to notime-noeffort
# 7.676382062966124 mean key position cost in file 1gramme.txt ( 56.18698596 )
# 9.980241799442942 % finger repeats in file 2gramme.txt ( 48.178688976687894 )
# 16.187729398225425 million keystrokes disbalance of the fingers ( 32.37545879645085 )
# 0.3085416588164255 % finger repeats top to bottom or vice versa ( 7.44728079498917 )
# 4.204204247373587 % of trigrams have no handswitching (after direction change counted x 1 ) ( 18.596517875939963 )
# 8.600501063743499 billion (rows²/dist)² to cross ( 111.8065138286655 )
# 0.006026791841762802 hand disbalance. Left: 0.4939732081582372 %, Right: 0.5060267918417628 % ( 0.17645149280968686 )
# 1.463892377922877 badly positioned shortcut keys (weighted).
# 13.886843130096445 no handswitching after unbalancing key (weighted).
# 28.536984698952878 movement pattern cost (weighted).
# 0.8602137037180118 asymmetric bigram cost (weighted).
# 8.174110562533293 irregularity cost (weighted).
# 22.233662059237155 manually assigned bigram penalty (weighted)
# 9.62756413605486 unbalancing key after neighboring finger (weighted)
# 0.8602137037180118 asymmetrc bigrams (weighted)
# 11.492152620308493 inconsistent symmetries of similar keys (weighted)
# 8.174110562533293 irregularity cost for randomly sampled words (weighted).
# Finger load %: 12.8 11.7 6.2 11.1 - 12.3 7.8 9.3 13.3
 
