
# Evolved Layout
zbdfp öüläqßj
hstnm xirea⇘
gkwcv uo,.y
┌───┬───┬───┬───┬───┬───┬───┬───┬───┬───┬───┬───┬───┬──────┐
│ ^ │ 1 │ 2 │ 3 │ 4 │ 5 │ 6 │ 7 │ 8 │ 9 │ 0 │ - │ ` │ ←    │
├───┴─┬─┴─┬─┴─┬─┴─┬─┴─┬─┴─┬─┴─┬─┴─┬─┴─┬─┴─┬─┴─┬─┴─┬─┴─┬────┤
│   ⇥ │ z │ b │ d │ f │ p │ ö │ ü │ l │ ä │ q │ ß │ j │ Ret│
├─────┴┬──┴┬──┴┬──┴┬──┴┬──┴┬──┴┬──┴┬──┴┬──┴┬──┴┬──┴┬──┴┐   │
│    ⇩ │ h │ s │ t │ n │ m │ x │ i │ r │ e │ a │ ⇘ │ ´ │   │
├────┬─┴─┬─┴─┬─┴─┬─┴─┬─┴─┬─┴─┬─┴─┬─┴─┬─┴─┬─┴─┬─┴─┬─┴───┴───┤
│  ⇧ │ ⇚ │ g │ k │ w │ c │ v │ u │ o │ , │ . │ y │ ⇗       │
├────┼───┴┬──┴─┬─┴───┴───┴───┴───┴───┴─┬─┴──┬┴───┼────┬────┤
│Strg│ Fe │ Alt│      Leerzeichen      │ M4 │ Fe │ Me │Strg│
└────┴────┴────┴───────────────────────┴────┴────┴────┴────┘
# 10.19845351505717 x100 total penalty per letter
# 37.32359591823241 x10 billion total penalty compared to notime-noeffort
# 7.582579678261561 mean key position cost in file 1gramme.txt ( 55.50040298 )
# 11.561052836197446 % finger repeats in file 2gramme.txt ( 55.80990721780925 )
# 11.965751960336522 million keystrokes disbalance of the fingers ( 23.931503920673045 )
# 0.34758098093428624 % finger repeats top to bottom or vice versa ( 8.389574276436747 )
# 3.2773904329851096 % of trigrams have no handswitching (after direction change counted x 1 ) ( 14.496928832969315 )
# 9.836476703156643 billion (rows²/dist)² to cross ( 127.87419714103636 )
# 0.016659362669287303 hand disbalance. Left: 0.4833406373307127 %, Right: 0.5166593626692872 % ( 0.487750280652452 )
# 1.0979192834421578 badly positioned shortcut keys (weighted).
# 13.805788660314008 no handswitching after unbalancing key (weighted).
# 32.05768736613131 movement pattern cost (weighted).
# 0.8630270035523864 asymmetric bigram cost (weighted).
# 5.097410638599025 irregularity cost (weighted).
# 18.10851484668082 manually assigned bigram penalty (weighted)
# 11.278758819863489 unbalancing key after neighboring finger (weighted)
# 0.8630270035523864 asymmetrc bigrams (weighted)
# 4.436587914163717 inconsistent symmetries of similar keys (weighted)
# 5.097410638599025 irregularity cost for randomly sampled words (weighted).
# Finger load %: 10.5 7.3 9.3 13.7 - 12.3 9.1 12.5 9.8
 
