
# Evolved Layout
ßfomü xplavjq
nsehk btriu⇘
yzägö wd,.c
┌───┬───┬───┬───┬───┬───┬───┬───┬───┬───┬───┬───┬───┬──────┐
│ ^ │ 1 │ 2 │ 3 │ 4 │ 5 │ 6 │ 7 │ 8 │ 9 │ 0 │ - │ ` │ ←    │
├───┴─┬─┴─┬─┴─┬─┴─┬─┴─┬─┴─┬─┴─┬─┴─┬─┴─┬─┴─┬─┴─┬─┴─┬─┴─┬────┤
│   ⇥ │ ß │ f │ o │ m │ ü │ x │ p │ l │ a │ v │ j │ q │ Ret│
├─────┴┬──┴┬──┴┬──┴┬──┴┬──┴┬──┴┬──┴┬──┴┬──┴┬──┴┬──┴┬──┴┐   │
│    ⇩ │ n │ s │ e │ h │ k │ b │ t │ r │ i │ u │ ⇘ │ ´ │   │
├────┬─┴─┬─┴─┬─┴─┬─┴─┬─┴─┬─┴─┬─┴─┬─┴─┬─┴─┬─┴─┬─┴─┬─┴───┴───┤
│  ⇧ │ ⇚ │ y │ z │ ä │ g │ ö │ w │ d │ , │ . │ c │ ⇗       │
├────┼───┴┬──┴─┬─┴───┴───┴───┴───┴───┴─┬─┴──┬┴───┼────┬────┤
│Strg│ Fe │ Alt│      Leerzeichen      │ M4 │ Fe │ Me │Strg│
└────┴────┴────┴───────────────────────┴────┴────┴────┴────┘
# 10.039343081540089 x100 total penalty per letter
# 36.74129454104826 x10 billion total penalty compared to notime-noeffort
# 7.378397870563298 mean key position cost in file 1gramme.txt ( 54.00590202 )
# 9.81611481830742 % finger repeats in file 2gramme.txt ( 47.38638124149331 )
# 13.226964451188124 million keystrokes disbalance of the fingers ( 26.45392890237625 )
# 0.37918167818911996 % finger repeats top to bottom or vice versa ( 9.152321409763763 )
# 4.306051905929697 % of trigrams have no handswitching (after direction change counted x 1 ) ( 19.04702210730421 )
# 8.205150291239855 billion (rows²/dist)² to cross ( 106.66695378611811 )
# 0.0034032093219802384 hand disbalance. Left: 0.49659679067801976 %, Right: 0.5034032093219802 % ( 0.09963864373845907 )
# 1.0979192834421578 badly positioned shortcut keys (weighted).
# 11.285548008249261 no handswitching after unbalancing key (weighted).
# 40.45930536514634 movement pattern cost (weighted).
# 0.8665168547194322 asymmetric bigram cost (weighted).
# 3.810046631668145 irregularity cost (weighted).
# 20.000059424398692 manually assigned bigram penalty (weighted)
# 11.146251057929257 unbalancing key after neighboring finger (weighted)
# 0.8665168547194322 asymmetrc bigrams (weighted)
# 15.93515067413518 inconsistent symmetries of similar keys (weighted)
# 3.810046631668145 irregularity cost for randomly sampled words (weighted).
# Finger load %: 12.5 6.9 13.8 8.7 - 12.8 9.1 11.3 9.3
 
