
# Evolved Layout
äogkj vbidüqß
aehrl cnuts⇘
xöymz pf,.w
┌───┬───┬───┬───┬───┬───┬───┬───┬───┬───┬───┬───┬───┬──────┐
│ ^ │ 1 │ 2 │ 3 │ 4 │ 5 │ 6 │ 7 │ 8 │ 9 │ 0 │ - │ ` │ ←    │
├───┴─┬─┴─┬─┴─┬─┴─┬─┴─┬─┴─┬─┴─┬─┴─┬─┴─┬─┴─┬─┴─┬─┴─┬─┴─┬────┤
│   ⇥ │ ä │ o │ g │ k │ j │ v │ b │ i │ d │ ü │ q │ ß │ Ret│
├─────┴┬──┴┬──┴┬──┴┬──┴┬──┴┬──┴┬──┴┬──┴┬──┴┬──┴┬──┴┬──┴┐   │
│    ⇩ │ a │ e │ h │ r │ l │ c │ n │ u │ t │ s │ ⇘ │ ´ │   │
├────┬─┴─┬─┴─┬─┴─┬─┴─┬─┴─┬─┴─┬─┴─┬─┴─┬─┴─┬─┴─┬─┴─┬─┴───┴───┤
│  ⇧ │ ⇚ │ x │ ö │ y │ m │ z │ p │ f │ , │ . │ w │ ⇗       │
├────┼───┴┬──┴─┬─┴───┴───┴───┴───┴───┴─┬─┴──┬┴───┼────┬────┤
│Strg│ Fe │ Alt│      Leerzeichen      │ M4 │ Fe │ Me │Strg│
└────┴────┴────┴───────────────────────┴────┴────┴────┴────┘
# 9.884973990019757 x100 total penalty per letter
# 36.17634519988953 x10 billion total penalty compared to notime-noeffort
# 7.286496898860113 mean key position cost in file 1gramme.txt ( 53.33323636 )
# 10.183396354437663 % finger repeats in file 2gramme.txt ( 49.159398694546084 )
# 12.737205150642984 million keystrokes disbalance of the fingers ( 25.474410301285968 )
# 0.37051460848557144 % finger repeats top to bottom or vice versa ( 8.943124045622822 )
# 5.68446190792397 % of trigrams have no handswitching (after direction change counted x 1 ) ( 25.144163143797513 )
# 7.860187305605214 billion (rows²/dist)² to cross ( 102.18243497286778 )
# 0.006216173239212086 hand disbalance. Left: 0.4937838267607879 %, Right: 0.5062161732392121 % ( 0.1819961724946147 )
# 1.0979192834421578 badly positioned shortcut keys (weighted).
# 12.03645091602918 no handswitching after unbalancing key (weighted).
# 33.56037485213325 movement pattern cost (weighted).
# 0.8795370919767681 asymmetric bigram cost (weighted).
# 3.8475566565133046 irregularity cost (weighted).
# 19.103942284512787 manually assigned bigram penalty (weighted)
# 13.806079875052706 unbalancing key after neighboring finger (weighted)
# 0.8795370919767681 asymmetrc bigrams (weighted)
# 13.0128273486203 inconsistent symmetries of similar keys (weighted)
# 3.8475566565133046 irregularity cost for randomly sampled words (weighted).
# Finger load %: 10.5 13.8 5.6 11.7 - 14.0 9.2 9.5 9.9
 
