
# Evolved Layout
öäkpj vbmlüxß
aehnf gtsri⇘
oyzcq wd,.u
┌───┬───┬───┬───┬───┬───┬───┬───┬───┬───┬───┬───┬───┬──────┐
│ ^ │ 1 │ 2 │ 3 │ 4 │ 5 │ 6 │ 7 │ 8 │ 9 │ 0 │ - │ ` │ ←    │
├───┴─┬─┴─┬─┴─┬─┴─┬─┴─┬─┴─┬─┴─┬─┴─┬─┴─┬─┴─┬─┴─┬─┴─┬─┴─┬────┤
│   ⇥ │ ö │ ä │ k │ p │ j │ v │ b │ m │ l │ ü │ x │ ß │ Ret│
├─────┴┬──┴┬──┴┬──┴┬──┴┬──┴┬──┴┬──┴┬──┴┬──┴┬──┴┬──┴┬──┴┐   │
│    ⇩ │ a │ e │ h │ n │ f │ g │ t │ s │ r │ i │ ⇘ │ ´ │   │
├────┬─┴─┬─┴─┬─┴─┬─┴─┬─┴─┬─┴─┬─┴─┬─┴─┬─┴─┬─┴─┬─┴─┬─┴───┴───┤
│  ⇧ │ ⇚ │ o │ y │ z │ c │ q │ w │ d │ , │ . │ u │ ⇗       │
├────┼───┴┬──┴─┬─┴───┴───┴───┴───┴───┴─┬─┴──┬┴───┼────┬────┤
│Strg│ Fe │ Alt│      Leerzeichen      │ M4 │ Fe │ Me │Strg│
└────┴────┴────┴───────────────────────┴────┴────┴────┴────┘
# 9.60238587778161 x100 total penalty per letter
# 35.14214874089693 x10 billion total penalty compared to notime-noeffort
# 7.654791527707756 mean key position cost in file 1gramme.txt ( 56.02895486 )
# 7.953299519891158 % finger repeats in file 2gramme.txt ( 38.39381365776778 )
# 15.841492732418995 million keystrokes disbalance of the fingers ( 31.68298546483799 )
# 0.3943271404783216 % finger repeats top to bottom or vice versa ( 9.517887962009185 )
# 5.098814201419932 % of trigrams have no handswitching (after direction change counted x 1 ) ( 22.553659114453716 )
# 7.859352624342808 billion (rows²/dist)² to cross ( 102.1715841164565 )
# 0.014491945974128895 hand disbalance. Left: 0.4855080540258711 %, Right: 0.5144919459741288 % ( 0.42429298505594826 )
# 1.0979192834421578 badly positioned shortcut keys (weighted).
# 10.983070728270766 no handswitching after unbalancing key (weighted).
# 31.439069869948273 movement pattern cost (weighted).
# 0.880364604649449 asymmetric bigram cost (weighted).
# 5.50498991869965 irregularity cost (weighted).
# 18.472619148753118 manually assigned bigram penalty (weighted)
# 10.028630625032056 unbalancing key after neighboring finger (weighted)
# 0.880364604649449 asymmetrc bigrams (weighted)
# 12.241645069592723 inconsistent symmetries of similar keys (weighted)
# 5.50498991869965 irregularity cost for randomly sampled words (weighted).
# Finger load %: 13.1 11.7 4.9 11.4 - 14.3 7.8 9.3 12.1
 
