
# Evolved Layout
äolpö jfywvxß
iarnb msetd⇘
uüzcq kg,.h
┌───┬───┬───┬───┬───┬───┬───┬───┬───┬───┬───┬───┬───┬──────┐
│ ^ │ 1 │ 2 │ 3 │ 4 │ 5 │ 6 │ 7 │ 8 │ 9 │ 0 │ - │ ` │ ←    │
├───┴─┬─┴─┬─┴─┬─┴─┬─┴─┬─┴─┬─┴─┬─┴─┬─┴─┬─┴─┬─┴─┬─┴─┬─┴─┬────┤
│   ⇥ │ ä │ o │ l │ p │ ö │ j │ f │ y │ w │ v │ x │ ß │ Ret│
├─────┴┬──┴┬──┴┬──┴┬──┴┬──┴┬──┴┬──┴┬──┴┬──┴┬──┴┬──┴┬──┴┐   │
│    ⇩ │ i │ a │ r │ n │ b │ m │ s │ e │ t │ d │ ⇘ │ ´ │   │
├────┬─┴─┬─┴─┬─┴─┬─┴─┬─┴─┬─┴─┬─┴─┬─┴─┬─┴─┬─┴─┬─┴─┬─┴───┴───┤
│  ⇧ │ ⇚ │ u │ ü │ z │ c │ q │ k │ g │ , │ . │ h │ ⇗       │
├────┼───┴┬──┴─┬─┴───┴───┴───┴───┴───┴─┬─┴──┬┴───┼────┬────┤
│Strg│ Fe │ Alt│      Leerzeichen      │ M4 │ Fe │ Me │Strg│
└────┴────┴────┴───────────────────────┴────┴────┴────┴────┘
# 9.791640063637923 x100 total penalty per letter
# 35.834768141309574 x10 billion total penalty compared to notime-noeffort
# 7.631668494545968 mean key position cost in file 1gramme.txt ( 55.8597067 )
# 8.626030602965777 % finger repeats in file 2gramme.txt ( 41.6413603873682 )
# 15.149017228743707 million keystrokes disbalance of the fingers ( 30.298034457487415 )
# 0.37988249568412935 % finger repeats top to bottom or vice versa ( 9.169237066117581 )
# 4.420018178408689 % of trigrams have no handswitching (after direction change counted x 1 ) ( 19.551130780124716 )
# 8.256683952307354 billion (rows²/dist)² to cross ( 107.33689137999559 )
# 0.00753904832053337 hand disbalance. Left: 0.49246095167946663 %, Right: 0.5075390483205334 % ( 0.22072710746442137 )
# 1.0979192834421578 badly positioned shortcut keys (weighted).
# 10.25992754658457 no handswitching after unbalancing key (weighted).
# 34.54751432448935 movement pattern cost (weighted).
# 0.8612449862052381 asymmetric bigram cost (weighted).
# 5.048187075534526 irregularity cost (weighted).
# 19.419395248043006 manually assigned bigram penalty (weighted)
# 11.893062064315458 unbalancing key after neighboring finger (weighted)
# 0.8612449862052381 asymmetrc bigrams (weighted)
# 11.143343005923468 inconsistent symmetries of similar keys (weighted)
# 5.048187075534526 irregularity cost for randomly sampled words (weighted).
# Finger load %: 14.0 7.7 8.5 11.4 - 12.0 12.4 7.4 11.0
 
