
# Evolved Layout
üäugj qwlhkzß
aeitv mnrds⇘
oöxcy pf,.b
┌───┬───┬───┬───┬───┬───┬───┬───┬───┬───┬───┬───┬───┬──────┐
│ ^ │ 1 │ 2 │ 3 │ 4 │ 5 │ 6 │ 7 │ 8 │ 9 │ 0 │ - │ ` │ ←    │
├───┴─┬─┴─┬─┴─┬─┴─┬─┴─┬─┴─┬─┴─┬─┴─┬─┴─┬─┴─┬─┴─┬─┴─┬─┴─┬────┤
│   ⇥ │ ü │ ä │ u │ g │ j │ q │ w │ l │ h │ k │ z │ ß │ Ret│
├─────┴┬──┴┬──┴┬──┴┬──┴┬──┴┬──┴┬──┴┬──┴┬──┴┬──┴┬──┴┬──┴┐   │
│    ⇩ │ a │ e │ i │ t │ v │ m │ n │ r │ d │ s │ ⇘ │ ´ │   │
├────┬─┴─┬─┴─┬─┴─┬─┴─┬─┴─┬─┴─┬─┴─┬─┴─┬─┴─┬─┴─┬─┴─┬─┴───┴───┤
│  ⇧ │ ⇚ │ o │ ö │ x │ c │ y │ p │ f │ , │ . │ b │ ⇗       │
├────┼───┴┬──┴─┬─┴───┴───┴───┴───┴───┴─┬─┴──┬┴───┼────┬────┤
│Strg│ Fe │ Alt│      Leerzeichen      │ M4 │ Fe │ Me │Strg│
└────┴────┴────┴───────────────────────┴────┴────┴────┴────┘
# 9.483903354856578 x100 total penalty per letter
# 34.70853458532937 x10 billion total penalty compared to notime-noeffort
# 7.493272082995915 mean key position cost in file 1gramme.txt ( 54.84671944 )
# 9.85688848296788 % finger repeats in file 2gramme.txt ( 47.58321231508771 )
# 14.825529687493642 million keystrokes disbalance of the fingers ( 29.651059374987284 )
# 0.3290673346961558 % finger repeats top to bottom or vice versa ( 7.942709750578717 )
# 2.3438328158488035 % of trigrams have no handswitching (after direction change counted x 1 ) ( 10.367509829089855 )
# 8.203212238236516 billion (rows²/dist)² to cross ( 106.64175909707471 )
# 0.01352852283254724 hand disbalance. Left: 0.5135285228325472 %, Right: 0.4864714771674528 % ( 0.3960860291824303 )
# 1.0979192834421578 badly positioned shortcut keys (weighted).
# 11.78431136772095 no handswitching after unbalancing key (weighted).
# 26.852410327094166 movement pattern cost (weighted).
# 0.8861892356324144 asymmetric bigram cost (weighted).
# 3.236444951490387 irregularity cost (weighted).
# 21.966567172020675 manually assigned bigram penalty (weighted)
# 9.402880038683527 unbalancing key after neighboring finger (weighted)
# 0.8861892356324144 asymmetrc bigrams (weighted)
# 14.429567641208784 inconsistent symmetries of similar keys (weighted)
# 3.236444951490387 irregularity cost for randomly sampled words (weighted).
# Finger load %: 13.3 11.4 8.2 10.4 - 12.9 9.1 7.9 11.2
 
