
# Evolved Layout
ämgzß qbaoöxj
sntrl fhieu⇘
küvcy pd,.w
┌───┬───┬───┬───┬───┬───┬───┬───┬───┬───┬───┬───┬───┬──────┐
│ ^ │ 1 │ 2 │ 3 │ 4 │ 5 │ 6 │ 7 │ 8 │ 9 │ 0 │ - │ ` │ ←    │
├───┴─┬─┴─┬─┴─┬─┴─┬─┴─┬─┴─┬─┴─┬─┴─┬─┴─┬─┴─┬─┴─┬─┴─┬─┴─┬────┤
│   ⇥ │ ä │ m │ g │ z │ ß │ q │ b │ a │ o │ ö │ x │ j │ Ret│
├─────┴┬──┴┬──┴┬──┴┬──┴┬──┴┬──┴┬──┴┬──┴┬──┴┬──┴┬──┴┬──┴┐   │
│    ⇩ │ s │ n │ t │ r │ l │ f │ h │ i │ e │ u │ ⇘ │ ´ │   │
├────┬─┴─┬─┴─┬─┴─┬─┴─┬─┴─┬─┴─┬─┴─┬─┴─┬─┴─┬─┴─┬─┴─┬─┴───┴───┤
│  ⇧ │ ⇚ │ k │ ü │ v │ c │ y │ p │ d │ , │ . │ w │ ⇗       │
├────┼───┴┬──┴─┬─┴───┴───┴───┴───┴───┴─┬─┴──┬┴───┼────┬────┤
│Strg│ Fe │ Alt│      Leerzeichen      │ M4 │ Fe │ Me │Strg│
└────┴────┴────┴───────────────────────┴────┴────┴────┴────┘
# 9.851531930346342 x100 total penalty per letter
# 36.05395625924465 x10 billion total penalty compared to notime-noeffort
# 7.2562342452196456 mean key position cost in file 1gramme.txt ( 53.11173002 )
# 11.982302323374974 % finger repeats in file 2gramme.txt ( 57.843449934725 )
# 12.4217521258521 million keystrokes disbalance of the fingers ( 24.8435042517042 )
# 0.3395642108480288 % finger repeats top to bottom or vice versa ( 8.196073216870753 )
# 3.0472606384744814 % of trigrams have no handswitching (after direction change counted x 1 ) ( 13.47899236138214 )
# 8.132440462066146 billion (rows²/dist)² to cross ( 105.7217260068599 )
# 0.03529933750003922 hand disbalance. Left: 0.4647006624999608 %, Right: 0.5352993375000392 % ( 1.033488622240692 )
# 0.7319461889614385 badly positioned shortcut keys (weighted).
# 11.493459462304694 no handswitching after unbalancing key (weighted).
# 32.1395650002147 movement pattern cost (weighted).
# 0.867801685304676 asymmetric bigram cost (weighted).
# 4.474578149351181 irregularity cost (weighted).
# 18.983542375590975 manually assigned bigram penalty (weighted)
# 12.070145782314757 unbalancing key after neighboring finger (weighted)
# 0.867801685304676 asymmetrc bigrams (weighted)
# 15.549559534621388 inconsistent symmetries of similar keys (weighted)
# 4.474578149351181 irregularity cost for randomly sampled words (weighted).
# Finger load %: 11.5 8.8 7.5 11.3 - 11.3 11.1 14.9 7.9
 
