
# Evolved Layout
äuokj xdcbzqß
aiesm wlrtn⇘
vüöfy gh,.p
┌───┬───┬───┬───┬───┬───┬───┬───┬───┬───┬───┬───┬───┬──────┐
│ ^ │ 1 │ 2 │ 3 │ 4 │ 5 │ 6 │ 7 │ 8 │ 9 │ 0 │ - │ ` │ ←    │
├───┴─┬─┴─┬─┴─┬─┴─┬─┴─┬─┴─┬─┴─┬─┴─┬─┴─┬─┴─┬─┴─┬─┴─┬─┴─┬────┤
│   ⇥ │ ä │ u │ o │ k │ j │ x │ d │ c │ b │ z │ q │ ß │ Ret│
├─────┴┬──┴┬──┴┬──┴┬──┴┬──┴┬──┴┬──┴┬──┴┬──┴┬──┴┬──┴┬──┴┐   │
│    ⇩ │ a │ i │ e │ s │ m │ w │ l │ r │ t │ n │ ⇘ │ ´ │   │
├────┬─┴─┬─┴─┬─┴─┬─┴─┬─┴─┬─┴─┬─┴─┬─┴─┬─┴─┬─┴─┬─┴─┬─┴───┴───┤
│  ⇧ │ ⇚ │ v │ ü │ ö │ f │ y │ g │ h │ , │ . │ p │ ⇗       │
├────┼───┴┬──┴─┬─┴───┴───┴───┴───┴───┴─┬─┴──┬┴───┼────┬────┤
│Strg│ Fe │ Alt│      Leerzeichen      │ M4 │ Fe │ Me │Strg│
└────┴────┴────┴───────────────────────┴────┴────┴────┴────┘
# 9.630441895404287 x100 total penalty per letter
# 35.244826216778705 x10 billion total penalty compared to notime-noeffort
# 7.335657805143478 mean key position cost in file 1gramme.txt ( 53.69306774 )
# 10.60077781770689 % finger repeats in file 2gramme.txt ( 51.17426888582795 )
# 13.507961239722752 million keystrokes disbalance of the fingers ( 27.015922479445504 )
# 0.33528478978297327 % finger repeats top to bottom or vice versa ( 8.092780681160292 )
# 2.10549180633842 % of trigrams have no handswitching (after direction change counted x 1 ) ( 9.313252570609052 )
# 8.76192539438547 billion (rows²/dist)² to cross ( 113.9050301270111 )
# 0.00479958462638852 hand disbalance. Left: 0.5047995846263885 %, Right: 0.4952004153736114 % ( 0.1405215070353195 )
# 1.0979192834421578 badly positioned shortcut keys (weighted).
# 11.437621265319803 no handswitching after unbalancing key (weighted).
# 28.180029511203667 movement pattern cost (weighted).
# 0.8615141807500735 asymmetric bigram cost (weighted).
# 3.739641763985357 irregularity cost (weighted).
# 19.992052480816472 manually assigned bigram penalty (weighted)
# 12.661296685256826 unbalancing key after neighboring finger (weighted)
# 0.8615141807500735 asymmetrc bigrams (weighted)
# 11.143343005923466 inconsistent symmetries of similar keys (weighted)
# 3.739641763985357 irregularity cost for randomly sampled words (weighted).
# Finger load %: 10.8 8.5 13.6 9.7 - 13.5 8.5 7.7 12.1
 
