
# Evolved Layout
öouxq wbydgvß
hainl msetc⇘
züärj kf,.p
┌───┬───┬───┬───┬───┬───┬───┬───┬───┬───┬───┬───┬───┬──────┐
│ ^ │ 1 │ 2 │ 3 │ 4 │ 5 │ 6 │ 7 │ 8 │ 9 │ 0 │ - │ ` │ ←    │
├───┴─┬─┴─┬─┴─┬─┴─┬─┴─┬─┴─┬─┴─┬─┴─┬─┴─┬─┴─┬─┴─┬─┴─┬─┴─┬────┤
│   ⇥ │ ö │ o │ u │ x │ q │ w │ b │ y │ d │ g │ v │ ß │ Ret│
├─────┴┬──┴┬──┴┬──┴┬──┴┬──┴┬──┴┬──┴┬──┴┬──┴┬──┴┬──┴┬──┴┐   │
│    ⇩ │ h │ a │ i │ n │ l │ m │ s │ e │ t │ c │ ⇘ │ ´ │   │
├────┬─┴─┬─┴─┬─┴─┬─┴─┬─┴─┬─┴─┬─┴─┬─┴─┬─┴─┬─┴─┬─┴─┬─┴───┴───┤
│  ⇧ │ ⇚ │ z │ ü │ ä │ r │ j │ k │ f │ , │ . │ p │ ⇗       │
├────┼───┴┬──┴─┬─┴───┴───┴───┴───┴───┴─┬─┴──┬┴───┼────┬────┤
│Strg│ Fe │ Alt│      Leerzeichen      │ M4 │ Fe │ Me │Strg│
└────┴────┴────┴───────────────────────┴────┴────┴────┴────┘
# 9.697705250854163 x100 total penalty per letter
# 35.49099200017018 x10 billion total penalty compared to notime-noeffort
# 7.47253149273266 mean key position cost in file 1gramme.txt ( 54.69490948 )
# 10.304882303941136 % finger repeats in file 2gramme.txt ( 49.74586081578368 )
# 11.22285294733597 million keystrokes disbalance of the fingers ( 22.44570589467194 )
# 0.344604063337107 % finger repeats top to bottom or vice versa ( 8.317720312421704 )
# 4.058310474498524 % of trigrams have no handswitching (after direction change counted x 1 ) ( 17.951183825636782 )
# 8.302722798166426 billion (rows²/dist)² to cross ( 107.93539637616352 )
# 0.016821411178327916 hand disbalance. Left: 0.4831785888216721 %, Right: 0.5168214111783279 % ( 0.49249471219721835 )
# 0.7319461889614385 badly positioned shortcut keys (weighted).
# 15.968249297727773 no handswitching after unbalancing key (weighted).
# 30.299271793184452 movement pattern cost (weighted).
# 0.8634086047644123 asymmetric bigram cost (weighted).
# 2.965227822410411 irregularity cost (weighted).
# 15.99215428220793 manually assigned bigram penalty (weighted)
# 19.132387660506534 unbalancing key after neighboring finger (weighted)
# 0.8634086047644123 asymmetrc bigrams (weighted)
# 7.374002935064008 inconsistent symmetries of similar keys (weighted)
# 2.965227822410411 irregularity cost for randomly sampled words (weighted).
# Finger load %: 10.0 7.7 8.3 14.8 - 12.4 12.4 9.5 9.2
 
