
# Evolved Layout
öäucj qglwvzß
aeinp mhrts⇘
oüxby kd,.f
┌───┬───┬───┬───┬───┬───┬───┬───┬───┬───┬───┬───┬───┬──────┐
│ ^ │ 1 │ 2 │ 3 │ 4 │ 5 │ 6 │ 7 │ 8 │ 9 │ 0 │ - │ ` │ ←    │
├───┴─┬─┴─┬─┴─┬─┴─┬─┴─┬─┴─┬─┴─┬─┴─┬─┴─┬─┴─┬─┴─┬─┴─┬─┴─┬────┤
│   ⇥ │ ö │ ä │ u │ c │ j │ q │ g │ l │ w │ v │ z │ ß │ Ret│
├─────┴┬──┴┬──┴┬──┴┬──┴┬──┴┬──┴┬──┴┬──┴┬──┴┬──┴┬──┴┬──┴┐   │
│    ⇩ │ a │ e │ i │ n │ p │ m │ h │ r │ t │ s │ ⇘ │ ´ │   │
├────┬─┴─┬─┴─┬─┴─┬─┴─┬─┴─┬─┴─┬─┴─┬─┴─┬─┴─┬─┴─┬─┴─┬─┴───┴───┤
│  ⇧ │ ⇚ │ o │ ü │ x │ b │ y │ k │ d │ , │ . │ f │ ⇗       │
├────┼───┴┬──┴─┬─┴───┴───┴───┴───┴───┴─┬─┴──┬┴───┼────┬────┤
│Strg│ Fe │ Alt│      Leerzeichen      │ M4 │ Fe │ Me │Strg│
└────┴────┴────┴───────────────────────┴────┴────┴────┴────┘
# 9.393046856158346 x100 total penalty per letter
# 34.37602424550661 x10 billion total penalty compared to notime-noeffort
# 7.516737288852605 mean key position cost in file 1gramme.txt ( 55.01847212 )
# 7.876384612978958 % finger repeats in file 2gramme.txt ( 38.02251409887326 )
# 14.544673410272045 million keystrokes disbalance of the fingers ( 29.08934682054409 )
# 0.3618707103072363 % finger repeats top to bottom or vice versa ( 8.734485973395246 )
# 3.27545374942656 % of trigrams have no handswitching (after direction change counted x 1 ) ( 14.488362272379613 )
# 8.177599028323238 billion (rows²/dist)² to cross ( 106.3087873682021 )
# 0.028268975184180478 hand disbalance. Left: 0.5282689751841805 %, Right: 0.4717310248158196 % ( 0.8276547460762552 )
# 0.7319461889614385 badly positioned shortcut keys (weighted).
# 11.46806601222553 no handswitching after unbalancing key (weighted).
# 29.97375516103072 movement pattern cost (weighted).
# 0.8831931702904309 asymmetric bigram cost (weighted).
# 3.856161846333189 irregularity cost (weighted).
# 21.2060228736461 manually assigned bigram penalty (weighted)
# 9.820208225568702 unbalancing key after neighboring finger (weighted)
# 0.8831931702904309 asymmetrc bigrams (weighted)
# 13.331265577539531 inconsistent symmetries of similar keys (weighted)
# 3.856161846333189 irregularity cost for randomly sampled words (weighted).
# Finger load %: 13.1 11.6 8.2 11.8 - 12.4 9.1 7.4 11.0
 
