
# Evolved Layout
zglpß öfuoxüj
msrnc ätiea⇘
hkqbv wd,.y
┌───┬───┬───┬───┬───┬───┬───┬───┬───┬───┬───┬───┬───┬──────┐
│ ^ │ 1 │ 2 │ 3 │ 4 │ 5 │ 6 │ 7 │ 8 │ 9 │ 0 │ - │ ` │ ←    │
├───┴─┬─┴─┬─┴─┬─┴─┬─┴─┬─┴─┬─┴─┬─┴─┬─┴─┬─┴─┬─┴─┬─┴─┬─┴─┬────┤
│   ⇥ │ z │ g │ l │ p │ ß │ ö │ f │ u │ o │ x │ ü │ j │ Ret│
├─────┴┬──┴┬──┴┬──┴┬──┴┬──┴┬──┴┬──┴┬──┴┬──┴┬──┴┬──┴┬──┴┐   │
│    ⇩ │ m │ s │ r │ n │ c │ ä │ t │ i │ e │ a │ ⇘ │ ´ │   │
├────┬─┴─┬─┴─┬─┴─┬─┴─┬─┴─┬─┴─┬─┴─┬─┴─┬─┴─┬─┴─┬─┴─┬─┴───┴───┤
│  ⇧ │ ⇚ │ h │ k │ q │ b │ v │ w │ d │ , │ . │ y │ ⇗       │
├────┼───┴┬──┴─┬─┴───┴───┴───┴───┴───┴─┬─┴──┬┴───┼────┬────┤
│Strg│ Fe │ Alt│      Leerzeichen      │ M4 │ Fe │ Me │Strg│
└────┴────┴────┴───────────────────────┴────┴────┴────┴────┘
# 9.792370104497323 x100 total penalty per letter
# 35.83743989443369 x10 billion total penalty compared to notime-noeffort
# 7.637707867476199 mean key position cost in file 1gramme.txt ( 55.90391166 )
# 10.511422415165775 % finger repeats in file 2gramme.txt ( 50.74291399143497 )
# 12.78746878046793 million keystrokes disbalance of the fingers ( 25.574937560935865 )
# 0.3467966367734046 % finger repeats top to bottom or vice versa ( 8.370642534031518 )
# 2.9292555578840522 % of trigrams have no handswitching (after direction change counted x 1 ) ( 12.957018769822556 )
# 8.626489110274761 billion (rows²/dist)² to cross ( 112.1443584335719 )
# 0.04212295988819581 hand disbalance. Left: 0.4578770401118042 %, Right: 0.5421229598881958 % ( 1.2332695983176185 )
# 1.0979192834421578 badly positioned shortcut keys (weighted).
# 13.035785346672922 no handswitching after unbalancing key (weighted).
# 28.397537448511365 movement pattern cost (weighted).
# 0.8902076536799225 asymmetric bigram cost (weighted).
# 8.149857844723822 irregularity cost (weighted).
# 18.688975222194436 manually assigned bigram penalty (weighted)
# 12.647605687670072 unbalancing key after neighboring finger (weighted)
# 0.8902076536799225 asymmetrc bigrams (weighted)
# 8.539457909327819 inconsistent symmetries of similar keys (weighted)
# 8.149857844723822 irregularity cost for randomly sampled words (weighted).
# Finger load %: 10.9 7.8 7.9 11.9 - 12.0 9.2 14.9 9.6
 
