
# Evolved Layout
jbcgß qädivöx
rsnhm üetaw⇘
lzfkp yo,.u
┌───┬───┬───┬───┬───┬───┬───┬───┬───┬───┬───┬───┬───┬──────┐
│ ^ │ 1 │ 2 │ 3 │ 4 │ 5 │ 6 │ 7 │ 8 │ 9 │ 0 │ - │ ` │ ←    │
├───┴─┬─┴─┬─┴─┬─┴─┬─┴─┬─┴─┬─┴─┬─┴─┬─┴─┬─┴─┬─┴─┬─┴─┬─┴─┬────┤
│   ⇥ │ j │ b │ c │ g │ ß │ q │ ä │ d │ i │ v │ ö │ x │ Ret│
├─────┴┬──┴┬──┴┬──┴┬──┴┬──┴┬──┴┬──┴┬──┴┬──┴┬──┴┬──┴┬──┴┐   │
│    ⇩ │ r │ s │ n │ h │ m │ ü │ e │ t │ a │ w │ ⇘ │ ´ │   │
├────┬─┴─┬─┴─┬─┴─┬─┴─┬─┴─┬─┴─┬─┴─┬─┴─┬─┴─┬─┴─┬─┴─┬─┴───┴───┤
│  ⇧ │ ⇚ │ l │ z │ f │ k │ p │ y │ o │ , │ . │ u │ ⇗       │
├────┼───┴┬──┴─┬─┴───┴───┴───┴───┴───┴─┬─┴──┬┴───┼────┬────┤
│Strg│ Fe │ Alt│      Leerzeichen      │ M4 │ Fe │ Me │Strg│
└────┴────┴────┴───────────────────────┴────┴────┴────┴────┘
# 9.965256876933555 x100 total penalty per letter
# 36.47015896546641 x10 billion total penalty compared to notime-noeffort
# 8.066548064657056 mean key position cost in file 1gramme.txt ( 59.04279114 )
# 10.804626011104867 % finger repeats in file 2gramme.txt ( 52.15832707855922 )
# 13.650570125185206 million keystrokes disbalance of the fingers ( 27.301140250370416 )
# 0.38253688310994743 % finger repeats top to bottom or vice versa ( 9.233306108121782 )
# 2.997614522425412 % of trigrams have no handswitching (after direction change counted x 1 ) ( 13.259391973233948 )
# 8.750229919886575 billion (rows²/dist)² to cross ( 113.75298895852548 )
# 0.03346785218984977 hand disbalance. Left: 0.46653214781015023 %, Right: 0.5334678521898498 % ( 0.9798666745234109 )
# 0.7319461889614385 badly positioned shortcut keys (weighted).
# 10.195835790407838 no handswitching after unbalancing key (weighted).
# 31.302958743166368 movement pattern cost (weighted).
# 0.8929270478453202 asymmetric bigram cost (weighted).
# 5.3045872359352755 irregularity cost (weighted).
# 21.299636202853737 manually assigned bigram penalty (weighted)
# 9.586436459419366 unbalancing key after neighboring finger (weighted)
# 0.8929270478453202 asymmetrc bigrams (weighted)
# 9.659449802740424 inconsistent symmetries of similar keys (weighted)
# 5.3045872359352755 irregularity cost for randomly sampled words (weighted).
# Finger load %: 13.1 6.9 10.0 9.4 - 15.5 9.3 11.3 8.9
 
