
# Evolved Layout
üumzß öpoäfqj
hisnr gtaec⇘
vxkly bd,.w
┌───┬───┬───┬───┬───┬───┬───┬───┬───┬───┬───┬───┬───┬──────┐
│ ^ │ 1 │ 2 │ 3 │ 4 │ 5 │ 6 │ 7 │ 8 │ 9 │ 0 │ - │ ` │ ←    │
├───┴─┬─┴─┬─┴─┬─┴─┬─┴─┬─┴─┬─┴─┬─┴─┬─┴─┬─┴─┬─┴─┬─┴─┬─┴─┬────┤
│   ⇥ │ ü │ u │ m │ z │ ß │ ö │ p │ o │ ä │ f │ q │ j │ Ret│
├─────┴┬──┴┬──┴┬──┴┬──┴┬──┴┬──┴┬──┴┬──┴┬──┴┬──┴┬──┴┬──┴┐   │
│    ⇩ │ h │ i │ s │ n │ r │ g │ t │ a │ e │ c │ ⇘ │ ´ │   │
├────┬─┴─┬─┴─┬─┴─┬─┴─┬─┴─┬─┴─┬─┴─┬─┴─┬─┴─┬─┴─┬─┴─┬─┴───┴───┤
│  ⇧ │ ⇚ │ v │ x │ k │ l │ y │ b │ d │ , │ . │ w │ ⇗       │
├────┼───┴┬──┴─┬─┴───┴───┴───┴───┴───┴─┬─┴──┬┴───┼────┬────┤
│Strg│ Fe │ Alt│      Leerzeichen      │ M4 │ Fe │ Me │Strg│
└────┴────┴────┴───────────────────────┴────┴────┴────┴────┘
# 9.801676258574087 x100 total penalty per letter
# 35.87149791448558 x10 billion total penalty compared to notime-noeffort
# 7.264515094401469 mean key position cost in file 1gramme.txt ( 53.17234138 )
# 10.826481405408046 % finger repeats in file 2gramme.txt ( 52.26383196168284 )
# 11.428230471175944 million keystrokes disbalance of the fingers ( 22.85646094235189 )
# 0.35821389755314614 % finger repeats top to bottom or vice versa ( 8.6462213562318 )
# 3.5822815001773316 % of trigrams have no handswitching (after direction change counted x 1 ) ( 15.845557930805517 )
# 8.408807330030891 billion (rows²/dist)² to cross ( 109.31449529040158 )
# 0.010858851166045125 hand disbalance. Left: 0.4891411488339549 %, Right: 0.5108588511660451 % ( 0.3179237890994481 )
# 0.36597309448071924 badly positioned shortcut keys (weighted).
# 15.18056533955471 no handswitching after unbalancing key (weighted).
# 27.028563461563493 movement pattern cost (weighted).
# 0.870613122696496 asymmetric bigram cost (weighted).
# 7.359173425033611 irregularity cost (weighted).
# 16.071698736859698 manually assigned bigram penalty (weighted)
# 15.310429901804499 unbalancing key after neighboring finger (weighted)
# 0.870613122696496 asymmetrc bigrams (weighted)
# 14.111129412289552 inconsistent symmetries of similar keys (weighted)
# 7.359173425033611 irregularity cost for randomly sampled words (weighted).
# Finger load %: 9.8 8.4 7.6 15.6 - 13.6 8.4 12.5 8.7
 
