
# Evolved Layout
ßlukv qpfozäj
rnigm wtsea⇘
cüxhy bd,.ö
┌───┬───┬───┬───┬───┬───┬───┬───┬───┬───┬───┬───┬───┬──────┐
│ ^ │ 1 │ 2 │ 3 │ 4 │ 5 │ 6 │ 7 │ 8 │ 9 │ 0 │ - │ ` │ ←    │
├───┴─┬─┴─┬─┴─┬─┴─┬─┴─┬─┴─┬─┴─┬─┴─┬─┴─┬─┴─┬─┴─┬─┴─┬─┴─┬────┤
│   ⇥ │ ß │ l │ u │ k │ v │ q │ p │ f │ o │ z │ ä │ j │ Ret│
├─────┴┬──┴┬──┴┬──┴┬──┴┬──┴┬──┴┬──┴┬──┴┬──┴┬──┴┬──┴┬──┴┐   │
│    ⇩ │ r │ n │ i │ g │ m │ w │ t │ s │ e │ a │ ⇘ │ ´ │   │
├────┬─┴─┬─┴─┬─┴─┬─┴─┬─┴─┬─┴─┬─┴─┬─┴─┬─┴─┬─┴─┬─┴─┬─┴───┴───┤
│  ⇧ │ ⇚ │ c │ ü │ x │ h │ y │ b │ d │ , │ . │ ö │ ⇗       │
├────┼───┴┬──┴─┬─┴───┴───┴───┴───┴───┴─┬─┴──┬┴───┼────┬────┤
│Strg│ Fe │ Alt│      Leerzeichen      │ M4 │ Fe │ Me │Strg│
└────┴────┴────┴───────────────────────┴────┴────┴────┴────┘
# 9.980619305359497 x100 total penalty per letter
# 36.52638132016422 x10 billion total penalty compared to notime-noeffort
# 7.459451331725764 mean key position cost in file 1gramme.txt ( 54.59916974 )
# 10.125944200987576 % finger repeats in file 2gramme.txt ( 48.88205376766593 )
# 14.459924235118086 million keystrokes disbalance of the fingers ( 28.919848470236172 )
# 0.3300117748261457 % finger repeats top to bottom or vice versa ( 7.965505734981834 )
# 5.94789654057249 % of trigrams have no handswitching (after direction change counted x 1 ) ( 26.30941739095982 )
# 7.961305297900822 billion (rows²/dist)² to cross ( 103.49696887271068 )
# 0.021657848751033215 hand disbalance. Left: 0.4783421512489668 %, Right: 0.5216578487510333 % ( 0.6340951941768804 )
# 0.7319461889614385 badly positioned shortcut keys (weighted).
# 14.264703189848746 no handswitching after unbalancing key (weighted).
# 35.27659073965131 movement pattern cost (weighted).
# 0.8726622636890949 asymmetric bigram cost (weighted).
# 6.023780469459701 irregularity cost (weighted).
# 19.955265618437487 manually assigned bigram penalty (weighted)
# 11.76013405790136 unbalancing key after neighboring finger (weighted)
# 0.8726622636890949 asymmetrc bigrams (weighted)
# 5.571671502961734 inconsistent symmetries of similar keys (weighted)
# 6.023780469459701 irregularity cost for randomly sampled words (weighted).
# Finger load %: 13.1 9.7 8.2 9.3 - 12.7 7.3 14.9 9.2
 
