
# Evolved Layout
äpmgb jxuokßq
instd yleah⇘
üöfcv zr,.w
┌───┬───┬───┬───┬───┬───┬───┬───┬───┬───┬───┬───┬───┬──────┐
│ ^ │ 1 │ 2 │ 3 │ 4 │ 5 │ 6 │ 7 │ 8 │ 9 │ 0 │ - │ ` │ ←    │
├───┴─┬─┴─┬─┴─┬─┴─┬─┴─┬─┴─┬─┴─┬─┴─┬─┴─┬─┴─┬─┴─┬─┴─┬─┴─┬────┤
│   ⇥ │ ä │ p │ m │ g │ b │ j │ x │ u │ o │ k │ ß │ q │ Ret│
├─────┴┬──┴┬──┴┬──┴┬──┴┬──┴┬──┴┬──┴┬──┴┬──┴┬──┴┬──┴┬──┴┐   │
│    ⇩ │ i │ n │ s │ t │ d │ y │ l │ e │ a │ h │ ⇘ │ ´ │   │
├────┬─┴─┬─┴─┬─┴─┬─┴─┬─┴─┬─┴─┬─┴─┬─┴─┬─┴─┬─┴─┬─┴─┬─┴───┴───┤
│  ⇧ │ ⇚ │ ü │ ö │ f │ c │ v │ z │ r │ , │ . │ w │ ⇗       │
├────┼───┴┬──┴─┬─┴───┴───┴───┴───┴───┴─┬─┴──┬┴───┼────┬────┤
│Strg│ Fe │ Alt│      Leerzeichen      │ M4 │ Fe │ Me │Strg│
└────┴────┴────┴───────────────────────┴────┴────┴────┴────┘
# 10.282763645245495 x100 total penalty per letter
# 37.63214831064335 x10 billion total penalty compared to notime-noeffort
# 7.51190180223709 mean key position cost in file 1gramme.txt ( 54.98307896 )
# 10.917311197584816 % finger repeats in file 2gramme.txt ( 52.7023043349019 )
# 12.431047814249121 million keystrokes disbalance of the fingers ( 24.862095628498242 )
# 0.34145148743217174 % finger repeats top to bottom or vice versa ( 8.2416264776973 )
# 3.6633311079465356 % of trigrams have no handswitching (after direction change counted x 1 ) ( 16.20406584122864 )
# 9.949106906357967 billion (rows²/dist)² to cross ( 129.3383897826536 )
# 0.009644092290556516 hand disbalance. Left: 0.4903559077094435 %, Right: 0.5096440922905565 % ( 0.28235826392260926 )
# 1.463892377922877 badly positioned shortcut keys (weighted).
# 13.45844897034104 no handswitching after unbalancing key (weighted).
# 29.950411520165947 movement pattern cost (weighted).
# 0.8758129252881892 asymmetric bigram cost (weighted).
# 3.7826778644119123 irregularity cost (weighted).
# 16.072504105028475 manually assigned bigram penalty (weighted)
# 12.642034819530014 unbalancing key after neighboring finger (weighted)
# 0.8758129252881892 asymmetrc bigrams (weighted)
# 11.461781234842698 inconsistent symmetries of similar keys (weighted)
# 3.7826778644119123 irregularity cost for randomly sampled words (weighted).
# Finger load %: 11.1 7.8 8.0 14.5 - 10.2 14.5 8.6 9.8
 
