
# Evolved Layout
jmuaö vbdlgßq
cnieä wstrh⇘
zxyoü kf,.p
┌───┬───┬───┬───┬───┬───┬───┬───┬───┬───┬───┬───┬───┬──────┐
│ ^ │ 1 │ 2 │ 3 │ 4 │ 5 │ 6 │ 7 │ 8 │ 9 │ 0 │ - │ ` │ ←    │
├───┴─┬─┴─┬─┴─┬─┴─┬─┴─┬─┴─┬─┴─┬─┴─┬─┴─┬─┴─┬─┴─┬─┴─┬─┴─┬────┤
│   ⇥ │ j │ m │ u │ a │ ö │ v │ b │ d │ l │ g │ ß │ q │ Ret│
├─────┴┬──┴┬──┴┬──┴┬──┴┬──┴┬──┴┬──┴┬──┴┬──┴┬──┴┬──┴┬──┴┐   │
│    ⇩ │ c │ n │ i │ e │ ä │ w │ s │ t │ r │ h │ ⇘ │ ´ │   │
├────┬─┴─┬─┴─┬─┴─┬─┴─┬─┴─┬─┴─┬─┴─┬─┴─┬─┴─┬─┴─┬─┴─┬─┴───┴───┤
│  ⇧ │ ⇚ │ z │ x │ y │ o │ ü │ k │ f │ , │ . │ p │ ⇗       │
├────┼───┴┬──┴─┬─┴───┴───┴───┴───┴───┴─┬─┴──┬┴───┼────┬────┤
│Strg│ Fe │ Alt│      Leerzeichen      │ M4 │ Fe │ Me │Strg│
└────┴────┴────┴───────────────────────┴────┴────┴────┴────┘
# 9.512495197971074 x100 total penalty per letter
# 34.81317303834456 x10 billion total penalty compared to notime-noeffort
# 7.444856045677266 mean key position cost in file 1gramme.txt ( 54.4923401 )
# 11.165260995027491 % finger repeats in file 2gramme.txt ( 53.89925891905738 )
# 11.596809889648647 million keystrokes disbalance of the fingers ( 23.19361977929729 )
# 0.4739894684307339 % finger repeats top to bottom or vice versa ( 11.440700354085903 )
# 3.3570074459237143 % of trigrams have no handswitching (after direction change counted x 1 ) ( 14.849099925814446 )
# 8.208145541034355 billion (rows²/dist)² to cross ( 106.70589203344663 )
# 0.031087402591453706 hand disbalance. Left: 0.5310874025914537 %, Right: 0.4689125974085463 % ( 0.9101722340609795 )
# 0.36597309448071924 badly positioned shortcut keys (weighted).
# 11.581067649231068 no handswitching after unbalancing key (weighted).
# 31.286637483957115 movement pattern cost (weighted).
# 0.8676265074814712 asymmetric bigram cost (weighted).
# 3.893596488978989 irregularity cost (weighted).
# 15.741618065558711 manually assigned bigram penalty (weighted)
# 8.926239716335234 unbalancing key after neighboring finger (weighted)
# 0.8676265074814712 asymmetrc bigrams (weighted)
# 9.977888031659656 inconsistent symmetries of similar keys (weighted)
# 3.893596488978989 irregularity cost for randomly sampled words (weighted).
# Finger load %: 8.9 8.7 8.4 18.8 - 11.2 9.3 9.3 9.7
 
