
# Evolved Layout
juläö qpfmkzß
cireo btnsh⇘
vüxay wd,.g
┌───┬───┬───┬───┬───┬───┬───┬───┬───┬───┬───┬───┬───┬──────┐
│ ^ │ 1 │ 2 │ 3 │ 4 │ 5 │ 6 │ 7 │ 8 │ 9 │ 0 │ - │ ` │ ←    │
├───┴─┬─┴─┬─┴─┬─┴─┬─┴─┬─┴─┬─┴─┬─┴─┬─┴─┬─┴─┬─┴─┬─┴─┬─┴─┬────┤
│   ⇥ │ j │ u │ l │ ä │ ö │ q │ p │ f │ m │ k │ z │ ß │ Ret│
├─────┴┬──┴┬──┴┬──┴┬──┴┬──┴┬──┴┬──┴┬──┴┬──┴┬──┴┬──┴┬──┴┐   │
│    ⇩ │ c │ i │ r │ e │ o │ b │ t │ n │ s │ h │ ⇘ │ ´ │   │
├────┬─┴─┬─┴─┬─┴─┬─┴─┬─┴─┬─┴─┬─┴─┬─┴─┬─┴─┬─┴─┬─┴─┬─┴───┴───┤
│  ⇧ │ ⇚ │ v │ ü │ x │ a │ y │ w │ d │ , │ . │ g │ ⇗       │
├────┼───┴┬──┴─┬─┴───┴───┴───┴───┴───┴─┬─┴──┬┴───┼────┬────┤
│Strg│ Fe │ Alt│      Leerzeichen      │ M4 │ Fe │ Me │Strg│
└────┴────┴────┴───────────────────────┴────┴────┴────┴────┘
# 9.31015677083601 x100 total penalty per letter
# 34.072668835234744 x10 billion total penalty compared to notime-noeffort
# 7.3488766648710335 mean key position cost in file 1gramme.txt ( 53.78982268 )
# 11.385955607175507 % finger repeats in file 2gramme.txt ( 54.96464163133831 )
# 12.202361119094814 million keystrokes disbalance of the fingers ( 24.404722238189624 )
# 0.31827931636494416 % finger repeats top to bottom or vice versa ( 7.682318975335544 )
# 3.1999352410070396 % of trigrams have no handswitching (after direction change counted x 1 ) ( 14.154320154262905 )
# 7.938335157283263 billion (rows²/dist)² to cross ( 103.19835704468242 )
# 0.026432282428811682 hand disbalance. Left: 0.5264322824288117 %, Right: 0.4735677175711883 % ( 0.7738803355728443 )
# 0.36597309448071924 badly positioned shortcut keys (weighted).
# 13.895075688509626 no handswitching after unbalancing key (weighted).
# 26.536606580839067 movement pattern cost (weighted).
# 0.8606122496188349 asymmetric bigram cost (weighted).
# 4.995427204447089 irregularity cost (weighted).
# 16.031357694431055 manually assigned bigram penalty (weighted)
# 11.632416934980908 unbalancing key after neighboring finger (weighted)
# 0.8606122496188349 asymmetrc bigrams (weighted)
# 7.4411558456585665 inconsistent symmetries of similar keys (weighted)
# 4.995427204447089 irregularity cost for randomly sampled words (weighted).
# Finger load %: 9.0 8.5 8.0 18.9 - 12.7 9.1 8.0 10.3
 
