
# Evolved Layout
üuczq wboäköß
sinrm gtaeh⇘
vxylj fd,.p
┌───┬───┬───┬───┬───┬───┬───┬───┬───┬───┬───┬───┬───┬──────┐
│ ^ │ 1 │ 2 │ 3 │ 4 │ 5 │ 6 │ 7 │ 8 │ 9 │ 0 │ - │ ` │ ←    │
├───┴─┬─┴─┬─┴─┬─┴─┬─┴─┬─┴─┬─┴─┬─┴─┬─┴─┬─┴─┬─┴─┬─┴─┬─┴─┬────┤
│   ⇥ │ ü │ u │ c │ z │ q │ w │ b │ o │ ä │ k │ ö │ ß │ Ret│
├─────┴┬──┴┬──┴┬──┴┬──┴┬──┴┬──┴┬──┴┬──┴┬──┴┬──┴┬──┴┬──┴┐   │
│    ⇩ │ s │ i │ n │ r │ m │ g │ t │ a │ e │ h │ ⇘ │ ´ │   │
├────┬─┴─┬─┴─┬─┴─┬─┴─┬─┴─┬─┴─┬─┴─┬─┴─┬─┴─┬─┴─┬─┴─┬─┴───┴───┤
│  ⇧ │ ⇚ │ v │ x │ y │ l │ j │ f │ d │ , │ . │ p │ ⇗       │
├────┼───┴┬──┴─┬─┴───┴───┴───┴───┴───┴─┬─┴──┬┴───┼────┬────┤
│Strg│ Fe │ Alt│      Leerzeichen      │ M4 │ Fe │ Me │Strg│
└────┴────┴────┴───────────────────────┴────┴────┴────┴────┘
# 9.840155472189547 x100 total penalty per letter
# 36.012321483285916 x10 billion total penalty compared to notime-noeffort
# 7.200821505032351 mean key position cost in file 1gramme.txt ( 52.70613858 )
# 8.389102419666678 % finger repeats in file 2gramme.txt ( 40.49761162031768 )
# 12.404387909954233 million keystrokes disbalance of the fingers ( 24.808775819908465 )
# 0.3581954267184528 % finger repeats top to bottom or vice versa ( 8.645775525049691 )
# 4.388862646267363 % of trigrams have no handswitching (after direction change counted x 1 ) ( 19.413320061065914 )
# 8.489622238009398 billion (rows²/dist)² to cross ( 110.36508909412217 )
# 0.031396278675532685 hand disbalance. Left: 0.4686037213244673 %, Right: 0.5313962786755327 % ( 0.9192154609650972 )
# 0.0 badly positioned shortcut keys (weighted).
# 14.453259134492011 no handswitching after unbalancing key (weighted).
# 35.66533907951598 movement pattern cost (weighted).
# 0.8751261914033831 asymmetric bigram cost (weighted).
# 5.27477922152396 irregularity cost (weighted).
# 19.08014971843341 manually assigned bigram penalty (weighted)
# 14.0873697485219 unbalancing key after neighboring finger (weighted)
# 0.8751261914033831 asymmetrc bigrams (weighted)
# 13.331265577539531 inconsistent symmetries of similar keys (weighted)
# 5.27477922152396 irregularity cost for randomly sampled words (weighted).
# Finger load %: 11.4 8.4 9.0 10.8 - 15.0 8.4 12.5 9.0
 
