
# Evolved Layout
öliüä wbpdvjß
hrueo msntg⇘
zxyaq fk,.c
┌───┬───┬───┬───┬───┬───┬───┬───┬───┬───┬───┬───┬───┬──────┐
│ ^ │ 1 │ 2 │ 3 │ 4 │ 5 │ 6 │ 7 │ 8 │ 9 │ 0 │ - │ ` │ ←    │
├───┴─┬─┴─┬─┴─┬─┴─┬─┴─┬─┴─┬─┴─┬─┴─┬─┴─┬─┴─┬─┴─┬─┴─┬─┴─┬────┤
│   ⇥ │ ö │ l │ i │ ü │ ä │ w │ b │ p │ d │ v │ j │ ß │ Ret│
├─────┴┬──┴┬──┴┬──┴┬──┴┬──┴┬──┴┬──┴┬──┴┬──┴┬──┴┬──┴┬──┴┐   │
│    ⇩ │ h │ r │ u │ e │ o │ m │ s │ n │ t │ g │ ⇘ │ ´ │   │
├────┬─┴─┬─┴─┬─┴─┬─┴─┬─┴─┬─┴─┬─┴─┬─┴─┬─┴─┬─┴─┬─┴─┬─┴───┴───┤
│  ⇧ │ ⇚ │ z │ x │ y │ a │ q │ f │ k │ , │ . │ c │ ⇗       │
├────┼───┴┬──┴─┬─┴───┴───┴───┴───┴───┴─┬─┴──┬┴───┼────┬────┤
│Strg│ Fe │ Alt│      Leerzeichen      │ M4 │ Fe │ Me │Strg│
└────┴────┴────┴───────────────────────┴────┴────┴────┴────┘
# 9.183682737448589 x100 total penalty per letter
# 33.609807901532236 x10 billion total penalty compared to notime-noeffort
# 7.497539721856679 mean key position cost in file 1gramme.txt ( 54.87795626 )
# 11.355014387515196 % finger repeats in file 2gramme.txt ( 54.8152757714193 )
# 11.61889615544966 million keystrokes disbalance of the fingers ( 23.237792310899323 )
# 0.3356857106778164 % finger repeats top to bottom or vice versa ( 8.102457722801697 )
# 3.5596980109326353 % of trigrams have no handswitching (after direction change counted x 1 ) ( 15.745664053931563 )
# 7.878803802313961 billion (rows²/dist)² to cross ( 102.4244494300815 )
# 0.03697287140025329 hand disbalance. Left: 0.5369728714002533 %, Right: 0.46302712859974665 % ( 1.0824860926550706 )
# 0.7319461889614385 badly positioned shortcut keys (weighted).
# 14.394305616400608 no handswitching after unbalancing key (weighted).
# 24.65344523587636 movement pattern cost (weighted).
# 0.8746913845470469 asymmetric bigram cost (weighted).
# 2.5090217655727955 irregularity cost (weighted).
# 15.379840585179565 manually assigned bigram penalty (weighted)
# 10.2131818908512 unbalancing key after neighboring finger (weighted)
# 0.8746913845470469 asymmetrc bigrams (weighted)
# 7.055564706144775 inconsistent symmetries of similar keys (weighted)
# 2.5090217655727955 irregularity cost for randomly sampled words (weighted).
# Finger load %: 10.0 8.2 8.4 18.7 - 12.4 8.7 9.5 8.4
 
