
# Evolved Layout
äuocj vwglzqß
aienf bdsrh⇘
xüömy pt,.k
┌───┬───┬───┬───┬───┬───┬───┬───┬───┬───┬───┬───┬───┬──────┐
│ ^ │ 1 │ 2 │ 3 │ 4 │ 5 │ 6 │ 7 │ 8 │ 9 │ 0 │ - │ ` │ ←    │
├───┴─┬─┴─┬─┴─┬─┴─┬─┴─┬─┴─┬─┴─┬─┴─┬─┴─┬─┴─┬─┴─┬─┴─┬─┴─┬────┤
│   ⇥ │ ä │ u │ o │ c │ j │ v │ w │ g │ l │ z │ q │ ß │ Ret│
├─────┴┬──┴┬──┴┬──┴┬──┴┬──┴┬──┴┬──┴┬──┴┬──┴┬──┴┬──┴┬──┴┐   │
│    ⇩ │ a │ i │ e │ n │ f │ b │ d │ s │ r │ h │ ⇘ │ ´ │   │
├────┬─┴─┬─┴─┬─┴─┬─┴─┬─┴─┬─┴─┬─┴─┬─┴─┬─┴─┬─┴─┬─┴─┬─┴───┴───┤
│  ⇧ │ ⇚ │ x │ ü │ ö │ m │ y │ p │ t │ , │ . │ k │ ⇗       │
├────┼───┴┬──┴─┬─┴───┴───┴───┴───┴───┴─┬─┴──┬┴───┼────┬────┤
│Strg│ Fe │ Alt│      Leerzeichen      │ M4 │ Fe │ Me │Strg│
└────┴────┴────┴───────────────────────┴────┴────┴────┴────┘
# 9.290810203591445 x100 total penalty per letter
# 34.00186560441403 x10 billion total penalty compared to notime-noeffort
# 7.287941338377586 mean key position cost in file 1gramme.txt ( 53.34380888 )
# 9.726539416332473 % finger repeats in file 2gramme.txt ( 46.953964320296706 )
# 11.192880222720738 million keystrokes disbalance of the fingers ( 22.38576044544148 )
# 0.4516287859466473 % finger repeats top to bottom or vice versa ( 10.900979779997497 )
# 3.616223373774325 % of trigrams have no handswitching (after direction change counted x 1 ) ( 15.995693514604449 )
# 8.340680137092422 billion (rows²/dist)² to cross ( 108.42884178220147 )
# 0.03913123690915943 hand disbalance. Left: 0.5391312369091594 %, Right: 0.4608687630908405 % ( 1.145678389000257 )
# 0.7319461889614385 badly positioned shortcut keys (weighted).
# 12.190005267419519 no handswitching after unbalancing key (weighted).
# 26.1654902282016 movement pattern cost (weighted).
# 0.8790735128179319 asymmetric bigram cost (weighted).
# 4.815779615585764 irregularity cost (weighted).
# 15.690848669460607 manually assigned bigram penalty (weighted)
# 10.716243952025783 unbalancing key after neighboring finger (weighted)
# 0.8790735128179319 asymmetrc bigrams (weighted)
# 9.674541498125835 inconsistent symmetries of similar keys (weighted)
# 4.815779615585764 irregularity cost for randomly sampled words (weighted).
# Finger load %: 10.7 8.5 13.6 12.6 - 13.3 7.9 9.3 8.5
 
