
# Evolved Layout
öulgä qwcozßj
hirsk btnea⇘
vüxmy fd,.p
┌───┬───┬───┬───┬───┬───┬───┬───┬───┬───┬───┬───┬───┬──────┐
│ ^ │ 1 │ 2 │ 3 │ 4 │ 5 │ 6 │ 7 │ 8 │ 9 │ 0 │ - │ ` │ ←    │
├───┴─┬─┴─┬─┴─┬─┴─┬─┴─┬─┴─┬─┴─┬─┴─┬─┴─┬─┴─┬─┴─┬─┴─┬─┴─┬────┤
│   ⇥ │ ö │ u │ l │ g │ ä │ q │ w │ c │ o │ z │ ß │ j │ Ret│
├─────┴┬──┴┬──┴┬──┴┬──┴┬──┴┬──┴┬──┴┬──┴┬──┴┬──┴┬──┴┬──┴┐   │
│    ⇩ │ h │ i │ r │ s │ k │ b │ t │ n │ e │ a │ ⇘ │ ´ │   │
├────┬─┴─┬─┴─┬─┴─┬─┴─┬─┴─┬─┴─┬─┴─┬─┴─┬─┴─┬─┴─┬─┴─┬─┴───┴───┤
│  ⇧ │ ⇚ │ v │ ü │ x │ m │ y │ f │ d │ , │ . │ p │ ⇗       │
├────┼───┴┬──┴─┬─┴───┴───┴───┴───┴───┴─┬─┴──┬┴───┼────┬────┤
│Strg│ Fe │ Alt│      Leerzeichen      │ M4 │ Fe │ Me │Strg│
└────┴────┴────┴───────────────────────┴────┴────┴────┴────┘
# 10.035465022050124 x100 total penalty per letter
# 36.727101886727034 x10 billion total penalty compared to notime-noeffort
# 7.20646936284259 mean key position cost in file 1gramme.txt ( 52.74747786 )
# 10.918669849958803 % finger repeats in file 2gramme.txt ( 52.70886310286256 )
# 12.181569253530602 million keystrokes disbalance of the fingers ( 24.36313850706121 )
# 0.3495386438112781 % finger repeats top to bottom or vice versa ( 8.436826453672104 )
# 4.955128399497663 % of trigrams have no handswitching (after direction change counted x 1 ) ( 21.918091614222124 )
# 8.066927701784849 billion (rows²/dist)² to cross ( 104.87006012320303 )
# 0.06686508842878935 hand disbalance. Left: 0.43313491157121065 %, Right: 0.5668650884287894 % ( 1.957665866000878 )
# 0.7319461889614385 badly positioned shortcut keys (weighted).
# 11.70183805738859 no handswitching after unbalancing key (weighted).
# 36.684237870159116 movement pattern cost (weighted).
# 0.8878436151536713 asymmetric bigram cost (weighted).
# 4.2039082688955105 irregularity cost (weighted).
# 17.587145951759982 manually assigned bigram penalty (weighted)
# 11.17195764172057 unbalancing key after neighboring finger (weighted)
# 0.8878436151536713 asymmetrc bigrams (weighted)
# 17.300017746209488 inconsistent symmetries of similar keys (weighted)
# 4.2039082688955105 irregularity cost for randomly sampled words (weighted).
# Finger load %: 9.6 8.5 8.0 10.4 - 13.1 9.8 14.9 10.1
 
