
# Evolved Layout
äükdö qbulzßj
aethm wnirs⇘
oyvgx pc,.f
┌───┬───┬───┬───┬───┬───┬───┬───┬───┬───┬───┬───┬───┬──────┐
│ ^ │ 1 │ 2 │ 3 │ 4 │ 5 │ 6 │ 7 │ 8 │ 9 │ 0 │ - │ ` │ ←    │
├───┴─┬─┴─┬─┴─┬─┴─┬─┴─┬─┴─┬─┴─┬─┴─┬─┴─┬─┴─┬─┴─┬─┴─┬─┴─┬────┤
│   ⇥ │ ä │ ü │ k │ d │ ö │ q │ b │ u │ l │ z │ ß │ j │ Ret│
├─────┴┬──┴┬──┴┬──┴┬──┴┬──┴┬──┴┬──┴┬──┴┬──┴┬──┴┬──┴┬──┴┐   │
│    ⇩ │ a │ e │ t │ h │ m │ w │ n │ i │ r │ s │ ⇘ │ ´ │   │
├────┬─┴─┬─┴─┬─┴─┬─┴─┬─┴─┬─┴─┬─┴─┬─┴─┬─┴─┬─┴─┬─┴─┬─┴───┴───┤
│  ⇧ │ ⇚ │ o │ y │ v │ g │ x │ p │ c │ , │ . │ f │ ⇗       │
├────┼───┴┬──┴─┬─┴───┴───┴───┴───┴───┴─┬─┴──┬┴───┼────┬────┤
│Strg│ Fe │ Alt│      Leerzeichen      │ M4 │ Fe │ Me │Strg│
└────┴────┴────┴───────────────────────┴────┴────┴────┴────┘
# 9.739432133791631 x100 total penalty per letter
# 35.64370116488677 x10 billion total penalty compared to notime-noeffort
# 7.589675003134238 mean key position cost in file 1gramme.txt ( 55.55233694 )
# 7.887258703272803 % finger repeats in file 2gramme.txt ( 38.07500775831554 )
# 14.438740303137472 million keystrokes disbalance of the fingers ( 28.877480606274943 )
# 0.34661493574680674 % finger repeats top to bottom or vice versa ( 8.366256810006426 )
# 4.373154624624092 % of trigrams have no handswitching (after direction change counted x 1 ) ( 19.343838540165212 )
# 8.295657772615217 billion (rows²/dist)² to cross ( 107.84355104399782 )
# 0.0025303653712403507 hand disbalance. Left: 0.49746963462875965 %, Right: 0.5025303653712403 % ( 0.07408365160637481 )
# 1.0979192834421578 badly positioned shortcut keys (weighted).
# 12.029509840695246 no handswitching after unbalancing key (weighted).
# 32.495671837068365 movement pattern cost (weighted).
# 0.8654142122438294 asymmetric bigram cost (weighted).
# 5.735504421787714 irregularity cost (weighted).
# 20.578008051522758 manually assigned bigram penalty (weighted)
# 11.503915230897531 unbalancing key after neighboring finger (weighted)
# 0.8654142122438294 asymmetrc bigrams (weighted)
# 13.998513420843791 inconsistent symmetries of similar keys (weighted)
# 5.735504421787714 irregularity cost for randomly sampled words (weighted).
# Finger load %: 12.9 11.7 6.5 10.8 - 13.2 9.2 9.3 10.8
 
