
# Evolved Layout
ßpbfv qölizxj
untsm yerad⇘
hükgw äo,.c
┌───┬───┬───┬───┬───┬───┬───┬───┬───┬───┬───┬───┬───┬──────┐
│ ^ │ 1 │ 2 │ 3 │ 4 │ 5 │ 6 │ 7 │ 8 │ 9 │ 0 │ - │ ` │ ←    │
├───┴─┬─┴─┬─┴─┬─┴─┬─┴─┬─┴─┬─┴─┬─┴─┬─┴─┬─┴─┬─┴─┬─┴─┬─┴─┬────┤
│   ⇥ │ ß │ p │ b │ f │ v │ q │ ö │ l │ i │ z │ x │ j │ Ret│
├─────┴┬──┴┬──┴┬──┴┬──┴┬──┴┬──┴┬──┴┬──┴┬──┴┬──┴┬──┴┬──┴┐   │
│    ⇩ │ u │ n │ t │ s │ m │ y │ e │ r │ a │ d │ ⇘ │ ´ │   │
├────┬─┴─┬─┴─┬─┴─┬─┴─┬─┴─┬─┴─┬─┴─┬─┴─┬─┴─┬─┴─┬─┴─┬─┴───┴───┤
│  ⇧ │ ⇚ │ h │ ü │ k │ g │ w │ ä │ o │ , │ . │ c │ ⇗       │
├────┼───┴┬──┴─┬─┴───┴───┴───┴───┴───┴─┬─┴──┬┴───┼────┬────┤
│Strg│ Fe │ Alt│      Leerzeichen      │ M4 │ Fe │ Me │Strg│
└────┴────┴────┴───────────────────────┴────┴────┴────┴────┘
# 10.523162382017768 x100 total penalty per letter
# 38.511943006701394 x10 billion total penalty compared to notime-noeffort
# 7.979525156469805 mean key position cost in file 1gramme.txt ( 58.40583028 )
# 9.932967051992112 % finger repeats in file 2gramme.txt ( 47.95047453061985 )
# 12.88918879908488 million keystrokes disbalance of the fingers ( 25.77837759816976 )
# 0.3352857826973365 % finger repeats top to bottom or vice versa ( 8.092804647168956 )
# 4.0549906645160965 % of trigrams have no handswitching (after direction change counted x 1 ) ( 17.936499261792985 )
# 8.963873417152774 billion (rows²/dist)² to cross ( 116.53035442298606 )
# 0.04996394478650479 hand disbalance. Left: 0.4500360552134952 %, Right: 0.5499639447865048 % ( 1.4628367588784765 )
# 1.463892377922877 badly positioned shortcut keys (weighted).
# 11.801639428332278 no handswitching after unbalancing key (weighted).
# 38.74897805590991 movement pattern cost (weighted).
# 0.8668971349141449 asymmetric bigram cost (weighted).
# 14.513131282963586 irregularity cost (weighted).
# 17.637244450150337 manually assigned bigram penalty (weighted)
# 9.568055106590474 unbalancing key after neighboring finger (weighted)
# 0.8668971349141449 asymmetrc bigrams (weighted)
# 14.362414730614226 inconsistent symmetries of similar keys (weighted)
# 14.513131282963586 irregularity cost for randomly sampled words (weighted).
# Finger load %: 10.8 7.9 7.3 11.9 - 15.3 9.1 11.3 10.7
 
