
# Evolved Layout
ölmpä qbauxjß
hrsny odeit⇘
gzfkü wc,.v
┌───┬───┬───┬───┬───┬───┬───┬───┬───┬───┬───┬───┬───┬──────┐
│ ^ │ 1 │ 2 │ 3 │ 4 │ 5 │ 6 │ 7 │ 8 │ 9 │ 0 │ - │ ` │ ←    │
├───┴─┬─┴─┬─┴─┬─┴─┬─┴─┬─┴─┬─┴─┬─┴─┬─┴─┬─┴─┬─┴─┬─┴─┬─┴─┬────┤
│   ⇥ │ ö │ l │ m │ p │ ä │ q │ b │ a │ u │ x │ j │ ß │ Ret│
├─────┴┬──┴┬──┴┬──┴┬──┴┬──┴┬──┴┬──┴┬──┴┬──┴┬──┴┬──┴┬──┴┐   │
│    ⇩ │ h │ r │ s │ n │ y │ o │ d │ e │ i │ t │ ⇘ │ ´ │   │
├────┬─┴─┬─┴─┬─┴─┬─┴─┬─┴─┬─┴─┬─┴─┬─┴─┬─┴─┬─┴─┬─┴─┬─┴───┴───┤
│  ⇧ │ ⇚ │ g │ z │ f │ k │ ü │ w │ c │ , │ . │ v │ ⇗       │
├────┼───┴┬──┴─┬─┴───┴───┴───┴───┴───┴─┬─┴──┬┴───┼────┬────┤
│Strg│ Fe │ Alt│      Leerzeichen      │ M4 │ Fe │ Me │Strg│
└────┴────┴────┴───────────────────────┴────┴────┴────┴────┘
# 10.263476419884633 x100 total penalty per letter
# 37.561562255150726 x10 billion total penalty compared to notime-noeffort
# 7.467654595969163 mean key position cost in file 1gramme.txt ( 54.65921322 )
# 13.003079166394622 % finger repeats in file 2gramme.txt ( 62.77115519705582 )
# 12.29300657007929 million keystrokes disbalance of the fingers ( 24.58601314015858 )
# 0.3722089905180131 % finger repeats top to bottom or vice versa ( 8.984021403917914 )
# 3.771068205813062 % of trigrams have no handswitching (after direction change counted x 1 ) ( 16.680620915266346 )
# 8.096322371344458 billion (rows²/dist)² to cross ( 105.25219082747796 )
# 0.061019305603852825 hand disbalance. Left: 0.4389806943961472 %, Right: 0.5610193056038528 % ( 1.786513927592537 )
# 1.0979192834421578 badly positioned shortcut keys (weighted).
# 12.363149804563976 no handswitching after unbalancing key (weighted).
# 38.228640797150355 movement pattern cost (weighted).
# 0.8805107927193069 asymmetric bigram cost (weighted).
# 5.643776246830678 irregularity cost (weighted).
# 18.9140546017177 manually assigned bigram penalty (weighted)
# 11.638813315467 unbalancing key after neighboring finger (weighted)
# 0.8805107927193069 asymmetrc bigrams (weighted)
# 12.129029078146957 inconsistent symmetries of similar keys (weighted)
# 5.643776246830678 irregularity cost for randomly sampled words (weighted).
# Finger load %: 10.8 8.7 8.0 9.6 - 11.7 16.4 9.4 9.8
 
