
# Evolved Layout
ßklfj qpouüöx
hsrnm wteia⇘
gvzcy bd,.ä
┌───┬───┬───┬───┬───┬───┬───┬───┬───┬───┬───┬───┬───┬──────┐
│ ^ │ 1 │ 2 │ 3 │ 4 │ 5 │ 6 │ 7 │ 8 │ 9 │ 0 │ - │ ` │ ←    │
├───┴─┬─┴─┬─┴─┬─┴─┬─┴─┬─┴─┬─┴─┬─┴─┬─┴─┬─┴─┬─┴─┬─┴─┬─┴─┬────┤
│   ⇥ │ ß │ k │ l │ f │ j │ q │ p │ o │ u │ ü │ ö │ x │ Ret│
├─────┴┬──┴┬──┴┬──┴┬──┴┬──┴┬──┴┬──┴┬──┴┬──┴┬──┴┬──┴┬──┴┐   │
│    ⇩ │ h │ s │ r │ n │ m │ w │ t │ e │ i │ a │ ⇘ │ ´ │   │
├────┬─┴─┬─┴─┬─┴─┬─┴─┬─┴─┬─┴─┬─┴─┬─┴─┬─┴─┬─┴─┬─┴─┬─┴───┴───┤
│  ⇧ │ ⇚ │ g │ v │ z │ c │ y │ b │ d │ , │ . │ ä │ ⇗       │
├────┼───┴┬──┴─┬─┴───┴───┴───┴───┴───┴─┬─┴──┬┴───┼────┬────┤
│Strg│ Fe │ Alt│      Leerzeichen      │ M4 │ Fe │ Me │Strg│
└────┴────┴────┴───────────────────────┴────┴────┴────┴────┘
# 9.708924792011205 x100 total penalty per letter
# 35.53205250212915 x10 billion total penalty compared to notime-noeffort
# 7.2977856631499085 mean key position cost in file 1gramme.txt ( 53.41586404 )
# 9.744909892346833 % finger repeats in file 2gramme.txt ( 47.04264608453 )
# 11.80754687313212 million keystrokes disbalance of the fingers ( 23.615093746264236 )
# 0.3280263993187409 % finger repeats top to bottom or vice versa ( 7.917584657018307 )
# 4.056506149456405 % of trigrams have no handswitching (after direction change counted x 1 ) ( 17.943202728400436 )
# 8.194301440144052 billion (rows²/dist)² to cross ( 106.52591872187269 )
# 0.04562038242296912 hand disbalance. Left: 0.4543796175770309 %, Right: 0.5456203824229692 % ( 1.3356666021382257 )
# 0.7319461889614385 badly positioned shortcut keys (weighted).
# 11.122804032955857 no handswitching after unbalancing key (weighted).
# 27.208560648985376 movement pattern cost (weighted).
# 0.8688705660424485 asymmetric bigram cost (weighted).
# 17.293165193409685 irregularity cost (weighted).
# 16.377392556941327 manually assigned bigram penalty (weighted)
# 11.725627265029926 unbalancing key after neighboring finger (weighted)
# 0.8688705660424485 asymmetrc bigrams (weighted)
# 12.196181988741515 inconsistent symmetries of similar keys (weighted)
# 17.293165193409685 irregularity cost for randomly sampled words (weighted).
# Finger load %: 10.7 6.5 8.5 12.6 - 12.7 14.7 9.4 9.3
 
