
# Evolved Layout
öldbß qwuoyxj
hrtnm kseai⇘
üzvcp fg,.ä
┌───┬───┬───┬───┬───┬───┬───┬───┬───┬───┬───┬───┬───┬──────┐
│ ^ │ 1 │ 2 │ 3 │ 4 │ 5 │ 6 │ 7 │ 8 │ 9 │ 0 │ - │ ` │ ←    │
├───┴─┬─┴─┬─┴─┬─┴─┬─┴─┬─┴─┬─┴─┬─┴─┬─┴─┬─┴─┬─┴─┬─┴─┬─┴─┬────┤
│   ⇥ │ ö │ l │ d │ b │ ß │ q │ w │ u │ o │ y │ x │ j │ Ret│
├─────┴┬──┴┬──┴┬──┴┬──┴┬──┴┬──┴┬──┴┬──┴┬──┴┬──┴┬──┴┬──┴┐   │
│    ⇩ │ h │ r │ t │ n │ m │ k │ s │ e │ a │ i │ ⇘ │ ´ │   │
├────┬─┴─┬─┴─┬─┴─┬─┴─┬─┴─┬─┴─┬─┴─┬─┴─┬─┴─┬─┴─┬─┴─┬─┴───┴───┤
│  ⇧ │ ⇚ │ ü │ z │ v │ c │ p │ f │ g │ , │ . │ ä │ ⇗       │
├────┼───┴┬──┴─┬─┴───┴───┴───┴───┴───┴─┬─┴──┬┴───┼────┬────┤
│Strg│ Fe │ Alt│      Leerzeichen      │ M4 │ Fe │ Me │Strg│
└────┴────┴────┴───────────────────────┴────┴────┴────┴────┘
# 9.612238316503202 x100 total penalty per letter
# 35.17820601576816 x10 billion total penalty compared to notime-noeffort
# 7.30711244167947 mean key position cost in file 1gramme.txt ( 53.48413104 )
# 11.664880358005187 % finger repeats in file 2gramme.txt ( 56.311124921840694 )
# 11.26941150880279 million keystrokes disbalance of the fingers ( 22.53882301760558 )
# 0.3764607211512282 % finger repeats top to bottom or vice versa ( 9.086645574707925 )
# 2.4931895426275448 % of trigrams have no handswitching (after direction change counted x 1 ) ( 11.028161613828404 )
# 8.544123380791401 billion (rows²/dist)² to cross ( 111.0736039502882 )
# 0.02842618346135206 hand disbalance. Left: 0.47157381653864794 %, Right: 0.5284261834613521 % ( 0.8322574660502127 )
# 0.7319461889614385 badly positioned shortcut keys (weighted).
# 11.645817903023366 no handswitching after unbalancing key (weighted).
# 25.550273204476902 movement pattern cost (weighted).
# 0.8850961269810942 asymmetric bigram cost (weighted).
# 7.5932023217454745 irregularity cost (weighted).
# 16.172099094522405 manually assigned bigram penalty (weighted)
# 12.25201291000915 unbalancing key after neighboring finger (weighted)
# 0.8850961269810942 asymmetrc bigrams (weighted)
# 12.596864823640717 inconsistent symmetries of similar keys (weighted)
# 7.5932023217454745 irregularity cost for randomly sampled words (weighted).
# Finger load %: 9.1 8.7 8.8 13.2 - 11.2 14.5 8.6 10.4
 
