
# Evolved Layout
jpovö qfalkxß
unesm wtirh⇘
czüby gd,.ä
┌───┬───┬───┬───┬───┬───┬───┬───┬───┬───┬───┬───┬───┬──────┐
│ ^ │ 1 │ 2 │ 3 │ 4 │ 5 │ 6 │ 7 │ 8 │ 9 │ 0 │ - │ ` │ ←    │
├───┴─┬─┴─┬─┴─┬─┴─┬─┴─┬─┴─┬─┴─┬─┴─┬─┴─┬─┴─┬─┴─┬─┴─┬─┴─┬────┤
│   ⇥ │ j │ p │ o │ v │ ö │ q │ f │ a │ l │ k │ x │ ß │ Ret│
├─────┴┬──┴┬──┴┬──┴┬──┴┬──┴┬──┴┬──┴┬──┴┬──┴┬──┴┬──┴┬──┴┐   │
│    ⇩ │ u │ n │ e │ s │ m │ w │ t │ i │ r │ h │ ⇘ │ ´ │   │
├────┬─┴─┬─┴─┬─┴─┬─┴─┬─┴─┬─┴─┬─┴─┬─┴─┬─┴─┬─┴─┬─┴─┬─┴───┴───┤
│  ⇧ │ ⇚ │ c │ z │ ü │ b │ y │ g │ d │ , │ . │ ä │ ⇗       │
├────┼───┴┬──┴─┬─┴───┴───┴───┴───┴───┴─┬─┴──┬┴───┼────┬────┤
│Strg│ Fe │ Alt│      Leerzeichen      │ M4 │ Fe │ Me │Strg│
└────┴────┴────┴───────────────────────┴────┴────┴────┴────┘
# 10.085703259292487 x100 total penalty per letter
# 36.910960318175476 x10 billion total penalty compared to notime-noeffort
# 7.290350108348097 mean key position cost in file 1gramme.txt ( 53.36143978 )
# 9.675709012676908 % finger repeats in file 2gramme.txt ( 46.70858527462892 )
# 10.93077245254443 million keystrokes disbalance of the fingers ( 21.86154490508886 )
# 0.3463633773249933 % finger repeats top to bottom or vice versa ( 8.360184935593177 )
# 4.4409457690390814 % of trigrams have no handswitching (after direction change counted x 1 ) ( 19.643700096542094 )
# 8.150823692031985 billion (rows²/dist)² to cross ( 105.9607079964158 )
# 0.004909486828084619 hand disbalance. Left: 0.4950905131719154 %, Right: 0.5049094868280846 % ( 0.14373920694291673 )
# 0.36597309448071924 badly positioned shortcut keys (weighted).
# 11.038235023072346 no handswitching after unbalancing key (weighted).
# 42.62649953379949 movement pattern cost (weighted).
# 0.8873484849433889 asymmetric bigram cost (weighted).
# 18.541386154161817 irregularity cost (weighted).
# 16.998003086914668 manually assigned bigram penalty (weighted)
# 14.503851920207795 unbalancing key after neighboring finger (weighted)
# 0.8873484849433889 asymmetrc bigrams (weighted)
# 8.108403688962824 inconsistent symmetries of similar keys (weighted)
# 18.541386154161817 irregularity cost for randomly sampled words (weighted).
# Finger load %: 10.4 8.3 13.8 9.3 - 13.7 11.1 9.3 8.6
 
