
# Evolved Layout
ßcuzj qpohkxy
anirm wtegs⇘
ävülö bd,.f
┌───┬───┬───┬───┬───┬───┬───┬───┬───┬───┬───┬───┬───┬──────┐
│ ^ │ 1 │ 2 │ 3 │ 4 │ 5 │ 6 │ 7 │ 8 │ 9 │ 0 │ - │ ` │ ←    │
├───┴─┬─┴─┬─┴─┬─┴─┬─┴─┬─┴─┬─┴─┬─┴─┬─┴─┬─┴─┬─┴─┬─┴─┬─┴─┬────┤
│   ⇥ │ ß │ c │ u │ z │ j │ q │ p │ o │ h │ k │ x │ y │ Ret│
├─────┴┬──┴┬──┴┬──┴┬──┴┬──┴┬──┴┬──┴┬──┴┬──┴┬──┴┬──┴┬──┴┐   │
│    ⇩ │ a │ n │ i │ r │ m │ w │ t │ e │ g │ s │ ⇘ │ ´ │   │
├────┬─┴─┬─┴─┬─┴─┬─┴─┬─┴─┬─┴─┬─┴─┬─┴─┬─┴─┬─┴─┬─┴─┬─┴───┴───┤
│  ⇧ │ ⇚ │ ä │ v │ ü │ l │ ö │ b │ d │ , │ . │ f │ ⇗       │
├────┼───┴┬──┴─┬─┴───┴───┴───┴───┴───┴─┬─┴──┬┴───┼────┬────┤
│Strg│ Fe │ Alt│      Leerzeichen      │ M4 │ Fe │ Me │Strg│
└────┴────┴────┴───────────────────────┴────┴────┴────┴────┘
# 9.861790329240614 x100 total penalty per letter
# 36.09149923912219 x10 billion total penalty compared to notime-noeffort
# 7.3153504680411565 mean key position cost in file 1gramme.txt ( 53.54442896 )
# 9.853056795289424 % finger repeats in file 2gramme.txt ( 47.56471519922359 )
# 12.871189876398585 million keystrokes disbalance of the fingers ( 25.742379752797174 )
# 0.3453126169234508 % finger repeats top to bottom or vice versa ( 8.33482269508225 )
# 4.513704340426629 % of trigrams have no handswitching (after direction change counted x 1 ) ( 19.96553414499054 )
# 8.20779823333899 billion (rows²/dist)² to cross ( 106.70137703340686 )
# 0.03423673139561567 hand disbalance. Left: 0.46576326860438433 %, Right: 0.5342367313956157 % ( 1.0023778027006929 )
# 0.36597309448071924 badly positioned shortcut keys (weighted).
# 10.967423459819887 no handswitching after unbalancing key (weighted).
# 38.290266718646805 movement pattern cost (weighted).
# 0.8579019331197226 asymmetric bigram cost (weighted).
# 4.747166452427988 irregularity cost (weighted).
# 19.953395469033097 manually assigned bigram penalty (weighted)
# 12.468287423467947 unbalancing key after neighboring finger (weighted)
# 0.8579019331197226 asymmetrc bigrams (weighted)
# 10.40894225202465 inconsistent symmetries of similar keys (weighted)
# 4.747166452427988 irregularity cost for randomly sampled words (weighted).
# Finger load %: 10.6 9.5 8.3 10.8 - 12.7 14.7 6.6 11.1
 
