
# Evolved Layout
juocö qmlwvzß
aienf hdrts⇘
üxäpy bg,.k
┌───┬───┬───┬───┬───┬───┬───┬───┬───┬───┬───┬───┬───┬──────┐
│ ^ │ 1 │ 2 │ 3 │ 4 │ 5 │ 6 │ 7 │ 8 │ 9 │ 0 │ - │ ` │ ←    │
├───┴─┬─┴─┬─┴─┬─┴─┬─┴─┬─┴─┬─┴─┬─┴─┬─┴─┬─┴─┬─┴─┬─┴─┬─┴─┬────┤
│   ⇥ │ j │ u │ o │ c │ ö │ q │ m │ l │ w │ v │ z │ ß │ Ret│
├─────┴┬──┴┬──┴┬──┴┬──┴┬──┴┬──┴┬──┴┬──┴┬──┴┬──┴┬──┴┬──┴┐   │
│    ⇩ │ a │ i │ e │ n │ f │ h │ d │ r │ t │ s │ ⇘ │ ´ │   │
├────┬─┴─┬─┴─┬─┴─┬─┴─┬─┴─┬─┴─┬─┴─┬─┴─┬─┴─┬─┴─┬─┴─┬─┴───┴───┤
│  ⇧ │ ⇚ │ ü │ x │ ä │ p │ y │ b │ g │ , │ . │ k │ ⇗       │
├────┼───┴┬──┴─┬─┴───┴───┴───┴───┴───┴─┬─┴──┬┴───┼────┬────┤
│Strg│ Fe │ Alt│      Leerzeichen      │ M4 │ Fe │ Me │Strg│
└────┴────┴────┴───────────────────────┴────┴────┴────┴────┘
# 9.453465738134907 x100 total penalty per letter
# 34.597141097526894 x10 billion total penalty compared to notime-noeffort
# 7.181582945951963 mean key position cost in file 1gramme.txt ( 52.56532268 )
# 9.008866877182585 % finger repeats in file 2gramme.txt ( 43.489466891713136 )
# 12.318306117718027 million keystrokes disbalance of the fingers ( 24.636612235436054 )
# 0.35388203907685384 % finger repeats top to bottom or vice versa ( 8.541663136894885 )
# 3.1539877324659082 % of trigrams have no handswitching (after direction change counted x 1 ) ( 13.95107987056978 )
# 8.141722501031728 billion (rows²/dist)² to cross ( 105.84239251341246 )
# 0.029253929827544933 hand disbalance. Left: 0.5292539298275449 %, Right: 0.47074607017245507 % ( 0.8564920979766747 )
# 0.7319461889614385 badly positioned shortcut keys (weighted).
# 13.011418718098234 no handswitching after unbalancing key (weighted).
# 30.1384146749637 movement pattern cost (weighted).
# 0.8562354783063897 asymmetric bigram cost (weighted).
# 4.332211500005851 irregularity cost (weighted).
# 19.214251211031907 manually assigned bigram penalty (weighted)
# 13.30718322609504 unbalancing key after neighboring finger (weighted)
# 0.8562354783063897 asymmetrc bigrams (weighted)
# 14.496720551803342 inconsistent symmetries of similar keys (weighted)
# 4.332211500005851 irregularity cost for randomly sampled words (weighted).
# Finger load %: 10.8 8.4 13.8 11.7 - 12.8 9.1 7.4 10.5
 
