
# Evolved Layout
jzuäü wbmlpßq
haiey gtsrn⇘
kvxoö fd,.c
┌───┬───┬───┬───┬───┬───┬───┬───┬───┬───┬───┬───┬───┬──────┐
│ ^ │ 1 │ 2 │ 3 │ 4 │ 5 │ 6 │ 7 │ 8 │ 9 │ 0 │ - │ ` │ ←    │
├───┴─┬─┴─┬─┴─┬─┴─┬─┴─┬─┴─┬─┴─┬─┴─┬─┴─┬─┴─┬─┴─┬─┴─┬─┴─┬────┤
│   ⇥ │ j │ z │ u │ ä │ ü │ w │ b │ m │ l │ p │ ß │ q │ Ret│
├─────┴┬──┴┬──┴┬──┴┬──┴┬──┴┬──┴┬──┴┬──┴┬──┴┬──┴┬──┴┬──┴┐   │
│    ⇩ │ h │ a │ i │ e │ y │ g │ t │ s │ r │ n │ ⇘ │ ´ │   │
├────┬─┴─┬─┴─┬─┴─┬─┴─┬─┴─┬─┴─┬─┴─┬─┴─┬─┴─┬─┴─┬─┴─┬─┴───┴───┤
│  ⇧ │ ⇚ │ k │ v │ x │ o │ ö │ f │ d │ , │ . │ c │ ⇗       │
├────┼───┴┬──┴─┬─┴───┴───┴───┴───┴───┴─┬─┴──┬┴───┼────┬────┤
│Strg│ Fe │ Alt│      Leerzeichen      │ M4 │ Fe │ Me │Strg│
└────┴────┴────┴───────────────────────┴────┴────┴────┴────┘
# 9.391591127090944 x100 total penalty per letter
# 34.37069666879139 x10 billion total penalty compared to notime-noeffort
# 7.456029869823553 mean key position cost in file 1gramme.txt ( 54.57412648 )
# 9.686910677175417 % finger repeats in file 2gramme.txt ( 46.762660268074974 )
# 14.761965058181522 million keystrokes disbalance of the fingers ( 29.523930116363044 )
# 0.37445500423300815 % finger repeats top to bottom or vice versa ( 9.038233515401107 )
# 1.6508870238852795 % of trigrams have no handswitching (after direction change counted x 1 ) ( 7.302392615682034 )
# 8.006271703912617 billion (rows²/dist)² to cross ( 104.081532150864 )
# 0.03537344565801431 hand disbalance. Left: 0.4646265543419857 %, Right: 0.5353734456580144 % ( 1.035658349592725 )
# 0.36597309448071924 badly positioned shortcut keys (weighted).
# 13.478155153619078 no handswitching after unbalancing key (weighted).
# 23.209176207692035 movement pattern cost (weighted).
# 0.8792434140464631 asymmetric bigram cost (weighted).
# 8.956253579336854 irregularity cost (weighted).
# 20.99362554801394 manually assigned bigram penalty (weighted)
# 9.825931002822369 unbalancing key after neighboring finger (weighted)
# 0.8792434140464631 asymmetrc bigrams (weighted)
# 13.680075191924558 inconsistent symmetries of similar keys (weighted)
# 8.956253579336854 irregularity cost for randomly sampled words (weighted).
# Finger load %: 10.3 5.9 8.2 14.8 - 15.0 7.8 9.3 13.1
 
