
# Evolved Layout
jpoyq xwidkvß
gaenf mruth⇘
czösä ül,.b
┌───┬───┬───┬───┬───┬───┬───┬───┬───┬───┬───┬───┬───┬──────┐
│ ^ │ 1 │ 2 │ 3 │ 4 │ 5 │ 6 │ 7 │ 8 │ 9 │ 0 │ - │ ` │ ←    │
├───┴─┬─┴─┬─┴─┬─┴─┬─┴─┬─┴─┬─┴─┬─┴─┬─┴─┬─┴─┬─┴─┬─┴─┬─┴─┬────┤
│   ⇥ │ j │ p │ o │ y │ q │ x │ w │ i │ d │ k │ v │ ß │ Ret│
├─────┴┬──┴┬──┴┬──┴┬──┴┬──┴┬──┴┬──┴┬──┴┬──┴┬──┴┬──┴┬──┴┐   │
│    ⇩ │ g │ a │ e │ n │ f │ m │ r │ u │ t │ h │ ⇘ │ ´ │   │
├────┬─┴─┬─┴─┬─┴─┬─┴─┬─┴─┬─┴─┬─┴─┬─┴─┬─┴─┬─┴─┬─┴─┬─┴───┴───┤
│  ⇧ │ ⇚ │ c │ z │ ö │ s │ ä │ ü │ l │ , │ . │ b │ ⇗       │
├────┼───┴┬──┴─┬─┴───┴───┴───┴───┴───┴─┬─┴──┬┴───┼────┬────┤
│Strg│ Fe │ Alt│      Leerzeichen      │ M4 │ Fe │ Me │Strg│
└────┴────┴────┴───────────────────────┴────┴────┴────┴────┘
# 10.335486215287963 x100 total penalty per letter
# 37.82509873171753 x10 billion total penalty compared to notime-noeffort
# 7.5435255586676595 mean key position cost in file 1gramme.txt ( 55.21454784 )
# 13.466941805143703 % finger repeats in file 2gramme.txt ( 65.0104089395298 )
# 11.61071930000505 million keystrokes disbalance of the fingers ( 23.221438600010103 )
# 0.46470780763128766 % finger repeats top to bottom or vice versa ( 11.216668583198047 )
# 3.422227271393763 % of trigrams have no handswitching (after direction change counted x 1 ) ( 15.137587729654408 )
# 8.537987318301612 billion (rows²/dist)² to cross ( 110.99383513792095 )
# 0.011366666318362473 hand disbalance. Left: 0.5113666663183625 %, Right: 0.48863333368163747 % ( 0.3327915237168703 )
# 0.7319461889614385 badly positioned shortcut keys (weighted).
# 11.466718191107878 no handswitching after unbalancing key (weighted).
# 29.08087347885256 movement pattern cost (weighted).
# 0.9070142855247427 asymmetric bigram cost (weighted).
# 11.385300381870271 irregularity cost (weighted).
# 16.57549403902337 manually assigned bigram penalty (weighted)
# 11.190609240244223 unbalancing key after neighboring finger (weighted)
# 0.9070142855247427 asymmetrc bigrams (weighted)
# 15.785753157560654 inconsistent symmetries of similar keys (weighted)
# 11.385300381870271 irregularity cost for randomly sampled words (weighted).
# Finger load %: 9.9 6.3 13.6 13.4 - 12.3 9.2 9.5 10.2
 
