
# Evolved Layout
öogyj wdslxzß
iaheä btmnr⇘
uüvkq fp,.c
┌───┬───┬───┬───┬───┬───┬───┬───┬───┬───┬───┬───┬───┬──────┐
│ ^ │ 1 │ 2 │ 3 │ 4 │ 5 │ 6 │ 7 │ 8 │ 9 │ 0 │ - │ ` │ ←    │
├───┴─┬─┴─┬─┴─┬─┴─┬─┴─┬─┴─┬─┴─┬─┴─┬─┴─┬─┴─┬─┴─┬─┴─┬─┴─┬────┤
│   ⇥ │ ö │ o │ g │ y │ j │ w │ d │ s │ l │ x │ z │ ß │ Ret│
├─────┴┬──┴┬──┴┬──┴┬──┴┬──┴┬──┴┬──┴┬──┴┬──┴┬──┴┬──┴┬──┴┐   │
│    ⇩ │ i │ a │ h │ e │ ä │ b │ t │ m │ n │ r │ ⇘ │ ´ │   │
├────┬─┴─┬─┴─┬─┴─┬─┴─┬─┴─┬─┴─┬─┴─┬─┴─┬─┴─┬─┴─┬─┴─┬─┴───┴───┤
│  ⇧ │ ⇚ │ u │ ü │ v │ k │ q │ f │ p │ , │ . │ c │ ⇗       │
├────┼───┴┬──┴─┬─┴───┴───┴───┴───┴───┴─┬─┴──┬┴───┼────┬────┤
│Strg│ Fe │ Alt│      Leerzeichen      │ M4 │ Fe │ Me │Strg│
└────┴────┴────┴───────────────────────┴────┴────┴────┴────┘
# 9.496098980988586 x100 total penalty per letter
# 34.75316729567598 x10 billion total penalty compared to notime-noeffort
# 7.901864417391901 mean key position cost in file 1gramme.txt ( 57.83739546 )
# 11.50511700276401 % finger repeats in file 2gramme.txt ( 55.53988218476929 )
# 16.01692000608977 million keystrokes disbalance of the fingers ( 32.03384001217954 )
# 0.3975340004169364 % finger repeats top to bottom or vice versa ( 9.595292052350436 )
# 1.734304948560806 % of trigrams have no handswitching (after direction change counted x 1 ) ( 7.671376336768218 )
# 8.080693008272931 billion (rows²/dist)² to cross ( 105.04900910754812 )
# 0.022139965408590756 hand disbalance. Left: 0.47786003459140924 %, Right: 0.5221399654085908 % ( 0.6482105321822433 )
# 1.0979192834421578 badly positioned shortcut keys (weighted).
# 12.681217217095208 no handswitching after unbalancing key (weighted).
# 24.386519060024217 movement pattern cost (weighted).
# 0.8815300258689963 asymmetric bigram cost (weighted).
# 3.489719639593828 irregularity cost (weighted).
# 21.475131405600724 manually assigned bigram penalty (weighted)
# 9.536177611246368 unbalancing key after neighboring finger (weighted)
# 0.8815300258689963 asymmetrc bigrams (weighted)
# 5.608453028090498 inconsistent symmetries of similar keys (weighted)
# 3.489719639593828 irregularity cost for randomly sampled words (weighted).
# Finger load %: 13.9 7.7 5.9 12.8 - 14.0 7.8 10.6 11.6
 
