
# Evolved Layout
jluäö wdmbvßq
crieo gtsnh⇘
zxüay pf,.k
┌───┬───┬───┬───┬───┬───┬───┬───┬───┬───┬───┬───┬───┬──────┐
│ ^ │ 1 │ 2 │ 3 │ 4 │ 5 │ 6 │ 7 │ 8 │ 9 │ 0 │ - │ ` │ ←    │
├───┴─┬─┴─┬─┴─┬─┴─┬─┴─┬─┴─┬─┴─┬─┴─┬─┴─┬─┴─┬─┴─┬─┴─┬─┴─┬────┤
│   ⇥ │ j │ l │ u │ ä │ ö │ w │ d │ m │ b │ v │ ß │ q │ Ret│
├─────┴┬──┴┬──┴┬──┴┬──┴┬──┴┬──┴┬──┴┬──┴┬──┴┬──┴┬──┴┬──┴┐   │
│    ⇩ │ c │ r │ i │ e │ o │ g │ t │ s │ n │ h │ ⇘ │ ´ │   │
├────┬─┴─┬─┴─┬─┴─┬─┴─┬─┴─┬─┴─┬─┴─┬─┴─┬─┴─┬─┴─┬─┴─┬─┴───┴───┤
│  ⇧ │ ⇚ │ z │ x │ ü │ a │ y │ p │ f │ , │ . │ k │ ⇗       │
├────┼───┴┬──┴─┬─┴───┴───┴───┴───┴───┴─┬─┴──┬┴───┼────┬────┤
│Strg│ Fe │ Alt│      Leerzeichen      │ M4 │ Fe │ Me │Strg│
└────┴────┴────┴───────────────────────┴────┴────┴────┴────┘
# 9.212672505712797 x100 total penalty per letter
# 33.71590265353154 x10 billion total penalty compared to notime-noeffort
# 7.3906306496050265 mean key position cost in file 1gramme.txt ( 54.09543938 )
# 12.193532394502206 % finger repeats in file 2gramme.txt ( 58.86314345557043 )
# 11.465258900654591 million keystrokes disbalance of the fingers ( 22.930517801309186 )
# 0.3162497289342736 % finger repeats top to bottom or vice versa ( 7.633330752636005 )
# 3.100985048825486 % of trigrams have no handswitching (after direction change counted x 1 ) ( 13.716632328110904 )
# 7.97600419656434 billion (rows²/dist)² to cross ( 103.68805455533641 )
# 0.026440092412844063 hand disbalance. Left: 0.5264400924128441 %, Right: 0.4735599075871559 % ( 0.7741089950947783 )
# 0.36597309448071924 badly positioned shortcut keys (weighted).
# 14.395345731708751 no handswitching after unbalancing key (weighted).
# 20.63819351806991 movement pattern cost (weighted).
# 0.8623730446897553 asymmetric bigram cost (weighted).
# 6.428995634559562 irregularity cost (weighted).
# 14.782912932589335 manually assigned bigram penalty (weighted)
# 10.61000237609569 unbalancing key after neighboring finger (weighted)
# 0.8623730446897553 asymmetrc bigrams (weighted)
# 7.374002935064008 inconsistent symmetries of similar keys (weighted)
# 6.428995634559562 irregularity cost for randomly sampled words (weighted).
# Finger load %: 9.0 8.2 8.3 18.9 - 14.6 7.8 9.2 8.3
 
