
# Evolved Layout
äupzj qfyakxß
hinrm gteos⇘
vüblö cd,.w
┌───┬───┬───┬───┬───┬───┬───┬───┬───┬───┬───┬───┬───┬──────┐
│ ^ │ 1 │ 2 │ 3 │ 4 │ 5 │ 6 │ 7 │ 8 │ 9 │ 0 │ - │ ` │ ←    │
├───┴─┬─┴─┬─┴─┬─┴─┬─┴─┬─┴─┬─┴─┬─┴─┬─┴─┬─┴─┬─┴─┬─┴─┬─┴─┬────┤
│   ⇥ │ ä │ u │ p │ z │ j │ q │ f │ y │ a │ k │ x │ ß │ Ret│
├─────┴┬──┴┬──┴┬──┴┬──┴┬──┴┬──┴┬──┴┬──┴┬──┴┬──┴┬──┴┬──┴┐   │
│    ⇩ │ h │ i │ n │ r │ m │ g │ t │ e │ o │ s │ ⇘ │ ´ │   │
├────┬─┴─┬─┴─┬─┴─┬─┴─┬─┴─┬─┴─┬─┴─┬─┴─┬─┴─┬─┴─┬─┴─┬─┴───┴───┤
│  ⇧ │ ⇚ │ v │ ü │ b │ l │ ö │ c │ d │ , │ . │ w │ ⇗       │
├────┼───┴┬──┴─┬─┴───┴───┴───┴───┴───┴─┬─┴──┬┴───┼────┬────┤
│Strg│ Fe │ Alt│      Leerzeichen      │ M4 │ Fe │ Me │Strg│
└────┴────┴────┴───────────────────────┴────┴────┴────┴────┘
# 9.630237913311442 x100 total penalty per letter
# 35.24407969720133 x10 billion total penalty compared to notime-noeffort
# 7.497954730507016 mean key position cost in file 1gramme.txt ( 54.8809939 )
# 9.30307516839386 % finger repeats in file 2gramme.txt ( 44.909730051812325 )
# 11.87914627738178 million keystrokes disbalance of the fingers ( 23.758292554763557 )
# 0.34693402220895425 % finger repeats top to bottom or vice versa ( 8.373958611087705 )
# 4.014824098338301 % of trigrams have no handswitching (after direction change counted x 1 ) ( 17.758829904647182 )
# 8.099198078734343 billion (rows²/dist)² to cross ( 105.28957502354646 )
# 0.0496554111365759 hand disbalance. Left: 0.4503445888634241 %, Right: 0.5496554111365759 % ( 1.453803557709204 )
# 0.7319461889614385 badly positioned shortcut keys (weighted).
# 10.792454956809582 no handswitching after unbalancing key (weighted).
# 33.54618239679323 movement pattern cost (weighted).
# 0.879059754129825 asymmetric bigram cost (weighted).
# 3.0149193824330394 irregularity cost (weighted).
# 19.220305417393735 manually assigned bigram penalty (weighted)
# 15.248972143670745 unbalancing key after neighboring finger (weighted)
# 0.879059754129825 asymmetrc bigrams (weighted)
# 12.581773128255305 inconsistent symmetries of similar keys (weighted)
# 3.0149193824330394 irregularity cost for randomly sampled words (weighted).
# Finger load %: 9.8 8.5 8.8 10.8 - 14.7 12.4 8.6 10.7
 
