
# Evolved Layout
ßdlbö vmuyzjq
htrnp ksiea⇘
güxcä wf,.o
┌───┬───┬───┬───┬───┬───┬───┬───┬───┬───┬───┬───┬───┬──────┐
│ ^ │ 1 │ 2 │ 3 │ 4 │ 5 │ 6 │ 7 │ 8 │ 9 │ 0 │ - │ ` │ ←    │
├───┴─┬─┴─┬─┴─┬─┴─┬─┴─┬─┴─┬─┴─┬─┴─┬─┴─┬─┴─┬─┴─┬─┴─┬─┴─┬────┤
│   ⇥ │ ß │ d │ l │ b │ ö │ v │ m │ u │ y │ z │ j │ q │ Ret│
├─────┴┬──┴┬──┴┬──┴┬──┴┬──┴┬──┴┬──┴┬──┴┬──┴┬──┴┬──┴┬──┴┐   │
│    ⇩ │ h │ t │ r │ n │ p │ k │ s │ i │ e │ a │ ⇘ │ ´ │   │
├────┬─┴─┬─┴─┬─┴─┬─┴─┬─┴─┬─┴─┬─┴─┬─┴─┬─┴─┬─┴─┬─┴─┬─┴───┴───┤
│  ⇧ │ ⇚ │ g │ ü │ x │ c │ ä │ w │ f │ , │ . │ o │ ⇗       │
├────┼───┴┬──┴─┬─┴───┴───┴───┴───┴───┴─┬─┴──┬┴───┼────┬────┤
│Strg│ Fe │ Alt│      Leerzeichen      │ M4 │ Fe │ Me │Strg│
└────┴────┴────┴───────────────────────┴────┴────┴────┴────┘
# 9.650279971867322 x100 total penalty per letter
# 35.317428239095925 x10 billion total penalty compared to notime-noeffort
# 7.539031067064844 mean key position cost in file 1gramme.txt ( 55.18165058 )
# 8.002594385891339 % finger repeats in file 2gramme.txt ( 38.6317800382319 )
# 13.456992159327001 million keystrokes disbalance of the fingers ( 26.913984318654 )
# 0.3791360073512201 % finger repeats top to bottom or vice versa ( 9.151219051154271 )
# 3.611089641613334 % of trigrams have no handswitching (after direction change counted x 1 ) ( 15.972985402370892 )
# 8.434833460437206 billion (rows²/dist)² to cross ( 109.65283498568367 )
# 0.03486433012230694 hand disbalance. Left: 0.46513566987769306 %, Right: 0.5348643301223069 % ( 1.0207525425486421 )
# 1.0979192834421578 badly positioned shortcut keys (weighted).
# 12.284000922793831 no handswitching after unbalancing key (weighted).
# 31.335244061859623 movement pattern cost (weighted).
# 0.8856772990399341 asymmetric bigram cost (weighted).
# 4.240339260812115 irregularity cost (weighted).
# 18.492641784689898 manually assigned bigram penalty (weighted)
# 12.347730800077347 unbalancing key after neighboring finger (weighted)
# 0.8856772990399341 asymmetrc bigrams (weighted)
# 15.965522059600973 inconsistent symmetries of similar keys (weighted)
# 4.240339260812115 irregularity cost for randomly sampled words (weighted).
# Finger load %: 11.0 8.6 8.0 11.6 - 11.7 9.2 12.6 11.6
 
