
# Evolved Layout
öoukü vdrfzjß
haenä ctlsi⇘
gxymq wb,.p
┌───┬───┬───┬───┬───┬───┬───┬───┬───┬───┬───┬───┬───┬──────┐
│ ^ │ 1 │ 2 │ 3 │ 4 │ 5 │ 6 │ 7 │ 8 │ 9 │ 0 │ - │ ` │ ←    │
├───┴─┬─┴─┬─┴─┬─┴─┬─┴─┬─┴─┬─┴─┬─┴─┬─┴─┬─┴─┬─┴─┬─┴─┬─┴─┬────┤
│   ⇥ │ ö │ o │ u │ k │ ü │ v │ d │ r │ f │ z │ j │ ß │ Ret│
├─────┴┬──┴┬──┴┬──┴┬──┴┬──┴┬──┴┬──┴┬──┴┬──┴┬──┴┬──┴┬──┴┐   │
│    ⇩ │ h │ a │ e │ n │ ä │ c │ t │ l │ s │ i │ ⇘ │ ´ │   │
├────┬─┴─┬─┴─┬─┴─┬─┴─┬─┴─┬─┴─┬─┴─┬─┴─┬─┴─┬─┴─┬─┴─┬─┴───┴───┤
│  ⇧ │ ⇚ │ g │ x │ y │ m │ q │ w │ b │ , │ . │ p │ ⇗       │
├────┼───┴┬──┴─┬─┴───┴───┴───┴───┴───┴─┬─┴──┬┴───┼────┬────┤
│Strg│ Fe │ Alt│      Leerzeichen      │ M4 │ Fe │ Me │Strg│
└────┴────┴────┴───────────────────────┴────┴────┴────┴────┘
# 9.573854519206312 x100 total penalty per letter
# 35.03773164502153 x10 billion total penalty compared to notime-noeffort
# 7.4744319165902855 mean key position cost in file 1gramme.txt ( 54.70881956 )
# 11.01949197207155 % finger repeats in file 2gramme.txt ( 53.19557251941305 )
# 13.022710204298056 million keystrokes disbalance of the fingers ( 26.045420408596115 )
# 0.44343430910572434 % finger repeats top to bottom or vice versa ( 10.703189406287548 )
# 4.740500110528739 % of trigrams have no handswitching (after direction change counted x 1 ) ( 20.968723177855978 )
# 7.669529268272848 billion (rows²/dist)² to cross ( 99.70388048754702 )
# 0.0037835299327263483 hand disbalance. Left: 0.5037835299327263 %, Right: 0.49621647006727365 % ( 0.11077361260322315 )
# 1.0979192834421578 badly positioned shortcut keys (weighted).
# 11.373100842989341 no handswitching after unbalancing key (weighted).
# 29.56977044466739 movement pattern cost (weighted).
# 0.8885699594906351 asymmetric bigram cost (weighted).
# 2.4381433334362685 irregularity cost (weighted).
# 18.861877594733283 manually assigned bigram penalty (weighted)
# 10.770449312622317 unbalancing key after neighboring finger (weighted)
# 0.8885699594906351 asymmetrc bigrams (weighted)
# 9.941106506530891 inconsistent symmetries of similar keys (weighted)
# 2.4381433334362685 irregularity cost for randomly sampled words (weighted).
# Finger load %: 11.2 7.5 13.7 10.1 - 14.5 9.1 7.5 10.9
 
