
# Evolved Layout
jukäö qwlfvzß
ciseo mtrnh⇘
pxyaü gd,.b
┌───┬───┬───┬───┬───┬───┬───┬───┬───┬───┬───┬───┬───┬──────┐
│ ^ │ 1 │ 2 │ 3 │ 4 │ 5 │ 6 │ 7 │ 8 │ 9 │ 0 │ - │ ` │ ←    │
├───┴─┬─┴─┬─┴─┬─┴─┬─┴─┬─┴─┬─┴─┬─┴─┬─┴─┬─┴─┬─┴─┬─┴─┬─┴─┬────┤
│   ⇥ │ j │ u │ k │ ä │ ö │ q │ w │ l │ f │ v │ z │ ß │ Ret│
├─────┴┬──┴┬──┴┬──┴┬──┴┬──┴┬──┴┬──┴┬──┴┬──┴┬──┴┬──┴┬──┴┐   │
│    ⇩ │ c │ i │ s │ e │ o │ m │ t │ r │ n │ h │ ⇘ │ ´ │   │
├────┬─┴─┬─┴─┬─┴─┬─┴─┬─┴─┬─┴─┬─┴─┬─┴─┬─┴─┬─┴─┬─┴─┬─┴───┴───┤
│  ⇧ │ ⇚ │ p │ x │ y │ a │ ü │ g │ d │ , │ . │ b │ ⇗       │
├────┼───┴┬──┴─┬─┴───┴───┴───┴───┴───┴─┬─┴──┬┴───┼────┬────┤
│Strg│ Fe │ Alt│      Leerzeichen      │ M4 │ Fe │ Me │Strg│
└────┴────┴────┴───────────────────────┴────┴────┴────┴────┘
# 9.534287589118417 x100 total penalty per letter
# 34.89292732658784 x10 billion total penalty compared to notime-noeffort
# 7.324302617937992 mean key position cost in file 1gramme.txt ( 53.60995388 )
# 12.220786827794885 % finger repeats in file 2gramme.txt ( 58.99471169722537 )
# 12.131608463036358 million keystrokes disbalance of the fingers ( 24.263216926072715 )
# 0.3404228921464455 % finger repeats top to bottom or vice versa ( 8.21679923736097 )
# 2.314969791056538 % of trigrams have no handswitching (after direction change counted x 1 ) ( 10.239839591175421 )
# 8.219982769835406 billion (rows²/dist)² to cross ( 106.85977600786028 )
# 0.0005371008264374311 hand disbalance. Left: 0.5005371008264374 %, Right: 0.49946289917356257 % ( 0.01572515611995667 )
# 0.7319461889614385 badly positioned shortcut keys (weighted).
# 12.512040678655165 no handswitching after unbalancing key (weighted).
# 24.30995526854685 movement pattern cost (weighted).
# 0.8647751102572147 asymmetric bigram cost (weighted).
# 5.104243740648031 irregularity cost (weighted).
# 16.132179500800394 manually assigned bigram penalty (weighted)
# 11.138959608059478 unbalancing key after neighboring finger (weighted)
# 0.8647751102572147 asymmetrc bigrams (weighted)
# 15.93515067413518 inconsistent symmetries of similar keys (weighted)
# 5.104243740648031 irregularity cost for randomly sampled words (weighted).
# Finger load %: 9.0 8.4 6.1 18.8 - 14.1 9.1 9.2 9.7
 
