
# Evolved Layout
ßpokö qzufdvj
hnaey mrist⇘
bwüxä cl,.g
┌───┬───┬───┬───┬───┬───┬───┬───┬───┬───┬───┬───┬───┬──────┐
│ ^ │ 1 │ 2 │ 3 │ 4 │ 5 │ 6 │ 7 │ 8 │ 9 │ 0 │ - │ ` │ ←    │
├───┴─┬─┴─┬─┴─┬─┴─┬─┴─┬─┴─┬─┴─┬─┴─┬─┴─┬─┴─┬─┴─┬─┴─┬─┴─┬────┤
│   ⇥ │ ß │ p │ o │ k │ ö │ q │ z │ u │ f │ d │ v │ j │ Ret│
├─────┴┬──┴┬──┴┬──┴┬──┴┬──┴┬──┴┬──┴┬──┴┬──┴┬──┴┬──┴┬──┴┐   │
│    ⇩ │ h │ n │ a │ e │ y │ m │ r │ i │ s │ t │ ⇘ │ ´ │   │
├────┬─┴─┬─┴─┬─┴─┬─┴─┬─┴─┬─┴─┬─┴─┬─┴─┬─┴─┬─┴─┬─┴─┬─┴───┴───┤
│  ⇧ │ ⇚ │ b │ w │ ü │ x │ ä │ c │ l │ , │ . │ g │ ⇗       │
├────┼───┴┬──┴─┬─┴───┴───┴───┴───┴───┴─┬─┴──┬┴───┼────┬────┤
│Strg│ Fe │ Alt│      Leerzeichen      │ M4 │ Fe │ Me │Strg│
└────┴────┴────┴───────────────────────┴────┴────┴────┴────┘
# 10.14149150565189 x100 total penalty per letter
# 37.115130289733514 x10 billion total penalty compared to notime-noeffort
# 7.546094829508005 mean key position cost in file 1gramme.txt ( 55.23335352 )
# 10.25391436026979 % finger repeats in file 2gramme.txt ( 49.49981780848297 )
# 15.582877305400626 million keystrokes disbalance of the fingers ( 31.16575461080125 )
# 0.3485048606643531 % finger repeats top to bottom or vice versa ( 8.41187399374883 )
# 4.105021352996098 % of trigrams have no handswitching (after direction change counted x 1 ) ( 18.157800734775687 )
# 8.255627414001124 billion (rows²/dist)² to cross ( 107.32315638201462 )
# 0.030253742908286696 hand disbalance. Left: 0.4697462570917133 %, Right: 0.5302537429082868 % ( 0.8857644729415838 )
# 1.463892377922877 badly positioned shortcut keys (weighted).
# 12.33756296342414 no handswitching after unbalancing key (weighted).
# 32.44024644192839 movement pattern cost (weighted).
# 0.874665130208079 asymmetric bigram cost (weighted).
# 2.8008714772145824 irregularity cost (weighted).
# 19.548314863474804 manually assigned bigram penalty (weighted)
# 12.921936399774859 unbalancing key after neighboring finger (weighted)
# 0.874665130208079 asymmetrc bigrams (weighted)
# 18.08629172062248 inconsistent symmetries of similar keys (weighted)
# 2.8008714772145824 irregularity cost for randomly sampled words (weighted).
# Finger load %: 10.5 8.8 7.5 12.9 - 13.6 9.2 7.5 14.5
 
