
# Evolved Layout
ökhbj qwoayßx
rsunl fteic⇘
zäpmv gd,.ü
┌───┬───┬───┬───┬───┬───┬───┬───┬───┬───┬───┬───┬───┬──────┐
│ ^ │ 1 │ 2 │ 3 │ 4 │ 5 │ 6 │ 7 │ 8 │ 9 │ 0 │ - │ ` │ ←    │
├───┴─┬─┴─┬─┴─┬─┴─┬─┴─┬─┴─┬─┴─┬─┴─┬─┴─┬─┴─┬─┴─┬─┴─┬─┴─┬────┤
│   ⇥ │ ö │ k │ h │ b │ j │ q │ w │ o │ a │ y │ ß │ x │ Ret│
├─────┴┬──┴┬──┴┬──┴┬──┴┬──┴┬──┴┬──┴┬──┴┬──┴┬──┴┬──┴┬──┴┐   │
│    ⇩ │ r │ s │ u │ n │ l │ f │ t │ e │ i │ c │ ⇘ │ ´ │   │
├────┬─┴─┬─┴─┬─┴─┬─┴─┬─┴─┬─┴─┬─┴─┬─┴─┬─┴─┬─┴─┬─┴─┬─┴───┴───┤
│  ⇧ │ ⇚ │ z │ ä │ p │ m │ v │ g │ d │ , │ . │ ü │ ⇗       │
├────┼───┴┬──┴─┬─┴───┴───┴───┴───┴───┴─┬─┴──┬┴───┼────┬────┤
│Strg│ Fe │ Alt│      Leerzeichen      │ M4 │ Fe │ Me │Strg│
└────┴────┴────┴───────────────────────┴────┴────┴────┴────┘
# 10.08321085921167 x100 total penalty per letter
# 36.90183880447287 x10 billion total penalty compared to notime-noeffort
# 7.330835857774632 mean key position cost in file 1gramme.txt ( 53.65777368 )
# 12.918089457320434 % finger repeats in file 2gramme.txt ( 62.36087528180037 )
# 11.968399492651415 million keystrokes disbalance of the fingers ( 23.93679898530283 )
# 0.3870098834151548 % finger repeats top to bottom or vice versa ( 9.341271072712743 )
# 3.7309276785090595 % of trigrams have no handswitching (after direction change counted x 1 ) ( 16.503066736250215 )
# 8.118036835895156 billion (rows²/dist)² to cross ( 105.53447886663703 )
# 0.05556087337541382 hand disbalance. Left: 0.4444391266245862 %, Right: 0.5555608733754138 % ( 1.6267027809001282 )
# 1.0979192834421578 badly positioned shortcut keys (weighted).
# 12.434978485486265 no handswitching after unbalancing key (weighted).
# 31.41371714086895 movement pattern cost (weighted).
# 0.8987743703769241 asymmetric bigram cost (weighted).
# 4.186334492809047 irregularity cost (weighted).
# 16.2890927768362 manually assigned bigram penalty (weighted)
# 13.771082031704909 unbalancing key after neighboring finger (weighted)
# 0.8987743703769241 asymmetrc bigrams (weighted)
# 15.965522059600971 inconsistent symmetries of similar keys (weighted)
# 4.186334492809047 irregularity cost for randomly sampled words (weighted).
# Finger load %: 11.1 6.1 6.7 13.5 - 13.7 14.7 11.3 7.2
 
