
# Evolved Layout
jplüä vfadbzß
hnrey gsito⇘
mqxuö kw,.c
┌───┬───┬───┬───┬───┬───┬───┬───┬───┬───┬───┬───┬───┬──────┐
│ ^ │ 1 │ 2 │ 3 │ 4 │ 5 │ 6 │ 7 │ 8 │ 9 │ 0 │ - │ ` │ ←    │
├───┴─┬─┴─┬─┴─┬─┴─┬─┴─┬─┴─┬─┴─┬─┴─┬─┴─┬─┴─┬─┴─┬─┴─┬─┴─┬────┤
│   ⇥ │ j │ p │ l │ ü │ ä │ v │ f │ a │ d │ b │ z │ ß │ Ret│
├─────┴┬──┴┬──┴┬──┴┬──┴┬──┴┬──┴┬──┴┬──┴┬──┴┬──┴┬──┴┬──┴┐   │
│    ⇩ │ h │ n │ r │ e │ y │ g │ s │ i │ t │ o │ ⇘ │ ´ │   │
├────┬─┴─┬─┴─┬─┴─┬─┴─┬─┴─┬─┴─┬─┴─┬─┴─┬─┴─┬─┴─┬─┴─┬─┴───┴───┤
│  ⇧ │ ⇚ │ m │ q │ x │ u │ ö │ k │ w │ , │ . │ c │ ⇗       │
├────┼───┴┬──┴─┬─┴───┴───┴───┴───┴───┴─┬─┴──┬┴───┼────┬────┤
│Strg│ Fe │ Alt│      Leerzeichen      │ M4 │ Fe │ Me │Strg│
└────┴────┴────┴───────────────────────┴────┴────┴────┴────┘
# 9.910711554233206 x100 total penalty per letter
# 36.270537760085446 x10 billion total penalty compared to notime-noeffort
# 7.411523819390771 mean key position cost in file 1gramme.txt ( 54.24836614 )
# 10.769808637379576 % finger repeats in file 2gramme.txt ( 51.99024944543117 )
# 12.606418194559406 million keystrokes disbalance of the fingers ( 25.212836389118813 )
# 0.3458888159434963 % finger repeats top to bottom or vice versa ( 8.348730430953434 )
# 5.046705490776039 % of trigrams have no handswitching (after direction change counted x 1 ) ( 22.32316589576989 )
# 7.638718997378986 billion (rows²/dist)² to cross ( 99.30334696592682 )
# 0.007215763078404547 hand disbalance. Left: 0.49278423692159545 %, Right: 0.5072157630784045 % ( 0.21126201142747464 )
# 1.0979192834421578 badly positioned shortcut keys (weighted).
# 11.531694649298702 no handswitching after unbalancing key (weighted).
# 29.58327792796372 movement pattern cost (weighted).
# 0.8816017721916087 asymmetric bigram cost (weighted).
# 9.483881526776143 irregularity cost (weighted).
# 19.4360519143099 manually assigned bigram penalty (weighted)
# 11.737883806649778 unbalancing key after neighboring finger (weighted)
# 0.8816017721916087 asymmetrc bigrams (weighted)
# 17.315109441594903 inconsistent symmetries of similar keys (weighted)
# 9.483881526776143 irregularity cost for randomly sampled words (weighted).
# Finger load %: 11.3 7.7 8.0 14.6 - 11.8 11.1 9.5 10.3
 
