
# Evolved Layout
jfkäö xbluzqß
mnteo ghris⇘
cypaü wd,.v
┌───┬───┬───┬───┬───┬───┬───┬───┬───┬───┬───┬───┬───┬──────┐
│ ^ │ 1 │ 2 │ 3 │ 4 │ 5 │ 6 │ 7 │ 8 │ 9 │ 0 │ - │ ` │ ←    │
├───┴─┬─┴─┬─┴─┬─┴─┬─┴─┬─┴─┬─┴─┬─┴─┬─┴─┬─┴─┬─┴─┬─┴─┬─┴─┬────┤
│   ⇥ │ j │ f │ k │ ä │ ö │ x │ b │ l │ u │ z │ q │ ß │ Ret│
├─────┴┬──┴┬──┴┬──┴┬──┴┬──┴┬──┴┬──┴┬──┴┬──┴┬──┴┬──┴┬──┴┐   │
│    ⇩ │ m │ n │ t │ e │ o │ g │ h │ r │ i │ s │ ⇘ │ ´ │   │
├────┬─┴─┬─┴─┬─┴─┬─┴─┬─┴─┬─┴─┬─┴─┬─┴─┬─┴─┬─┴─┬─┴─┬─┴───┴───┤
│  ⇧ │ ⇚ │ c │ y │ p │ a │ ü │ w │ d │ , │ . │ v │ ⇗       │
├────┼───┴┬──┴─┬─┴───┴───┴───┴───┴───┴─┬─┴──┬┴───┼────┬────┤
│Strg│ Fe │ Alt│      Leerzeichen      │ M4 │ Fe │ Me │Strg│
└────┴────┴────┴───────────────────────┴────┴────┴────┴────┘
# 9.709877047971398 x100 total penalty per letter
# 35.53553750273404 x10 billion total penalty compared to notime-noeffort
# 7.472973303899761 mean key position cost in file 1gramme.txt ( 54.6981433 )
# 10.34955888726683 % finger repeats in file 2gramme.txt ( 49.961532866205324 )
# 12.4468590206167 million keystrokes disbalance of the fingers ( 24.8937180412334 )
# 0.30934351802702065 % finger repeats top to bottom or vice versa ( 7.46663529876107 )
# 4.48339579199625 % of trigrams have no handswitching (after direction change counted x 1 ) ( 19.831469901315547 )
# 7.986219068753314 billion (rows²/dist)² to cross ( 103.82084789379307 )
# 0.02103737790149074 hand disbalance. Left: 0.5210373779014907 %, Right: 0.47896262209850926 % ( 0.6159291432295092 )
# 1.0979192834421578 badly positioned shortcut keys (weighted).
# 12.259378579898055 no handswitching after unbalancing key (weighted).
# 29.454896387335904 movement pattern cost (weighted).
# 0.8913617577550477 asymmetric bigram cost (weighted).
# 2.905216757157935 irregularity cost (weighted).
# 18.893716042192196 manually assigned bigram penalty (weighted)
# 14.0678892232178 unbalancing key after neighboring finger (weighted)
# 0.8913617577550477 asymmetrc bigrams (weighted)
# 14.496720551803342 inconsistent symmetries of similar keys (weighted)
# 2.905216757157935 irregularity cost for randomly sampled words (weighted).
# Finger load %: 9.9 8.4 6.9 18.8 - 12.1 9.1 9.4 9.8
 
