
# Evolved Layout
öolzj qpyfkvß
iarnm wtesh⇘
uüäcx bd,.g
┌───┬───┬───┬───┬───┬───┬───┬───┬───┬───┬───┬───┬───┬──────┐
│ ^ │ 1 │ 2 │ 3 │ 4 │ 5 │ 6 │ 7 │ 8 │ 9 │ 0 │ - │ ` │ ←    │
├───┴─┬─┴─┬─┴─┬─┴─┬─┴─┬─┴─┬─┴─┬─┴─┬─┴─┬─┴─┬─┴─┬─┴─┬─┴─┬────┤
│   ⇥ │ ö │ o │ l │ z │ j │ q │ p │ y │ f │ k │ v │ ß │ Ret│
├─────┴┬──┴┬──┴┬──┴┬──┴┬──┴┬──┴┬──┴┬──┴┬──┴┬──┴┬──┴┬──┴┐   │
│    ⇩ │ i │ a │ r │ n │ m │ w │ t │ e │ s │ h │ ⇘ │ ´ │   │
├────┬─┴─┬─┴─┬─┴─┬─┴─┬─┴─┬─┴─┬─┴─┬─┴─┬─┴─┬─┴─┬─┴─┬─┴───┴───┤
│  ⇧ │ ⇚ │ u │ ü │ ä │ c │ x │ b │ d │ , │ . │ g │ ⇗       │
├────┼───┴┬──┴─┬─┴───┴───┴───┴───┴───┴─┬─┴──┬┴───┼────┬────┤
│Strg│ Fe │ Alt│      Leerzeichen      │ M4 │ Fe │ Me │Strg│
└────┴────┴────┴───────────────────────┴────┴────┴────┴────┘
# 9.670415205415384 x100 total penalty per letter
# 35.39111777639269 x10 billion total penalty compared to notime-noeffort
# 7.528807083235352 mean key position cost in file 1gramme.txt ( 55.10681652 )
# 8.052340986563026 % finger repeats in file 2gramme.txt ( 38.87192712580472 )
# 14.874709767098503 million keystrokes disbalance of the fingers ( 29.749419534197006 )
# 0.36863427530193554 % finger repeats top to bottom or vice versa ( 8.897738377896818 )
# 4.779194336861637 % of trigrams have no handswitching (after direction change counted x 1 ) ( 21.139879912723206 )
# 8.142447217529902 billion (rows²/dist)² to cross ( 105.85181382788872 )
# 0.00872471508332695 hand disbalance. Left: 0.49127528491667305 %, Right: 0.508724715083327 % ( 0.2554408782006216 )
# 1.0979192834421578 badly positioned shortcut keys (weighted).
# 12.189852988664136 no handswitching after unbalancing key (weighted).
# 32.87942914914286 movement pattern cost (weighted).
# 0.8622670478719847 asymmetric bigram cost (weighted).
# 10.125402528483743 irregularity cost (weighted).
# 19.405314255730914 manually assigned bigram penalty (weighted)
# 11.520693691404503 unbalancing key after neighboring finger (weighted)
# 0.8622670478719847 asymmetrc bigrams (weighted)
# 5.957262642475523 inconsistent symmetries of similar keys (weighted)
# 10.125402528483743 irregularity cost for randomly sampled words (weighted).
# Finger load %: 14.0 7.7 8.1 11.6 - 12.7 12.4 7.5 10.4
 
