
# Evolved Layout
jbumü öxofkzß
rnctg äaesd⇘
lpvwq yi,.h
┌───┬───┬───┬───┬───┬───┬───┬───┬───┬───┬───┬───┬───┬──────┐
│ ^ │ 1 │ 2 │ 3 │ 4 │ 5 │ 6 │ 7 │ 8 │ 9 │ 0 │ - │ ` │ ←    │
├───┴─┬─┴─┬─┴─┬─┴─┬─┴─┬─┴─┬─┴─┬─┴─┬─┴─┬─┴─┬─┴─┬─┴─┬─┴─┬────┤
│   ⇥ │ j │ b │ u │ m │ ü │ ö │ x │ o │ f │ k │ z │ ß │ Ret│
├─────┴┬──┴┬──┴┬──┴┬──┴┬──┴┬──┴┬──┴┬──┴┬──┴┬──┴┬──┴┬──┴┐   │
│    ⇩ │ r │ n │ c │ t │ g │ ä │ a │ e │ s │ d │ ⇘ │ ´ │   │
├────┬─┴─┬─┴─┬─┴─┬─┴─┬─┴─┬─┴─┬─┴─┬─┴─┬─┴─┬─┴─┬─┴─┬─┴───┴───┤
│  ⇧ │ ⇚ │ l │ p │ v │ w │ q │ y │ i │ , │ . │ h │ ⇗       │
├────┼───┴┬──┴─┬─┴───┴───┴───┴───┴───┴─┬─┴──┬┴───┼────┬────┤
│Strg│ Fe │ Alt│      Leerzeichen      │ M4 │ Fe │ Me │Strg│
└────┴────┴────┴───────────────────────┴────┴────┴────┴────┘
# 9.983810143635813 x100 total penalty per letter
# 36.538058929743926 x10 billion total penalty compared to notime-noeffort
# 7.907947569496727 mean key position cost in file 1gramme.txt ( 57.88192086 )
# 10.69063800783085 % finger repeats in file 2gramme.txt ( 51.60806059532441 )
# 15.80700261127199 million keystrokes disbalance of the fingers ( 31.61400522254398 )
# 0.3377715333575342 % finger repeats top to bottom or vice versa ( 8.152803297671563 )
# 3.1746644285532715 % of trigrams have no handswitching (after direction change counted x 1 ) ( 14.042539401501044 )
# 8.386182981876992 billion (rows²/dist)² to cross ( 109.02037876440087 )
# 0.046133878905223025 hand disbalance. Left: 0.453866121094777 %, Right: 0.546133878905223 % ( 1.3507006738674598 )
# 0.7319461889614385 badly positioned shortcut keys (weighted).
# 10.633131525594347 no handswitching after unbalancing key (weighted).
# 30.872850492445224 movement pattern cost (weighted).
# 0.9052071981145513 asymmetric bigram cost (weighted).
# 2.5166048885824255 irregularity cost (weighted).
# 21.432006842344602 manually assigned bigram penalty (weighted)
# 9.855147785879057 unbalancing key after neighboring finger (weighted)
# 0.9052071981145513 asymmetrc bigrams (weighted)
# 14.763285560208397 inconsistent symmetries of similar keys (weighted)
# 2.5166048885824255 irregularity cost for randomly sampled words (weighted).
# Finger load %: 13.4 9.0 5.4 10.4 - 11.8 14.7 7.5 12.1
 
