
# Evolved Layout
jclfq üvowköß
rtnsm pieah⇘
zbxgy äu,.d
┌───┬───┬───┬───┬───┬───┬───┬───┬───┬───┬───┬───┬───┬──────┐
│ ^ │ 1 │ 2 │ 3 │ 4 │ 5 │ 6 │ 7 │ 8 │ 9 │ 0 │ - │ ` │ ←    │
├───┴─┬─┴─┬─┴─┬─┴─┬─┴─┬─┴─┬─┴─┬─┴─┬─┴─┬─┴─┬─┴─┬─┴─┬─┴─┬────┤
│   ⇥ │ j │ c │ l │ f │ q │ ü │ v │ o │ w │ k │ ö │ ß │ Ret│
├─────┴┬──┴┬──┴┬──┴┬──┴┬──┴┬──┴┬──┴┬──┴┬──┴┬──┴┬──┴┬──┴┐   │
│    ⇩ │ r │ t │ n │ s │ m │ p │ i │ e │ a │ h │ ⇘ │ ´ │   │
├────┬─┴─┬─┴─┬─┴─┬─┴─┬─┴─┬─┴─┬─┴─┬─┴─┬─┴─┬─┴─┬─┴─┬─┴───┴───┤
│  ⇧ │ ⇚ │ z │ b │ x │ g │ y │ ä │ u │ , │ . │ d │ ⇗       │
├────┼───┴┬──┴─┬─┴───┴───┴───┴───┴───┴─┬─┴──┬┴───┼────┬────┤
│Strg│ Fe │ Alt│      Leerzeichen      │ M4 │ Fe │ Me │Strg│
└────┴────┴────┴───────────────────────┴────┴────┴────┴────┘
# 10.025484824855202 x100 total penalty per letter
# 36.6905770502175 x10 billion total penalty compared to notime-noeffort
# 7.506085180654511 mean key position cost in file 1gramme.txt ( 54.94050442 )
# 12.335352427605052 % finger repeats in file 2gramme.txt ( 59.54776647401342 )
# 13.478080110505433 million keystrokes disbalance of the fingers ( 26.956160221010865 )
# 0.33093898771696134 % finger repeats top to bottom or vice versa ( 7.987885904911321 )
# 2.58097106868507 % of trigrams have no handswitching (after direction change counted x 1 ) ( 11.416446916457515 )
# 8.663203730211428 billion (rows²/dist)² to cross ( 112.62164849274856 )
# 0.027898997428131345 hand disbalance. Left: 0.47210100257186866 %, Right: 0.5278989974281314 % ( 0.8168225937346285 )
# 0.36597309448071924 badly positioned shortcut keys (weighted).
# 12.70463441495625 no handswitching after unbalancing key (weighted).
# 30.59109849342454 movement pattern cost (weighted).
# 0.8643240448328721 asymmetric bigram cost (weighted).
# 4.891249384101509 irregularity cost (weighted).
# 17.05075524995203 manually assigned bigram penalty (weighted)
# 10.668094173523977 unbalancing key after neighboring finger (weighted)
# 0.8643240448328721 asymmetrc bigrams (weighted)
# 15.482406624026835 inconsistent symmetries of similar keys (weighted)
# 4.891249384101509 irregularity cost for randomly sampled words (weighted).
# Finger load %: 11.2 8.6 9.4 10.6 - 11.2 14.7 7.0 11.7
 
