
# Evolved Layout
ükxäö wgmfzjß
hleio btsnr⇘
uvyaq pd,.c
┌───┬───┬───┬───┬───┬───┬───┬───┬───┬───┬───┬───┬───┬──────┐
│ ^ │ 1 │ 2 │ 3 │ 4 │ 5 │ 6 │ 7 │ 8 │ 9 │ 0 │ - │ ` │ ←    │
├───┴─┬─┴─┬─┴─┬─┴─┬─┴─┬─┴─┬─┴─┬─┴─┬─┴─┬─┴─┬─┴─┬─┴─┬─┴─┬────┤
│   ⇥ │ ü │ k │ x │ ä │ ö │ w │ g │ m │ f │ z │ j │ ß │ Ret│
├─────┴┬──┴┬──┴┬──┴┬──┴┬──┴┬──┴┬──┴┬──┴┬──┴┬──┴┬──┴┬──┴┐   │
│    ⇩ │ h │ l │ e │ i │ o │ b │ t │ s │ n │ r │ ⇘ │ ´ │   │
├────┬─┴─┬─┴─┬─┴─┬─┴─┬─┴─┬─┴─┬─┴─┬─┴─┬─┴─┬─┴─┬─┴─┬─┴───┴───┤
│  ⇧ │ ⇚ │ u │ v │ y │ a │ q │ p │ d │ , │ . │ c │ ⇗       │
├────┼───┴┬──┴─┬─┴───┴───┴───┴───┴───┴─┬─┴──┬┴───┼────┬────┤
│Strg│ Fe │ Alt│      Leerzeichen      │ M4 │ Fe │ Me │Strg│
└────┴────┴────┴───────────────────────┴────┴────┴────┴────┘
# 9.423993670473966 x100 total penalty per letter
# 34.48928125950069 x10 billion total penalty compared to notime-noeffort
# 7.783456212926797 mean key position cost in file 1gramme.txt ( 56.97071112 )
# 11.401138050224212 % finger repeats in file 2gramme.txt ( 55.03793346296415 )
# 14.474209065750292 million keystrokes disbalance of the fingers ( 28.948418131500585 )
# 0.32855157086386705 % finger repeats top to bottom or vice versa ( 7.930260740945178 )
# 2.169796632063271 % of trigrams have no handswitching (after direction change counted x 1 ) ( 9.59769304275035 )
# 7.854943727169322 billion (rows²/dist)² to cross ( 102.11426845320119 )
# 0.011157369548114637 hand disbalance. Left: 0.48884263045188536 %, Right: 0.5111573695481146 % ( 0.3266637647830766 )
# 0.7319461889614385 badly positioned shortcut keys (weighted).
# 13.410676360845972 no handswitching after unbalancing key (weighted).
# 21.663421226442548 movement pattern cost (weighted).
# 0.882436433282077 asymmetric bigram cost (weighted).
# 7.866593752050131 irregularity cost (weighted).
# 20.189693261194943 manually assigned bigram penalty (weighted)
# 9.59942837847365 unbalancing key after neighboring finger (weighted)
# 0.882436433282077 asymmetrc bigrams (weighted)
# 9.62266827761166 inconsistent symmetries of similar keys (weighted)
# 7.866593752050131 irregularity cost for randomly sampled words (weighted).
# Finger load %: 12.0 4.7 11.4 13.2 - 14.6 7.8 9.2 11.5
 
