
# Evolved Layout
jvoyö wbmlgzß
hseaä ftnrc⇘
uküiq pd,.x
┌───┬───┬───┬───┬───┬───┬───┬───┬───┬───┬───┬───┬───┬──────┐
│ ^ │ 1 │ 2 │ 3 │ 4 │ 5 │ 6 │ 7 │ 8 │ 9 │ 0 │ - │ ` │ ←    │
├───┴─┬─┴─┬─┴─┬─┴─┬─┴─┬─┴─┬─┴─┬─┴─┬─┴─┬─┴─┬─┴─┬─┴─┬─┴─┬────┤
│   ⇥ │ j │ v │ o │ y │ ö │ w │ b │ m │ l │ g │ z │ ß │ Ret│
├─────┴┬──┴┬──┴┬──┴┬──┴┬──┴┬──┴┬──┴┬──┴┬──┴┬──┴┬──┴┬──┴┐   │
│    ⇩ │ h │ s │ e │ a │ ä │ f │ t │ n │ r │ c │ ⇘ │ ´ │   │
├────┬─┴─┬─┴─┬─┴─┬─┴─┬─┴─┬─┴─┬─┴─┬─┴─┬─┴─┬─┴─┬─┴─┬─┴───┴───┤
│  ⇧ │ ⇚ │ u │ k │ ü │ i │ q │ p │ d │ , │ . │ x │ ⇗       │
├────┼───┴┬──┴─┬─┴───┴───┴───┴───┴───┴─┬─┴──┬┴───┼────┬────┤
│Strg│ Fe │ Alt│      Leerzeichen      │ M4 │ Fe │ Me │Strg│
└────┴────┴────┴───────────────────────┴────┴────┴────┴────┘
# 9.458366368090786 x100 total penalty per letter
# 34.61507608462547 x10 billion total penalty compared to notime-noeffort
# 7.71235348873085 mean key position cost in file 1gramme.txt ( 56.45027744 )
# 10.487081086439453 % finger repeats in file 2gramme.txt ( 50.625408491112296 )
# 12.019224127695452 million keystrokes disbalance of the fingers ( 24.038448255390904 )
# 0.3595108147729729 % finger repeats top to bottom or vice versa ( 8.677525092462936 )
# 1.9300111837214795 % of trigrams have no handswitching (after direction change counted x 1 ) ( 8.53704657695029 )
# 8.334842844716288 billion (rows²/dist)² to cross ( 108.35295698131173 )
# 0.006917429083057147 hand disbalance. Left: 0.5069174290830571 %, Right: 0.4930825709169428 % ( 0.2025274341901879 )
# 1.0979192834421578 badly positioned shortcut keys (weighted).
# 12.916648666047996 no handswitching after unbalancing key (weighted).
# 27.556765913389494 movement pattern cost (weighted).
# 0.8598511285871152 asymmetric bigram cost (weighted).
# 5.48269322523441 irregularity cost (weighted).
# 17.863314994229874 manually assigned bigram penalty (weighted)
# 11.247732294312645 unbalancing key after neighboring finger (weighted)
# 0.8598511285871152 asymmetrc bigrams (weighted)
# 12.241645069592723 inconsistent symmetries of similar keys (weighted)
# 5.48269322523441 irregularity cost for randomly sampled words (weighted).
# Finger load %: 11.5 6.5 13.8 10.9 - 14.0 9.5 9.3 8.8
 
