
# Evolved Layout
öuokj qbldzvß
aiehm cnrts⇘
äxügy wp,.f
┌───┬───┬───┬───┬───┬───┬───┬───┬───┬───┬───┬───┬───┬──────┐
│ ^ │ 1 │ 2 │ 3 │ 4 │ 5 │ 6 │ 7 │ 8 │ 9 │ 0 │ - │ ` │ ←    │
├───┴─┬─┴─┬─┴─┬─┴─┬─┴─┬─┴─┬─┴─┬─┴─┬─┴─┬─┴─┬─┴─┬─┴─┬─┴─┬────┤
│   ⇥ │ ö │ u │ o │ k │ j │ q │ b │ l │ d │ z │ v │ ß │ Ret│
├─────┴┬──┴┬──┴┬──┴┬──┴┬──┴┬──┴┬──┴┬──┴┬──┴┬──┴┬──┴┬──┴┐   │
│    ⇩ │ a │ i │ e │ h │ m │ c │ n │ r │ t │ s │ ⇘ │ ´ │   │
├────┬─┴─┬─┴─┬─┴─┬─┴─┬─┴─┬─┴─┬─┴─┬─┴─┬─┴─┬─┴─┬─┴─┬─┴───┴───┤
│  ⇧ │ ⇚ │ ä │ x │ ü │ g │ y │ w │ p │ , │ . │ f │ ⇗       │
├────┼───┴┬──┴─┬─┴───┴───┴───┴───┴───┴─┬─┴──┬┴───┼────┬────┤
│Strg│ Fe │ Alt│      Leerzeichen      │ M4 │ Fe │ Me │Strg│
└────┴────┴────┴───────────────────────┴────┴────┴────┴────┘
# 9.328451530526511 x100 total penalty per letter
# 34.13962273340189 x10 billion total penalty compared to notime-noeffort
# 7.187028502005278 mean key position cost in file 1gramme.txt ( 52.60518122 )
# 9.242384167210883 % finger repeats in file 2gramme.txt ( 44.61674988876239 )
# 12.587693346879323 million keystrokes disbalance of the fingers ( 25.175386693758647 )
# 0.33767041689689997 % finger repeats top to bottom or vice versa ( 8.150362646129638 )
# 2.4384527618999807 % of trigrams have no handswitching (after direction change counted x 1 ) ( 10.7860436144692 )
# 8.124522883614432 billion (rows²/dist)² to cross ( 105.6187974869876 )
# 0.007506710323874122 hand disbalance. Left: 0.4924932896761259 %, Right: 0.5075067103238742 % ( 0.219780320527886 )
# 1.0979192834421578 badly positioned shortcut keys (weighted).
# 11.411363502321217 no handswitching after unbalancing key (weighted).
# 31.92134763772965 movement pattern cost (weighted).
# 0.865539798792093 asymmetric bigram cost (weighted).
# 4.219279013745326 irregularity cost (weighted).
# 19.15693862993087 manually assigned bigram penalty (weighted)
# 13.740946748194519 unbalancing key after neighboring finger (weighted)
# 0.865539798792093 asymmetrc bigrams (weighted)
# 11.810590849227724 inconsistent symmetries of similar keys (weighted)
# 4.219279013745326 irregularity cost for randomly sampled words (weighted).
# Finger load %: 10.5 8.4 13.8 8.8 - 13.2 9.1 9.5 11.1
 
