
# Evolved Layout
ßmoyj kfluvqx
asenp gtrih⇘
züäcö wd,.b
┌───┬───┬───┬───┬───┬───┬───┬───┬───┬───┬───┬───┬───┬──────┐
│ ^ │ 1 │ 2 │ 3 │ 4 │ 5 │ 6 │ 7 │ 8 │ 9 │ 0 │ - │ ` │ ←    │
├───┴─┬─┴─┬─┴─┬─┴─┬─┴─┬─┴─┬─┴─┬─┴─┬─┴─┬─┴─┬─┴─┬─┴─┬─┴─┬────┤
│   ⇥ │ ß │ m │ o │ y │ j │ k │ f │ l │ u │ v │ q │ x │ Ret│
├─────┴┬──┴┬──┴┬──┴┬──┴┬──┴┬──┴┬──┴┬──┴┬──┴┬──┴┬──┴┬──┴┐   │
│    ⇩ │ a │ s │ e │ n │ p │ g │ t │ r │ i │ h │ ⇘ │ ´ │   │
├────┬─┴─┬─┴─┬─┴─┬─┴─┬─┴─┬─┴─┬─┴─┬─┴─┬─┴─┬─┴─┬─┴─┬─┴───┴───┤
│  ⇧ │ ⇚ │ z │ ü │ ä │ c │ ö │ w │ d │ , │ . │ b │ ⇗       │
├────┼───┴┬──┴─┬─┴───┴───┴───┴───┴───┴─┬─┴──┬┴───┼────┬────┤
│Strg│ Fe │ Alt│      Leerzeichen      │ M4 │ Fe │ Me │Strg│
└────┴────┴────┴───────────────────────┴────┴────┴────┴────┘
# 9.546324468583434 x100 total penalty per letter
# 34.93697906684487 x10 billion total penalty compared to notime-noeffort
# 7.193217773933079 mean key position cost in file 1gramme.txt ( 52.65048336 )
# 9.125182852262018 % finger repeats in file 2gramme.txt ( 44.050971442302775 )
# 11.772993729332152 million keystrokes disbalance of the fingers ( 23.545987458664303 )
# 0.3486585285334168 % finger repeats top to bottom or vice versa ( 8.415583080471428 )
# 3.8439071409590952 % of trigrams have no handswitching (after direction change counted x 1 ) ( 17.002810437898088 )
# 8.420277142596666 billion (rows²/dist)² to cross ( 109.46360285375667 )
# 0.00047839737621291345 hand disbalance. Left: 0.4995216026237871 %, Right: 0.5004783973762129 % ( 0.014006445453127741 )
# 1.0979192834421578 badly positioned shortcut keys (weighted).
# 12.008956449585288 no handswitching after unbalancing key (weighted).
# 35.276892136845085 movement pattern cost (weighted).
# 0.8732175643844421 asymmetric bigram cost (weighted).
# 2.9444674659828447 irregularity cost (weighted).
# 16.12825371045181 manually assigned bigram penalty (weighted)
# 11.800601262306582 unbalancing key after neighboring finger (weighted)
# 0.8732175643844421 asymmetrc bigrams (weighted)
# 14.096037716904139 inconsistent symmetries of similar keys (weighted)
# 2.9444674659828447 irregularity cost for randomly sampled words (weighted).
# Finger load %: 10.8 7.1 13.8 10.5 - 14.6 9.1 9.4 9.2
 
