
# Evolved Layout
ßlmcö yohiwvj
srntd xeuaf⇘
kzbgq üä,.p
┌───┬───┬───┬───┬───┬───┬───┬───┬───┬───┬───┬───┬───┬──────┐
│ ^ │ 1 │ 2 │ 3 │ 4 │ 5 │ 6 │ 7 │ 8 │ 9 │ 0 │ - │ ` │ ←    │
├───┴─┬─┴─┬─┴─┬─┴─┬─┴─┬─┴─┬─┴─┬─┴─┬─┴─┬─┴─┬─┴─┬─┴─┬─┴─┬────┤
│   ⇥ │ ß │ l │ m │ c │ ö │ y │ o │ h │ i │ w │ v │ j │ Ret│
├─────┴┬──┴┬──┴┬──┴┬──┴┬──┴┬──┴┬──┴┬──┴┬──┴┬──┴┬──┴┬──┴┐   │
│    ⇩ │ s │ r │ n │ t │ d │ x │ e │ u │ a │ f │ ⇘ │ ´ │   │
├────┬─┴─┬─┴─┬─┴─┬─┴─┬─┴─┬─┴─┬─┴─┬─┴─┬─┴─┬─┴─┬─┴─┬─┴───┴───┤
│  ⇧ │ ⇚ │ k │ z │ b │ g │ q │ ü │ ä │ , │ . │ p │ ⇗       │
├────┼───┴┬──┴─┬─┴───┴───┴───┴───┴───┴─┬─┴──┬┴───┼────┬────┤
│Strg│ Fe │ Alt│      Leerzeichen      │ M4 │ Fe │ Me │Strg│
└────┴────┴────┴───────────────────────┴────┴────┴────┴────┘
# 10.215405075484234 x100 total penalty per letter
# 37.385634068490106 x10 billion total penalty compared to notime-noeffort
# 7.79366872870013 mean key position cost in file 1gramme.txt ( 57.04546124 )
# 12.355290138637027 % finger repeats in file 2gramme.txt ( 59.64401391951823 )
# 11.843481665115501 million keystrokes disbalance of the fingers ( 23.686963330231002 )
# 0.37744816660129576 % finger repeats top to bottom or vice versa ( 9.110479580023762 )
# 2.43584342332436 % of trigrams have no handswitching (after direction change counted x 1 ) ( 10.774501689146181 )
# 9.208705561584807 billion (rows²/dist)² to cross ( 119.71317230060248 )
# 0.0025430983924035755 hand disbalance. Left: 0.4974569016075964 %, Right: 0.5025430983924035 % ( 0.07445644705895033 )
# 0.7319461889614385 badly positioned shortcut keys (weighted).
# 12.321130888971554 no handswitching after unbalancing key (weighted).
# 25.208481287602762 movement pattern cost (weighted).
# 0.8731296903322833 asymmetric bigram cost (weighted).
# 5.403310256090298 irregularity cost (weighted).
# 19.816178043419203 manually assigned bigram penalty (weighted)
# 15.77304063101843 unbalancing key after neighboring finger (weighted)
# 0.8731296903322833 asymmetrc bigrams (weighted)
# 13.680075191924557 inconsistent symmetries of similar keys (weighted)
# 5.403310256090298 irregularity cost for randomly sampled words (weighted).
# Finger load %: 10.9 8.7 9.7 12.6 - 15.6 6.9 11.3 8.5
 
