
# Evolved Layout
ölbpß qomwxzj
irhtd yesnc⇘
uäkgv üa,.f
┌───┬───┬───┬───┬───┬───┬───┬───┬───┬───┬───┬───┬───┬──────┐
│ ^ │ 1 │ 2 │ 3 │ 4 │ 5 │ 6 │ 7 │ 8 │ 9 │ 0 │ - │ ` │ ←    │
├───┴─┬─┴─┬─┴─┬─┴─┬─┴─┬─┴─┬─┴─┬─┴─┬─┴─┬─┴─┬─┴─┬─┴─┬─┴─┬────┤
│   ⇥ │ ö │ l │ b │ p │ ß │ q │ o │ m │ w │ x │ z │ j │ Ret│
├─────┴┬──┴┬──┴┬──┴┬──┴┬──┴┬──┴┬──┴┬──┴┬──┴┬──┴┬──┴┬──┴┐   │
│    ⇩ │ i │ r │ h │ t │ d │ y │ e │ s │ n │ c │ ⇘ │ ´ │   │
├────┬─┴─┬─┴─┬─┴─┬─┴─┬─┴─┬─┴─┬─┴─┬─┴─┬─┴─┬─┴─┬─┴─┬─┴───┴───┤
│  ⇧ │ ⇚ │ u │ ä │ k │ g │ v │ ü │ a │ , │ . │ f │ ⇗       │
├────┼───┴┬──┴─┬─┴───┴───┴───┴───┴───┴─┬─┴──┬┴───┼────┬────┤
│Strg│ Fe │ Alt│      Leerzeichen      │ M4 │ Fe │ Me │Strg│
└────┴────┴────┴───────────────────────┴────┴────┴────┴────┘
# 10.18750531374718 x100 total penalty per letter
# 37.28352844710826 x10 billion total penalty compared to notime-noeffort
# 7.813867068718783 mean key position cost in file 1gramme.txt ( 57.19330222 )
# 12.61036150618691 % finger repeats in file 2gramme.txt ( 60.87534722095488 )
# 15.065585371525824 million keystrokes disbalance of the fingers ( 30.131170743051648 )
# 0.45779244844775024 % finger repeats top to bottom or vice versa ( 11.04975231705892 )
# 3.7944596467904455 % of trigrams have no handswitching (after direction change counted x 1 ) ( 16.784088616806216 )
# 8.716889804103811 billion (rows²/dist)² to cross ( 113.31956745334955 )
# 0.03232742820217965 hand disbalance. Left: 0.46767257179782035 %, Right: 0.5323274282021796 % ( 0.946477514860397 )
# 1.463892377922877 badly positioned shortcut keys (weighted).
# 10.671845123038572 no handswitching after unbalancing key (weighted).
# 25.795022854875953 movement pattern cost (weighted).
# 0.89577623722581 asymmetric bigram cost (weighted).
# 4.578091720512478 irregularity cost (weighted).
# 19.243531667053457 manually assigned bigram penalty (weighted)
# 8.774446783914188 unbalancing key after neighboring finger (weighted)
# 0.89577623722581 asymmetrc bigrams (weighted)
# 11.112971620457675 inconsistent symmetries of similar keys (weighted)
# 4.578091720512478 irregularity cost for randomly sampled words (weighted).
# Finger load %: 13.5 8.3 5.6 12.0 - 19.6 7.8 9.0 8.5
 
