
# Evolved Layout
jpfüö qwulzxß
mnseo gtirh⇘
cvyaä bd,.k
┌───┬───┬───┬───┬───┬───┬───┬───┬───┬───┬───┬───┬───┬──────┐
│ ^ │ 1 │ 2 │ 3 │ 4 │ 5 │ 6 │ 7 │ 8 │ 9 │ 0 │ - │ ` │ ←    │
├───┴─┬─┴─┬─┴─┬─┴─┬─┴─┬─┴─┬─┴─┬─┴─┬─┴─┬─┴─┬─┴─┬─┴─┬─┴─┬────┤
│   ⇥ │ j │ p │ f │ ü │ ö │ q │ w │ u │ l │ z │ x │ ß │ Ret│
├─────┴┬──┴┬──┴┬──┴┬──┴┬──┴┬──┴┬──┴┬──┴┬──┴┬──┴┬──┴┬──┴┐   │
│    ⇩ │ m │ n │ s │ e │ o │ g │ t │ i │ r │ h │ ⇘ │ ´ │   │
├────┬─┴─┬─┴─┬─┴─┬─┴─┬─┴─┬─┴─┬─┴─┬─┴─┬─┴─┬─┴─┬─┴─┬─┴───┴───┤
│  ⇧ │ ⇚ │ c │ v │ y │ a │ ä │ b │ d │ , │ . │ k │ ⇗       │
├────┼───┴┬──┴─┬─┴───┴───┴───┴───┴───┴─┬─┴──┬┴───┼────┬────┤
│Strg│ Fe │ Alt│      Leerzeichen      │ M4 │ Fe │ Me │Strg│
└────┴────┴────┴───────────────────────┴────┴────┴────┴────┘
# 9.40962393794158 x100 total penalty per letter
# 34.436691904683315 x10 billion total penalty compared to notime-noeffort
# 7.411839725127405 mean key position cost in file 1gramme.txt ( 54.2506784 )
# 10.118726169505672 % finger repeats in file 2gramme.txt ( 48.84720939207074 )
# 12.002097068099786 million keystrokes disbalance of the fingers ( 24.00419413619957 )
# 0.28736725876051306 % finger repeats top to bottom or vice versa ( 6.936193561301751 )
# 4.555756325438863 % of trigrams have no handswitching (after direction change counted x 1 ) ( 20.15154330272528 )
# 8.198635862511427 billion (rows²/dist)² to cross ( 106.58226621264855 )
# 0.012995393395427879 hand disbalance. Left: 0.5129953933954279 %, Right: 0.4870046066045721 % ( 0.38047714679352335 )
# 0.7319461889614385 badly positioned shortcut keys (weighted).
# 11.691142545111267 no handswitching after unbalancing key (weighted).
# 22.39619738317638 movement pattern cost (weighted).
# 0.8909174221295577 asymmetric bigram cost (weighted).
# 3.626397473643899 irregularity cost (weighted).
# 15.865005276150553 manually assigned bigram penalty (weighted)
# 13.197591825197973 unbalancing key after neighboring finger (weighted)
# 0.8909174221295577 asymmetrc bigrams (weighted)
# 14.815158780722577 inconsistent symmetries of similar keys (weighted)
# 3.626397473643899 irregularity cost for randomly sampled words (weighted).
# Finger load %: 9.7 8.3 6.5 18.8 - 13.7 9.2 9.3 9.0
 
