
# Evolved Layout
ßzlüä qcifpkv
hnreö wtasu⇘
myxoj gd,.b
┌───┬───┬───┬───┬───┬───┬───┬───┬───┬───┬───┬───┬───┬──────┐
│ ^ │ 1 │ 2 │ 3 │ 4 │ 5 │ 6 │ 7 │ 8 │ 9 │ 0 │ - │ ` │ ←    │
├───┴─┬─┴─┬─┴─┬─┴─┬─┴─┬─┴─┬─┴─┬─┴─┬─┴─┬─┴─┬─┴─┬─┴─┬─┴─┬────┤
│   ⇥ │ ß │ z │ l │ ü │ ä │ q │ c │ i │ f │ p │ k │ v │ Ret│
├─────┴┬──┴┬──┴┬──┴┬──┴┬──┴┬──┴┬──┴┬──┴┬──┴┬──┴┬──┴┬──┴┐   │
│    ⇩ │ h │ n │ r │ e │ ö │ w │ t │ a │ s │ u │ ⇘ │ ´ │   │
├────┬─┴─┬─┴─┬─┴─┬─┴─┬─┴─┬─┴─┬─┴─┬─┴─┬─┴─┬─┴─┬─┴─┬─┴───┴───┤
│  ⇧ │ ⇚ │ m │ y │ x │ o │ j │ g │ d │ , │ . │ b │ ⇗       │
├────┼───┴┬──┴─┬─┴───┴───┴───┴───┴───┴─┬─┴──┬┴───┼────┬────┤
│Strg│ Fe │ Alt│      Leerzeichen      │ M4 │ Fe │ Me │Strg│
└────┴────┴────┴───────────────────────┴────┴────┴────┴────┘
# 9.443795211023723 x100 total penalty per letter
# 34.56174957020549 x10 billion total penalty compared to notime-noeffort
# 7.61845475814586 mean key position cost in file 1gramme.txt ( 55.76298926 )
# 10.317708844607655 % finger repeats in file 2gramme.txt ( 49.80777974779327 )
# 12.553437689485465 million keystrokes disbalance of the fingers ( 25.10687537897093 )
# 0.35956027313219696 % finger repeats top to bottom or vice versa ( 8.678718870606911 )
# 5.4416771343262225 % of trigrams have no handswitching (after direction change counted x 1 ) ( 24.070249718911676 )
# 7.879444464008573 billion (rows²/dist)² to cross ( 102.43277803211144 )
# 0.0071081687575745844 hand disbalance. Left: 0.4928918312424254 %, Right: 0.5071081687575746 % ( 0.20811188130405925 )
# 0.7319461889614385 badly positioned shortcut keys (weighted).
# 10.63436953496419 no handswitching after unbalancing key (weighted).
# 25.057348144789042 movement pattern cost (weighted).
# 0.8815902854498976 asymmetric bigram cost (weighted).
# 2.1269164764268234 irregularity cost (weighted).
# 18.474007408465486 manually assigned bigram penalty (weighted)
# 11.317117127255106 unbalancing key after neighboring finger (weighted)
# 0.8815902854498976 asymmetrc bigrams (weighted)
# 10.326697646044682 inconsistent symmetries of similar keys (weighted)
# 2.1269164764268234 irregularity cost for randomly sampled words (weighted).
# Finger load %: 11.3 7.7 8.0 14.5 - 14.4 11.1 7.5 9.8
 
