
# Evolved Layout
jlyzö vmuokqß
hrenp fsiat⇘
gxücä wb,.d
┌───┬───┬───┬───┬───┬───┬───┬───┬───┬───┬───┬───┬───┬──────┐
│ ^ │ 1 │ 2 │ 3 │ 4 │ 5 │ 6 │ 7 │ 8 │ 9 │ 0 │ - │ ` │ ←    │
├───┴─┬─┴─┬─┴─┬─┴─┬─┴─┬─┴─┬─┴─┬─┴─┬─┴─┬─┴─┬─┴─┬─┴─┬─┴─┬────┤
│   ⇥ │ j │ l │ y │ z │ ö │ v │ m │ u │ o │ k │ q │ ß │ Ret│
├─────┴┬──┴┬──┴┬──┴┬──┴┬──┴┬──┴┬──┴┬──┴┬──┴┬──┴┬──┴┬──┴┐   │
│    ⇩ │ h │ r │ e │ n │ p │ f │ s │ i │ a │ t │ ⇘ │ ´ │   │
├────┬─┴─┬─┴─┬─┴─┬─┴─┬─┴─┬─┴─┬─┴─┬─┴─┬─┴─┬─┴─┬─┴─┬─┴───┴───┤
│  ⇧ │ ⇚ │ g │ x │ ü │ c │ ä │ w │ b │ , │ . │ d │ ⇗       │
├────┼───┴┬──┴─┬─┴───┴───┴───┴───┴───┴─┬─┴──┬┴───┼────┬────┤
│Strg│ Fe │ Alt│      Leerzeichen      │ M4 │ Fe │ Me │Strg│
└────┴────┴────┴───────────────────────┴────┴────┴────┴────┘
# 9.951837686392842 x100 total penalty per letter
# 36.4210483385903 x10 billion total penalty compared to notime-noeffort
# 7.664208356572976 mean key position cost in file 1gramme.txt ( 56.09788098 )
# 7.2504007307624105 % finger repeats in file 2gramme.txt ( 35.00063513323396 )
# 14.043407078608315 million keystrokes disbalance of the fingers ( 28.08681415721663 )
# 0.33069900944942326 % finger repeats top to bottom or vice versa ( 7.9820935410862655 )
# 5.365204947801605 % of trigrams have no handswitching (after direction change counted x 1 ) ( 23.731989182543664 )
# 7.565844749745528 billion (rows²/dist)² to cross ( 98.35598174669187 )
# 0.0032407535488880868 hand disbalance. Left: 0.4967592464511119 %, Right: 0.5032407535488881 % ( 0.09488228837887569 )
# 0.7319461889614385 badly positioned shortcut keys (weighted).
# 11.01125292127949 no handswitching after unbalancing key (weighted).
# 44.27927528607814 movement pattern cost (weighted).
# 0.8759188099418181 asymmetric bigram cost (weighted).
# 13.14816163511104 irregularity cost (weighted).
# 20.056663847174292 manually assigned bigram penalty (weighted)
# 11.395350705200256 unbalancing key after neighboring finger (weighted)
# 0.8759188099418181 asymmetrc bigrams (weighted)
# 13.361636963005326 inconsistent symmetries of similar keys (weighted)
# 13.14816163511104 irregularity cost for randomly sampled words (weighted).
# Finger load %: 11.4 8.2 11.5 10.8 - 12.1 9.2 8.6 12.6
 
