
# Evolved Layout
öombz xüsdwvß
iarnl yegth⇘
käcpq ju,.f
┌───┬───┬───┬───┬───┬───┬───┬───┬───┬───┬───┬───┬───┬──────┐
│ ^ │ 1 │ 2 │ 3 │ 4 │ 5 │ 6 │ 7 │ 8 │ 9 │ 0 │ - │ ` │ ←    │
├───┴─┬─┴─┬─┴─┬─┴─┬─┴─┬─┴─┬─┴─┬─┴─┬─┴─┬─┴─┬─┴─┬─┴─┬─┴─┬────┤
│   ⇥ │ ö │ o │ m │ b │ z │ x │ ü │ s │ d │ w │ v │ ß │ Ret│
├─────┴┬──┴┬──┴┬──┴┬──┴┬──┴┬──┴┬──┴┬──┴┬──┴┬──┴┬──┴┬──┴┐   │
│    ⇩ │ i │ a │ r │ n │ l │ y │ e │ g │ t │ h │ ⇘ │ ´ │   │
├────┬─┴─┬─┴─┬─┴─┬─┴─┬─┴─┬─┴─┬─┴─┬─┴─┬─┴─┬─┴─┬─┴─┬─┴───┴───┤
│  ⇧ │ ⇚ │ k │ ä │ c │ p │ q │ j │ u │ , │ . │ f │ ⇗       │
├────┼───┴┬──┴─┬─┴───┴───┴───┴───┴───┴─┬─┴──┬┴───┼────┬────┤
│Strg│ Fe │ Alt│      Leerzeichen      │ M4 │ Fe │ Me │Strg│
└────┴────┴────┴───────────────────────┴────┴────┴────┴────┘
# 10.462775535431975 x100 total penalty per letter
# 38.29094339559204 x10 billion total penalty compared to notime-noeffort
# 7.573579418270662 mean key position cost in file 1gramme.txt ( 55.43452592 )
# 12.629396143654366 % finger repeats in file 2gramme.txt ( 60.96723516282617 )
# 13.50270537905288 million keystrokes disbalance of the fingers ( 27.00541075810576 )
# 0.4469875307694236 % finger repeats top to bottom or vice versa ( 10.788953641684204 )
# 5.447370378251773 % of trigrams have no handswitching (after direction change counted x 1 ) ( 24.09543272768194 )
# 8.804167202392177 billion (rows²/dist)² to cross ( 114.45417363109831 )
# 0.010245777143271573 hand disbalance. Left: 0.4897542228567284 %, Right: 0.5102457771432716 % ( 0.2999743013186337 )
# 1.0979192834421578 badly positioned shortcut keys (weighted).
# 10.71895617281263 no handswitching after unbalancing key (weighted).
# 26.759593776033913 movement pattern cost (weighted).
# 0.8725028784125588 asymmetric bigram cost (weighted).
# 6.358493867797932 irregularity cost (weighted).
# 19.26620959073893 manually assigned bigram penalty (weighted)
# 11.109977052042735 unbalancing key after neighboring finger (weighted)
# 0.8725028784125588 asymmetrc bigrams (weighted)
# 13.680075191924558 inconsistent symmetries of similar keys (weighted)
# 6.358493867797932 irregularity cost for randomly sampled words (weighted).
# Finger load %: 12.1 7.6 9.1 12.5 - 15.3 7.9 9.5 10.4
 
