
# Evolved Layout
äüuzj vfbpwqß
aeirl dhtns⇘
oöxcy kg,.m
┌───┬───┬───┬───┬───┬───┬───┬───┬───┬───┬───┬───┬───┬──────┐
│ ^ │ 1 │ 2 │ 3 │ 4 │ 5 │ 6 │ 7 │ 8 │ 9 │ 0 │ - │ ` │ ←    │
├───┴─┬─┴─┬─┴─┬─┴─┬─┴─┬─┴─┬─┴─┬─┴─┬─┴─┬─┴─┬─┴─┬─┴─┬─┴─┬────┤
│   ⇥ │ ä │ ü │ u │ z │ j │ v │ f │ b │ p │ w │ q │ ß │ Ret│
├─────┴┬──┴┬──┴┬──┴┬──┴┬──┴┬──┴┬──┴┬──┴┬──┴┬──┴┬──┴┬──┴┐   │
│    ⇩ │ a │ e │ i │ r │ l │ d │ h │ t │ n │ s │ ⇘ │ ´ │   │
├────┬─┴─┬─┴─┬─┴─┬─┴─┬─┴─┬─┴─┬─┴─┬─┴─┬─┴─┬─┴─┬─┴─┬─┴───┴───┤
│  ⇧ │ ⇚ │ o │ ö │ x │ c │ y │ k │ g │ , │ . │ m │ ⇗       │
├────┼───┴┬──┴─┬─┴───┴───┴───┴───┴───┴─┬─┴──┬┴───┼────┬────┤
│Strg│ Fe │ Alt│      Leerzeichen      │ M4 │ Fe │ Me │Strg│
└────┴────┴────┴───────────────────────┴────┴────┴────┴────┘
# 9.548164533444002 x100 total penalty per letter
# 34.94371320915554 x10 billion total penalty compared to notime-noeffort
# 7.452009213599936 mean key position cost in file 1gramme.txt ( 54.54469744 )
# 9.27559342045671 % finger repeats in file 2gramme.txt ( 44.77706446985482 )
# 14.931517701414757 million keystrokes disbalance of the fingers ( 29.863035402829514 )
# 0.36377453422238476 % finger repeats top to bottom or vice versa ( 8.780438637728208 )
# 3.2677235650549137 % of trigrams have no handswitching (after direction change counted x 1 ) ( 14.45416923526886 )
# 8.143993658374807 billion (rows²/dist)² to cross ( 105.87191755887248 )
# 0.026440092412844063 hand disbalance. Left: 0.5264400924128441 %, Right: 0.4735599075871559 % ( 0.7741089950947783 )
# 0.7319461889614385 badly positioned shortcut keys (weighted).
# 13.135831351583446 no handswitching after unbalancing key (weighted).
# 26.60378393172047 movement pattern cost (weighted).
# 0.8566610961957495 asymmetric bigram cost (weighted).
# 3.4737410027651516 irregularity cost (weighted).
# 22.479090595539994 manually assigned bigram penalty (weighted)
# 13.43119638240014 unbalancing key after neighboring finger (weighted)
# 0.8566610961957495 asymmetrc bigrams (weighted)
# 9.659449802740424 inconsistent symmetries of similar keys (weighted)
# 3.4737410027651516 irregularity cost for randomly sampled words (weighted).
# Finger load %: 13.4 11.4 8.2 11.4 - 12.5 7.5 8.8 11.1
 
