
# Evolved Layout
äfldq öwoazjß
csntk bheir⇘
mvxgü pu,.y
┌───┬───┬───┬───┬───┬───┬───┬───┬───┬───┬───┬───┬───┬──────┐
│ ^ │ 1 │ 2 │ 3 │ 4 │ 5 │ 6 │ 7 │ 8 │ 9 │ 0 │ - │ ` │ ←    │
├───┴─┬─┴─┬─┴─┬─┴─┬─┴─┬─┴─┬─┴─┬─┴─┬─┴─┬─┴─┬─┴─┬─┴─┬─┴─┬────┤
│   ⇥ │ ä │ f │ l │ d │ q │ ö │ w │ o │ a │ z │ j │ ß │ Ret│
├─────┴┬──┴┬──┴┬──┴┬──┴┬──┴┬──┴┬──┴┬──┴┬──┴┬──┴┬──┴┬──┴┐   │
│    ⇩ │ c │ s │ n │ t │ k │ b │ h │ e │ i │ r │ ⇘ │ ´ │   │
├────┬─┴─┬─┴─┬─┴─┬─┴─┬─┴─┬─┴─┬─┴─┬─┴─┬─┴─┬─┴─┬─┴─┬─┴───┴───┤
│  ⇧ │ ⇚ │ m │ v │ x │ g │ ü │ p │ u │ , │ . │ y │ ⇗       │
├────┼───┴┬──┴─┬─┴───┴───┴───┴───┴───┴─┬─┴──┬┴───┼────┬────┤
│Strg│ Fe │ Alt│      Leerzeichen      │ M4 │ Fe │ Me │Strg│
└────┴────┴────┴───────────────────────┴────┴────┴────┴────┘
# 10.195530859407011 x100 total penalty per letter
# 37.31289978490852 x10 billion total penalty compared to notime-noeffort
# 7.456448826851576 mean key position cost in file 1gramme.txt ( 54.57719302 )
# 11.099837443159721 % finger repeats in file 2gramme.txt ( 53.583432807773846 )
# 11.74672440794461 million keystrokes disbalance of the fingers ( 23.49344881588922 )
# 0.3946744770206787 % finger repeats top to bottom or vice versa ( 9.526271636263145 )
# 3.8730181212935393 % of trigrams have no handswitching (after direction change counted x 1 ) ( 17.131577461173375 )
# 8.766817628081148 billion (rows²/dist)² to cross ( 113.96862916505494 )
# 0.05336634738289281 hand disbalance. Left: 0.4466336526171072 %, Right: 0.5533663473828928 % ( 1.5624517834280252 )
# 0.36597309448071924 badly positioned shortcut keys (weighted).
# 12.493299707973327 no handswitching after unbalancing key (weighted).
# 36.68045808448979 movement pattern cost (weighted).
# 0.8617430522710612 asymmetric bigram cost (weighted).
# 3.7038184744826195 irregularity cost (weighted).
# 17.20151020113784 manually assigned bigram penalty (weighted)
# 13.482469992863972 unbalancing key after neighboring finger (weighted)
# 0.8617430522710612 asymmetrc bigrams (weighted)
# 14.496720551803342 inconsistent symmetries of similar keys (weighted)
# 3.7038184744826195 irregularity cost for randomly sampled words (weighted).
# Finger load %: 9.7 6.9 9.4 11.6 - 10.4 14.7 11.3 10.3
 
