
# Evolved Layout
ükämö wbloxßj
hsenf gtrai⇘
vzycq pd,.u
┌───┬───┬───┬───┬───┬───┬───┬───┬───┬───┬───┬───┬───┬──────┐
│ ^ │ 1 │ 2 │ 3 │ 4 │ 5 │ 6 │ 7 │ 8 │ 9 │ 0 │ - │ ` │ ←    │
├───┴─┬─┴─┬─┴─┬─┴─┬─┴─┬─┴─┬─┴─┬─┴─┬─┴─┬─┴─┬─┴─┬─┴─┬─┴─┬────┤
│   ⇥ │ ü │ k │ ä │ m │ ö │ w │ b │ l │ o │ x │ ß │ j │ Ret│
├─────┴┬──┴┬──┴┬──┴┬──┴┬──┴┬──┴┬──┴┬──┴┬──┴┬──┴┬──┴┬──┴┐   │
│    ⇩ │ h │ s │ e │ n │ f │ g │ t │ r │ a │ i │ ⇘ │ ´ │   │
├────┬─┴─┬─┴─┬─┴─┬─┴─┬─┴─┬─┴─┬─┴─┬─┴─┬─┴─┬─┴─┬─┴─┬─┴───┴───┤
│  ⇧ │ ⇚ │ v │ z │ y │ c │ q │ p │ d │ , │ . │ u │ ⇗       │
├────┼───┴┬──┴─┬─┴───┴───┴───┴───┴───┴─┬─┴──┬┴───┼────┬────┤
│Strg│ Fe │ Alt│      Leerzeichen      │ M4 │ Fe │ Me │Strg│
└────┴────┴────┴───────────────────────┴────┴────┴────┴────┘
# 9.8642100622273 x100 total penalty per letter
# 36.10035481081174 x10 billion total penalty compared to notime-noeffort
# 7.517025269039098 mean key position cost in file 1gramme.txt ( 55.02057998 )
# 7.982270582215179 % finger repeats in file 2gramme.txt ( 38.53366876639963 )
# 13.093754092116418 million keystrokes disbalance of the fingers ( 26.187508184232833 )
# 0.4424229970137184 % finger repeats top to bottom or vice versa ( 10.678779331001678 )
# 5.860960143279457 % of trigrams have no handswitching (after direction change counted x 1 ) ( 25.92487035870284 )
# 8.29585849686304 billion (rows²/dist)² to cross ( 107.84616045921953 )
# 0.02520806705511275 hand disbalance. Left: 0.47479193294488725 %, Right: 0.5252080670551128 % ( 0.7380379444829668 )
# 0.7319461889614385 badly positioned shortcut keys (weighted).
# 13.41071446394524 no handswitching after unbalancing key (weighted).
# 31.40522380766528 movement pattern cost (weighted).
# 0.8784512006993758 asymmetric bigram cost (weighted).
# 3.7133009725207633 irregularity cost (weighted).
# 16.75169010046434 manually assigned bigram penalty (weighted)
# 12.513064921787427 unbalancing key after neighboring finger (weighted)
# 0.8784512006993758 asymmetrc bigrams (weighted)
# 16.669551428033994 inconsistent symmetries of similar keys (weighted)
# 3.7133009725207633 irregularity cost for randomly sampled words (weighted).
# Finger load %: 9.8 6.5 11.5 12.3 - 14.6 9.1 8.6 12.1
 
