
# Evolved Layout
öäbdß vcmoüxj
irtlg wnsea⇘
uykhq pf,.z
┌───┬───┬───┬───┬───┬───┬───┬───┬───┬───┬───┬───┬───┬──────┐
│ ^ │ 1 │ 2 │ 3 │ 4 │ 5 │ 6 │ 7 │ 8 │ 9 │ 0 │ - │ ` │ ←    │
├───┴─┬─┴─┬─┴─┬─┴─┬─┴─┬─┴─┬─┴─┬─┴─┬─┴─┬─┴─┬─┴─┬─┴─┬─┴─┬────┤
│   ⇥ │ ö │ ä │ b │ d │ ß │ v │ c │ m │ o │ ü │ x │ j │ Ret│
├─────┴┬──┴┬──┴┬──┴┬──┴┬──┴┬──┴┬──┴┬──┴┬──┴┬──┴┬──┴┬──┴┐   │
│    ⇩ │ i │ r │ t │ l │ g │ w │ n │ s │ e │ a │ ⇘ │ ´ │   │
├────┬─┴─┬─┴─┬─┴─┬─┴─┬─┴─┬─┴─┬─┴─┬─┴─┬─┴─┬─┴─┬─┴─┬─┴───┴───┤
│  ⇧ │ ⇚ │ u │ y │ k │ h │ q │ p │ f │ , │ . │ z │ ⇗       │
├────┼───┴┬──┴─┬─┴───┴───┴───┴───┴───┴─┬─┴──┬┴───┼────┬────┤
│Strg│ Fe │ Alt│      Leerzeichen      │ M4 │ Fe │ Me │Strg│
└────┴────┴────┴───────────────────────┴────┴────┴────┴────┘
# 10.238510008014837 x100 total penalty per letter
# 37.47019190505004 x10 billion total penalty compared to notime-noeffort
# 7.666369865197326 mean key position cost in file 1gramme.txt ( 56.11370206 )
# 11.616052697655142 % finger repeats in file 2gramme.txt ( 56.07541393319556 )
# 15.322155342689275 million keystrokes disbalance of the fingers ( 30.64431068537855 )
# 0.3471346869723977 % finger repeats top to bottom or vice versa ( 8.378802063491365 )
# 4.743147363088824 % of trigrams have no handswitching (after direction change counted x 1 ) ( 20.980432808658644 )
# 8.527712858591233 billion (rows²/dist)² to cross ( 110.86026716168602 )
# 0.04350212716541485 hand disbalance. Left: 0.45649787283458515 %, Right: 0.5435021271654149 % ( 1.2736486476176507 )
# 1.463892377922877 badly positioned shortcut keys (weighted).
# 11.197784911038804 no handswitching after unbalancing key (weighted).
# 30.464049140844885 movement pattern cost (weighted).
# 0.8788437203530609 asymmetric bigram cost (weighted).
# 2.9467099486702915 irregularity cost (weighted).
# 18.79780931324636 manually assigned bigram penalty (weighted)
# 10.863932480491767 unbalancing key after neighboring finger (weighted)
# 0.8788437203530609 asymmetrc bigrams (weighted)
# 13.762319797904528 inconsistent symmetries of similar keys (weighted)
# 2.9467099486702915 irregularity cost for randomly sampled words (weighted).
# Finger load %: 13.7 5.9 7.3 11.6 - 13.8 7.8 14.9 9.4
 
