
# Evolved Layout
zlmüö qpoukjß
crniv ftehs⇘
gxyaä bd,.w
┌───┬───┬───┬───┬───┬───┬───┬───┬───┬───┬───┬───┬───┬──────┐
│ ^ │ 1 │ 2 │ 3 │ 4 │ 5 │ 6 │ 7 │ 8 │ 9 │ 0 │ - │ ` │ ←    │
├───┴─┬─┴─┬─┴─┬─┴─┬─┴─┬─┴─┬─┴─┬─┴─┬─┴─┬─┴─┬─┴─┬─┴─┬─┴─┬────┤
│   ⇥ │ z │ l │ m │ ü │ ö │ q │ p │ o │ u │ k │ j │ ß │ Ret│
├─────┴┬──┴┬──┴┬──┴┬──┴┬──┴┬──┴┬──┴┬──┴┬──┴┬──┴┬──┴┬──┴┐   │
│    ⇩ │ c │ r │ n │ i │ v │ f │ t │ e │ h │ s │ ⇘ │ ´ │   │
├────┬─┴─┬─┴─┬─┴─┬─┴─┬─┴─┬─┴─┬─┴─┬─┴─┬─┴─┬─┴─┬─┴─┬─┴───┴───┤
│  ⇧ │ ⇚ │ g │ x │ y │ a │ ä │ b │ d │ , │ . │ w │ ⇗       │
├────┼───┴┬──┴─┬─┴───┴───┴───┴───┴───┴─┬─┴──┬┴───┼────┬────┤
│Strg│ Fe │ Alt│      Leerzeichen      │ M4 │ Fe │ Me │Strg│
└────┴────┴────┴───────────────────────┴────┴────┴────┴────┘
# 9.72610984474645 x100 total penalty per letter
# 35.59494517141246 x10 billion total penalty compared to notime-noeffort
# 7.456192704198261 mean key position cost in file 1gramme.txt ( 54.57531834 )
# 10.280505284711346 % finger repeats in file 2gramme.txt ( 49.62818302287525 )
# 12.343182995368023 million keystrokes disbalance of the fingers ( 24.686365990736046 )
# 0.3420604386006964 % finger repeats top to bottom or vice versa ( 8.25632475332023 )
# 4.806162728882485 % of trigrams have no handswitching (after direction change counted x 1 ) ( 21.259169593907075 )
# 8.184178434709015 billion (rows²/dist)² to cross ( 106.39431965121717 )
# 0.036983741632981126 hand disbalance. Left: 0.4630162583670189 %, Right: 0.5369837416329811 % ( 1.0828043496718012 )
# 0.36597309448071924 badly positioned shortcut keys (weighted).
# 10.790456263933857 no handswitching after unbalancing key (weighted).
# 27.496644773528992 movement pattern cost (weighted).
# 0.8647753226872512 asymmetric bigram cost (weighted).
# 6.223670679379706 irregularity cost (weighted).
# 20.306885994067937 manually assigned bigram penalty (weighted)
# 11.503939666657832 unbalancing key after neighboring finger (weighted)
# 0.8647753226872512 asymmetrc bigrams (weighted)
# 12.514620217660745 inconsistent symmetries of similar keys (weighted)
# 6.223670679379706 irregularity cost for randomly sampled words (weighted).
# Finger load %: 10.6 8.2 8.8 11.5 - 12.9 14.7 7.1 10.6
 
