
# Evolved Layout
ßfkcj xduüäöq
sntrl bhiea⇘
vpymz wg,.o
┌───┬───┬───┬───┬───┬───┬───┬───┬───┬───┬───┬───┬───┬──────┐
│ ^ │ 1 │ 2 │ 3 │ 4 │ 5 │ 6 │ 7 │ 8 │ 9 │ 0 │ - │ ` │ ←    │
├───┴─┬─┴─┬─┴─┬─┴─┬─┴─┬─┴─┬─┴─┬─┴─┬─┴─┬─┴─┬─┴─┬─┴─┬─┴─┬────┤
│   ⇥ │ ß │ f │ k │ c │ j │ x │ d │ u │ ü │ ä │ ö │ q │ Ret│
├─────┴┬──┴┬──┴┬──┴┬──┴┬──┴┬──┴┬──┴┬──┴┬──┴┬──┴┬──┴┬──┴┐   │
│    ⇩ │ s │ n │ t │ r │ l │ b │ h │ i │ e │ a │ ⇘ │ ´ │   │
├────┬─┴─┬─┴─┬─┴─┬─┴─┬─┴─┬─┴─┬─┴─┬─┴─┬─┴─┬─┴─┬─┴─┬─┴───┴───┤
│  ⇧ │ ⇚ │ v │ p │ y │ m │ z │ w │ g │ , │ . │ o │ ⇗       │
├────┼───┴┬──┴─┬─┴───┴───┴───┴───┴───┴─┬─┴──┬┴───┼────┬────┤
│Strg│ Fe │ Alt│      Leerzeichen      │ M4 │ Fe │ Me │Strg│
└────┴────┴────┴───────────────────────┴────┴────┴────┴────┘
# 9.56928528996185 x100 total penalty per letter
# 35.02100949536166 x10 billion total penalty compared to notime-noeffort
# 7.64111630929559 mean key position cost in file 1gramme.txt ( 55.92885962 )
# 9.560506909559113 % finger repeats in file 2gramme.txt ( 46.15245783732752 )
# 13.472609781930538 million keystrokes disbalance of the fingers ( 26.945219563861077 )
# 0.43195838750603316 % finger repeats top to bottom or vice versa ( 10.426194685827351 )
# 3.026957800502801 % of trigrams have no handswitching (after direction change counted x 1 ) ( 13.389186522498708 )
# 8.559691737850104 billion (rows²/dist)² to cross ( 111.27599259205135 )
# 0.0379136177533847 hand disbalance. Left: 0.4620863822466153 %, Right: 0.5379136177533846 % ( 1.1100291209732267 )
# 0.7319461889614385 badly positioned shortcut keys (weighted).
# 11.355272661844522 no handswitching after unbalancing key (weighted).
# 26.732450760351078 movement pattern cost (weighted).
# 0.8652398289334896 asymmetric bigram cost (weighted).
# 3.956896547935191 irregularity cost (weighted).
# 19.812676115420206 manually assigned bigram penalty (weighted)
# 12.217032719276022 unbalancing key after neighboring finger (weighted)
# 0.8652398289334896 asymmetrc bigrams (weighted)
# 9.310640188355398 inconsistent symmetries of similar keys (weighted)
# 3.956896547935191 irregularity cost for randomly sampled words (weighted).
# Finger load %: 10.8 9.0 6.3 12.9 - 12.1 9.2 12.5 11.6
 
