
# Evolved Layout
jlmpß xkiüäöq
hrsnf btuea⇘
gzycv wd,.o
┌───┬───┬───┬───┬───┬───┬───┬───┬───┬───┬───┬───┬───┬──────┐
│ ^ │ 1 │ 2 │ 3 │ 4 │ 5 │ 6 │ 7 │ 8 │ 9 │ 0 │ - │ ` │ ←    │
├───┴─┬─┴─┬─┴─┬─┴─┬─┴─┬─┴─┬─┴─┬─┴─┬─┴─┬─┴─┬─┴─┬─┴─┬─┴─┬────┤
│   ⇥ │ j │ l │ m │ p │ ß │ x │ k │ i │ ü │ ä │ ö │ q │ Ret│
├─────┴┬──┴┬──┴┬──┴┬──┴┬──┴┬──┴┬──┴┬──┴┬──┴┬──┴┬──┴┬──┴┐   │
│    ⇩ │ h │ r │ s │ n │ f │ b │ t │ u │ e │ a │ ⇘ │ ´ │   │
├────┬─┴─┬─┴─┬─┴─┬─┴─┬─┴─┬─┴─┬─┴─┬─┴─┬─┴─┬─┴─┬─┴─┬─┴───┴───┤
│  ⇧ │ ⇚ │ g │ z │ y │ c │ v │ w │ d │ , │ . │ o │ ⇗       │
├────┼───┴┬──┴─┬─┴───┴───┴───┴───┴───┴─┬─┴──┬┴───┼────┬────┤
│Strg│ Fe │ Alt│      Leerzeichen      │ M4 │ Fe │ Me │Strg│
└────┴────┴────┴───────────────────────┴────┴────┴────┴────┘
# 9.4386713398215 x100 total penalty per letter
# 34.54299758020951 x10 billion total penalty compared to notime-noeffort
# 7.635677696375632 mean key position cost in file 1gramme.txt ( 55.8890519 )
# 8.410168632026746 % finger repeats in file 2gramme.txt ( 40.59930680101653 )
# 13.397806235000692 million keystrokes disbalance of the fingers ( 26.795612470001384 )
# 0.3510559047660569 % finger repeats top to bottom or vice versa ( 8.473448634329511 )
# 3.7408691145878508 % of trigrams have no handswitching (after direction change counted x 1 ) ( 16.547040835241067 )
# 8.50901383827525 billion (rows²/dist)² to cross ( 110.61717989757825 )
# 0.04561039752382873 hand disbalance. Left: 0.4543896024761713 %, Right: 0.5456103975238288 % ( 1.3353742657833068 )
# 1.0979192834421578 badly positioned shortcut keys (weighted).
# 10.935181309457619 no handswitching after unbalancing key (weighted).
# 26.974887423148346 movement pattern cost (weighted).
# 0.8723329735520637 asymmetric bigram cost (weighted).
# 5.459041214877378 irregularity cost (weighted).
# 18.66166250689648 manually assigned bigram penalty (weighted)
# 10.095746191442 unbalancing key after neighboring finger (weighted)
# 0.8723329735520637 asymmetrc bigrams (weighted)
# 11.076190095328911 inconsistent symmetries of similar keys (weighted)
# 5.459041214877378 irregularity cost for randomly sampled words (weighted).
# Finger load %: 10.7 8.7 7.0 11.9 - 12.8 9.2 12.5 11.6
 
