
# Evolved Layout
ßpcöä qylfkzj
tnmeo vursh⇘
wbgax üi,.d
┌───┬───┬───┬───┬───┬───┬───┬───┬───┬───┬───┬───┬───┬──────┐
│ ^ │ 1 │ 2 │ 3 │ 4 │ 5 │ 6 │ 7 │ 8 │ 9 │ 0 │ - │ ` │ ←    │
├───┴─┬─┴─┬─┴─┬─┴─┬─┴─┬─┴─┬─┴─┬─┴─┬─┴─┬─┴─┬─┴─┬─┴─┬─┴─┬────┤
│   ⇥ │ ß │ p │ c │ ö │ ä │ q │ y │ l │ f │ k │ z │ j │ Ret│
├─────┴┬──┴┬──┴┬──┴┬──┴┬──┴┬──┴┬──┴┬──┴┬──┴┬──┴┬──┴┬──┴┐   │
│    ⇩ │ t │ n │ m │ e │ o │ v │ u │ r │ s │ h │ ⇘ │ ´ │   │
├────┬─┴─┬─┴─┬─┴─┬─┴─┬─┴─┬─┴─┬─┴─┬─┴─┬─┴─┬─┴─┬─┴─┬─┴───┴───┤
│  ⇧ │ ⇚ │ w │ b │ g │ a │ x │ ü │ i │ , │ . │ d │ ⇗       │
├────┼───┴┬──┴─┬─┴───┴───┴───┴───┴───┴─┬─┴──┬┴───┼────┬────┤
│Strg│ Fe │ Alt│      Leerzeichen      │ M4 │ Fe │ Me │Strg│
└────┴────┴────┴───────────────────────┴────┴────┴────┴────┘
# 10.238351536605482 x100 total penalty per letter
# 37.46961194232935 x10 billion total penalty compared to notime-noeffort
# 8.045452079415423 mean key position cost in file 1gramme.txt ( 58.88837988 )
# 10.531519863873854 % finger repeats in file 2gramme.txt ( 50.83993255571319 )
# 15.075365778822565 million keystrokes disbalance of the fingers ( 30.15073155764513 )
# 0.33533212686800196 % finger repeats top to bottom or vice versa ( 8.093923258034925 )
# 4.592370040743284 % of trigrams have no handswitching (after direction change counted x 1 ) ( 20.31349728286043 )
# 8.973577830049067 billion (rows²/dist)² to cross ( 116.65651179063786 )
# 0.036485226226310674 hand disbalance. Left: 0.5364852262263107 %, Right: 0.46351477377368927 % ( 1.068208891589761 )
# 1.0979192834421578 badly positioned shortcut keys (weighted).
# 13.742895445136554 no handswitching after unbalancing key (weighted).
# 24.47762285006955 movement pattern cost (weighted).
# 0.9081996244970538 asymmetric bigram cost (weighted).
# 5.308825704518115 irregularity cost (weighted).
# 18.47771320461147 manually assigned bigram penalty (weighted)
# 14.345060448492628 unbalancing key after neighboring finger (weighted)
# 0.9081996244970538 asymmetrc bigrams (weighted)
# 10.326697646044682 inconsistent symmetries of similar keys (weighted)
# 5.308825704518115 irregularity cost for randomly sampled words (weighted).
# Finger load %: 11.5 9.0 6.1 18.6 - 10.4 9.1 7.5 12.1
 
