
# Evolved Layout
joyzq xfsukvß
caenm ptrih⇘
gäölü bd,.w
┌───┬───┬───┬───┬───┬───┬───┬───┬───┬───┬───┬───┬───┬──────┐
│ ^ │ 1 │ 2 │ 3 │ 4 │ 5 │ 6 │ 7 │ 8 │ 9 │ 0 │ - │ ` │ ←    │
├───┴─┬─┴─┬─┴─┬─┴─┬─┴─┬─┴─┬─┴─┬─┴─┬─┴─┬─┴─┬─┴─┬─┴─┬─┴─┬────┤
│   ⇥ │ j │ o │ y │ z │ q │ x │ f │ s │ u │ k │ v │ ß │ Ret│
├─────┴┬──┴┬──┴┬──┴┬──┴┬──┴┬──┴┬──┴┬──┴┬──┴┬──┴┬──┴┬──┴┐   │
│    ⇩ │ c │ a │ e │ n │ m │ p │ t │ r │ i │ h │ ⇘ │ ´ │   │
├────┬─┴─┬─┴─┬─┴─┬─┴─┬─┴─┬─┴─┬─┴─┬─┴─┬─┴─┬─┴─┬─┴─┬─┴───┴───┤
│  ⇧ │ ⇚ │ g │ ä │ ö │ l │ ü │ b │ d │ , │ . │ w │ ⇗       │
├────┼───┴┬──┴─┬─┴───┴───┴───┴───┴───┴─┬─┴──┬┴───┼────┬────┤
│Strg│ Fe │ Alt│      Leerzeichen      │ M4 │ Fe │ Me │Strg│
└────┴────┴────┴───────────────────────┴────┴────┴────┴────┘
# 9.453934257062102 x100 total penalty per letter
# 34.59885575074297 x10 billion total penalty compared to notime-noeffort
# 7.44646799204408 mean key position cost in file 1gramme.txt ( 54.50413868 )
# 10.366210508227894 % finger repeats in file 2gramme.txt ( 50.04191701754779 )
# 11.149721141224095 million keystrokes disbalance of the fingers ( 22.299442282448194 )
# 0.3802278707101634 % finger repeats top to bottom or vice versa ( 9.177573395183545 )
# 4.128874146349055 % of trigrams have no handswitching (after direction change counted x 1 ) ( 18.263309142997407 )
# 8.046094985075815 billion (rows²/dist)² to cross ( 104.59923480598557 )
# 0.008634162144482482 hand disbalance. Left: 0.4913658378555175 %, Right: 0.5086341621444824 % ( 0.25278968306116295 )
# 0.7319461889614385 badly positioned shortcut keys (weighted).
# 11.543186339893394 no handswitching after unbalancing key (weighted).
# 30.190937577867977 movement pattern cost (weighted).
# 0.8703009202016784 asymmetric bigram cost (weighted).
# 3.2710394516990555 irregularity cost (weighted).
# 16.956569342478794 manually assigned bigram penalty (weighted)
# 13.308284647444069 unbalancing key after neighboring finger (weighted)
# 0.8703009202016784 asymmetrc bigrams (weighted)
# 9.977888031659656 inconsistent symmetries of similar keys (weighted)
# 3.2710394516990555 irregularity cost for randomly sampled words (weighted).
# Finger load %: 10.2 7.6 11.3 12.3 - 13.0 10.9 9.4 9.5
 
