
# Evolved Layout
ßoypz vgmuqxj
haenf btsir⇘
küäcö wd,.l
┌───┬───┬───┬───┬───┬───┬───┬───┬───┬───┬───┬───┬───┬──────┐
│ ^ │ 1 │ 2 │ 3 │ 4 │ 5 │ 6 │ 7 │ 8 │ 9 │ 0 │ - │ ` │ ←    │
├───┴─┬─┴─┬─┴─┬─┴─┬─┴─┬─┴─┬─┴─┬─┴─┬─┴─┬─┴─┬─┴─┬─┴─┬─┴─┬────┤
│   ⇥ │ ß │ o │ y │ p │ z │ v │ g │ m │ u │ q │ x │ j │ Ret│
├─────┴┬──┴┬──┴┬──┴┬──┴┬──┴┬──┴┬──┴┬──┴┬──┴┬──┴┬──┴┬──┴┐   │
│    ⇩ │ h │ a │ e │ n │ f │ b │ t │ s │ i │ r │ ⇘ │ ´ │   │
├────┬─┴─┬─┴─┬─┴─┬─┴─┬─┴─┬─┴─┬─┴─┬─┴─┬─┴─┬─┴─┬─┴─┬─┴───┴───┤
│  ⇧ │ ⇚ │ k │ ü │ ä │ c │ ö │ w │ d │ , │ . │ l │ ⇗       │
├────┼───┴┬──┴─┬─┴───┴───┴───┴───┴───┴─┬─┴──┬┴───┼────┬────┤
│Strg│ Fe │ Alt│      Leerzeichen      │ M4 │ Fe │ Me │Strg│
└────┴────┴────┴───────────────────────┴────┴────┴────┴────┘
# 9.458871921995446 x100 total penalty per letter
# 34.61692627589461 x10 billion total penalty compared to notime-noeffort
# 7.565860941031214 mean key position cost in file 1gramme.txt ( 55.37803082 )
# 7.401870284120346 % finger repeats in file 2gramme.txt ( 35.731840313160276 )
# 12.883434259277777 million keystrokes disbalance of the fingers ( 25.766868518555558 )
# 0.35981362866557376 % finger repeats top to bottom or vice versa ( 8.684834121964732 )
# 4.791973482195388 % of trigrams have no handswitching (after direction change counted x 1 ) ( 21.196406092388905 )
# 8.004324166476154 billion (rows²/dist)² to cross ( 104.05621416418998 )
# 0.011213873913877404 hand disbalance. Left: 0.4887861260861226 %, Right: 0.5112138739138774 % ( 0.32831809099026626 )
# 1.463892377922877 badly positioned shortcut keys (weighted).
# 12.311968485020685 no handswitching after unbalancing key (weighted).
# 31.178520097753722 movement pattern cost (weighted).
# 0.8943832159755108 asymmetric bigram cost (weighted).
# 3.673913784970377 irregularity cost (weighted).
# 20.448762025607387 manually assigned bigram penalty (weighted)
# 10.692895919831615 unbalancing key after neighboring finger (weighted)
# 0.8943832159755108 asymmetrc bigrams (weighted)
# 14.362414730614226 inconsistent symmetries of similar keys (weighted)
# 3.673913784970377 irregularity cost for randomly sampled words (weighted).
# Finger load %: 10.2 7.7 11.5 11.9 - 14.3 7.8 9.4 11.7
 
