
# Evolved Layout
üpfgß qzäoöxj
ihntb creas⇘
ukydv ml,.w
┌───┬───┬───┬───┬───┬───┬───┬───┬───┬───┬───┬───┬───┬──────┐
│ ^ │ 1 │ 2 │ 3 │ 4 │ 5 │ 6 │ 7 │ 8 │ 9 │ 0 │ - │ ` │ ←    │
├───┴─┬─┴─┬─┴─┬─┴─┬─┴─┬─┴─┬─┴─┬─┴─┬─┴─┬─┴─┬─┴─┬─┴─┬─┴─┬────┤
│   ⇥ │ ü │ p │ f │ g │ ß │ q │ z │ ä │ o │ ö │ x │ j │ Ret│
├─────┴┬──┴┬──┴┬──┴┬──┴┬──┴┬──┴┬──┴┬──┴┬──┴┬──┴┬──┴┬──┴┐   │
│    ⇩ │ i │ h │ n │ t │ b │ c │ r │ e │ a │ s │ ⇘ │ ´ │   │
├────┬─┴─┬─┴─┬─┴─┬─┴─┬─┴─┬─┴─┬─┴─┬─┴─┬─┴─┬─┴─┬─┴─┬─┴───┴───┤
│  ⇧ │ ⇚ │ u │ k │ y │ d │ v │ m │ l │ , │ . │ w │ ⇗       │
├────┼───┴┬──┴─┬─┴───┴───┴───┴───┴───┴─┬─┴──┬┴───┼────┬────┤
│Strg│ Fe │ Alt│      Leerzeichen      │ M4 │ Fe │ Me │Strg│
└────┴────┴────┴───────────────────────┴────┴────┴────┴────┘
# 10.127978733254896 x100 total penalty per letter
# 37.065677178442094 x10 billion total penalty compared to notime-noeffort
# 7.736632508511272 mean key position cost in file 1gramme.txt ( 56.6279868 )
# 9.767214000734228 % finger repeats in file 2gramme.txt ( 47.15031709315814 )
# 14.802000344960588 million keystrokes disbalance of the fingers ( 29.604000689921172 )
# 0.3760542407751869 % finger repeats top to bottom or vice versa ( 9.076834343674667 )
# 3.9450764621450625 % of trigrams have no handswitching (after direction change counted x 1 ) ( 17.450314169693915 )
# 8.991404274423518 billion (rows²/dist)² to cross ( 116.88825556750572 )
# 0.029008956890801962 hand disbalance. Left: 0.47099104310919804 %, Right: 0.529008956890802 % ( 0.8493198176787663 )
# 1.463892377922877 badly positioned shortcut keys (weighted).
# 10.904223759442315 no handswitching after unbalancing key (weighted).
# 27.62953303248071 movement pattern cost (weighted).
# 0.8679087566464999 asymmetric bigram cost (weighted).
# 3.4770188054333198 irregularity cost (weighted).
# 20.9095098043933 manually assigned bigram penalty (weighted)
# 11.859287617463144 unbalancing key after neighboring finger (weighted)
# 0.8679087566464999 asymmetrc bigrams (weighted)
# 15.898369149006417 inconsistent symmetries of similar keys (weighted)
# 3.4770188054333198 irregularity cost for randomly sampled words (weighted).
# Finger load %: 13.6 5.4 8.3 12.4 - 13.6 12.3 8.6 10.3
 
