
# Evolved Layout
äuüzj xploköß
cienf btrah⇘
mvysq wd,.g
┌───┬───┬───┬───┬───┬───┬───┬───┬───┬───┬───┬───┬───┬──────┐
│ ^ │ 1 │ 2 │ 3 │ 4 │ 5 │ 6 │ 7 │ 8 │ 9 │ 0 │ - │ ` │ ←    │
├───┴─┬─┴─┬─┴─┬─┴─┬─┴─┬─┴─┬─┴─┬─┴─┬─┴─┬─┴─┬─┴─┬─┴─┬─┴─┬────┤
│   ⇥ │ ä │ u │ ü │ z │ j │ x │ p │ l │ o │ k │ ö │ ß │ Ret│
├─────┴┬──┴┬──┴┬──┴┬──┴┬──┴┬──┴┬──┴┬──┴┬──┴┬──┴┬──┴┬──┴┐   │
│    ⇩ │ c │ i │ e │ n │ f │ b │ t │ r │ a │ h │ ⇘ │ ´ │   │
├────┬─┴─┬─┴─┬─┴─┬─┴─┬─┴─┬─┴─┬─┴─┬─┴─┬─┴─┬─┴─┬─┴─┬─┴───┴───┤
│  ⇧ │ ⇚ │ m │ v │ y │ s │ q │ w │ d │ , │ . │ g │ ⇗       │
├────┼───┴┬──┴─┬─┴───┴───┴───┴───┴───┴─┬─┴──┬┴───┼────┬────┤
│Strg│ Fe │ Alt│      Leerzeichen      │ M4 │ Fe │ Me │Strg│
└────┴────┴────┴───────────────────────┴────┴────┴────┴────┘
# 10.072642994394059 x100 total penalty per letter
# 36.86316326257931 x10 billion total penalty compared to notime-noeffort
# 7.562102825965538 mean key position cost in file 1gramme.txt ( 55.35052344 )
# 9.442475858621215 % finger repeats in file 2gramme.txt ( 45.58267391755856 )
# 11.430734268302025 million keystrokes disbalance of the fingers ( 22.86146853660405 )
# 0.4099947374410107 % finger repeats top to bottom or vice versa ( 9.896057297104667 )
# 5.049455640092223 % of trigrams have no handswitching (after direction change counted x 1 ) ( 22.335330671292358 )
# 8.541561998466126 billion (rows²/dist)² to cross ( 111.04030598005963 )
# 0.019469369493076094 hand disbalance. Left: 0.5194693694930761 %, Right: 0.48053063050692396 % ( 0.5700212320775657 )
# 0.36597309448071924 badly positioned shortcut keys (weighted).
# 10.609475859921684 no handswitching after unbalancing key (weighted).
# 38.5513607066799 movement pattern cost (weighted).
# 0.8647695888636953 asymmetric bigram cost (weighted).
# 5.015621687835375 irregularity cost (weighted).
# 19.254894629049453 manually assigned bigram penalty (weighted)
# 11.132406064029121 unbalancing key after neighboring finger (weighted)
# 0.8647695888636953 asymmetrc bigrams (weighted)
# 15.200749920236364 inconsistent symmetries of similar keys (weighted)
# 5.015621687835375 irregularity cost for randomly sampled words (weighted).
# Finger load %: 10.0 8.8 11.5 13.5 - 12.8 9.1 8.6 10.1
 
