
# Evolved Layout
öoudj wglbzqß
aeitv msrnh⇘
üäxcy kf,.p
┌───┬───┬───┬───┬───┬───┬───┬───┬───┬───┬───┬───┬───┬──────┐
│ ^ │ 1 │ 2 │ 3 │ 4 │ 5 │ 6 │ 7 │ 8 │ 9 │ 0 │ - │ ` │ ←    │
├───┴─┬─┴─┬─┴─┬─┴─┬─┴─┬─┴─┬─┴─┬─┴─┬─┴─┬─┴─┬─┴─┬─┴─┬─┴─┬────┤
│   ⇥ │ ö │ o │ u │ d │ j │ w │ g │ l │ b │ z │ q │ ß │ Ret│
├─────┴┬──┴┬──┴┬──┴┬──┴┬──┴┬──┴┬──┴┬──┴┬──┴┬──┴┬──┴┬──┴┐   │
│    ⇩ │ a │ e │ i │ t │ v │ m │ s │ r │ n │ h │ ⇘ │ ´ │   │
├────┬─┴─┬─┴─┬─┴─┬─┴─┬─┴─┬─┴─┬─┴─┬─┴─┬─┴─┬─┴─┬─┴─┬─┴───┴───┤
│  ⇧ │ ⇚ │ ü │ ä │ x │ c │ y │ k │ f │ , │ . │ p │ ⇗       │
├────┼───┴┬──┴─┬─┴───┴───┴───┴───┴───┴─┬─┴──┬┴───┼────┬────┤
│Strg│ Fe │ Alt│      Leerzeichen      │ M4 │ Fe │ Me │Strg│
└────┴────┴────┴───────────────────────┴────┴────┴────┴────┘
# 9.48848761733301 x100 total penalty per letter
# 34.72531175257349 x10 billion total penalty compared to notime-noeffort
# 7.335606694828862 mean key position cost in file 1gramme.txt ( 53.69269364 )
# 10.624904547492546 % finger repeats in file 2gramme.txt ( 51.290738429725444 )
# 11.82423722201325 million keystrokes disbalance of the fingers ( 23.6484744440265 )
# 0.42028294706019387 % finger repeats top to bottom or vice versa ( 10.144384172009273 )
# 2.4741239859090247 % of trigrams have no handswitching (after direction change counted x 1 ) ( 10.943828659131396 )
# 8.847347284015616 billion (rows²/dist)² to cross ( 115.015514692203 )
# 0.027506808237639957 hand disbalance. Left: 0.52750680823764 %, Right: 0.4724931917623601 % ( 0.8053401384013468 )
# 1.0979192834421578 badly positioned shortcut keys (weighted).
# 13.275180505292218 no handswitching after unbalancing key (weighted).
# 25.19834662290106 movement pattern cost (weighted).
# 0.8714223394899905 asymmetric bigram cost (weighted).
# 4.299395582722805 irregularity cost (weighted).
# 16.090442537922105 manually assigned bigram penalty (weighted)
# 11.95438742962594 unbalancing key after neighboring finger (weighted)
# 0.8714223394899905 asymmetrc bigrams (weighted)
# 8.925049048841608 inconsistent symmetries of similar keys (weighted)
# 4.299395582722805 irregularity cost for randomly sampled words (weighted).
# Finger load %: 10.7 14.0 8.2 11.7 - 13.0 9.1 9.2 8.5
 
