
# Evolved Layout
ämrvö qboazßj
gsnhl wteic⇘
kyxuü fd,.p
┌───┬───┬───┬───┬───┬───┬───┬───┬───┬───┬───┬───┬───┬──────┐
│ ^ │ 1 │ 2 │ 3 │ 4 │ 5 │ 6 │ 7 │ 8 │ 9 │ 0 │ - │ ` │ ←    │
├───┴─┬─┴─┬─┴─┬─┴─┬─┴─┬─┴─┬─┴─┬─┴─┬─┴─┬─┴─┬─┴─┬─┴─┬─┴─┬────┤
│   ⇥ │ ä │ m │ r │ v │ ö │ q │ b │ o │ a │ z │ ß │ j │ Ret│
├─────┴┬──┴┬──┴┬──┴┬──┴┬──┴┬──┴┬──┴┬──┴┬──┴┬──┴┬──┴┬──┴┐   │
│    ⇩ │ g │ s │ n │ h │ l │ w │ t │ e │ i │ c │ ⇘ │ ´ │   │
├────┬─┴─┬─┴─┬─┴─┬─┴─┬─┴─┬─┴─┬─┴─┬─┴─┬─┴─┬─┴─┬─┴─┬─┴───┴───┤
│  ⇧ │ ⇚ │ k │ y │ x │ u │ ü │ f │ d │ , │ . │ p │ ⇗       │
├────┼───┴┬──┴─┬─┴───┴───┴───┴───┴───┴─┬─┴──┬┴───┼────┬────┤
│Strg│ Fe │ Alt│      Leerzeichen      │ M4 │ Fe │ Me │Strg│
└────┴────┴────┴───────────────────────┴────┴────┴────┴────┘
# 9.884903236559822 x100 total penalty per letter
# 36.17608626126275 x10 billion total penalty compared to notime-noeffort
# 7.294586294076995 mean key position cost in file 1gramme.txt ( 53.39244638 )
# 14.543917504963854 % finger repeats in file 2gramme.txt ( 70.20940895574002 )
# 9.885039149534455 million keystrokes disbalance of the fingers ( 19.77007829906891 )
# 0.3340260675213814 % finger repeats top to bottom or vice versa ( 8.062398857970068 )
# 4.014957910583328 % of trigrams have no handswitching (after direction change counted x 1 ) ( 17.759421798299407 )
# 7.798198814773956 billion (rows²/dist)² to cross ( 101.37658459206143 )
# 0.05497137257303181 hand disbalance. Left: 0.4450286274269682 %, Right: 0.5549713725730318 % ( 1.609443466272399 )
# 0.7319461889614385 badly positioned shortcut keys (weighted).
# 11.621580032184799 no handswitching after unbalancing key (weighted).
# 31.391815457580297 movement pattern cost (weighted).
# 0.8670054991341275 asymmetric bigram cost (weighted).
# 2.8253436462203503 irregularity cost (weighted).
# 15.704692025198886 manually assigned bigram penalty (weighted)
# 13.174584746990437 unbalancing key after neighboring finger (weighted)
# 0.8670054991341275 asymmetrc bigrams (weighted)
# 13.264112666944973 inconsistent symmetries of similar keys (weighted)
# 2.8253436462203503 irregularity cost for randomly sampled words (weighted).
# Finger load %: 8.9 7.2 11.7 9.8 - 13.1 14.7 11.3 7.8
 
