
# Evolved Layout
ßmlgz vwaoxqj
hrnsf btieu⇘
äöüky pd,.c
┌───┬───┬───┬───┬───┬───┬───┬───┬───┬───┬───┬───┬───┬──────┐
│ ^ │ 1 │ 2 │ 3 │ 4 │ 5 │ 6 │ 7 │ 8 │ 9 │ 0 │ - │ ` │ ←    │
├───┴─┬─┴─┬─┴─┬─┴─┬─┴─┬─┴─┬─┴─┬─┴─┬─┴─┬─┴─┬─┴─┬─┴─┬─┴─┬────┤
│   ⇥ │ ß │ m │ l │ g │ z │ v │ w │ a │ o │ x │ q │ j │ Ret│
├─────┴┬──┴┬──┴┬──┴┬──┴┬──┴┬──┴┬──┴┬──┴┬──┴┬──┴┬──┴┬──┴┐   │
│    ⇩ │ h │ r │ n │ s │ f │ b │ t │ i │ e │ u │ ⇘ │ ´ │   │
├────┬─┴─┬─┴─┬─┴─┬─┴─┬─┴─┬─┴─┬─┴─┬─┴─┬─┴─┬─┴─┬─┴─┬─┴───┴───┤
│  ⇧ │ ⇚ │ ä │ ö │ ü │ k │ y │ p │ d │ , │ . │ c │ ⇗       │
├────┼───┴┬──┴─┬─┴───┴───┴───┴───┴───┴─┬─┴──┬┴───┼────┬────┤
│Strg│ Fe │ Alt│      Leerzeichen      │ M4 │ Fe │ Me │Strg│
└────┴────┴────┴───────────────────────┴────┴────┴────┴────┘
# 9.662107240262756 x100 total penalty per letter
# 35.36071285923523 x10 billion total penalty compared to notime-noeffort
# 7.30218132235071 mean key position cost in file 1gramme.txt ( 53.4480379 )
# 11.037030471598957 % finger repeats in file 2gramme.txt ( 53.28023799454171 )
# 11.165198833462453 million keystrokes disbalance of the fingers ( 22.330397666924902 )
# 0.3821516588217529 % finger repeats top to bottom or vice versa ( 9.224007936023275 )
# 3.383332573378781 % of trigrams have no handswitching (after direction change counted x 1 ) ( 14.965544245476218 )
# 8.212466993925073 billion (rows²/dist)² to cross ( 106.76207092102595 )
# 0.06971616861391006 hand disbalance. Left: 0.43028383138608994 %, Right: 0.5697161686139101 % ( 2.041139357037781 )
# 1.463892377922877 badly positioned shortcut keys (weighted).
# 13.067787561846991 no handswitching after unbalancing key (weighted).
# 28.59715743761747 movement pattern cost (weighted).
# 0.8581778351247382 asymmetric bigram cost (weighted).
# 7.203098389497341 irregularity cost (weighted).
# 16.280440419114797 manually assigned bigram penalty (weighted)
# 14.061787437687402 unbalancing key after neighboring finger (weighted)
# 0.8581778351247382 asymmetrc bigrams (weighted)
# 10.023351112510863 inconsistent symmetries of similar keys (weighted)
# 7.203098389497341 irregularity cost for randomly sampled words (weighted).
# Finger load %: 9.2 7.3 9.6 10.3 - 13.3 11.1 14.9 8.8
 
