
# Evolved Layout
äkuxj qwaogzß
htery fsibd⇘
pvünö ml,.c
┌───┬───┬───┬───┬───┬───┬───┬───┬───┬───┬───┬───┬───┬──────┐
│ ^ │ 1 │ 2 │ 3 │ 4 │ 5 │ 6 │ 7 │ 8 │ 9 │ 0 │ - │ ` │ ←    │
├───┴─┬─┴─┬─┴─┬─┴─┬─┴─┬─┴─┬─┴─┬─┴─┬─┴─┬─┴─┬─┴─┬─┴─┬─┴─┬────┤
│   ⇥ │ ä │ k │ u │ x │ j │ q │ w │ a │ o │ g │ z │ ß │ Ret│
├─────┴┬──┴┬──┴┬──┴┬──┴┬──┴┬──┴┬──┴┬──┴┬──┴┬──┴┬──┴┬──┴┐   │
│    ⇩ │ h │ t │ e │ r │ y │ f │ s │ i │ b │ d │ ⇘ │ ´ │   │
├────┬─┴─┬─┴─┬─┴─┬─┴─┬─┴─┬─┴─┬─┴─┬─┴─┬─┴─┬─┴─┬─┴─┬─┴───┴───┤
│  ⇧ │ ⇚ │ p │ v │ ü │ n │ ö │ m │ l │ , │ . │ c │ ⇗       │
├────┼───┴┬──┴─┬─┴───┴───┴───┴───┴───┴─┬─┴──┬┴───┼────┬────┤
│Strg│ Fe │ Alt│      Leerzeichen      │ M4 │ Fe │ Me │Strg│
└────┴────┴────┴───────────────────────┴────┴────┴────┴────┘
# 10.436415258239167 x100 total penalty per letter
# 38.19447187343583 x10 billion total penalty compared to notime-noeffort
# 7.679098407459728 mean key position cost in file 1gramme.txt ( 56.20686814 )
# 15.134592493022799 % finger repeats in file 2gramme.txt ( 73.06083751908295 )
# 13.10032261333044 million keystrokes disbalance of the fingers ( 26.20064522666088 )
# 0.40557667382724943 % finger repeats top to bottom or vice versa ( 9.789418341353862 )
# 4.463654039787943 % of trigrams have no handswitching (after direction change counted x 1 ) ( 19.7441459212607 )
# 7.853106933980568 billion (rows²/dist)² to cross ( 102.09039014174738 )
# 0.012731218724237547 hand disbalance. Left: 0.5127312187242375 %, Right: 0.4872687812757624 % ( 0.3727426810416072 )
# 0.7319461889614385 badly positioned shortcut keys (weighted).
# 11.354767261285547 no handswitching after unbalancing key (weighted).
# 30.11340645408554 movement pattern cost (weighted).
# 0.8885247233450784 asymmetric bigram cost (weighted).
# 5.487374010361021 irregularity cost (weighted).
# 17.504644017766875 manually assigned bigram penalty (weighted)
# 11.365555369601028 unbalancing key after neighboring finger (weighted)
# 0.8885247233450784 asymmetrc bigrams (weighted)
# 17.03345273780443 inconsistent symmetries of similar keys (weighted)
# 5.487374010361021 irregularity cost for randomly sampled words (weighted).
# Finger load %: 10.4 6.7 13.6 12.5 - 12.9 11.1 5.5 11.5
 
