
# Evolved Layout
äüucj qflpvzß
aeitk msrnh⇘
oöxgy wd,.b
┌───┬───┬───┬───┬───┬───┬───┬───┬───┬───┬───┬───┬───┬──────┐
│ ^ │ 1 │ 2 │ 3 │ 4 │ 5 │ 6 │ 7 │ 8 │ 9 │ 0 │ - │ ` │ ←    │
├───┴─┬─┴─┬─┴─┬─┴─┬─┴─┬─┴─┬─┴─┬─┴─┬─┴─┬─┴─┬─┴─┬─┴─┬─┴─┬────┤
│   ⇥ │ ä │ ü │ u │ c │ j │ q │ f │ l │ p │ v │ z │ ß │ Ret│
├─────┴┬──┴┬──┴┬──┴┬──┴┬──┴┬──┴┬──┴┬──┴┬──┴┬──┴┬──┴┬──┴┐   │
│    ⇩ │ a │ e │ i │ t │ k │ m │ s │ r │ n │ h │ ⇘ │ ´ │   │
├────┬─┴─┬─┴─┬─┴─┬─┴─┬─┴─┬─┴─┬─┴─┬─┴─┬─┴─┬─┴─┬─┴─┬─┴───┴───┤
│  ⇧ │ ⇚ │ o │ ö │ x │ g │ y │ w │ d │ , │ . │ b │ ⇗       │
├────┼───┴┬──┴─┬─┴───┴───┴───┴───┴───┴─┬─┴──┬┴───┼────┬────┤
│Strg│ Fe │ Alt│      Leerzeichen      │ M4 │ Fe │ Me │Strg│
└────┴────┴────┴───────────────────────┴────┴────┴────┴────┘
# 9.432920903000898 x100 total penalty per letter
# 34.52195252863099 x10 billion total penalty compared to notime-noeffort
# 7.442951334619233 mean key position cost in file 1gramme.txt ( 54.47839864 )
# 11.460542052621884 % finger repeats in file 2gramme.txt ( 55.32470075908793 )
# 13.88216307216537 million keystrokes disbalance of the fingers ( 27.76432614433074 )
# 0.33406296259491697 % finger repeats top to bottom or vice versa ( 8.063289395648598 )
# 2.500718938720542 % of trigrams have no handswitching (after direction change counted x 1 ) ( 11.061466501221998 )
# 8.134250061739973 billion (rows²/dist)² to cross ( 105.74525080261965 )
# 0.01678553487647616 hand disbalance. Left: 0.5167855348764762 %, Right: 0.48321446512352384 % ( 0.49144433130064147 )
# 0.7319461889614385 badly positioned shortcut keys (weighted).
# 12.720696144908267 no handswitching after unbalancing key (weighted).
# 24.88328258754264 movement pattern cost (weighted).
# 0.8719204873117925 asymmetric bigram cost (weighted).
# 4.9370345062848475 irregularity cost (weighted).
# 18.101346156959384 manually assigned bigram penalty (weighted)
# 10.369881142006223 unbalancing key after neighboring finger (weighted)
# 0.8719204873117925 asymmetrc bigrams (weighted)
# 9.674541498125835 inconsistent symmetries of similar keys (weighted)
# 4.9370345062848475 irregularity cost for randomly sampled words (weighted).
# Finger load %: 13.2 11.4 8.2 10.8 - 13.4 9.1 8.8 9.5
 
