
# Evolved Layout
zmcpß öühiäjq
rsntl uedab⇘
xkfgv yo,.w
┌───┬───┬───┬───┬───┬───┬───┬───┬───┬───┬───┬───┬───┬──────┐
│ ^ │ 1 │ 2 │ 3 │ 4 │ 5 │ 6 │ 7 │ 8 │ 9 │ 0 │ - │ ` │ ←    │
├───┴─┬─┴─┬─┴─┬─┴─┬─┴─┬─┴─┬─┴─┬─┴─┬─┴─┬─┴─┬─┴─┬─┴─┬─┴─┬────┤
│   ⇥ │ z │ m │ c │ p │ ß │ ö │ ü │ h │ i │ ä │ j │ q │ Ret│
├─────┴┬──┴┬──┴┬──┴┬──┴┬──┴┬──┴┬──┴┬──┴┬──┴┬──┴┬──┴┬──┴┐   │
│    ⇩ │ r │ s │ n │ t │ l │ u │ e │ d │ a │ b │ ⇘ │ ´ │   │
├────┬─┴─┬─┴─┬─┴─┬─┴─┬─┴─┬─┴─┬─┴─┬─┴─┬─┴─┬─┴─┬─┴─┬─┴───┴───┤
│  ⇧ │ ⇚ │ x │ k │ f │ g │ v │ y │ o │ , │ . │ w │ ⇗       │
├────┼───┴┬──┴─┬─┴───┴───┴───┴───┴───┴─┬─┴──┬┴───┼────┬────┤
│Strg│ Fe │ Alt│      Leerzeichen      │ M4 │ Fe │ Me │Strg│
└────┴────┴────┴───────────────────────┴────┴────┴────┴────┘
# 10.157954726597925 x100 total penalty per letter
# 37.17538124888092 x10 billion total penalty compared to notime-noeffort
# 7.517719956719242 mean key position cost in file 1gramme.txt ( 55.02566472 )
# 15.811815669021696 % finger repeats in file 2gramme.txt ( 76.33006940944425 )
# 11.918483586782571 million keystrokes disbalance of the fingers ( 23.836967173565142 )
# 0.3921663992903933 % finger repeats top to bottom or vice versa ( 9.465734076490037 )
# 2.8126623453138975 % of trigrams have no handswitching (after direction change counted x 1 ) ( 12.441290314638993 )
# 8.800761177807278 billion (rows²/dist)² to cross ( 114.40989531149461 )
# 0.02047871709852045 hand disbalance. Left: 0.47952128290147955 %, Right: 0.5204787170985204 % ( 0.5995727574032597 )
# 0.36597309448071924 badly positioned shortcut keys (weighted).
# 12.849351454696162 no handswitching after unbalancing key (weighted).
# 25.37168682604328 movement pattern cost (weighted).
# 0.8668460143773097 asymmetric bigram cost (weighted).
# 2.8442833710877347 irregularity cost (weighted).
# 16.22693497436565 manually assigned bigram penalty (weighted)
# 11.876055712961193 unbalancing key after neighboring finger (weighted)
# 0.8668460143773097 asymmetrc bigrams (weighted)
# 9.243487277760842 inconsistent symmetries of similar keys (weighted)
# 2.8442833710877347 irregularity cost for randomly sampled words (weighted).
# Finger load %: 11.1 7.7 10.0 11.6 - 17.8 7.7 11.3 7.1
 
