
# Evolved Layout
jlfpq övohyxß
crsnm üieut⇘
gzkbw äa,.d
┌───┬───┬───┬───┬───┬───┬───┬───┬───┬───┬───┬───┬───┬──────┐
│ ^ │ 1 │ 2 │ 3 │ 4 │ 5 │ 6 │ 7 │ 8 │ 9 │ 0 │ - │ ` │ ←    │
├───┴─┬─┴─┬─┴─┬─┴─┬─┴─┬─┴─┬─┴─┬─┴─┬─┴─┬─┴─┬─┴─┬─┴─┬─┴─┬────┤
│   ⇥ │ j │ l │ f │ p │ q │ ö │ v │ o │ h │ y │ x │ ß │ Ret│
├─────┴┬──┴┬──┴┬──┴┬──┴┬──┴┬──┴┬──┴┬──┴┬──┴┬──┴┬──┴┬──┴┐   │
│    ⇩ │ c │ r │ s │ n │ m │ ü │ i │ e │ u │ t │ ⇘ │ ´ │   │
├────┬─┴─┬─┴─┬─┴─┬─┴─┬─┴─┬─┴─┬─┴─┬─┴─┬─┴─┬─┴─┬─┴─┬─┴───┴───┤
│  ⇧ │ ⇚ │ g │ z │ k │ b │ w │ ä │ a │ , │ . │ d │ ⇗       │
├────┼───┴┬──┴─┬─┴───┴───┴───┴───┴───┴─┬─┴──┬┴───┼────┬────┤
│Strg│ Fe │ Alt│      Leerzeichen      │ M4 │ Fe │ Me │Strg│
└────┴────┴────┴───────────────────────┴────┴────┴────┴────┘
# 9.905344665807029 x100 total penalty per letter
# 36.25089639243484 x10 billion total penalty compared to notime-noeffort
# 7.975327755012795 mean key position cost in file 1gramme.txt ( 58.37510756 )
# 10.37502652051129 % finger repeats in file 2gramme.txt ( 50.084475496826315 )
# 13.866496162824816 million keystrokes disbalance of the fingers ( 27.732992325649636 )
# 0.398555489732231 % finger repeats top to bottom or vice versa ( 9.619947775630274 )
# 3.377215702122515 % of trigrams have no handswitching (after direction change counted x 1 ) ( 14.938487399764444 )
# 8.822365025471674 billion (rows²/dist)² to cross ( 114.69074533113177 )
# 0.05871037498439147 hand disbalance. Left: 0.44128962501560853 %, Right: 0.5587103749843915 % ( 1.7189134088928923 )
# 0.7319461889614385 badly positioned shortcut keys (weighted).
# 10.9032736102327 no handswitching after unbalancing key (weighted).
# 30.874259810007533 movement pattern cost (weighted).
# 0.8809679924387771 asymmetric bigram cost (weighted).
# 3.8094580982829283 irregularity cost (weighted).
# 19.37726016614797 manually assigned bigram penalty (weighted)
# 8.444431114337027 unbalancing key after neighboring finger (weighted)
# 0.8809679924387771 asymmetrc bigrams (weighted)
# 10.326697646044682 inconsistent symmetries of similar keys (weighted)
# 3.8094580982829283 irregularity cost for randomly sampled words (weighted).
# Finger load %: 9.4 8.7 7.1 12.1 - 12.2 14.7 7.1 13.1
 
