
# Evolved Layout
öilkß qfocyxj
hantp wmegr⇘
uäüdv bs,.z
┌───┬───┬───┬───┬───┬───┬───┬───┬───┬───┬───┬───┬───┬──────┐
│ ^ │ 1 │ 2 │ 3 │ 4 │ 5 │ 6 │ 7 │ 8 │ 9 │ 0 │ - │ ` │ ←    │
├───┴─┬─┴─┬─┴─┬─┴─┬─┴─┬─┴─┬─┴─┬─┴─┬─┴─┬─┴─┬─┴─┬─┴─┬─┴─┬────┤
│   ⇥ │ ö │ i │ l │ k │ ß │ q │ f │ o │ c │ y │ x │ j │ Ret│
├─────┴┬──┴┬──┴┬──┴┬──┴┬──┴┬──┴┬──┴┬──┴┬──┴┬──┴┬──┴┬──┴┐   │
│    ⇩ │ h │ a │ n │ t │ p │ w │ m │ e │ g │ r │ ⇘ │ ´ │   │
├────┬─┴─┬─┴─┬─┴─┬─┴─┬─┴─┬─┴─┬─┴─┬─┴─┬─┴─┬─┴─┬─┴─┬─┴───┴───┤
│  ⇧ │ ⇚ │ u │ ä │ ü │ d │ v │ b │ s │ , │ . │ z │ ⇗       │
├────┼───┴┬──┴─┬─┴───┴───┴───┴───┴───┴─┬─┴──┬┴───┼────┬────┤
│Strg│ Fe │ Alt│      Leerzeichen      │ M4 │ Fe │ Me │Strg│
└────┴────┴────┴───────────────────────┴────┴────┴────┴────┘
# 10.411508633048816 x100 total penalty per letter
# 38.10332032649598 x10 billion total penalty compared to notime-noeffort
# 7.828112506644752 mean key position cost in file 1gramme.txt ( 57.29757116 )
# 11.154954813086658 % finger repeats in file 2gramme.txt ( 53.849506784365396 )
# 12.878168266156122 million keystrokes disbalance of the fingers ( 25.756336532312243 )
# 0.36874903840565176 % finger repeats top to bottom or vice versa ( 8.900508418939436 )
# 4.293940073567516 % of trigrams have no handswitching (after direction change counted x 1 ) ( 18.993447662824163 )
# 8.709970072910945 billion (rows²/dist)² to cross ( 113.2296109478423 )
# 0.00165853002144134 hand disbalance. Left: 0.5016585300214413 %, Right: 0.49834146997855866 % ( 0.04855818913888487 )
# 1.463892377922877 badly positioned shortcut keys (weighted).
# 10.762423144396816 no handswitching after unbalancing key (weighted).
# 38.90125268909658 movement pattern cost (weighted).
# 0.8694288825474097 asymmetric bigram cost (weighted).
# 4.157592006178073 irregularity cost (weighted).
# 19.29016601077864 manually assigned bigram penalty (weighted)
# 10.843357030583078 unbalancing key after neighboring finger (weighted)
# 0.8694288825474097 asymmetrc bigrams (weighted)
# 16.669551428033994 inconsistent symmetries of similar keys (weighted)
# 4.157592006178073 irregularity cost for randomly sampled words (weighted).
# Finger load %: 11.4 10.4 9.6 11.0 - 11.5 14.7 5.6 10.2
 
