
# Evolved Layout
ßocbq vgilzäj
uentw mhars⇘
yüpkö fd,.x
┌───┬───┬───┬───┬───┬───┬───┬───┬───┬───┬───┬───┬───┬──────┐
│ ^ │ 1 │ 2 │ 3 │ 4 │ 5 │ 6 │ 7 │ 8 │ 9 │ 0 │ - │ ` │ ←    │
├───┴─┬─┴─┬─┴─┬─┴─┬─┴─┬─┴─┬─┴─┬─┴─┬─┴─┬─┴─┬─┴─┬─┴─┬─┴─┬────┤
│   ⇥ │ ß │ o │ c │ b │ q │ v │ g │ i │ l │ z │ ä │ j │ Ret│
├─────┴┬──┴┬──┴┬──┴┬──┴┬──┴┬──┴┬──┴┬──┴┬──┴┬──┴┬──┴┬──┴┐   │
│    ⇩ │ u │ e │ n │ t │ w │ m │ h │ a │ r │ s │ ⇘ │ ´ │   │
├────┬─┴─┬─┴─┬─┴─┬─┴─┬─┴─┬─┴─┬─┴─┬─┴─┬─┴─┬─┴─┬─┴─┬─┴───┴───┤
│  ⇧ │ ⇚ │ y │ ü │ p │ k │ ö │ f │ d │ , │ . │ x │ ⇗       │
├────┼───┴┬──┴─┬─┴───┴───┴───┴───┴───┴─┬─┴──┬┴───┼────┬────┤
│Strg│ Fe │ Alt│      Leerzeichen      │ M4 │ Fe │ Me │Strg│
└────┴────┴────┴───────────────────────┴────┴────┴────┴────┘
# 9.854528440148867 x100 total penalty per letter
# 36.064922678895364 x10 billion total penalty compared to notime-noeffort
# 7.282978724930341 mean key position cost in file 1gramme.txt ( 53.30748522 )
# 9.965345052437852 % finger repeats in file 2gramme.txt ( 48.106776316138664 )
# 11.0049651209212 million keystrokes disbalance of the fingers ( 22.0099302418424 )
# 0.3923609730580182 % finger repeats top to bottom or vice versa ( 9.470430510314886 )
# 4.190389691432812 % of trigrams have no handswitching (after direction change counted x 1 ) ( 18.535411749456863 )
# 8.052342615818896 billion (rows²/dist)² to cross ( 104.68045400564564 )
# 0.011234153166454652 hand disbalance. Left: 0.48876584683354535 %, Right: 0.5112341531664547 % ( 0.3289118238558224 )
# 1.0979192834421578 badly positioned shortcut keys (weighted).
# 13.24294721230254 no handswitching after unbalancing key (weighted).
# 39.36922032778682 movement pattern cost (weighted).
# 0.8708356842186504 asymmetric bigram cost (weighted).
# 3.3528769476359646 irregularity cost (weighted).
# 18.26903131299254 manually assigned bigram penalty (weighted)
# 14.244676355416166 unbalancing key after neighboring finger (weighted)
# 0.8708356842186504 asymmetrc bigrams (weighted)
# 13.762319797904528 inconsistent symmetries of similar keys (weighted)
# 3.3528769476359646 irregularity cost for randomly sampled words (weighted).
# Finger load %: 8.9 14.0 9.6 8.8 - 13.4 11.1 9.3 9.4
 
