
# Evolved Layout
ßlcgö qwouüjx
hrntk mseia⇘
vzpdy fb,.ä
┌───┬───┬───┬───┬───┬───┬───┬───┬───┬───┬───┬───┬───┬──────┐
│ ^ │ 1 │ 2 │ 3 │ 4 │ 5 │ 6 │ 7 │ 8 │ 9 │ 0 │ - │ ` │ ←    │
├───┴─┬─┴─┬─┴─┬─┴─┬─┴─┬─┴─┬─┴─┬─┴─┬─┴─┬─┴─┬─┴─┬─┴─┬─┴─┬────┤
│   ⇥ │ ß │ l │ c │ g │ ö │ q │ w │ o │ u │ ü │ j │ x │ Ret│
├─────┴┬──┴┬──┴┬──┴┬──┴┬──┴┬──┴┬──┴┬──┴┬──┴┬──┴┬──┴┬──┴┐   │
│    ⇩ │ h │ r │ n │ t │ k │ m │ s │ e │ i │ a │ ⇘ │ ´ │   │
├────┬─┴─┬─┴─┬─┴─┬─┴─┬─┴─┬─┴─┬─┴─┬─┴─┬─┴─┬─┴─┬─┴─┬─┴───┴───┤
│  ⇧ │ ⇚ │ v │ z │ p │ d │ y │ f │ b │ , │ . │ ä │ ⇗       │
├────┼───┴┬──┴─┬─┴───┴───┴───┴───┴───┴─┬─┴──┬┴───┼────┬────┤
│Strg│ Fe │ Alt│      Leerzeichen      │ M4 │ Fe │ Me │Strg│
└────┴────┴────┴───────────────────────┴────┴────┴────┴────┘
# 9.297389822988364 x100 total penalty per letter
# 34.02594524112598 x10 billion total penalty compared to notime-noeffort
# 7.292475239981348 mean key position cost in file 1gramme.txt ( 53.3769946 )
# 10.124515044585676 % finger repeats in file 2gramme.txt ( 48.87515464806845 )
# 10.52356929721562 million keystrokes disbalance of the fingers ( 21.04713859443124 )
# 0.3568392829750268 % finger repeats top to bottom or vice versa ( 8.613042236149894 )
# 2.9937597740617483 % of trigrams have no handswitching (after direction change counted x 1 ) ( 13.242341208657773 )
# 8.14269296097244 billion (rows²/dist)² to cross ( 105.8550084926417 )
# 0.029602555708399148 hand disbalance. Left: 0.47039744429160085 %, Right: 0.5296025557083992 % ( 0.8666991133712573 )
# 0.36597309448071924 badly positioned shortcut keys (weighted).
# 11.372100106154896 no handswitching after unbalancing key (weighted).
# 27.905575434491425 movement pattern cost (weighted).
# 0.8653035402900379 asymmetric bigram cost (weighted).
# 4.108177164733522 irregularity cost (weighted).
# 15.990229581079065 manually assigned bigram penalty (weighted)
# 13.710048265271489 unbalancing key after neighboring finger (weighted)
# 0.8653035402900379 asymmetrc bigrams (weighted)
# 14.065666331438347 inconsistent symmetries of similar keys (weighted)
# 4.108177164733522 irregularity cost for randomly sampled words (weighted).
# Finger load %: 9.6 8.7 9.6 11.8 - 11.5 14.7 9.4 9.1
 
