
# Evolved Layout
öläxü vdbmkzß
ureio wtnsh⇘
cjyaq pg,.f
┌───┬───┬───┬───┬───┬───┬───┬───┬───┬───┬───┬───┬───┬──────┐
│ ^ │ 1 │ 2 │ 3 │ 4 │ 5 │ 6 │ 7 │ 8 │ 9 │ 0 │ - │ ` │ ←    │
├───┴─┬─┴─┬─┴─┬─┴─┬─┴─┬─┴─┬─┴─┬─┴─┬─┴─┬─┴─┬─┴─┬─┴─┬─┴─┬────┤
│   ⇥ │ ö │ l │ ä │ x │ ü │ v │ d │ b │ m │ k │ z │ ß │ Ret│
├─────┴┬──┴┬──┴┬──┴┬──┴┬──┴┬──┴┬──┴┬──┴┬──┴┬──┴┬──┴┬──┴┐   │
│    ⇩ │ u │ r │ e │ i │ o │ w │ t │ n │ s │ h │ ⇘ │ ´ │   │
├────┬─┴─┬─┴─┬─┴─┬─┴─┬─┴─┬─┴─┬─┴─┬─┴─┬─┴─┬─┴─┬─┴─┬─┴───┴───┤
│  ⇧ │ ⇚ │ c │ j │ y │ a │ q │ p │ g │ , │ . │ f │ ⇗       │
├────┼───┴┬──┴─┬─┴───┴───┴───┴───┴───┴─┬─┴──┬┴───┼────┬────┤
│Strg│ Fe │ Alt│      Leerzeichen      │ M4 │ Fe │ Me │Strg│
└────┴────┴────┴───────────────────────┴────┴────┴────┴────┘
# 9.521967739714679 x100 total penalty per letter
# 34.84783999248961 x10 billion total penalty compared to notime-noeffort
# 7.6842938658928075 mean key position cost in file 1gramme.txt ( 56.2448961 )
# 9.813948090788339 % finger repeats in file 2gramme.txt ( 47.37592156593266 )
# 11.866544926506435 million keystrokes disbalance of the fingers ( 23.73308985301287 )
# 0.33285598727673615 % finger repeats top to bottom or vice versa ( 8.034156590238801 )
# 2.9170530203410068 % of trigrams have no handswitching (after direction change counted x 1 ) ( 12.903043107794993 )
# 7.964708974330436 billion (rows²/dist)² to cross ( 103.54121666629567 )
# 0.02034347018981264 hand disbalance. Left: 0.5203434701898126 %, Right: 0.4796565298101874 % ( 0.5956130190273599 )
# 0.7319461889614385 badly positioned shortcut keys (weighted).
# 14.501060102433176 no handswitching after unbalancing key (weighted).
# 31.606608754265377 movement pattern cost (weighted).
# 0.8606169797022815 asymmetric bigram cost (weighted).
# 10.214516385537749 irregularity cost (weighted).
# 18.4355526523005 manually assigned bigram penalty (weighted)
# 10.10786506724749 unbalancing key after neighboring finger (weighted)
# 0.8606169797022815 asymmetrc bigrams (weighted)
# 9.592296892145866 inconsistent symmetries of similar keys (weighted)
# 10.214516385537749 irregularity cost for randomly sampled words (weighted).
# Finger load %: 10.9 8.2 11.5 13.3 - 13.9 9.1 8.0 9.6
 
