
# Evolved Layout
ßäobz üvldgxj
seanw kirth⇘
fyöcq pu,.m
┌───┬───┬───┬───┬───┬───┬───┬───┬───┬───┬───┬───┬───┬──────┐
│ ^ │ 1 │ 2 │ 3 │ 4 │ 5 │ 6 │ 7 │ 8 │ 9 │ 0 │ - │ ` │ ←    │
├───┴─┬─┴─┬─┴─┬─┴─┬─┴─┬─┴─┬─┴─┬─┴─┬─┴─┬─┴─┬─┴─┬─┴─┬─┴─┬────┤
│   ⇥ │ ß │ ä │ o │ b │ z │ ü │ v │ l │ d │ g │ x │ j │ Ret│
├─────┴┬──┴┬──┴┬──┴┬──┴┬──┴┬──┴┬──┴┬──┴┬──┴┬──┴┬──┴┬──┴┐   │
│    ⇩ │ s │ e │ a │ n │ w │ k │ i │ r │ t │ h │ ⇘ │ ´ │   │
├────┬─┴─┬─┴─┬─┴─┬─┴─┬─┴─┬─┴─┬─┴─┬─┴─┬─┴─┬─┴─┬─┴─┬─┴───┴───┤
│  ⇧ │ ⇚ │ f │ y │ ö │ c │ q │ p │ u │ , │ . │ m │ ⇗       │
├────┼───┴┬──┴─┬─┴───┴───┴───┴───┴───┴─┬─┴──┬┴───┼────┬────┤
│Strg│ Fe │ Alt│      Leerzeichen      │ M4 │ Fe │ Me │Strg│
└────┴────┴────┴───────────────────────┴────┴────┴────┴────┘
# 9.988672173301335 x100 total penalty per letter
# 36.55585265016541 x10 billion total penalty compared to notime-noeffort
# 7.320398661550085 mean key position cost in file 1gramme.txt ( 53.58137902 )
# 8.35798173508439 % finger repeats in file 2gramme.txt ( 40.347379410180714 )
# 13.548786258924222 million keystrokes disbalance of the fingers ( 27.09757251784844 )
# 0.36697616243523823 % finger repeats top to bottom or vice versa ( 8.857716449722036 )
# 3.6515237746477647 % of trigrams have no handswitching (after direction change counted x 1 ) ( 16.151838291890392 )
# 8.868951838668357 billion (rows²/dist)² to cross ( 115.29637390268866 )
# 0.005310310745643587 hand disbalance. Left: 0.5053103107456436 %, Right: 0.49468968925435636 % ( 0.15547446849899194 )
# 1.463892377922877 badly positioned shortcut keys (weighted).
# 11.624525851802328 no handswitching after unbalancing key (weighted).
# 34.010477339046176 movement pattern cost (weighted).
# 0.8815306079572514 asymmetric bigram cost (weighted).
# 10.907404802455307 irregularity cost (weighted).
# 21.143636351824735 manually assigned bigram penalty (weighted)
# 11.412088900709767 unbalancing key after neighboring finger (weighted)
# 0.8815306079572514 asymmetrc bigrams (weighted)
# 12.62723620910651 inconsistent symmetries of similar keys (weighted)
# 10.907404802455307 irregularity cost for randomly sampled words (weighted).
# Finger load %: 11.7 11.7 7.3 12.0 - 11.9 9.1 9.5 11.2
 
