
# Evolved Layout
ßgdvz qbuoüöj
rhtsm wneai⇘
lkxfy pc,.ä
┌───┬───┬───┬───┬───┬───┬───┬───┬───┬───┬───┬───┬───┬──────┐
│ ^ │ 1 │ 2 │ 3 │ 4 │ 5 │ 6 │ 7 │ 8 │ 9 │ 0 │ - │ ` │ ←    │
├───┴─┬─┴─┬─┴─┬─┴─┬─┴─┬─┴─┬─┴─┬─┴─┬─┴─┬─┴─┬─┴─┬─┴─┬─┴─┬────┤
│   ⇥ │ ß │ g │ d │ v │ z │ q │ b │ u │ o │ ü │ ö │ j │ Ret│
├─────┴┬──┴┬──┴┬──┴┬──┴┬──┴┬──┴┬──┴┬──┴┬──┴┬──┴┬──┴┬──┴┐   │
│    ⇩ │ r │ h │ t │ s │ m │ w │ n │ e │ a │ i │ ⇘ │ ´ │   │
├────┬─┴─┬─┴─┬─┴─┬─┴─┬─┴─┬─┴─┬─┴─┬─┴─┬─┴─┬─┴─┬─┴─┬─┴───┴───┤
│  ⇧ │ ⇚ │ l │ k │ x │ f │ y │ p │ c │ , │ . │ ä │ ⇗       │
├────┼───┴┬──┴─┬─┴───┴───┴───┴───┴───┴─┬─┴──┬┴───┼────┬────┤
│Strg│ Fe │ Alt│      Leerzeichen      │ M4 │ Fe │ Me │Strg│
└────┴────┴────┴───────────────────────┴────┴────┴────┴────┘
# 10.187406956995037 x100 total penalty per letter
# 37.283168487858816 x10 billion total penalty compared to notime-noeffort
# 7.482255893388532 mean key position cost in file 1gramme.txt ( 54.76608686 )
# 10.745283546437822 % finger repeats in file 2gramme.txt ( 51.87185685010611 )
# 14.450158899718472 million keystrokes disbalance of the fingers ( 28.900317799436948 )
# 0.3385670608008585 % finger repeats top to bottom or vice versa ( 8.172004971355703 )
# 3.9030949486670896 % of trigrams have no handswitching (after direction change counted x 1 ) ( 17.264616729723 )
# 8.991624514794573 billion (rows²/dist)² to cross ( 116.89111869232946 )
# 0.05342990813845944 hand disbalance. Left: 0.44657009186154056 %, Right: 0.5534299081384594 % ( 1.5643127055402053 )
# 0.7319461889614385 badly positioned shortcut keys (weighted).
# 11.788223911894821 no handswitching after unbalancing key (weighted).
# 24.15981685780462 movement pattern cost (weighted).
# 0.8833572539747074 asymmetric bigram cost (weighted).
# 10.900242407252133 irregularity cost (weighted).
# 21.752791442255443 manually assigned bigram penalty (weighted)
# 11.307248448131237 unbalancing key after neighboring finger (weighted)
# 0.8833572539747074 asymmetrc bigrams (weighted)
# 11.877743759822282 inconsistent symmetries of similar keys (weighted)
# 10.900242407252133 irregularity cost for randomly sampled words (weighted).
# Finger load %: 13.1 6.4 8.3 9.8 - 13.2 14.5 8.6 10.5
 
