
# Evolved Layout
jhbkß äödcwzq
iunrm xetgs⇘
üvply oa,.f
┌───┬───┬───┬───┬───┬───┬───┬───┬───┬───┬───┬───┬───┬──────┐
│ ^ │ 1 │ 2 │ 3 │ 4 │ 5 │ 6 │ 7 │ 8 │ 9 │ 0 │ - │ ` │ ←    │
├───┴─┬─┴─┬─┴─┬─┴─┬─┴─┬─┴─┬─┴─┬─┴─┬─┴─┬─┴─┬─┴─┬─┴─┬─┴─┬────┤
│   ⇥ │ j │ h │ b │ k │ ß │ ä │ ö │ d │ c │ w │ z │ q │ Ret│
├─────┴┬──┴┬──┴┬──┴┬──┴┬──┴┬──┴┬──┴┬──┴┬──┴┬──┴┬──┴┬──┴┐   │
│    ⇩ │ i │ u │ n │ r │ m │ x │ e │ t │ g │ s │ ⇘ │ ´ │   │
├────┬─┴─┬─┴─┬─┴─┬─┴─┬─┴─┬─┴─┬─┴─┬─┴─┬─┴─┬─┴─┬─┴─┬─┴───┴───┤
│  ⇧ │ ⇚ │ ü │ v │ p │ l │ y │ o │ a │ , │ . │ f │ ⇗       │
├────┼───┴┬──┴─┬─┴───┴───┴───┴───┴───┴─┬─┴──┬┴───┼────┬────┤
│Strg│ Fe │ Alt│      Leerzeichen      │ M4 │ Fe │ Me │Strg│
└────┴────┴────┴───────────────────────┴────┴────┴────┴────┘
# 10.091034746214726 x100 total penalty per letter
# 36.930472125846634 x10 billion total penalty compared to notime-noeffort
# 7.628794824279327 mean key position cost in file 1gramme.txt ( 55.83867298 )
# 13.04515103793827 % finger repeats in file 2gramme.txt ( 62.97425324362637 )
# 14.962796972341861 million keystrokes disbalance of the fingers ( 29.925593944683722 )
# 0.48616216767317133 % finger repeats top to bottom or vice versa ( 11.734513220844745 )
# 3.895538670515566 % of trigrams have no handswitching (after direction change counted x 1 ) ( 17.23119293452842 )
# 8.334511811191058 billion (rows²/dist)² to cross ( 108.34865354548377 )
# 0.0452064354165731 hand disbalance. Left: 0.4547935645834269 %, Right: 0.5452064354165731 % ( 1.3235471247876833 )
# 1.0979192834421578 badly positioned shortcut keys (weighted).
# 11.50974135250156 no handswitching after unbalancing key (weighted).
# 20.412561520670277 movement pattern cost (weighted).
# 0.8567439741188265 asymmetric bigram cost (weighted).
# 7.6584355626551295 irregularity cost (weighted).
# 19.993620482428884 manually assigned bigram penalty (weighted)
# 9.990329836670082 unbalancing key after neighboring finger (weighted)
# 0.8567439741188265 asymmetrc bigrams (weighted)
# 10.408942252024653 inconsistent symmetries of similar keys (weighted)
# 7.6584355626551295 irregularity cost for randomly sampled words (weighted).
# Finger load %: 11.5 6.6 8.8 11.4 - 19.4 9.3 5.6 11.7
 
