
# Evolved Layout
ßpaxö qflmkzj
uniey wtrsh⇘
cvüoä bd,.g
┌───┬───┬───┬───┬───┬───┬───┬───┬───┬───┬───┬───┬───┬──────┐
│ ^ │ 1 │ 2 │ 3 │ 4 │ 5 │ 6 │ 7 │ 8 │ 9 │ 0 │ - │ ` │ ←    │
├───┴─┬─┴─┬─┴─┬─┴─┬─┴─┬─┴─┬─┴─┬─┴─┬─┴─┬─┴─┬─┴─┬─┴─┬─┴─┬────┤
│   ⇥ │ ß │ p │ a │ x │ ö │ q │ f │ l │ m │ k │ z │ j │ Ret│
├─────┴┬──┴┬──┴┬──┴┬──┴┬──┴┬──┴┬──┴┬──┴┬──┴┬──┴┬──┴┬──┴┐   │
│    ⇩ │ u │ n │ i │ e │ y │ w │ t │ r │ s │ h │ ⇘ │ ´ │   │
├────┬─┴─┬─┴─┬─┴─┬─┴─┬─┴─┬─┴─┬─┴─┬─┴─┬─┴─┬─┴─┬─┴─┬─┴───┴───┤
│  ⇧ │ ⇚ │ c │ v │ ü │ o │ ä │ b │ d │ , │ . │ g │ ⇗       │
├────┼───┴┬──┴─┬─┴───┴───┴───┴───┴───┴─┬─┴──┬┴───┼────┬────┤
│Strg│ Fe │ Alt│      Leerzeichen      │ M4 │ Fe │ Me │Strg│
└────┴────┴────┴───────────────────────┴────┴────┴────┴────┘
# 9.21038394427535 x100 total penalty per letter
# 33.70752713441983 x10 billion total penalty compared to notime-noeffort
# 7.508337313427193 mean key position cost in file 1gramme.txt ( 54.95698882 )
# 9.539026457370063 % finger repeats in file 2gramme.txt ( 46.04876295238469 )
# 12.211813694711589 million keystrokes disbalance of the fingers ( 24.423627389423174 )
# 0.34587361186539256 % finger repeats top to bottom or vice versa ( 8.348363449589227 )
# 2.8978808057906105 % of trigrams have no handswitching (after direction change counted x 1 ) ( 12.818238371956925 )
# 7.8923865858763165 billion (rows²/dist)² to cross ( 102.6010256163921 )
# 0.021257649400496126 hand disbalance. Left: 0.5212576494004961 %, Right: 0.4787423505995039 % ( 0.6223782185988619 )
# 0.36597309448071924 badly positioned shortcut keys (weighted).
# 12.120186787119158 no handswitching after unbalancing key (weighted).
# 30.742578972802605 movement pattern cost (weighted).
# 0.8811556555434974 asymmetric bigram cost (weighted).
# 3.088511965347394 irregularity cost (weighted).
# 17.73423304481143 manually assigned bigram penalty (weighted)
# 8.6431718138239 unbalancing key after neighboring finger (weighted)
# 0.8811556555434974 asymmetrc bigrams (weighted)
# 13.680075191924557 inconsistent symmetries of similar keys (weighted)
# 3.088511965347394 irregularity cost for randomly sampled words (weighted).
# Finger load %: 10.8 8.3 10.2 14.6 - 13.1 9.1 8.0 10.3
 
