
# Evolved Layout
ßuolä vwfikzj
rcenm gtsah⇘
xyüöq bd,.p
┌───┬───┬───┬───┬───┬───┬───┬───┬───┬───┬───┬───┬───┬──────┐
│ ^ │ 1 │ 2 │ 3 │ 4 │ 5 │ 6 │ 7 │ 8 │ 9 │ 0 │ - │ ` │ ←    │
├───┴─┬─┴─┬─┴─┬─┴─┬─┴─┬─┴─┬─┴─┬─┴─┬─┴─┬─┴─┬─┴─┬─┴─┬─┴─┬────┤
│   ⇥ │ ß │ u │ o │ l │ ä │ v │ w │ f │ i │ k │ z │ j │ Ret│
├─────┴┬──┴┬──┴┬──┴┬──┴┬──┴┬──┴┬──┴┬──┴┬──┴┬──┴┬──┴┬──┴┐   │
│    ⇩ │ r │ c │ e │ n │ m │ g │ t │ s │ a │ h │ ⇘ │ ´ │   │
├────┬─┴─┬─┴─┬─┴─┬─┴─┬─┴─┬─┴─┬─┴─┬─┴─┬─┴─┬─┴─┬─┴─┬─┴───┴───┤
│  ⇧ │ ⇚ │ x │ y │ ü │ ö │ q │ b │ d │ , │ . │ p │ ⇗       │
├────┼───┴┬──┴─┬─┴───┴───┴───┴───┴───┴─┬─┴──┬┴───┼────┬────┤
│Strg│ Fe │ Alt│      Leerzeichen      │ M4 │ Fe │ Me │Strg│
└────┴────┴────┴───────────────────────┴────┴────┴────┴────┘
# 9.748337990554054 x100 total penalty per letter
# 35.67629420447024 x10 billion total penalty compared to notime-noeffort
# 7.495027930651633 mean key position cost in file 1gramme.txt ( 54.8595713 )
# 10.905496136277275 % finger repeats in file 2gramme.txt ( 52.64526822541523 )
# 12.787026845771917 million keystrokes disbalance of the fingers ( 25.574053691543835 )
# 0.3784908081710024 % finger repeats top to bottom or vice versa ( 9.135645856007107 )
# 4.731874680536415 % of trigrams have no handswitching (after direction change counted x 1 ) ( 20.930570187753244 )
# 7.558140357788673 billion (rows²/dist)² to cross ( 98.25582465125275 )
# 0.0031182333409941476 hand disbalance. Left: 0.5031182333409941 %, Right: 0.49688176665900585 % ( 0.0912951604093264 )
# 0.7319461889614385 badly positioned shortcut keys (weighted).
# 12.452440127952524 no handswitching after unbalancing key (weighted).
# 33.674332207498054 movement pattern cost (weighted).
# 0.8899184792011892 asymmetric bigram cost (weighted).
# 4.349816478713828 irregularity cost (weighted).
# 16.81798306132014 manually assigned bigram penalty (weighted)
# 13.690258694438583 unbalancing key after neighboring finger (weighted)
# 0.8899184792011892 asymmetrc bigrams (weighted)
# 12.664017734235273 inconsistent symmetries of similar keys (weighted)
# 4.349816478713828 irregularity cost for randomly sampled words (weighted).
# Finger load %: 11.6 5.3 13.8 11.7 - 14.3 7.3 11.3 9.1
 
