
# Evolved Layout
övopä qzufwjß
haenk mrist⇘
gyxbü cl,.d
┌───┬───┬───┬───┬───┬───┬───┬───┬───┬───┬───┬───┬───┬──────┐
│ ^ │ 1 │ 2 │ 3 │ 4 │ 5 │ 6 │ 7 │ 8 │ 9 │ 0 │ - │ ` │ ←    │
├───┴─┬─┴─┬─┴─┬─┴─┬─┴─┬─┴─┬─┴─┬─┴─┬─┴─┬─┴─┬─┴─┬─┴─┬─┴─┬────┤
│   ⇥ │ ö │ v │ o │ p │ ä │ q │ z │ u │ f │ w │ j │ ß │ Ret│
├─────┴┬──┴┬──┴┬──┴┬──┴┬──┴┬──┴┬──┴┬──┴┬──┴┬──┴┬──┴┬──┴┐   │
│    ⇩ │ h │ a │ e │ n │ k │ m │ r │ i │ s │ t │ ⇘ │ ´ │   │
├────┬─┴─┬─┴─┬─┴─┬─┴─┬─┴─┬─┴─┬─┴─┬─┴─┬─┴─┬─┴─┬─┴─┬─┴───┴───┤
│  ⇧ │ ⇚ │ g │ y │ x │ b │ ü │ c │ l │ , │ . │ d │ ⇗       │
├────┼───┴┬──┴─┬─┴───┴───┴───┴───┴───┴─┬─┴──┬┴───┼────┬────┤
│Strg│ Fe │ Alt│      Leerzeichen      │ M4 │ Fe │ Me │Strg│
└────┴────┴────┴───────────────────────┴────┴────┴────┴────┘
# 9.756926601673145 x100 total penalty per letter
# 35.70772621035569 x10 billion total penalty compared to notime-noeffort
# 7.4616048124375585 mean key position cost in file 1gramme.txt ( 54.61493206 )
# 10.263847366996572 % finger repeats in file 2gramme.txt ( 49.54776847453995 )
# 14.742436471843291 million keystrokes disbalance of the fingers ( 29.484872943686582 )
# 0.36655443834956597 % finger repeats top to bottom or vice versa ( 8.847537280737013 )
# 3.909762306788315 % of trigrams have no handswitching (after direction change counted x 1 ) ( 17.29410855200164 )
# 7.876909985254101 billion (rows²/dist)² to cross ( 102.39982980830331 )
# 0.014912247312203808 hand disbalance. Left: 0.4850877526877962 %, Right: 0.5149122473122038 % ( 0.4365985035607213 )
# 0.7319461889614385 badly positioned shortcut keys (weighted).
# 10.990749376909376 no handswitching after unbalancing key (weighted).
# 32.01116800594641 movement pattern cost (weighted).
# 0.8811978205003365 asymmetric bigram cost (weighted).
# 4.066191433063118 irregularity cost (weighted).
# 19.293245141941366 manually assigned bigram penalty (weighted)
# 11.744202338663015 unbalancing key after neighboring finger (weighted)
# 0.8811978205003365 asymmetrc bigrams (weighted)
# 14.732914174742604 inconsistent symmetries of similar keys (weighted)
# 4.066191433063118 irregularity cost for randomly sampled words (weighted).
# Finger load %: 11.0 5.7 13.7 10.6 - 13.6 9.2 7.5 13.2
 
