
# Evolved Layout
jocxq wgifvzß
uenrm btash⇘
öüylä pd,.k
┌───┬───┬───┬───┬───┬───┬───┬───┬───┬───┬───┬───┬───┬──────┐
│ ^ │ 1 │ 2 │ 3 │ 4 │ 5 │ 6 │ 7 │ 8 │ 9 │ 0 │ - │ ` │ ←    │
├───┴─┬─┴─┬─┴─┬─┴─┬─┴─┬─┴─┬─┴─┬─┴─┬─┴─┬─┴─┬─┴─┬─┴─┬─┴─┬────┤
│   ⇥ │ j │ o │ c │ x │ q │ w │ g │ i │ f │ v │ z │ ß │ Ret│
├─────┴┬──┴┬──┴┬──┴┬──┴┬──┴┬──┴┬──┴┬──┴┬──┴┬──┴┬──┴┬──┴┐   │
│    ⇩ │ u │ e │ n │ r │ m │ b │ t │ a │ s │ h │ ⇘ │ ´ │   │
├────┬─┴─┬─┴─┬─┴─┬─┴─┬─┴─┬─┴─┬─┴─┬─┴─┬─┴─┬─┴─┬─┴─┬─┴───┴───┤
│  ⇧ │ ⇚ │ ö │ ü │ y │ l │ ä │ p │ d │ , │ . │ k │ ⇗       │
├────┼───┴┬──┴─┬─┴───┴───┴───┴───┴───┴─┬─┴──┬┴───┼────┬────┤
│Strg│ Fe │ Alt│      Leerzeichen      │ M4 │ Fe │ Me │Strg│
└────┴────┴────┴───────────────────────┴────┴────┴────┴────┘
# 9.582948980658868 x100 total penalty per letter
# 35.0710149270258 x10 billion total penalty compared to notime-noeffort
# 7.291060707033962 mean key position cost in file 1gramme.txt ( 53.36664098 )
# 10.228078243735492 % finger repeats in file 2gramme.txt ( 49.37509635905467 )
# 10.984487574671762 million keystrokes disbalance of the fingers ( 21.968975149343525 )
# 0.32109074997405435 % finger repeats top to bottom or vice versa ( 7.750178646550869 )
# 4.95863526618812 % of trigrams have no handswitching (after direction change counted x 1 ) ( 21.933603588726783 )
# 7.55799516107246 billion (rows²/dist)² to cross ( 98.25393709394199 )
# 0.00306286931354538 hand disbalance. Left: 0.5030628693135454 %, Right: 0.4969371306864546 % ( 0.08967422085345914 )
# 0.7319461889614385 badly positioned shortcut keys (weighted).
# 13.826987887718838 no handswitching after unbalancing key (weighted).
# 34.88505023844798 movement pattern cost (weighted).
# 0.8789113609353779 asymmetric bigram cost (weighted).
# 6.203981662552237 irregularity cost (weighted).
# 14.60053104332029 manually assigned bigram penalty (weighted)
# 14.581299950514516 unbalancing key after neighboring finger (weighted)
# 0.8789113609353779 asymmetrc bigrams (weighted)
# 12.263334899336073 inconsistent symmetries of similar keys (weighted)
# 6.203981662552237 irregularity cost for randomly sampled words (weighted).
# Finger load %: 9.0 14.0 9.0 10.4 - 14.6 11.1 7.5 8.7
 
