
# Evolved Layout
öknüä xwimzßj
utley ghars⇘
cvpoq bd,.f
┌───┬───┬───┬───┬───┬───┬───┬───┬───┬───┬───┬───┬───┬──────┐
│ ^ │ 1 │ 2 │ 3 │ 4 │ 5 │ 6 │ 7 │ 8 │ 9 │ 0 │ - │ ` │ ←    │
├───┴─┬─┴─┬─┴─┬─┴─┬─┴─┬─┴─┬─┴─┬─┴─┬─┴─┬─┴─┬─┴─┬─┴─┬─┴─┬────┤
│   ⇥ │ ö │ k │ n │ ü │ ä │ x │ w │ i │ m │ z │ ß │ j │ Ret│
├─────┴┬──┴┬──┴┬──┴┬──┴┬──┴┬──┴┬──┴┬──┴┬──┴┬──┴┬──┴┬──┴┐   │
│    ⇩ │ u │ t │ l │ e │ y │ g │ h │ a │ r │ s │ ⇘ │ ´ │   │
├────┬─┴─┬─┴─┬─┴─┬─┴─┬─┴─┬─┴─┬─┴─┬─┴─┬─┴─┬─┴─┬─┴─┬─┴───┴───┤
│  ⇧ │ ⇚ │ c │ v │ p │ o │ q │ b │ d │ , │ . │ f │ ⇗       │
├────┼───┴┬──┴─┬─┴───┴───┴───┴───┴───┴─┬─┴──┬┴───┼────┬────┤
│Strg│ Fe │ Alt│      Leerzeichen      │ M4 │ Fe │ Me │Strg│
└────┴────┴────┴───────────────────────┴────┴────┴────┴────┘
# 9.474893898897342 x100 total penalty per letter
# 34.67556240055948 x10 billion total penalty compared to notime-noeffort
# 7.543866671175335 mean key position cost in file 1gramme.txt ( 55.2170446 )
# 10.149565656543944 % finger repeats in file 2gramme.txt ( 48.996084147219506 )
# 12.218081647861812 million keystrokes disbalance of the fingers ( 24.436163295723624 )
# 0.37121269652461997 % finger repeats top to bottom or vice versa ( 8.959973821002785 )
# 4.117407378814506 % of trigrams have no handswitching (after direction change counted x 1 ) ( 18.21258802316392 )
# 7.664755764026565 billion (rows²/dist)² to cross ( 99.64182493234536 )
# 0.0037208722431907315 hand disbalance. Left: 0.5037208722431907 %, Right: 0.49627912775680927 % ( 0.1089391303206342 )
# 0.7319461889614385 badly positioned shortcut keys (weighted).
# 11.298248397592376 no handswitching after unbalancing key (weighted).
# 29.711859605276572 movement pattern cost (weighted).
# 0.8884176648683587 asymmetric bigram cost (weighted).
# 3.8732504666446657 irregularity cost (weighted).
# 20.715749081455883 manually assigned bigram penalty (weighted)
# 11.418543047893214 unbalancing key after neighboring finger (weighted)
# 0.8884176648683587 asymmetrc bigrams (weighted)
# 12.54499160312654 inconsistent symmetries of similar keys (weighted)
# 3.8732504666446657 irregularity cost for randomly sampled words (weighted).
# Finger load %: 10.8 6.7 10.2 14.7 - 12.1 11.1 8.4 10.3
 
