
# Evolved Layout
jzmäö qblivßx
hnseü gtrac⇘
kpfoy wd,.u
┌───┬───┬───┬───┬───┬───┬───┬───┬───┬───┬───┬───┬───┬──────┐
│ ^ │ 1 │ 2 │ 3 │ 4 │ 5 │ 6 │ 7 │ 8 │ 9 │ 0 │ - │ ` │ ←    │
├───┴─┬─┴─┬─┴─┬─┴─┬─┴─┬─┴─┬─┴─┬─┴─┬─┴─┬─┴─┬─┴─┬─┴─┬─┴─┬────┤
│   ⇥ │ j │ z │ m │ ä │ ö │ q │ b │ l │ i │ v │ ß │ x │ Ret│
├─────┴┬──┴┬──┴┬──┴┬──┴┬──┴┬──┴┬──┴┬──┴┬──┴┬──┴┬──┴┬──┴┐   │
│    ⇩ │ h │ n │ s │ e │ ü │ g │ t │ r │ a │ c │ ⇘ │ ´ │   │
├────┬─┴─┬─┴─┬─┴─┬─┴─┬─┴─┬─┴─┬─┴─┬─┴─┬─┴─┬─┴─┬─┴─┬─┴───┴───┤
│  ⇧ │ ⇚ │ k │ p │ f │ o │ y │ w │ d │ , │ . │ u │ ⇗       │
├────┼───┴┬──┴─┬─┴───┴───┴───┴───┴───┴─┬─┴──┬┴───┼────┬────┤
│Strg│ Fe │ Alt│      Leerzeichen      │ M4 │ Fe │ Me │Strg│
└────┴────┴────┴───────────────────────┴────┴────┴────┴────┘
# 9.69514419724867 x100 total penalty per letter
# 35.48161923303885 x10 billion total penalty compared to notime-noeffort
# 7.733300752657116 mean key position cost in file 1gramme.txt ( 56.60360014 )
# 9.177659432802383 % finger repeats in file 2gramme.txt ( 44.30429725376312 )
# 11.440671033432167 million keystrokes disbalance of the fingers ( 22.881342066864335 )
# 0.35854225368172127 % finger repeats top to bottom or vice versa ( 8.654146899575396 )
# 4.796928078465468 % of trigrams have no handswitching (after direction change counted x 1 ) ( 21.218321830227325 )
# 8.176328349534712 billion (rows²/dist)² to cross ( 106.29226854395125 )
# 0.014922060404734705 hand disbalance. Left: 0.4850779395952653 %, Right: 0.5149220604047346 % ( 0.4368858097879179 )
# 1.0979192834421578 badly positioned shortcut keys (weighted).
# 10.518805115202024 no handswitching after unbalancing key (weighted).
# 31.632832054500543 movement pattern cost (weighted).
# 0.8798897862657606 asymmetric bigram cost (weighted).
# 6.7300983820233995 irregularity cost (weighted).
# 16.665790939807096 manually assigned bigram penalty (weighted)
# 11.668872919276112 unbalancing key after neighboring finger (weighted)
# 0.8798897862657606 asymmetrc bigrams (weighted)
# 15.231121305702159 inconsistent symmetries of similar keys (weighted)
# 6.7300983820233995 irregularity cost for randomly sampled words (weighted).
# Finger load %: 9.9 8.3 8.0 14.8 - 13.7 9.1 11.3 9.4
 
