
# Evolved Layout
ßvczj öwouxäq
stnrm gheia⇘
kfply bd,.ü
┌───┬───┬───┬───┬───┬───┬───┬───┬───┬───┬───┬───┬───┬──────┐
│ ^ │ 1 │ 2 │ 3 │ 4 │ 5 │ 6 │ 7 │ 8 │ 9 │ 0 │ - │ ` │ ←    │
├───┴─┬─┴─┬─┴─┬─┴─┬─┴─┬─┴─┬─┴─┬─┴─┬─┴─┬─┴─┬─┴─┬─┴─┬─┴─┬────┤
│   ⇥ │ ß │ v │ c │ z │ j │ ö │ w │ o │ u │ x │ ä │ q │ Ret│
├─────┴┬──┴┬──┴┬──┴┬──┴┬──┴┬──┴┬──┴┬──┴┬──┴┬──┴┬──┴┬──┴┐   │
│    ⇩ │ s │ t │ n │ r │ m │ g │ h │ e │ i │ a │ ⇘ │ ´ │   │
├────┬─┴─┬─┴─┬─┴─┬─┴─┬─┴─┬─┴─┬─┴─┬─┴─┬─┴─┬─┴─┬─┴─┬─┴───┴───┤
│  ⇧ │ ⇚ │ k │ f │ p │ l │ y │ b │ d │ , │ . │ ü │ ⇗       │
├────┼───┴┬──┴─┬─┴───┴───┴───┴───┴───┴─┬─┴──┬┴───┼────┬────┤
│Strg│ Fe │ Alt│      Leerzeichen      │ M4 │ Fe │ Me │Strg│
└────┴────┴────┴───────────────────────┴────┴────┴────┴────┘
# 9.614158601010622 x100 total penalty per letter
# 35.18523374040281 x10 billion total penalty compared to notime-noeffort
# 7.352844268014266 mean key position cost in file 1gramme.txt ( 53.8188634 )
# 10.271195385937387 % finger repeats in file 2gramme.txt ( 49.58324035250227 )
# 11.865050389248177 million keystrokes disbalance of the fingers ( 23.730100778496354 )
# 0.3544404360815136 % finger repeats top to bottom or vice versa ( 8.555141184898954 )
# 3.0644805531312604 % of trigrams have no handswitching (after direction change counted x 1 ) ( 13.55516146066817 )
# 8.451538938260189 billion (rows²/dist)² to cross ( 109.87000619738245 )
# 0.0379136177533847 hand disbalance. Left: 0.4620863822466153 %, Right: 0.5379136177533846 % ( 1.1100291209732267 )
# 0.36597309448071924 badly positioned shortcut keys (weighted).
# 11.8417688539081 no handswitching after unbalancing key (weighted).
# 30.739369670938988 movement pattern cost (weighted).
# 0.8669274410899778 asymmetric bigram cost (weighted).
# 4.248427414942305 irregularity cost (weighted).
# 18.86243554459027 manually assigned bigram penalty (weighted)
# 15.11259599701044 unbalancing key after neighboring finger (weighted)
# 0.8669274410899778 asymmetrc bigrams (weighted)
# 9.592296892145868 inconsistent symmetries of similar keys (weighted)
# 4.248427414942305 irregularity cost for randomly sampled words (weighted).
# Finger load %: 11.1 7.1 9.6 11.1 - 12.1 14.7 9.4 9.2
 
