
# Evolved Layout
öäupj qwlmzvß
aeinb gtrsh⇘
oyxcü fd,.k
┌───┬───┬───┬───┬───┬───┬───┬───┬───┬───┬───┬───┬───┬──────┐
│ ^ │ 1 │ 2 │ 3 │ 4 │ 5 │ 6 │ 7 │ 8 │ 9 │ 0 │ - │ ` │ ←    │
├───┴─┬─┴─┬─┴─┬─┴─┬─┴─┬─┴─┬─┴─┬─┴─┬─┴─┬─┴─┬─┴─┬─┴─┬─┴─┬────┤
│   ⇥ │ ö │ ä │ u │ p │ j │ q │ w │ l │ m │ z │ v │ ß │ Ret│
├─────┴┬──┴┬──┴┬──┴┬──┴┬──┴┬──┴┬──┴┬──┴┬──┴┬──┴┬──┴┬──┴┐   │
│    ⇩ │ a │ e │ i │ n │ b │ g │ t │ r │ s │ h │ ⇘ │ ´ │   │
├────┬─┴─┬─┴─┬─┴─┬─┴─┬─┴─┬─┴─┬─┴─┬─┴─┬─┴─┬─┴─┬─┴─┬─┴───┴───┤
│  ⇧ │ ⇚ │ o │ y │ x │ c │ ü │ f │ d │ , │ . │ k │ ⇗       │
├────┼───┴┬──┴─┬─┴───┴───┴───┴───┴───┴─┬─┴──┬┴───┼────┬────┤
│Strg│ Fe │ Alt│      Leerzeichen      │ M4 │ Fe │ Me │Strg│
└────┴────┴────┴───────────────────────┴────┴────┴────┴────┘
# 9.192009254662599 x100 total penalty per letter
# 33.64028071424281 x10 billion total penalty compared to notime-noeffort
# 7.360682453507301 mean key position cost in file 1gramme.txt ( 53.8762347 )
# 8.646362052252536 % finger repeats in file 2gramme.txt ( 41.73950856767449 )
# 13.65809091337772 million keystrokes disbalance of the fingers ( 27.31618182675544 )
# 0.3222081841343791 % finger repeats top to bottom or vice versa ( 7.777150193906173 )
# 3.4176274876632924 % of trigrams have no handswitching (after direction change counted x 1 ) ( 15.117241439289808 )
# 8.131780487846681 billion (rows²/dist)² to cross ( 105.71314634200685 )
# 0.028268975184180478 hand disbalance. Left: 0.5282689751841805 %, Right: 0.4717310248158196 % ( 0.8276547460762552 )
# 1.0979192834421578 badly positioned shortcut keys (weighted).
# 10.562586710068354 no handswitching after unbalancing key (weighted).
# 26.543879544155814 movement pattern cost (weighted).
# 0.8825581286324554 asymmetric bigram cost (weighted).
# 2.366824249777404 irregularity cost (weighted).
# 17.555618426810643 manually assigned bigram penalty (weighted)
# 11.346227791907788 unbalancing key after neighboring finger (weighted)
# 0.8825581286324554 asymmetrc bigrams (weighted)
# 13.680075191924557 inconsistent symmetries of similar keys (weighted)
# 2.366824249777404 irregularity cost for randomly sampled words (weighted).
# Finger load %: 13.1 11.7 8.2 11.7 - 13.7 9.1 8.0 9.1
 
