
# Evolved Layout
ßlcgq öäumyxj
hrntb oeisf⇘
kzpdv üa,.w
┌───┬───┬───┬───┬───┬───┬───┬───┬───┬───┬───┬───┬───┬──────┐
│ ^ │ 1 │ 2 │ 3 │ 4 │ 5 │ 6 │ 7 │ 8 │ 9 │ 0 │ - │ ` │ ←    │
├───┴─┬─┴─┬─┴─┬─┴─┬─┴─┬─┴─┬─┴─┬─┴─┬─┴─┬─┴─┬─┴─┬─┴─┬─┴─┬────┤
│   ⇥ │ ß │ l │ c │ g │ q │ ö │ ä │ u │ m │ y │ x │ j │ Ret│
├─────┴┬──┴┬──┴┬──┴┬──┴┬──┴┬──┴┬──┴┬──┴┬──┴┬──┴┬──┴┬──┴┐   │
│    ⇩ │ h │ r │ n │ t │ b │ o │ e │ i │ s │ f │ ⇘ │ ´ │   │
├────┬─┴─┬─┴─┬─┴─┬─┴─┬─┴─┬─┴─┬─┴─┬─┴─┬─┴─┬─┴─┬─┴─┬─┴───┴───┤
│  ⇧ │ ⇚ │ k │ z │ p │ d │ v │ ü │ a │ , │ . │ w │ ⇗       │
├────┼───┴┬──┴─┬─┴───┴───┴───┴───┴───┴─┬─┴──┬┴───┼────┬────┤
│Strg│ Fe │ Alt│      Leerzeichen      │ M4 │ Fe │ Me │Strg│
└────┴────┴────┴───────────────────────┴────┴────┴────┴────┘
# 9.77407947365969 x100 total penalty per letter
# 35.77050110675716 x10 billion total penalty compared to notime-noeffort
# 7.477395011463527 mean key position cost in file 1gramme.txt ( 54.73050782 )
# 12.782618695157524 % finger repeats in file 2gramme.txt ( 61.70690277824379 )
# 11.267689453488737 million keystrokes disbalance of the fingers ( 22.535378906977474 )
# 0.3341150764535591 % finger repeats top to bottom or vice versa ( 8.06454726967477 )
# 2.7212237361122362 % of trigrams have no handswitching (after direction change counted x 1 ) ( 12.036828582877966 )
# 8.432857109395858 billion (rows²/dist)² to cross ( 109.62714242214616 )
# 0.02177370909995685 hand disbalance. Left: 0.47822629090004315 %, Right: 0.5217737090999568 % ( 0.6374873358107365 )
# 0.7319461889614385 badly positioned shortcut keys (weighted).
# 13.923215454639214 no handswitching after unbalancing key (weighted).
# 22.34259776123929 movement pattern cost (weighted).
# 0.876791935534057 asymmetric bigram cost (weighted).
# 9.96768302528051 irregularity cost (weighted).
# 15.976678892690144 manually assigned bigram penalty (weighted)
# 9.747235608158931 unbalancing key after neighboring finger (weighted)
# 0.876791935534057 asymmetrc bigrams (weighted)
# 14.80006708533716 inconsistent symmetries of similar keys (weighted)
# 9.96768302528051 irregularity cost for randomly sampled words (weighted).
# Finger load %: 9.6 8.7 9.6 12.4 - 19.6 9.2 8.0 7.3
 
