
# Evolved Layout
ßubzj övomkxq
ainrc ftesh⇘
äüply wd,.g
┌───┬───┬───┬───┬───┬───┬───┬───┬───┬───┬───┬───┬───┬──────┐
│ ^ │ 1 │ 2 │ 3 │ 4 │ 5 │ 6 │ 7 │ 8 │ 9 │ 0 │ - │ ` │ ←    │
├───┴─┬─┴─┬─┴─┬─┴─┬─┴─┬─┴─┬─┴─┬─┴─┬─┴─┬─┴─┬─┴─┬─┴─┬─┴─┬────┤
│   ⇥ │ ß │ u │ b │ z │ j │ ö │ v │ o │ m │ k │ x │ q │ Ret│
├─────┴┬──┴┬──┴┬──┴┬──┴┬──┴┬──┴┬──┴┬──┴┬──┴┬──┴┬──┴┬──┴┐   │
│    ⇩ │ a │ i │ n │ r │ c │ f │ t │ e │ s │ h │ ⇘ │ ´ │   │
├────┬─┴─┬─┴─┬─┴─┬─┴─┬─┴─┬─┴─┬─┴─┬─┴─┬─┴─┬─┴─┬─┴─┬─┴───┴───┤
│  ⇧ │ ⇚ │ ä │ ü │ p │ l │ y │ w │ d │ , │ . │ g │ ⇗       │
├────┼───┴┬──┴─┬─┴───┴───┴───┴───┴───┴─┬─┴──┬┴───┼────┬────┤
│Strg│ Fe │ Alt│      Leerzeichen      │ M4 │ Fe │ Me │Strg│
└────┴────┴────┴───────────────────────┴────┴────┴────┴────┘
# 9.739711368760172 x100 total penalty per letter
# 35.64472308974202 x10 billion total penalty compared to notime-noeffort
# 7.263852641331404 mean key position cost in file 1gramme.txt ( 53.16749258 )
# 10.253126547428518 % finger repeats in file 2gramme.txt ( 49.49601471526998 )
# 11.805078377479072 million keystrokes disbalance of the fingers ( 23.610156754958144 )
# 0.34094006379715114 % finger repeats top to bottom or vice versa ( 8.229282227556807 )
# 4.800379432407978 % of trigrams have no handswitching (after direction change counted x 1 ) ( 21.23358825438552 )
# 8.217779690914172 billion (rows²/dist)² to cross ( 106.83113598188424 )
# 0.033834236073793045 hand disbalance. Left: 0.46616576392620696 %, Right: 0.5338342360737931 % ( 0.9905936060253777 )
# 1.0979192834421578 badly positioned shortcut keys (weighted).
# 11.582587909413064 no handswitching after unbalancing key (weighted).
# 33.58496193735674 movement pattern cost (weighted).
# 0.8623789860503281 asymmetric bigram cost (weighted).
# 5.260912644028217 irregularity cost (weighted).
# 16.36318623456504 manually assigned bigram penalty (weighted)
# 11.940837793743045 unbalancing key after neighboring finger (weighted)
# 0.8623789860503281 asymmetrc bigrams (weighted)
# 12.196181988741515 inconsistent symmetries of similar keys (weighted)
# 5.260912644028217 irregularity cost for randomly sampled words (weighted).
# Finger load %: 10.6 8.5 8.8 11.4 - 12.4 14.7 8.0 10.0
 
