
# Evolved Layout
jlgpß üwuyäöq
rnhtb fsiea⇘
cxkdz vm,.o
┌───┬───┬───┬───┬───┬───┬───┬───┬───┬───┬───┬───┬───┬──────┐
│ ^ │ 1 │ 2 │ 3 │ 4 │ 5 │ 6 │ 7 │ 8 │ 9 │ 0 │ - │ ` │ ←    │
├───┴─┬─┴─┬─┴─┬─┴─┬─┴─┬─┴─┬─┴─┬─┴─┬─┴─┬─┴─┬─┴─┬─┴─┬─┴─┬────┤
│   ⇥ │ j │ l │ g │ p │ ß │ ü │ w │ u │ y │ ä │ ö │ q │ Ret│
├─────┴┬──┴┬──┴┬──┴┬──┴┬──┴┬──┴┬──┴┬──┴┬──┴┬──┴┬──┴┬──┴┐   │
│    ⇩ │ r │ n │ h │ t │ b │ f │ s │ i │ e │ a │ ⇘ │ ´ │   │
├────┬─┴─┬─┴─┬─┴─┬─┴─┬─┴─┬─┴─┬─┴─┬─┴─┬─┴─┬─┴─┬─┴─┬─┴───┴───┤
│  ⇧ │ ⇚ │ c │ x │ k │ d │ z │ v │ m │ , │ . │ o │ ⇗       │
├────┼───┴┬──┴─┬─┴───┴───┴───┴───┴───┴─┬─┴──┬┴───┼────┬────┤
│Strg│ Fe │ Alt│      Leerzeichen      │ M4 │ Fe │ Me │Strg│
└────┴────┴────┴───────────────────────┴────┴────┴────┴────┘
# 9.82746973825413 x100 total penalty per letter
# 35.96589511024489 x10 billion total penalty compared to notime-noeffort
# 7.6490212975136584 mean key position cost in file 1gramme.txt ( 55.98671988 )
# 10.090164235700144 % finger repeats in file 2gramme.txt ( 48.7093293133069 )
# 14.91243671752192 million keystrokes disbalance of the fingers ( 29.82487343504384 )
# 0.33989838356097274 % finger repeats top to bottom or vice versa ( 8.204139155314406 )
# 2.4608713129041395 % of trigrams have no handswitching (after direction change counted x 1 ) ( 10.885207917621683 )
# 8.61553735311599 billion (rows²/dist)² to cross ( 112.00198559050787 )
# 0.025769993520759926 hand disbalance. Left: 0.4742300064792401 %, Right: 0.5257699935207599 % ( 0.7544899418832476 )
# 0.7319461889614385 badly positioned shortcut keys (weighted).
# 10.270221874235927 no handswitching after unbalancing key (weighted).
# 29.39029731401616 movement pattern cost (weighted).
# 0.8625353799290363 asymmetric bigram cost (weighted).
# 5.849247018992679 irregularity cost (weighted).
# 21.4136200405107 manually assigned bigram penalty (weighted)
# 9.655832737868625 unbalancing key after neighboring finger (weighted)
# 0.8625353799290363 asymmetrc bigrams (weighted)
# 15.118505314256392 inconsistent symmetries of similar keys (weighted)
# 5.849247018992679 irregularity cost for randomly sampled words (weighted).
# Finger load %: 12.8 9.6 6.2 11.4 - 11.0 9.2 12.6 11.5
 
