
# Evolved Layout
ßplcq ömaokäj
hnrtd fsieu⇘
bzxgy vw,.ü
┌───┬───┬───┬───┬───┬───┬───┬───┬───┬───┬───┬───┬───┬──────┐
│ ^ │ 1 │ 2 │ 3 │ 4 │ 5 │ 6 │ 7 │ 8 │ 9 │ 0 │ - │ ` │ ←    │
├───┴─┬─┴─┬─┴─┬─┴─┬─┴─┬─┴─┬─┴─┬─┴─┬─┴─┬─┴─┬─┴─┬─┴─┬─┴─┬────┤
│   ⇥ │ ß │ p │ l │ c │ q │ ö │ m │ a │ o │ k │ ä │ j │ Ret│
├─────┴┬──┴┬──┴┬──┴┬──┴┬──┴┬──┴┬──┴┬──┴┬──┴┬──┴┬──┴┬──┴┐   │
│    ⇩ │ h │ n │ r │ t │ d │ f │ s │ i │ e │ u │ ⇘ │ ´ │   │
├────┬─┴─┬─┴─┬─┴─┬─┴─┬─┴─┬─┴─┬─┴─┬─┴─┬─┴─┬─┴─┬─┴─┬─┴───┴───┤
│  ⇧ │ ⇚ │ b │ z │ x │ g │ y │ v │ w │ , │ . │ ü │ ⇗       │
├────┼───┴┬──┴─┬─┴───┴───┴───┴───┴───┴─┬─┴──┬┴───┼────┬────┤
│Strg│ Fe │ Alt│      Leerzeichen      │ M4 │ Fe │ Me │Strg│
└────┴────┴────┴───────────────────────┴────┴────┴────┴────┘
# 9.628116127525537 x100 total penalty per letter
# 35.236314532102405 x10 billion total penalty compared to notime-noeffort
# 7.244898316260478 mean key position cost in file 1gramme.txt ( 53.02875712 )
# 10.824033614949604 % finger repeats in file 2gramme.txt ( 52.25201548092544 )
# 11.614465156752448 million keystrokes disbalance of the fingers ( 23.228930313504897 )
# 0.3332638075034653 % finger repeats top to bottom or vice versa ( 8.044000161294907 )
# 3.1610499212675878 % of trigrams have no handswitching (after direction change counted x 1 ) ( 13.982318153147451 )
# 8.441464796853163 billion (rows²/dist)² to cross ( 109.73904235909113 )
# 0.031449366295019265 hand disbalance. Left: 0.46855063370498073 %, Right: 0.5314493662950193 % ( 0.9207697521956667 )
# 0.36597309448071924 badly positioned shortcut keys (weighted).
# 13.074376032927685 no handswitching after unbalancing key (weighted).
# 27.292394656333784 movement pattern cost (weighted).
# 0.8639307830778687 asymmetric bigram cost (weighted).
# 3.6001314241495557 irregularity cost (weighted).
# 16.12595819789948 manually assigned bigram penalty (weighted)
# 14.999017625807104 unbalancing key after neighboring finger (weighted)
# 0.8639307830778687 asymmetrc bigrams (weighted)
# 14.845530166188366 inconsistent symmetries of similar keys (weighted)
# 3.6001314241495557 irregularity cost for randomly sampled words (weighted).
# Finger load %: 10.3 8.3 8.0 12.9 - 10.9 11.1 14.9 8.0
 
