
# Evolved Layout
ömäfj vxdokzß
rsenc bitah⇘
lüywq pu,.g
┌───┬───┬───┬───┬───┬───┬───┬───┬───┬───┬───┬───┬───┬──────┐
│ ^ │ 1 │ 2 │ 3 │ 4 │ 5 │ 6 │ 7 │ 8 │ 9 │ 0 │ - │ ` │ ←    │
├───┴─┬─┴─┬─┴─┬─┴─┬─┴─┬─┴─┬─┴─┬─┴─┬─┴─┬─┴─┬─┴─┬─┴─┬─┴─┬────┤
│   ⇥ │ ö │ m │ ä │ f │ j │ v │ x │ d │ o │ k │ z │ ß │ Ret│
├─────┴┬──┴┬──┴┬──┴┬──┴┬──┴┬──┴┬──┴┬──┴┬──┴┬──┴┬──┴┬──┴┐   │
│    ⇩ │ r │ s │ e │ n │ c │ b │ i │ t │ a │ h │ ⇘ │ ´ │   │
├────┬─┴─┬─┴─┬─┴─┬─┴─┬─┴─┬─┴─┬─┴─┬─┴─┬─┴─┬─┴─┬─┴─┬─┴───┴───┤
│  ⇧ │ ⇚ │ l │ ü │ y │ w │ q │ p │ u │ , │ . │ g │ ⇗       │
├────┼───┴┬──┴─┬─┴───┴───┴───┴───┴───┴─┬─┴──┬┴───┼────┬────┤
│Strg│ Fe │ Alt│      Leerzeichen      │ M4 │ Fe │ Me │Strg│
└────┴────┴────┴───────────────────────┴────┴────┴────┴────┘
# 10.263449457271513 x100 total penalty per letter
# 37.56146357924114 x10 billion total penalty compared to notime-noeffort
# 7.559412365888419 mean key position cost in file 1gramme.txt ( 55.33083072 )
# 9.19533149215168 % finger repeats in file 2gramme.txt ( 44.38960747650892 )
# 14.552715051697266 million keystrokes disbalance of the fingers ( 29.105430103394532 )
# 0.3927664535893596 % finger repeats top to bottom or vice versa ( 9.480217608061702 )
# 4.086191341225742 % of trigrams have no handswitching (after direction change counted x 1 ) ( 18.074509669478296 )
# 8.482574454080215 billion (rows²/dist)² to cross ( 110.27346790304279 )
# 0.01766500454245279 hand disbalance. Left: 0.5176650045424528 %, Right: 0.4823349954575472 % ( 0.5171933101133928 )
# 1.463892377922877 badly positioned shortcut keys (weighted).
# 12.450942403599003 no handswitching after unbalancing key (weighted).
# 36.304740917182215 movement pattern cost (weighted).
# 0.8793046106757344 asymmetric bigram cost (weighted).
# 12.352344726944393 irregularity cost (weighted).
# 21.916763044896527 manually assigned bigram penalty (weighted)
# 11.228018546234576 unbalancing key after neighboring finger (weighted)
# 0.8793046106757344 asymmetrc bigrams (weighted)
# 11.847372374356487 inconsistent symmetries of similar keys (weighted)
# 12.352344726944393 irregularity cost for randomly sampled words (weighted).
# Finger load %: 13.6 7.1 11.5 11.5 - 12.2 9.3 8.6 10.6
 
