
# Evolved Layout
zguüö vwflqjß
mhieo dtsrn⇘
kyxaä bc,.p
┌───┬───┬───┬───┬───┬───┬───┬───┬───┬───┬───┬───┬───┬──────┐
│ ^ │ 1 │ 2 │ 3 │ 4 │ 5 │ 6 │ 7 │ 8 │ 9 │ 0 │ - │ ` │ ←    │
├───┴─┬─┴─┬─┴─┬─┴─┬─┴─┬─┴─┬─┴─┬─┴─┬─┴─┬─┴─┬─┴─┬─┴─┬─┴─┬────┤
│   ⇥ │ z │ g │ u │ ü │ ö │ v │ w │ f │ l │ q │ j │ ß │ Ret│
├─────┴┬──┴┬──┴┬──┴┬──┴┬──┴┬──┴┬──┴┬──┴┬──┴┬──┴┬──┴┬──┴┐   │
│    ⇩ │ m │ h │ i │ e │ o │ d │ t │ s │ r │ n │ ⇘ │ ´ │   │
├────┬─┴─┬─┴─┬─┴─┬─┴─┬─┴─┬─┴─┬─┴─┬─┴─┬─┴─┬─┴─┬─┴─┬─┴───┴───┤
│  ⇧ │ ⇚ │ k │ y │ x │ a │ ä │ b │ c │ , │ . │ p │ ⇗       │
├────┼───┴┬──┴─┬─┴───┴───┴───┴───┴───┴─┬─┴──┬┴───┼────┬────┤
│Strg│ Fe │ Alt│      Leerzeichen      │ M4 │ Fe │ Me │Strg│
└────┴────┴────┴───────────────────────┴────┴────┴────┴────┘
# 9.478593884496076 x100 total penalty per letter
# 34.68910335235051 x10 billion total penalty compared to notime-noeffort
# 7.361525217646664 mean key position cost in file 1gramme.txt ( 53.88240328 )
# 12.164746930109482 % finger repeats in file 2gramme.txt ( 58.72418430368855 )
# 13.558703000324567 million keystrokes disbalance of the fingers ( 27.117406000649133 )
# 0.332943060188918 % finger repeats top to bottom or vice versa ( 8.036258272161247 )
# 2.6420590568899547 % of trigrams have no handswitching (after direction change counted x 1 ) ( 11.686658304347871 )
# 8.068267957023927 billion (rows²/dist)² to cross ( 104.88748344131106 )
# 0.002013562863734164 hand disbalance. Left: 0.49798643713626584 %, Right: 0.5020135628637341 % ( 0.058952786573780065 )
# 0.7319461889614385 badly positioned shortcut keys (weighted).
# 13.891534533868183 no handswitching after unbalancing key (weighted).
# 20.360130584758803 movement pattern cost (weighted).
# 0.8834177293953166 asymmetric bigram cost (weighted).
# 4.804053253366051 irregularity cost (weighted).
# 18.98396132566492 manually assigned bigram penalty (weighted)
# 10.24577869511806 unbalancing key after neighboring finger (weighted)
# 0.8834177293953166 asymmetrc bigrams (weighted)
# 12.596864823640715 inconsistent symmetries of similar keys (weighted)
# 4.804053253366051 irregularity cost for randomly sampled words (weighted).
# Finger load %: 9.2 5.8 8.2 18.8 - 14.5 7.3 9.3 11.3
 
