
# Evolved Layout
zocuq vbdlxßj
haeik mstrn⇘
göyäü wf,.p
┌───┬───┬───┬───┬───┬───┬───┬───┬───┬───┬───┬───┬───┬──────┐
│ ^ │ 1 │ 2 │ 3 │ 4 │ 5 │ 6 │ 7 │ 8 │ 9 │ 0 │ - │ ` │ ←    │
├───┴─┬─┴─┬─┴─┬─┴─┬─┴─┬─┴─┬─┴─┬─┴─┬─┴─┬─┴─┬─┴─┬─┴─┬─┴─┬────┤
│   ⇥ │ z │ o │ c │ u │ q │ v │ b │ d │ l │ x │ ß │ j │ Ret│
├─────┴┬──┴┬──┴┬──┴┬──┴┬──┴┬──┴┬──┴┬──┴┬──┴┬──┴┬──┴┬──┴┐   │
│    ⇩ │ h │ a │ e │ i │ k │ m │ s │ t │ r │ n │ ⇘ │ ´ │   │
├────┬─┴─┬─┴─┬─┴─┬─┴─┬─┴─┬─┴─┬─┴─┬─┴─┬─┴─┬─┴─┬─┴─┬─┴───┴───┤
│  ⇧ │ ⇚ │ g │ ö │ y │ ä │ ü │ w │ f │ , │ . │ p │ ⇗       │
├────┼───┴┬──┴─┬─┴───┴───┴───┴───┴───┴─┬─┴──┬┴───┼────┬────┤
│Strg│ Fe │ Alt│      Leerzeichen      │ M4 │ Fe │ Me │Strg│
└────┴────┴────┴───────────────────────┴────┴────┴────┴────┘
# 9.513257805632405 x100 total penalty per letter
# 34.81596397720148 x10 billion total penalty compared to notime-noeffort
# 7.466428421130718 mean key position cost in file 1gramme.txt ( 54.65023828 )
# 10.147004112508847 % finger repeats in file 2gramme.txt ( 48.983718531651554 )
# 13.4519503874908 million keystrokes disbalance of the fingers ( 26.903900774981597 )
# 0.3693559671108748 % finger repeats top to bottom or vice versa ( 8.91515787829502 )
# 2.9114125272367444 % of trigrams have no handswitching (after direction change counted x 1 ) ( 12.878093432500778 )
# 8.131665980511608 billion (rows²/dist)² to cross ( 105.7116577466509 )
# 0.0016193813470519736 hand disbalance. Left: 0.501619381347052 %, Right: 0.498380618652948 % ( 0.047412000217997304 )
# 0.7319461889614385 badly positioned shortcut keys (weighted).
# 12.976928943410748 no handswitching after unbalancing key (weighted).
# 30.383069189617732 movement pattern cost (weighted).
# 0.8789847901901765 asymmetric bigram cost (weighted).
# 4.490683926091036 irregularity cost (weighted).
# 20.303247889882563 manually assigned bigram penalty (weighted)
# 10.794547913397258 unbalancing key after neighboring finger (weighted)
# 0.8789847901901765 asymmetrc bigrams (weighted)
# 9.510052286165898 inconsistent symmetries of similar keys (weighted)
# 4.490683926091036 irregularity cost for randomly sampled words (weighted).
# Finger load %: 11.7 7.5 13.4 9.8 - 12.1 9.3 9.3 11.3
 
