
# Evolved Layout
jlcxü kfduvqß
hrneä bstia⇘
mzyoö wg,.p
┌───┬───┬───┬───┬───┬───┬───┬───┬───┬───┬───┬───┬───┬──────┐
│ ^ │ 1 │ 2 │ 3 │ 4 │ 5 │ 6 │ 7 │ 8 │ 9 │ 0 │ - │ ` │ ←    │
├───┴─┬─┴─┬─┴─┬─┴─┬─┴─┬─┴─┬─┴─┬─┴─┬─┴─┬─┴─┬─┴─┬─┴─┬─┴─┬────┤
│   ⇥ │ j │ l │ c │ x │ ü │ k │ f │ d │ u │ v │ q │ ß │ Ret│
├─────┴┬──┴┬──┴┬──┴┬──┴┬──┴┬──┴┬──┴┬──┴┬──┴┬──┴┬──┴┬──┴┐   │
│    ⇩ │ h │ r │ n │ e │ ä │ b │ s │ t │ i │ a │ ⇘ │ ´ │   │
├────┬─┴─┬─┴─┬─┴─┬─┴─┬─┴─┬─┴─┬─┴─┬─┴─┬─┴─┬─┴─┬─┴─┬─┴───┴───┤
│  ⇧ │ ⇚ │ m │ z │ y │ o │ ö │ w │ g │ , │ . │ p │ ⇗       │
├────┼───┴┬──┴─┬─┴───┴───┴───┴───┴───┴─┬─┴──┬┴───┼────┬────┤
│Strg│ Fe │ Alt│      Leerzeichen      │ M4 │ Fe │ Me │Strg│
└────┴────┴────┴───────────────────────┴────┴────┴────┴────┘
# 9.478878841726779 x100 total penalty per letter
# 34.69014621914565 x10 billion total penalty compared to notime-noeffort
# 7.423766380572372 mean key position cost in file 1gramme.txt ( 54.3379751 )
# 10.128408088434318 % finger repeats in file 2gramme.txt ( 48.893947955137094 )
# 12.092910771309272 million keystrokes disbalance of the fingers ( 24.18582154261854 )
# 0.37068662175035183 % finger repeats top to bottom or vice versa ( 8.947275935802569 )
# 6.174897402782844 % of trigrams have no handswitching (after direction change counted x 1 ) ( 27.31351361073454 )
# 7.55293048828896 billion (rows²/dist)² to cross ( 98.18809634775648 )
# 0.016587986456833792 hand disbalance. Left: 0.5165879864568338 %, Right: 0.4834120135431662 % ( 0.485660538784938 )
# 0.36597309448071924 badly positioned shortcut keys (weighted).
# 11.76940709705109 no handswitching after unbalancing key (weighted).
# 28.645206904129495 movement pattern cost (weighted).
# 0.8846567552535514 asymmetric bigram cost (weighted).
# 2.799466087709998 irregularity cost (weighted).
# 18.832398220404432 manually assigned bigram penalty (weighted)
# 9.055881012851627 unbalancing key after neighboring finger (weighted)
# 0.8846567552535514 asymmetrc bigrams (weighted)
# 12.196181988741515 inconsistent symmetries of similar keys (weighted)
# 2.799466087709998 irregularity cost for randomly sampled words (weighted).
# Finger load %: 11.3 8.7 9.0 14.6 - 12.5 9.3 9.4 9.5
 
