
# Evolved Layout
ükyäö zwmlgjß
cteio bnsrh⇘
uvxaq fp,.d
┌───┬───┬───┬───┬───┬───┬───┬───┬───┬───┬───┬───┬───┬──────┐
│ ^ │ 1 │ 2 │ 3 │ 4 │ 5 │ 6 │ 7 │ 8 │ 9 │ 0 │ - │ ` │ ←    │
├───┴─┬─┴─┬─┴─┬─┴─┬─┴─┬─┴─┬─┴─┬─┴─┬─┴─┬─┴─┬─┴─┬─┴─┬─┴─┬────┤
│   ⇥ │ ü │ k │ y │ ä │ ö │ z │ w │ m │ l │ g │ j │ ß │ Ret│
├─────┴┬──┴┬──┴┬──┴┬──┴┬──┴┬──┴┬──┴┬──┴┬──┴┬──┴┬──┴┬──┴┐   │
│    ⇩ │ c │ t │ e │ i │ o │ b │ n │ s │ r │ h │ ⇘ │ ´ │   │
├────┬─┴─┬─┴─┬─┴─┬─┴─┬─┴─┬─┴─┬─┴─┬─┴─┬─┴─┬─┴─┬─┴─┬─┴───┴───┤
│  ⇧ │ ⇚ │ u │ v │ x │ a │ q │ f │ p │ , │ . │ d │ ⇗       │
├────┼───┴┬──┴─┬─┴───┴───┴───┴───┴───┴─┬─┴──┬┴───┼────┬────┤
│Strg│ Fe │ Alt│      Leerzeichen      │ M4 │ Fe │ Me │Strg│
└────┴────┴────┴───────────────────────┴────┴────┴────┴────┘
# 9.559924403539338 x100 total penalty per letter
# 34.98675116965036 x10 billion total penalty compared to notime-noeffort
# 7.776052338049479 mean key position cost in file 1gramme.txt ( 56.91651874 )
# 9.709107047426858 % finger repeats in file 2gramme.txt ( 46.86981118087302 )
# 13.654841432190404 million keystrokes disbalance of the fingers ( 27.309682864380807 )
# 0.3605942059215618 % finger repeats top to bottom or vice versa ( 8.703674942454983 )
# 2.1435415206837924 % of trigrams have no handswitching (after direction change counted x 1 ) ( 9.481558426215418 )
# 8.279187360424405 billion (rows²/dist)² to cross ( 107.62943568551728 )
# 0.0014516832890876241 hand disbalance. Left: 0.5014516832890876 %, Right: 0.4985483167109123 % ( 0.042502162041067715 )
# 0.36597309448071924 badly positioned shortcut keys (weighted).
# 12.784912106063176 no handswitching after unbalancing key (weighted).
# 28.815849637997818 movement pattern cost (weighted).
# 0.8674950167866557 asymmetric bigram cost (weighted).
# 8.09550422503432 irregularity cost (weighted).
# 19.292574810607455 manually assigned bigram penalty (weighted)
# 11.163084658613583 unbalancing key after neighboring finger (weighted)
# 0.8674950167866557 asymmetrc bigrams (weighted)
# 11.528934145437256 inconsistent symmetries of similar keys (weighted)
# 8.09550422503432 irregularity cost for randomly sampled words (weighted).
# Finger load %: 11.0 6.7 11.4 13.2 - 13.0 7.8 9.3 12.1
 
