
# Evolved Layout
ßhody qwimxzj
uletf bnasr⇘
vkügö pc,.ä
┌───┬───┬───┬───┬───┬───┬───┬───┬───┬───┬───┬───┬───┬──────┐
│ ^ │ 1 │ 2 │ 3 │ 4 │ 5 │ 6 │ 7 │ 8 │ 9 │ 0 │ - │ ` │ ←    │
├───┴─┬─┴─┬─┴─┬─┴─┬─┴─┬─┴─┬─┴─┬─┴─┬─┴─┬─┴─┬─┴─┬─┴─┬─┴─┬────┤
│   ⇥ │ ß │ h │ o │ d │ y │ q │ w │ i │ m │ x │ z │ j │ Ret│
├─────┴┬──┴┬──┴┬──┴┬──┴┬──┴┬──┴┬──┴┬──┴┬──┴┬──┴┬──┴┬──┴┐   │
│    ⇩ │ u │ l │ e │ t │ f │ b │ n │ a │ s │ r │ ⇘ │ ´ │   │
├────┬─┴─┬─┴─┬─┴─┬─┴─┬─┴─┬─┴─┬─┴─┬─┴─┬─┴─┬─┴─┬─┴─┬─┴───┴───┤
│  ⇧ │ ⇚ │ v │ k │ ü │ g │ ö │ p │ c │ , │ . │ ä │ ⇗       │
├────┼───┴┬──┴─┬─┴───┴───┴───┴───┴───┴─┬─┴──┬┴───┼────┬────┤
│Strg│ Fe │ Alt│      Leerzeichen      │ M4 │ Fe │ Me │Strg│
└────┴────┴────┴───────────────────────┴────┴────┴────┴────┘
# 9.99054379708218 x100 total penalty per letter
# 36.56270228963321 x10 billion total penalty compared to notime-noeffort
# 7.391048464472584 mean key position cost in file 1gramme.txt ( 54.09849756 )
# 12.08277867675566 % finger repeats in file 2gramme.txt ( 58.32849018488308 )
# 10.778622099044648 million keystrokes disbalance of the fingers ( 21.557244198089297 )
# 0.3486418273174526 % finger repeats top to bottom or vice versa ( 8.415179962638394 )
# 4.028062934077989 % of trigrams have no handswitching (after direction change counted x 1 ) ( 17.817389439580236 )
# 8.353454716942826 billion (rows²/dist)² to cross ( 108.59491132025673 )
# 0.0005535058386780811 hand disbalance. Left: 0.4994464941613219 %, Right: 0.5005535058386781 % ( 0.01620545956753305 )
# 1.0979192834421578 badly positioned shortcut keys (weighted).
# 13.295274981476283 no handswitching after unbalancing key (weighted).
# 30.34794676592671 movement pattern cost (weighted).
# 0.8996241527253743 asymmetric bigram cost (weighted).
# 10.48479190319114 irregularity cost (weighted).
# 16.85569526378833 manually assigned bigram penalty (weighted)
# 12.325699800458306 unbalancing key after neighboring finger (weighted)
# 0.8996241527253743 asymmetrc bigrams (weighted)
# 11.492152620308493 inconsistent symmetries of similar keys (weighted)
# 10.48479190319114 irregularity cost for randomly sampled words (weighted).
# Finger load %: 8.9 7.2 13.8 12.2 - 13.2 11.1 8.0 10.0
 
