
# Evolved Layout
äügdj qwulxzß
aehtb mnirs⇘
oypkö fc,.v
┌───┬───┬───┬───┬───┬───┬───┬───┬───┬───┬───┬───┬───┬──────┐
│ ^ │ 1 │ 2 │ 3 │ 4 │ 5 │ 6 │ 7 │ 8 │ 9 │ 0 │ - │ ` │ ←    │
├───┴─┬─┴─┬─┴─┬─┴─┬─┴─┬─┴─┬─┴─┬─┴─┬─┴─┬─┴─┬─┴─┬─┴─┬─┴─┬────┤
│   ⇥ │ ä │ ü │ g │ d │ j │ q │ w │ u │ l │ x │ z │ ß │ Ret│
├─────┴┬──┴┬──┴┬──┴┬──┴┬──┴┬──┴┬──┴┬──┴┬──┴┬──┴┬──┴┬──┴┐   │
│    ⇩ │ a │ e │ h │ t │ b │ m │ n │ i │ r │ s │ ⇘ │ ´ │   │
├────┬─┴─┬─┴─┬─┴─┬─┴─┬─┴─┬─┴─┬─┴─┬─┴─┬─┴─┬─┴─┬─┴─┬─┴───┴───┤
│  ⇧ │ ⇚ │ o │ y │ p │ k │ ö │ f │ c │ , │ . │ v │ ⇗       │
├────┼───┴┬──┴─┬─┴───┴───┴───┴───┴───┴─┬─┴──┬┴───┼────┬────┤
│Strg│ Fe │ Alt│      Leerzeichen      │ M4 │ Fe │ Me │Strg│
└────┴────┴────┴───────────────────────┴────┴────┴────┴────┘
# 9.742097524575449 x100 total penalty per letter
# 35.65345577801832 x10 billion total penalty compared to notime-noeffort
# 7.534221065929384 mean key position cost in file 1gramme.txt ( 55.14644396 )
# 8.729498867033952 % finger repeats in file 2gramme.txt ( 42.14084380807818 )
# 14.112561777094896 million keystrokes disbalance of the fingers ( 28.225123554189793 )
# 0.3681526697906713 % finger repeats top to bottom or vice versa ( 8.88611384885086 )
# 3.926786778122968 % of trigrams have no handswitching (after direction change counted x 1 ) ( 17.369413143994546 )
# 8.4679419711889 billion (rows²/dist)² to cross ( 110.0832456254557 )
# 0.0062265652495969714 hand disbalance. Left: 0.49377343475040303 %, Right: 0.506226565249597 % ( 0.18230042819048925 )
# 1.463892377922877 badly positioned shortcut keys (weighted).
# 10.617365066695557 no handswitching after unbalancing key (weighted).
# 31.157483624268657 movement pattern cost (weighted).
# 0.8687852968205574 asymmetric bigram cost (weighted).
# 3.7425159430429993 irregularity cost (weighted).
# 20.237225076436093 manually assigned bigram penalty (weighted)
# 12.348139694798608 unbalancing key after neighboring finger (weighted)
# 0.8687852968205574 asymmetrc bigrams (weighted)
# 14.065666331438347 inconsistent symmetries of similar keys (weighted)
# 3.7425159430429993 irregularity cost for randomly sampled words (weighted).
# Finger load %: 12.8 11.7 6.2 11.0 - 14.1 9.2 9.3 10.2
 
