
# Evolved Layout
ögbvü qwoizjß
rsnlh yteam⇘
xkpuä fd,.c
┌───┬───┬───┬───┬───┬───┬───┬───┬───┬───┬───┬───┬───┬──────┐
│ ^ │ 1 │ 2 │ 3 │ 4 │ 5 │ 6 │ 7 │ 8 │ 9 │ 0 │ - │ ` │ ←    │
├───┴─┬─┴─┬─┴─┬─┴─┬─┴─┬─┴─┬─┴─┬─┴─┬─┴─┬─┴─┬─┴─┬─┴─┬─┴─┬────┤
│   ⇥ │ ö │ g │ b │ v │ ü │ q │ w │ o │ i │ z │ j │ ß │ Ret│
├─────┴┬──┴┬──┴┬──┴┬──┴┬──┴┬──┴┬──┴┬──┴┬──┴┬──┴┬──┴┬──┴┐   │
│    ⇩ │ r │ s │ n │ l │ h │ y │ t │ e │ a │ m │ ⇘ │ ´ │   │
├────┬─┴─┬─┴─┬─┴─┬─┴─┬─┴─┬─┴─┬─┴─┬─┴─┬─┴─┬─┴─┬─┴─┬─┴───┴───┤
│  ⇧ │ ⇚ │ x │ k │ p │ u │ ä │ f │ d │ , │ . │ c │ ⇗       │
├────┼───┴┬──┴─┬─┴───┴───┴───┴───┴───┴─┬─┴──┬┴───┼────┬────┤
│Strg│ Fe │ Alt│      Leerzeichen      │ M4 │ Fe │ Me │Strg│
└────┴────┴────┴───────────────────────┴────┴────┴────┴────┘
# 10.044599437435776 x100 total penalty per letter
# 36.76053138937663 x10 billion total penalty compared to notime-noeffort
# 7.614309953451536 mean key position cost in file 1gramme.txt ( 55.73265152 )
# 11.946076317952873 % finger repeats in file 2gramme.txt ( 57.668572263104195 )
# 11.540635659317545 million keystrokes disbalance of the fingers ( 23.081271318635086 )
# 0.3236764453470527 % finger repeats top to bottom or vice versa ( 7.812589666077018 )
# 3.8568871086254424 % of trigrams have no handswitching (after direction change counted x 1 ) ( 17.06022491791226 )
# 7.984193829126142 billion (rows²/dist)² to cross ( 103.79451977863985 )
# 0.05596298749897832 hand disbalance. Left: 0.4440370125010217 %, Right: 0.5559629874989783 % ( 1.6384758169109523 )
# 0.7319461889614385 badly positioned shortcut keys (weighted).
# 10.796861687577774 no handswitching after unbalancing key (weighted).
# 37.916464458600814 movement pattern cost (weighted).
# 0.8803912367398682 asymmetric bigram cost (weighted).
# 5.320226933663623 irregularity cost (weighted).
# 17.083038801301278 manually assigned bigram penalty (weighted)
# 12.28723445269613 unbalancing key after neighboring finger (weighted)
# 0.8803912367398682 asymmetrc bigrams (weighted)
# 15.800844852946064 inconsistent symmetries of similar keys (weighted)
# 5.320226933663623 irregularity cost for randomly sampled words (weighted).
# Finger load %: 10.8 7.8 8.8 9.9 - 12.1 14.7 11.3 8.8
 
