
# Evolved Layout
jlpkq üäidfxß
hrnsm öeutc⇘
yzbgv oa,.w
┌───┬───┬───┬───┬───┬───┬───┬───┬───┬───┬───┬───┬───┬──────┐
│ ^ │ 1 │ 2 │ 3 │ 4 │ 5 │ 6 │ 7 │ 8 │ 9 │ 0 │ - │ ` │ ←    │
├───┴─┬─┴─┬─┴─┬─┴─┬─┴─┬─┴─┬─┴─┬─┴─┬─┴─┬─┴─┬─┴─┬─┴─┬─┴─┬────┤
│   ⇥ │ j │ l │ p │ k │ q │ ü │ ä │ i │ d │ f │ x │ ß │ Ret│
├─────┴┬──┴┬──┴┬──┴┬──┴┬──┴┬──┴┬──┴┬──┴┬──┴┬──┴┬──┴┬──┴┐   │
│    ⇩ │ h │ r │ n │ s │ m │ ö │ e │ u │ t │ c │ ⇘ │ ´ │   │
├────┬─┴─┬─┴─┬─┴─┬─┴─┬─┴─┬─┴─┬─┴─┬─┴─┬─┴─┬─┴─┬─┴─┬─┴───┴───┤
│  ⇧ │ ⇚ │ y │ z │ b │ g │ v │ o │ a │ , │ . │ w │ ⇗       │
├────┼───┴┬──┴─┬─┴───┴───┴───┴───┴───┴─┬─┴──┬┴───┼────┬────┤
│Strg│ Fe │ Alt│      Leerzeichen      │ M4 │ Fe │ Me │Strg│
└────┴────┴────┴───────────────────────┴────┴────┴────┴────┘
# 9.425964189516884 x100 total penalty per letter
# 34.49649282901939 x10 billion total penalty compared to notime-noeffort
# 7.6337649027562176 mean key position cost in file 1gramme.txt ( 55.87505128 )
# 11.576372423508293 % finger repeats in file 2gramme.txt ( 55.88386110060413 )
# 11.51860191774143 million keystrokes disbalance of the fingers ( 23.037203835482856 )
# 0.33486625692332944 % finger repeats top to bottom or vice versa ( 8.082678538909374 )
# 2.769799374291861 % of trigrams have no handswitching (after direction change counted x 1 ) ( 12.251693910676183 )
# 8.193948904432258 billion (rows²/dist)² to cross ( 106.52133575761935 )
# 0.06226349286066801 hand disbalance. Left: 0.437736507139332 %, Right: 0.562263492860668 % ( 1.8229410524317475 )
# 1.0979192834421578 badly positioned shortcut keys (weighted).
# 13.587362172831908 no handswitching after unbalancing key (weighted).
# 23.74894734148719 movement pattern cost (weighted).
# 0.8758457080174191 asymmetric bigram cost (weighted).
# 6.247436862583759 irregularity cost (weighted).
# 16.265957543091353 manually assigned bigram penalty (weighted)
# 10.074397010870612 unbalancing key after neighboring finger (weighted)
# 0.8758457080174191 asymmetrc bigrams (weighted)
# 9.592296892145868 inconsistent symmetries of similar keys (weighted)
# 6.247436862583759 irregularity cost for randomly sampled words (weighted).
# Finger load %: 9.0 8.7 8.8 10.4 - 19.6 9.2 9.5 9.1
 
