
# Evolved Layout
üofdj qbluvxß
hestg mnria⇘
zäkpö wc,.y
┌───┬───┬───┬───┬───┬───┬───┬───┬───┬───┬───┬───┬───┬──────┐
│ ^ │ 1 │ 2 │ 3 │ 4 │ 5 │ 6 │ 7 │ 8 │ 9 │ 0 │ - │ ` │ ←    │
├───┴─┬─┴─┬─┴─┬─┴─┬─┴─┬─┴─┬─┴─┬─┴─┬─┴─┬─┴─┬─┴─┬─┴─┬─┴─┬────┤
│   ⇥ │ ü │ o │ f │ d │ j │ q │ b │ l │ u │ v │ x │ ß │ Ret│
├─────┴┬──┴┬──┴┬──┴┬──┴┬──┴┬──┴┬──┴┬──┴┬──┴┬──┴┬──┴┬──┴┐   │
│    ⇩ │ h │ e │ s │ t │ g │ m │ n │ r │ i │ a │ ⇘ │ ´ │   │
├────┬─┴─┬─┴─┬─┴─┬─┴─┬─┴─┬─┴─┬─┴─┬─┴─┬─┴─┬─┴─┬─┴─┬─┴───┴───┤
│  ⇧ │ ⇚ │ z │ ä │ k │ p │ ö │ w │ c │ , │ . │ y │ ⇗       │
├────┼───┴┬──┴─┬─┴───┴───┴───┴───┴───┴─┬─┴──┬┴───┼────┬────┤
│Strg│ Fe │ Alt│      Leerzeichen      │ M4 │ Fe │ Me │Strg│
└────┴────┴────┴───────────────────────┴────┴────┴────┴────┘
# 9.964088840425406 x100 total penalty per letter
# 36.46588426611287 x10 billion total penalty compared to notime-noeffort
# 7.21919429828247 mean key position cost in file 1gramme.txt ( 52.84061754 )
# 9.903444632135995 % finger repeats in file 2gramme.txt ( 47.80795779478621 )
# 11.84541910018811 million keystrokes disbalance of the fingers ( 23.69083820037622 )
# 0.3333615099697755 % finger repeats top to bottom or vice versa ( 8.046358409136596 )
# 5.274227428013096 % of trigrams have no handswitching (after direction change counted x 1 ) ( 23.329566994298975 )
# 8.8079639408697 billion (rows²/dist)² to cross ( 114.50353123130608 )
# 0.0019456322099149492 hand disbalance. Left: 0.49805436779008505 %, Right: 0.501945632209915 % ( 0.056963923246714745 )
# 1.0979192834421578 badly positioned shortcut keys (weighted).
# 10.816937263694838 no handswitching after unbalancing key (weighted).
# 33.85623073270614 movement pattern cost (weighted).
# 0.8788085603893069 asymmetric bigram cost (weighted).
# 3.505311924453186 irregularity cost (weighted).
# 16.68052310556208 manually assigned bigram penalty (weighted)
# 11.915473557128909 unbalancing key after neighboring finger (weighted)
# 0.8788085603893069 asymmetrc bigrams (weighted)
# 15.63180414060136 inconsistent symmetries of similar keys (weighted)
# 3.505311924453186 irregularity cost for randomly sampled words (weighted).
# Finger load %: 9.4 14.0 7.1 11.6 - 14.1 9.1 9.4 9.8
 
