
# Evolved Layout
ßuwfj öädlkzq
getnp xihrs⇘
cüvmy oa,.b
┌───┬───┬───┬───┬───┬───┬───┬───┬───┬───┬───┬───┬───┬──────┐
│ ^ │ 1 │ 2 │ 3 │ 4 │ 5 │ 6 │ 7 │ 8 │ 9 │ 0 │ - │ ` │ ←    │
├───┴─┬─┴─┬─┴─┬─┴─┬─┴─┬─┴─┬─┴─┬─┴─┬─┴─┬─┴─┬─┴─┬─┴─┬─┴─┬────┤
│   ⇥ │ ß │ u │ w │ f │ j │ ö │ ä │ d │ l │ k │ z │ q │ Ret│
├─────┴┬──┴┬──┴┬──┴┬──┴┬──┴┬──┴┬──┴┬──┴┬──┴┬──┴┬──┴┬──┴┐   │
│    ⇩ │ g │ e │ t │ n │ p │ x │ i │ h │ r │ s │ ⇘ │ ´ │   │
├────┬─┴─┬─┴─┬─┴─┬─┴─┬─┴─┬─┴─┬─┴─┬─┴─┬─┴─┬─┴─┬─┴─┬─┴───┴───┤
│  ⇧ │ ⇚ │ c │ ü │ v │ m │ y │ o │ a │ , │ . │ b │ ⇗       │
├────┼───┴┬──┴─┬─┴───┴───┴───┴───┴───┴─┬─┴──┬┴───┼────┬────┤
│Strg│ Fe │ Alt│      Leerzeichen      │ M4 │ Fe │ Me │Strg│
└────┴────┴────┴───────────────────────┴────┴────┴────┴────┘
# 10.211342606540882 x100 total penalty per letter
# 37.3707665251858 x10 billion total penalty compared to notime-noeffort
# 7.6478365000339 mean key position cost in file 1gramme.txt ( 55.9780478 )
# 11.148376358440046 % finger repeats in file 2gramme.txt ( 53.81774990645247 )
# 13.303630410872588 million keystrokes disbalance of the fingers ( 26.607260821745175 )
# 0.33314872560042347 % finger repeats top to bottom or vice versa ( 8.041222425381832 )
# 4.328400163081216 % of trigrams have no handswitching (after direction change counted x 1 ) ( 19.145875478634576 )
# 8.551269866241231 billion (rows²/dist)² to cross ( 111.16650826113602 )
# 0.0046779796256647965 hand disbalance. Left: 0.4953220203743352 %, Right: 0.5046779796256649 % ( 0.13696117436178418 )
# 0.7319461889614385 badly positioned shortcut keys (weighted).
# 10.85305043608274 no handswitching after unbalancing key (weighted).
# 36.14628951706481 movement pattern cost (weighted).
# 0.8673207158458407 asymmetric bigram cost (weighted).
# 5.009800238780627 irregularity cost (weighted).
# 21.139399317375847 manually assigned bigram penalty (weighted)
# 10.037348163725303 unbalancing key after neighboring finger (weighted)
# 0.8673207158458407 asymmetrc bigrams (weighted)
# 14.028884806309582 inconsistent symmetries of similar keys (weighted)
# 5.009800238780627 irregularity cost for randomly sampled words (weighted).
# Finger load %: 9.9 13.8 6.7 11.5 - 14.1 7.7 9.3 11.5
 
