
# Evolved Layout
jfpaä vcilxqß
hsneü mdurt⇘
zkyoö bg,.w
┌───┬───┬───┬───┬───┬───┬───┬───┬───┬───┬───┬───┬───┬──────┐
│ ^ │ 1 │ 2 │ 3 │ 4 │ 5 │ 6 │ 7 │ 8 │ 9 │ 0 │ - │ ` │ ←    │
├───┴─┬─┴─┬─┴─┬─┴─┬─┴─┬─┴─┬─┴─┬─┴─┬─┴─┬─┴─┬─┴─┬─┴─┬─┴─┬────┤
│   ⇥ │ j │ f │ p │ a │ ä │ v │ c │ i │ l │ x │ q │ ß │ Ret│
├─────┴┬──┴┬──┴┬──┴┬──┴┬──┴┬──┴┬──┴┬──┴┬──┴┬──┴┬──┴┬──┴┐   │
│    ⇩ │ h │ s │ n │ e │ ü │ m │ d │ u │ r │ t │ ⇘ │ ´ │   │
├────┬─┴─┬─┴─┬─┴─┬─┴─┬─┴─┬─┴─┬─┴─┬─┴─┬─┴─┬─┴─┬─┴─┬─┴───┴───┤
│  ⇧ │ ⇚ │ z │ k │ y │ o │ ö │ b │ g │ , │ . │ w │ ⇗       │
├────┼───┴┬──┴─┬─┴───┴───┴───┴───┴───┴─┬─┴──┬┴───┼────┬────┤
│Strg│ Fe │ Alt│      Leerzeichen      │ M4 │ Fe │ Me │Strg│
└────┴────┴────┴───────────────────────┴────┴────┴────┴────┘
# 9.75487520321163 x100 total penalty per letter
# 35.70021864392596 x10 billion total penalty compared to notime-noeffort
# 7.672530394575036 mean key position cost in file 1gramme.txt ( 56.15879382 )
# 9.9713153745624 % finger repeats in file 2gramme.txt ( 48.13559749086664 )
# 12.3192267751219 million keystrokes disbalance of the fingers ( 24.638453550243796 )
# 0.47036865434589886 % finger repeats top to bottom or vice versa ( 11.353304638059555 )
# 3.865306843364522 % of trigrams have no handswitching (after direction change counted x 1 ) ( 17.097468053205652 )
# 8.289934407168849 billion (rows²/dist)² to cross ( 107.76914729319502 )
# 0.014252318236038675 hand disbalance. Left: 0.5142523182360387 %, Right: 0.48574768176396127 % ( 0.4172772006693648 )
# 1.0979192834421578 badly positioned shortcut keys (weighted).
# 11.929530439874755 no handswitching after unbalancing key (weighted).
# 27.608112503716185 movement pattern cost (weighted).
# 0.8869448537830242 asymmetric bigram cost (weighted).
# 6.525932806558974 irregularity cost (weighted).
# 17.267054787938548 manually assigned bigram penalty (weighted)
# 11.23433802638873 unbalancing key after neighboring finger (weighted)
# 0.8869448537830242 asymmetrc bigrams (weighted)
# 14.88231169131713 inconsistent symmetries of similar keys (weighted)
# 6.525932806558974 irregularity cost for randomly sampled words (weighted).
# Finger load %: 9.5 7.2 7.9 18.8 - 12.4 9.2 9.3 10.2
 
