
# Evolved Layout
juozq vpafkxß
rcenm wtish⇘
öyälü bd,.g
┌───┬───┬───┬───┬───┬───┬───┬───┬───┬───┬───┬───┬───┬──────┐
│ ^ │ 1 │ 2 │ 3 │ 4 │ 5 │ 6 │ 7 │ 8 │ 9 │ 0 │ - │ ` │ ←    │
├───┴─┬─┴─┬─┴─┬─┴─┬─┴─┬─┴─┬─┴─┬─┴─┬─┴─┬─┴─┬─┴─┬─┴─┬─┴─┬────┤
│   ⇥ │ j │ u │ o │ z │ q │ v │ p │ a │ f │ k │ x │ ß │ Ret│
├─────┴┬──┴┬──┴┬──┴┬──┴┬──┴┬──┴┬──┴┬──┴┬──┴┬──┴┬──┴┬──┴┐   │
│    ⇩ │ r │ c │ e │ n │ m │ w │ t │ i │ s │ h │ ⇘ │ ´ │   │
├────┬─┴─┬─┴─┬─┴─┬─┴─┬─┴─┬─┴─┬─┴─┬─┴─┬─┴─┬─┴─┬─┴─┬─┴───┴───┤
│  ⇧ │ ⇚ │ ö │ y │ ä │ l │ ü │ b │ d │ , │ . │ g │ ⇗       │
├────┼───┴┬──┴─┬─┴───┴───┴───┴───┴───┴─┬─┴──┬┴───┼────┬────┤
│Strg│ Fe │ Alt│      Leerzeichen      │ M4 │ Fe │ Me │Strg│
└────┴────┴────┴───────────────────────┴────┴────┴────┴────┘
# 9.58257680463606 x100 total penalty per letter
# 35.06965286291822 x10 billion total penalty compared to notime-noeffort
# 7.2944468220754475 mean key position cost in file 1gramme.txt ( 53.39142552 )
# 10.294347719568833 % finger repeats in file 2gramme.txt ( 49.69500608959856 )
# 12.675299679254525 million keystrokes disbalance of the fingers ( 25.35059935850905 )
# 0.3949121966595696 % finger repeats top to bottom or vice versa ( 9.532009483489661 )
# 4.440746838671596 % of trigrams have no handswitching (after direction change counted x 1 ) ( 19.642820164950447 )
# 7.716416536031099 billion (rows²/dist)² to cross ( 100.3134149684043 )
# 0.007670421909695024 hand disbalance. Left: 0.507670421909695 %, Right: 0.492329578090305 % ( 0.2245734433811037 )
# 0.7319461889614385 badly positioned shortcut keys (weighted).
# 11.645351970123736 no handswitching after unbalancing key (weighted).
# 30.843634906644617 movement pattern cost (weighted).
# 0.8809899506032878 asymmetric bigram cost (weighted).
# 10.222753518428428 irregularity cost (weighted).
# 16.547646096484154 manually assigned bigram penalty (weighted)
# 13.180362141126892 unbalancing key after neighboring finger (weighted)
# 0.8809899506032878 asymmetrc bigrams (weighted)
# 8.493994828476612 inconsistent symmetries of similar keys (weighted)
# 10.222753518428428 irregularity cost for randomly sampled words (weighted).
# Finger load %: 11.5 5.3 13.8 12.3 - 13.3 11.1 7.5 9.7
 
