
# Evolved Layout
zplgß qfuoüöj
hnrtc mseai⇘
kvxdy wb,.ä
┌───┬───┬───┬───┬───┬───┬───┬───┬───┬───┬───┬───┬───┬──────┐
│ ^ │ 1 │ 2 │ 3 │ 4 │ 5 │ 6 │ 7 │ 8 │ 9 │ 0 │ - │ ` │ ←    │
├───┴─┬─┴─┬─┴─┬─┴─┬─┴─┬─┴─┬─┴─┬─┴─┬─┴─┬─┴─┬─┴─┬─┴─┬─┴─┬────┤
│   ⇥ │ z │ p │ l │ g │ ß │ q │ f │ u │ o │ ü │ ö │ j │ Ret│
├─────┴┬──┴┬──┴┬──┴┬──┴┬──┴┬──┴┬──┴┬──┴┬──┴┬──┴┬──┴┬──┴┐   │
│    ⇩ │ h │ n │ r │ t │ c │ m │ s │ e │ a │ i │ ⇘ │ ´ │   │
├────┬─┴─┬─┴─┬─┴─┬─┴─┬─┴─┬─┴─┬─┴─┬─┴─┬─┴─┬─┴─┬─┴─┬─┴───┴───┤
│  ⇧ │ ⇚ │ k │ v │ x │ d │ y │ w │ b │ , │ . │ ä │ ⇗       │
├────┼───┴┬──┴─┬─┴───┴───┴───┴───┴───┴─┬─┴──┬┴───┼────┬────┤
│Strg│ Fe │ Alt│      Leerzeichen      │ M4 │ Fe │ Me │Strg│
└────┴────┴────┴───────────────────────┴────┴────┴────┴────┘
# 9.234620897191885 x100 total penalty per letter
# 33.796227861016305 x10 billion total penalty compared to notime-noeffort
# 7.221107933493806 mean key position cost in file 1gramme.txt ( 52.85462432 )
# 10.402423632919465 % finger repeats in file 2gramme.txt ( 50.21673250864005 )
# 11.939008794349594 million keystrokes disbalance of the fingers ( 23.878017588699187 )
# 0.3075330936980442 % finger repeats top to bottom or vice versa ( 7.42293702350162 )
# 2.8850447129719656 % of trigrams have no handswitching (after direction change counted x 1 ) ( 12.761460295651931 )
# 8.247118859412797 billion (rows²/dist)² to cross ( 107.21254517236636 )
# 0.029170293694690708 hand disbalance. Left: 0.4708297063053093 %, Right: 0.5291702936946907 % ( 0.8540434120285897 )
# 0.36597309448071924 badly positioned shortcut keys (weighted).
# 12.956381924731899 no handswitching after unbalancing key (weighted).
# 20.843529926064072 movement pattern cost (weighted).
# 0.8605790254661366 asymmetric bigram cost (weighted).
# 3.581379067258069 irregularity cost (weighted).
# 16.178233414299193 manually assigned bigram penalty (weighted)
# 14.644576259435807 unbalancing key after neighboring finger (weighted)
# 0.8605790254661366 asymmetrc bigrams (weighted)
# 13.331265577539531 inconsistent symmetries of similar keys (weighted)
# 3.581379067258069 irregularity cost for randomly sampled words (weighted).
# Finger load %: 10.4 8.3 8.0 13.0 - 11.5 14.5 8.6 10.1
 
