
# Evolved Layout
äbopö jmalzqß
uteny fsird⇘
kvxcü wg,.h
┌───┬───┬───┬───┬───┬───┬───┬───┬───┬───┬───┬───┬───┬──────┐
│ ^ │ 1 │ 2 │ 3 │ 4 │ 5 │ 6 │ 7 │ 8 │ 9 │ 0 │ - │ ` │ ←    │
├───┴─┬─┴─┬─┴─┬─┴─┬─┴─┬─┴─┬─┴─┬─┴─┬─┴─┬─┴─┬─┴─┬─┴─┬─┴─┬────┤
│   ⇥ │ ä │ b │ o │ p │ ö │ j │ m │ a │ l │ z │ q │ ß │ Ret│
├─────┴┬──┴┬──┴┬──┴┬──┴┬──┴┬──┴┬──┴┬──┴┬──┴┬──┴┬──┴┬──┴┐   │
│    ⇩ │ u │ t │ e │ n │ y │ f │ s │ i │ r │ d │ ⇘ │ ´ │   │
├────┬─┴─┬─┴─┬─┴─┬─┴─┬─┴─┬─┴─┬─┴─┬─┴─┬─┴─┬─┴─┬─┴─┬─┴───┴───┤
│  ⇧ │ ⇚ │ k │ v │ x │ c │ ü │ w │ g │ , │ . │ h │ ⇗       │
├────┼───┴┬──┴─┬─┴───┴───┴───┴───┴───┴─┬─┴──┬┴───┼────┬────┤
│Strg│ Fe │ Alt│      Leerzeichen      │ M4 │ Fe │ Me │Strg│
└────┴────┴────┴───────────────────────┴────┴────┴────┴────┘
# 9.753801924403321 x100 total penalty per letter
# 35.696290732258774 x10 billion total penalty compared to notime-noeffort
# 7.463704934035542 mean key position cost in file 1gramme.txt ( 54.63030382 )
# 10.418729187378156 % finger repeats in file 2gramme.txt ( 50.29544605613162 )
# 11.639187825078055 million keystrokes disbalance of the fingers ( 23.278375650156107 )
# 0.39768453405318543 % finger repeats top to bottom or vice versa ( 9.598925487986122 )
# 3.8831855437371323 % of trigrams have no handswitching (after direction change counted x 1 ) ( 17.17655116894284 )
# 7.727416104922733 billion (rows²/dist)² to cross ( 100.45640936399552 )
# 0.012550714946505614 hand disbalance. Left: 0.4874492850534944 %, Right: 0.5125507149465056 % ( 0.367457918953446 )
# 0.7319461889614385 badly positioned shortcut keys (weighted).
# 10.49239273130657 no handswitching after unbalancing key (weighted).
# 37.700528481420974 movement pattern cost (weighted).
# 0.8958027926518908 asymmetric bigram cost (weighted).
# 6.647134774264676 irregularity cost (weighted).
# 16.533272008937992 manually assigned bigram penalty (weighted)
# 10.488031683235763 unbalancing key after neighboring finger (weighted)
# 0.8958027926518908 asymmetrc bigrams (weighted)
# 17.6703291956429 inconsistent symmetries of similar keys (weighted)
# 6.647134774264676 irregularity cost for randomly sampled words (weighted).
# Finger load %: 9.7 7.1 13.7 10.7 - 12.2 11.1 9.3 10.7
 
