
# Evolved Layout
äygbz xüdlkjß
aemnf pitrs⇘
oöchq vu,.w
┌───┬───┬───┬───┬───┬───┬───┬───┬───┬───┬───┬───┬───┬──────┐
│ ^ │ 1 │ 2 │ 3 │ 4 │ 5 │ 6 │ 7 │ 8 │ 9 │ 0 │ - │ ` │ ←    │
├───┴─┬─┴─┬─┴─┬─┴─┬─┴─┬─┴─┬─┴─┬─┴─┬─┴─┬─┴─┬─┴─┬─┴─┬─┴─┬────┤
│   ⇥ │ ä │ y │ g │ b │ z │ x │ ü │ d │ l │ k │ j │ ß │ Ret│
├─────┴┬──┴┬──┴┬──┴┬──┴┬──┴┬──┴┬──┴┬──┴┬──┴┬──┴┬──┴┬──┴┐   │
│    ⇩ │ a │ e │ m │ n │ f │ p │ i │ t │ r │ s │ ⇘ │ ´ │   │
├────┬─┴─┬─┴─┬─┴─┬─┴─┬─┴─┬─┴─┬─┴─┬─┴─┬─┴─┬─┴─┬─┴─┬─┴───┴───┤
│  ⇧ │ ⇚ │ o │ ö │ c │ h │ q │ v │ u │ , │ . │ w │ ⇗       │
├────┼───┴┬──┴─┬─┴───┴───┴───┴───┴───┴─┬─┴──┬┴───┼────┬────┤
│Strg│ Fe │ Alt│      Leerzeichen      │ M4 │ Fe │ Me │Strg│
└────┴────┴────┴───────────────────────┴────┴────┴────┴────┘
# 10.209114434451905 x100 total penalty per letter
# 37.36261201484142 x10 billion total penalty compared to notime-noeffort
# 7.6473013705313395 mean key position cost in file 1gramme.txt ( 55.97413094 )
# 9.130230974615634 % finger repeats in file 2gramme.txt ( 44.0753407834148 )
# 14.480674199007378 million keystrokes disbalance of the fingers ( 28.96134839801476 )
# 0.3762675096910795 % finger repeats top to bottom or vice versa ( 9.081982022946207 )
# 6.132755703491664 % of trigrams have no handswitching (after direction change counted x 1 ) ( 27.12710761852317 )
# 8.365530255363387 billion (rows²/dist)² to cross ( 108.75189331972402 )
# 0.01941072605866001 hand disbalance. Left: 0.51941072605866 %, Right: 0.48058927394134 % ( 0.5683042785444271 )
# 1.0979192834421578 badly positioned shortcut keys (weighted).
# 11.229128749273077 no handswitching after unbalancing key (weighted).
# 30.113636375345827 movement pattern cost (weighted).
# 0.8633971828851357 asymmetric bigram cost (weighted).
# 7.004890670691355 irregularity cost (weighted).
# 21.02955631345308 manually assigned bigram penalty (weighted)
# 12.598607512433988 unbalancing key after neighboring finger (weighted)
# 0.8633971828851357 asymmetrc bigrams (weighted)
# 15.148876699722189 inconsistent symmetries of similar keys (weighted)
# 7.004890670691355 irregularity cost for randomly sampled words (weighted).
# Finger load %: 12.9 11.5 6.1 13.3 - 11.1 9.3 9.3 10.8
 
