
# Evolved Layout
juavü qgpmfzß
rionc wtesh⇘
xöäly bd,.k
┌───┬───┬───┬───┬───┬───┬───┬───┬───┬───┬───┬───┬───┬──────┐
│ ^ │ 1 │ 2 │ 3 │ 4 │ 5 │ 6 │ 7 │ 8 │ 9 │ 0 │ - │ ` │ ←    │
├───┴─┬─┴─┬─┴─┬─┴─┬─┴─┬─┴─┬─┴─┬─┴─┬─┴─┬─┴─┬─┴─┬─┴─┬─┴─┬────┤
│   ⇥ │ j │ u │ a │ v │ ü │ q │ g │ p │ m │ f │ z │ ß │ Ret│
├─────┴┬──┴┬──┴┬──┴┬──┴┬──┴┬──┴┬──┴┬──┴┬──┴┬──┴┬──┴┬──┴┐   │
│    ⇩ │ r │ i │ o │ n │ c │ w │ t │ e │ s │ h │ ⇘ │ ´ │   │
├────┬─┴─┬─┴─┬─┴─┬─┴─┬─┴─┬─┴─┬─┴─┬─┴─┬─┴─┬─┴─┬─┴─┬─┴───┴───┤
│  ⇧ │ ⇚ │ x │ ö │ ä │ l │ y │ b │ d │ , │ . │ k │ ⇗       │
├────┼───┴┬──┴─┬─┴───┴───┴───┴───┴───┴─┬─┴──┬┴───┼────┬────┤
│Strg│ Fe │ Alt│      Leerzeichen      │ M4 │ Fe │ Me │Strg│
└────┴────┴────┴───────────────────────┴────┴────┴────┴────┘
# 10.131542037280681 x100 total penalty per letter
# 37.07871791245102 x10 billion total penalty compared to notime-noeffort
# 7.275461161367632 mean key position cost in file 1gramme.txt ( 53.2524607 )
# 11.289313031656542 % finger repeats in file 2gramme.txt ( 54.49810858720965 )
# 12.382182534896273 million keystrokes disbalance of the fingers ( 24.764365069792547 )
# 0.39317579610022574 % finger repeats top to bottom or vice versa ( 9.49009792254319 )
# 4.4085967305670275 % of trigrams have no handswitching (after direction change counted x 1 ) ( 19.500610123548793 )
# 7.990210651531825 billion (rows²/dist)² to cross ( 103.87273846991373 )
# 0.023695610982736814 hand disbalance. Left: 0.4763043890172632 %, Right: 0.5236956109827368 % ( 0.6937564861570807 )
# 0.7319461889614385 badly positioned shortcut keys (weighted).
# 14.162770501077812 no handswitching after unbalancing key (weighted).
# 30.90308803281138 movement pattern cost (weighted).
# 0.8862659808801575 asymmetric bigram cost (weighted).
# 14.137393077397652 irregularity cost (weighted).
# 17.077334332646327 manually assigned bigram penalty (weighted)
# 13.20332137024049 unbalancing key after neighboring finger (weighted)
# 0.8862659808801575 asymmetrc bigrams (weighted)
# 13.612922281329999 inconsistent symmetries of similar keys (weighted)
# 14.137393077397652 irregularity cost for randomly sampled words (weighted).
# Finger load %: 11.5 8.3 7.4 13.0 - 13.7 13.0 8.0 9.6
 
