
# Evolved Layout
ßmlpz ywuoüöj
hsrnb fteai⇘
gkxcq vd,.ä
┌───┬───┬───┬───┬───┬───┬───┬───┬───┬───┬───┬───┬───┬──────┐
│ ^ │ 1 │ 2 │ 3 │ 4 │ 5 │ 6 │ 7 │ 8 │ 9 │ 0 │ - │ ` │ ←    │
├───┴─┬─┴─┬─┴─┬─┴─┬─┴─┬─┴─┬─┴─┬─┴─┬─┴─┬─┴─┬─┴─┬─┴─┬─┴─┬────┤
│   ⇥ │ ß │ m │ l │ p │ z │ y │ w │ u │ o │ ü │ ö │ j │ Ret│
├─────┴┬──┴┬──┴┬──┴┬──┴┬──┴┬──┴┬──┴┬──┴┬──┴┬──┴┬──┴┬──┴┐   │
│    ⇩ │ h │ s │ r │ n │ b │ f │ t │ e │ a │ i │ ⇘ │ ´ │   │
├────┬─┴─┬─┴─┬─┴─┬─┴─┬─┴─┬─┴─┬─┴─┬─┴─┬─┴─┬─┴─┬─┴─┬─┴───┴───┤
│  ⇧ │ ⇚ │ g │ k │ x │ c │ q │ v │ d │ , │ . │ ä │ ⇗       │
├────┼───┴┬──┴─┬─┴───┴───┴───┴───┴───┴─┬─┴──┬┴───┼────┬────┤
│Strg│ Fe │ Alt│      Leerzeichen      │ M4 │ Fe │ Me │Strg│
└────┴────┴────┴───────────────────────┴────┴────┴────┴────┘
# 9.434655342023635 x100 total penalty per letter
# 34.52830010879438 x10 billion total penalty compared to notime-noeffort
# 7.327740837902728 mean key position cost in file 1gramme.txt ( 53.6351198 )
# 10.321337192118445 % finger repeats in file 2gramme.txt ( 49.82529525791161 )
# 12.259367098853062 million keystrokes disbalance of the fingers ( 24.518734197706124 )
# 0.39236253980650415 % finger repeats top to bottom or vice versa ( 9.470468326977814 )
# 3.744709632137008 % of trigrams have no handswitching (after direction change counted x 1 ) ( 16.564028652448183 )
# 8.348356341737105 billion (rows²/dist)² to cross ( 108.52863244258235 )
# 0.04672271087754731 hand disbalance. Left: 0.4532772891224527 %, Right: 0.5467227108775473 % ( 1.3679404065907161 )
# 1.0979192834421578 badly positioned shortcut keys (weighted).
# 12.63037248068543 no handswitching after unbalancing key (weighted).
# 22.609371250403296 movement pattern cost (weighted).
# 0.8722466109993641 asymmetric bigram cost (weighted).
# 3.470808567754615 irregularity cost (weighted).
# 16.40483648859444 manually assigned bigram penalty (weighted)
# 11.659991112741242 unbalancing key after neighboring finger (weighted)
# 0.8722466109993641 asymmetrc bigrams (weighted)
# 12.62723620910651 inconsistent symmetries of similar keys (weighted)
# 3.470808567754615 irregularity cost for randomly sampled words (weighted).
# Finger load %: 10.6 7.7 8.0 11.9 - 12.7 14.5 8.6 10.4
 
