
# Evolved Layout
öoylä jkpfvzß
iaerc wtnsh⇘
uüxmq bd,.g
┌───┬───┬───┬───┬───┬───┬───┬───┬───┬───┬───┬───┬───┬──────┐
│ ^ │ 1 │ 2 │ 3 │ 4 │ 5 │ 6 │ 7 │ 8 │ 9 │ 0 │ - │ ` │ ←    │
├───┴─┬─┴─┬─┴─┬─┴─┬─┴─┬─┴─┬─┴─┬─┴─┬─┴─┬─┴─┬─┴─┬─┴─┬─┴─┬────┤
│   ⇥ │ ö │ o │ y │ l │ ä │ j │ k │ p │ f │ v │ z │ ß │ Ret│
├─────┴┬──┴┬──┴┬──┴┬──┴┬──┴┬──┴┬──┴┬──┴┬──┴┬──┴┬──┴┬──┴┐   │
│    ⇩ │ i │ a │ e │ r │ c │ w │ t │ n │ s │ h │ ⇘ │ ´ │   │
├────┬─┴─┬─┴─┬─┴─┬─┴─┬─┴─┬─┴─┬─┴─┬─┴─┬─┴─┬─┴─┬─┴─┬─┴───┴───┤
│  ⇧ │ ⇚ │ u │ ü │ x │ m │ q │ b │ d │ , │ . │ g │ ⇗       │
├────┼───┴┬──┴─┬─┴───┴───┴───┴───┴───┴─┬─┴──┬┴───┼────┬────┤
│Strg│ Fe │ Alt│      Leerzeichen      │ M4 │ Fe │ Me │Strg│
└────┴────┴────┴───────────────────────┴────┴────┴────┴────┘
# 9.438027755588912 x100 total penalty per letter
# 34.54064223507792 x10 billion total penalty compared to notime-noeffort
# 7.6399145078335895 mean key position cost in file 1gramme.txt ( 55.92006308 )
# 8.425670415531314 % finger repeats in file 2gramme.txt ( 40.674140218989656 )
# 14.73633645374612 million keystrokes disbalance of the fingers ( 29.472672907492242 )
# 0.47893032339609837 % finger repeats top to bottom or vice versa ( 11.559957942949382 )
# 3.452908650849464 % of trigrams have no handswitching (after direction change counted x 1 ) ( 15.27330112223349 )
# 8.301862297125718 billion (rows²/dist)² to cross ( 107.92420986263433 )
# 0.03897296765901259 hand disbalance. Left: 0.5389729676590126 %, Right: 0.46102703234098746 % ( 1.1410446060212664 )
# 1.0979192834421578 badly positioned shortcut keys (weighted).
# 12.111853735822548 no handswitching after unbalancing key (weighted).
# 23.734872955509164 movement pattern cost (weighted).
# 0.8616788905591546 asymmetric bigram cost (weighted).
# 5.410520510407051 irregularity cost (weighted).
# 19.161091003547448 manually assigned bigram penalty (weighted)
# 9.919753225247877 unbalancing key after neighboring finger (weighted)
# 0.8616788905591546 asymmetrc bigrams (weighted)
# 11.143343005923466 inconsistent symmetries of similar keys (weighted)
# 5.410520510407051 irregularity cost for randomly sampled words (weighted).
# Finger load %: 14.0 7.7 11.4 12.4 - 12.8 8.7 7.5 10.0
 
