
# Evolved Layout
jmlcü vwiyöäß
hsrnz btuea⇘
gkxpq fd,.o
┌───┬───┬───┬───┬───┬───┬───┬───┬───┬───┬───┬───┬───┬──────┐
│ ^ │ 1 │ 2 │ 3 │ 4 │ 5 │ 6 │ 7 │ 8 │ 9 │ 0 │ - │ ` │ ←    │
├───┴─┬─┴─┬─┴─┬─┴─┬─┴─┬─┴─┬─┴─┬─┴─┬─┴─┬─┴─┬─┴─┬─┴─┬─┴─┬────┤
│   ⇥ │ j │ m │ l │ c │ ü │ v │ w │ i │ y │ ö │ ä │ ß │ Ret│
├─────┴┬──┴┬──┴┬──┴┬──┴┬──┴┬──┴┬──┴┬──┴┬──┴┬──┴┬──┴┬──┴┐   │
│    ⇩ │ h │ s │ r │ n │ z │ b │ t │ u │ e │ a │ ⇘ │ ´ │   │
├────┬─┴─┬─┴─┬─┴─┬─┴─┬─┴─┬─┴─┬─┴─┬─┴─┬─┴─┬─┴─┬─┴─┬─┴───┴───┤
│  ⇧ │ ⇚ │ g │ k │ x │ p │ q │ f │ d │ , │ . │ o │ ⇗       │
├────┼───┴┬──┴─┬─┴───┴───┴───┴───┴───┴─┬─┴──┬┴───┼────┬────┤
│Strg│ Fe │ Alt│      Leerzeichen      │ M4 │ Fe │ Me │Strg│
└────┴────┴────┴───────────────────────┴────┴────┴────┴────┘
# 9.696957458239059 x100 total penalty per letter
# 35.48825528039638 x10 billion total penalty compared to notime-noeffort
# 7.654621110808425 mean key position cost in file 1gramme.txt ( 56.0277075 )
# 8.064515663839703 % finger repeats in file 2gramme.txt ( 38.9306992479328 )
# 13.408525540427727 million keystrokes disbalance of the fingers ( 26.81705108085545 )
# 0.42648400351165033 % finger repeats top to bottom or vice versa ( 10.294059288156399 )
# 3.991981582686444 % of trigrams have no handswitching (after direction change counted x 1 ) ( 17.65779027249407 )
# 8.353841332097467 billion (rows²/dist)² to cross ( 108.59993731726708 )
# 0.05671093651459269 hand disbalance. Left: 0.4432890634854073 %, Right: 0.5567109365145927 % ( 1.6603741541716082 )
# 0.7319461889614385 badly positioned shortcut keys (weighted).
# 13.32306256423755 no handswitching after unbalancing key (weighted).
# 27.09696442103624 movement pattern cost (weighted).
# 0.8839084213128462 asymmetric bigram cost (weighted).
# 6.659376807110998 irregularity cost (weighted).
# 18.011590259331133 manually assigned bigram penalty (weighted)
# 11.555315378190889 unbalancing key after neighboring finger (weighted)
# 0.8839084213128462 asymmetrc bigrams (weighted)
# 16.63276990290523 inconsistent symmetries of similar keys (weighted)
# 6.659376807110998 irregularity cost for randomly sampled words (weighted).
# Finger load %: 10.8 7.7 8.0 10.8 - 13.7 9.2 12.6 11.5
 
