
# Evolved Layout
öyucj vpmlzxß
aeitk fnsrh⇘
oäügq wb,.d
┌───┬───┬───┬───┬───┬───┬───┬───┬───┬───┬───┬───┬───┬──────┐
│ ^ │ 1 │ 2 │ 3 │ 4 │ 5 │ 6 │ 7 │ 8 │ 9 │ 0 │ - │ ` │ ←    │
├───┴─┬─┴─┬─┴─┬─┴─┬─┴─┬─┴─┬─┴─┬─┴─┬─┴─┬─┴─┬─┴─┬─┴─┬─┴─┬────┤
│   ⇥ │ ö │ y │ u │ c │ j │ v │ p │ m │ l │ z │ x │ ß │ Ret│
├─────┴┬──┴┬──┴┬──┴┬──┴┬──┴┬──┴┬──┴┬──┴┬──┴┬──┴┬──┴┬──┴┐   │
│    ⇩ │ a │ e │ i │ t │ k │ f │ n │ s │ r │ h │ ⇘ │ ´ │   │
├────┬─┴─┬─┴─┬─┴─┬─┴─┬─┴─┬─┴─┬─┴─┬─┴─┬─┴─┬─┴─┬─┴─┬─┴───┴───┤
│  ⇧ │ ⇚ │ o │ ä │ ü │ g │ q │ w │ b │ , │ . │ d │ ⇗       │
├────┼───┴┬──┴─┬─┴───┴───┴───┴───┴───┴─┬─┴──┬┴───┼────┬────┤
│Strg│ Fe │ Alt│      Leerzeichen      │ M4 │ Fe │ Me │Strg│
└────┴────┴────┴───────────────────────┴────┴────┴────┴────┘
# 9.527686613047141 x100 total penalty per letter
# 34.86876953019385 x10 billion total penalty compared to notime-noeffort
# 7.627312524055126 mean key position cost in file 1gramme.txt ( 55.82782334 )
# 9.906801777134884 % finger repeats in file 2gramme.txt ( 47.824164100004204 )
# 14.557338661535082 million keystrokes disbalance of the fingers ( 29.114677323070165 )
# 0.2944553992623654 % finger repeats top to bottom or vice versa ( 7.1072802561556125 )
# 2.449787341868282 % of trigrams have no handswitching (after direction change counted x 1 ) ( 10.83618002711577 )
# 8.297885788979658 billion (rows²/dist)² to cross ( 107.87251525673555 )
# 0.015296459342225899 hand disbalance. Left: 0.5152964593422259 %, Right: 0.48470354065777416 % ( 0.44784740480583357 )
# 1.0979192834421578 badly positioned shortcut keys (weighted).
# 11.675500342559804 no handswitching after unbalancing key (weighted).
# 28.92391933719207 movement pattern cost (weighted).
# 0.870253729283151 asymmetric bigram cost (weighted).
# 5.79051519241678 irregularity cost (weighted).
# 18.334336652653974 manually assigned bigram penalty (weighted)
# 9.951935707883063 unbalancing key after neighboring finger (weighted)
# 0.870253729283151 asymmetrc bigrams (weighted)
# 13.012827348620299 inconsistent symmetries of similar keys (weighted)
# 5.79051519241678 irregularity cost for randomly sampled words (weighted).
# Finger load %: 13.1 11.7 8.3 10.4 - 13.0 7.8 9.3 10.9
 
