
# Evolved Layout
ßodxö qwlpfzj
hateä mnris⇘
gükuy bc,.v
┌───┬───┬───┬───┬───┬───┬───┬───┬───┬───┬───┬───┬───┬──────┐
│ ^ │ 1 │ 2 │ 3 │ 4 │ 5 │ 6 │ 7 │ 8 │ 9 │ 0 │ - │ ` │ ←    │
├───┴─┬─┴─┬─┴─┬─┴─┬─┴─┬─┴─┬─┴─┬─┴─┬─┴─┬─┴─┬─┴─┬─┴─┬─┴─┬────┤
│   ⇥ │ ß │ o │ d │ x │ ö │ q │ w │ l │ p │ f │ z │ j │ Ret│
├─────┴┬──┴┬──┴┬──┴┬──┴┬──┴┬──┴┬──┴┬──┴┬──┴┬──┴┬──┴┬──┴┐   │
│    ⇩ │ h │ a │ t │ e │ ä │ m │ n │ r │ i │ s │ ⇘ │ ´ │   │
├────┬─┴─┬─┴─┬─┴─┬─┴─┬─┴─┬─┴─┬─┴─┬─┴─┬─┴─┬─┴─┬─┴─┬─┴───┴───┤
│  ⇧ │ ⇚ │ g │ ü │ k │ u │ y │ b │ c │ , │ . │ v │ ⇗       │
├────┼───┴┬──┴─┬─┴───┴───┴───┴───┴───┴─┬─┴──┬┴───┼────┬────┤
│Strg│ Fe │ Alt│      Leerzeichen      │ M4 │ Fe │ Me │Strg│
└────┴────┴────┴───────────────────────┴────┴────┴────┴────┘
# 10.004558859319294 x100 total penalty per letter
# 36.61399364659577 x10 billion total penalty compared to notime-noeffort
# 7.406224763178042 mean key position cost in file 1gramme.txt ( 54.2095799 )
# 10.396417841516131 % finger repeats in file 2gramme.txt ( 50.1877401092679 )
# 13.132999229777631 million keystrokes disbalance of the fingers ( 26.265998459555263 )
# 0.3378935640619412 % finger repeats top to bottom or vice versa ( 8.155748757045885 )
# 3.5525254234414527 % of trigrams have no handswitching (after direction change counted x 1 ) ( 15.713937443222807 )
# 8.378671231970465 billion (rows²/dist)² to cross ( 108.92272601561605 )
# 0.000869503472376354 hand disbalance. Left: 0.5008695034723764 %, Right: 0.4991304965276236 % ( 0.025457190115784387 )
# 1.0979192834421578 badly positioned shortcut keys (weighted).
# 12.192751545629566 no handswitching after unbalancing key (weighted).
# 33.24493191114424 movement pattern cost (weighted).
# 0.8775648062666247 asymmetric bigram cost (weighted).
# 11.641526399063128 irregularity cost (weighted).
# 20.283847201504074 manually assigned bigram penalty (weighted)
# 11.09365406987689 unbalancing key after neighboring finger (weighted)
# 0.8775648062666247 asymmetrc bigrams (weighted)
# 12.226553374207308 inconsistent symmetries of similar keys (weighted)
# 11.641526399063128 irregularity cost for randomly sampled words (weighted).
# Finger load %: 11.0 7.7 9.1 14.4 - 14.1 9.1 7.9 11.1
 
