
# Evolved Layout
äjivö qplfkzß
ueatg mnrsh⇘
oxycü wb,.d
┌───┬───┬───┬───┬───┬───┬───┬───┬───┬───┬───┬───┬───┬──────┐
│ ^ │ 1 │ 2 │ 3 │ 4 │ 5 │ 6 │ 7 │ 8 │ 9 │ 0 │ - │ ` │ ←    │
├───┴─┬─┴─┬─┴─┬─┴─┬─┴─┬─┴─┬─┴─┬─┴─┬─┴─┬─┴─┬─┴─┬─┴─┬─┴─┬────┤
│   ⇥ │ ä │ j │ i │ v │ ö │ q │ p │ l │ f │ k │ z │ ß │ Ret│
├─────┴┬──┴┬──┴┬──┴┬──┴┬──┴┬──┴┬──┴┬──┴┬──┴┬──┴┬──┴┬──┴┐   │
│    ⇩ │ u │ e │ a │ t │ g │ m │ n │ r │ s │ h │ ⇘ │ ´ │   │
├────┬─┴─┬─┴─┬─┴─┬─┴─┬─┴─┬─┴─┬─┴─┬─┴─┬─┴─┬─┴─┬─┴─┬─┴───┴───┤
│  ⇧ │ ⇚ │ o │ x │ y │ c │ ü │ w │ b │ , │ . │ d │ ⇗       │
├────┼───┴┬──┴─┬─┴───┴───┴───┴───┴───┴─┬─┴──┬┴───┼────┬────┤
│Strg│ Fe │ Alt│      Leerzeichen      │ M4 │ Fe │ Me │Strg│
└────┴────┴────┴───────────────────────┴────┴────┴────┴────┘
# 9.553451548310797 x100 total penalty per letter
# 34.96306226106921 x10 billion total penalty compared to notime-noeffort
# 7.56450008689327 mean key position cost in file 1gramme.txt ( 55.3680701 )
# 10.90128081667255 % finger repeats in file 2gramme.txt ( 52.6249191621105 )
# 13.526543135635821 million keystrokes disbalance of the fingers ( 27.053086271271642 )
# 0.3299124152703092 % finger repeats top to bottom or vice versa ( 7.963107489912372 )
# 2.488957165690556 % of trigrams have no handswitching (after direction change counted x 1 ) ( 11.00944047928419 )
# 8.26487935876648 billion (rows²/dist)² to cross ( 107.44343166396423 )
# 0.01352852283254724 hand disbalance. Left: 0.5135285228325472 %, Right: 0.4864714771674528 % ( 0.3960860291824303 )
# 0.7319461889614385 badly positioned shortcut keys (weighted).
# 12.649905446214852 no handswitching after unbalancing key (weighted).
# 27.634669136551683 movement pattern cost (weighted).
# 0.8843457921828816 asymmetric bigram cost (weighted).
# 3.4925713609431783 irregularity cost (weighted).
# 17.911816063779355 manually assigned bigram penalty (weighted)
# 11.952607208672681 unbalancing key after neighboring finger (weighted)
# 0.8843457921828816 asymmetrc bigrams (weighted)
# 12.514620217660745 inconsistent symmetries of similar keys (weighted)
# 3.4925713609431783 irregularity cost for randomly sampled words (weighted).
# Finger load %: 11.4 11.3 10.3 10.3 - 12.9 9.1 7.5 11.6
 
