
# Evolved Layout
ßüuzä xdrbvqj
ceiak mlsnt⇘
fypoö gh,.w
┌───┬───┬───┬───┬───┬───┬───┬───┬───┬───┬───┬───┬───┬──────┐
│ ^ │ 1 │ 2 │ 3 │ 4 │ 5 │ 6 │ 7 │ 8 │ 9 │ 0 │ - │ ` │ ←    │
├───┴─┬─┴─┬─┴─┬─┴─┬─┴─┬─┴─┬─┴─┬─┴─┬─┴─┬─┴─┬─┴─┬─┴─┬─┴─┬────┤
│   ⇥ │ ß │ ü │ u │ z │ ä │ x │ d │ r │ b │ v │ q │ j │ Ret│
├─────┴┬──┴┬──┴┬──┴┬──┴┬──┴┬──┴┬──┴┬──┴┬──┴┬──┴┬──┴┬──┴┐   │
│    ⇩ │ c │ e │ i │ a │ k │ m │ l │ s │ n │ t │ ⇘ │ ´ │   │
├────┬─┴─┬─┴─┬─┴─┬─┴─┬─┴─┬─┴─┬─┴─┬─┴─┬─┴─┬─┴─┬─┴─┬─┴───┴───┤
│  ⇧ │ ⇚ │ f │ y │ p │ o │ ö │ g │ h │ , │ . │ w │ ⇗       │
├────┼───┴┬──┴─┬─┴───┴───┴───┴───┴───┴─┬─┴──┬┴───┼────┬────┤
│Strg│ Fe │ Alt│      Leerzeichen      │ M4 │ Fe │ Me │Strg│
└────┴────┴────┴───────────────────────┴────┴────┴────┴────┘
# 9.9663121471837 x100 total penalty per letter
# 36.47402097065601 x10 billion total penalty compared to notime-noeffort
# 7.460527632158611 mean key position cost in file 1gramme.txt ( 54.60704768 )
# 12.73275515495473 % finger repeats in file 2gramme.txt ( 61.46619117596167 )
# 11.52267699254884 million keystrokes disbalance of the fingers ( 23.04535398509768 )
# 0.5319417596521474 % finger repeats top to bottom or vice versa ( 12.839496831340973 )
# 1.7376554317679034 % of trigrams have no handswitching (after direction change counted x 1 ) ( 7.686196577933416 )
# 8.308434023388196 billion (rows²/dist)² to cross ( 108.00964230404655 )
# 0.03053607869921615 hand disbalance. Left: 0.46946392130078385 %, Right: 0.5305360786992162 % ( 0.894030657188713 )
# 0.7319461889614385 badly positioned shortcut keys (weighted).
# 11.952142077260035 no handswitching after unbalancing key (weighted).
# 31.166838543065605 movement pattern cost (weighted).
# 0.8660905231324038 asymmetric bigram cost (weighted).
# 11.385025875158787 irregularity cost (weighted).
# 18.57379778833678 manually assigned bigram penalty (weighted)
# 11.924112606930088 unbalancing key after neighboring finger (weighted)
# 0.8660905231324038 asymmetrc bigrams (weighted)
# 9.592296892145868 inconsistent symmetries of similar keys (weighted)
# 11.385025875158787 irregularity cost for randomly sampled words (weighted).
# Finger load %: 9.6 11.7 9.0 9.3 - 14.3 10.9 9.2 10.3
 
