
# Evolved Layout
ädovö qbalzßj
mtehp fnirs⇘
gküuy wc,.x
┌───┬───┬───┬───┬───┬───┬───┬───┬───┬───┬───┬───┬───┬──────┐
│ ^ │ 1 │ 2 │ 3 │ 4 │ 5 │ 6 │ 7 │ 8 │ 9 │ 0 │ - │ ` │ ←    │
├───┴─┬─┴─┬─┴─┬─┴─┬─┴─┬─┴─┬─┴─┬─┴─┬─┴─┬─┴─┬─┴─┬─┴─┬─┴─┬────┤
│   ⇥ │ ä │ d │ o │ v │ ö │ q │ b │ a │ l │ z │ ß │ j │ Ret│
├─────┴┬──┴┬──┴┬──┴┬──┴┬──┴┬──┴┬──┴┬──┴┬──┴┬──┴┬──┴┬──┴┐   │
│    ⇩ │ m │ t │ e │ h │ p │ f │ n │ i │ r │ s │ ⇘ │ ´ │   │
├────┬─┴─┬─┴─┬─┴─┬─┴─┬─┴─┬─┴─┬─┴─┬─┴─┬─┴─┬─┴─┬─┴─┬─┴───┴───┤
│  ⇧ │ ⇚ │ g │ k │ ü │ u │ y │ w │ c │ , │ . │ x │ ⇗       │
├────┼───┴┬──┴─┬─┴───┴───┴───┴───┴───┴─┬─┴──┬┴───┼────┬────┤
│Strg│ Fe │ Alt│      Leerzeichen      │ M4 │ Fe │ Me │Strg│
└────┴────┴────┴───────────────────────┴────┴────┴────┴────┘
# 9.825499789942334 x100 total penalty per letter
# 35.95868562944853 x10 billion total penalty compared to notime-noeffort
# 7.434531201974311 mean key position cost in file 1gramme.txt ( 54.4167678 )
# 10.633069417216722 % finger repeats in file 2gramme.txt ( 51.33015357886523 )
# 10.970906283214875 million keystrokes disbalance of the fingers ( 21.94181256642975 )
# 0.35265849872676025 % finger repeats top to bottom or vice versa ( 8.512130500731264 )
# 3.875819380956366 % of trigrams have no handswitching (after direction change counted x 1 ) ( 17.143968313836503 )
# 8.201633087776575 billion (rows²/dist)² to cross ( 106.62123014109545 )
# 0.015008317080391687 hand disbalance. Left: 0.4849916829196083 %, Right: 0.5150083170803917 % ( 0.4394112195887024 )
# 1.0979192834421578 badly positioned shortcut keys (weighted).
# 10.916109652610176 no handswitching after unbalancing key (weighted).
# 37.193292065976095 movement pattern cost (weighted).
# 0.8866611812587234 asymmetric bigram cost (weighted).
# 3.618842008505006 irregularity cost (weighted).
# 19.246175994510356 manually assigned bigram penalty (weighted)
# 11.875058952406953 unbalancing key after neighboring finger (weighted)
# 0.8866611812587234 asymmetrc bigrams (weighted)
# 14.347323035228815 inconsistent symmetries of similar keys (weighted)
# 3.618842008505006 irregularity cost for randomly sampled words (weighted).
# Finger load %: 9.7 9.3 13.8 8.1 - 13.6 11.1 9.3 9.5
 
