
# Evolved Layout
üäcxj wbimköß
oeunl ptash⇘
zyvrq fd,.g
┌───┬───┬───┬───┬───┬───┬───┬───┬───┬───┬───┬───┬───┬──────┐
│ ^ │ 1 │ 2 │ 3 │ 4 │ 5 │ 6 │ 7 │ 8 │ 9 │ 0 │ - │ ` │ ←    │
├───┴─┬─┴─┬─┴─┬─┴─┬─┴─┬─┴─┬─┴─┬─┴─┬─┴─┬─┴─┬─┴─┬─┴─┬─┴─┬────┤
│   ⇥ │ ü │ ä │ c │ x │ j │ w │ b │ i │ m │ k │ ö │ ß │ Ret│
├─────┴┬──┴┬──┴┬──┴┬──┴┬──┴┬──┴┬──┴┬──┴┬──┴┬──┴┬──┴┬──┴┐   │
│    ⇩ │ o │ e │ u │ n │ l │ p │ t │ a │ s │ h │ ⇘ │ ´ │   │
├────┬─┴─┬─┴─┬─┴─┬─┴─┬─┴─┬─┴─┬─┴─┬─┴─┬─┴─┬─┴─┬─┴─┬─┴───┴───┤
│  ⇧ │ ⇚ │ z │ y │ v │ r │ q │ f │ d │ , │ . │ g │ ⇗       │
├────┼───┴┬──┴─┬─┴───┴───┴───┴───┴───┴─┬─┴──┬┴───┼────┬────┤
│Strg│ Fe │ Alt│      Leerzeichen      │ M4 │ Fe │ Me │Strg│
└────┴────┴────┴───────────────────────┴────┴────┴────┴────┘
# 9.75954609161567 x100 total penalty per letter
# 35.71731283875796 x10 billion total penalty compared to notime-noeffort
# 7.487821313444589 mean key position cost in file 1gramme.txt ( 54.80682274 )
# 11.842941773087265 % finger repeats in file 2gramme.txt ( 57.1706998408038 )
# 11.947028060316558 million keystrokes disbalance of the fingers ( 23.894056120633117 )
# 0.3974272293587652 % finger repeats top to bottom or vice versa ( 9.592714915590268 )
# 5.07030351562494 % of trigrams have no handswitching (after direction change counted x 1 ) ( 22.427547382757265 )
# 7.594622126034846 billion (rows²/dist)² to cross ( 98.730087638453 )
# 0.005041491844088086 hand disbalance. Left: 0.4949585081559119 %, Right: 0.5050414918440881 % ( 0.147604029678418 )
# 0.0 badly positioned shortcut keys (weighted).
# 13.919713919702232 no handswitching after unbalancing key (weighted).
# 27.27141762279416 movement pattern cost (weighted).
# 0.8849186292794291 asymmetric bigram cost (weighted).
# 3.2601920677351948 irregularity cost (weighted).
# 16.723101711459666 manually assigned bigram penalty (weighted)
# 14.731329487363213 unbalancing key after neighboring finger (weighted)
# 0.8849186292794291 asymmetrc bigrams (weighted)
# 13.612922281329999 inconsistent symmetries of similar keys (weighted)
# 3.2601920677351948 irregularity cost for randomly sampled words (weighted).
# Finger load %: 9.9 11.7 5.4 14.8 - 14.0 11.1 8.0 9.5
 
