
# Evolved Layout
jhlüä vwmizqß
tureö bnsad⇘
gkxoy fp,.c
┌───┬───┬───┬───┬───┬───┬───┬───┬───┬───┬───┬───┬───┬──────┐
│ ^ │ 1 │ 2 │ 3 │ 4 │ 5 │ 6 │ 7 │ 8 │ 9 │ 0 │ - │ ` │ ←    │
├───┴─┬─┴─┬─┴─┬─┴─┬─┴─┬─┴─┬─┴─┬─┴─┬─┴─┬─┴─┬─┴─┬─┴─┬─┴─┬────┤
│   ⇥ │ j │ h │ l │ ü │ ä │ v │ w │ m │ i │ z │ q │ ß │ Ret│
├─────┴┬──┴┬──┴┬──┴┬──┴┬──┴┬──┴┬──┴┬──┴┬──┴┬──┴┬──┴┬──┴┐   │
│    ⇩ │ t │ u │ r │ e │ ö │ b │ n │ s │ a │ d │ ⇘ │ ´ │   │
├────┬─┴─┬─┴─┬─┴─┬─┴─┬─┴─┬─┴─┬─┴─┬─┴─┬─┴─┬─┴─┬─┴─┬─┴───┴───┤
│  ⇧ │ ⇚ │ g │ k │ x │ o │ y │ f │ p │ , │ . │ c │ ⇗       │
├────┼───┴┬──┴─┬─┴───┴───┴───┴───┴───┴─┬─┴──┬┴───┼────┬────┤
│Strg│ Fe │ Alt│      Leerzeichen      │ M4 │ Fe │ Me │Strg│
└────┴────┴────┴───────────────────────┴────┴────┴────┴────┘
# 9.979157822849912 x100 total penalty per letter
# 36.521032687398595 x10 billion total penalty compared to notime-noeffort
# 7.8327005980244815 mean key position cost in file 1gramme.txt ( 57.33115352 )
# 10.544467713979468 % finger repeats in file 2gramme.txt ( 50.902437097756454 )
# 14.08576503343256 million keystrokes disbalance of the fingers ( 28.17153006686512 )
# 0.2966754909799292 % finger repeats top to bottom or vice versa ( 7.1608666874814535 )
# 5.212330510091305 % of trigrams have no handswitching (after direction change counted x 1 ) ( 23.055777455810862 )
# 7.459070575453215 billion (rows²/dist)² to cross ( 96.9679174808918 )
# 0.005993905480132455 hand disbalance. Left: 0.5059939054801325 %, Right: 0.4940060945198675 % ( 0.1754886509271213 )
# 1.0979192834421578 badly positioned shortcut keys (weighted).
# 10.88697163880862 no handswitching after unbalancing key (weighted).
# 40.513873446771235 movement pattern cost (weighted).
# 0.8732425266677096 asymmetric bigram cost (weighted).
# 4.622694707126665 irregularity cost (weighted).
# 19.838781932524974 manually assigned bigram penalty (weighted)
# 9.182104737703057 unbalancing key after neighboring finger (weighted)
# 0.8732425266677096 asymmetrc bigrams (weighted)
# 14.429567641208784 inconsistent symmetries of similar keys (weighted)
# 4.622694707126665 irregularity cost for randomly sampled words (weighted).
# Finger load %: 13.0 6.9 8.0 14.8 - 13.0 7.8 11.3 9.6
 
