
# Evolved Layout
ähügö qflizjß
suetp mnrao⇘
vkxdy wc,.b
┌───┬───┬───┬───┬───┬───┬───┬───┬───┬───┬───┬───┬───┬──────┐
│ ^ │ 1 │ 2 │ 3 │ 4 │ 5 │ 6 │ 7 │ 8 │ 9 │ 0 │ - │ ` │ ←    │
├───┴─┬─┴─┬─┴─┬─┴─┬─┴─┬─┴─┬─┴─┬─┴─┬─┴─┬─┴─┬─┴─┬─┴─┬─┴─┬────┤
│   ⇥ │ ä │ h │ ü │ g │ ö │ q │ f │ l │ i │ z │ j │ ß │ Ret│
├─────┴┬──┴┬──┴┬──┴┬──┴┬──┴┬──┴┬──┴┬──┴┬──┴┬──┴┬──┴┬──┴┐   │
│    ⇩ │ s │ u │ e │ t │ p │ m │ n │ r │ a │ o │ ⇘ │ ´ │   │
├────┬─┴─┬─┴─┬─┴─┬─┴─┬─┴─┬─┴─┬─┴─┬─┴─┬─┴─┬─┴─┬─┴─┬─┴───┴───┤
│  ⇧ │ ⇚ │ v │ k │ x │ d │ y │ w │ c │ , │ . │ b │ ⇗       │
├────┼───┴┬──┴─┬─┴───┴───┴───┴───┴───┴─┬─┴──┬┴───┼────┬────┤
│Strg│ Fe │ Alt│      Leerzeichen      │ M4 │ Fe │ Me │Strg│
└────┴────┴────┴───────────────────────┴────┴────┴────┴────┘
# 10.20100850096768 x100 total penalty per letter
# 37.332946479232646 x10 billion total penalty compared to notime-noeffort
# 7.645532489130595 mean key position cost in file 1gramme.txt ( 55.96118368 )
# 11.175003349244536 % finger repeats in file 2gramme.txt ( 53.9462892278571 )
# 11.695987053549068 million keystrokes disbalance of the fingers ( 23.391974107098136 )
# 0.37289202776014657 % finger repeats top to bottom or vice versa ( 9.000507897687074 )
# 5.705087850601549 % of trigrams have no handswitching (after direction change counted x 1 ) ( 25.235398176432124 )
# 8.519248533843141 billion (rows²/dist)² to cross ( 110.75023093996084 )
# 0.013646305390692781 hand disbalance. Left: 0.4863536946093072 %, Right: 0.5136463053906928 % ( 0.3995344489648606 )
# 0.7319461889614385 badly positioned shortcut keys (weighted).
# 11.344963194421942 no handswitching after unbalancing key (weighted).
# 31.65481905392413 movement pattern cost (weighted).
# 0.8703682240647673 asymmetric bigram cost (weighted).
# 3.0000129642808235 irregularity cost (weighted).
# 19.892222334042007 manually assigned bigram penalty (weighted)
# 11.000359887300142 unbalancing key after neighboring finger (weighted)
# 0.8703682240647673 asymmetrc bigrams (weighted)
# 16.14965446733109 inconsistent symmetries of similar keys (weighted)
# 3.0000129642808235 irregularity cost for randomly sampled words (weighted).
# Finger load %: 11.0 6.9 11.3 11.8 - 14.1 9.1 11.3 8.9
 
