
# Evolved Layout
jlcvü qwfäößx
hrnik dtsea⇘
mzpuy gb,.o
┌───┬───┬───┬───┬───┬───┬───┬───┬───┬───┬───┬───┬───┬──────┐
│ ^ │ 1 │ 2 │ 3 │ 4 │ 5 │ 6 │ 7 │ 8 │ 9 │ 0 │ - │ ` │ ←    │
├───┴─┬─┴─┬─┴─┬─┴─┬─┴─┬─┴─┬─┴─┬─┴─┬─┴─┬─┴─┬─┴─┬─┴─┬─┴─┬────┤
│   ⇥ │ j │ l │ c │ v │ ü │ q │ w │ f │ ä │ ö │ ß │ x │ Ret│
├─────┴┬──┴┬──┴┬──┴┬──┴┬──┴┬──┴┬──┴┬──┴┬──┴┬──┴┬──┴┬──┴┐   │
│    ⇩ │ h │ r │ n │ i │ k │ d │ t │ s │ e │ a │ ⇘ │ ´ │   │
├────┬─┴─┬─┴─┬─┴─┬─┴─┬─┴─┬─┴─┬─┴─┬─┴─┬─┴─┬─┴─┬─┴─┬─┴───┴───┤
│  ⇧ │ ⇚ │ m │ z │ p │ u │ y │ g │ b │ , │ . │ o │ ⇗       │
├────┼───┴┬──┴─┬─┴───┴───┴───┴───┴───┴─┬─┴──┬┴───┼────┬────┤
│Strg│ Fe │ Alt│      Leerzeichen      │ M4 │ Fe │ Me │Strg│
└────┴────┴────┴───────────────────────┴────┴────┴────┴────┘
# 9.660604808942413 x100 total penalty per letter
# 35.355214364839725 x10 billion total penalty compared to notime-noeffort
# 7.622533038824164 mean key position cost in file 1gramme.txt ( 55.79284008 )
# 9.01777635886201 % finger repeats in file 2gramme.txt ( 43.53247658580696 )
# 13.258316541083708 million keystrokes disbalance of the fingers ( 26.516633082167417 )
# 0.352081305131802 % finger repeats top to bottom or vice versa ( 8.498198758770672 )
# 5.385265170795622 % of trigrams have no handswitching (after direction change counted x 1 ) ( 23.82072185906304 )
# 7.984752946591998 billion (rows²/dist)² to cross ( 103.80178830569596 )
# 0.028569143557158838 hand disbalance. Left: 0.47143085644284116 %, Right: 0.5285691435571588 % ( 0.8364430299421859 )
# 0.36597309448071924 badly positioned shortcut keys (weighted).
# 13.056224859352827 no handswitching after unbalancing key (weighted).
# 27.0837566831211 movement pattern cost (weighted).
# 0.8686561046874265 asymmetric bigram cost (weighted).
# 6.3351132326316355 irregularity cost (weighted).
# 18.565336606290707 manually assigned bigram penalty (weighted)
# 12.58514591117881 unbalancing key after neighboring finger (weighted)
# 0.8686561046874265 asymmetrc bigrams (weighted)
# 11.892835455207694 inconsistent symmetries of similar keys (weighted)
# 6.3351132326316355 irregularity cost for randomly sampled words (weighted).
# Finger load %: 10.9 8.7 9.6 10.5 - 13.7 7.3 12.5 11.2
 
