
# Evolved Layout
zhoyö qclwvjß
sueiü mdrnt⇘
kpxaä gf,.b
┌───┬───┬───┬───┬───┬───┬───┬───┬───┬───┬───┬───┬───┬──────┐
│ ^ │ 1 │ 2 │ 3 │ 4 │ 5 │ 6 │ 7 │ 8 │ 9 │ 0 │ - │ ` │ ←    │
├───┴─┬─┴─┬─┴─┬─┴─┬─┴─┬─┴─┬─┴─┬─┴─┬─┴─┬─┴─┬─┴─┬─┴─┬─┴─┬────┤
│   ⇥ │ z │ h │ o │ y │ ö │ q │ c │ l │ w │ v │ j │ ß │ Ret│
├─────┴┬──┴┬──┴┬──┴┬──┴┬──┴┬──┴┬──┴┬──┴┬──┴┬──┴┬──┴┬──┴┐   │
│    ⇩ │ s │ u │ e │ i │ ü │ m │ d │ r │ n │ t │ ⇘ │ ´ │   │
├────┬─┴─┬─┴─┬─┴─┬─┴─┬─┴─┬─┴─┬─┴─┬─┴─┬─┴─┬─┴─┬─┴─┬─┴───┴───┤
│  ⇧ │ ⇚ │ k │ p │ x │ a │ ä │ g │ f │ , │ . │ b │ ⇗       │
├────┼───┴┬──┴─┬─┴───┴───┴───┴───┴───┴─┬─┴──┬┴───┼────┬────┤
│Strg│ Fe │ Alt│      Leerzeichen      │ M4 │ Fe │ Me │Strg│
└────┴────┴────┴───────────────────────┴────┴────┴────┴────┘
# 9.679820492572768 x100 total penalty per letter
# 35.42553859684736 x10 billion total penalty compared to notime-noeffort
# 7.5413406794728255 mean key position cost in file 1gramme.txt ( 55.1985557 )
# 9.794514717858261 % finger repeats in file 2gramme.txt ( 47.28210876570386 )
# 13.304992916965523 million keystrokes disbalance of the fingers ( 26.609985833931045 )
# 0.42000617163100384 % finger repeats top to bottom or vice versa ( 10.137703633808245 )
# 1.9879010035472227 % of trigrams have no handswitching (after direction change counted x 1 ) ( 8.793111460072204 )
# 8.438494586244785 billion (rows²/dist)² to cross ( 109.7004296211822 )
# 0.01716653213112629 hand disbalance. Left: 0.5171665321311263 %, Right: 0.4828334678688737 % ( 0.5025991108424788 )
# 0.7319461889614385 badly positioned shortcut keys (weighted).
# 11.31675412317638 no handswitching after unbalancing key (weighted).
# 28.72658376160672 movement pattern cost (weighted).
# 0.8642387851659297 asymmetric bigram cost (weighted).
# 8.364043056854975 irregularity cost (weighted).
# 21.678825880343286 manually assigned bigram penalty (weighted)
# 10.001177011596072 unbalancing key after neighboring finger (weighted)
# 0.8642387851659297 asymmetrc bigrams (weighted)
# 14.347323035228815 inconsistent symmetries of similar keys (weighted)
# 8.364043056854975 irregularity cost for randomly sampled words (weighted).
# Finger load %: 11.8 6.9 13.7 11.2 - 11.7 9.1 9.0 10.9
 
