
# Evolved Layout
jkopä qfmlzxß
haeiu btsnr⇘
gyüvö wd,.c
┌───┬───┬───┬───┬───┬───┬───┬───┬───┬───┬───┬───┬───┬──────┐
│ ^ │ 1 │ 2 │ 3 │ 4 │ 5 │ 6 │ 7 │ 8 │ 9 │ 0 │ - │ ` │ ←    │
├───┴─┬─┴─┬─┴─┬─┴─┬─┴─┬─┴─┬─┴─┬─┴─┬─┴─┬─┴─┬─┴─┬─┴─┬─┴─┬────┤
│   ⇥ │ j │ k │ o │ p │ ä │ q │ f │ m │ l │ z │ x │ ß │ Ret│
├─────┴┬──┴┬──┴┬──┴┬──┴┬──┴┬──┴┬──┴┬──┴┬──┴┬──┴┬──┴┬──┴┐   │
│    ⇩ │ h │ a │ e │ i │ u │ b │ t │ s │ n │ r │ ⇘ │ ´ │   │
├────┬─┴─┬─┴─┬─┴─┬─┴─┬─┴─┬─┴─┬─┴─┬─┴─┬─┴─┬─┴─┬─┴─┬─┴───┴───┤
│  ⇧ │ ⇚ │ g │ y │ ü │ v │ ö │ w │ d │ , │ . │ c │ ⇗       │
├────┼───┴┬──┴─┬─┴───┴───┴───┴───┴───┴─┬─┴──┬┴───┼────┬────┤
│Strg│ Fe │ Alt│      Leerzeichen      │ M4 │ Fe │ Me │Strg│
└────┴────┴────┴───────────────────────┴────┴────┴────┴────┘
# 9.321713861643053 x100 total penalty per letter
# 34.11496467809323 x10 billion total penalty compared to notime-noeffort
# 7.3546225790699555 mean key position cost in file 1gramme.txt ( 53.83187968 )
# 11.798983804248383 % finger repeats in file 2gramme.txt ( 56.95849683497546 )
# 13.68170110558243 million keystrokes disbalance of the fingers ( 27.363402211164864 )
# 0.3088370171724647 % finger repeats top to bottom or vice versa ( 7.454409869944586 )
# 1.8584876873296035 % of trigrams have no handswitching (after direction change counted x 1 ) ( 8.220675653717391 )
# 7.9003556007178215 billion (rows²/dist)² to cross ( 102.70462280933168 )
# 0.012784247994347853 hand disbalance. Left: 0.48721575200565215 %, Right: 0.5127842479943479 % ( 0.374295263928033 )
# 1.463892377922877 badly positioned shortcut keys (weighted).
# 11.09738886281353 no handswitching after unbalancing key (weighted).
# 23.625768130515063 movement pattern cost (weighted).
# 0.8757130828108605 asymmetric bigram cost (weighted).
# 6.015512270222221 irregularity cost (weighted).
# 19.296193639206987 manually assigned bigram penalty (weighted)
# 9.588969499657281 unbalancing key after neighboring finger (weighted)
# 0.8757130828108605 asymmetrc bigrams (weighted)
# 12.278426594721482 inconsistent symmetries of similar keys (weighted)
# 6.015512270222221 irregularity cost for randomly sampled words (weighted).
# Finger load %: 11.0 6.0 13.8 10.2 - 13.1 7.8 10.6 11.8
 
