
# Evolved Layout
pflgz üäidvßj
hsnrm öeatu⇘
bkxcq yo,.w
┌───┬───┬───┬───┬───┬───┬───┬───┬───┬───┬───┬───┬───┬──────┐
│ ^ │ 1 │ 2 │ 3 │ 4 │ 5 │ 6 │ 7 │ 8 │ 9 │ 0 │ - │ ` │ ←    │
├───┴─┬─┴─┬─┴─┬─┴─┬─┴─┬─┴─┬─┴─┬─┴─┬─┴─┬─┴─┬─┴─┬─┴─┬─┴─┬────┤
│   ⇥ │ p │ f │ l │ g │ z │ ü │ ä │ i │ d │ v │ ß │ j │ Ret│
├─────┴┬──┴┬──┴┬──┴┬──┴┬──┴┬──┴┬──┴┬──┴┬──┴┬──┴┬──┴┬──┴┐   │
│    ⇩ │ h │ s │ n │ r │ m │ ö │ e │ a │ t │ u │ ⇘ │ ´ │   │
├────┬─┴─┬─┴─┬─┴─┬─┴─┬─┴─┬─┴─┬─┴─┬─┴─┬─┴─┬─┴─┬─┴─┬─┴───┴───┤
│  ⇧ │ ⇚ │ b │ k │ x │ c │ q │ y │ o │ , │ . │ w │ ⇗       │
├────┼───┴┬──┴─┬─┴───┴───┴───┴───┴───┴─┬─┴──┬┴───┼────┬────┤
│Strg│ Fe │ Alt│      Leerzeichen      │ M4 │ Fe │ Me │Strg│
└────┴────┴────┴───────────────────────┴────┴────┴────┴────┘
# 9.925395915133011 x100 total penalty per letter
# 36.32427857007518 x10 billion total penalty compared to notime-noeffort
# 7.415597364748294 mean key position cost in file 1gramme.txt ( 54.2781823 )
# 12.276668172530169 % finger repeats in file 2gramme.txt ( 59.264473691143245 )
# 11.51528402070987 million keystrokes disbalance of the fingers ( 23.03056804141974 )
# 0.32584276097681925 % finger repeats top to bottom or vice versa ( 7.864878102093512 )
# 3.2964449082651885 % of trigrams have no handswitching (after direction change counted x 1 ) ( 14.581212770978278 )
# 8.674852901003488 billion (rows²/dist)² to cross ( 112.77308771304534 )
# 0.033241110363161686 hand disbalance. Left: 0.4667588896368383 %, Right: 0.5332411103631617 % ( 0.9732281618865111 )
# 1.0979192834421578 badly positioned shortcut keys (weighted).
# 11.747748035927735 no handswitching after unbalancing key (weighted).
# 28.119181394659627 movement pattern cost (weighted).
# 0.8610520458097919 asymmetric bigram cost (weighted).
# 9.382454420848513 irregularity cost (weighted).
# 16.632267710252343 manually assigned bigram penalty (weighted)
# 8.956456837320427 unbalancing key after neighboring finger (weighted)
# 0.8610520458097919 asymmetrc bigrams (weighted)
# 13.680075191924557 inconsistent symmetries of similar keys (weighted)
# 9.382454420848513 irregularity cost for randomly sampled words (weighted).
# Finger load %: 10.7 7.2 9.4 12.0 - 15.6 11.1 9.5 8.8
 
