
# Evolved Layout
ßoäfj üvldkxq
maenw birtg⇘
czösy pu,.h
┌───┬───┬───┬───┬───┬───┬───┬───┬───┬───┬───┬───┬───┬──────┐
│ ^ │ 1 │ 2 │ 3 │ 4 │ 5 │ 6 │ 7 │ 8 │ 9 │ 0 │ - │ ` │ ←    │
├───┴─┬─┴─┬─┴─┬─┴─┬─┴─┬─┴─┬─┴─┬─┴─┬─┴─┬─┴─┬─┴─┬─┴─┬─┴─┬────┤
│   ⇥ │ ß │ o │ ä │ f │ j │ ü │ v │ l │ d │ k │ x │ q │ Ret│
├─────┴┬──┴┬──┴┬──┴┬──┴┬──┴┬──┴┬──┴┬──┴┬──┴┬──┴┬──┴┬──┴┐   │
│    ⇩ │ m │ a │ e │ n │ w │ b │ i │ r │ t │ g │ ⇘ │ ´ │   │
├────┬─┴─┬─┴─┬─┴─┬─┴─┬─┴─┬─┴─┬─┴─┬─┴─┬─┴─┬─┴─┬─┴─┬─┴───┴───┤
│  ⇧ │ ⇚ │ c │ z │ ö │ s │ y │ p │ u │ , │ . │ h │ ⇗       │
├────┼───┴┬──┴─┬─┴───┴───┴───┴───┴───┴─┬─┴──┬┴───┼────┬────┤
│Strg│ Fe │ Alt│      Leerzeichen      │ M4 │ Fe │ Me │Strg│
└────┴────┴────┴───────────────────────┴────┴────┴────┴────┘
# 9.804446205900106 x100 total penalty per letter
# 35.88163517643009 x10 billion total penalty compared to notime-noeffort
# 7.832619950019355 mean key position cost in file 1gramme.txt ( 57.33056322 )
# 10.882255455800552 % finger repeats in file 2gramme.txt ( 52.53307600214092 )
# 11.341177756465541 million keystrokes disbalance of the fingers ( 22.682355512931085 )
# 0.3973450662232775 % finger repeats top to bottom or vice versa ( 9.590731741119368 )
# 3.181430432101311 % of trigrams have no handswitching (after direction change counted x 1 ) ( 14.072467563532754 )
# 8.913214575630457 billion (rows²/dist)² to cross ( 115.87178948319594 )
# 0.01199129070102567 hand disbalance. Left: 0.5119912907010257 %, Right: 0.48800870929897433 % ( 0.351079181173779 )
# 0.7319461889614385 badly positioned shortcut keys (weighted).
# 11.824453304368033 no handswitching after unbalancing key (weighted).
# 27.547012782618808 movement pattern cost (weighted).
# 0.8530508247149453 asymmetric bigram cost (weighted).
# 3.870362919044175 irregularity cost (weighted).
# 18.466337841890343 manually assigned bigram penalty (weighted)
# 11.56219105317206 unbalancing key after neighboring finger (weighted)
# 0.8530508247149453 asymmetrc bigrams (weighted)
# 11.528934145437258 inconsistent symmetries of similar keys (weighted)
# 3.870362919044175 irregularity cost for randomly sampled words (weighted).
# Finger load %: 9.7 8.0 11.2 14.4 - 12.3 9.1 9.5 10.2
 
