
# Evolved Layout
jfopy qwulzxß
asenü gtirm⇘
vkäcö bd,.h
┌───┬───┬───┬───┬───┬───┬───┬───┬───┬───┬───┬───┬───┬──────┐
│ ^ │ 1 │ 2 │ 3 │ 4 │ 5 │ 6 │ 7 │ 8 │ 9 │ 0 │ - │ ` │ ←    │
├───┴─┬─┴─┬─┴─┬─┴─┬─┴─┬─┴─┬─┴─┬─┴─┬─┴─┬─┴─┬─┴─┬─┴─┬─┴─┬────┤
│   ⇥ │ j │ f │ o │ p │ y │ q │ w │ u │ l │ z │ x │ ß │ Ret│
├─────┴┬──┴┬──┴┬──┴┬──┴┬──┴┬──┴┬──┴┬──┴┬──┴┬──┴┬──┴┬──┴┐   │
│    ⇩ │ a │ s │ e │ n │ ü │ g │ t │ i │ r │ m │ ⇘ │ ´ │   │
├────┬─┴─┬─┴─┬─┴─┬─┴─┬─┴─┬─┴─┬─┴─┬─┴─┬─┴─┬─┴─┬─┴─┬─┴───┴───┤
│  ⇧ │ ⇚ │ v │ k │ ä │ c │ ö │ b │ d │ , │ . │ h │ ⇗       │
├────┼───┴┬──┴─┬─┴───┴───┴───┴───┴───┴─┬─┴──┬┴───┼────┬────┤
│Strg│ Fe │ Alt│      Leerzeichen      │ M4 │ Fe │ Me │Strg│
└────┴────┴────┴───────────────────────┴────┴────┴────┴────┘
# 9.469738596420775 x100 total penalty per letter
# 34.65669538055614 x10 billion total penalty compared to notime-noeffort
# 7.462896910154935 mean key position cost in file 1gramme.txt ( 54.62438952 )
# 8.605538810898024 % finger repeats in file 2gramme.txt ( 41.54243816720092 )
# 11.86697654808543 million keystrokes disbalance of the fingers ( 23.73395309617086 )
# 0.3573274984085918 % finger repeats top to bottom or vice versa ( 8.624826309121282 )
# 3.650816273123713 % of trigrams have no handswitching (after direction change counted x 1 ) ( 16.148708790095256 )
# 8.209597297695888 billion (rows²/dist)² to cross ( 106.72476487004656 )
# 0.0031082093061279847 hand disbalance. Left: 0.503108209306128 %, Right: 0.496891790693872 % ( 0.09100167824459424 )
# 1.0979192834421578 badly positioned shortcut keys (weighted).
# 12.374769491182093 no handswitching after unbalancing key (weighted).
# 33.05876548159738 movement pattern cost (weighted).
# 0.8897559505325577 asymmetric bigram cost (weighted).
# 4.5048151493542825 irregularity cost (weighted).
# 17.299841016209363 manually assigned bigram penalty (weighted)
# 11.466900442006567 unbalancing key after neighboring finger (weighted)
# 0.8897559505325577 asymmetrc bigrams (weighted)
# 14.384104560357578 inconsistent symmetries of similar keys (weighted)
# 4.5048151493542825 irregularity cost for randomly sampled words (weighted).
# Finger load %: 10.8 7.2 13.8 10.7 - 13.7 9.2 9.3 9.8
 
