
# Evolved Layout
zfpcq xoadvßj
hsnrl öeitu⇘
gkbmy üä,.w
┌───┬───┬───┬───┬───┬───┬───┬───┬───┬───┬───┬───┬───┬──────┐
│ ^ │ 1 │ 2 │ 3 │ 4 │ 5 │ 6 │ 7 │ 8 │ 9 │ 0 │ - │ ` │ ←    │
├───┴─┬─┴─┬─┴─┬─┴─┬─┴─┬─┴─┬─┴─┬─┴─┬─┴─┬─┴─┬─┴─┬─┴─┬─┴─┬────┤
│   ⇥ │ z │ f │ p │ c │ q │ x │ o │ a │ d │ v │ ß │ j │ Ret│
├─────┴┬──┴┬──┴┬──┴┬──┴┬──┴┬──┴┬──┴┬──┴┬──┴┬──┴┬──┴┬──┴┐   │
│    ⇩ │ h │ s │ n │ r │ l │ ö │ e │ i │ t │ u │ ⇘ │ ´ │   │
├────┬─┴─┬─┴─┬─┴─┬─┴─┬─┴─┬─┴─┬─┴─┬─┴─┬─┴─┬─┴─┬─┴─┬─┴───┴───┤
│  ⇧ │ ⇚ │ g │ k │ b │ m │ y │ ü │ ä │ , │ . │ w │ ⇗       │
├────┼───┴┬──┴─┬─┴───┴───┴───┴───┴───┴─┬─┴──┬┴───┼────┬────┤
│Strg│ Fe │ Alt│      Leerzeichen      │ M4 │ Fe │ Me │Strg│
└────┴────┴────┴───────────────────────┴────┴────┴────┴────┘
# 9.897611945433297 x100 total penalty per letter
# 36.22259671639556 x10 billion total penalty compared to notime-noeffort
# 7.774093557442896 mean key position cost in file 1gramme.txt ( 56.90218152 )
# 10.886688960849328 % finger repeats in file 2gramme.txt ( 52.55447833538234 )
# 11.622682685364891 million keystrokes disbalance of the fingers ( 23.245365370729782 )
# 0.3778783510804793 % finger repeats top to bottom or vice versa ( 9.120862957822453 )
# 3.202558656405146 % of trigrams have no handswitching (after direction change counted x 1 ) ( 14.165924345799835 )
# 8.736203792880396 billion (rows²/dist)² to cross ( 113.57064930744515 )
# 0.030460302007518203 hand disbalance. Left: 0.4695396979924818 %, Right: 0.5304603020075183 % ( 0.8918120787606961 )
# 0.7319461889614385 badly positioned shortcut keys (weighted).
# 12.201383869023404 no handswitching after unbalancing key (weighted).
# 27.646801129855888 movement pattern cost (weighted).
# 0.8588563149566308 asymmetric bigram cost (weighted).
# 9.915861451407315 irregularity cost (weighted).
# 16.61631154974163 manually assigned bigram penalty (weighted)
# 9.707495027164997 unbalancing key after neighboring finger (weighted)
# 0.8588563149566308 asymmetrc bigrams (weighted)
# 14.09603771690414 inconsistent symmetries of similar keys (weighted)
# 9.915861451407315 irregularity cost for randomly sampled words (weighted).
# Finger load %: 10.9 7.2 8.8 12.6 - 15.3 11.1 9.5 8.8
 
