
# Evolved Layout
juogö vfalzäß
rcetk msinh⇘
yxüdq wb,.p
┌───┬───┬───┬───┬───┬───┬───┬───┬───┬───┬───┬───┬───┬──────┐
│ ^ │ 1 │ 2 │ 3 │ 4 │ 5 │ 6 │ 7 │ 8 │ 9 │ 0 │ - │ ` │ ←    │
├───┴─┬─┴─┬─┴─┬─┴─┬─┴─┬─┴─┬─┴─┬─┴─┬─┴─┬─┴─┬─┴─┬─┴─┬─┴─┬────┤
│   ⇥ │ j │ u │ o │ g │ ö │ v │ f │ a │ l │ z │ ä │ ß │ Ret│
├─────┴┬──┴┬──┴┬──┴┬──┴┬──┴┬──┴┬──┴┬──┴┬──┴┬──┴┬──┴┬──┴┐   │
│    ⇩ │ r │ c │ e │ t │ k │ m │ s │ i │ n │ h │ ⇘ │ ´ │   │
├────┬─┴─┬─┴─┬─┴─┬─┴─┬─┴─┬─┴─┬─┴─┬─┴─┬─┴─┬─┴─┬─┴─┬─┴───┴───┤
│  ⇧ │ ⇚ │ y │ x │ ü │ d │ q │ w │ b │ , │ . │ p │ ⇗       │
├────┼───┴┬──┴─┬─┴───┴───┴───┴───┴───┴─┬─┴──┬┴───┼────┬────┤
│Strg│ Fe │ Alt│      Leerzeichen      │ M4 │ Fe │ Me │Strg│
└────┴────┴────┴───────────────────────┴────┴────┴────┴────┘
# 9.93673608839577 x100 total penalty per letter
# 36.365780553084385 x10 billion total penalty compared to notime-noeffort
# 7.2369887730627545 mean key position cost in file 1gramme.txt ( 52.97086352 )
# 11.174336414232808 % finger repeats in file 2gramme.txt ( 53.94306966112281 )
# 12.209365585332742 million keystrokes disbalance of the fingers ( 24.418731170665485 )
# 0.3257750918724459 % finger repeats top to bottom or vice versa ( 7.8632447705578405 )
# 4.817487647258824 % of trigrams have no handswitching (after direction change counted x 1 ) ( 21.309263270293208 )
# 8.038814870691004 billion (rows²/dist)² to cross ( 104.50459331898304 )
# 0.003933269113790605 hand disbalance. Left: 0.4960667308862094 %, Right: 0.5039332691137905 % ( 0.11515765351995072 )
# 0.7319461889614385 badly positioned shortcut keys (weighted).
# 12.147730701605637 no handswitching after unbalancing key (weighted).
# 35.19009152152308 movement pattern cost (weighted).
# 0.8876269849707971 asymmetric bigram cost (weighted).
# 6.748548023367908 irregularity cost (weighted).
# 16.958679632831213 manually assigned bigram penalty (weighted)
# 13.323267509314746 unbalancing key after neighboring finger (weighted)
# 0.8876269849707971 asymmetrc bigrams (weighted)
# 12.54499160312654 inconsistent symmetries of similar keys (weighted)
# 6.748548023367908 irregularity cost for randomly sampled words (weighted).
# Finger load %: 11.5 5.1 13.8 11.5 - 12.1 11.1 10.6 8.6
 
