
# Evolved Layout
jüovö qplufxß
meank wtrih⇘
cyzsä gd,.b
┌───┬───┬───┬───┬───┬───┬───┬───┬───┬───┬───┬───┬───┬──────┐
│ ^ │ 1 │ 2 │ 3 │ 4 │ 5 │ 6 │ 7 │ 8 │ 9 │ 0 │ - │ ` │ ←    │
├───┴─┬─┴─┬─┴─┬─┴─┬─┴─┬─┴─┬─┴─┬─┴─┬─┴─┬─┴─┬─┴─┬─┴─┬─┴─┬────┤
│   ⇥ │ j │ ü │ o │ v │ ö │ q │ p │ l │ u │ f │ x │ ß │ Ret│
├─────┴┬──┴┬──┴┬──┴┬──┴┬──┴┬──┴┬──┴┬──┴┬──┴┬──┴┬──┴┬──┴┐   │
│    ⇩ │ m │ e │ a │ n │ k │ w │ t │ r │ i │ h │ ⇘ │ ´ │   │
├────┬─┴─┬─┴─┬─┴─┬─┴─┬─┴─┬─┴─┬─┴─┬─┴─┬─┴─┬─┴─┬─┴─┬─┴───┴───┤
│  ⇧ │ ⇚ │ c │ y │ z │ s │ ä │ g │ d │ , │ . │ b │ ⇗       │
├────┼───┴┬──┴─┬─┴───┴───┴───┴───┴───┴─┬─┴──┬┴───┼────┬────┤
│Strg│ Fe │ Alt│      Leerzeichen      │ M4 │ Fe │ Me │Strg│
└────┴────┴────┴───────────────────────┴────┴────┴────┴────┘
# 9.540794636417564 x100 total penalty per letter
# 34.91674136894785 x10 billion total penalty compared to notime-noeffort
# 7.483385566597397 mean key position cost in file 1gramme.txt ( 54.77435546 )
# 9.871699272758033 % finger repeats in file 2gramme.txt ( 47.654710025177124 )
# 11.691514339248426 million keystrokes disbalance of the fingers ( 23.383028678496853 )
# 0.3839670504111566 % finger repeats top to bottom or vice versa ( 9.267826106221142 )
# 3.7570235829206675 % of trigrams have no handswitching (after direction change counted x 1 ) ( 16.618497130285537 )
# 8.156679709920752 billion (rows²/dist)² to cross ( 106.03683622896979 )
# 0.0049416703937292805 hand disbalance. Left: 0.5049416703937293 %, Right: 0.49505832960627066 % ( 0.14468147247174873 )
# 0.36597309448071924 badly positioned shortcut keys (weighted).
# 10.463276680640153 no handswitching after unbalancing key (weighted).
# 30.530253212648553 movement pattern cost (weighted).
# 0.8879659488494582 asymmetric bigram cost (weighted).
# 6.993964511780711 irregularity cost (weighted).
# 17.703393796366367 manually assigned bigram penalty (weighted)
# 11.745786519449569 unbalancing key after neighboring finger (weighted)
# 0.8879659488494582 asymmetrc bigrams (weighted)
# 12.596864823640717 inconsistent symmetries of similar keys (weighted)
# 6.993964511780711 irregularity cost for randomly sampled words (weighted).
# Finger load %: 9.8 11.7 7.8 13.3 - 13.3 9.1 9.4 10.0
 
