
# Evolved Layout
öüdbj zwloäqß
uetsg hnrai⇘
cykmv pf,.x
┌───┬───┬───┬───┬───┬───┬───┬───┬───┬───┬───┬───┬───┬──────┐
│ ^ │ 1 │ 2 │ 3 │ 4 │ 5 │ 6 │ 7 │ 8 │ 9 │ 0 │ - │ ` │ ←    │
├───┴─┬─┴─┬─┴─┬─┴─┬─┴─┬─┴─┬─┴─┬─┴─┬─┴─┬─┴─┬─┴─┬─┴─┬─┴─┬────┤
│   ⇥ │ ö │ ü │ d │ b │ j │ z │ w │ l │ o │ ä │ q │ ß │ Ret│
├─────┴┬──┴┬──┴┬──┴┬──┴┬──┴┬──┴┬──┴┬──┴┬──┴┬──┴┬──┴┬──┴┐   │
│    ⇩ │ u │ e │ t │ s │ g │ h │ n │ r │ a │ i │ ⇘ │ ´ │   │
├────┬─┴─┬─┴─┬─┴─┬─┴─┬─┴─┬─┴─┬─┴─┬─┴─┬─┴─┬─┴─┬─┴─┬─┴───┴───┤
│  ⇧ │ ⇚ │ c │ y │ k │ m │ v │ p │ f │ , │ . │ x │ ⇗       │
├────┼───┴┬──┴─┬─┴───┴───┴───┴───┴───┴─┬─┴──┬┴───┼────┬────┤
│Strg│ Fe │ Alt│      Leerzeichen      │ M4 │ Fe │ Me │Strg│
└────┴────┴────┴───────────────────────┴────┴────┴────┴────┘
# 10.18557106552397 x100 total penalty per letter
# 37.27644961903084 x10 billion total penalty compared to notime-noeffort
# 7.3803000349860355 mean key position cost in file 1gramme.txt ( 54.01982484 )
# 10.327859277479838 % finger repeats in file 2gramme.txt ( 49.85678001834333 )
# 11.787905937222499 million keystrokes disbalance of the fingers ( 23.575811874444998 )
# 0.33996263581466296 % finger repeats top to bottom or vice versa ( 8.205690014205805 )
# 5.3606587454516985 % of trigrams have no handswitching (after direction change counted x 1 ) ( 23.71187989948005 )
# 8.777978169492222 billion (rows²/dist)² to cross ( 114.11371620339888 )
# 0.005307394169296653 hand disbalance. Left: 0.49469260583070335 %, Right: 0.5053073941692967 % ( 0.1553890774213138 )
# 1.0979192834421578 badly positioned shortcut keys (weighted).
# 13.308676978905329 no handswitching after unbalancing key (weighted).
# 34.31233211694836 movement pattern cost (weighted).
# 0.9029098553896099 asymmetric bigram cost (weighted).
# 4.968169013289733 irregularity cost (weighted).
# 17.828236558310152 manually assigned bigram penalty (weighted)
# 13.29365027320918 unbalancing key after neighboring finger (weighted)
# 0.9029098553896099 asymmetrc bigrams (weighted)
# 13.413510183519502 inconsistent symmetries of similar keys (weighted)
# 4.968169013289733 irregularity cost for randomly sampled words (weighted).
# Finger load %: 10.0 11.7 9.1 10.9 - 14.8 9.1 8.6 10.3
 
