
# Evolved Layout
äykpö vfluxqß
aehtg cnris⇘
oüzdj wb,.m
┌───┬───┬───┬───┬───┬───┬───┬───┬───┬───┬───┬───┬───┬──────┐
│ ^ │ 1 │ 2 │ 3 │ 4 │ 5 │ 6 │ 7 │ 8 │ 9 │ 0 │ - │ ` │ ←    │
├───┴─┬─┴─┬─┴─┬─┴─┬─┴─┬─┴─┬─┴─┬─┴─┬─┴─┬─┴─┬─┴─┬─┴─┬─┴─┬────┤
│   ⇥ │ ä │ y │ k │ p │ ö │ v │ f │ l │ u │ x │ q │ ß │ Ret│
├─────┴┬──┴┬──┴┬──┴┬──┴┬──┴┬──┴┬──┴┬──┴┬──┴┬──┴┬──┴┬──┴┐   │
│    ⇩ │ a │ e │ h │ t │ g │ c │ n │ r │ i │ s │ ⇘ │ ´ │   │
├────┬─┴─┬─┴─┬─┴─┬─┴─┬─┴─┬─┴─┬─┴─┬─┴─┬─┴─┬─┴─┬─┴─┬─┴───┴───┤
│  ⇧ │ ⇚ │ o │ ü │ z │ d │ j │ w │ b │ , │ . │ m │ ⇗       │
├────┼───┴┬──┴─┬─┴───┴───┴───┴───┴───┴─┬─┴──┬┴───┼────┬────┤
│Strg│ Fe │ Alt│      Leerzeichen      │ M4 │ Fe │ Me │Strg│
└────┴────┴────┴───────────────────────┴────┴────┴────┴────┘
# 9.956915952948025 x100 total penalty per letter
# 36.439633427848285 x10 billion total penalty compared to notime-noeffort
# 7.538167468060528 mean key position cost in file 1gramme.txt ( 55.1753295 )
# 8.70130953671192 % finger repeats in file 2gramme.txt ( 42.00476243797329 )
# 14.763571730920512 million keystrokes disbalance of the fingers ( 29.527143461841025 )
# 0.3249743100293339 % finger repeats top to bottom or vice versa ( 7.8439162712425095 )
# 4.0341699296141 % of trigrams have no handswitching (after direction change counted x 1 ) ( 17.844402601875217 )
# 8.427654815090415 billion (rows²/dist)² to cross ( 109.5595125961754 )
# 0.013285483133509024 hand disbalance. Left: 0.486714516866491 %, Right: 0.5132854831335091 % ( 0.388970349923336 )
# 1.0979192834421578 badly positioned shortcut keys (weighted).
# 11.633290166610193 no handswitching after unbalancing key (weighted).
# 33.900157732420546 movement pattern cost (weighted).
# 0.87919837176942 asymmetric bigram cost (weighted).
# 4.85690120545251 irregularity cost (weighted).
# 21.58477492677752 manually assigned bigram penalty (weighted)
# 12.617648748952888 unbalancing key after neighboring finger (weighted)
# 0.87919837176942 asymmetrc bigrams (weighted)
# 15.482406624026831 inconsistent symmetries of similar keys (weighted)
# 4.85690120545251 irregularity cost for randomly sampled words (weighted).
# Finger load %: 12.9 11.7 4.9 11.6 - 14.2 9.1 9.4 10.7
 
