
# Evolved Layout
öblvq xdaoäjß
unrtm wgies⇘
cpzkü fh,.y
┌───┬───┬───┬───┬───┬───┬───┬───┬───┬───┬───┬───┬───┬──────┐
│ ^ │ 1 │ 2 │ 3 │ 4 │ 5 │ 6 │ 7 │ 8 │ 9 │ 0 │ - │ ` │ ←    │
├───┴─┬─┴─┬─┴─┬─┴─┬─┴─┬─┴─┬─┴─┬─┴─┬─┴─┬─┴─┬─┴─┬─┴─┬─┴─┬────┤
│   ⇥ │ ö │ b │ l │ v │ q │ x │ d │ a │ o │ ä │ j │ ß │ Ret│
├─────┴┬──┴┬──┴┬──┴┬──┴┬──┴┬──┴┬──┴┬──┴┬──┴┬──┴┬──┴┬──┴┐   │
│    ⇩ │ u │ n │ r │ t │ m │ w │ g │ i │ e │ s │ ⇘ │ ´ │   │
├────┬─┴─┬─┴─┬─┴─┬─┴─┬─┴─┬─┴─┬─┴─┬─┴─┬─┴─┬─┴─┬─┴─┬─┴───┴───┤
│  ⇧ │ ⇚ │ c │ p │ z │ k │ ü │ f │ h │ , │ . │ y │ ⇗       │
├────┼───┴┬──┴─┬─┴───┴───┴───┴───┴───┴─┬─┴──┬┴───┼────┬────┤
│Strg│ Fe │ Alt│      Leerzeichen      │ M4 │ Fe │ Me │Strg│
└────┴────┴────┴───────────────────────┴────┴────┴────┴────┘
# 10.015438330631426 x100 total penalty per letter
# 36.653809584419925 x10 billion total penalty compared to notime-noeffort
# 7.5530401160286065 mean key position cost in file 1gramme.txt ( 55.28418928 )
# 10.407310426008909 % finger repeats in file 2gramme.txt ( 50.240323047735295 )
# 12.143260774395154 million keystrokes disbalance of the fingers ( 24.28652154879031 )
# 0.38516923733415376 % finger repeats top to bottom or vice versa ( 9.296843333969148 )
# 3.622155452394761 % of trigrams have no handswitching (after direction change counted x 1 ) ( 16.021932964358903 )
# 7.88817870781643 billion (rows²/dist)² to cross ( 102.54632320161359 )
# 0.06196502331439879 hand disbalance. Left: 0.4380349766856012 %, Right: 0.5619650233143988 % ( 1.8142025065552354 )
# 0.36597309448071924 badly positioned shortcut keys (weighted).
# 11.698890594288287 no handswitching after unbalancing key (weighted).
# 41.530506994842995 movement pattern cost (weighted).
# 0.8780183464989496 asymmetric bigram cost (weighted).
# 5.366629520900804 irregularity cost (weighted).
# 19.734811380911847 manually assigned bigram penalty (weighted)
# 13.437635083280504 unbalancing key after neighboring finger (weighted)
# 0.8780183464989496 asymmetrc bigrams (weighted)
# 14.035294945972552 inconsistent symmetries of similar keys (weighted)
# 5.366629520900804 irregularity cost for randomly sampled words (weighted).
# Finger load %: 10.5 9.0 8.5 9.0 - 12.1 11.1 14.9 9.3
 
