
# Evolved Layout
jogyö qwrlvzß
iameä btsnh⇘
kxcuü fd,.p
┌───┬───┬───┬───┬───┬───┬───┬───┬───┬───┬───┬───┬───┬──────┐
│ ^ │ 1 │ 2 │ 3 │ 4 │ 5 │ 6 │ 7 │ 8 │ 9 │ 0 │ - │ ` │ ←    │
├───┴─┬─┴─┬─┴─┬─┴─┬─┴─┬─┴─┬─┴─┬─┴─┬─┴─┬─┴─┬─┴─┬─┴─┬─┴─┬────┤
│   ⇥ │ j │ o │ g │ y │ ö │ q │ w │ r │ l │ v │ z │ ß │ Ret│
├─────┴┬──┴┬──┴┬──┴┬──┴┬──┴┬──┴┬──┴┬──┴┬──┴┬──┴┬──┴┬──┴┐   │
│    ⇩ │ i │ a │ m │ e │ ä │ b │ t │ s │ n │ h │ ⇘ │ ´ │   │
├────┬─┴─┬─┴─┬─┴─┬─┴─┬─┴─┬─┴─┬─┴─┬─┴─┬─┴─┬─┴─┬─┴─┬─┴───┴───┤
│  ⇧ │ ⇚ │ k │ x │ c │ u │ ü │ f │ d │ , │ . │ p │ ⇗       │
├────┼───┴┬──┴─┬─┴───┴───┴───┴───┴───┴─┬─┴──┬┴───┼────┬────┤
│Strg│ Fe │ Alt│      Leerzeichen      │ M4 │ Fe │ Me │Strg│
└────┴────┴────┴───────────────────────┴────┴────┴────┴────┘
# 9.629841091750459 x100 total penalty per letter
# 35.242627437055035 x10 billion total penalty compared to notime-noeffort
# 7.586487236007108 mean key position cost in file 1gramme.txt ( 55.5290042 )
# 13.491250720312255 % finger repeats in file 2gramme.txt ( 65.12775796641728 )
# 13.283662311054512 million keystrokes disbalance of the fingers ( 26.56732462210902 )
# 0.361646835858038 % finger repeats top to bottom or vice versa ( 8.7290823079959 )
# 2.0491038380035973 % of trigrams have no handswitching (after direction change counted x 1 ) ( 9.063830849059357 )
# 8.151893085127776 billion (rows²/dist)² to cross ( 105.97461010666109 )
# 0.018643010759637924 hand disbalance. Left: 0.4813569892403621 %, Right: 0.5186430107596379 % ( 0.5458272270513629 )
# 0.7319461889614385 badly positioned shortcut keys (weighted).
# 10.796115839578622 no handswitching after unbalancing key (weighted).
# 22.877174555666787 movement pattern cost (weighted).
# 0.8823958723196026 asymmetric bigram cost (weighted).
# 4.431595496184277 irregularity cost (weighted).
# 18.076295587242218 manually assigned bigram penalty (weighted)
# 12.0171234559745 unbalancing key after neighboring finger (weighted)
# 0.8823958723196026 asymmetrc bigrams (weighted)
# 11.07619009532891 inconsistent symmetries of similar keys (weighted)
# 4.431595496184277 irregularity cost for randomly sampled words (weighted).
# Finger load %: 12.4 7.5 6.1 14.6 - 13.1 10.9 10.6 9.1
 
