
# Evolved Layout
övuxä qblpzjß
hsieo dtrnm⇘
gkyaü wf,.c
┌───┬───┬───┬───┬───┬───┬───┬───┬───┬───┬───┬───┬───┬──────┐
│ ^ │ 1 │ 2 │ 3 │ 4 │ 5 │ 6 │ 7 │ 8 │ 9 │ 0 │ - │ ` │ ←    │
├───┴─┬─┴─┬─┴─┬─┴─┬─┴─┬─┴─┬─┴─┬─┴─┬─┴─┬─┴─┬─┴─┬─┴─┬─┴─┬────┤
│   ⇥ │ ö │ v │ u │ x │ ä │ q │ b │ l │ p │ z │ j │ ß │ Ret│
├─────┴┬──┴┬──┴┬──┴┬──┴┬──┴┬──┴┬──┴┬──┴┬──┴┬──┴┬──┴┬──┴┐   │
│    ⇩ │ h │ s │ i │ e │ o │ d │ t │ r │ n │ m │ ⇘ │ ´ │   │
├────┬─┴─┬─┴─┬─┴─┬─┴─┬─┴─┬─┴─┬─┴─┬─┴─┬─┴─┬─┴─┬─┴─┬─┴───┴───┤
│  ⇧ │ ⇚ │ g │ k │ y │ a │ ü │ w │ f │ , │ . │ c │ ⇗       │
├────┼───┴┬──┴─┬─┴───┴───┴───┴───┴───┴─┬─┴──┬┴───┼────┬────┤
│Strg│ Fe │ Alt│      Leerzeichen      │ M4 │ Fe │ Me │Strg│
└────┴────┴────┴───────────────────────┴────┴────┴────┴────┘
# 9.353054172084786 x100 total penalty per letter
# 34.22966178203671 x10 billion total penalty compared to notime-noeffort
# 7.485158251556439 mean key position cost in file 1gramme.txt ( 54.78733056 )
# 11.129821900969983 % finger repeats in file 2gramme.txt ( 53.72817998885475 )
# 12.53100592952744 million keystrokes disbalance of the fingers ( 25.06201185905488 )
# 0.3343301373479333 % finger repeats top to bottom or vice versa ( 8.069738201993507 )
# 2.626232308867219 % of trigrams have no handswitching (after direction change counted x 1 ) ( 11.616651619323788 )
# 8.17751996500559 billion (rows²/dist)² to cross ( 106.30775954507268 )
# 0.028622189073026827 hand disbalance. Left: 0.5286221890730268 %, Right: 0.4713778109269732 % ( 0.8379960884694286 )
# 0.7319461889614385 badly positioned shortcut keys (weighted).
# 13.104260106539597 no handswitching after unbalancing key (weighted).
# 22.631075575167465 movement pattern cost (weighted).
# 0.8933479564825043 asymmetric bigram cost (weighted).
# 3.4694924671494984 irregularity cost (weighted).
# 17.062413028356755 manually assigned bigram penalty (weighted)
# 12.532633400098106 unbalancing key after neighboring finger (weighted)
# 0.8933479564825043 asymmetrc bigrams (weighted)
# 11.461781234842698 inconsistent symmetries of similar keys (weighted)
# 3.4694924671494984 irregularity cost for randomly sampled words (weighted).
# Finger load %: 10.8 6.5 8.4 18.8 - 13.1 9.1 8.8 8.8
 
