
# Evolved Layout
ökopß xflazäj
hseny gtrim⇘
uvübq wd,.c
┌───┬───┬───┬───┬───┬───┬───┬───┬───┬───┬───┬───┬───┬──────┐
│ ^ │ 1 │ 2 │ 3 │ 4 │ 5 │ 6 │ 7 │ 8 │ 9 │ 0 │ - │ ` │ ←    │
├───┴─┬─┴─┬─┴─┬─┴─┬─┴─┬─┴─┬─┴─┬─┴─┬─┴─┬─┴─┬─┴─┬─┴─┬─┴─┬────┤
│   ⇥ │ ö │ k │ o │ p │ ß │ x │ f │ l │ a │ z │ ä │ j │ Ret│
├─────┴┬──┴┬──┴┬──┴┬──┴┬──┴┬──┴┬──┴┬──┴┬──┴┬──┴┬──┴┬──┴┐   │
│    ⇩ │ h │ s │ e │ n │ y │ g │ t │ r │ i │ m │ ⇘ │ ´ │   │
├────┬─┴─┬─┴─┬─┴─┬─┴─┬─┴─┬─┴─┬─┴─┬─┴─┬─┴─┬─┴─┬─┴─┬─┴───┴───┤
│  ⇧ │ ⇚ │ u │ v │ ü │ b │ q │ w │ d │ , │ . │ c │ ⇗       │
├────┼───┴┬──┴─┬─┴───┴───┴───┴───┴───┴─┬─┴──┬┴───┼────┬────┤
│Strg│ Fe │ Alt│      Leerzeichen      │ M4 │ Fe │ Me │Strg│
└────┴────┴────┴───────────────────────┴────┴────┴────┴────┘
# 9.61179399300765 x100 total penalty per letter
# 35.17657991132199 x10 billion total penalty compared to notime-noeffort
# 7.565555765591586 mean key position cost in file 1gramme.txt ( 55.3757971 )
# 9.585913634921193 % finger repeats in file 2gramme.txt ( 46.27510644081167 )
# 12.210560020922902 million keystrokes disbalance of the fingers ( 24.421120041845803 )
# 0.32971477378871905 % finger repeats top to bottom or vice versa ( 7.958337010568399 )
# 4.115574622085914 % of trigrams have no handswitching (after direction change counted x 1 ) ( 18.204481163634725 )
# 7.952306096615947 billion (rows²/dist)² to cross ( 103.37997925600732 )
# 0.009701657360397742 hand disbalance. Left: 0.49029834263960226 %, Right: 0.5097016573603977 % ( 0.2840436452621127 )
# 1.0979192834421578 badly positioned shortcut keys (weighted).
# 10.857474258944155 no handswitching after unbalancing key (weighted).
# 41.018998423987725 movement pattern cost (weighted).
# 0.8732549653487909 asymmetric bigram cost (weighted).
# 4.591195235058364 irregularity cost (weighted).
# 19.02471000197329 manually assigned bigram penalty (weighted)
# 10.61341682629174 unbalancing key after neighboring finger (weighted)
# 0.8732549653487909 asymmetrc bigrams (weighted)
# 7.789965460043591 inconsistent symmetries of similar keys (weighted)
# 4.591195235058364 irregularity cost for randomly sampled words (weighted).
# Finger load %: 11.5 6.5 13.8 9.6 - 13.8 9.1 11.3 8.9
 
