
# Evolved Layout
ölpkä qfaojxß
hrnsm vtieu⇘
üzbgy wd,.c
┌───┬───┬───┬───┬───┬───┬───┬───┬───┬───┬───┬───┬───┬──────┐
│ ^ │ 1 │ 2 │ 3 │ 4 │ 5 │ 6 │ 7 │ 8 │ 9 │ 0 │ - │ ` │ ←    │
├───┴─┬─┴─┬─┴─┬─┴─┬─┴─┬─┴─┬─┴─┬─┴─┬─┴─┬─┴─┬─┴─┬─┴─┬─┴─┬────┤
│   ⇥ │ ö │ l │ p │ k │ ä │ q │ f │ a │ o │ j │ x │ ß │ Ret│
├─────┴┬──┴┬──┴┬──┴┬──┴┬──┴┬──┴┬──┴┬──┴┬──┴┬──┴┬──┴┬──┴┐   │
│    ⇩ │ h │ r │ n │ s │ m │ v │ t │ i │ e │ u │ ⇘ │ ´ │   │
├────┬─┴─┬─┴─┬─┴─┬─┴─┬─┴─┬─┴─┬─┴─┬─┴─┬─┴─┬─┴─┬─┴─┬─┴───┴───┤
│  ⇧ │ ⇚ │ ü │ z │ b │ g │ y │ w │ d │ , │ . │ c │ ⇗       │
├────┼───┴┬──┴─┬─┴───┴───┴───┴───┴───┴─┬─┴──┬┴───┼────┬────┤
│Strg│ Fe │ Alt│      Leerzeichen      │ M4 │ Fe │ Me │Strg│
└────┴────┴────┴───────────────────────┴────┴────┴────┴────┘
# 9.638084197903467 x100 total penalty per letter
# 35.27279498772453 x10 billion total penalty compared to notime-noeffort
# 7.483606325995337 mean key position cost in file 1gramme.txt ( 54.7759713 )
# 10.57063478180844 % finger repeats in file 2gramme.txt ( 51.02875618377643 )
# 11.202531432264097 million keystrokes disbalance of the fingers ( 22.405062864528194 )
# 0.38164513954435436 % finger repeats top to bottom or vice versa ( 9.211782062533997 )
# 3.056411642287588 % of trigrams have no handswitching (after direction change counted x 1 ) ( 13.519470129820611 )
# 8.13056474802349 billion (rows²/dist)² to cross ( 105.69734172430537 )
# 0.06200423885954992 hand disbalance. Left: 0.4379957611404501 %, Right: 0.5620042388595499 % ( 1.8153506533080919 )
# 1.0979192834421578 badly positioned shortcut keys (weighted).
# 10.756460045700424 no handswitching after unbalancing key (weighted).
# 30.783418306927533 movement pattern cost (weighted).
# 0.861781638764113 asymmetric bigram cost (weighted).
# 11.828380302173375 irregularity cost (weighted).
# 16.420033875981936 manually assigned bigram penalty (weighted)
# 12.199523859938358 unbalancing key after neighboring finger (weighted)
# 0.861781638764113 asymmetrc bigrams (weighted)
# 10.326697646044682 inconsistent symmetries of similar keys (weighted)
# 11.828380302173375 irregularity cost for randomly sampled words (weighted).
# Finger load %: 9.0 8.7 8.8 10.4 - 12.3 11.1 14.9 9.1
 
