
# Evolved Layout
öäckü qxilzjß
oeutg wsarh⇘
bypdv fn,.m
┌───┬───┬───┬───┬───┬───┬───┬───┬───┬───┬───┬───┬───┬──────┐
│ ^ │ 1 │ 2 │ 3 │ 4 │ 5 │ 6 │ 7 │ 8 │ 9 │ 0 │ - │ ` │ ←    │
├───┴─┬─┴─┬─┴─┬─┴─┬─┴─┬─┴─┬─┴─┬─┴─┬─┴─┬─┴─┬─┴─┬─┴─┬─┴─┬────┤
│   ⇥ │ ö │ ä │ c │ k │ ü │ q │ x │ i │ l │ z │ j │ ß │ Ret│
├─────┴┬──┴┬──┴┬──┴┬──┴┬──┴┬──┴┬──┴┬──┴┬──┴┬──┴┬──┴┬──┴┐   │
│    ⇩ │ o │ e │ u │ t │ g │ w │ s │ a │ r │ h │ ⇘ │ ´ │   │
├────┬─┴─┬─┴─┬─┴─┬─┴─┬─┴─┬─┴─┬─┴─┬─┴─┬─┴─┬─┴─┬─┴─┬─┴───┴───┤
│  ⇧ │ ⇚ │ b │ y │ p │ d │ v │ f │ n │ , │ . │ m │ ⇗       │
├────┼───┴┬──┴─┬─┴───┴───┴───┴───┴───┴─┬─┴──┬┴───┼────┬────┤
│Strg│ Fe │ Alt│      Leerzeichen      │ M4 │ Fe │ Me │Strg│
└────┴────┴────┴───────────────────────┴────┴────┴────┴────┘
# 10.241736149545636 x100 total penalty per letter
# 37.48199871504263 x10 billion total penalty compared to notime-noeffort
# 7.650299790405776 mean key position cost in file 1gramme.txt ( 55.99607776 )
# 12.829811638422543 % finger repeats in file 2gramme.txt ( 61.93472232221383 )
# 11.795613032262352 million keystrokes disbalance of the fingers ( 23.591226064524704 )
# 0.3877451479487289 % finger repeats top to bottom or vice versa ( 9.359018178439497 )
# 3.0857121705907167 % of trigrams have no handswitching (after direction change counted x 1 ) ( 13.649075583386292 )
# 8.353664334537257 billion (rows²/dist)² to cross ( 108.59763634898432 )
# 0.03222214973878623 hand disbalance. Left: 0.46777785026121377 %, Right: 0.5322221497387862 % ( 0.9433951880579757 )
# 1.0979192834421578 badly positioned shortcut keys (weighted).
# 13.013871023559345 no handswitching after unbalancing key (weighted).
# 28.64560112050527 movement pattern cost (weighted).
# 0.8640837989349845 asymmetric bigram cost (weighted).
# 14.897788929363909 irregularity cost (weighted).
# 19.125110571334044 manually assigned bigram penalty (weighted)
# 12.39217219212147 unbalancing key after neighboring finger (weighted)
# 0.8640837989349845 asymmetrc bigrams (weighted)
# 10.712288785558473 inconsistent symmetries of similar keys (weighted)
# 14.897788929363909 irregularity cost for randomly sampled words (weighted).
# Finger load %: 9.8 11.7 5.7 12.3 - 14.8 11.1 9.3 9.7
 
