
# Evolved Layout
zoycö qwlmxvß
haenp gtrsi⇘
käüfj bd,.u
┌───┬───┬───┬───┬───┬───┬───┬───┬───┬───┬───┬───┬───┬──────┐
│ ^ │ 1 │ 2 │ 3 │ 4 │ 5 │ 6 │ 7 │ 8 │ 9 │ 0 │ - │ ` │ ←    │
├───┴─┬─┴─┬─┴─┬─┴─┬─┴─┬─┴─┬─┴─┬─┴─┬─┴─┬─┴─┬─┴─┬─┴─┬─┴─┬────┤
│   ⇥ │ z │ o │ y │ c │ ö │ q │ w │ l │ m │ x │ v │ ß │ Ret│
├─────┴┬──┴┬──┴┬──┴┬──┴┬──┴┬──┴┬──┴┬──┴┬──┴┬──┴┬──┴┬──┴┐   │
│    ⇩ │ h │ a │ e │ n │ p │ g │ t │ r │ s │ i │ ⇘ │ ´ │   │
├────┬─┴─┬─┴─┬─┴─┬─┴─┬─┴─┬─┴─┬─┴─┬─┴─┬─┴─┬─┴─┬─┴─┬─┴───┴───┤
│  ⇧ │ ⇚ │ k │ ä │ ü │ f │ j │ b │ d │ , │ . │ u │ ⇗       │
├────┼───┴┬──┴─┬─┴───┴───┴───┴───┴───┴─┬─┴──┬┴───┼────┬────┤
│Strg│ Fe │ Alt│      Leerzeichen      │ M4 │ Fe │ Me │Strg│
└────┴────┴────┴───────────────────────┴────┴────┴────┴────┘
# 9.465077053581247 x100 total penalty per letter
# 34.63963538797578 x10 billion total penalty compared to notime-noeffort
# 7.479793838080127 mean key position cost in file 1gramme.txt ( 54.74806594 )
# 7.614798552204701 % finger repeats in file 2gramme.txt ( 36.75973172185877 )
# 13.622227530930687 million keystrokes disbalance of the fingers ( 27.244455061861373 )
# 0.35862969217964 % finger repeats top to bottom or vice versa ( 8.65625740565354 )
# 4.885625012222014 % of trigrams have no handswitching (after direction change counted x 1 ) ( 21.61065626906319 )
# 8.105110493387368 billion (rows²/dist)² to cross ( 105.36643641403576 )
# 0.011269244813492563 hand disbalance. Left: 0.48873075518650744 %, Right: 0.5112692448134926 % ( 0.3299392317483736 )
# 0.7319461889614385 badly positioned shortcut keys (weighted).
# 11.086149943203061 no handswitching after unbalancing key (weighted).
# 29.996668545843534 movement pattern cost (weighted).
# 0.8746567612288139 asymmetric bigram cost (weighted).
# 2.427355713107229 irregularity cost (weighted).
# 18.14728882280953 manually assigned bigram penalty (weighted)
# 10.679263754145813 unbalancing key after neighboring finger (weighted)
# 0.8746567612288139 asymmetrc bigrams (weighted)
# 17.73748210623745 inconsistent symmetries of similar keys (weighted)
# 2.427355713107229 irregularity cost for randomly sampled words (weighted).
# Finger load %: 10.6 7.6 11.5 11.5 - 13.7 9.1 8.0 12.4
 
