
# Evolved Layout
jukäü xglfwßq
hiaey btrns⇘
pvzoö cd,.m
┌───┬───┬───┬───┬───┬───┬───┬───┬───┬───┬───┬───┬───┬──────┐
│ ^ │ 1 │ 2 │ 3 │ 4 │ 5 │ 6 │ 7 │ 8 │ 9 │ 0 │ - │ ` │ ←    │
├───┴─┬─┴─┬─┴─┬─┴─┬─┴─┬─┴─┬─┴─┬─┴─┬─┴─┬─┴─┬─┴─┬─┴─┬─┴─┬────┤
│   ⇥ │ j │ u │ k │ ä │ ü │ x │ g │ l │ f │ w │ ß │ q │ Ret│
├─────┴┬──┴┬──┴┬──┴┬──┴┬──┴┬──┴┬──┴┬──┴┬──┴┬──┴┬──┴┬──┴┐   │
│    ⇩ │ h │ i │ a │ e │ y │ b │ t │ r │ n │ s │ ⇘ │ ´ │   │
├────┬─┴─┬─┴─┬─┴─┬─┴─┬─┴─┬─┴─┬─┴─┬─┴─┬─┴─┬─┴─┬─┴─┬─┴───┴───┤
│  ⇧ │ ⇚ │ p │ v │ z │ o │ ö │ c │ d │ , │ . │ m │ ⇗       │
├────┼───┴┬──┴─┬─┴───┴───┴───┴───┴───┴─┬─┴──┬┴───┼────┬────┤
│Strg│ Fe │ Alt│      Leerzeichen      │ M4 │ Fe │ Me │Strg│
└────┴────┴────┴───────────────────────┴────┴────┴────┴────┘
# 9.45363011664463 x100 total penalty per letter
# 34.59774267864559 x10 billion total penalty compared to notime-noeffort
# 7.433759079640015 mean key position cost in file 1gramme.txt ( 54.41111628 )
# 11.300258648646613 % finger repeats in file 2gramme.txt ( 54.55094753512492 )
# 13.104767379114532 million keystrokes disbalance of the fingers ( 26.209534758229065 )
# 0.3609177745462082 % finger repeats top to bottom or vice versa ( 8.711484929649043 )
# 1.8572518739255368 % of trigrams have no handswitching (after direction change counted x 1 ) ( 8.215209262289235 )
# 8.193466301460946 billion (rows²/dist)² to cross ( 106.51506191899229 )
# 0.027506804323611078 hand disbalance. Left: 0.4724931956763889 %, Right: 0.5275068043236111 % ( 0.805340023807006 )
# 0.7319461889614385 badly positioned shortcut keys (weighted).
# 11.586842881635134 no handswitching after unbalancing key (weighted).
# 22.763344725007297 movement pattern cost (weighted).
# 0.87336194888401 asymmetric bigram cost (weighted).
# 3.802006797354036 irregularity cost (weighted).
# 20.740549434375712 manually assigned bigram penalty (weighted)
# 9.776719813626418 unbalancing key after neighboring finger (weighted)
# 0.87336194888401 asymmetrc bigrams (weighted)
# 16.28396028852021 inconsistent symmetries of similar keys (weighted)
# 3.802006797354036 irregularity cost for randomly sampled words (weighted).
# Finger load %: 10.1 8.8 6.1 14.8 - 14.8 9.1 9.2 11.4
 
