
# Evolved Layout
jbdfß qülävxö
hntsg yirec⇘
zpwmk oa,.u
┌───┬───┬───┬───┬───┬───┬───┬───┬───┬───┬───┬───┬───┬──────┐
│ ^ │ 1 │ 2 │ 3 │ 4 │ 5 │ 6 │ 7 │ 8 │ 9 │ 0 │ - │ ` │ ←    │
├───┴─┬─┴─┬─┴─┬─┴─┬─┴─┬─┴─┬─┴─┬─┴─┬─┴─┬─┴─┬─┴─┬─┴─┬─┴─┬────┤
│   ⇥ │ j │ b │ d │ f │ ß │ q │ ü │ l │ ä │ v │ x │ ö │ Ret│
├─────┴┬──┴┬──┴┬──┴┬──┴┬──┴┬──┴┬──┴┬──┴┬──┴┬──┴┬──┴┬──┴┐   │
│    ⇩ │ h │ n │ t │ s │ g │ y │ i │ r │ e │ c │ ⇘ │ ´ │   │
├────┬─┴─┬─┴─┬─┴─┬─┴─┬─┴─┬─┴─┬─┴─┬─┴─┬─┴─┬─┴─┬─┴─┬─┴───┴───┤
│  ⇧ │ ⇚ │ z │ p │ w │ m │ k │ o │ a │ , │ . │ u │ ⇗       │
├────┼───┴┬──┴─┬─┴───┴───┴───┴───┴───┴─┬─┴──┬┴───┼────┬────┤
│Strg│ Fe │ Alt│      Leerzeichen      │ M4 │ Fe │ Me │Strg│
└────┴────┴────┴───────────────────────┴────┴────┴────┴────┘
# 10.120712325360024 x100 total penalty per letter
# 37.03908408061164 x10 billion total penalty compared to notime-noeffort
# 7.6535900049547685 mean key position cost in file 1gramme.txt ( 56.02016036 )
# 10.167471633911289 % finger repeats in file 2gramme.txt ( 49.08252358743958 )
# 11.271916855455911 million keystrokes disbalance of the fingers ( 22.543833710911823 )
# 0.3196625996646017 % finger repeats top to bottom or vice versa ( 7.715707332651982 )
# 2.966892791058538 % of trigrams have no handswitching (after direction change counted x 1 ) ( 13.123500091458506 )
# 9.784680508262786 billion (rows²/dist)² to cross ( 127.20084660741622 )
# 0.04584101382560607 hand disbalance. Left: 0.45415898617439393 %, Right: 0.545841013825606 % ( 1.3421262147112392 )
# 1.0979192834421578 badly positioned shortcut keys (weighted).
# 11.671495645711024 no handswitching after unbalancing key (weighted).
# 33.83594344869346 movement pattern cost (weighted).
# 0.843407013785909 asymmetric bigram cost (weighted).
# 6.90650873499899 irregularity cost (weighted).
# 16.607325420466307 manually assigned bigram penalty (weighted)
# 13.156056076668419 unbalancing key after neighboring finger (weighted)
# 0.843407013785909 asymmetrc bigrams (weighted)
# 9.243487277760844 inconsistent symmetries of similar keys (weighted)
# 6.90650873499899 irregularity cost for randomly sampled words (weighted).
# Finger load %: 8.8 9.0 9.3 11.2 - 14.4 9.1 12.5 10.2
 
