
# Evolved Layout
ödlmk üvoäfjß
rtnsh piaec⇘
zbxgq yu,.w
┌───┬───┬───┬───┬───┬───┬───┬───┬───┬───┬───┬───┬───┬──────┐
│ ^ │ 1 │ 2 │ 3 │ 4 │ 5 │ 6 │ 7 │ 8 │ 9 │ 0 │ - │ ` │ ←    │
├───┴─┬─┴─┬─┴─┬─┴─┬─┴─┬─┴─┬─┴─┬─┴─┬─┴─┬─┴─┬─┴─┬─┴─┬─┴─┬────┤
│   ⇥ │ ö │ d │ l │ m │ k │ ü │ v │ o │ ä │ f │ j │ ß │ Ret│
├─────┴┬──┴┬──┴┬──┴┬──┴┬──┴┬──┴┬──┴┬──┴┬──┴┬──┴┬──┴┬──┴┐   │
│    ⇩ │ r │ t │ n │ s │ h │ p │ i │ a │ e │ c │ ⇘ │ ´ │   │
├────┬─┴─┬─┴─┬─┴─┬─┴─┬─┴─┬─┴─┬─┴─┬─┴─┬─┴─┬─┴─┬─┴─┬─┴───┴───┤
│  ⇧ │ ⇚ │ z │ b │ x │ g │ q │ y │ u │ , │ . │ w │ ⇗       │
├────┼───┴┬──┴─┬─┴───┴───┴───┴───┴───┴─┬─┴──┬┴───┼────┬────┤
│Strg│ Fe │ Alt│      Leerzeichen      │ M4 │ Fe │ Me │Strg│
└────┴────┴────┴───────────────────────┴────┴────┴────┴────┘
# 10.256287817660215 x100 total penalty per letter
# 37.535253905140124 x10 billion total penalty compared to notime-noeffort
# 7.3603396714779885 mean key position cost in file 1gramme.txt ( 53.87372572 )
# 12.018557899631883 % finger repeats in file 2gramme.txt ( 58.018470356800314 )
# 11.896886738928371 million keystrokes disbalance of the fingers ( 23.793773477856742 )
# 0.33953298880425603 % finger repeats top to bottom or vice versa ( 8.195319609309745 )
# 1.789332578680894 % of trigrams have no handswitching (after direction change counted x 1 ) ( 7.914780854481197 )
# 9.005064977385814 billion (rows²/dist)² to cross ( 117.0658447060156 )
# 0.009423469535979723 hand disbalance. Left: 0.5094234695359797 %, Right: 0.4905765304640203 % ( 0.27589890454618293 )
# 0.7319461889614385 badly positioned shortcut keys (weighted).
# 15.866449652172227 no handswitching after unbalancing key (weighted).
# 32.526495269565395 movement pattern cost (weighted).
# 0.8745027430935817 asymmetric bigram cost (weighted).
# 8.368417935383432 irregularity cost (weighted).
# 17.476788128962216 manually assigned bigram penalty (weighted)
# 14.820565969631804 unbalancing key after neighboring finger (weighted)
# 0.8745027430935817 asymmetrc bigrams (weighted)
# 15.549559534621388 inconsistent symmetries of similar keys (weighted)
# 8.368417935383432 irregularity cost for randomly sampled words (weighted).
# Finger load %: 10.9 9.7 9.4 13.0 - 11.3 8.4 12.5 9.2
 
