
# Evolved Layout
üclxä kbmivßj
tnreö ghsua⇘
pqzoy fd,.w
┌───┬───┬───┬───┬───┬───┬───┬───┬───┬───┬───┬───┬───┬──────┐
│ ^ │ 1 │ 2 │ 3 │ 4 │ 5 │ 6 │ 7 │ 8 │ 9 │ 0 │ - │ ` │ ←    │
├───┴─┬─┴─┬─┴─┬─┴─┬─┴─┬─┴─┬─┴─┬─┴─┬─┴─┬─┴─┬─┴─┬─┴─┬─┴─┬────┤
│   ⇥ │ ü │ c │ l │ x │ ä │ k │ b │ m │ i │ v │ ß │ j │ Ret│
├─────┴┬──┴┬──┴┬──┴┬──┴┬──┴┬──┴┬──┴┬──┴┬──┴┬──┴┬──┴┬──┴┐   │
│    ⇩ │ t │ n │ r │ e │ ö │ g │ h │ s │ u │ a │ ⇘ │ ´ │   │
├────┬─┴─┬─┴─┬─┴─┬─┴─┬─┴─┬─┴─┬─┴─┬─┴─┬─┴─┬─┴─┬─┴─┬─┴───┴───┤
│  ⇧ │ ⇚ │ p │ q │ z │ o │ y │ f │ d │ , │ . │ w │ ⇗       │
├────┼───┴┬──┴─┬─┴───┴───┴───┴───┴───┴─┬─┴──┬┴───┼────┬────┤
│Strg│ Fe │ Alt│      Leerzeichen      │ M4 │ Fe │ Me │Strg│
└────┴────┴────┴───────────────────────┴────┴────┴────┴────┘
# 9.964324410089857 x100 total penalty per letter
# 36.46674638770352 x10 billion total penalty compared to notime-noeffort
# 7.5965409395593335 mean key position cost in file 1gramme.txt ( 55.6025919 )
# 9.89553194019796 % finger repeats in file 2gramme.txt ( 47.76976001045275 )
# 13.221024669054543 million keystrokes disbalance of the fingers ( 26.44204933810909 )
# 0.38791228431925784 % finger repeats top to bottom or vice versa ( 9.363052354852364 )
# 5.067636821218863 % of trigrams have no handswitching (after direction change counted x 1 ) ( 22.415751754554073 )
# 7.9252027967230845 billion (rows²/dist)² to cross ( 103.0276363574001 )
# 0.025277380938078298 hand disbalance. Left: 0.5252773809380783 %, Right: 0.47472261906192176 % ( 0.7400673057821169 )
# 0.36597309448071924 badly positioned shortcut keys (weighted).
# 12.720785058111609 no handswitching after unbalancing key (weighted).
# 28.749199888600113 movement pattern cost (weighted).
# 0.8909208163007925 asymmetric bigram cost (weighted).
# 9.099880064143811 irregularity cost (weighted).
# 20.32755790828848 manually assigned bigram penalty (weighted)
# 9.815438754620951 unbalancing key after neighboring finger (weighted)
# 0.8909208163007925 asymmetrc bigrams (weighted)
# 17.336799271338254 inconsistent symmetries of similar keys (weighted)
# 9.099880064143811 irregularity cost for randomly sampled words (weighted).
# Finger load %: 12.3 8.9 8.5 14.6 - 13.2 7.8 9.4 9.7
 
