
# Evolved Layout
ßwzöä qflmvüj
ctneo hdrsi⇘
pkxay gb,.u
┌───┬───┬───┬───┬───┬───┬───┬───┬───┬───┬───┬───┬───┬──────┐
│ ^ │ 1 │ 2 │ 3 │ 4 │ 5 │ 6 │ 7 │ 8 │ 9 │ 0 │ - │ ` │ ←    │
├───┴─┬─┴─┬─┴─┬─┴─┬─┴─┬─┴─┬─┴─┬─┴─┬─┴─┬─┴─┬─┴─┬─┴─┬─┴─┬────┤
│   ⇥ │ ß │ w │ z │ ö │ ä │ q │ f │ l │ m │ v │ ü │ j │ Ret│
├─────┴┬──┴┬──┴┬──┴┬──┴┬──┴┬──┴┬──┴┬──┴┬──┴┬──┴┬──┴┬──┴┐   │
│    ⇩ │ c │ t │ n │ e │ o │ h │ d │ r │ s │ i │ ⇘ │ ´ │   │
├────┬─┴─┬─┴─┬─┴─┬─┴─┬─┴─┬─┴─┬─┴─┬─┴─┬─┴─┬─┴─┬─┴─┬─┴───┴───┤
│  ⇧ │ ⇚ │ p │ k │ x │ a │ y │ g │ b │ , │ . │ u │ ⇗       │
├────┼───┴┬──┴─┬─┴───┴───┴───┴───┴───┴─┬─┴──┬┴───┼────┬────┤
│Strg│ Fe │ Alt│      Leerzeichen      │ M4 │ Fe │ Me │Strg│
└────┴────┴────┴───────────────────────┴────┴────┴────┴────┘
# 9.841116361034238 x100 total penalty per letter
# 36.01583807792535 x10 billion total penalty compared to notime-noeffort
# 7.565764608812994 mean key position cost in file 1gramme.txt ( 55.37732572 )
# 11.026606840352295 % finger repeats in file 2gramme.txt ( 53.229918884250345 )
# 14.081249073654114 million keystrokes disbalance of the fingers ( 28.162498147308227 )
# 0.3445130005825578 % finger repeats top to bottom or vice versa ( 8.315522327534685 )
# 4.28786796687197 % of trigrams have no handswitching (after direction change counted x 1 ) ( 18.96658882484576 )
# 8.077044818342829 billion (rows²/dist)² to cross ( 105.00158263845677 )
# 0.0029899059774899372 hand disbalance. Left: 0.5029899059774899 %, Right: 0.4970100940225101 % ( 0.08753801142307137 )
# 0.36597309448071924 badly positioned shortcut keys (weighted).
# 15.315944302613836 no handswitching after unbalancing key (weighted).
# 28.438330597140666 movement pattern cost (weighted).
# 0.8897936824517177 asymmetric bigram cost (weighted).
# 4.2014880368681045 irregularity cost (weighted).
# 17.402409760729487 manually assigned bigram penalty (weighted)
# 14.046397719639668 unbalancing key after neighboring finger (weighted)
# 0.8897936824517177 asymmetrc bigrams (weighted)
# 10.357069031510475 inconsistent symmetries of similar keys (weighted)
# 4.2014880368681045 irregularity cost for randomly sampled words (weighted).
# Finger load %: 9.1 7.2 7.3 18.9 - 12.3 9.1 8.0 12.6
 
