
# Evolved Layout
mzofy xulgkjß
haenp birst⇘
wöäcq üv,.d
┌───┬───┬───┬───┬───┬───┬───┬───┬───┬───┬───┬───┬───┬──────┐
│ ^ │ 1 │ 2 │ 3 │ 4 │ 5 │ 6 │ 7 │ 8 │ 9 │ 0 │ - │ ` │ ←    │
├───┴─┬─┴─┬─┴─┬─┴─┬─┴─┬─┴─┬─┴─┬─┴─┬─┴─┬─┴─┬─┴─┬─┴─┬─┴─┬────┤
│   ⇥ │ m │ z │ o │ f │ y │ x │ u │ l │ g │ k │ j │ ß │ Ret│
├─────┴┬──┴┬──┴┬──┴┬──┴┬──┴┬──┴┬──┴┬──┴┬──┴┬──┴┬──┴┬──┴┐   │
│    ⇩ │ h │ a │ e │ n │ p │ b │ i │ r │ s │ t │ ⇘ │ ´ │   │
├────┬─┴─┬─┴─┬─┴─┬─┴─┬─┴─┬─┴─┬─┴─┬─┴─┬─┴─┬─┴─┬─┴─┬─┴───┴───┤
│  ⇧ │ ⇚ │ w │ ö │ ä │ c │ q │ ü │ v │ , │ . │ d │ ⇗       │
├────┼───┴┬──┴─┬─┴───┴───┴───┴───┴───┴─┬─┴──┬┴───┼────┬────┤
│Strg│ Fe │ Alt│      Leerzeichen      │ M4 │ Fe │ Me │Strg│
└────┴────┴────┴───────────────────────┴────┴────┴────┴────┘
# 10.3232017429682 x100 total penalty per letter
# 37.780140868228266 x10 billion total penalty compared to notime-noeffort
# 7.53104765231643 mean key position cost in file 1gramme.txt ( 55.12321628 )
# 10.651459072323714 % finger repeats in file 2gramme.txt ( 51.41892792838428 )
# 15.207644074436026 million keystrokes disbalance of the fingers ( 30.41528814887205 )
# 0.3675452262435032 % finger repeats top to bottom or vice versa ( 8.87145196273727 )
# 4.56907421454667 % of trigrams have no handswitching (after direction change counted x 1 ) ( 20.210452515572833 )
# 8.769822960710728 billion (rows²/dist)² to cross ( 114.00769848923946 )
# 0.005699410266889693 hand disbalance. Left: 0.5056994102668897 %, Right: 0.49430058973311036 % ( 0.16686646496710422 )
# 1.0979192834421578 badly positioned shortcut keys (weighted).
# 14.624834989191918 no handswitching after unbalancing key (weighted).
# 29.57623997065809 movement pattern cost (weighted).
# 0.8572404144665791 asymmetric bigram cost (weighted).
# 9.245394638506161 irregularity cost (weighted).
# 20.120955019936723 manually assigned bigram penalty (weighted)
# 12.056663159182605 unbalancing key after neighboring finger (weighted)
# 0.8572404144665791 asymmetrc bigrams (weighted)
# 10.00825941712545 inconsistent symmetries of similar keys (weighted)
# 9.245394638506161 irregularity cost for randomly sampled words (weighted).
# Finger load %: 11.9 5.4 13.8 11.6 - 11.5 9.1 8.1 13.1
 
