
# Evolved Layout
mdlüä qfuwkßj
ctrey vniah⇘
gxzoö bs,.p
┌───┬───┬───┬───┬───┬───┬───┬───┬───┬───┬───┬───┬───┬──────┐
│ ^ │ 1 │ 2 │ 3 │ 4 │ 5 │ 6 │ 7 │ 8 │ 9 │ 0 │ - │ ` │ ←    │
├───┴─┬─┴─┬─┴─┬─┴─┬─┴─┬─┴─┬─┴─┬─┴─┬─┴─┬─┴─┬─┴─┬─┴─┬─┴─┬────┤
│   ⇥ │ m │ d │ l │ ü │ ä │ q │ f │ u │ w │ k │ ß │ j │ Ret│
├─────┴┬──┴┬──┴┬──┴┬──┴┬──┴┬──┴┬──┴┬──┴┬──┴┬──┴┬──┴┬──┴┐   │
│    ⇩ │ c │ t │ r │ e │ y │ v │ n │ i │ a │ h │ ⇘ │ ´ │   │
├────┬─┴─┬─┴─┬─┴─┬─┴─┬─┴─┬─┴─┬─┴─┬─┴─┬─┴─┬─┴─┬─┴─┬─┴───┴───┤
│  ⇧ │ ⇚ │ g │ x │ z │ o │ ö │ b │ s │ , │ . │ p │ ⇗       │
├────┼───┴┬──┴─┬─┴───┴───┴───┴───┴───┴─┬─┴──┬┴───┼────┬────┤
│Strg│ Fe │ Alt│      Leerzeichen      │ M4 │ Fe │ Me │Strg│
└────┴────┴────┴───────────────────────┴────┴────┴────┴────┘
# 10.36708374576051 x100 total penalty per letter
# 37.940737191767404 x10 billion total penalty compared to notime-noeffort
# 7.549508282624749 mean key position cost in file 1gramme.txt ( 55.25833816 )
# 12.195892719441492 % finger repeats in file 2gramme.txt ( 58.87453770466969 )
# 12.79430617681035 million keystrokes disbalance of the fingers ( 25.5886123536207 )
# 0.42551664697788777 % finger repeats top to bottom or vice versa ( 10.270710169715043 )
# 5.014525054566726 % of trigrams have no handswitching (after direction change counted x 1 ) ( 22.180821703620833 )
# 8.621032552021246 billion (rows²/dist)² to cross ( 112.0734231762762 )
# 0.016972543643873128 hand disbalance. Left: 0.5169725436438731 %, Right: 0.4830274563561268 % ( 0.49691954548458495 )
# 0.36597309448071924 badly positioned shortcut keys (weighted).
# 10.550773941937225 no handswitching after unbalancing key (weighted).
# 24.117652131674465 movement pattern cost (weighted).
# 0.8617361875999051 asymmetric bigram cost (weighted).
# 12.63483395690345 irregularity cost (weighted).
# 17.412777805650325 manually assigned bigram penalty (weighted)
# 10.248379125904675 unbalancing key after neighboring finger (weighted)
# 0.8617361875999051 asymmetrc bigrams (weighted)
# 18.471882860136272 inconsistent symmetries of similar keys (weighted)
# 12.63483395690345 irregularity cost for randomly sampled words (weighted).
# Finger load %: 11.8 8.5 8.5 14.8 - 15.6 9.2 7.0 9.0
 
