
# Evolved Layout
jluay vpmfkqß
crieo gtsnh⇘
zxüäö bd,.w
┌───┬───┬───┬───┬───┬───┬───┬───┬───┬───┬───┬───┬───┬──────┐
│ ^ │ 1 │ 2 │ 3 │ 4 │ 5 │ 6 │ 7 │ 8 │ 9 │ 0 │ - │ ` │ ←    │
├───┴─┬─┴─┬─┴─┬─┴─┬─┴─┬─┴─┬─┴─┬─┴─┬─┴─┬─┴─┬─┴─┬─┴─┬─┴─┬────┤
│   ⇥ │ j │ l │ u │ a │ y │ v │ p │ m │ f │ k │ q │ ß │ Ret│
├─────┴┬──┴┬──┴┬──┴┬──┴┬──┴┬──┴┬──┴┬──┴┬──┴┬──┴┬──┴┬──┴┐   │
│    ⇩ │ c │ r │ i │ e │ o │ g │ t │ s │ n │ h │ ⇘ │ ´ │   │
├────┬─┴─┬─┴─┬─┴─┬─┴─┬─┴─┬─┴─┬─┴─┬─┴─┬─┴─┬─┴─┬─┴─┬─┴───┴───┤
│  ⇧ │ ⇚ │ z │ x │ ü │ ä │ ö │ b │ d │ , │ . │ w │ ⇗       │
├────┼───┴┬──┴─┬─┴───┴───┴───┴───┴───┴─┬─┴──┬┴───┼────┬────┤
│Strg│ Fe │ Alt│      Leerzeichen      │ M4 │ Fe │ Me │Strg│
└────┴────┴────┴───────────────────────┴────┴────┴────┴────┘
# 9.16933076816863 x100 total penalty per letter
# 33.55728355543944 x10 billion total penalty compared to notime-noeffort
# 7.343217308947783 mean key position cost in file 1gramme.txt ( 53.74839924 )
# 12.06611276953159 % finger repeats in file 2gramme.txt ( 58.24803706793478 )
# 11.605743174383088 million keystrokes disbalance of the fingers ( 23.211486348766176 )
# 0.31851968904573125 % finger repeats top to bottom or vice versa ( 7.6881208591269665 )
# 3.0713927024824628 % of trigrams have no handswitching (after direction change counted x 1 ) ( 13.585736071559426 )
# 8.02725989914579 billion (rows²/dist)² to cross ( 104.35437868889527 )
# 0.026440092412844063 hand disbalance. Left: 0.5264400924128441 %, Right: 0.4735599075871559 % ( 0.7741089950947783 )
# 0.36597309448071924 badly positioned shortcut keys (weighted).
# 16.856458327175808 no handswitching after unbalancing key (weighted).
# 20.612378752168063 movement pattern cost (weighted).
# 0.8629980156342257 asymmetric bigram cost (weighted).
# 3.9351504447322148 irregularity cost (weighted).
# 15.411102267907104 manually assigned bigram penalty (weighted)
# 10.732427017470924 unbalancing key after neighboring finger (weighted)
# 0.8629980156342257 asymmetrc bigrams (weighted)
# 5.186080363447944 inconsistent symmetries of similar keys (weighted)
# 3.9351504447322148 irregularity cost for randomly sampled words (weighted).
# Finger load %: 9.0 8.2 8.3 18.9 - 14.1 7.8 9.2 8.8
 
