
# Evolved Layout
ßükvj qglizäö
metnf whrua⇘
cxpsy bd,.o
┌───┬───┬───┬───┬───┬───┬───┬───┬───┬───┬───┬───┬───┬──────┐
│ ^ │ 1 │ 2 │ 3 │ 4 │ 5 │ 6 │ 7 │ 8 │ 9 │ 0 │ - │ ` │ ←    │
├───┴─┬─┴─┬─┴─┬─┴─┬─┴─┬─┴─┬─┴─┬─┴─┬─┴─┬─┴─┬─┴─┬─┴─┬─┴─┬────┤
│   ⇥ │ ß │ ü │ k │ v │ j │ q │ g │ l │ i │ z │ ä │ ö │ Ret│
├─────┴┬──┴┬──┴┬──┴┬──┴┬──┴┬──┴┬──┴┬──┴┬──┴┬──┴┬──┴┬──┴┐   │
│    ⇩ │ m │ e │ t │ n │ f │ w │ h │ r │ u │ a │ ⇘ │ ´ │   │
├────┬─┴─┬─┴─┬─┴─┬─┴─┬─┴─┬─┴─┬─┴─┬─┴─┬─┴─┬─┴─┬─┴─┬─┴───┴───┤
│  ⇧ │ ⇚ │ c │ x │ p │ s │ y │ b │ d │ , │ . │ o │ ⇗       │
├────┼───┴┬──┴─┬─┴───┴───┴───┴───┴───┴─┬─┴──┬┴───┼────┬────┤
│Strg│ Fe │ Alt│      Leerzeichen      │ M4 │ Fe │ Me │Strg│
└────┴────┴────┴───────────────────────┴────┴────┴────┴────┘
# 10.106635042829849 x100 total penalty per letter
# 36.987565014117166 x10 billion total penalty compared to notime-noeffort
# 7.952176913795841 mean key position cost in file 1gramme.txt ( 58.20565586 )
# 10.138792250161934 % finger repeats in file 2gramme.txt ( 48.94407652999651 )
# 13.03701692264631 million keystrokes disbalance of the fingers ( 26.07403384529262 )
# 0.4437298993750482 % finger repeats top to bottom or vice versa ( 10.710324078942016 )
# 4.824628584461681 % of trigrams have no handswitching (after direction change counted x 1 ) ( 21.340849881820674 )
# 8.401709783868341 billion (rows²/dist)² to cross ( 109.22222719028842 )
# 0.0037561924596680174 hand disbalance. Left: 0.496243807540332 %, Right: 0.503756192459668 % ( 0.10997323023438789 )
# 0.36597309448071924 badly positioned shortcut keys (weighted).
# 11.346611782469505 no handswitching after unbalancing key (weighted).
# 34.28652529629741 movement pattern cost (weighted).
# 0.9042250902069318 asymmetric bigram cost (weighted).
# 5.758450475643192 irregularity cost (weighted).
# 18.687833625082664 manually assigned bigram penalty (weighted)
# 11.373898557290204 unbalancing key after neighboring finger (weighted)
# 0.9042250902069318 asymmetrc bigrams (weighted)
# 12.54499160312654 inconsistent symmetries of similar keys (weighted)
# 5.758450475643192 irregularity cost for randomly sampled words (weighted).
# Finger load %: 9.7 11.5 6.9 13.9 - 12.0 9.1 9.4 12.0
 
