
# Evolved Layout
älgwq üaudbßj
hrsnm yeitc⇘
zxkfv öo,.p
┌───┬───┬───┬───┬───┬───┬───┬───┬───┬───┬───┬───┬───┬──────┐
│ ^ │ 1 │ 2 │ 3 │ 4 │ 5 │ 6 │ 7 │ 8 │ 9 │ 0 │ - │ ` │ ←    │
├───┴─┬─┴─┬─┴─┬─┴─┬─┴─┬─┴─┬─┴─┬─┴─┬─┴─┬─┴─┬─┴─┬─┴─┬─┴─┬────┤
│   ⇥ │ ä │ l │ g │ w │ q │ ü │ a │ u │ d │ b │ ß │ j │ Ret│
├─────┴┬──┴┬──┴┬──┴┬──┴┬──┴┬──┴┬──┴┬──┴┬──┴┬──┴┬──┴┬──┴┐   │
│    ⇩ │ h │ r │ s │ n │ m │ y │ e │ i │ t │ c │ ⇘ │ ´ │   │
├────┬─┴─┬─┴─┬─┴─┬─┴─┬─┴─┬─┴─┬─┴─┬─┴─┬─┴─┬─┴─┬─┴─┬─┴───┴───┤
│  ⇧ │ ⇚ │ z │ x │ k │ f │ v │ ö │ o │ , │ . │ p │ ⇗       │
├────┼───┴┬──┴─┬─┴───┴───┴───┴───┴───┴─┬─┴──┬┴───┼────┬────┤
│Strg│ Fe │ Alt│      Leerzeichen      │ M4 │ Fe │ Me │Strg│
└────┴────┴────┴───────────────────────┴────┴────┴────┴────┘
# 9.554371884231125 x100 total penalty per letter
# 34.966430442916455 x10 billion total penalty compared to notime-noeffort
# 7.599976539112858 mean key position cost in file 1gramme.txt ( 55.62773864 )
# 12.145997137504748 % finger repeats in file 2gramme.txt ( 58.63367142389727 )
# 11.887117970603956 million keystrokes disbalance of the fingers ( 23.774235941207913 )
# 0.43624683315959395 % finger repeats top to bottom or vice versa ( 10.529705048345754 )
# 3.108859992449933 % of trigrams have no handswitching (after direction change counted x 1 ) ( 13.751465680932792 )
# 8.29535645836061 billion (rows²/dist)² to cross ( 107.83963395868793 )
# 0.060438838855545574 hand disbalance. Left: 0.4395611611444544 %, Right: 0.5604388388555456 % ( 1.7695191106228438 )
# 0.7319461889614385 badly positioned shortcut keys (weighted).
# 13.380890899137334 no handswitching after unbalancing key (weighted).
# 24.194954463681377 movement pattern cost (weighted).
# 0.8623546347699815 asymmetric bigram cost (weighted).
# 5.152931468618565 irregularity cost (weighted).
# 15.858005324925863 manually assigned bigram penalty (weighted)
# 9.412066431283908 unbalancing key after neighboring finger (weighted)
# 0.8623546347699815 asymmetrc bigrams (weighted)
# 8.145185214091587 inconsistent symmetries of similar keys (weighted)
# 5.152931468618565 irregularity cost for randomly sampled words (weighted).
# Finger load %: 9.4 8.2 7.7 11.7 - 19.7 9.2 9.5 8.8
 
