
# Evolved Layout
jöcbß äxlmgkq
uentf zirsh⇘
oüpwv ya,.d
┌───┬───┬───┬───┬───┬───┬───┬───┬───┬───┬───┬───┬───┬──────┐
│ ^ │ 1 │ 2 │ 3 │ 4 │ 5 │ 6 │ 7 │ 8 │ 9 │ 0 │ - │ ` │ ←    │
├───┴─┬─┴─┬─┴─┬─┴─┬─┴─┬─┴─┬─┴─┬─┴─┬─┴─┬─┴─┬─┴─┬─┴─┬─┴─┬────┤
│   ⇥ │ j │ ö │ c │ b │ ß │ ä │ x │ l │ m │ g │ k │ q │ Ret│
├─────┴┬──┴┬──┴┬──┴┬──┴┬──┴┬──┴┬──┴┬──┴┬──┴┬──┴┬──┴┬──┴┐   │
│    ⇩ │ u │ e │ n │ t │ f │ z │ i │ r │ s │ h │ ⇘ │ ´ │   │
├────┬─┴─┬─┴─┬─┴─┬─┴─┬─┴─┬─┴─┬─┴─┬─┴─┬─┴─┬─┴─┬─┴─┬─┴───┴───┤
│  ⇧ │ ⇚ │ o │ ü │ p │ w │ v │ y │ a │ , │ . │ d │ ⇗       │
├────┼───┴┬──┴─┬─┴───┴───┴───┴───┴───┴─┬─┴──┬┴───┼────┬────┤
│Strg│ Fe │ Alt│      Leerzeichen      │ M4 │ Fe │ Me │Strg│
└────┴────┴────┴───────────────────────┴────┴────┴────┴────┘
# 10.2396712978182 x100 total penalty per letter
# 37.4744419132793 x10 billion total penalty compared to notime-noeffort
# 7.881019846807213 mean key position cost in file 1gramme.txt ( 57.68482442 )
# 9.731210497374214 % finger repeats in file 2gramme.txt ( 46.976513529546075 )
# 14.529184701224056 million keystrokes disbalance of the fingers ( 29.058369402448108 )
# 0.40501840413740015 % finger repeats top to bottom or vice versa ( 9.775943366351823 )
# 4.374005359742137 % of trigrams have no handswitching (after direction change counted x 1 ) ( 19.34760160920266 )
# 8.866411175239906 billion (rows²/dist)² to cross ( 115.26334527811878 )
# 0.004017064493474165 hand disbalance. Left: 0.49598293550652583 %, Right: 0.5040170644934742 % ( 0.11761100187242905 )
# 1.0979192834421578 badly positioned shortcut keys (weighted).
# 10.866388583435134 no handswitching after unbalancing key (weighted).
# 30.742510747785964 movement pattern cost (weighted).
# 0.894911942529204 asymmetric bigram cost (weighted).
# 9.478112906033786 irregularity cost (weighted).
# 18.66962387426655 manually assigned bigram penalty (weighted)
# 11.060296610369917 unbalancing key after neighboring finger (weighted)
# 0.894911942529204 asymmetrc bigrams (weighted)
# 13.71044657739035 inconsistent symmetries of similar keys (weighted)
# 9.478112906033786 irregularity cost for randomly sampled words (weighted).
# Finger load %: 11.1 11.4 9.6 9.7 - 12.3 9.1 8.0 13.1
 
