
# Evolved Layout
ämuüq vplfkjß
ariey btnsh⇘
zcxoö wd,.g
┌───┬───┬───┬───┬───┬───┬───┬───┬───┬───┬───┬───┬───┬──────┐
│ ^ │ 1 │ 2 │ 3 │ 4 │ 5 │ 6 │ 7 │ 8 │ 9 │ 0 │ - │ ` │ ←    │
├───┴─┬─┴─┬─┴─┬─┴─┬─┴─┬─┴─┬─┴─┬─┴─┬─┴─┬─┴─┬─┴─┬─┴─┬─┴─┬────┤
│   ⇥ │ ä │ m │ u │ ü │ q │ v │ p │ l │ f │ k │ j │ ß │ Ret│
├─────┴┬──┴┬──┴┬──┴┬──┴┬──┴┬──┴┬──┴┬──┴┬──┴┬──┴┬──┴┬──┴┐   │
│    ⇩ │ a │ r │ i │ e │ y │ b │ t │ n │ s │ h │ ⇘ │ ´ │   │
├────┬─┴─┬─┴─┬─┴─┬─┴─┬─┴─┬─┴─┬─┴─┬─┴─┬─┴─┬─┴─┬─┴─┬─┴───┴───┤
│  ⇧ │ ⇚ │ z │ c │ x │ o │ ö │ w │ d │ , │ . │ g │ ⇗       │
├────┼───┴┬──┴─┬─┴───┴───┴───┴───┴───┴─┬─┴──┬┴───┼────┬────┤
│Strg│ Fe │ Alt│      Leerzeichen      │ M4 │ Fe │ Me │Strg│
└────┴────┴────┴───────────────────────┴────┴────┴────┴────┘
# 9.604453828264782 x100 total penalty per letter
# 35.14971688327253 x10 billion total penalty compared to notime-noeffort
# 7.5271911912232925 mean key position cost in file 1gramme.txt ( 55.09498906 )
# 10.48230519577996 % finger repeats in file 2gramme.txt ( 50.60235332318207 )
# 12.382889773803498 million keystrokes disbalance of the fingers ( 24.765779547607 )
# 0.42572119698412414 % finger repeats top to bottom or vice versa ( 10.275647400359691 )
# 2.636829759690309 % of trigrams have no handswitching (after direction change counted x 1 ) ( 11.66352747788706 )
# 8.170352946741337 billion (rows²/dist)² to cross ( 106.21458830763737 )
# 0.014153444361481138 hand disbalance. Left: 0.5141534443614811 %, Right: 0.4858465556385189 % ( 0.4143823864425552 )
# 0.36597309448071924 badly positioned shortcut keys (weighted).
# 11.661124090288691 no handswitching after unbalancing key (weighted).
# 30.60448721246497 movement pattern cost (weighted).
# 0.8654756020990859 asymmetric bigram cost (weighted).
# 9.106175010596543 irregularity cost (weighted).
# 18.270624994206866 manually assigned bigram penalty (weighted)
# 10.063107180035482 unbalancing key after neighboring finger (weighted)
# 0.8654756020990859 asymmetrc bigrams (weighted)
# 11.528934145437256 inconsistent symmetries of similar keys (weighted)
# 9.106175010596543 irregularity cost for randomly sampled words (weighted).
# Finger load %: 11.3 9.3 8.2 14.6 - 13.3 10.5 7.5 9.8
 
