
# Evolved Layout
ßplkq jfäoöüx
hnrsm cteai⇘
bvzgy wd,.u
┌───┬───┬───┬───┬───┬───┬───┬───┬───┬───┬───┬───┬───┬──────┐
│ ^ │ 1 │ 2 │ 3 │ 4 │ 5 │ 6 │ 7 │ 8 │ 9 │ 0 │ - │ ` │ ←    │
├───┴─┬─┴─┬─┴─┬─┴─┬─┴─┬─┴─┬─┴─┬─┴─┬─┴─┬─┴─┬─┴─┬─┴─┬─┴─┬────┤
│   ⇥ │ ß │ p │ l │ k │ q │ j │ f │ ä │ o │ ö │ ü │ x │ Ret│
├─────┴┬──┴┬──┴┬──┴┬──┴┬──┴┬──┴┬──┴┬──┴┬──┴┬──┴┬──┴┬──┴┐   │
│    ⇩ │ h │ n │ r │ s │ m │ c │ t │ e │ a │ i │ ⇘ │ ´ │   │
├────┬─┴─┬─┴─┬─┴─┬─┴─┬─┴─┬─┴─┬─┴─┬─┴─┬─┴─┬─┴─┬─┴─┬─┴───┴───┤
│  ⇧ │ ⇚ │ b │ v │ z │ g │ y │ w │ d │ , │ . │ u │ ⇗       │
├────┼───┴┬──┴─┬─┴───┴───┴───┴───┴───┴─┬─┴──┬┴───┼────┬────┤
│Strg│ Fe │ Alt│      Leerzeichen      │ M4 │ Fe │ Me │Strg│
└────┴────┴────┴───────────────────────┴────┴────┴────┴────┘
# 9.239856227779104 x100 total penalty per letter
# 33.81538776237264 x10 billion total penalty compared to notime-noeffort
# 7.543951827708615 mean key position cost in file 1gramme.txt ( 55.2176679 )
# 8.826227601910938 % finger repeats in file 2gramme.txt ( 42.6077927784936 )
# 13.486570201349613 million keystrokes disbalance of the fingers ( 26.973140402699226 )
# 0.3638298882432785 % finger repeats top to bottom or vice versa ( 8.781774719663819 )
# 3.3550887917683183 % of trigrams have no handswitching (after direction change counted x 1 ) ( 14.840613114946288 )
# 8.378902434790227 billion (rows²/dist)² to cross ( 108.92573165227294 )
# 0.06220809780581993 hand disbalance. Left: 0.43779190219418007 %, Right: 0.5622080978058199 % ( 1.821319204460413 )
# 0.7319461889614385 badly positioned shortcut keys (weighted).
# 12.943986563146604 no handswitching after unbalancing key (weighted).
# 22.753804683021393 movement pattern cost (weighted).
# 0.8671452141169775 asymmetric bigram cost (weighted).
# 4.73435497548848 irregularity cost (weighted).
# 17.12266641185213 manually assigned bigram penalty (weighted)
# 11.656377215045731 unbalancing key after neighboring finger (weighted)
# 0.8671452141169775 asymmetrc bigrams (weighted)
# 8.17555659955738 inconsistent symmetries of similar keys (weighted)
# 4.73435497548848 irregularity cost for randomly sampled words (weighted).
# Finger load %: 10.0 8.3 8.5 10.2 - 14.0 12.3 8.6 12.7
 
