
# Evolved Layout
jzlüä vpafkqß
mnreu wtish⇘
cyxoö bd,.g
┌───┬───┬───┬───┬───┬───┬───┬───┬───┬───┬───┬───┬───┬──────┐
│ ^ │ 1 │ 2 │ 3 │ 4 │ 5 │ 6 │ 7 │ 8 │ 9 │ 0 │ - │ ` │ ←    │
├───┴─┬─┴─┬─┴─┬─┴─┬─┴─┬─┴─┬─┴─┬─┴─┬─┴─┬─┴─┬─┴─┬─┴─┬─┴─┬────┤
│   ⇥ │ j │ z │ l │ ü │ ä │ v │ p │ a │ f │ k │ q │ ß │ Ret│
├─────┴┬──┴┬──┴┬──┴┬──┴┬──┴┬──┴┬──┴┬──┴┬──┴┬──┴┬──┴┬──┴┐   │
│    ⇩ │ m │ n │ r │ e │ u │ w │ t │ i │ s │ h │ ⇘ │ ´ │   │
├────┬─┴─┬─┴─┬─┴─┬─┴─┬─┴─┬─┴─┬─┴─┬─┴─┬─┴─┬─┴─┬─┴─┬─┴───┴───┤
│  ⇧ │ ⇚ │ c │ y │ x │ o │ ö │ b │ d │ , │ . │ g │ ⇗       │
├────┼───┴┬──┴─┬─┴───┴───┴───┴───┴───┴─┬─┴──┬┴───┼────┬────┤
│Strg│ Fe │ Alt│      Leerzeichen      │ M4 │ Fe │ Me │Strg│
└────┴────┴────┴───────────────────────┴────┴────┴────┴────┘
# 9.20919790882576 x100 total penalty per letter
# 33.70318656378332 x10 billion total penalty compared to notime-noeffort
# 7.363641007063093 mean key position cost in file 1gramme.txt ( 53.89788972 )
# 10.360321665967433 % finger repeats in file 2gramme.txt ( 50.01348917928485 )
# 12.02168791870826 million keystrokes disbalance of the fingers ( 24.04337583741652 )
# 0.33535550720905016 % finger repeats top to bottom or vice versa ( 8.09448759014339 )
# 4.745675550244681 % of trigrams have no handswitching (after direction change counted x 1 ) ( 20.99161577572476 )
# 7.498066867086671 billion (rows²/dist)² to cross ( 97.47486927212672 )
# 0.009159496443907678 hand disbalance. Left: 0.5091594964439077 %, Right: 0.4908405035560923 % ( 0.26817034059696293 )
# 0.36597309448071924 badly positioned shortcut keys (weighted).
# 11.981337425442543 no handswitching after unbalancing key (weighted).
# 25.61201000335462 movement pattern cost (weighted).
# 0.8863099014112914 asymmetric bigram cost (weighted).
# 4.264320716853411 irregularity cost (weighted).
# 16.77335297813682 manually assigned bigram penalty (weighted)
# 12.66843247499128 unbalancing key after neighboring finger (weighted)
# 0.8863099014112914 asymmetrc bigrams (weighted)
# 9.696231327869189 inconsistent symmetries of similar keys (weighted)
# 4.264320716853411 irregularity cost for randomly sampled words (weighted).
# Finger load %: 10.4 7.7 8.0 16.9 - 13.3 11.1 7.5 9.5
 
