
# Evolved Layout
äfüzq xpoukßj
msenl gtaih⇘
cvyrö wd,.b
┌───┬───┬───┬───┬───┬───┬───┬───┬───┬───┬───┬───┬───┬──────┐
│ ^ │ 1 │ 2 │ 3 │ 4 │ 5 │ 6 │ 7 │ 8 │ 9 │ 0 │ - │ ` │ ←    │
├───┴─┬─┴─┬─┴─┬─┴─┬─┴─┬─┴─┬─┴─┬─┴─┬─┴─┬─┴─┬─┴─┬─┴─┬─┴─┬────┤
│   ⇥ │ ä │ f │ ü │ z │ q │ x │ p │ o │ u │ k │ ß │ j │ Ret│
├─────┴┬──┴┬──┴┬──┴┬──┴┬──┴┬──┴┬──┴┬──┴┬──┴┬──┴┬──┴┬──┴┐   │
│    ⇩ │ m │ s │ e │ n │ l │ g │ t │ a │ i │ h │ ⇘ │ ´ │   │
├────┬─┴─┬─┴─┬─┴─┬─┴─┬─┴─┬─┴─┬─┴─┬─┴─┬─┴─┬─┴─┬─┴─┬─┴───┴───┤
│  ⇧ │ ⇚ │ c │ v │ y │ r │ ö │ w │ d │ , │ . │ b │ ⇗       │
├────┼───┴┬──┴─┬─┴───┴───┴───┴───┴───┴─┬─┴──┬┴───┼────┬────┤
│Strg│ Fe │ Alt│      Leerzeichen      │ M4 │ Fe │ Me │Strg│
└────┴────┴────┴───────────────────────┴────┴────┴────┴────┘
# 9.670229177683684 x100 total penalty per letter
# 35.390436964946396 x10 billion total penalty compared to notime-noeffort
# 7.53230808377152 mean key position cost in file 1gramme.txt ( 55.13244196 )
# 9.444266168852437 % finger repeats in file 2gramme.txt ( 45.591316473674446 )
# 11.470374989208434 million keystrokes disbalance of the fingers ( 22.940749978416868 )
# 0.3818318160729046 % finger repeats top to bottom or vice versa ( 9.216287880423483 )
# 4.253211144601461 % of trigrams have no handswitching (after direction change counted x 1 ) ( 18.813290798167003 )
# 8.060412907139641 billion (rows²/dist)² to cross ( 104.78536779281534 )
# 0.01833930699217412 hand disbalance. Left: 0.5183393069921741 %, Right: 0.4816606930078259 % ( 0.5369354344446283 )
# 0.36597309448071924 badly positioned shortcut keys (weighted).
# 12.14014392082249 no handswitching after unbalancing key (weighted).
# 31.842141546488897 movement pattern cost (weighted).
# 0.8986722278860914 asymmetric bigram cost (weighted).
# 6.178882709895037 irregularity cost (weighted).
# 18.139437813404363 manually assigned bigram penalty (weighted)
# 14.808107800883823 unbalancing key after neighboring finger (weighted)
# 0.8986722278860914 asymmetrc bigrams (weighted)
# 12.514620217660745 inconsistent symmetries of similar keys (weighted)
# 6.178882709895037 irregularity cost for randomly sampled words (weighted).
# Finger load %: 10.0 6.9 11.5 15.3 - 13.4 8.4 9.4 9.5
 
