
# Evolved Layout
ßplcq öfouüxj
hnrtg mseia⇘
kvzdy wb,.ä
┌───┬───┬───┬───┬───┬───┬───┬───┬───┬───┬───┬───┬───┬──────┐
│ ^ │ 1 │ 2 │ 3 │ 4 │ 5 │ 6 │ 7 │ 8 │ 9 │ 0 │ - │ ` │ ←    │
├───┴─┬─┴─┬─┴─┬─┴─┬─┴─┬─┴─┬─┴─┬─┴─┬─┴─┬─┴─┬─┴─┬─┴─┬─┴─┬────┤
│   ⇥ │ ß │ p │ l │ c │ q │ ö │ f │ o │ u │ ü │ x │ j │ Ret│
├─────┴┬──┴┬──┴┬──┴┬──┴┬──┴┬──┴┬──┴┬──┴┬──┴┬──┴┬──┴┬──┴┐   │
│    ⇩ │ h │ n │ r │ t │ g │ m │ s │ e │ i │ a │ ⇘ │ ´ │   │
├────┬─┴─┬─┴─┬─┴─┬─┴─┬─┴─┬─┴─┬─┴─┬─┴─┬─┴─┬─┴─┬─┴─┬─┴───┴───┤
│  ⇧ │ ⇚ │ k │ v │ z │ d │ y │ w │ b │ , │ . │ ä │ ⇗       │
├────┼───┴┬──┴─┬─┴───┴───┴───┴───┴───┴─┬─┴──┬┴───┼────┬────┤
│Strg│ Fe │ Alt│      Leerzeichen      │ M4 │ Fe │ Me │Strg│
└────┴────┴────┴───────────────────────┴────┴────┴────┴────┘
# 9.182781932818944 x100 total penalty per letter
# 33.606511198953896 x10 billion total penalty compared to notime-noeffort
# 7.226527621525284 mean key position cost in file 1gramme.txt ( 52.89429352 )
# 9.868335948875519 % finger repeats in file 2gramme.txt ( 47.63847389197317 )
# 10.98137079639259 million keystrokes disbalance of the fingers ( 21.96274159278518 )
# 0.35118773149578275 % finger repeats top to bottom or vice versa ( 8.47663054070909 )
# 2.8518269122203934 % of trigrams have no handswitching (after direction change counted x 1 ) ( 12.61452751381529 )
# 8.063824887851622 billion (rows²/dist)² to cross ( 104.82972354207108 )
# 0.030659375386962506 hand disbalance. Left: 0.4693406246130375 %, Right: 0.5306593753869625 % ( 0.8976405188170135 )
# 0.36597309448071924 badly positioned shortcut keys (weighted).
# 12.819548694337575 no handswitching after unbalancing key (weighted).
# 25.465895446679223 movement pattern cost (weighted).
# 0.8523690478902948 asymmetric bigram cost (weighted).
# 2.7539471667079223 irregularity cost (weighted).
# 16.165709329955817 manually assigned bigram penalty (weighted)
# 14.329124668472694 unbalancing key after neighboring finger (weighted)
# 0.8523690478902948 asymmetrc bigrams (weighted)
# 13.998513420843787 inconsistent symmetries of similar keys (weighted)
# 2.7539471667079223 irregularity cost for randomly sampled words (weighted).
# Finger load %: 9.9 8.3 8.5 12.9 - 11.6 14.7 9.4 9.1
 
