
# Evolved Layout
üulzß kpoäföq
hirnm gtaes⇘
vyxcj bd,.w
┌───┬───┬───┬───┬───┬───┬───┬───┬───┬───┬───┬───┬───┬──────┐
│ ^ │ 1 │ 2 │ 3 │ 4 │ 5 │ 6 │ 7 │ 8 │ 9 │ 0 │ - │ ` │ ←    │
├───┴─┬─┴─┬─┴─┬─┴─┬─┴─┬─┴─┬─┴─┬─┴─┬─┴─┬─┴─┬─┴─┬─┴─┬─┴─┬────┤
│   ⇥ │ ü │ u │ l │ z │ ß │ k │ p │ o │ ä │ f │ ö │ q │ Ret│
├─────┴┬──┴┬──┴┬──┴┬──┴┬──┴┬──┴┬──┴┬──┴┬──┴┬──┴┬──┴┬──┴┐   │
│    ⇩ │ h │ i │ r │ n │ m │ g │ t │ a │ e │ s │ ⇘ │ ´ │   │
├────┬─┴─┬─┴─┬─┴─┬─┴─┬─┴─┬─┴─┬─┴─┬─┴─┬─┴─┬─┴─┬─┴─┬─┴───┴───┤
│  ⇧ │ ⇚ │ v │ y │ x │ c │ j │ b │ d │ , │ . │ w │ ⇗       │
├────┼───┴┬──┴─┬─┴───┴───┴───┴───┴───┴─┬─┴──┬┴───┼────┬────┤
│Strg│ Fe │ Alt│      Leerzeichen      │ M4 │ Fe │ Me │Strg│
└────┴────┴────┴───────────────────────┴────┴────┴────┴────┘
# 9.577727054722283 x100 total penalty per letter
# 35.05190408308419 x10 billion total penalty compared to notime-noeffort
# 7.164558251803776 mean key position cost in file 1gramme.txt ( 52.44071108 )
# 8.341736578285268 % finger repeats in file 2gramme.txt ( 40.26895742677284 )
# 12.476276832374891 million keystrokes disbalance of the fingers ( 24.952553664749782 )
# 0.34565101274387205 % finger repeats top to bottom or vice versa ( 8.342990566818582 )
# 5.384256373420825 % of trigrams have no handswitching (after direction change counted x 1 ) ( 23.816259630943332 )
# 8.26606119223282 billion (rows²/dist)² to cross ( 107.45879549902666 )
# 0.045122669061498255 hand disbalance. Left: 0.45487733093850174 %, Right: 0.5451226690614983 % ( 1.3210946262132743 )
# 0.36597309448071924 badly positioned shortcut keys (weighted).
# 12.483074439637095 no handswitching after unbalancing key (weighted).
# 34.81566010884853 movement pattern cost (weighted).
# 0.8818961776617938 asymmetric bigram cost (weighted).
# 3.033929206618536 irregularity cost (weighted).
# 19.222725493467355 manually assigned bigram penalty (weighted)
# 14.022073584329908 unbalancing key after neighboring finger (weighted)
# 0.8818961776617938 asymmetrc bigrams (weighted)
# 7.09234623127354 inconsistent symmetries of similar keys (weighted)
# 3.033929206618536 irregularity cost for randomly sampled words (weighted).
# Finger load %: 10.2 8.6 8.0 11.6 - 14.5 8.4 12.5 10.7
 
