
# Evolved Layout
älozj vgiwkqß
urenm bdast⇘
üxöcy fh,.p
┌───┬───┬───┬───┬───┬───┬───┬───┬───┬───┬───┬───┬───┬──────┐
│ ^ │ 1 │ 2 │ 3 │ 4 │ 5 │ 6 │ 7 │ 8 │ 9 │ 0 │ - │ ` │ ←    │
├───┴─┬─┴─┬─┴─┬─┴─┬─┴─┬─┴─┬─┴─┬─┴─┬─┴─┬─┴─┬─┴─┬─┴─┬─┴─┬────┤
│   ⇥ │ ä │ l │ o │ z │ j │ v │ g │ i │ w │ k │ q │ ß │ Ret│
├─────┴┬──┴┬──┴┬──┴┬──┴┬──┴┬──┴┬──┴┬──┴┬──┴┬──┴┬──┴┬──┴┐   │
│    ⇩ │ u │ r │ e │ n │ m │ b │ d │ a │ s │ t │ ⇘ │ ´ │   │
├────┬─┴─┬─┴─┬─┴─┬─┴─┬─┴─┬─┴─┬─┴─┬─┴─┬─┴─┬─┴─┬─┴─┬─┴───┴───┤
│  ⇧ │ ⇚ │ ü │ x │ ö │ c │ y │ f │ h │ , │ . │ p │ ⇗       │
├────┼───┴┬──┴─┬─┴───┴───┴───┴───┴───┴─┬─┴──┬┴───┼────┬────┤
│Strg│ Fe │ Alt│      Leerzeichen      │ M4 │ Fe │ Me │Strg│
└────┴────┴────┴───────────────────────┴────┴────┴────┴────┘
# 9.750966952607584 x100 total penalty per letter
# 35.68591549825027 x10 billion total penalty compared to notime-noeffort
# 7.215854077325148 mean key position cost in file 1gramme.txt ( 52.81616892 )
# 10.135663260828482 % finger repeats in file 2gramme.txt ( 48.928971625031565 )
# 11.025919590036999 million keystrokes disbalance of the fingers ( 22.051839180073998 )
# 0.4044355759920563 % finger repeats top to bottom or vice versa ( 9.761875623051784 )
# 4.068194221332363 % of trigrams have no handswitching (after direction change counted x 1 ) ( 17.994902746950267 )
# 7.573469660795381 billion (rows²/dist)² to cross ( 98.45510559033997 )
# 0.009159496443907678 hand disbalance. Left: 0.5091594964439077 %, Right: 0.4908405035560923 % ( 0.26817034059696293 )
# 0.7319461889614385 badly positioned shortcut keys (weighted).
# 11.38949581019718 no handswitching after unbalancing key (weighted).
# 45.256014570060756 movement pattern cost (weighted).
# 0.8818953553939292 asymmetric bigram cost (weighted).
# 5.813213286580309 irregularity cost (weighted).
# 18.131652153746206 manually assigned bigram penalty (weighted)
# 13.932179814364869 unbalancing key after neighboring finger (weighted)
# 0.8818953553939292 asymmetrc bigrams (weighted)
# 10.445723777153416 inconsistent symmetries of similar keys (weighted)
# 5.813213286580309 irregularity cost for randomly sampled words (weighted).
# Finger load %: 9.2 8.2 13.6 11.9 - 12.9 11.1 7.2 10.2
 
