
# Evolved Layout
üäckö xdlivßj
tensf gorua⇘
wypmq bh,.z
┌───┬───┬───┬───┬───┬───┬───┬───┬───┬───┬───┬───┬───┬──────┐
│ ^ │ 1 │ 2 │ 3 │ 4 │ 5 │ 6 │ 7 │ 8 │ 9 │ 0 │ - │ ` │ ←    │
├───┴─┬─┴─┬─┴─┬─┴─┬─┴─┬─┴─┬─┴─┬─┴─┬─┴─┬─┴─┬─┴─┬─┴─┬─┴─┬────┤
│   ⇥ │ ü │ ä │ c │ k │ ö │ x │ d │ l │ i │ v │ ß │ j │ Ret│
├─────┴┬──┴┬──┴┬──┴┬──┴┬──┴┬──┴┬──┴┬──┴┬──┴┬──┴┬──┴┬──┴┐   │
│    ⇩ │ t │ e │ n │ s │ f │ g │ o │ r │ u │ a │ ⇘ │ ´ │   │
├────┬─┴─┬─┴─┬─┴─┬─┴─┬─┴─┬─┴─┬─┴─┬─┴─┬─┴─┬─┴─┬─┴─┬─┴───┴───┤
│  ⇧ │ ⇚ │ w │ y │ p │ m │ q │ b │ h │ , │ . │ z │ ⇗       │
├────┼───┴┬──┴─┬─┴───┴───┴───┴───┴───┴─┬─┴──┬┴───┼────┬────┤
│Strg│ Fe │ Alt│      Leerzeichen      │ M4 │ Fe │ Me │Strg│
└────┴────┴────┴───────────────────────┴────┴────┴────┴────┘
# 10.348357688566004 x100 total penalty per letter
# 37.87220486077844 x10 billion total penalty compared to notime-noeffort
# 7.536233817716631 mean key position cost in file 1gramme.txt ( 55.16117622 )
# 9.928201376018187 % finger repeats in file 2gramme.txt ( 47.92746867313409 )
# 12.796642968455005 million keystrokes disbalance of the fingers ( 25.59328593691001 )
# 0.45073129124876876 % finger repeats top to bottom or vice versa ( 10.879316919128874 )
# 4.591912766659358 % of trigrams have no handswitching (after direction change counted x 1 ) ( 20.311474615745418 )
# 8.652373600725632 billion (rows²/dist)² to cross ( 112.4808568094332 )
# 0.002040088168513532 hand disbalance. Left: 0.5020400881685135 %, Right: 0.4979599118314864 % ( 0.059729390403552025 )
# 1.0979192834421578 badly positioned shortcut keys (weighted).
# 11.596687752631206 no handswitching after unbalancing key (weighted).
# 43.937344596198265 movement pattern cost (weighted).
# 0.9050431475868157 asymmetric bigram cost (weighted).
# 5.520877058090644 irregularity cost (weighted).
# 19.69391803890461 manually assigned bigram penalty (weighted)
# 11.746359316947736 unbalancing key after neighboring finger (weighted)
# 0.9050431475868157 asymmetrc bigrams (weighted)
# 11.810590849227724 inconsistent symmetries of similar keys (weighted)
# 5.520877058090644 irregularity cost for randomly sampled words (weighted).
# Finger load %: 11.8 11.7 9.6 9.3 - 13.7 9.1 9.4 9.8
 
