
# Evolved Layout
jbcüö wgouzqß
rnteä mhais⇘
lpvxy fd,.k
┌───┬───┬───┬───┬───┬───┬───┬───┬───┬───┬───┬───┬───┬──────┐
│ ^ │ 1 │ 2 │ 3 │ 4 │ 5 │ 6 │ 7 │ 8 │ 9 │ 0 │ - │ ` │ ←    │
├───┴─┬─┴─┬─┴─┬─┴─┬─┴─┬─┴─┬─┴─┬─┴─┬─┴─┬─┴─┬─┴─┬─┴─┬─┴─┬────┤
│   ⇥ │ j │ b │ c │ ü │ ö │ w │ g │ o │ u │ z │ q │ ß │ Ret│
├─────┴┬──┴┬──┴┬──┴┬──┴┬──┴┬──┴┬──┴┬──┴┬──┴┬──┴┬──┴┬──┴┐   │
│    ⇩ │ r │ n │ t │ e │ ä │ m │ h │ a │ i │ s │ ⇘ │ ´ │   │
├────┬─┴─┬─┴─┬─┴─┬─┴─┬─┴─┬─┴─┬─┴─┬─┴─┬─┴─┬─┴─┬─┴─┬─┴───┴───┤
│  ⇧ │ ⇚ │ l │ p │ v │ x │ y │ f │ d │ , │ . │ k │ ⇗       │
├────┼───┴┬──┴─┬─┴───┴───┴───┴───┴───┴─┬─┴──┬┴───┼────┬────┤
│Strg│ Fe │ Alt│      Leerzeichen      │ M4 │ Fe │ Me │Strg│
└────┴────┴────┴───────────────────────┴────┴────┴────┴────┘
# 9.732646397298351 x100 total penalty per letter
# 35.61886719505902 x10 billion total penalty compared to notime-noeffort
# 7.729269863440811 mean key position cost in file 1gramme.txt ( 56.5740962 )
# 7.791635321839746 % finger repeats in file 2gramme.txt ( 37.61339477883647 )
# 14.60483382992773 million keystrokes disbalance of the fingers ( 29.20966765985546 )
# 0.365762970483166 % finger repeats top to bottom or vice versa ( 8.828433593202883 )
# 4.942700064542553 % of trigrams have no handswitching (after direction change counted x 1 ) ( 21.86311717921335 )
# 7.836514143566588 billion (rows²/dist)² to cross ( 101.87468386636564 )
# 0.008257972035672245 hand disbalance. Left: 0.5082579720356722 %, Right: 0.4917420279643277 % ( 0.2417756464024173 )
# 0.7319461889614385 badly positioned shortcut keys (weighted).
# 12.956774779260307 no handswitching after unbalancing key (weighted).
# 31.619483427429543 movement pattern cost (weighted).
# 0.8885578773868195 asymmetric bigram cost (weighted).
# 3.133166554618249 irregularity cost (weighted).
# 23.8536664137164 manually assigned bigram penalty (weighted)
# 14.558262715748416 unbalancing key after neighboring finger (weighted)
# 0.8885578773868195 asymmetrc bigrams (weighted)
# 12.241645069592723 inconsistent symmetries of similar keys (weighted)
# 3.133166554618249 irregularity cost for randomly sampled words (weighted).
# Finger load %: 13.9 9.0 7.7 12.3 - 13.8 8.4 9.4 9.9
 
