
# Evolved Layout
ßmyvö kfouxqj
hsenp gtair⇘
bzälü wd,.c
┌───┬───┬───┬───┬───┬───┬───┬───┬───┬───┬───┬───┬───┬──────┐
│ ^ │ 1 │ 2 │ 3 │ 4 │ 5 │ 6 │ 7 │ 8 │ 9 │ 0 │ - │ ` │ ←    │
├───┴─┬─┴─┬─┴─┬─┴─┬─┴─┬─┴─┬─┴─┬─┴─┬─┴─┬─┴─┬─┴─┬─┴─┬─┴─┬────┤
│   ⇥ │ ß │ m │ y │ v │ ö │ k │ f │ o │ u │ x │ q │ j │ Ret│
├─────┴┬──┴┬──┴┬──┴┬──┴┬──┴┬──┴┬──┴┬──┴┬──┴┬──┴┬──┴┬──┴┐   │
│    ⇩ │ h │ s │ e │ n │ p │ g │ t │ a │ i │ r │ ⇘ │ ´ │   │
├────┬─┴─┬─┴─┬─┴─┬─┴─┬─┴─┬─┴─┬─┴─┬─┴─┬─┴─┬─┴─┬─┴─┬─┴───┴───┤
│  ⇧ │ ⇚ │ b │ z │ ä │ l │ ü │ w │ d │ , │ . │ c │ ⇗       │
├────┼───┴┬──┴─┬─┴───┴───┴───┴───┴───┴─┬─┴──┬┴───┼────┬────┤
│Strg│ Fe │ Alt│      Leerzeichen      │ M4 │ Fe │ Me │Strg│
└────┴────┴────┴───────────────────────┴────┴────┴────┴────┘
# 9.693288875177537 x100 total penalty per letter
# 35.474829253442536 x10 billion total penalty compared to notime-noeffort
# 7.54380532786803 mean key position cost in file 1gramme.txt ( 55.2165956 )
# 8.512968909914783 % finger repeats in file 2gramme.txt ( 41.09556558057449 )
# 12.634939796134512 million keystrokes disbalance of the fingers ( 25.269879592269024 )
# 0.40174333463256806 % finger repeats top to bottom or vice versa ( 9.696892899328496 )
# 4.602183248074888 % of trigrams have no handswitching (after direction change counted x 1 ) ( 20.356904185766364 )
# 8.226070982918552 billion (rows²/dist)² to cross ( 106.93892277794116 )
# 0.018963047239688224 hand disbalance. Left: 0.4810369527603118 %, Right: 0.5189630472396882 % ( 0.555197206327421 )
# 0.7319461889614385 badly positioned shortcut keys (weighted).
# 11.830661554566483 no handswitching after unbalancing key (weighted).
# 35.34208645119455 movement pattern cost (weighted).
# 0.9013383080996914 asymmetric bigram cost (weighted).
# 3.407937428198575 irregularity cost (weighted).
# 18.23676954008346 manually assigned bigram penalty (weighted)
# 11.888202864088973 unbalancing key after neighboring finger (weighted)
# 0.9013383080996914 asymmetrc bigrams (weighted)
# 13.279392357025356 inconsistent symmetries of similar keys (weighted)
# 3.407937428198575 irregularity cost for randomly sampled words (weighted).
# Finger load %: 10.2 7.4 11.5 11.5 - 14.6 8.4 9.4 11.4
 
