
# Evolved Layout
joubq xfldzvß
aeinp gsrth⇘
äöücy mw,.k
┌───┬───┬───┬───┬───┬───┬───┬───┬───┬───┬───┬───┬───┬──────┐
│ ^ │ 1 │ 2 │ 3 │ 4 │ 5 │ 6 │ 7 │ 8 │ 9 │ 0 │ - │ ` │ ←    │
├───┴─┬─┴─┬─┴─┬─┴─┬─┴─┬─┴─┬─┴─┬─┴─┬─┴─┬─┴─┬─┴─┬─┴─┬─┴─┬────┤
│   ⇥ │ j │ o │ u │ b │ q │ x │ f │ l │ d │ z │ v │ ß │ Ret│
├─────┴┬──┴┬──┴┬──┴┬──┴┬──┴┬──┴┬──┴┬──┴┬──┴┬──┴┬──┴┬──┴┐   │
│    ⇩ │ a │ e │ i │ n │ p │ g │ s │ r │ t │ h │ ⇘ │ ´ │   │
├────┬─┴─┬─┴─┬─┴─┬─┴─┬─┴─┬─┴─┬─┴─┬─┴─┬─┴─┬─┴─┬─┴─┬─┴───┴───┤
│  ⇧ │ ⇚ │ ä │ ö │ ü │ c │ y │ m │ w │ , │ . │ k │ ⇗       │
├────┼───┴┬──┴─┬─┴───┴───┴───┴───┴───┴─┬─┴──┬┴───┼────┬────┤
│Strg│ Fe │ Alt│      Leerzeichen      │ M4 │ Fe │ Me │Strg│
└────┴────┴────┴───────────────────────┴────┴────┴────┴────┘
# 9.380471079162215 x100 total penalty per letter
# 34.33000028527888 x10 billion total penalty compared to notime-noeffort
# 7.188671182871895 mean key position cost in file 1gramme.txt ( 52.61720476 )
# 9.631340524326449 % finger repeats in file 2gramme.txt ( 46.49440052404283 )
# 11.975662115017885 million keystrokes disbalance of the fingers ( 23.95132423003577 )
# 0.3564163647503041 % finger repeats top to bottom or vice versa ( 8.602834244188905 )
# 3.3008468408599314 % of trigrams have no handswitching (after direction change counted x 1 ) ( 14.600683903532778 )
# 8.317937162086134 billion (rows²/dist)² to cross ( 108.13318310711973 )
# 0.02677990229247995 hand disbalance. Left: 0.52677990229248 %, Right: 0.47322009770752005 % ( 0.7840578969496157 )
# 1.463892377922877 badly positioned shortcut keys (weighted).
# 13.056596906715962 no handswitching after unbalancing key (weighted).
# 29.80178368060774 movement pattern cost (weighted).
# 0.8841546747668705 asymmetric bigram cost (weighted).
# 6.653617140275195 irregularity cost (weighted).
# 15.810469003112946 manually assigned bigram penalty (weighted)
# 11.171941740290896 unbalancing key after neighboring finger (weighted)
# 0.8841546747668705 asymmetrc bigrams (weighted)
# 9.273858663226633 inconsistent symmetries of similar keys (weighted)
# 6.653617140275195 irregularity cost for randomly sampled words (weighted).
# Finger load %: 10.7 13.8 8.3 11.7 - 12.2 9.1 9.5 9.1
 
