
# Evolved Layout
ßzbdq jmaoäöx
rntgl wsiec⇘
ypvhk üf,.u
┌───┬───┬───┬───┬───┬───┬───┬───┬───┬───┬───┬───┬───┬──────┐
│ ^ │ 1 │ 2 │ 3 │ 4 │ 5 │ 6 │ 7 │ 8 │ 9 │ 0 │ - │ ` │ ←    │
├───┴─┬─┴─┬─┴─┬─┴─┬─┴─┬─┴─┬─┴─┬─┴─┬─┴─┬─┴─┬─┴─┬─┴─┬─┴─┬────┤
│   ⇥ │ ß │ z │ b │ d │ q │ j │ m │ a │ o │ ä │ ö │ x │ Ret│
├─────┴┬──┴┬──┴┬──┴┬──┴┬──┴┬──┴┬──┴┬──┴┬──┴┬──┴┬──┴┬──┴┐   │
│    ⇩ │ r │ n │ t │ g │ l │ w │ s │ i │ e │ c │ ⇘ │ ´ │   │
├────┬─┴─┬─┴─┬─┴─┬─┴─┬─┴─┬─┴─┬─┴─┬─┴─┬─┴─┬─┴─┬─┴─┬─┴───┴───┤
│  ⇧ │ ⇚ │ y │ p │ v │ h │ k │ ü │ f │ , │ . │ u │ ⇗       │
├────┼───┴┬──┴─┬─┴───┴───┴───┴───┴───┴─┬─┴──┬┴───┼────┬────┤
│Strg│ Fe │ Alt│      Leerzeichen      │ M4 │ Fe │ Me │Strg│
└────┴────┴────┴───────────────────────┴────┴────┴────┴────┘
# 10.26668660166159 x100 total penalty per letter
# 37.573310656738315 x10 billion total penalty compared to notime-noeffort
# 7.787962612508821 mean key position cost in file 1gramme.txt ( 57.00369554 )
# 11.843298190232478 % finger repeats in file 2gramme.txt ( 57.17242041142024 )
# 12.57866029529907 million keystrokes disbalance of the fingers ( 25.15732059059814 )
# 0.40074611376029157 % finger repeats top to bottom or vice versa ( 9.672822944305386 )
# 2.806009897936832 % of trigrams have no handswitching (after direction change counted x 1 ) ( 12.411864447272144 )
# 8.62354188944185 billion (rows²/dist)² to cross ( 112.10604456274403 )
# 0.041858922001664134 hand disbalance. Left: 0.45814107799833587 %, Right: 0.5418589220016641 % ( 1.225539137326087 )
# 0.7319461889614385 badly positioned shortcut keys (weighted).
# 12.263414197167208 no handswitching after unbalancing key (weighted).
# 30.802848707258637 movement pattern cost (weighted).
# 0.8728659813472481 asymmetric bigram cost (weighted).
# 17.820573168838873 irregularity cost (weighted).
# 17.66851801698656 manually assigned bigram penalty (weighted)
# 13.033267213113596 unbalancing key after neighboring finger (weighted)
# 0.8728659813472481 asymmetrc bigrams (weighted)
# 7.789965460043591 inconsistent symmetries of similar keys (weighted)
# 17.820573168838873 irregularity cost for randomly sampled words (weighted).
# Finger load %: 11.0 8.3 7.0 12.5 - 10.5 11.1 14.9 9.2
 
