
# Evolved Layout
jbugv öäldzqß
mnetw oirhs⇘
cpüky xa,.f
┌───┬───┬───┬───┬───┬───┬───┬───┬───┬───┬───┬───┬───┬──────┐
│ ^ │ 1 │ 2 │ 3 │ 4 │ 5 │ 6 │ 7 │ 8 │ 9 │ 0 │ - │ ` │ ←    │
├───┴─┬─┴─┬─┴─┬─┴─┬─┴─┬─┴─┬─┴─┬─┴─┬─┴─┬─┴─┬─┴─┬─┴─┬─┴─┬────┤
│   ⇥ │ j │ b │ u │ g │ v │ ö │ ä │ l │ d │ z │ q │ ß │ Ret│
├─────┴┬──┴┬──┴┬──┴┬──┴┬──┴┬──┴┬──┴┬──┴┬──┴┬──┴┬──┴┬──┴┐   │
│    ⇩ │ m │ n │ e │ t │ w │ o │ i │ r │ h │ s │ ⇘ │ ´ │   │
├────┬─┴─┬─┴─┬─┴─┬─┴─┬─┴─┬─┴─┬─┴─┬─┴─┬─┴─┬─┴─┬─┴─┬─┴───┴───┤
│  ⇧ │ ⇚ │ c │ p │ ü │ k │ y │ x │ a │ , │ . │ f │ ⇗       │
├────┼───┴┬──┴─┬─┴───┴───┴───┴───┴───┴─┬─┴──┬┴───┼────┬────┤
│Strg│ Fe │ Alt│      Leerzeichen      │ M4 │ Fe │ Me │Strg│
└────┴────┴────┴───────────────────────┴────┴────┴────┴────┘
# 10.053920685038683 x100 total penalty per letter
# 36.7946446476732 x10 billion total penalty compared to notime-noeffort
# 7.55536844839197 mean key position cost in file 1gramme.txt ( 55.30123142 )
# 10.568915034951598 % finger repeats in file 2gramme.txt ( 51.02045426578691 )
# 11.860366436437417 million keystrokes disbalance of the fingers ( 23.720732872874834 )
# 0.3223388297970681 % finger repeats top to bottom or vice versa ( 7.7803035928294335 )
# 4.4686488854025415 % of trigrams have no handswitching (after direction change counted x 1 ) ( 19.7662396946109 )
# 8.451419844532008 billion (rows²/dist)² to cross ( 109.86845797891613 )
# 0.0030240237845869933 hand disbalance. Left: 0.503024023784587 %, Right: 0.49697597621541295 % ( 0.08853690737828784 )
# 1.0979192834421578 badly positioned shortcut keys (weighted).
# 14.982658239677393 no handswitching after unbalancing key (weighted).
# 35.460473744795756 movement pattern cost (weighted).
# 0.8786345082440922 asymmetric bigram cost (weighted).
# 3.0139873533938597 irregularity cost (weighted).
# 20.010601044834754 manually assigned bigram penalty (weighted)
# 14.978327538287834 unbalancing key after neighboring finger (weighted)
# 0.8786345082440922 asymmetrc bigrams (weighted)
# 9.977888031659656 inconsistent symmetries of similar keys (weighted)
# 3.0139873533938597 irregularity cost for randomly sampled words (weighted).
# Finger load %: 9.6 9.0 13.6 10.2 - 14.1 9.1 7.9 10.8
 
