
# Evolved Layout
ßbdäö vwilxqj
gutey mnars⇘
hkpoü fc,.z
┌───┬───┬───┬───┬───┬───┬───┬───┬───┬───┬───┬───┬───┬──────┐
│ ^ │ 1 │ 2 │ 3 │ 4 │ 5 │ 6 │ 7 │ 8 │ 9 │ 0 │ - │ ` │ ←    │
├───┴─┬─┴─┬─┴─┬─┴─┬─┴─┬─┴─┬─┴─┬─┴─┬─┴─┬─┴─┬─┴─┬─┴─┬─┴─┬────┤
│   ⇥ │ ß │ b │ d │ ä │ ö │ v │ w │ i │ l │ x │ q │ j │ Ret│
├─────┴┬──┴┬──┴┬──┴┬──┴┬──┴┬──┴┬──┴┬──┴┬──┴┬──┴┬──┴┬──┴┐   │
│    ⇩ │ g │ u │ t │ e │ y │ m │ n │ a │ r │ s │ ⇘ │ ´ │   │
├────┬─┴─┬─┴─┬─┴─┬─┴─┬─┴─┬─┴─┬─┴─┬─┴─┬─┴─┬─┴─┬─┴─┬─┴───┴───┤
│  ⇧ │ ⇚ │ h │ k │ p │ o │ ü │ f │ c │ , │ . │ z │ ⇗       │
├────┼───┴┬──┴─┬─┴───┴───┴───┴───┴───┴─┬─┴──┬┴───┼────┬────┤
│Strg│ Fe │ Alt│      Leerzeichen      │ M4 │ Fe │ Me │Strg│
└────┴────┴────┴───────────────────────┴────┴────┴────┴────┘
# 9.726634442675651 x100 total penalty per letter
# 35.59686505868754 x10 billion total penalty compared to notime-noeffort
# 7.713129712459545 mean key position cost in file 1gramme.txt ( 56.45595898 )
# 11.011116978232927 % finger repeats in file 2gramme.txt ( 53.155143015655405 )
# 12.394351115880982 million keystrokes disbalance of the fingers ( 24.788702231761963 )
# 0.3757917517909117 % finger repeats top to bottom or vice versa ( 9.070498637893516 )
# 3.6973458503239076 % of trigrams have no handswitching (after direction change counted x 1 ) ( 16.354523746565057 )
# 8.285456746810368 billion (rows²/dist)² to cross ( 107.71093770853477 )
# 0.026515809574843507 hand disbalance. Left: 0.4734841904251565 %, Right: 0.5265158095748436 % ( 0.7763258306213571 )
# 1.463892377922877 badly positioned shortcut keys (weighted).
# 11.288559522133157 no handswitching after unbalancing key (weighted).
# 26.784368475637642 movement pattern cost (weighted).
# 0.8694740852373404 asymmetric bigram cost (weighted).
# 4.340489589429608 irregularity cost (weighted).
# 18.80470578681175 manually assigned bigram penalty (weighted)
# 12.257698224314442 unbalancing key after neighboring finger (weighted)
# 0.8694740852373404 asymmetrc bigrams (weighted)
# 11.847372374356489 inconsistent symmetries of similar keys (weighted)
# 4.340489589429608 irregularity cost for randomly sampled words (weighted).
# Finger load %: 10.9 5.1 9.1 14.8 - 14.7 11.1 9.3 9.4
 
