
# Evolved Layout
öuopy kgfwßqj
aienz mhstr⇘
vxäcü bd,.l
┌───┬───┬───┬───┬───┬───┬───┬───┬───┬───┬───┬───┬───┬──────┐
│ ^ │ 1 │ 2 │ 3 │ 4 │ 5 │ 6 │ 7 │ 8 │ 9 │ 0 │ - │ ` │ ←    │
├───┴─┬─┴─┬─┴─┬─┴─┬─┴─┬─┴─┬─┴─┬─┴─┬─┴─┬─┴─┬─┴─┬─┴─┬─┴─┬────┤
│   ⇥ │ ö │ u │ o │ p │ y │ k │ g │ f │ w │ ß │ q │ j │ Ret│
├─────┴┬──┴┬──┴┬──┴┬──┴┬──┴┬──┴┬──┴┬──┴┬──┴┬──┴┬──┴┬──┴┐   │
│    ⇩ │ a │ i │ e │ n │ z │ m │ h │ s │ t │ r │ ⇘ │ ´ │   │
├────┬─┴─┬─┴─┬─┴─┬─┴─┬─┴─┬─┴─┬─┴─┬─┴─┬─┴─┬─┴─┬─┴─┬─┴───┴───┤
│  ⇧ │ ⇚ │ v │ x │ ä │ c │ ü │ b │ d │ , │ . │ l │ ⇗       │
├────┼───┴┬──┴─┬─┴───┴───┴───┴───┴───┴─┬─┴──┬┴───┼────┬────┤
│Strg│ Fe │ Alt│      Leerzeichen      │ M4 │ Fe │ Me │Strg│
└────┴────┴────┴───────────────────────┴────┴────┴────┴────┘
# 9.729189121937303 x100 total penalty per letter
# 35.60621449743547 x10 billion total penalty compared to notime-noeffort
# 7.517276568933508 mean key position cost in file 1gramme.txt ( 55.02241936 )
# 9.321539667590311 % finger repeats in file 2gramme.txt ( 44.998865704211624 )
# 13.534386636620413 million keystrokes disbalance of the fingers ( 27.068773273240826 )
# 0.4122608763588243 % finger repeats top to bottom or vice versa ( 9.950755171311187 )
# 3.1390283410677013 % of trigrams have no handswitching (after direction change counted x 1 ) ( 13.884909776734846 )
# 8.236860420684824 billion (rows²/dist)² to cross ( 107.07918546890271 )
# 0.026695414437919673 hand disbalance. Left: 0.5266954144379197 %, Right: 0.47330458556208027 % ( 0.7815842744232586 )
# 0.7319461889614385 badly positioned shortcut keys (weighted).
# 14.93908134627576 no handswitching after unbalancing key (weighted).
# 31.226300438298296 movement pattern cost (weighted).
# 0.8759525257066095 asymmetric bigram cost (weighted).
# 6.113873126884539 irregularity cost (weighted).
# 20.915181587292007 manually assigned bigram penalty (weighted)
# 9.074898243977552 unbalancing key after neighboring finger (weighted)
# 0.8759525257066095 asymmetrc bigrams (weighted)
# 13.398418488134089 inconsistent symmetries of similar keys (weighted)
# 6.113873126884539 irregularity cost for randomly sampled words (weighted).
# Finger load %: 11.2 8.4 13.8 11.1 - 13.7 7.3 7.4 11.5
 
