
# Evolved Layout
ßkugü pboföqj
rnilh ctesa⇘
zyxmv wd,.ä
┌───┬───┬───┬───┬───┬───┬───┬───┬───┬───┬───┬───┬───┬──────┐
│ ^ │ 1 │ 2 │ 3 │ 4 │ 5 │ 6 │ 7 │ 8 │ 9 │ 0 │ - │ ` │ ←    │
├───┴─┬─┴─┬─┴─┬─┴─┬─┴─┬─┴─┬─┴─┬─┴─┬─┴─┬─┴─┬─┴─┬─┴─┬─┴─┬────┤
│   ⇥ │ ß │ k │ u │ g │ ü │ p │ b │ o │ f │ ö │ q │ j │ Ret│
├─────┴┬──┴┬──┴┬──┴┬──┴┬──┴┬──┴┬──┴┬──┴┬──┴┬──┴┬──┴┬──┴┐   │
│    ⇩ │ r │ n │ i │ l │ h │ c │ t │ e │ s │ a │ ⇘ │ ´ │   │
├────┬─┴─┬─┴─┬─┴─┬─┴─┬─┴─┬─┴─┬─┴─┬─┴─┬─┴─┬─┴─┬─┴─┬─┴───┴───┤
│  ⇧ │ ⇚ │ z │ y │ x │ m │ v │ w │ d │ , │ . │ ä │ ⇗       │
├────┼───┴┬──┴─┬─┴───┴───┴───┴───┴───┴─┬─┴──┬┴───┼────┬────┤
│Strg│ Fe │ Alt│      Leerzeichen      │ M4 │ Fe │ Me │Strg│
└────┴────┴────┴───────────────────────┴────┴────┴────┴────┘
# 10.086478768890085 x100 total penalty per letter
# 36.913798474647805 x10 billion total penalty compared to notime-noeffort
# 7.262974426498546 mean key position cost in file 1gramme.txt ( 53.16106452 )
# 11.838726729708272 % finger repeats in file 2gramme.txt ( 57.1503521109531 )
# 12.20554294120141 million keystrokes disbalance of the fingers ( 24.411085882402816 )
# 0.38955961379956583 % finger repeats top to bottom or vice versa ( 9.40281400405325 )
# 4.292255145028315 % of trigrams have no handswitching (after direction change counted x 1 ) ( 18.985994693878013 )
# 8.026819991202556 billion (rows²/dist)² to cross ( 104.34865988563323 )
# 0.03991624680829298 hand disbalance. Left: 0.460083753191707 %, Right: 0.539916246808293 % ( 1.1686617891589692 )
# 0.7319461889614385 badly positioned shortcut keys (weighted).
# 15.723599030126142 no handswitching after unbalancing key (weighted).
# 33.56929779548044 movement pattern cost (weighted).
# 0.8753256532163592 asymmetric bigram cost (weighted).
# 3.809603969977546 irregularity cost (weighted).
# 16.889934524507638 manually assigned bigram penalty (weighted)
# 16.3278715698738 unbalancing key after neighboring finger (weighted)
# 0.8753256532163592 asymmetrc bigrams (weighted)
# 12.581773128255305 inconsistent symmetries of similar keys (weighted)
# 3.809603969977546 irregularity cost for randomly sampled words (weighted).
# Finger load %: 11.6 8.0 8.2 11.1 - 14.8 14.7 7.5 8.6
 
