
# Evolved Layout
ölwgß qyodbzj
hrnsm äaetc⇘
uxfkv üi,.p
┌───┬───┬───┬───┬───┬───┬───┬───┬───┬───┬───┬───┬───┬──────┐
│ ^ │ 1 │ 2 │ 3 │ 4 │ 5 │ 6 │ 7 │ 8 │ 9 │ 0 │ - │ ` │ ←    │
├───┴─┬─┴─┬─┴─┬─┴─┬─┴─┬─┴─┬─┴─┬─┴─┬─┴─┬─┴─┬─┴─┬─┴─┬─┴─┬────┤
│   ⇥ │ ö │ l │ w │ g │ ß │ q │ y │ o │ d │ b │ z │ j │ Ret│
├─────┴┬──┴┬──┴┬──┴┬──┴┬──┴┬──┴┬──┴┬──┴┬──┴┬──┴┬──┴┬──┴┐   │
│    ⇩ │ h │ r │ n │ s │ m │ ä │ a │ e │ t │ c │ ⇘ │ ´ │   │
├────┬─┴─┬─┴─┬─┴─┬─┴─┬─┴─┬─┴─┬─┴─┬─┴─┬─┴─┬─┴─┬─┴─┬─┴───┴───┤
│  ⇧ │ ⇚ │ u │ x │ f │ k │ v │ ü │ i │ , │ . │ p │ ⇗       │
├────┼───┴┬──┴─┬─┴───┴───┴───┴───┴───┴─┬─┴──┬┴───┼────┬────┤
│Strg│ Fe │ Alt│      Leerzeichen      │ M4 │ Fe │ Me │Strg│
└────┴────┴────┴───────────────────────┴────┴────┴────┴────┘
# 9.660256929981593 x100 total penalty per letter
# 35.353941221441765 x10 billion total penalty compared to notime-noeffort
# 7.803173416483082 mean key position cost in file 1gramme.txt ( 57.11503044 )
# 10.223277083285568 % finger repeats in file 2gramme.txt ( 49.35191920356161 )
# 11.889105267142012 million keystrokes disbalance of the fingers ( 23.778210534284028 )
# 0.3401528606712824 % finger repeats top to bottom or vice versa ( 8.210281478213828 )
# 2.863171687479965 % of trigrams have no handswitching (after direction change counted x 1 ) ( 12.664709023442215 )
# 8.531113022882682 billion (rows²/dist)² to cross ( 110.90446929747489 )
# 0.03942902209235444 hand disbalance. Left: 0.46057097790764556 %, Right: 0.5394290220923544 % ( 1.1543968981990078 )
# 1.0979192834421578 badly positioned shortcut keys (weighted).
# 11.026940158994316 no handswitching after unbalancing key (weighted).
# 31.435774665512778 movement pattern cost (weighted).
# 0.8652111982152768 asymmetric bigram cost (weighted).
# 6.498389541273979 irregularity cost (weighted).
# 18.884272071461393 manually assigned bigram penalty (weighted)
# 11.072207519642093 unbalancing key after neighboring finger (weighted)
# 0.8652111982152768 asymmetrc bigrams (weighted)
# 9.479680900700103 inconsistent symmetries of similar keys (weighted)
# 6.498389541273979 irregularity cost for randomly sampled words (weighted).
# Finger load %: 11.2 8.2 9.0 10.5 - 11.9 14.7 9.5 9.4
 
