
# Evolved Layout
ßmapq ögfoyxj
hrilv wtseu⇘
kzänü bd,.c
┌───┬───┬───┬───┬───┬───┬───┬───┬───┬───┬───┬───┬───┬──────┐
│ ^ │ 1 │ 2 │ 3 │ 4 │ 5 │ 6 │ 7 │ 8 │ 9 │ 0 │ - │ ` │ ←    │
├───┴─┬─┴─┬─┴─┬─┴─┬─┴─┬─┴─┬─┴─┬─┴─┬─┴─┬─┴─┬─┴─┬─┴─┬─┴─┬────┤
│   ⇥ │ ß │ m │ a │ p │ q │ ö │ g │ f │ o │ y │ x │ j │ Ret│
├─────┴┬──┴┬──┴┬──┴┬──┴┬──┴┬──┴┬──┴┬──┴┬──┴┬──┴┬──┴┬──┴┐   │
│    ⇩ │ h │ r │ i │ l │ v │ w │ t │ s │ e │ u │ ⇘ │ ´ │   │
├────┬─┴─┬─┴─┬─┴─┬─┴─┬─┴─┬─┴─┬─┴─┬─┴─┬─┴─┬─┴─┬─┴─┬─┴───┴───┤
│  ⇧ │ ⇚ │ k │ z │ ä │ n │ ü │ b │ d │ , │ . │ c │ ⇗       │
├────┼───┴┬──┴─┬─┴───┴───┴───┴───┴───┴─┬─┴──┬┴───┼────┬────┤
│Strg│ Fe │ Alt│      Leerzeichen      │ M4 │ Fe │ Me │Strg│
└────┴────┴────┴───────────────────────┴────┴────┴────┴────┘
# 9.984574113186017 x100 total penalty per letter
# 36.5408548527477 x10 billion total penalty compared to notime-noeffort
# 7.6759484819122346 mean key position cost in file 1gramme.txt ( 56.18381238 )
# 11.187477313808673 % finger repeats in file 2gramme.txt ( 54.006506131527246 )
# 12.043442595906784 million keystrokes disbalance of the fingers ( 24.08688519181357 )
# 0.4331283132600413 % finger repeats top to bottom or vice versa ( 10.454433224612712 )
# 4.397619316599557 % of trigrams have no handswitching (after direction change counted x 1 ) ( 19.452053568475336 )
# 8.206447986517217 billion (rows²/dist)² to cross ( 106.68382382472383 )
# 0.03412209625362356 hand disbalance. Left: 0.46587790374637644 %, Right: 0.5341220962536236 % ( 0.9990215324886057 )
# 1.0979192834421578 badly positioned shortcut keys (weighted).
# 11.441902993751235 no handswitching after unbalancing key (weighted).
# 31.898025282268453 movement pattern cost (weighted).
# 0.8661307674388724 asymmetric bigram cost (weighted).
# 4.823930037409487 irregularity cost (weighted).
# 17.037553983161498 manually assigned bigram penalty (weighted)
# 9.34309758855957 unbalancing key after neighboring finger (weighted)
# 0.8661307674388724 asymmetrc bigrams (weighted)
# 17.03345273780443 inconsistent symmetries of similar keys (weighted)
# 4.823930037409487 irregularity cost for randomly sampled words (weighted).
# Finger load %: 9.9 7.8 10.2 11.4 - 13.7 7.3 14.9 9.2
 
