
# Evolved Layout
juovq xbldgzß
aienp wsrtm⇘
äüöhy kf,.c
┌───┬───┬───┬───┬───┬───┬───┬───┬───┬───┬───┬───┬───┬──────┐
│ ^ │ 1 │ 2 │ 3 │ 4 │ 5 │ 6 │ 7 │ 8 │ 9 │ 0 │ - │ ` │ ←    │
├───┴─┬─┴─┬─┴─┬─┴─┬─┴─┬─┴─┬─┴─┬─┴─┬─┴─┬─┴─┬─┴─┬─┴─┬─┴─┬────┤
│   ⇥ │ j │ u │ o │ v │ q │ x │ b │ l │ d │ g │ z │ ß │ Ret│
├─────┴┬──┴┬──┴┬──┴┬──┴┬──┴┬──┴┬──┴┬──┴┬──┴┬──┴┬──┴┬──┴┐   │
│    ⇩ │ a │ i │ e │ n │ p │ w │ s │ r │ t │ m │ ⇘ │ ´ │   │
├────┬─┴─┬─┴─┬─┴─┬─┴─┬─┴─┬─┴─┬─┴─┬─┴─┬─┴─┬─┴─┬─┴─┬─┴───┴───┤
│  ⇧ │ ⇚ │ ä │ ü │ ö │ h │ y │ k │ f │ , │ . │ c │ ⇗       │
├────┼───┴┬──┴─┬─┴───┴───┴───┴───┴───┴─┬─┴──┬┴───┼────┬────┤
│Strg│ Fe │ Alt│      Leerzeichen      │ M4 │ Fe │ Me │Strg│
└────┴────┴────┴───────────────────────┴────┴────┴────┴────┘
# 9.457021090820666 x100 total penalty per letter
# 34.61015273177067 x10 billion total penalty compared to notime-noeffort
# 7.362744572311611 mean key position cost in file 1gramme.txt ( 53.8913283 )
# 10.03267189888423 % finger repeats in file 2gramme.txt ( 48.43179040496588 )
# 11.911029612247754 million keystrokes disbalance of the fingers ( 23.822059224495508 )
# 0.3449023352070418 % finger repeats top to bottom or vice versa ( 8.324919710963773 )
# 3.5977283059848433 % of trigrams have no handswitching (after direction change counted x 1 ) ( 15.91388401189566 )
# 8.138651236471278 billion (rows²/dist)² to cross ( 105.80246607412661 )
# 0.030849503460139927 hand disbalance. Left: 0.5308495034601399 %, Right: 0.4691504965398601 % ( 0.9032070595600852 )
# 1.0979192834421578 badly positioned shortcut keys (weighted).
# 12.74429587278919 no handswitching after unbalancing key (weighted).
# 28.343614059073243 movement pattern cost (weighted).
# 0.8636082726414179 asymmetric bigram cost (weighted).
# 8.501822696968205 irregularity cost (weighted).
# 17.462346576953728 manually assigned bigram penalty (weighted)
# 10.79156001719909 unbalancing key after neighboring finger (weighted)
# 0.8636082726414179 asymmetrc bigrams (weighted)
# 9.206705752632077 inconsistent symmetries of similar keys (weighted)
# 8.501822696968205 irregularity cost for randomly sampled words (weighted).
# Finger load %: 10.7 8.5 13.6 11.9 - 10.7 9.1 9.5 10.2
 
