
# Evolved Layout
äphkß qfuoüxj
rnlsm cteai⇘
özbgv wd,.y
┌───┬───┬───┬───┬───┬───┬───┬───┬───┬───┬───┬───┬───┬──────┐
│ ^ │ 1 │ 2 │ 3 │ 4 │ 5 │ 6 │ 7 │ 8 │ 9 │ 0 │ - │ ` │ ←    │
├───┴─┬─┴─┬─┴─┬─┴─┬─┴─┬─┴─┬─┴─┬─┴─┬─┴─┬─┴─┬─┴─┬─┴─┬─┴─┬────┤
│   ⇥ │ ä │ p │ h │ k │ ß │ q │ f │ u │ o │ ü │ x │ j │ Ret│
├─────┴┬──┴┬──┴┬──┴┬──┴┬──┴┬──┴┬──┴┬──┴┬──┴┬──┴┬──┴┬──┴┐   │
│    ⇩ │ r │ n │ l │ s │ m │ c │ t │ e │ a │ i │ ⇘ │ ´ │   │
├────┬─┴─┬─┴─┬─┴─┬─┴─┬─┴─┬─┴─┬─┴─┬─┴─┬─┴─┬─┴─┬─┴─┬─┴───┴───┤
│  ⇧ │ ⇚ │ ö │ z │ b │ g │ v │ w │ d │ , │ . │ y │ ⇗       │
├────┼───┴┬──┴─┬─┴───┴───┴───┴───┴───┴─┬─┴──┬┴───┼────┬────┤
│Strg│ Fe │ Alt│      Leerzeichen      │ M4 │ Fe │ Me │Strg│
└────┴────┴────┴───────────────────────┴────┴────┴────┴────┘
# 9.659173168163 x100 total penalty per letter
# 35.349974944777465 x10 billion total penalty compared to notime-noeffort
# 7.308800705131943 mean key position cost in file 1gramme.txt ( 53.49648822 )
# 12.540089399746885 % finger repeats in file 2gramme.txt ( 60.536115163461076 )
# 12.529262012876332 million keystrokes disbalance of the fingers ( 25.058524025752664 )
# 0.3853132491967362 % finger repeats top to bottom or vice versa ( 9.300319353326067 )
# 3.08807674653858 % of trigrams have no handswitching (after direction change counted x 1 ) ( 13.659534846613315 )
# 8.079131741113823 billion (rows²/dist)² to cross ( 105.0287126344797 )
# 0.06274912187846982 hand disbalance. Left: 0.4372508781215302 %, Right: 0.5627491218784698 % ( 1.837159224784912 )
# 1.0979192834421578 badly positioned shortcut keys (weighted).
# 11.793110587267101 no handswitching after unbalancing key (weighted).
# 22.15554631841849 movement pattern cost (weighted).
# 0.8870493743307508 asymmetric bigram cost (weighted).
# 6.9559877604233815 irregularity cost (weighted).
# 16.84836871108815 manually assigned bigram penalty (weighted)
# 12.263140816131619 unbalancing key after neighboring finger (weighted)
# 0.8870493743307508 asymmetrc bigrams (weighted)
# 12.581773128255305 inconsistent symmetries of similar keys (weighted)
# 6.9559877604233815 irregularity cost for randomly sampled words (weighted).
# Finger load %: 10.7 8.3 7.4 10.5 - 13.9 14.5 8.6 10.6
 
