
# Evolved Layout
ßymcv xwloöjq
hesnp gtrai⇘
uükfz bd,.ä
┌───┬───┬───┬───┬───┬───┬───┬───┬───┬───┬───┬───┬───┬──────┐
│ ^ │ 1 │ 2 │ 3 │ 4 │ 5 │ 6 │ 7 │ 8 │ 9 │ 0 │ - │ ` │ ←    │
├───┴─┬─┴─┬─┴─┬─┴─┬─┴─┬─┴─┬─┴─┬─┴─┬─┴─┬─┴─┬─┴─┬─┴─┬─┴─┬────┤
│   ⇥ │ ß │ y │ m │ c │ v │ x │ w │ l │ o │ ö │ j │ q │ Ret│
├─────┴┬──┴┬──┴┬──┴┬──┴┬──┴┬──┴┬──┴┬──┴┬──┴┬──┴┬──┴┬──┴┐   │
│    ⇩ │ h │ e │ s │ n │ p │ g │ t │ r │ a │ i │ ⇘ │ ´ │   │
├────┬─┴─┬─┴─┬─┴─┬─┴─┬─┴─┬─┴─┬─┴─┬─┴─┬─┴─┬─┴─┬─┴─┬─┴───┴───┤
│  ⇧ │ ⇚ │ u │ ü │ k │ f │ z │ b │ d │ , │ . │ ä │ ⇗       │
├────┼───┴┬──┴─┬─┴───┴───┴───┴───┴───┴─┬─┴──┬┴───┼────┬────┤
│Strg│ Fe │ Alt│      Leerzeichen      │ M4 │ Fe │ Me │Strg│
└────┴────┴────┴───────────────────────┴────┴────┴────┴────┘
# 9.80426928953421 x100 total penalty per letter
# 35.88098771013118 x10 billion total penalty compared to notime-noeffort
# 7.498317191578609 mean key position cost in file 1gramme.txt ( 54.88364692 )
# 8.166223543342033 % finger repeats in file 2gramme.txt ( 39.42168457589296 )
# 12.559568399881709 million keystrokes disbalance of the fingers ( 25.11913679976342 )
# 0.41788307766510796 % finger repeats top to bottom or vice versa ( 10.08645844060216 )
# 5.605350830619581 % of trigrams have no handswitching (after direction change counted x 1 ) ( 24.79422996341147 )
# 8.446135425196301 billion (rows²/dist)² to cross ( 109.79976052755192 )
# 0.009140489797822893 hand disbalance. Left: 0.5091404897978229 %, Right: 0.49085951020217705 % ( 0.26761386691029504 )
# 1.0979192834421578 badly positioned shortcut keys (weighted).
# 13.825370985712716 no handswitching after unbalancing key (weighted).
# 33.296595601307175 movement pattern cost (weighted).
# 0.9050381443778136 asymmetric bigram cost (weighted).
# 3.521910698820008 irregularity cost (weighted).
# 17.093097758271174 manually assigned bigram penalty (weighted)
# 12.41898694052695 unbalancing key after neighboring finger (weighted)
# 0.9050381443778136 asymmetrc bigrams (weighted)
# 12.278426594721482 inconsistent symmetries of similar keys (weighted)
# 3.521910698820008 irregularity cost for randomly sampled words (weighted).
# Finger load %: 11.2 11.7 7.6 12.5 - 13.8 9.1 8.6 10.0
 
