
# Evolved Layout
öolcq vdgufjß
aernz btsih⇘
äüxmy pw,.k
┌───┬───┬───┬───┬───┬───┬───┬───┬───┬───┬───┬───┬───┬──────┐
│ ^ │ 1 │ 2 │ 3 │ 4 │ 5 │ 6 │ 7 │ 8 │ 9 │ 0 │ - │ ` │ ←    │
├───┴─┬─┴─┬─┴─┬─┴─┬─┴─┬─┴─┬─┴─┬─┴─┬─┴─┬─┴─┬─┴─┬─┴─┬─┴─┬────┤
│   ⇥ │ ö │ o │ l │ c │ q │ v │ d │ g │ u │ f │ j │ ß │ Ret│
├─────┴┬──┴┬──┴┬──┴┬──┴┬──┴┬──┴┬──┴┬──┴┬──┴┬──┴┬──┴┬──┴┐   │
│    ⇩ │ a │ e │ r │ n │ z │ b │ t │ s │ i │ h │ ⇘ │ ´ │   │
├────┬─┴─┬─┴─┬─┴─┬─┴─┬─┴─┬─┴─┬─┴─┬─┴─┬─┴─┬─┴─┬─┴─┬─┴───┴───┤
│  ⇧ │ ⇚ │ ä │ ü │ x │ m │ y │ p │ w │ , │ . │ k │ ⇗       │
├────┼───┴┬──┴─┬─┴───┴───┴───┴───┴───┴─┬─┴──┬┴───┼────┬────┤
│Strg│ Fe │ Alt│      Leerzeichen      │ M4 │ Fe │ Me │Strg│
└────┴────┴────┴───────────────────────┴────┴────┴────┴────┘
# 9.670322651031912 x100 total penalty per letter
# 35.39077905225142 x10 billion total penalty compared to notime-noeffort
# 7.365674284949424 mean key position cost in file 1gramme.txt ( 53.91277222 )
# 9.538719088723065 % finger repeats in file 2gramme.txt ( 46.04727915883114 )
# 12.297269546874581 million keystrokes disbalance of the fingers ( 24.594539093749162 )
# 0.38223672460912483 % finger repeats top to bottom or vice versa ( 9.226061171904082 )
# 4.784040336173773 % of trigrams have no handswitching (after direction change counted x 1 ) ( 21.16131529205599 )
# 7.760012189223102 billion (rows²/dist)² to cross ( 100.88015845990031 )
# 0.028900510680458735 hand disbalance. Left: 0.5289005106804587 %, Right: 0.47109948931954126 % ( 0.8461447460640449 )
# 0.7319461889614385 badly positioned shortcut keys (weighted).
# 12.53418373198713 no handswitching after unbalancing key (weighted).
# 38.19130442534709 movement pattern cost (weighted).
# 0.8802785893987493 asymmetric bigram cost (weighted).
# 4.371881287547953 irregularity cost (weighted).
# 16.344733337220408 manually assigned bigram penalty (weighted)
# 10.505117627622138 unbalancing key after neighboring finger (weighted)
# 0.8802785893987493 asymmetrc bigrams (weighted)
# 13.680075191924557 inconsistent symmetries of similar keys (weighted)
# 4.371881287547953 irregularity cost for randomly sampled words (weighted).
# Finger load %: 10.8 14.0 8.0 11.8 - 13.3 7.9 9.4 9.2
 
