
# Evolved Layout
äocgö qpahfjß
uersz blidt⇘
küxmy wn,.v
┌───┬───┬───┬───┬───┬───┬───┬───┬───┬───┬───┬───┬───┬──────┐
│ ^ │ 1 │ 2 │ 3 │ 4 │ 5 │ 6 │ 7 │ 8 │ 9 │ 0 │ - │ ` │ ←    │
├───┴─┬─┴─┬─┴─┬─┴─┬─┴─┬─┴─┬─┴─┬─┴─┬─┴─┬─┴─┬─┴─┬─┴─┬─┴─┬────┤
│   ⇥ │ ä │ o │ c │ g │ ö │ q │ p │ a │ h │ f │ j │ ß │ Ret│
├─────┴┬──┴┬──┴┬──┴┬──┴┬──┴┬──┴┬──┴┬──┴┬──┴┬──┴┬──┴┬──┴┐   │
│    ⇩ │ u │ e │ r │ s │ z │ b │ l │ i │ d │ t │ ⇘ │ ´ │   │
├────┬─┴─┬─┴─┬─┴─┬─┴─┬─┴─┬─┴─┬─┴─┬─┴─┬─┴─┬─┴─┬─┴─┬─┴───┴───┤
│  ⇧ │ ⇚ │ k │ ü │ x │ m │ y │ w │ n │ , │ . │ v │ ⇗       │
├────┼───┴┬──┴─┬─┴───┴───┴───┴───┴───┴─┬─┴──┬┴───┼────┬────┤
│Strg│ Fe │ Alt│      Leerzeichen      │ M4 │ Fe │ Me │Strg│
└────┴────┴────┴───────────────────────┴────┴────┴────┴────┘
# 10.077057929415165 x100 total penalty per letter
# 36.87932073689537 x10 billion total penalty compared to notime-noeffort
# 7.468640283183443 mean key position cost in file 1gramme.txt ( 54.66642792 )
# 11.708503051623994 % finger repeats in file 2gramme.txt ( 56.521709417729674 )
# 12.484106312581998 million keystrokes disbalance of the fingers ( 24.968212625163993 )
# 0.3784210689558723 % finger repeats top to bottom or vice versa ( 9.133962558135797 )
# 4.209033467476271 % of trigrams have no handswitching (after direction change counted x 1 ) ( 18.61787903555121 )
# 7.952675792786152 billion (rows²/dist)² to cross ( 103.38478530621998 )
# 0.016117401686170874 hand disbalance. Left: 0.4838825983138291 %, Right: 0.5161174016861709 % ( 0.4718828296061374 )
# 0.7319461889614385 badly positioned shortcut keys (weighted).
# 11.177707952087948 no handswitching after unbalancing key (weighted).
# 37.592284478483755 movement pattern cost (weighted).
# 0.8836248552594922 asymmetric bigram cost (weighted).
# 5.794705779744377 irregularity cost (weighted).
# 19.747149337529613 manually assigned bigram penalty (weighted)
# 10.686453138656923 unbalancing key after neighboring finger (weighted)
# 0.8836248552594922 asymmetrc bigrams (weighted)
# 14.414475945823371 inconsistent symmetries of similar keys (weighted)
# 5.794705779744377 irregularity cost for randomly sampled words (weighted).
# Finger load %: 9.5 14.0 7.4 9.9 - 13.8 11.1 7.9 10.8
 
