
# Evolved Layout
ßlckq üyowfzj
hrntp öaesd⇘
uxbgä vi,.m
┌───┬───┬───┬───┬───┬───┬───┬───┬───┬───┬───┬───┬───┬──────┐
│ ^ │ 1 │ 2 │ 3 │ 4 │ 5 │ 6 │ 7 │ 8 │ 9 │ 0 │ - │ ` │ ←    │
├───┴─┬─┴─┬─┴─┬─┴─┬─┴─┬─┴─┬─┴─┬─┴─┬─┴─┬─┴─┬─┴─┬─┴─┬─┴─┬────┤
│   ⇥ │ ß │ l │ c │ k │ q │ ü │ y │ o │ w │ f │ z │ j │ Ret│
├─────┴┬──┴┬──┴┬──┴┬──┴┬──┴┬──┴┬──┴┬──┴┬──┴┬──┴┬──┴┬──┴┐   │
│    ⇩ │ h │ r │ n │ t │ p │ ö │ a │ e │ s │ d │ ⇘ │ ´ │   │
├────┬─┴─┬─┴─┬─┴─┬─┴─┬─┴─┬─┴─┬─┴─┬─┴─┬─┴─┬─┴─┬─┴─┬─┴───┴───┤
│  ⇧ │ ⇚ │ u │ x │ b │ g │ ä │ v │ i │ , │ . │ m │ ⇗       │
├────┼───┴┬──┴─┬─┴───┴───┴───┴───┴───┴─┬─┴──┬┴───┼────┬────┤
│Strg│ Fe │ Alt│      Leerzeichen      │ M4 │ Fe │ Me │Strg│
└────┴────┴────┴───────────────────────┴────┴────┴────┴────┘
# 10.066129208910137 x100 total penalty per letter
# 36.839324560275976 x10 billion total penalty compared to notime-noeffort
# 7.734330101551013 mean key position cost in file 1gramme.txt ( 56.61113442 )
# 12.018957421753344 % finger repeats in file 2gramme.txt ( 58.02039901268021 )
# 13.18245254533118 million keystrokes disbalance of the fingers ( 26.36490509066236 )
# 0.3826110954294763 % finger repeats top to bottom or vice versa ( 9.235097373470193 )
# 3.8792370783976504 % of trigrams have no handswitching (after direction change counted x 1 ) ( 17.159085864702668 )
# 7.948414909734614 billion (rows²/dist)² to cross ( 103.32939382654999 )
# 0.03653247937231502 hand disbalance. Left: 0.463467520627685 %, Right: 0.5365324793723151 % ( 1.0695923619951337 )
# 0.7319461889614385 badly positioned shortcut keys (weighted).
# 11.658943679021876 no handswitching after unbalancing key (weighted).
# 28.962198105849765 movement pattern cost (weighted).
# 0.8742996372909985 asymmetric bigram cost (weighted).
# 7.864726992854067 irregularity cost (weighted).
# 19.64775067533363 manually assigned bigram penalty (weighted)
# 9.860691021048817 unbalancing key after neighboring finger (weighted)
# 0.8742996372909985 asymmetrc bigrams (weighted)
# 17.00308135233864 inconsistent symmetries of similar keys (weighted)
# 7.864726992854067 irregularity cost for randomly sampled words (weighted).
# Finger load %: 11.5 8.2 10.0 9.3 - 12.4 14.7 7.2 11.0
 
