
# Evolved Layout
ülpgk jfiäöxß
hrnsm wtaec⇘
uzvbq yd,.o
┌───┬───┬───┬───┬───┬───┬───┬───┬───┬───┬───┬───┬───┬──────┐
│ ^ │ 1 │ 2 │ 3 │ 4 │ 5 │ 6 │ 7 │ 8 │ 9 │ 0 │ - │ ` │ ←    │
├───┴─┬─┴─┬─┴─┬─┴─┬─┴─┬─┴─┬─┴─┬─┴─┬─┴─┬─┴─┬─┴─┬─┴─┬─┴─┬────┤
│   ⇥ │ ü │ l │ p │ g │ k │ j │ f │ i │ ä │ ö │ x │ ß │ Ret│
├─────┴┬──┴┬──┴┬──┴┬──┴┬──┴┬──┴┬──┴┬──┴┬──┴┬──┴┬──┴┬──┴┐   │
│    ⇩ │ h │ r │ n │ s │ m │ w │ t │ a │ e │ c │ ⇘ │ ´ │   │
├────┬─┴─┬─┴─┬─┴─┬─┴─┬─┴─┬─┴─┬─┴─┬─┴─┬─┴─┬─┴─┬─┴─┬─┴───┴───┤
│  ⇧ │ ⇚ │ u │ z │ v │ b │ q │ y │ d │ , │ . │ o │ ⇗       │
├────┼───┴┬──┴─┬─┴───┴───┴───┴───┴───┴─┬─┴──┬┴───┼────┬────┤
│Strg│ Fe │ Alt│      Leerzeichen      │ M4 │ Fe │ Me │Strg│
└────┴────┴────┴───────────────────────┴────┴────┴────┴────┘
# 9.741124559055462 x100 total penalty per letter
# 35.6498949859966 x10 billion total penalty compared to notime-noeffort
# 7.728123877557354 mean key position cost in file 1gramme.txt ( 56.5657082 )
# 10.30956673781346 % finger repeats in file 2gramme.txt ( 49.768474484580665 )
# 12.175094216616165 million keystrokes disbalance of the fingers ( 24.35018843323233 )
# 0.40330854185469694 % finger repeats top to bottom or vice versa ( 9.734672360715505 )
# 2.555943368282966 % of trigrams have no handswitching (after direction change counted x 1 ) ( 11.30574152477438 )
# 8.503043893510974 billion (rows²/dist)² to cross ( 110.53957061564266 )
# 0.03585132475427394 hand disbalance. Left: 0.46414867524572606 %, Right: 0.535851324754274 % ( 1.0496496209243877 )
# 0.7319461889614385 badly positioned shortcut keys (weighted).
# 12.719943943162766 no handswitching after unbalancing key (weighted).
# 31.313916856103845 movement pattern cost (weighted).
# 0.8545738854375289 asymmetric bigram cost (weighted).
# 5.156538666074463 irregularity cost (weighted).
# 20.347104732757163 manually assigned bigram penalty (weighted)
# 12.787061684372302 unbalancing key after neighboring finger (weighted)
# 0.8545738854375289 asymmetrc bigrams (weighted)
# 9.273858663226633 inconsistent symmetries of similar keys (weighted)
# 5.156538666074463 irregularity cost for randomly sampled words (weighted).
# Finger load %: 11.2 8.7 8.1 11.2 - 12.2 11.1 12.5 9.5
 
