
# Evolved Layout
üklpö qfouyjß
hsrnm wteia⇘
gzxbä cd,.v
┌───┬───┬───┬───┬───┬───┬───┬───┬───┬───┬───┬───┬───┬──────┐
│ ^ │ 1 │ 2 │ 3 │ 4 │ 5 │ 6 │ 7 │ 8 │ 9 │ 0 │ - │ ` │ ←    │
├───┴─┬─┴─┬─┴─┬─┴─┬─┴─┬─┴─┬─┴─┬─┴─┬─┴─┬─┴─┬─┴─┬─┴─┬─┴─┬────┤
│   ⇥ │ ü │ k │ l │ p │ ö │ q │ f │ o │ u │ y │ j │ ß │ Ret│
├─────┴┬──┴┬──┴┬──┴┬──┴┬──┴┬──┴┬──┴┬──┴┬──┴┬──┴┬──┴┬──┴┐   │
│    ⇩ │ h │ s │ r │ n │ m │ w │ t │ e │ i │ a │ ⇘ │ ´ │   │
├────┬─┴─┬─┴─┬─┴─┬─┴─┬─┴─┬─┴─┬─┴─┬─┴─┬─┴─┬─┴─┬─┴─┬─┴───┴───┤
│  ⇧ │ ⇚ │ g │ z │ x │ b │ ä │ c │ d │ , │ . │ v │ ⇗       │
├────┼───┴┬──┴─┬─┴───┴───┴───┴───┴───┴─┬─┴──┬┴───┼────┬────┤
│Strg│ Fe │ Alt│      Leerzeichen      │ M4 │ Fe │ Me │Strg│
└────┴────┴────┴───────────────────────┴────┴────┴────┴────┘
# 9.390683302592057 x100 total penalty per letter
# 34.36737427538036 x10 billion total penalty compared to notime-noeffort
# 7.250018605233248 mean key position cost in file 1gramme.txt ( 53.06623488 )
# 10.949926608319894 % finger repeats in file 2gramme.txt ( 52.85975219650982 )
# 12.298900554838266 million keystrokes disbalance of the fingers ( 24.59780110967653 )
# 0.34378720165114984 % finger repeats top to bottom or vice versa ( 8.298003693378012 )
# 3.473242848100622 % of trigrams have no handswitching (after direction change counted x 1 ) ( 15.363245673074537 )
# 8.065174600799315 billion (rows²/dist)² to cross ( 104.84726981039108 )
# 0.06478504962370074 hand disbalance. Left: 0.43521495037629926 %, Right: 0.5647850496237007 % ( 1.8967668069498174 )
# 0.7319461889614385 badly positioned shortcut keys (weighted).
# 10.27161056535707 no handswitching after unbalancing key (weighted).
# 27.858972227842052 movement pattern cost (weighted).
# 0.8697802981054784 asymmetric bigram cost (weighted).
# 3.019758545907796 irregularity cost (weighted).
# 17.54661022600221 manually assigned bigram penalty (weighted)
# 11.733701746089269 unbalancing key after neighboring finger (weighted)
# 0.8697802981054784 asymmetrc bigrams (weighted)
# 10.712288785558473 inconsistent symmetries of similar keys (weighted)
# 3.019758545907796 irregularity cost for randomly sampled words (weighted).
# Finger load %: 10.9 6.5 8.0 11.3 - 13.9 14.7 9.4 9.7
 
