
# Evolved Layout
öäfpz xgliüjß
aesnm btruh⇘
oykcq wd,.v
┌───┬───┬───┬───┬───┬───┬───┬───┬───┬───┬───┬───┬───┬──────┐
│ ^ │ 1 │ 2 │ 3 │ 4 │ 5 │ 6 │ 7 │ 8 │ 9 │ 0 │ - │ ` │ ←    │
├───┴─┬─┴─┬─┴─┬─┴─┬─┴─┬─┴─┬─┴─┬─┴─┬─┴─┬─┴─┬─┴─┬─┴─┬─┴─┬────┤
│   ⇥ │ ö │ ä │ f │ p │ z │ x │ g │ l │ i │ ü │ j │ ß │ Ret│
├─────┴┬──┴┬──┴┬──┴┬──┴┬──┴┬──┴┬──┴┬──┴┬──┴┬──┴┬──┴┬──┴┐   │
│    ⇩ │ a │ e │ s │ n │ m │ b │ t │ r │ u │ h │ ⇘ │ ´ │   │
├────┬─┴─┬─┴─┬─┴─┬─┴─┬─┴─┬─┴─┬─┴─┬─┴─┬─┴─┬─┴─┬─┴─┬─┴───┴───┤
│  ⇧ │ ⇚ │ o │ y │ k │ c │ q │ w │ d │ , │ . │ v │ ⇗       │
├────┼───┴┬──┴─┬─┴───┴───┴───┴───┴───┴─┬─┴──┬┴───┼────┬────┤
│Strg│ Fe │ Alt│      Leerzeichen      │ M4 │ Fe │ Me │Strg│
└────┴────┴────┴───────────────────────┴────┴────┴────┴────┘
# 9.51292666522291 x100 total penalty per letter
# 34.814752092397775 x10 billion total penalty compared to notime-noeffort
# 7.629560541771203 mean key position cost in file 1gramme.txt ( 55.84427762 )
# 7.8085992060322855 % finger repeats in file 2gramme.txt ( 37.69528635188378 )
# 13.142595992007795 million keystrokes disbalance of the fingers ( 26.28519198401559 )
# 0.3625781605582925 % finger repeats top to bottom or vice versa ( 8.751561724813426 )
# 4.610665921432659 % of trigrams have no handswitching (after direction change counted x 1 ) ( 20.394425718368424 )
# 8.290309653749391 billion (rows²/dist)² to cross ( 107.77402549874208 )
# 0.018522834871086413 hand disbalance. Left: 0.5185228348710864 %, Right: 0.4814771651289136 % ( 0.5423087357061496 )
# 1.463892377922877 badly positioned shortcut keys (weighted).
# 12.367159839987574 no handswitching after unbalancing key (weighted).
# 29.679879542604986 movement pattern cost (weighted).
# 0.9056938345276654 asymmetric bigram cost (weighted).
# 6.106559488595437 irregularity cost (weighted).
# 16.815396653877272 manually assigned bigram penalty (weighted)
# 11.69617900831935 unbalancing key after neighboring finger (weighted)
# 0.9056938345276654 asymmetrc bigrams (weighted)
# 11.825682544613139 inconsistent symmetries of similar keys (weighted)
# 6.106559488595437 irregularity cost for randomly sampled words (weighted).
# Finger load %: 12.7 11.7 7.1 12.4 - 13.8 9.1 9.4 8.4
 
