
# Evolved Layout
ßoivy wglmkqj
ceahu btnrs⇘
zxüöä pd,.f
┌───┬───┬───┬───┬───┬───┬───┬───┬───┬───┬───┬───┬───┬──────┐
│ ^ │ 1 │ 2 │ 3 │ 4 │ 5 │ 6 │ 7 │ 8 │ 9 │ 0 │ - │ ` │ ←    │
├───┴─┬─┴─┬─┴─┬─┴─┬─┴─┬─┴─┬─┴─┬─┴─┬─┴─┬─┴─┬─┴─┬─┴─┬─┴─┬────┤
│   ⇥ │ ß │ o │ i │ v │ y │ w │ g │ l │ m │ k │ q │ j │ Ret│
├─────┴┬──┴┬──┴┬──┴┬──┴┬──┴┬──┴┬──┴┬──┴┬──┴┬──┴┬──┴┬──┴┐   │
│    ⇩ │ c │ e │ a │ h │ u │ b │ t │ n │ r │ s │ ⇘ │ ´ │   │
├────┬─┴─┬─┴─┬─┴─┬─┴─┬─┴─┬─┴─┬─┴─┬─┴─┬─┴─┬─┴─┬─┴─┬─┴───┴───┤
│  ⇧ │ ⇚ │ z │ x │ ü │ ö │ ä │ p │ d │ , │ . │ f │ ⇗       │
├────┼───┴┬──┴─┬─┴───┴───┴───┴───┴───┴─┬─┴──┬┴───┼────┬────┤
│Strg│ Fe │ Alt│      Leerzeichen      │ M4 │ Fe │ Me │Strg│
└────┴────┴────┴───────────────────────┴────┴────┴────┴────┘
# 9.699848257493535 x100 total penalty per letter
# 35.498834827883215 x10 billion total penalty compared to notime-noeffort
# 7.342016532151272 mean key position cost in file 1gramme.txt ( 53.7396102 )
# 11.36068030956156 % finger repeats in file 2gramme.txt ( 54.84262748308357 )
# 12.007981567781885 million keystrokes disbalance of the fingers ( 24.01596313556377 )
# 0.3561575311335934 % finger repeats top to bottom or vice versa ( 8.596586768142327 )
# 3.4495099540259058 % of trigrams have no handswitching (after direction change counted x 1 ) ( 15.258267617076433 )
# 8.192583941680063 billion (rows²/dist)² to cross ( 106.50359124184081 )
# 0.020308817243629873 hand disbalance. Left: 0.4796911827563701 %, Right: 0.5203088172436299 % ( 0.5945984553515693 )
# 0.0 badly positioned shortcut keys (weighted).
# 16.55581244380061 no handswitching after unbalancing key (weighted).
# 28.874150408516194 movement pattern cost (weighted).
# 0.8541082195790194 asymmetric bigram cost (weighted).
# 4.21955918506734 irregularity cost (weighted).
# 19.01890556949288 manually assigned bigram penalty (weighted)
# 13.390201337375238 unbalancing key after neighboring finger (weighted)
# 0.8541082195790194 asymmetrc bigrams (weighted)
# 8.524366213942406 inconsistent symmetries of similar keys (weighted)
# 4.21955918506734 irregularity cost for randomly sampled words (weighted).
# Finger load %: 9.0 13.9 10.2 7.4 - 14.6 10.5 8.4 10.5
 
