
# Evolved Layout
ßdlpj üäofkxq
mtrnb yeais⇘
hgzcv öu,.w
┌───┬───┬───┬───┬───┬───┬───┬───┬───┬───┬───┬───┬───┬──────┐
│ ^ │ 1 │ 2 │ 3 │ 4 │ 5 │ 6 │ 7 │ 8 │ 9 │ 0 │ - │ ` │ ←    │
├───┴─┬─┴─┬─┴─┬─┴─┬─┴─┬─┴─┬─┴─┬─┴─┬─┴─┬─┴─┬─┴─┬─┴─┬─┴─┬────┤
│   ⇥ │ ß │ d │ l │ p │ j │ ü │ ä │ o │ f │ k │ x │ q │ Ret│
├─────┴┬──┴┬──┴┬──┴┬──┴┬──┴┬──┴┬──┴┬──┴┬──┴┬──┴┬──┴┬──┴┐   │
│    ⇩ │ m │ t │ r │ n │ b │ y │ e │ a │ i │ s │ ⇘ │ ´ │   │
├────┬─┴─┬─┴─┬─┴─┬─┴─┬─┴─┬─┴─┬─┴─┬─┴─┬─┴─┬─┴─┬─┴─┬─┴───┴───┤
│  ⇧ │ ⇚ │ h │ g │ z │ c │ v │ ö │ u │ , │ . │ w │ ⇗       │
├────┼───┴┬──┴─┬─┴───┴───┴───┴───┴───┴─┬─┴──┬┴───┼────┬────┤
│Strg│ Fe │ Alt│      Leerzeichen      │ M4 │ Fe │ Me │Strg│
└────┴────┴────┴───────────────────────┴────┴────┴────┴────┘
# 10.106195517928079 x100 total penalty per letter
# 36.985956471233145 x10 billion total penalty compared to notime-noeffort
# 7.866452874315521 mean key position cost in file 1gramme.txt ( 57.57820202 )
# 10.955380894622898 % finger repeats in file 2gramme.txt ( 52.88608225630826 )
# 12.725928198095279 million keystrokes disbalance of the fingers ( 25.45185639619056 )
# 0.3807287233799109 % finger repeats top to bottom or vice versa ( 9.18966249356604 )
# 2.0147814071238126 % of trigrams have no handswitching (after direction change counted x 1 ) ( 8.912011940689153 )
# 8.825662739192625 billion (rows²/dist)² to cross ( 114.73361560950411 )
# 0.011282979068083954 hand disbalance. Left: 0.48871702093191605 %, Right: 0.511282979068084 % ( 0.33034134116062935 )
# 1.0979192834421578 badly positioned shortcut keys (weighted).
# 10.815367182992789 no handswitching after unbalancing key (weighted).
# 29.927920660775733 movement pattern cost (weighted).
# 0.8653378955694465 asymmetric bigram cost (weighted).
# 10.552259189799443 irregularity cost (weighted).
# 21.981921069895755 manually assigned bigram penalty (weighted)
# 11.040346820633957 unbalancing key after neighboring finger (weighted)
# 0.8653378955694465 asymmetrc bigrams (weighted)
# 14.49672055180334 inconsistent symmetries of similar keys (weighted)
# 10.552259189799443 irregularity cost for randomly sampled words (weighted).
# Finger load %: 10.4 10.3 8.5 12.0 - 15.4 8.4 8.3 11.1
 
