
# Evolved Layout
öplüß zfamkjq
utneä ghirs⇘
cvxoy bd,.w
┌───┬───┬───┬───┬───┬───┬───┬───┬───┬───┬───┬───┬───┬──────┐
│ ^ │ 1 │ 2 │ 3 │ 4 │ 5 │ 6 │ 7 │ 8 │ 9 │ 0 │ - │ ` │ ←    │
├───┴─┬─┴─┬─┴─┬─┴─┬─┴─┬─┴─┬─┴─┬─┴─┬─┴─┬─┴─┬─┴─┬─┴─┬─┴─┬────┤
│   ⇥ │ ö │ p │ l │ ü │ ß │ z │ f │ a │ m │ k │ j │ q │ Ret│
├─────┴┬──┴┬──┴┬──┴┬──┴┬──┴┬──┴┬──┴┬──┴┬──┴┬──┴┬──┴┬──┴┐   │
│    ⇩ │ u │ t │ n │ e │ ä │ g │ h │ i │ r │ s │ ⇘ │ ´ │   │
├────┬─┴─┬─┴─┬─┴─┬─┴─┬─┴─┬─┴─┬─┴─┬─┴─┬─┴─┬─┴─┬─┴─┬─┴───┴───┤
│  ⇧ │ ⇚ │ c │ v │ x │ o │ y │ b │ d │ , │ . │ w │ ⇗       │
├────┼───┴┬──┴─┬─┴───┴───┴───┴───┴───┴─┬─┴──┬┴───┼────┬────┤
│Strg│ Fe │ Alt│      Leerzeichen      │ M4 │ Fe │ Me │Strg│
└────┴────┴────┴───────────────────────┴────┴────┴────┴────┘
# 9.500122661896778 x100 total penalty per letter
# 34.76789288520772 x10 billion total penalty compared to notime-noeffort
# 7.4454300851440145 mean key position cost in file 1gramme.txt ( 54.49654176 )
# 10.055764400195757 % finger repeats in file 2gramme.txt ( 48.54326730710305 )
# 12.424644629846183 million keystrokes disbalance of the fingers ( 24.849289259692366 )
# 0.35504503703561013 % finger repeats top to bottom or vice versa ( 8.569734459244296 )
# 4.422684956251329 % of trigrams have no handswitching (after direction change counted x 1 ) ( 19.562926777394065 )
# 7.812391981453068 billion (rows²/dist)² to cross ( 101.56109575888988 )
# 0.0034769970647994253 hand disbalance. Left: 0.4965230029352006 %, Right: 0.5034769970647994 % ( 0.10179899002440189 )
# 0.36597309448071924 badly positioned shortcut keys (weighted).
# 10.309725236520542 no handswitching after unbalancing key (weighted).
# 28.65931950582461 movement pattern cost (weighted).
# 0.8867725296313641 asymmetric bigram cost (weighted).
# 3.6814277843252747 irregularity cost (weighted).
# 20.516129875505825 manually assigned bigram penalty (weighted)
# 11.50926018200248 unbalancing key after neighboring finger (weighted)
# 0.8867725296313641 asymmetrc bigrams (weighted)
# 14.065666331438347 inconsistent symmetries of similar keys (weighted)
# 3.6814277843252747 irregularity cost for randomly sampled words (weighted).
# Finger load %: 11.0 6.7 9.4 14.8 - 12.8 11.1 8.4 10.2
 
