
# Evolved Layout
ßlopj xfidkvq
arenü gsuth⇘
yzäcö bm,.w
┌───┬───┬───┬───┬───┬───┬───┬───┬───┬───┬───┬───┬───┬──────┐
│ ^ │ 1 │ 2 │ 3 │ 4 │ 5 │ 6 │ 7 │ 8 │ 9 │ 0 │ - │ ` │ ←    │
├───┴─┬─┴─┬─┴─┬─┴─┬─┴─┬─┴─┬─┴─┬─┴─┬─┴─┬─┴─┬─┴─┬─┴─┬─┴─┬────┤
│   ⇥ │ ß │ l │ o │ p │ j │ x │ f │ i │ d │ k │ v │ q │ Ret│
├─────┴┬──┴┬──┴┬──┴┬──┴┬──┴┬──┴┬──┴┬──┴┬──┴┬──┴┬──┴┬──┴┐   │
│    ⇩ │ a │ r │ e │ n │ ü │ g │ s │ u │ t │ h │ ⇘ │ ´ │   │
├────┬─┴─┬─┴─┬─┴─┬─┴─┬─┴─┬─┴─┬─┴─┬─┴─┬─┴─┬─┴─┬─┴─┬─┴───┴───┤
│  ⇧ │ ⇚ │ y │ z │ ä │ c │ ö │ b │ m │ , │ . │ w │ ⇗       │
├────┼───┴┬──┴─┬─┴───┴───┴───┴───┴───┴─┬─┴──┬┴───┼────┬────┤
│Strg│ Fe │ Alt│      Leerzeichen      │ M4 │ Fe │ Me │Strg│
└────┴────┴────┴───────────────────────┴────┴────┴────┴────┘
# 10.01145045514658 x100 total penalty per letter
# 36.639215033103994 x10 billion total penalty compared to notime-noeffort
# 7.294038663655463 mean key position cost in file 1gramme.txt ( 53.38843802 )
# 9.65922162397859 % finger repeats in file 2gramme.txt ( 46.628993939258834 )
# 11.666344541487977 million keystrokes disbalance of the fingers ( 23.332689082975953 )
# 0.39599970441519994 % finger repeats top to bottom or vice versa ( 9.558258696169647 )
# 3.7715995787247456 % of trigrams have no handswitching (after direction change counted x 1 ) ( 16.68297134480532 )
# 7.943063795280519 billion (rows²/dist)² to cross ( 103.25982933864675 )
# 0.018796495762986476 hand disbalance. Left: 0.5187964957629865 %, Right: 0.4812035042370135 % ( 0.5503209375819111 )
# 1.0979192834421578 badly positioned shortcut keys (weighted).
# 10.199441979405652 no handswitching after unbalancing key (weighted).
# 46.77477439948369 movement pattern cost (weighted).
# 0.8968425331376092 asymmetric bigram cost (weighted).
# 9.710850109137413 irregularity cost (weighted).
# 17.39118841923024 manually assigned bigram penalty (weighted)
# 10.234989124345367 unbalancing key after neighboring finger (weighted)
# 0.8968425331376092 asymmetrc bigrams (weighted)
# 16.684643123419406 inconsistent symmetries of similar keys (weighted)
# 9.710850109137413 irregularity cost for randomly sampled words (weighted).
# Finger load %: 10.9 8.7 13.8 10.4 - 12.5 9.2 9.5 9.4
 
