
# Evolved Layout
ßlpvj qfoaäöx
crntk mseih⇘
gzüdy wb,.u
┌───┬───┬───┬───┬───┬───┬───┬───┬───┬───┬───┬───┬───┬──────┐
│ ^ │ 1 │ 2 │ 3 │ 4 │ 5 │ 6 │ 7 │ 8 │ 9 │ 0 │ - │ ` │ ←    │
├───┴─┬─┴─┬─┴─┬─┴─┬─┴─┬─┴─┬─┴─┬─┴─┬─┴─┬─┴─┬─┴─┬─┴─┬─┴─┬────┤
│   ⇥ │ ß │ l │ p │ v │ j │ q │ f │ o │ a │ ä │ ö │ x │ Ret│
├─────┴┬──┴┬──┴┬──┴┬──┴┬──┴┬──┴┬──┴┬──┴┬──┴┬──┴┬──┴┬──┴┐   │
│    ⇩ │ c │ r │ n │ t │ k │ m │ s │ e │ i │ h │ ⇘ │ ´ │   │
├────┬─┴─┬─┴─┬─┴─┬─┴─┬─┴─┬─┴─┬─┴─┬─┴─┬─┴─┬─┴─┬─┴─┬─┴───┴───┤
│  ⇧ │ ⇚ │ g │ z │ ü │ d │ y │ w │ b │ , │ . │ u │ ⇗       │
├────┼───┴┬──┴─┬─┴───┴───┴───┴───┴───┴─┬─┴──┬┴───┼────┬────┤
│Strg│ Fe │ Alt│      Leerzeichen      │ M4 │ Fe │ Me │Strg│
└────┴────┴────┴───────────────────────┴────┴────┴────┴────┘
# 9.701002567246793 x100 total penalty per letter
# 35.503059291007105 x10 billion total penalty compared to notime-noeffort
# 7.659913868743946 mean key position cost in file 1gramme.txt ( 56.06644764 )
# 10.05197838497665 % finger repeats in file 2gramme.txt ( 48.52499067078823 )
# 11.58097000613857 million keystrokes disbalance of the fingers ( 23.16194001227714 )
# 0.37923150809597356 % finger repeats top to bottom or vice versa ( 9.15352415596585 )
# 3.2267500120305135 % of trigrams have no handswitching (after direction change counted x 1 ) ( 14.272930321451804 )
# 8.224946034686102 billion (rows²/dist)² to cross ( 106.92429845091934 )
# 0.06232464393120174 hand disbalance. Left: 0.43767535606879826 %, Right: 0.5623246439312017 % ( 1.8247314241528705 )
# 0.36597309448071924 badly positioned shortcut keys (weighted).
# 11.106393910779717 no handswitching after unbalancing key (weighted).
# 34.36495825488278 movement pattern cost (weighted).
# 0.8568884607476979 asymmetric bigram cost (weighted).
# 5.9273617151771925 irregularity cost (weighted).
# 18.128557184004826 manually assigned bigram penalty (weighted)
# 12.889816379600134 unbalancing key after neighboring finger (weighted)
# 0.8568884607476979 asymmetrc bigrams (weighted)
# 11.461781234842698 inconsistent symmetries of similar keys (weighted)
# 5.9273617151771925 irregularity cost for randomly sampled words (weighted).
# Finger load %: 9.9 8.7 7.8 10.5 - 11.5 14.7 11.3 10.0
 
