
# Evolved Layout
ökocß vfaläxj
usenp gtirh⇘
yzübq wd,.m
┌───┬───┬───┬───┬───┬───┬───┬───┬───┬───┬───┬───┬───┬──────┐
│ ^ │ 1 │ 2 │ 3 │ 4 │ 5 │ 6 │ 7 │ 8 │ 9 │ 0 │ - │ ` │ ←    │
├───┴─┬─┴─┬─┴─┬─┴─┬─┴─┬─┴─┬─┴─┬─┴─┬─┴─┬─┴─┬─┴─┬─┴─┬─┴─┬────┤
│   ⇥ │ ö │ k │ o │ c │ ß │ v │ f │ a │ l │ ä │ x │ j │ Ret│
├─────┴┬──┴┬──┴┬──┴┬──┴┬──┴┬──┴┬──┴┬──┴┬──┴┬──┴┬──┴┬──┴┐   │
│    ⇩ │ u │ s │ e │ n │ p │ g │ t │ i │ r │ h │ ⇘ │ ´ │   │
├────┬─┴─┬─┴─┬─┴─┬─┴─┬─┴─┬─┴─┬─┴─┬─┴─┬─┴─┬─┴─┬─┴─┬─┴───┴───┤
│  ⇧ │ ⇚ │ y │ z │ ü │ b │ q │ w │ d │ , │ . │ m │ ⇗       │
├────┼───┴┬──┴─┬─┴───┴───┴───┴───┴───┴─┬─┴──┬┴───┼────┬────┤
│Strg│ Fe │ Alt│      Leerzeichen      │ M4 │ Fe │ Me │Strg│
└────┴────┴────┴───────────────────────┴────┴────┴────┴────┘
# 9.610342613978595 x100 total penalty per letter
# 35.17126825457672 x10 billion total penalty compared to notime-noeffort
# 7.27221080220752 mean key position cost in file 1gramme.txt ( 53.22866982 )
# 10.040304762580925 % finger repeats in file 2gramme.txt ( 48.46863734449244 )
# 10.456059383437875 million keystrokes disbalance of the fingers ( 20.91211876687575 )
# 0.37336366843140817 % finger repeats top to bottom or vice versa ( 9.011891905041855 )
# 4.536674528074871 % of trigrams have no handswitching (after direction change counted x 1 ) ( 20.067138510544634 )
# 8.033790550351734 billion (rows²/dist)² to cross ( 104.43927715457252 )
# 0.02083013791161159 hand disbalance. Left: 0.4791698620883884 %, Right: 0.5208301379116116 % ( 0.6098616023978113 )
# 0.7319461889614385 badly positioned shortcut keys (weighted).
# 11.07710070034252 no handswitching after unbalancing key (weighted).
# 33.41924917102597 movement pattern cost (weighted).
# 0.8928799719609272 asymmetric bigram cost (weighted).
# 7.588786487504072 irregularity cost (weighted).
# 16.43325881950788 manually assigned bigram penalty (weighted)
# 12.98449372818282 unbalancing key after neighboring finger (weighted)
# 0.8928799719609272 asymmetrc bigrams (weighted)
# 11.847372374356487 inconsistent symmetries of similar keys (weighted)
# 7.588786487504072 irregularity cost for randomly sampled words (weighted).
# Finger load %: 8.8 6.5 13.8 11.3 - 14.3 11.1 9.3 9.3
 
