
# Evolved Layout
älmgj övüokxß
rnstd pieah⇘
yzfcq ub,.w
┌───┬───┬───┬───┬───┬───┬───┬───┬───┬───┬───┬───┬───┬──────┐
│ ^ │ 1 │ 2 │ 3 │ 4 │ 5 │ 6 │ 7 │ 8 │ 9 │ 0 │ - │ ` │ ←    │
├───┴─┬─┴─┬─┴─┬─┴─┬─┴─┬─┴─┬─┴─┬─┴─┬─┴─┬─┴─┬─┴─┬─┴─┬─┴─┬────┤
│   ⇥ │ ä │ l │ m │ g │ j │ ö │ v │ ü │ o │ k │ x │ ß │ Ret│
├─────┴┬──┴┬──┴┬──┴┬──┴┬──┴┬──┴┬──┴┬──┴┬──┴┬──┴┬──┴┬──┴┐   │
│    ⇩ │ r │ n │ s │ t │ d │ p │ i │ e │ a │ h │ ⇘ │ ´ │   │
├────┬─┴─┬─┴─┬─┴─┬─┴─┬─┴─┬─┴─┬─┴─┬─┴─┬─┴─┬─┴─┬─┴─┬─┴───┴───┤
│  ⇧ │ ⇚ │ y │ z │ f │ c │ q │ u │ b │ , │ . │ w │ ⇗       │
├────┼───┴┬──┴─┬─┴───┴───┴───┴───┴───┴─┬─┴──┬┴───┼────┬────┤
│Strg│ Fe │ Alt│      Leerzeichen      │ M4 │ Fe │ Me │Strg│
└────┴────┴────┴───────────────────────┴────┴────┴────┴────┘
# 9.956407486443785 x100 total penalty per letter
# 36.437772577248325 x10 billion total penalty compared to notime-noeffort
# 7.398656469110057 mean key position cost in file 1gramme.txt ( 54.15418406 )
# 11.24246993036366 % finger repeats in file 2gramme.txt ( 54.27197787281962 )
# 11.854837894828536 million keystrokes disbalance of the fingers ( 23.70967578965707 )
# 0.3125589123696075 % finger repeats top to bottom or vice versa ( 7.544245384309066 )
# 1.9050726722622708 % of trigrams have no handswitching (after direction change counted x 1 ) ( 8.426735696017177 )
# 8.940933936686294 billion (rows²/dist)² to cross ( 116.23214117692183 )
# 0.0050742243530267905 hand disbalance. Left: 0.4949257756469732 %, Right: 0.5050742243530267 % ( 0.14856236708533124 )
# 1.0979192834421578 badly positioned shortcut keys (weighted).
# 12.100676047591326 no handswitching after unbalancing key (weighted).
# 23.187240052300723 movement pattern cost (weighted).
# 0.8742222670082157 asymmetric bigram cost (weighted).
# 13.990265274358366 irregularity cost (weighted).
# 17.31707789738697 manually assigned bigram penalty (weighted)
# 12.820548357983322 unbalancing key after neighboring finger (weighted)
# 0.8742222670082157 asymmetrc bigrams (weighted)
# 18.502254245602064 inconsistent symmetries of similar keys (weighted)
# 13.990265274358366 irregularity cost for randomly sampled words (weighted).
# Finger load %: 11.1 10.1 8.0 12.7 - 12.1 12.3 8.6 9.6
 
