
# Evolved Layout
älokö vduizjß
rnesm fthap⇘
xqügy wc,.b
┌───┬───┬───┬───┬───┬───┬───┬───┬───┬───┬───┬───┬───┬──────┐
│ ^ │ 1 │ 2 │ 3 │ 4 │ 5 │ 6 │ 7 │ 8 │ 9 │ 0 │ - │ ` │ ←    │
├───┴─┬─┴─┬─┴─┬─┴─┬─┴─┬─┴─┬─┴─┬─┴─┬─┴─┬─┴─┬─┴─┬─┴─┬─┴─┬────┤
│   ⇥ │ ä │ l │ o │ k │ ö │ v │ d │ u │ i │ z │ j │ ß │ Ret│
├─────┴┬──┴┬──┴┬──┴┬──┴┬──┴┬──┴┬──┴┬──┴┬──┴┬──┴┬──┴┬──┴┐   │
│    ⇩ │ r │ n │ e │ s │ m │ f │ t │ h │ a │ p │ ⇘ │ ´ │   │
├────┬─┴─┬─┴─┬─┴─┬─┴─┬─┴─┬─┴─┬─┴─┬─┴─┬─┴─┬─┴─┬─┴─┬─┴───┴───┤
│  ⇧ │ ⇚ │ x │ q │ ü │ g │ y │ w │ c │ , │ . │ b │ ⇗       │
├────┼───┴┬──┴─┬─┴───┴───┴───┴───┴───┴─┬─┴──┬┴───┼────┬────┤
│Strg│ Fe │ Alt│      Leerzeichen      │ M4 │ Fe │ Me │Strg│
└────┴────┴────┴───────────────────────┴────┴────┴────┴────┘
# 10.199568156168212 x100 total penalty per letter
# 37.327675204798844 x10 billion total penalty compared to notime-noeffort
# 7.511141647995712 mean key position cost in file 1gramme.txt ( 54.97751504 )
# 12.158013784093924 % finger repeats in file 2gramme.txt ( 58.69168066758063 )
# 11.513990097474096 million keystrokes disbalance of the fingers ( 23.027980194948192 )
# 0.4060767073232256 % finger repeats top to bottom or vice versa ( 9.801487667310427 )
# 5.037980767233666 % of trigrams have no handswitching (after direction change counted x 1 ) ( 22.28457369906115 )
# 7.9168607455073 billion (rows²/dist)² to cross ( 102.91918969159491 )
# 0.03008311132472885 hand disbalance. Left: 0.5300831113247289 %, Right: 0.46991688867527115 % ( 0.880768747449519 )
# 1.0979192834421578 badly positioned shortcut keys (weighted).
# 11.956057485865514 no handswitching after unbalancing key (weighted).
# 41.04367393759386 movement pattern cost (weighted).
# 0.8765009629111497 asymmetric bigram cost (weighted).
# 3.654696486413255 irregularity cost (weighted).
# 16.27445482332547 manually assigned bigram penalty (weighted)
# 12.911731833061014 unbalancing key after neighboring finger (weighted)
# 0.8765009629111497 asymmetrc bigrams (weighted)
# 12.878521527431186 inconsistent symmetries of similar keys (weighted)
# 3.654696486413255 irregularity cost for randomly sampled words (weighted).
# Finger load %: 11.2 9.5 13.8 10.3 - 14.5 6.9 11.3 6.9
 
