
# Evolved Layout
ähocö xbamzßj
luenp gtisr⇘
vküfq wd,.y
┌───┬───┬───┬───┬───┬───┬───┬───┬───┬───┬───┬───┬───┬──────┐
│ ^ │ 1 │ 2 │ 3 │ 4 │ 5 │ 6 │ 7 │ 8 │ 9 │ 0 │ - │ ` │ ←    │
├───┴─┬─┴─┬─┴─┬─┴─┬─┴─┬─┴─┬─┴─┬─┴─┬─┴─┬─┴─┬─┴─┬─┴─┬─┴─┬────┤
│   ⇥ │ ä │ h │ o │ c │ ö │ x │ b │ a │ m │ z │ ß │ j │ Ret│
├─────┴┬──┴┬──┴┬──┴┬──┴┬──┴┬──┴┬──┴┬──┴┬──┴┬──┴┬──┴┬──┴┐   │
│    ⇩ │ l │ u │ e │ n │ p │ g │ t │ i │ s │ r │ ⇘ │ ´ │   │
├────┬─┴─┬─┴─┬─┴─┬─┴─┬─┴─┬─┴─┬─┴─┬─┴─┬─┴─┬─┴─┬─┴─┬─┴───┴───┤
│  ⇧ │ ⇚ │ v │ k │ ü │ f │ q │ w │ d │ , │ . │ y │ ⇗       │
├────┼───┴┬──┴─┬─┴───┴───┴───┴───┴───┴─┬─┴──┬┴───┼────┬────┤
│Strg│ Fe │ Alt│      Leerzeichen      │ M4 │ Fe │ Me │Strg│
└────┴────┴────┴───────────────────────┴────┴────┴────┴────┘
# 9.613797688738343 x100 total penalty per letter
# 35.183912898591586 x10 billion total penalty compared to notime-noeffort
# 7.281582324463456 mean key position cost in file 1gramme.txt ( 53.29726432 )
# 10.696666697653987 % finger repeats in file 2gramme.txt ( 51.63716353468826 )
# 11.123121143980269 million keystrokes disbalance of the fingers ( 22.246242287960538 )
# 0.3404700341194016 % finger repeats top to bottom or vice versa ( 8.217937104808692 )
# 4.845332824730169 % of trigrams have no handswitching (after direction change counted x 1 ) ( 21.432431249329447 )
# 7.570441720527135 billion (rows²/dist)² to cross ( 98.41574236685275 )
# 0.005578761845799529 hand disbalance. Left: 0.49442123815420047 %, Right: 0.5055787618457995 % ( 0.16333413888625783 )
# 0.7319461889614385 badly positioned shortcut keys (weighted).
# 11.294595240372352 no handswitching after unbalancing key (weighted).
# 29.412901812703936 movement pattern cost (weighted).
# 0.8900221286912839 asymmetric bigram cost (weighted).
# 4.800117704418668 irregularity cost (weighted).
# 19.551653601141616 manually assigned bigram penalty (weighted)
# 12.047076725991948 unbalancing key after neighboring finger (weighted)
# 0.8900221286912839 asymmetrc bigrams (weighted)
# 17.70070058110869 inconsistent symmetries of similar keys (weighted)
# 4.800117704418668 irregularity cost for randomly sampled words (weighted).
# Finger load %: 9.6 6.9 13.8 11.4 - 13.8 11.1 8.0 9.8
 
