
# Evolved Layout
öoyzj vmdpkßx
iaerc fstnh⇘
uüälq wg,.b
┌───┬───┬───┬───┬───┬───┬───┬───┬───┬───┬───┬───┬───┬──────┐
│ ^ │ 1 │ 2 │ 3 │ 4 │ 5 │ 6 │ 7 │ 8 │ 9 │ 0 │ - │ ` │ ←    │
├───┴─┬─┴─┬─┴─┬─┴─┬─┴─┬─┴─┬─┴─┬─┴─┬─┴─┬─┴─┬─┴─┬─┴─┬─┴─┬────┤
│   ⇥ │ ö │ o │ y │ z │ j │ v │ m │ d │ p │ k │ ß │ x │ Ret│
├─────┴┬──┴┬──┴┬──┴┬──┴┬──┴┬──┴┬──┴┬──┴┬──┴┬──┴┬──┴┬──┴┐   │
│    ⇩ │ i │ a │ e │ r │ c │ f │ s │ t │ n │ h │ ⇘ │ ´ │   │
├────┬─┴─┬─┴─┬─┴─┬─┴─┬─┴─┬─┴─┬─┴─┬─┴─┬─┴─┬─┴─┬─┴─┬─┴───┴───┤
│  ⇧ │ ⇚ │ u │ ü │ ä │ l │ q │ w │ g │ , │ . │ b │ ⇗       │
├────┼───┴┬──┴─┬─┴───┴───┴───┴───┴───┴─┬─┴──┬┴───┼────┬────┤
│Strg│ Fe │ Alt│      Leerzeichen      │ M4 │ Fe │ Me │Strg│
└────┴────┴────┴───────────────────────┴────┴────┴────┴────┘
# 9.409422132982634 x100 total penalty per letter
# 34.435953352830246 x10 billion total penalty compared to notime-noeffort
# 7.491804972412931 mean key position cost in file 1gramme.txt ( 54.83598098 )
# 8.62799416680904 % finger repeats in file 2gramme.txt ( 41.65083930918107 )
# 14.263451602648226 million keystrokes disbalance of the fingers ( 28.526903205296453 )
# 0.35479055159099077 % finger repeats top to bottom or vice versa ( 8.563591935179351 )
# 2.887418805611143 % of trigrams have no handswitching (after direction change counted x 1 ) ( 12.771961654198243 )
# 8.13840454781289 billion (rows²/dist)² to cross ( 105.79925912156756 )
# 0.0249510193863276 hand disbalance. Left: 0.5249510193863276 %, Right: 0.47504898061367234 % ( 0.7305121420210182 )
# 1.0979192834421578 badly positioned shortcut keys (weighted).
# 11.871998597252501 no handswitching after unbalancing key (weighted).
# 25.024877890515647 movement pattern cost (weighted).
# 0.8745041958738426 asymmetric bigram cost (weighted).
# 12.950262578420018 irregularity cost (weighted).
# 19.133329916068437 manually assigned bigram penalty (weighted)
# 10.519333302160673 unbalancing key after neighboring finger (weighted)
# 0.8745041958738426 asymmetrc bigrams (weighted)
# 10.00825941712545 inconsistent symmetries of similar keys (weighted)
# 12.950262578420018 irregularity cost for randomly sampled words (weighted).
# Finger load %: 14.1 7.7 11.5 11.1 - 12.7 9.3 8.8 9.2
 
