
# Evolved Layout
äplkö qfouxjß
hnrsm cteia⇘
büzgy wd,.v
┌───┬───┬───┬───┬───┬───┬───┬───┬───┬───┬───┬───┬───┬──────┐
│ ^ │ 1 │ 2 │ 3 │ 4 │ 5 │ 6 │ 7 │ 8 │ 9 │ 0 │ - │ ` │ ←    │
├───┴─┬─┴─┬─┴─┬─┴─┬─┴─┬─┴─┬─┴─┬─┴─┬─┴─┬─┴─┬─┴─┬─┴─┬─┴─┬────┤
│   ⇥ │ ä │ p │ l │ k │ ö │ q │ f │ o │ u │ x │ j │ ß │ Ret│
├─────┴┬──┴┬──┴┬──┴┬──┴┬──┴┬──┴┬──┴┬──┴┬──┴┬──┴┬──┴┬──┴┐   │
│    ⇩ │ h │ n │ r │ s │ m │ c │ t │ e │ i │ a │ ⇘ │ ´ │   │
├────┬─┴─┬─┴─┬─┴─┬─┴─┬─┴─┬─┴─┬─┴─┬─┴─┬─┴─┬─┴─┬─┴─┬─┴───┴───┤
│  ⇧ │ ⇚ │ b │ ü │ z │ g │ y │ w │ d │ , │ . │ v │ ⇗       │
├────┼───┴┬──┴─┬─┴───┴───┴───┴───┴───┴─┬─┴──┬┴───┼────┬────┤
│Strg│ Fe │ Alt│      Leerzeichen      │ M4 │ Fe │ Me │Strg│
└────┴────┴────┴───────────────────────┴────┴────┴────┴────┘
# 9.292409274167742 x100 total penalty per letter
# 34.00771777248503 x10 billion total penalty compared to notime-noeffort
# 7.169139460163857 mean key position cost in file 1gramme.txt ( 52.47424306 )
# 10.488463080131062 % finger repeats in file 2gramme.txt ( 50.632079937112685 )
# 11.539629390952639 million keystrokes disbalance of the fingers ( 23.079258781905278 )
# 0.3513806962121197 % finger repeats top to bottom or vice versa ( 8.481288136806809 )
# 3.4916737066454333 % of trigrams have no handswitching (after direction change counted x 1 ) ( 15.444771158096255 )
# 7.8871018594049085 billion (rows²/dist)² to cross ( 102.53232417226381 )
# 0.06200423885954992 hand disbalance. Left: 0.4379957611404501 %, Right: 0.5620042388595499 % ( 1.8153506533080919 )
# 1.0979192834421578 badly positioned shortcut keys (weighted).
# 11.1274640846084 no handswitching after unbalancing key (weighted).
# 26.471259141186618 movement pattern cost (weighted).
# 0.8583079798599752 asymmetric bigram cost (weighted).
# 5.188568383856937 irregularity cost (weighted).
# 17.00906513788589 manually assigned bigram penalty (weighted)
# 12.485741185654662 unbalancing key after neighboring finger (weighted)
# 0.8583079798599752 asymmetrc bigrams (weighted)
# 11.37953662886273 inconsistent symmetries of similar keys (weighted)
# 5.188568383856937 irregularity cost for randomly sampled words (weighted).
# Finger load %: 10.2 7.9 8.5 10.3 - 13.9 14.7 9.4 9.5
 
