
# Evolved Layout
jktcö äüimfqß
rldnp yeush⇘
xgvbz oa,.w
┌───┬───┬───┬───┬───┬───┬───┬───┬───┬───┬───┬───┬───┬──────┐
│ ^ │ 1 │ 2 │ 3 │ 4 │ 5 │ 6 │ 7 │ 8 │ 9 │ 0 │ - │ ` │ ←    │
├───┴─┬─┴─┬─┴─┬─┴─┬─┴─┬─┴─┬─┴─┬─┴─┬─┴─┬─┴─┬─┴─┬─┴─┬─┴─┬────┤
│   ⇥ │ j │ k │ t │ c │ ö │ ä │ ü │ i │ m │ f │ q │ ß │ Ret│
├─────┴┬──┴┬──┴┬──┴┬──┴┬──┴┬──┴┬──┴┬──┴┬──┴┬──┴┬──┴┬──┴┐   │
│    ⇩ │ r │ l │ d │ n │ p │ y │ e │ u │ s │ h │ ⇘ │ ´ │   │
├────┬─┴─┬─┴─┬─┴─┬─┴─┬─┴─┬─┴─┬─┴─┬─┴─┬─┴─┬─┴─┬─┴─┬─┴───┴───┤
│  ⇧ │ ⇚ │ x │ g │ v │ b │ z │ o │ a │ , │ . │ w │ ⇗       │
├────┼───┴┬──┴─┬─┴───┴───┴───┴───┴───┴─┬─┴──┬┴───┼────┬────┤
│Strg│ Fe │ Alt│      Leerzeichen      │ M4 │ Fe │ Me │Strg│
└────┴────┴────┴───────────────────────┴────┴────┴────┴────┘
# 9.769290180139354 x100 total penalty per letter
# 35.75297358105703 x10 billion total penalty compared to notime-noeffort
# 7.721870950676903 mean key position cost in file 1gramme.txt ( 56.51994014 )
# 13.277844285326776 % finger repeats in file 2gramme.txt ( 64.0975582514802 )
# 13.27646120192973 million keystrokes disbalance of the fingers ( 26.55292240385946 )
# 0.3645361830856919 % finger repeats top to bottom or vice versa ( 8.79882258294323 )
# 2.847432957088074 % of trigrams have no handswitching (after direction change counted x 1 ) ( 12.595091668086505 )
# 8.571730409039587 billion (rows²/dist)² to cross ( 111.43249531751464 )
# 0.0547746385710457 hand disbalance. Left: 0.4452253614289543 %, Right: 0.5547746385710457 % ( 1.6036835181526845 )
# 0.36597309448071924 badly positioned shortcut keys (weighted).
# 11.495393668808022 no handswitching after unbalancing key (weighted).
# 22.393152129898976 movement pattern cost (weighted).
# 0.8748518700210013 asymmetric bigram cost (weighted).
# 4.560995940149319 irregularity cost (weighted).
# 17.128708343767876 manually assigned bigram penalty (weighted)
# 9.45069707866716 unbalancing key after neighboring finger (weighted)
# 0.8748518700210013 asymmetrc bigrams (weighted)
# 9.659449802740426 inconsistent symmetries of similar keys (weighted)
# 4.560995940149319 irregularity cost for randomly sampled words (weighted).
# Finger load %: 10.8 6.0 8.8 11.9 - 19.9 9.2 8.0 9.8
 
