
# Evolved Layout
jpmgz äöübkxß
rnstv yaeud⇘
lwfcq oi,.h
┌───┬───┬───┬───┬───┬───┬───┬───┬───┬───┬───┬───┬───┬──────┐
│ ^ │ 1 │ 2 │ 3 │ 4 │ 5 │ 6 │ 7 │ 8 │ 9 │ 0 │ - │ ` │ ←    │
├───┴─┬─┴─┬─┴─┬─┴─┬─┴─┬─┴─┬─┴─┬─┴─┬─┴─┬─┴─┬─┴─┬─┴─┬─┴─┬────┤
│   ⇥ │ j │ p │ m │ g │ z │ ä │ ö │ ü │ b │ k │ x │ ß │ Ret│
├─────┴┬──┴┬──┴┬──┴┬──┴┬──┴┬──┴┬──┴┬──┴┬──┴┬──┴┬──┴┬──┴┐   │
│    ⇩ │ r │ n │ s │ t │ v │ y │ a │ e │ u │ d │ ⇘ │ ´ │   │
├────┬─┴─┬─┴─┬─┴─┬─┴─┬─┴─┬─┴─┬─┴─┬─┴─┬─┴─┬─┴─┬─┴─┬─┴───┴───┤
│  ⇧ │ ⇚ │ l │ w │ f │ c │ q │ o │ i │ , │ . │ h │ ⇗       │
├────┼───┴┬──┴─┬─┴───┴───┴───┴───┴───┴─┬─┴──┬┴───┼────┬────┤
│Strg│ Fe │ Alt│      Leerzeichen      │ M4 │ Fe │ Me │Strg│
└────┴────┴────┴───────────────────────┴────┴────┴────┴────┘
# 9.718255223228997 x100 total penalty per letter
# 35.56619936998529 x10 billion total penalty compared to notime-noeffort
# 8.172791544263584 mean key position cost in file 1gramme.txt ( 59.82043624 )
# 11.437270507823142 % finger repeats in file 2gramme.txt ( 55.21235954116993 )
# 15.441579245128233 million keystrokes disbalance of the fingers ( 30.883158490256466 )
# 0.29241172551300587 % finger repeats top to bottom or vice versa ( 7.057952031489899 )
# 2.1231478731742337 % of trigrams have no handswitching (after direction change counted x 1 ) ( 9.391350908180572 )
# 8.906901741942995 billion (rows²/dist)² to cross ( 115.78972264525895 )
# 0.020461288691966728 hand disbalance. Left: 0.47953871130803327 %, Right: 0.5204612886919667 % ( 0.5990624911729929 )
# 1.463892377922877 badly positioned shortcut keys (weighted).
# 11.97788634879123 no handswitching after unbalancing key (weighted).
# 23.533409004342577 movement pattern cost (weighted).
# 0.8782576680680952 asymmetric bigram cost (weighted).
# 3.412571488491481 irregularity cost (weighted).
# 21.06543518497702 manually assigned bigram penalty (weighted)
# 8.656018162384031 unbalancing key after neighboring finger (weighted)
# 0.8782576680680952 asymmetrc bigrams (weighted)
# 5.920481117346759 inconsistent symmetries of similar keys (weighted)
# 3.412571488491481 irregularity cost for randomly sampled words (weighted).
# Finger load %: 13.2 8.8 8.0 10.6 - 14.4 12.3 5.3 11.9
 
