
# Evolved Layout
öocmz ydüuvjß
sanrl wteih⇘
äxpkq fg,.b
┌───┬───┬───┬───┬───┬───┬───┬───┬───┬───┬───┬───┬───┬──────┐
│ ^ │ 1 │ 2 │ 3 │ 4 │ 5 │ 6 │ 7 │ 8 │ 9 │ 0 │ - │ ` │ ←    │
├───┴─┬─┴─┬─┴─┬─┴─┬─┴─┬─┴─┬─┴─┬─┴─┬─┴─┬─┴─┬─┴─┬─┴─┬─┴─┬────┤
│   ⇥ │ ö │ o │ c │ m │ z │ y │ d │ ü │ u │ v │ j │ ß │ Ret│
├─────┴┬──┴┬──┴┬──┴┬──┴┬──┴┬──┴┬──┴┬──┴┬──┴┬──┴┬──┴┬──┴┐   │
│    ⇩ │ s │ a │ n │ r │ l │ w │ t │ e │ i │ h │ ⇘ │ ´ │   │
├────┬─┴─┬─┴─┬─┴─┬─┴─┬─┴─┬─┴─┬─┴─┬─┴─┬─┴─┬─┴─┬─┴─┬─┴───┴───┤
│  ⇧ │ ⇚ │ ä │ x │ p │ k │ q │ f │ g │ , │ . │ b │ ⇗       │
├────┼───┴┬──┴─┬─┴───┴───┴───┴───┴───┴─┬─┴──┬┴───┼────┬────┤
│Strg│ Fe │ Alt│      Leerzeichen      │ M4 │ Fe │ Me │Strg│
└────┴────┴────┴───────────────────────┴────┴────┴────┴────┘
# 10.228661657194175 x100 total penalty per letter
# 37.434149590796345 x10 billion total penalty compared to notime-noeffort
# 7.420216482999045 mean key position cost in file 1gramme.txt ( 54.31199176 )
# 8.82896401999968 % finger repeats in file 2gramme.txt ( 42.62100258228964 )
# 11.43793988611323 million keystrokes disbalance of the fingers ( 22.875879772226458 )
# 0.40064157086325836 % finger repeats top to bottom or vice versa ( 9.670299588748426 )
# 5.451881587114662 % of trigrams have no handswitching (after direction change counted x 1 ) ( 24.115387223544793 )
# 8.442259204495608 billion (rows²/dist)² to cross ( 109.7493696584429 )
# 0.03394071280154426 hand disbalance. Left: 0.46605928719845574 %, Right: 0.5339407128015443 % ( 0.9937110154290012 )
# 0.7319461889614385 badly positioned shortcut keys (weighted).
# 13.06983294641151 no handswitching after unbalancing key (weighted).
# 37.32304594206044 movement pattern cost (weighted).
# 0.8801818672090612 asymmetric bigram cost (weighted).
# 11.428809482856614 irregularity cost (weighted).
# 18.031694103780712 manually assigned bigram penalty (weighted)
# 14.05671491958453 unbalancing key after neighboring finger (weighted)
# 0.8801818672090612 asymmetrc bigrams (weighted)
# 14.48162885641793 inconsistent symmetries of similar keys (weighted)
# 11.428809482856614 irregularity cost for randomly sampled words (weighted).
# Finger load %: 10.6 7.5 9.6 11.6 - 14.0 12.3 9.4 9.3
 
