
# Evolved Layout
jluäö qbdmvzß
hrieo wntsg⇘
kxüay fp,.c
┌───┬───┬───┬───┬───┬───┬───┬───┬───┬───┬───┬───┬───┬──────┐
│ ^ │ 1 │ 2 │ 3 │ 4 │ 5 │ 6 │ 7 │ 8 │ 9 │ 0 │ - │ ` │ ←    │
├───┴─┬─┴─┬─┴─┬─┴─┬─┴─┬─┴─┬─┴─┬─┴─┬─┴─┬─┴─┬─┴─┬─┴─┬─┴─┬────┤
│   ⇥ │ j │ l │ u │ ä │ ö │ q │ b │ d │ m │ v │ z │ ß │ Ret│
├─────┴┬──┴┬──┴┬──┴┬──┴┬──┴┬──┴┬──┴┬──┴┬──┴┬──┴┬──┴┬──┴┐   │
│    ⇩ │ h │ r │ i │ e │ o │ w │ n │ t │ s │ g │ ⇘ │ ´ │   │
├────┬─┴─┬─┴─┬─┴─┬─┴─┬─┴─┬─┴─┬─┴─┬─┴─┬─┴─┬─┴─┬─┴─┬─┴───┴───┤
│  ⇧ │ ⇚ │ k │ x │ ü │ a │ y │ f │ p │ , │ . │ c │ ⇗       │
├────┼───┴┬──┴─┬─┴───┴───┴───┴───┴───┴─┬─┴──┬┴───┼────┬────┤
│Strg│ Fe │ Alt│      Leerzeichen      │ M4 │ Fe │ Me │Strg│
└────┴────┴────┴───────────────────────┴────┴────┴────┴────┘
# 9.163191733335983 x100 total penalty per letter
# 33.534816339691154 x10 billion total penalty compared to notime-noeffort
# 7.383435516848788 mean key position cost in file 1gramme.txt ( 54.04277488 )
# 11.398460918708052 % finger repeats in file 2gramme.txt ( 55.02500985958271 )
# 12.063150712874688 million keystrokes disbalance of the fingers ( 24.12630142574938 )
# 0.277011768926959 % finger repeats top to bottom or vice versa ( 6.686242741513046 )
# 3.56706878994079 % of trigrams have no handswitching (after direction change counted x 1 ) ( 15.778267328063732 )
# 7.695057488517777 billion (rows²/dist)² to cross ( 100.0357473507311 )
# 0.04082562389529343 hand disbalance. Left: 0.5408256238952934 %, Right: 0.45917437610470657 % ( 1.1952863928853226 )
# 1.0979192834421578 badly positioned shortcut keys (weighted).
# 12.465870561853402 no handswitching after unbalancing key (weighted).
# 26.346982861581502 movement pattern cost (weighted).
# 0.8622154409789641 asymmetric bigram cost (weighted).
# 4.678260918644127 irregularity cost (weighted).
# 16.200968540306675 manually assigned bigram penalty (weighted)
# 9.001258656150448 unbalancing key after neighboring finger (weighted)
# 0.8622154409789641 asymmetrc bigrams (weighted)
# 7.805057155429004 inconsistent symmetries of similar keys (weighted)
# 4.678260918644127 irregularity cost for randomly sampled words (weighted).
# Finger load %: 10.2 8.2 8.3 18.9 - 12.4 9.3 8.0 9.0
 
