
# Evolved Layout
ßkocö xbluvüj
asenf gtrih⇘
yzämq wd,.p
┌───┬───┬───┬───┬───┬───┬───┬───┬───┬───┬───┬───┬───┬──────┐
│ ^ │ 1 │ 2 │ 3 │ 4 │ 5 │ 6 │ 7 │ 8 │ 9 │ 0 │ - │ ` │ ←    │
├───┴─┬─┴─┬─┴─┬─┴─┬─┴─┬─┴─┬─┴─┬─┴─┬─┴─┬─┴─┬─┴─┬─┴─┬─┴─┬────┤
│   ⇥ │ ß │ k │ o │ c │ ö │ x │ b │ l │ u │ v │ ü │ j │ Ret│
├─────┴┬──┴┬──┴┬──┴┬──┴┬──┴┬──┴┬──┴┬──┴┬──┴┬──┴┬──┴┬──┴┐   │
│    ⇩ │ a │ s │ e │ n │ f │ g │ t │ r │ i │ h │ ⇘ │ ´ │   │
├────┬─┴─┬─┴─┬─┴─┬─┴─┬─┴─┬─┴─┬─┴─┬─┴─┬─┴─┬─┴─┬─┴─┬─┴───┴───┤
│  ⇧ │ ⇚ │ y │ z │ ä │ m │ q │ w │ d │ , │ . │ p │ ⇗       │
├────┼───┴┬──┴─┬─┴───┴───┴───┴───┴───┴─┬─┴──┬┴───┼────┬────┤
│Strg│ Fe │ Alt│      Leerzeichen      │ M4 │ Fe │ Me │Strg│
└────┴────┴────┴───────────────────────┴────┴────┴────┴────┘
# 9.507107910906145 x100 total penalty per letter
# 34.793457017164485 x10 billion total penalty compared to notime-noeffort
# 7.1300865537738956 mean key position cost in file 1gramme.txt ( 52.1883968 )
# 9.24992662761237 % finger repeats in file 2gramme.txt ( 44.653160414790186 )
# 11.52781271109239 million keystrokes disbalance of the fingers ( 23.05562542218478 )
# 0.3814961547324518 % finger repeats top to bottom or vice versa ( 9.208186010925653 )
# 4.041891749458674 % of trigrams have no handswitching (after direction change counted x 1 ) ( 17.878558640051555 )
# 8.378110311670572 billion (rows²/dist)² to cross ( 108.91543405171743 )
# 0.009825973005029187 hand disbalance. Left: 0.5098259730050292 %, Right: 0.49017402699497087 % ( 0.28768333975476346 )
# 0.7319461889614385 badly positioned shortcut keys (weighted).
# 11.570004740354692 no handswitching after unbalancing key (weighted).
# 32.43630037619789 movement pattern cost (weighted).
# 0.8738013467409034 asymmetric bigram cost (weighted).
# 4.329253277184752 irregularity cost (weighted).
# 16.75295709703247 manually assigned bigram penalty (weighted)
# 11.336405748695027 unbalancing key after neighboring finger (weighted)
# 0.8738013467409034 asymmetrc bigrams (weighted)
# 13.716856717053322 inconsistent symmetries of similar keys (weighted)
# 4.329253277184752 irregularity cost for randomly sampled words (weighted).
# Finger load %: 10.5 6.5 13.8 12.3 - 13.8 9.1 9.4 9.1
 
