
# Evolved Layout
ökpoj qflavzä
ctney mhris⇘
uwbüß gd,.x
┌───┬───┬───┬───┬───┬───┬───┬───┬───┬───┬───┬───┬───┬──────┐
│ ^ │ 1 │ 2 │ 3 │ 4 │ 5 │ 6 │ 7 │ 8 │ 9 │ 0 │ - │ ` │ ←    │
├───┴─┬─┴─┬─┴─┬─┴─┬─┴─┬─┴─┬─┴─┬─┴─┬─┴─┬─┴─┬─┴─┬─┴─┬─┴─┬────┤
│   ⇥ │ ö │ k │ p │ o │ j │ q │ f │ l │ a │ v │ z │ ä │ Ret│
├─────┴┬──┴┬──┴┬──┴┬──┴┬──┴┬──┴┬──┴┬──┴┬──┴┬──┴┬──┴┬──┴┐   │
│    ⇩ │ c │ t │ n │ e │ y │ m │ h │ r │ i │ s │ ⇘ │ ´ │   │
├────┬─┴─┬─┴─┬─┴─┬─┴─┬─┴─┬─┴─┬─┴─┬─┴─┬─┴─┬─┴─┬─┴─┬─┴───┴───┤
│  ⇧ │ ⇚ │ u │ w │ b │ ü │ ß │ g │ d │ , │ . │ x │ ⇗       │
├────┼───┴┬──┴─┬─┴───┴───┴───┴───┴───┴─┬─┴──┬┴───┼────┬────┤
│Strg│ Fe │ Alt│      Leerzeichen      │ M4 │ Fe │ Me │Strg│
└────┴────┴────┴───────────────────────┴────┴────┴────┴────┘
# 10.079817625285875 x100 total penalty per letter
# 36.88942048127167 x10 billion total penalty compared to notime-noeffort
# 7.836235161137203 mean key position cost in file 1gramme.txt ( 57.35702462 )
# 9.488639172749227 % finger repeats in file 2gramme.txt ( 45.80552302264044 )
# 12.105718870447749 million keystrokes disbalance of the fingers ( 24.2114377408955 )
# 0.36606728406369604 % finger repeats top to bottom or vice versa ( 8.835778820724602 )
# 4.030759687383229 % of trigrams have no handswitching (after direction change counted x 1 ) ( 17.82931802774986 )
# 8.285495829471186 billion (rows²/dist)² to cross ( 107.71144578312543 )
# 0.010630667051890752 hand disbalance. Left: 0.48936933294810925 %, Right: 0.5106306670518908 % ( 0.3112430493899747 )
# 1.0979192834421578 badly positioned shortcut keys (weighted).
# 12.768681513461889 no handswitching after unbalancing key (weighted).
# 37.477651803401244 movement pattern cost (weighted).
# 0.8964071015518316 asymmetric bigram cost (weighted).
# 13.341692237182015 irregularity cost (weighted).
# 20.680359812487307 manually assigned bigram penalty (weighted)
# 12.430946922235844 unbalancing key after neighboring finger (weighted)
# 0.8964071015518316 asymmetrc bigrams (weighted)
# 8.138775074428617 inconsistent symmetries of similar keys (weighted)
# 13.341692237182015 irregularity cost for randomly sampled words (weighted).
# Finger load %: 10.6 7.2 8.8 14.6 - 12.8 9.1 11.3 10.0
 
