
# Evolved Layout
ßplkq öfuoüxj
hnrsm cteai⇘
bvzgy wd,.ä
┌───┬───┬───┬───┬───┬───┬───┬───┬───┬───┬───┬───┬───┬──────┐
│ ^ │ 1 │ 2 │ 3 │ 4 │ 5 │ 6 │ 7 │ 8 │ 9 │ 0 │ - │ ` │ ←    │
├───┴─┬─┴─┬─┴─┬─┴─┬─┴─┬─┴─┬─┴─┬─┴─┬─┴─┬─┴─┬─┴─┬─┴─┬─┴─┬────┤
│   ⇥ │ ß │ p │ l │ k │ q │ ö │ f │ u │ o │ ü │ x │ j │ Ret│
├─────┴┬──┴┬──┴┬──┴┬──┴┬──┴┬──┴┬──┴┬──┴┬──┴┬──┴┬──┴┬──┴┐   │
│    ⇩ │ h │ n │ r │ s │ m │ c │ t │ e │ a │ i │ ⇘ │ ´ │   │
├────┬─┴─┬─┴─┬─┴─┬─┴─┬─┴─┬─┴─┬─┴─┬─┴─┬─┴─┬─┴─┬─┴─┬─┴───┴───┤
│  ⇧ │ ⇚ │ b │ v │ z │ g │ y │ w │ d │ , │ . │ ä │ ⇗       │
├────┼───┴┬──┴─┬─┴───┴───┴───┴───┴───┴─┬─┴──┬┴───┼────┬────┤
│Strg│ Fe │ Alt│      Leerzeichen      │ M4 │ Fe │ Me │Strg│
└────┴────┴────┴───────────────────────┴────┴────┴────┴────┘
# 9.24647632313532 x100 total penalty per letter
# 33.839615530205364 x10 billion total penalty compared to notime-noeffort
# 7.234284710892817 mean key position cost in file 1gramme.txt ( 52.95107124 )
# 11.130370221959211 % finger repeats in file 2gramme.txt ( 53.73082695742829 )
# 11.939658042700065 million keystrokes disbalance of the fingers ( 23.87931608540013 )
# 0.34862932657957285 % finger repeats top to bottom or vice versa ( 8.414878231891588 )
# 2.993156433014665 % of trigrams have no handswitching (after direction change counted x 1 ) ( 13.239672441417367 )
# 8.078790250840212 billion (rows²/dist)² to cross ( 105.02427326092275 )
# 0.06220809780581993 hand disbalance. Left: 0.43779190219418007 %, Right: 0.5622080978058199 % ( 1.821319204460413 )
# 0.7319461889614385 badly positioned shortcut keys (weighted).
# 12.950571348330566 no handswitching after unbalancing key (weighted).
# 20.839017460557265 movement pattern cost (weighted).
# 0.8676266936404672 asymmetric bigram cost (weighted).
# 4.841807646917944 irregularity cost (weighted).
# 16.199309239036346 manually assigned bigram penalty (weighted)
# 12.192230517530646 unbalancing key after neighboring finger (weighted)
# 0.8676266936404672 asymmetrc bigrams (weighted)
# 10.712288785558473 inconsistent symmetries of similar keys (weighted)
# 4.841807646917944 irregularity cost for randomly sampled words (weighted).
# Finger load %: 10.0 8.3 8.5 10.2 - 13.9 14.5 8.6 10.5
 
