
# Evolved Layout
äzhxj qpomföß
irunü wtesc⇘
ayklv gd,.b
┌───┬───┬───┬───┬───┬───┬───┬───┬───┬───┬───┬───┬───┬──────┐
│ ^ │ 1 │ 2 │ 3 │ 4 │ 5 │ 6 │ 7 │ 8 │ 9 │ 0 │ - │ ` │ ←    │
├───┴─┬─┴─┬─┴─┬─┴─┬─┴─┬─┴─┬─┴─┬─┴─┬─┴─┬─┴─┬─┴─┬─┴─┬─┴─┬────┤
│   ⇥ │ ä │ z │ h │ x │ j │ q │ p │ o │ m │ f │ ö │ ß │ Ret│
├─────┴┬──┴┬──┴┬──┴┬──┴┬──┴┬──┴┬──┴┬──┴┬──┴┬──┴┬──┴┬──┴┐   │
│    ⇩ │ i │ r │ u │ n │ ü │ w │ t │ e │ s │ c │ ⇘ │ ´ │   │
├────┬─┴─┬─┴─┬─┴─┬─┴─┬─┴─┬─┴─┬─┴─┬─┴─┬─┴─┬─┴─┬─┴─┬─┴───┴───┤
│  ⇧ │ ⇚ │ a │ y │ k │ l │ v │ g │ d │ , │ . │ b │ ⇗       │
├────┼───┴┬──┴─┬─┴───┴───┴───┴───┴───┴─┬─┴──┬┴───┼────┬────┤
│Strg│ Fe │ Alt│      Leerzeichen      │ M4 │ Fe │ Me │Strg│
└────┴────┴────┴───────────────────────┴────┴────┴────┴────┘
# 10.331579922642218 x100 total penalty per letter
# 37.81080275164243 x10 billion total penalty compared to notime-noeffort
# 7.922876292625274 mean key position cost in file 1gramme.txt ( 57.99119108 )
# 11.836435532585167 % finger repeats in file 2gramme.txt ( 57.139291569956534 )
# 16.678515419168043 million keystrokes disbalance of the fingers ( 33.35703083833609 )
# 0.3306176830810354 % finger repeats top to bottom or vice versa ( 7.9801305636920805 )
# 3.908121667861746 % of trigrams have no handswitching (after direction change counted x 1 ) ( 17.286851489944066 )
# 7.900778591890342 billion (rows²/dist)² to cross ( 102.71012169457445 )
# 0.028944387908937053 hand disbalance. Left: 0.47105561209106295 %, Right: 0.528944387908937 % ( 0.8474293768707206 )
# 0.7319461889614385 badly positioned shortcut keys (weighted).
# 11.411066192159907 no handswitching after unbalancing key (weighted).
# 36.14367258627664 movement pattern cost (weighted).
# 0.8935016055476449 asymmetric bigram cost (weighted).
# 3.0609396787365557 irregularity cost (weighted).
# 22.144520584237465 manually assigned bigram penalty (weighted)
# 11.63195681153679 unbalancing key after neighboring finger (weighted)
# 0.8935016055476449 asymmetrc bigrams (weighted)
# 14.778377255593814 inconsistent symmetries of similar keys (weighted)
# 3.0609396787365557 irregularity cost for randomly sampled words (weighted).
# Finger load %: 16.0 6.3 6.7 10.7 - 13.3 14.7 8.0 8.7
 
