
# Evolved Layout
ödbäq xvoazßj
gtnrm kheis⇘
cüply wu,.f
┌───┬───┬───┬───┬───┬───┬───┬───┬───┬───┬───┬───┬───┬──────┐
│ ^ │ 1 │ 2 │ 3 │ 4 │ 5 │ 6 │ 7 │ 8 │ 9 │ 0 │ - │ ` │ ←    │
├───┴─┬─┴─┬─┴─┬─┴─┬─┴─┬─┴─┬─┴─┬─┴─┬─┴─┬─┴─┬─┴─┬─┴─┬─┴─┬────┤
│   ⇥ │ ö │ d │ b │ ä │ q │ x │ v │ o │ a │ z │ ß │ j │ Ret│
├─────┴┬──┴┬──┴┬──┴┬──┴┬──┴┬──┴┬──┴┬──┴┬──┴┬──┴┬──┴┬──┴┐   │
│    ⇩ │ g │ t │ n │ r │ m │ k │ h │ e │ i │ s │ ⇘ │ ´ │   │
├────┬─┴─┬─┴─┬─┴─┬─┴─┬─┴─┬─┴─┬─┴─┬─┴─┬─┴─┬─┴─┬─┴─┬─┴───┴───┤
│  ⇧ │ ⇚ │ c │ ü │ p │ l │ y │ w │ u │ , │ . │ f │ ⇗       │
├────┼───┴┬──┴─┬─┴───┴───┴───┴───┴───┴─┬─┴──┬┴───┼────┬────┤
│Strg│ Fe │ Alt│      Leerzeichen      │ M4 │ Fe │ Me │Strg│
└────┴────┴────┴───────────────────────┴────┴────┴────┴────┘
# 10.072624174947348 x100 total penalty per letter
# 36.86309438846783 x10 billion total penalty compared to notime-noeffort
# 7.593671149359346 mean key position cost in file 1gramme.txt ( 55.58158658 )
# 10.369698874459594 % finger repeats in file 2gramme.txt ( 50.05875678106165 )
# 12.03930127604996 million keystrokes disbalance of the fingers ( 24.078602552099923 )
# 0.3669333135468289 % finger repeats top to bottom or vice versa ( 8.856682204605956 )
# 2.8010118847796015 % of trigrams have no handswitching (after direction change counted x 1 ) ( 12.389756662884485 )
# 8.477402437077842 billion (rows²/dist)² to cross ( 110.20623168201196 )
# 0.049000750173023244 hand disbalance. Left: 0.45099924982697676 %, Right: 0.5490007501730232 % ( 1.4346364938158365 )
# 1.0979192834421578 badly positioned shortcut keys (weighted).
# 12.287086632943227 no handswitching after unbalancing key (weighted).
# 41.43430033671485 movement pattern cost (weighted).
# 0.8719069133189564 asymmetric bigram cost (weighted).
# 6.716039905383912 irregularity cost (weighted).
# 19.46436062209868 manually assigned bigram penalty (weighted)
# 12.305704859940121 unbalancing key after neighboring finger (weighted)
# 0.8719069133189564 asymmetrc bigrams (weighted)
# 11.847372374356487 inconsistent symmetries of similar keys (weighted)
# 6.716039905383912 irregularity cost for randomly sampled words (weighted).
# Finger load %: 9.9 8.6 8.8 10.7 - 9.6 14.7 11.3 10.7
 
