
# Evolved Layout
ölykä qwaozßj
hrnsm ptief⇘
uxügv bd,.c
┌───┬───┬───┬───┬───┬───┬───┬───┬───┬───┬───┬───┬───┬──────┐
│ ^ │ 1 │ 2 │ 3 │ 4 │ 5 │ 6 │ 7 │ 8 │ 9 │ 0 │ - │ ` │ ←    │
├───┴─┬─┴─┬─┴─┬─┴─┬─┴─┬─┴─┬─┴─┬─┴─┬─┴─┬─┴─┬─┴─┬─┴─┬─┴─┬────┤
│   ⇥ │ ö │ l │ y │ k │ ä │ q │ w │ a │ o │ z │ ß │ j │ Ret│
├─────┴┬──┴┬──┴┬──┴┬──┴┬──┴┬──┴┬──┴┬──┴┬──┴┬──┴┬──┴┬──┴┐   │
│    ⇩ │ h │ r │ n │ s │ m │ p │ t │ i │ e │ f │ ⇘ │ ´ │   │
├────┬─┴─┬─┴─┬─┴─┬─┴─┬─┴─┬─┴─┬─┴─┬─┴─┬─┴─┬─┴─┬─┴─┬─┴───┴───┤
│  ⇧ │ ⇚ │ u │ x │ ü │ g │ v │ b │ d │ , │ . │ c │ ⇗       │
├────┼───┴┬──┴─┬─┴───┴───┴───┴───┴───┴─┬─┴──┬┴───┼────┬────┤
│Strg│ Fe │ Alt│      Leerzeichen      │ M4 │ Fe │ Me │Strg│
└────┴────┴────┴───────────────────────┴────┴────┴────┴────┘
# 9.534254426473334 x100 total penalty per letter
# 34.89280596022941 x10 billion total penalty compared to notime-noeffort
# 7.650879587126355 mean key position cost in file 1gramme.txt ( 56.00032156 )
# 9.813496596889022 % finger repeats in file 2gramme.txt ( 47.37374202112931 )
# 12.547575066129006 million keystrokes disbalance of the fingers ( 25.095150132258016 )
# 0.3421451892538259 % finger repeats top to bottom or vice versa ( 8.258370382794821 )
# 3.4758334754912332 % of trigrams have no handswitching (after direction change counted x 1 ) ( 15.374704832940402 )
# 7.794611786102124 billion (rows²/dist)² to cross ( 101.3299532193276 )
# 0.05497137257303181 hand disbalance. Left: 0.4450286274269682 %, Right: 0.5549713725730318 % ( 1.609443466272399 )
# 1.0979192834421578 badly positioned shortcut keys (weighted).
# 11.92389415546782 no handswitching after unbalancing key (weighted).
# 32.461872196154815 movement pattern cost (weighted).
# 0.862550107125415 asymmetric bigram cost (weighted).
# 5.286175835532488 irregularity cost (weighted).
# 18.34346814181575 manually assigned bigram penalty (weighted)
# 12.515865943784974 unbalancing key after neighboring finger (weighted)
# 0.862550107125415 asymmetrc bigrams (weighted)
# 11.394628324248142 inconsistent symmetries of similar keys (weighted)
# 5.286175835532488 irregularity cost for randomly sampled words (weighted).
# Finger load %: 11.5 8.2 7.2 10.6 - 12.7 11.1 14.9 8.2
 
