
# Evolved Layout
ägrzj qbuoüöß
hslnm wteai⇘
vkxcy fd,.p
┌───┬───┬───┬───┬───┬───┬───┬───┬───┬───┬───┬───┬───┬──────┐
│ ^ │ 1 │ 2 │ 3 │ 4 │ 5 │ 6 │ 7 │ 8 │ 9 │ 0 │ - │ ` │ ←    │
├───┴─┬─┴─┬─┴─┬─┴─┬─┴─┬─┴─┬─┴─┬─┴─┬─┴─┬─┴─┬─┴─┬─┴─┬─┴─┬────┤
│   ⇥ │ ä │ g │ r │ z │ j │ q │ b │ u │ o │ ü │ ö │ ß │ Ret│
├─────┴┬──┴┬──┴┬──┴┬──┴┬──┴┬──┴┬──┴┬──┴┬──┴┬──┴┬──┴┬──┴┐   │
│    ⇩ │ h │ s │ l │ n │ m │ w │ t │ e │ a │ i │ ⇘ │ ´ │   │
├────┬─┴─┬─┴─┬─┴─┬─┴─┬─┴─┬─┴─┬─┴─┬─┴─┬─┴─┬─┴─┬─┴─┬─┴───┴───┤
│  ⇧ │ ⇚ │ v │ k │ x │ c │ y │ f │ d │ , │ . │ p │ ⇗       │
├────┼───┴┬──┴─┬─┴───┴───┴───┴───┴───┴─┬─┴──┬┴───┼────┬────┤
│Strg│ Fe │ Alt│      Leerzeichen      │ M4 │ Fe │ Me │Strg│
└────┴────┴────┴───────────────────────┴────┴────┴────┴────┘
# 9.586457444479503 x100 total penalty per letter
# 35.08385496063892 x10 billion total penalty compared to notime-noeffort
# 7.292093190038036 mean key position cost in file 1gramme.txt ( 53.3741982 )
# 11.553415883192596 % finger repeats in file 2gramme.txt ( 55.77304053752794 )
# 12.012897153443582 million keystrokes disbalance of the fingers ( 24.025794306887164 )
# 0.3460202382585319 % finger repeats top to bottom or vice versa ( 8.351902575961512 )
# 4.222984275898672 % of trigrams have no handswitching (after direction change counted x 1 ) ( 18.679587849620617 )
# 8.041761957978599 billion (rows²/dist)² to cross ( 104.54290545372179 )
# 0.056258571541303815 hand disbalance. Left: 0.4437414284586962 %, Right: 0.5562585715413038 % ( 1.6471298814428708 )
# 0.36597309448071924 badly positioned shortcut keys (weighted).
# 11.354943415985973 no handswitching after unbalancing key (weighted).
# 24.1407893046613 movement pattern cost (weighted).
# 0.8929945437438561 asymmetric bigram cost (weighted).
# 5.51434487630053 irregularity cost (weighted).
# 16.761454988305953 manually assigned bigram penalty (weighted)
# 11.332732550925163 unbalancing key after neighboring finger (weighted)
# 0.8929945437438561 asymmetrc bigrams (weighted)
# 14.080758026823759 inconsistent symmetries of similar keys (weighted)
# 5.51434487630053 irregularity cost for randomly sampled words (weighted).
# Finger load %: 9.7 7.8 8.0 11.9 - 13.1 14.5 8.6 10.8
 
