
# Evolved Layout
ähozö qpafyjß
ugenm wtisr⇘
vkxlü bd,.c
┌───┬───┬───┬───┬───┬───┬───┬───┬───┬───┬───┬───┬───┬──────┐
│ ^ │ 1 │ 2 │ 3 │ 4 │ 5 │ 6 │ 7 │ 8 │ 9 │ 0 │ - │ ` │ ←    │
├───┴─┬─┴─┬─┴─┬─┴─┬─┴─┬─┴─┬─┴─┬─┴─┬─┴─┬─┴─┬─┴─┬─┴─┬─┴─┬────┤
│   ⇥ │ ä │ h │ o │ z │ ö │ q │ p │ a │ f │ y │ j │ ß │ Ret│
├─────┴┬──┴┬──┴┬──┴┬──┴┬──┴┬──┴┬──┴┬──┴┬──┴┬──┴┬──┴┬──┴┐   │
│    ⇩ │ u │ g │ e │ n │ m │ w │ t │ i │ s │ r │ ⇘ │ ´ │   │
├────┬─┴─┬─┴─┬─┴─┬─┴─┬─┴─┬─┴─┬─┴─┬─┴─┬─┴─┬─┴─┬─┴─┬─┴───┴───┤
│  ⇧ │ ⇚ │ v │ k │ x │ l │ ü │ b │ d │ , │ . │ c │ ⇗       │
├────┼───┴┬──┴─┬─┴───┴───┴───┴───┴───┴─┬─┴──┬┴───┼────┬────┤
│Strg│ Fe │ Alt│      Leerzeichen      │ M4 │ Fe │ Me │Strg│
└────┴────┴────┴───────────────────────┴────┴────┴────┴────┘
# 9.683684506010481 x100 total penalty per letter
# 35.43967984639651 x10 billion total penalty compared to notime-noeffort
# 7.426665626489632 mean key position cost in file 1gramme.txt ( 54.35919602 )
# 10.869586431087805 % finger repeats in file 2gramme.txt ( 52.47191746374685 )
# 12.123618373898104 million keystrokes disbalance of the fingers ( 24.247236747796208 )
# 0.3774268782593119 % finger repeats top to bottom or vice versa ( 9.10996574256978 )
# 5.107138073378436 % of trigrams have no handswitching (after direction change counted x 1 ) ( 22.59047821851367 )
# 7.596647032507071 billion (rows²/dist)² to cross ( 98.75641142259192 )
# 0.005792071980104618 hand disbalance. Left: 0.4942079280198954 %, Right: 0.5057920719801047 % ( 0.16957940048111633 )
# 0.36597309448071924 badly positioned shortcut keys (weighted).
# 10.161583662136557 no handswitching after unbalancing key (weighted).
# 34.382053513743536 movement pattern cost (weighted).
# 0.8900220886271283 asymmetric bigram cost (weighted).
# 4.506416485958687 irregularity cost (weighted).
# 17.931859675974753 manually assigned bigram penalty (weighted)
# 12.606732552987687 unbalancing key after neighboring finger (weighted)
# 0.8900220886271283 asymmetrc bigrams (weighted)
# 11.847372374356487 inconsistent symmetries of similar keys (weighted)
# 4.506416485958687 irregularity cost for randomly sampled words (weighted).
# Finger load %: 9.3 6.4 13.7 12.4 - 12.7 11.1 7.5 11.4
 
