
# Evolved Layout
pülkö qfuovjß
benrä mtiah⇘
cyxsz wd,.g
┌───┬───┬───┬───┬───┬───┬───┬───┬───┬───┬───┬───┬───┬──────┐
│ ^ │ 1 │ 2 │ 3 │ 4 │ 5 │ 6 │ 7 │ 8 │ 9 │ 0 │ - │ ` │ ←    │
├───┴─┬─┴─┬─┴─┬─┴─┬─┴─┬─┴─┬─┴─┬─┴─┬─┴─┬─┴─┬─┴─┬─┴─┬─┴─┬────┤
│   ⇥ │ p │ ü │ l │ k │ ö │ q │ f │ u │ o │ v │ j │ ß │ Ret│
├─────┴┬──┴┬──┴┬──┴┬──┴┬──┴┬──┴┬──┴┬──┴┬──┴┬──┴┬──┴┬──┴┐   │
│    ⇩ │ b │ e │ n │ r │ ä │ m │ t │ i │ a │ h │ ⇘ │ ´ │   │
├────┬─┴─┬─┴─┬─┴─┬─┴─┬─┴─┬─┴─┬─┴─┬─┴─┬─┴─┬─┴─┬─┴─┬─┴───┴───┤
│  ⇧ │ ⇚ │ c │ y │ x │ s │ z │ w │ d │ , │ . │ g │ ⇗       │
├────┼───┴┬──┴─┬─┴───┴───┴───┴───┴───┴─┬─┴──┬┴───┼────┬────┤
│Strg│ Fe │ Alt│      Leerzeichen      │ M4 │ Fe │ Me │Strg│
└────┴────┴────┴───────────────────────┴────┴────┴────┴────┘
# 9.97681005452725 x100 total penalty per letter
# 36.51244048701691 x10 billion total penalty compared to notime-noeffort
# 7.655408685098303 mean key position cost in file 1gramme.txt ( 56.03347212 )
# 10.295224989168709 % finger repeats in file 2gramme.txt ( 49.69924102699291 )
# 11.602209936202486 million keystrokes disbalance of the fingers ( 23.204419872404973 )
# 0.46227764995476217 % finger repeats top to bottom or vice versa ( 11.158011782483976 )
# 4.646917472055505 % of trigrams have no handswitching (after direction change counted x 1 ) ( 20.554777730193123 )
# 8.255335343576775 billion (rows²/dist)² to cross ( 107.31935946649807 )
# 0.01222314626805654 hand disbalance. Left: 0.5122231462680565 %, Right: 0.4877768537319435 % ( 0.3578674131208886 )
# 0.7319461889614385 badly positioned shortcut keys (weighted).
# 10.655709121896829 no handswitching after unbalancing key (weighted).
# 38.35551490436893 movement pattern cost (weighted).
# 0.8935879694667848 asymmetric bigram cost (weighted).
# 4.760520475941682 irregularity cost (weighted).
# 17.276480957615334 manually assigned bigram penalty (weighted)
# 12.943371309171793 unbalancing key after neighboring finger (weighted)
# 0.8935879694667848 asymmetrc bigrams (weighted)
# 11.18012453105223 inconsistent symmetries of similar keys (weighted)
# 4.760520475941682 irregularity cost for randomly sampled words (weighted).
# Finger load %: 10.2 11.7 9.4 11.9 - 13.6 9.2 8.6 9.8
 
