
# Evolved Layout
öäuvj qpflkzß
aeinm gtsrh⇘
oüxcy wd,.b
┌───┬───┬───┬───┬───┬───┬───┬───┬───┬───┬───┬───┬───┬──────┐
│ ^ │ 1 │ 2 │ 3 │ 4 │ 5 │ 6 │ 7 │ 8 │ 9 │ 0 │ - │ ` │ ←    │
├───┴─┬─┴─┬─┴─┬─┴─┬─┴─┬─┴─┬─┴─┬─┴─┬─┴─┬─┴─┬─┴─┬─┴─┬─┴─┬────┤
│   ⇥ │ ö │ ä │ u │ v │ j │ q │ p │ f │ l │ k │ z │ ß │ Ret│
├─────┴┬──┴┬──┴┬──┴┬──┴┬──┴┬──┴┬──┴┬──┴┬──┴┬──┴┬──┴┬──┴┐   │
│    ⇩ │ a │ e │ i │ n │ m │ g │ t │ s │ r │ h │ ⇘ │ ´ │   │
├────┬─┴─┬─┴─┬─┴─┬─┴─┬─┴─┬─┴─┬─┴─┬─┴─┬─┴─┬─┴─┬─┴─┬─┴───┴───┤
│  ⇧ │ ⇚ │ o │ ü │ x │ c │ y │ w │ d │ , │ . │ b │ ⇗       │
├────┼───┴┬──┴─┬─┴───┴───┴───┴───┴───┴─┬─┴──┬┴───┼────┬────┤
│Strg│ Fe │ Alt│      Leerzeichen      │ M4 │ Fe │ Me │Strg│
└────┴────┴────┴───────────────────────┴────┴────┴────┴────┘
# 9.26222760042857 x100 total penalty per letter
# 33.89726096713571 x10 billion total penalty compared to notime-noeffort
# 7.431902284672712 mean key position cost in file 1gramme.txt ( 54.39752554 )
# 8.342448175857387 % finger repeats in file 2gramme.txt ( 40.272392597863146 )
# 14.113290394679545 million keystrokes disbalance of the fingers ( 28.22658078935909 )
# 0.31443457638860556 % finger repeats top to bottom or vice versa ( 7.589518352245133 )
# 3.659798401558686 % of trigrams have no handswitching (after direction change counted x 1 ) ( 16.18843956961419 )
# 7.957098402077824 billion (rows²/dist)² to cross ( 103.44227922701171 )
# 0.031079592213601903 hand disbalance. Left: 0.5310795922136019 %, Right: 0.46892040778639804 % ( 0.9099435630088605 )
# 0.7319461889614385 badly positioned shortcut keys (weighted).
# 11.997406780545363 no handswitching after unbalancing key (weighted).
# 27.610835597384977 movement pattern cost (weighted).
# 0.8615917040428296 asymmetric bigram cost (weighted).
# 9.236739512439994 irregularity cost (weighted).
# 18.032558859113745 manually assigned bigram penalty (weighted)
# 11.715257315188767 unbalancing key after neighboring finger (weighted)
# 0.8615917040428296 asymmetrc bigrams (weighted)
# 7.759594074577799 inconsistent symmetries of similar keys (weighted)
# 9.236739512439994 irregularity cost for randomly sampled words (weighted).
# Finger load %: 13.2 11.6 8.2 11.9 - 13.3 7.3 9.3 9.8
 
