
# Evolved Layout
ßlavq pcüuyxj
hronf mdeit⇘
köäsz bg,.w
┌───┬───┬───┬───┬───┬───┬───┬───┬───┬───┬───┬───┬───┬──────┐
│ ^ │ 1 │ 2 │ 3 │ 4 │ 5 │ 6 │ 7 │ 8 │ 9 │ 0 │ - │ ` │ ←    │
├───┴─┬─┴─┬─┴─┬─┴─┬─┴─┬─┴─┬─┴─┬─┴─┬─┴─┬─┴─┬─┴─┬─┴─┬─┴─┬────┤
│   ⇥ │ ß │ l │ a │ v │ q │ p │ c │ ü │ u │ y │ x │ j │ Ret│
├─────┴┬──┴┬──┴┬──┴┬──┴┬──┴┬──┴┬──┴┬──┴┬──┴┬──┴┬──┴┬──┴┐   │
│    ⇩ │ h │ r │ o │ n │ f │ m │ d │ e │ i │ t │ ⇘ │ ´ │   │
├────┬─┴─┬─┴─┬─┴─┬─┴─┬─┴─┬─┴─┬─┴─┬─┴─┬─┴─┬─┴─┬─┴─┬─┴───┴───┤
│  ⇧ │ ⇚ │ k │ ö │ ä │ s │ z │ b │ g │ , │ . │ w │ ⇗       │
├────┼───┴┬──┴─┬─┴───┴───┴───┴───┴───┴─┬─┴──┬┴───┼────┬────┤
│Strg│ Fe │ Alt│      Leerzeichen      │ M4 │ Fe │ Me │Strg│
└────┴────┴────┴───────────────────────┴────┴────┴────┴────┘
# 10.29781080524213 x100 total penalty per letter
# 37.687216867714504 x10 billion total penalty compared to notime-noeffort
# 7.590434416884023 mean key position cost in file 1gramme.txt ( 55.55789544 )
# 9.978218899405359 % finger repeats in file 2gramme.txt ( 48.16892361491609 )
# 11.876809714630674 million keystrokes disbalance of the fingers ( 23.75361942926135 )
# 0.34298851608697434 % finger repeats top to bottom or vice versa ( 8.27872579202059 )
# 4.084134821119581 % of trigrams have no handswitching (after direction change counted x 1 ) ( 18.06541303414229 )
# 8.39616044666088 billion (rows²/dist)² to cross ( 109.15008580659145 )
# 0.03199405829505941 hand disbalance. Left: 0.4680059417049406 %, Right: 0.5319940582950594 % ( 0.9367171615391534 )
# 1.0979192834421578 badly positioned shortcut keys (weighted).
# 16.916589575025203 no handswitching after unbalancing key (weighted).
# 40.53331649663565 movement pattern cost (weighted).
# 0.8957788455777559 asymmetric bigram cost (weighted).
# 4.279241482007689 irregularity cost (weighted).
# 18.27171836900537 manually assigned bigram penalty (weighted)
# 15.031073672845109 unbalancing key after neighboring finger (weighted)
# 0.8957788455777559 asymmetrc bigrams (weighted)
# 15.93515067413518 inconsistent symmetries of similar keys (weighted)
# 4.279241482007689 irregularity cost for randomly sampled words (weighted).
# Finger load %: 9.9 8.2 7.4 14.0 - 12.7 12.3 9.4 10.5
 
