
# Evolved Layout
plyvj öxidfqß
cnerk bhatm⇘
wüäsz ou,.g
┌───┬───┬───┬───┬───┬───┬───┬───┬───┬───┬───┬───┬───┬──────┐
│ ^ │ 1 │ 2 │ 3 │ 4 │ 5 │ 6 │ 7 │ 8 │ 9 │ 0 │ - │ ` │ ←    │
├───┴─┬─┴─┬─┴─┬─┴─┬─┴─┬─┴─┬─┴─┬─┴─┬─┴─┬─┴─┬─┴─┬─┴─┬─┴─┬────┤
│   ⇥ │ p │ l │ y │ v │ j │ ö │ x │ i │ d │ f │ q │ ß │ Ret│
├─────┴┬──┴┬──┴┬──┴┬──┴┬──┴┬──┴┬──┴┬──┴┬──┴┬──┴┬──┴┬──┴┐   │
│    ⇩ │ c │ n │ e │ r │ k │ b │ h │ a │ t │ m │ ⇘ │ ´ │   │
├────┬─┴─┬─┴─┬─┴─┬─┴─┬─┴─┬─┴─┬─┴─┬─┴─┬─┴─┬─┴─┬─┴─┬─┴───┴───┤
│  ⇧ │ ⇚ │ w │ ü │ ä │ s │ z │ o │ u │ , │ . │ g │ ⇗       │
├────┼───┴┬──┴─┬─┴───┴───┴───┴───┴───┴─┬─┴──┬┴───┼────┬────┤
│Strg│ Fe │ Alt│      Leerzeichen      │ M4 │ Fe │ Me │Strg│
└────┴────┴────┴───────────────────────┴────┴────┴────┴────┘
# 10.865918045360576 x100 total penalty per letter
# 39.76633651434499 x10 billion total penalty compared to notime-noeffort
# 7.678998211569503 mean key position cost in file 1gramme.txt ( 56.20613476 )
# 14.299748537092093 % finger repeats in file 2gramme.txt ( 69.03070597466504 )
# 10.602985129797233 million keystrokes disbalance of the fingers ( 21.205970259594466 )
# 0.4424486552151062 % finger repeats top to bottom or vice versa ( 10.679398643904715 )
# 4.486048055688858 % of trigrams have no handswitching (after direction change counted x 1 ) ( 19.843201697933686 )
# 8.578482032171864 billion (rows²/dist)² to cross ( 111.52026641823424 )
# 0.014121701732579428 hand disbalance. Left: 0.5141217017325794 %, Right: 0.4858782982674205 % ( 0.41345303059246624 )
# 0.7319461889614385 badly positioned shortcut keys (weighted).
# 11.876536200586411 no handswitching after unbalancing key (weighted).
# 39.641366554602975 movement pattern cost (weighted).
# 0.9057063705903842 asymmetric bigram cost (weighted).
# 6.932676590585325 irregularity cost (weighted).
# 17.144609660543683 manually assigned bigram penalty (weighted)
# 12.361890703748703 unbalancing key after neighboring finger (weighted)
# 0.9057063705903842 asymmetrc bigrams (weighted)
# 19.16950208890632 inconsistent symmetries of similar keys (weighted)
# 6.932676590585325 irregularity cost for randomly sampled words (weighted).
# Finger load %: 9.8 9.7 11.5 12.3 - 11.1 11.1 9.5 9.2
 
