
# Evolved Layout
mflvü äöbdwßj
hnrip oestc⇘
kxzuq ya,.g
┌───┬───┬───┬───┬───┬───┬───┬───┬───┬───┬───┬───┬───┬──────┐
│ ^ │ 1 │ 2 │ 3 │ 4 │ 5 │ 6 │ 7 │ 8 │ 9 │ 0 │ - │ ` │ ←    │
├───┴─┬─┴─┬─┴─┬─┴─┬─┴─┬─┴─┬─┴─┬─┴─┬─┴─┬─┴─┬─┴─┬─┴─┬─┴─┬────┤
│   ⇥ │ m │ f │ l │ v │ ü │ ä │ ö │ b │ d │ w │ ß │ j │ Ret│
├─────┴┬──┴┬──┴┬──┴┬──┴┬──┴┬──┴┬──┴┬──┴┬──┴┬──┴┬──┴┬──┴┐   │
│    ⇩ │ h │ n │ r │ i │ p │ o │ e │ s │ t │ c │ ⇘ │ ´ │   │
├────┬─┴─┬─┴─┬─┴─┬─┴─┬─┴─┬─┴─┬─┴─┬─┴─┬─┴─┬─┴─┬─┴─┬─┴───┴───┤
│  ⇧ │ ⇚ │ k │ x │ z │ u │ q │ y │ a │ , │ . │ g │ ⇗       │
├────┼───┴┬──┴─┬─┴───┴───┴───┴───┴───┴─┬─┴──┬┴───┼────┬────┤
│Strg│ Fe │ Alt│      Leerzeichen      │ M4 │ Fe │ Me │Strg│
└────┴────┴────┴───────────────────────┴────┴────┴────┴────┘
# 10.054337156543822 x100 total penalty per letter
# 36.79616882132819 x10 billion total penalty compared to notime-noeffort
# 7.4163039959293835 mean key position cost in file 1gramme.txt ( 54.28335446 )
# 11.698405331107184 % finger repeats in file 2gramme.txt ( 56.47296361117215 )
# 13.638556172028858 million keystrokes disbalance of the fingers ( 27.277112344057716 )
# 0.422303375434696 % finger repeats top to bottom or vice versa ( 10.193151322250184 )
# 4.441042919821262 % of trigrams have no handswitching (after direction change counted x 1 ) ( 19.644129825011788 )
# 8.421148066248167 billion (rows²/dist)² to cross ( 109.47492486122617 )
# 0.0421680035668891 hand disbalance. Left: 0.4578319964331109 %, Right: 0.5421680035668891 % ( 1.234588380275873 )
# 0.36597309448071924 badly positioned shortcut keys (weighted).
# 14.388556514154137 no handswitching after unbalancing key (weighted).
# 20.313596298908788 movement pattern cost (weighted).
# 0.87358391809944 asymmetric bigram cost (weighted).
# 14.713237976745326 irregularity cost (weighted).
# 17.453345253429333 manually assigned bigram penalty (weighted)
# 11.680873461324474 unbalancing key after neighboring finger (weighted)
# 0.87358391809944 asymmetrc bigrams (weighted)
# 9.592296892145866 inconsistent symmetries of similar keys (weighted)
# 14.713237976745326 irregularity cost for randomly sampled words (weighted).
# Finger load %: 11.7 8.2 8.5 10.2 - 19.7 7.3 9.5 9.3
 
