
# Evolved Layout
ücozq vwudgßj
anerm bsith⇘
xyälö kf,.p
┌───┬───┬───┬───┬───┬───┬───┬───┬───┬───┬───┬───┬───┬──────┐
│ ^ │ 1 │ 2 │ 3 │ 4 │ 5 │ 6 │ 7 │ 8 │ 9 │ 0 │ - │ ` │ ←    │
├───┴─┬─┴─┬─┴─┬─┴─┬─┴─┬─┴─┬─┴─┬─┴─┬─┴─┬─┴─┬─┴─┬─┴─┬─┴─┬────┤
│   ⇥ │ ü │ c │ o │ z │ q │ v │ w │ u │ d │ g │ ß │ j │ Ret│
├─────┴┬──┴┬──┴┬──┴┬──┴┬──┴┬──┴┬──┴┬──┴┬──┴┬──┴┬──┴┬──┴┐   │
│    ⇩ │ a │ n │ e │ r │ m │ b │ s │ i │ t │ h │ ⇘ │ ´ │   │
├────┬─┴─┬─┴─┬─┴─┬─┴─┬─┴─┬─┴─┬─┴─┬─┴─┬─┴─┬─┴─┬─┴─┬─┴───┴───┤
│  ⇧ │ ⇚ │ x │ y │ ä │ l │ ö │ k │ f │ , │ . │ p │ ⇗       │
├────┼───┴┬──┴─┬─┴───┴───┴───┴───┴───┴─┬─┴──┬┴───┼────┬────┤
│Strg│ Fe │ Alt│      Leerzeichen      │ M4 │ Fe │ Me │Strg│
└────┴────┴────┴───────────────────────┴────┴────┴────┴────┘
# 9.73064507524291 x100 total penalty per letter
# 35.61154289480219 x10 billion total penalty compared to notime-noeffort
# 7.147053877584437 mean key position cost in file 1gramme.txt ( 52.31258848 )
# 9.216370215423863 % finger repeats in file 2gramme.txt ( 44.49116995619289 )
# 11.823047285990857 million keystrokes disbalance of the fingers ( 23.646094571981713 )
# 0.3458145598427696 % finger repeats top to bottom or vice versa ( 8.346938108856722 )
# 4.066593182830448 % of trigrams have no handswitching (after direction change counted x 1 ) ( 17.987820850027795 )
# 7.922036824775844 billion (rows²/dist)² to cross ( 102.98647872208598 )
# 0.028900510680458735 hand disbalance. Left: 0.5289005106804587 %, Right: 0.47109948931954126 % ( 0.8461447460640449 )
# 0.36597309448071924 badly positioned shortcut keys (weighted).
# 11.83890434981722 no handswitching after unbalancing key (weighted).
# 44.02338110891674 movement pattern cost (weighted).
# 0.8801926797970435 asymmetric bigram cost (weighted).
# 8.225520150441886 irregularity cost (weighted).
# 16.909575332163275 manually assigned bigram penalty (weighted)
# 12.808923020042464 unbalancing key after neighboring finger (weighted)
# 0.8801926797970435 asymmetrc bigrams (weighted)
# 10.445723777153416 inconsistent symmetries of similar keys (weighted)
# 8.225520150441886 irregularity cost for randomly sampled words (weighted).
# Finger load %: 10.9 9.2 13.8 10.7 - 11.2 9.2 9.5 9.8
 
