
# Evolved Layout
öükcß qwluvxj
aesnf gtrih⇘
oäzpy md,.b
┌───┬───┬───┬───┬───┬───┬───┬───┬───┬───┬───┬───┬───┬──────┐
│ ^ │ 1 │ 2 │ 3 │ 4 │ 5 │ 6 │ 7 │ 8 │ 9 │ 0 │ - │ ` │ ←    │
├───┴─┬─┴─┬─┴─┬─┴─┬─┴─┬─┴─┬─┴─┬─┴─┬─┴─┬─┴─┬─┴─┬─┴─┬─┴─┬────┤
│   ⇥ │ ö │ ü │ k │ c │ ß │ q │ w │ l │ u │ v │ x │ j │ Ret│
├─────┴┬──┴┬──┴┬──┴┬──┴┬──┴┬──┴┬──┴┬──┴┬──┴┬──┴┬──┴┬──┴┐   │
│    ⇩ │ a │ e │ s │ n │ f │ g │ t │ r │ i │ h │ ⇘ │ ´ │   │
├────┬─┴─┬─┴─┬─┴─┬─┴─┬─┴─┬─┴─┬─┴─┬─┴─┬─┴─┬─┴─┬─┴─┬─┴───┴───┤
│  ⇧ │ ⇚ │ o │ ä │ z │ p │ y │ m │ d │ , │ . │ b │ ⇗       │
├────┼───┴┬──┴─┬─┴───┴───┴───┴───┴───┴─┬─┴──┬┴───┼────┬────┤
│Strg│ Fe │ Alt│      Leerzeichen      │ M4 │ Fe │ Me │Strg│
└────┴────┴────┴───────────────────────┴────┴────┴────┴────┘
# 9.552982034044488 x100 total penalty per letter
# 34.96134396517977 x10 billion total penalty compared to notime-noeffort
# 7.512287478130014 mean key position cost in file 1gramme.txt ( 54.9859019 )
# 8.311604597240693 % finger repeats in file 2gramme.txt ( 40.12349809100014 )
# 13.735724116212165 million keystrokes disbalance of the fingers ( 27.471448232424333 )
# 0.33538553268134064 % finger repeats top to bottom or vice versa ( 8.095212316016735 )
# 4.155853483763233 % of trigrams have no handswitching (after direction change counted x 1 ) ( 18.382647239098993 )
# 8.156196808097711 billion (rows²/dist)² to cross ( 106.03055850527024 )
# 0.003171381423506703 hand disbalance. Left: 0.5031713814235067 %, Right: 0.4968286185764933 % ( 0.09285122186715332 )
# 0.7319461889614385 badly positioned shortcut keys (weighted).
# 10.699149048788266 no handswitching after unbalancing key (weighted).
# 29.807560630042527 movement pattern cost (weighted).
# 0.8911885508664349 asymmetric bigram cost (weighted).
# 4.212116838605896 irregularity cost (weighted).
# 17.66398930963669 manually assigned bigram penalty (weighted)
# 10.967802646859084 unbalancing key after neighboring finger (weighted)
# 0.8911885508664349 asymmetrc bigrams (weighted)
# 19.45756893235976 inconsistent symmetries of similar keys (weighted)
# 4.212116838605896 irregularity cost for randomly sampled words (weighted).
# Finger load %: 12.9 11.6 6.3 11.7 - 14.1 9.1 9.4 9.3
 
