
# Evolved Layout
ßlazä qcofövj
hrinp mdest⇘
uxüky bg,.w
┌───┬───┬───┬───┬───┬───┬───┬───┬───┬───┬───┬───┬───┬──────┐
│ ^ │ 1 │ 2 │ 3 │ 4 │ 5 │ 6 │ 7 │ 8 │ 9 │ 0 │ - │ ` │ ←    │
├───┴─┬─┴─┬─┴─┬─┴─┬─┴─┬─┴─┬─┴─┬─┴─┬─┴─┬─┴─┬─┴─┬─┴─┬─┴─┬────┤
│   ⇥ │ ß │ l │ a │ z │ ä │ q │ c │ o │ f │ ö │ v │ j │ Ret│
├─────┴┬──┴┬──┴┬──┴┬──┴┬──┴┬──┴┬──┴┬──┴┬──┴┬──┴┬──┴┬──┴┐   │
│    ⇩ │ h │ r │ i │ n │ p │ m │ d │ e │ s │ t │ ⇘ │ ´ │   │
├────┬─┴─┬─┴─┬─┴─┬─┴─┬─┴─┬─┴─┬─┴─┬─┴─┬─┴─┬─┴─┬─┴─┬─┴───┴───┤
│  ⇧ │ ⇚ │ u │ x │ ü │ k │ y │ b │ g │ , │ . │ w │ ⇗       │
├────┼───┴┬──┴─┬─┴───┴───┴───┴───┴───┴─┬─┴──┬┴───┼────┬────┤
│Strg│ Fe │ Alt│      Leerzeichen      │ M4 │ Fe │ Me │Strg│
└────┴────┴────┴───────────────────────┴────┴────┴────┴────┘
# 9.81927908930158 x100 total penalty per letter
# 35.93591953881518 x10 billion total penalty compared to notime-noeffort
# 7.461948362282878 mean key position cost in file 1gramme.txt ( 54.61744666 )
# 9.843302216803528 % finger repeats in file 2gramme.txt ( 47.517625878903026 )
# 12.876669034376171 million keystrokes disbalance of the fingers ( 25.753338068752342 )
# 0.31955529222182316 % finger repeats top to bottom or vice versa ( 7.713117249157812 )
# 3.469285933047789 % of trigrams have no handswitching (after direction change counted x 1 ) ( 15.345742993094241 )
# 7.931837467161831 billion (rows²/dist)² to cross ( 103.11388707310381 )
# 0.02562212080042886 hand disbalance. Left: 0.47437787919957114 %, Right: 0.5256221208004289 % ( 0.7501605469193402 )
# 0.7319461889614385 badly positioned shortcut keys (weighted).
# 12.332933198896317 no handswitching after unbalancing key (weighted).
# 40.360971842149326 movement pattern cost (weighted).
# 0.8739017678722508 asymmetric bigram cost (weighted).
# 4.177199791567886 irregularity cost (weighted).
# 20.42883547203639 manually assigned bigram penalty (weighted)
# 13.727563371786704 unbalancing key after neighboring finger (weighted)
# 0.8739017678722508 asymmetrc bigrams (weighted)
# 11.914525284951045 inconsistent symmetries of similar keys (weighted)
# 4.177199791567886 irregularity cost for randomly sampled words (weighted).
# Finger load %: 11.7 8.2 10.2 9.9 - 11.7 14.7 7.5 10.4
 
