
# Evolved Layout
ßkczj xfuyüöä
hsnrl btiea⇘
gvpmq wd,.o
┌───┬───┬───┬───┬───┬───┬───┬───┬───┬───┬───┬───┬───┬──────┐
│ ^ │ 1 │ 2 │ 3 │ 4 │ 5 │ 6 │ 7 │ 8 │ 9 │ 0 │ - │ ` │ ←    │
├───┴─┬─┴─┬─┴─┬─┴─┬─┴─┬─┴─┬─┴─┬─┴─┬─┴─┬─┴─┬─┴─┬─┴─┬─┴─┬────┤
│   ⇥ │ ß │ k │ c │ z │ j │ x │ f │ u │ y │ ü │ ö │ ä │ Ret│
├─────┴┬──┴┬──┴┬──┴┬──┴┬──┴┬──┴┬──┴┬──┴┬──┴┬──┴┬──┴┬──┴┐   │
│    ⇩ │ h │ s │ n │ r │ l │ b │ t │ i │ e │ a │ ⇘ │ ´ │   │
├────┬─┴─┬─┴─┬─┴─┬─┴─┬─┴─┬─┴─┬─┴─┬─┴─┬─┴─┬─┴─┬─┴─┬─┴───┴───┤
│  ⇧ │ ⇚ │ g │ v │ p │ m │ q │ w │ d │ , │ . │ o │ ⇗       │
├────┼───┴┬──┴─┬─┴───┴───┴───┴───┴───┴─┬─┴──┬┴───┼────┬────┤
│Strg│ Fe │ Alt│      Leerzeichen      │ M4 │ Fe │ Me │Strg│
└────┴────┴────┴───────────────────────┴────┴────┴────┴────┘
# 9.492436191176752 x100 total penalty per letter
# 34.739762470457286 x10 billion total penalty compared to notime-noeffort
# 7.50121279788405 mean key position cost in file 1gramme.txt ( 54.9048412 )
# 8.337791888008049 % finger repeats in file 2gramme.txt ( 40.249914801374125 )
# 13.446393915767105 million keystrokes disbalance of the fingers ( 26.89278783153421 )
# 0.34189564033950365 % finger repeats top to bottom or vice versa ( 8.25234701193407 )
# 3.5725093541758417 % of trigrams have no handswitching (after direction change counted x 1 ) ( 15.802332655079075 )
# 8.384929615820296 billion (rows²/dist)² to cross ( 109.00408500566385 )
# 0.05467501130855551 hand disbalance. Left: 0.4453249886914445 %, Right: 0.5546750113085556 % ( 1.6007666463488304 )
# 0.36597309448071924 badly positioned shortcut keys (weighted).
# 11.684858283127927 no handswitching after unbalancing key (weighted).
# 28.949291051165982 movement pattern cost (weighted).
# 0.8785483675019452 asymmetric bigram cost (weighted).
# 4.096715550067793 irregularity cost (weighted).
# 17.557902600412923 manually assigned bigram penalty (weighted)
# 11.577329685794275 unbalancing key after neighboring finger (weighted)
# 0.8785483675019452 asymmetrc bigrams (weighted)
# 15.579930920087182 inconsistent symmetries of similar keys (weighted)
# 4.096715550067793 irregularity cost for randomly sampled words (weighted).
# Finger load %: 10.6 6.5 9.6 10.8 - 13.2 9.2 12.6 11.8
 
