
# Evolved Layout
jplcß qfovöäü
hnrtg mseai⇘
kzxdy wb,.u
┌───┬───┬───┬───┬───┬───┬───┬───┬───┬───┬───┬───┬───┬──────┐
│ ^ │ 1 │ 2 │ 3 │ 4 │ 5 │ 6 │ 7 │ 8 │ 9 │ 0 │ - │ ` │ ←    │
├───┴─┬─┴─┬─┴─┬─┴─┬─┴─┬─┴─┬─┴─┬─┴─┬─┴─┬─┴─┬─┴─┬─┴─┬─┴─┬────┤
│   ⇥ │ j │ p │ l │ c │ ß │ q │ f │ o │ v │ ö │ ä │ ü │ Ret│
├─────┴┬──┴┬──┴┬──┴┬──┴┬──┴┬──┴┬──┴┬──┴┬──┴┬──┴┬──┴┬──┴┐   │
│    ⇩ │ h │ n │ r │ t │ g │ m │ s │ e │ a │ i │ ⇘ │ ´ │   │
├────┬─┴─┬─┴─┬─┴─┬─┴─┬─┴─┬─┴─┬─┴─┬─┴─┬─┴─┬─┴─┬─┴─┬─┴───┴───┤
│  ⇧ │ ⇚ │ k │ z │ x │ d │ y │ w │ b │ , │ . │ u │ ⇗       │
├────┼───┴┬──┴─┬─┴───┴───┴───┴───┴───┴─┬─┴──┬┴───┼────┬────┤
│Strg│ Fe │ Alt│      Leerzeichen      │ M4 │ Fe │ Me │Strg│
└────┴────┴────┴───────────────────────┴────┴────┴────┴────┘
# 9.372730876177188 x100 total penalty per letter
# 34.30167322489549 x10 billion total penalty compared to notime-noeffort
# 7.43651408817809 mean key position cost in file 1gramme.txt ( 54.43128146 )
# 9.54153361914584 % finger repeats in file 2gramme.txt ( 46.06086604265412 )
# 13.500497448114974 million keystrokes disbalance of the fingers ( 27.00099489622995 )
# 0.36804347632101214 % finger repeats top to bottom or vice versa ( 8.883478242260004 )
# 3.2934672537656025 % of trigrams have no handswitching (after direction change counted x 1 ) ( 14.568041668464756 )
# 8.369905305819895 billion (rows²/dist)² to cross ( 108.80876897565865 )
# 0.034655664130984865 hand disbalance. Left: 0.46534433586901514 %, Right: 0.5346556641309849 % ( 1.01464325146408 )
# 0.36597309448071924 badly positioned shortcut keys (weighted).
# 12.824100818697746 no handswitching after unbalancing key (weighted).
# 22.03443861580765 movement pattern cost (weighted).
# 0.8585485870939272 asymmetric bigram cost (weighted).
# 4.156975356256307 irregularity cost (weighted).
# 16.90549211960604 manually assigned bigram penalty (weighted)
# 13.641347885438282 unbalancing key after neighboring finger (weighted)
# 0.8585485870939272 asymmetrc bigrams (weighted)
# 11.461781234842698 inconsistent symmetries of similar keys (weighted)
# 4.156975356256307 irregularity cost for randomly sampled words (weighted).
# Finger load %: 10.0 8.3 8.0 13.0 - 11.5 14.7 6.5 12.4
 
