
# Evolved Layout
jpmüä qfalzxß
cnseu wtirh⇘
bvyoö gd,.k
┌───┬───┬───┬───┬───┬───┬───┬───┬───┬───┬───┬───┬───┬──────┐
│ ^ │ 1 │ 2 │ 3 │ 4 │ 5 │ 6 │ 7 │ 8 │ 9 │ 0 │ - │ ` │ ←    │
├───┴─┬─┴─┬─┴─┬─┴─┬─┴─┬─┴─┬─┴─┬─┴─┬─┴─┬─┴─┬─┴─┬─┴─┬─┴─┬────┤
│   ⇥ │ j │ p │ m │ ü │ ä │ q │ f │ a │ l │ z │ x │ ß │ Ret│
├─────┴┬──┴┬──┴┬──┴┬──┴┬──┴┬──┴┬──┴┬──┴┬──┴┬──┴┬──┴┬──┴┐   │
│    ⇩ │ c │ n │ s │ e │ u │ w │ t │ i │ r │ h │ ⇘ │ ´ │   │
├────┬─┴─┬─┴─┬─┴─┬─┴─┬─┴─┬─┴─┬─┴─┬─┴─┬─┴─┬─┴─┬─┴─┬─┴───┴───┤
│  ⇧ │ ⇚ │ b │ v │ y │ o │ ö │ g │ d │ , │ . │ k │ ⇗       │
├────┼───┴┬──┴─┬─┴───┴───┴───┴───┴───┴─┬─┴──┬┴───┼────┬────┤
│Strg│ Fe │ Alt│      Leerzeichen      │ M4 │ Fe │ Me │Strg│
└────┴────┴────┴───────────────────────┴────┴────┴────┴────┘
# 9.720888459964069 x100 total penalty per letter
# 35.57583630794964 x10 billion total penalty compared to notime-noeffort
# 7.243981456510239 mean key position cost in file 1gramme.txt ( 53.0220462 )
# 11.21620432809071 % finger repeats in file 2gramme.txt ( 54.1451831209365 )
# 11.10521122760173 million keystrokes disbalance of the fingers ( 22.210422455203457 )
# 0.3577116048127942 % finger repeats top to bottom or vice versa ( 8.63409749881483 )
# 4.9501525449835215 % of trigrams have no handswitching (after direction change counted x 1 ) ( 21.89608184448316 )
# 8.045864327131623 billion (rows²/dist)² to cross ( 104.5962362527111 )
# 0.008334067530132161 hand disbalance. Left: 0.49166593246986784 %, Right: 0.5083340675301322 % ( 0.24400355868910018 )
# 0.7319461889614385 badly positioned shortcut keys (weighted).
# 11.222675699894028 no handswitching after unbalancing key (weighted).
# 25.682860470262288 movement pattern cost (weighted).
# 0.8756899260075394 asymmetric bigram cost (weighted).
# 9.478111960055088 irregularity cost (weighted).
# 14.979485569087018 manually assigned bigram penalty (weighted)
# 12.489962799769398 unbalancing key after neighboring finger (weighted)
# 0.8756899260075394 asymmetrc bigrams (weighted)
# 15.549559534621388 inconsistent symmetries of similar keys (weighted)
# 9.478111960055088 irregularity cost for randomly sampled words (weighted).
# Finger load %: 9.3 8.3 7.0 16.9 - 13.7 11.1 9.3 8.9
 
