
# Evolved Layout
öäcpq xwlükßj
aentg mhris⇘
oyzdv bu,.f
┌───┬───┬───┬───┬───┬───┬───┬───┬───┬───┬───┬───┬───┬──────┐
│ ^ │ 1 │ 2 │ 3 │ 4 │ 5 │ 6 │ 7 │ 8 │ 9 │ 0 │ - │ ` │ ←    │
├───┴─┬─┴─┬─┴─┬─┴─┬─┴─┬─┴─┬─┴─┬─┴─┬─┴─┬─┴─┬─┴─┬─┴─┬─┴─┬────┤
│   ⇥ │ ö │ ä │ c │ p │ q │ x │ w │ l │ ü │ k │ ß │ j │ Ret│
├─────┴┬──┴┬──┴┬──┴┬──┴┬──┴┬──┴┬──┴┬──┴┬──┴┬──┴┬──┴┬──┴┐   │
│    ⇩ │ a │ e │ n │ t │ g │ m │ h │ r │ i │ s │ ⇘ │ ´ │   │
├────┬─┴─┬─┴─┬─┴─┬─┴─┬─┴─┬─┴─┬─┴─┬─┴─┬─┴─┬─┴─┬─┴─┬─┴───┴───┤
│  ⇧ │ ⇚ │ o │ y │ z │ d │ v │ b │ u │ , │ . │ f │ ⇗       │
├────┼───┴┬──┴─┬─┴───┴───┴───┴───┴───┴─┬─┴──┬┴───┼────┬────┤
│Strg│ Fe │ Alt│      Leerzeichen      │ M4 │ Fe │ Me │Strg│
└────┴────┴────┴───────────────────────┴────┴────┴────┴────┘
# 10.334064669709479 x100 total penalty per letter
# 37.8198962573745 x10 billion total penalty compared to notime-noeffort
# 7.527282654231106 mean key position cost in file 1gramme.txt ( 55.09565852 )
# 9.221338795659134 % finger repeats in file 2gramme.txt ( 44.5151553151272 )
# 14.333735109251396 million keystrokes disbalance of the fingers ( 28.667470218502793 )
# 0.3628909555918368 % finger repeats top to bottom or vice versa ( 8.759111669462774 )
# 5.103394480599719 % of trigrams have no handswitching (after direction change counted x 1 ) ( 22.57391913005522 )
# 8.540807575118265 billion (rows²/dist)² to cross ( 111.03049847653745 )
# 0.042293975433573605 hand disbalance. Left: 0.5422939754335736 %, Right: 0.45770602456642634 % ( 1.238276565385316 )
# 0.7319461889614385 badly positioned shortcut keys (weighted).
# 13.630801783028293 no handswitching after unbalancing key (weighted).
# 36.78276596575522 movement pattern cost (weighted).
# 0.8868494732211413 asymmetric bigram cost (weighted).
# 5.449045045447698 irregularity cost (weighted).
# 21.056491758343213 manually assigned bigram penalty (weighted)
# 13.433649428688458 unbalancing key after neighboring finger (weighted)
# 0.8868494732211413 asymmetrc bigrams (weighted)
# 14.347323035228815 inconsistent symmetries of similar keys (weighted)
# 5.449045045447698 irregularity cost for randomly sampled words (weighted).
# Finger load %: 12.9 11.7 9.3 12.0 - 11.3 9.1 7.2 11.0
 
