
# Evolved Layout
öälkj ßpoüfxq
irnhm ctaes⇘
uyzgv bd,.w
┌───┬───┬───┬───┬───┬───┬───┬───┬───┬───┬───┬───┬───┬──────┐
│ ^ │ 1 │ 2 │ 3 │ 4 │ 5 │ 6 │ 7 │ 8 │ 9 │ 0 │ - │ ` │ ←    │
├───┴─┬─┴─┬─┴─┬─┴─┬─┴─┬─┴─┬─┴─┬─┴─┬─┴─┬─┴─┬─┴─┬─┴─┬─┴─┬────┤
│   ⇥ │ ö │ ä │ l │ k │ j │ ß │ p │ o │ ü │ f │ x │ q │ Ret│
├─────┴┬──┴┬──┴┬──┴┬──┴┬──┴┬──┴┬──┴┬──┴┬──┴┬──┴┬──┴┬──┴┐   │
│    ⇩ │ i │ r │ n │ h │ m │ c │ t │ a │ e │ s │ ⇘ │ ´ │   │
├────┬─┴─┬─┴─┬─┴─┬─┴─┬─┴─┬─┴─┬─┴─┬─┴─┬─┴─┬─┴─┬─┴─┬─┴───┴───┤
│  ⇧ │ ⇚ │ u │ y │ z │ g │ v │ b │ d │ , │ . │ w │ ⇗       │
├────┼───┴┬──┴─┬─┴───┴───┴───┴───┴───┴─┬─┴──┬┴───┼────┬────┤
│Strg│ Fe │ Alt│      Leerzeichen      │ M4 │ Fe │ Me │Strg│
└────┴────┴────┴───────────────────────┴────┴────┴────┴────┘
# 9.762200453533971 x100 total penalty per letter
# 35.72702708920908 x10 billion total penalty compared to notime-noeffort
# 7.449403874534362 mean key position cost in file 1gramme.txt ( 54.52562776 )
# 8.83567997901564 % finger repeats in file 2gramme.txt ( 42.65342324975566 )
# 15.592794724715377 million keystrokes disbalance of the fingers ( 31.18558944943075 )
# 0.32590890680735596 % finger repeats top to bottom or vice versa ( 7.866474666315389 )
# 4.270999660594942 % of trigrams have no handswitching (after direction change counted x 1 ) ( 18.891975000026576 )
# 7.955772595006618 billion (rows²/dist)² to cross ( 103.42504373508604 )
# 0.04095453509673064 hand disbalance. Left: 0.45904546490326936 %, Right: 0.5409545350967306 % ( 1.1990606353895787 )
# 1.0979192834421578 badly positioned shortcut keys (weighted).
# 11.376546410811908 no handswitching after unbalancing key (weighted).
# 34.227047027519475 movement pattern cost (weighted).
# 0.8672715924406369 asymmetric bigram cost (weighted).
# 5.007871830053829 irregularity cost (weighted).
# 21.605462842778284 manually assigned bigram penalty (weighted)
# 13.363069377380935 unbalancing key after neighboring finger (weighted)
# 0.8672715924406369 asymmetrc bigrams (weighted)
# 9.977888031659656 inconsistent symmetries of similar keys (weighted)
# 5.007871830053829 irregularity cost for randomly sampled words (weighted).
# Finger load %: 13.8 5.9 9.9 9.1 - 13.8 8.4 12.5 11.0
 
