
# Evolved Layout
üyufj qpdlzxß
aeisk bntrh⇘
oäömv wc,.g
┌───┬───┬───┬───┬───┬───┬───┬───┬───┬───┬───┬───┬───┬──────┐
│ ^ │ 1 │ 2 │ 3 │ 4 │ 5 │ 6 │ 7 │ 8 │ 9 │ 0 │ - │ ` │ ←    │
├───┴─┬─┴─┬─┴─┬─┴─┬─┴─┬─┴─┬─┴─┬─┴─┬─┴─┬─┴─┬─┴─┬─┴─┬─┴─┬────┤
│   ⇥ │ ü │ y │ u │ f │ j │ q │ p │ d │ l │ z │ x │ ß │ Ret│
├─────┴┬──┴┬──┴┬──┴┬──┴┬──┴┬──┴┬──┴┬──┴┬──┴┬──┴┬──┴┬──┴┐   │
│    ⇩ │ a │ e │ i │ s │ k │ b │ n │ t │ r │ h │ ⇘ │ ´ │   │
├────┬─┴─┬─┴─┬─┴─┬─┴─┬─┴─┬─┴─┬─┴─┬─┴─┬─┴─┬─┴─┬─┴─┬─┴───┴───┤
│  ⇧ │ ⇚ │ o │ ä │ ö │ m │ v │ w │ c │ , │ . │ g │ ⇗       │
├────┼───┴┬──┴─┬─┴───┴───┴───┴───┴───┴─┬─┴──┬┴───┼────┬────┤
│Strg│ Fe │ Alt│      Leerzeichen      │ M4 │ Fe │ Me │Strg│
└────┴────┴────┴───────────────────────┴────┴────┴────┴────┘
# 9.537747250396528 x100 total penalty per letter
# 34.90558875602589 x10 billion total penalty compared to notime-noeffort
# 7.478078490669436 mean key position cost in file 1gramme.txt ( 54.73551052 )
# 7.9077864231512445 % finger repeats in file 2gramme.txt ( 38.1741034166471 )
# 13.811882753584081 million keystrokes disbalance of the fingers ( 27.623765507168162 )
# 0.3525861205518759 % finger repeats top to bottom or vice versa ( 8.510383506196197 )
# 2.9458473641239347 % of trigrams have no handswitching (after direction change counted x 1 ) ( 13.030409548000577 )
# 8.600896585814196 billion (rows²/dist)² to cross ( 111.81165561558456 )
# 0.00479958462638852 hand disbalance. Left: 0.5047995846263885 %, Right: 0.4952004153736114 % ( 0.1405215070353195 )
# 1.463892377922877 badly positioned shortcut keys (weighted).
# 11.392529677606637 no handswitching after unbalancing key (weighted).
# 29.994060071922927 movement pattern cost (weighted).
# 0.8649033734646129 asymmetric bigram cost (weighted).
# 7.186535679570264 irregularity cost (weighted).
# 18.022649346258817 manually assigned bigram penalty (weighted)
# 10.1698167387457 unbalancing key after neighboring finger (weighted)
# 0.8649033734646129 asymmetrc bigrams (weighted)
# 15.93515067413518 inconsistent symmetries of similar keys (weighted)
# 7.186535679570264 irregularity cost for randomly sampled words (weighted).
# Finger load %: 12.9 11.7 8.1 9.9 - 13.2 9.3 9.3 10.0
 
