
# Evolved Layout
jfcäö vpulkqß
msneo gtirh⇘
zyxaü wd,.b
┌───┬───┬───┬───┬───┬───┬───┬───┬───┬───┬───┬───┬───┬──────┐
│ ^ │ 1 │ 2 │ 3 │ 4 │ 5 │ 6 │ 7 │ 8 │ 9 │ 0 │ - │ ` │ ←    │
├───┴─┬─┴─┬─┴─┬─┴─┬─┴─┬─┴─┬─┴─┬─┴─┬─┴─┬─┴─┬─┴─┬─┴─┬─┴─┬────┤
│   ⇥ │ j │ f │ c │ ä │ ö │ v │ p │ u │ l │ k │ q │ ß │ Ret│
├─────┴┬──┴┬──┴┬──┴┬──┴┬──┴┬──┴┬──┴┬──┴┬──┴┬──┴┬──┴┬──┴┐   │
│    ⇩ │ m │ s │ n │ e │ o │ g │ t │ i │ r │ h │ ⇘ │ ´ │   │
├────┬─┴─┬─┴─┬─┴─┬─┴─┬─┴─┬─┴─┬─┴─┬─┴─┬─┴─┬─┴─┬─┴─┬─┴───┴───┤
│  ⇧ │ ⇚ │ z │ y │ x │ a │ ü │ w │ d │ , │ . │ b │ ⇗       │
├────┼───┴┬──┴─┬─┴───┴───┴───┴───┴───┴─┬─┴──┬┴───┼────┬────┤
│Strg│ Fe │ Alt│      Leerzeichen      │ M4 │ Fe │ Me │Strg│
└────┴────┴────┴───────────────────────┴────┴────┴────┴────┘
# 9.571957424352247 x100 total penalty per letter
# 35.03078878827887 x10 billion total penalty compared to notime-noeffort
# 7.249700461627185 mean key position cost in file 1gramme.txt ( 53.06390624 )
# 11.420894999624283 % finger repeats in file 2gramme.txt ( 55.13330829850443 )
# 11.45276658178632 million keystrokes disbalance of the fingers ( 22.90553316357264 )
# 0.3216989372075515 % finger repeats top to bottom or vice versa ( 7.764858483047359 )
# 3.9792523055003834 % of trigrams have no handswitching (after direction change counted x 1 ) ( 17.60148467533231 )
# 8.281888953615933 billion (rows²/dist)² to cross ( 107.66455639700715 )
# 0.00513656847275612 hand disbalance. Left: 0.5051365684727561 %, Right: 0.49486343152724394 % ( 0.15038766871893275 )
# 0.36597309448071924 badly positioned shortcut keys (weighted).
# 13.17802712383985 no handswitching after unbalancing key (weighted).
# 23.337774019120474 movement pattern cost (weighted).
# 0.885562372120228 asymmetric bigram cost (weighted).
# 4.904034823529054 irregularity cost (weighted).
# 15.283925689924022 manually assigned bigram penalty (weighted)
# 14.670137345457485 unbalancing key after neighboring finger (weighted)
# 0.885562372120228 asymmetrc bigrams (weighted)
# 13.398418488134089 inconsistent symmetries of similar keys (weighted)
# 4.904034823529054 irregularity cost for randomly sampled words (weighted).
# Finger load %: 8.4 6.7 8.8 18.8 - 13.9 9.2 9.3 9.4
 
