
# Evolved Layout
jphcß xbiäüöq
rnltd msuea⇘
zvkgy fw,.o
┌───┬───┬───┬───┬───┬───┬───┬───┬───┬───┬───┬───┬───┬──────┐
│ ^ │ 1 │ 2 │ 3 │ 4 │ 5 │ 6 │ 7 │ 8 │ 9 │ 0 │ - │ ` │ ←    │
├───┴─┬─┴─┬─┴─┬─┴─┬─┴─┬─┴─┬─┴─┬─┴─┬─┴─┬─┴─┬─┴─┬─┴─┬─┴─┬────┤
│   ⇥ │ j │ p │ h │ c │ ß │ x │ b │ i │ ä │ ü │ ö │ q │ Ret│
├─────┴┬──┴┬──┴┬──┴┬──┴┬──┴┬──┴┬──┴┬──┴┬──┴┬──┴┬──┴┬──┴┐   │
│    ⇩ │ r │ n │ l │ t │ d │ m │ s │ u │ e │ a │ ⇘ │ ´ │   │
├────┬─┴─┬─┴─┬─┴─┬─┴─┬─┴─┬─┴─┬─┴─┬─┴─┬─┴─┬─┴─┬─┴─┬─┴───┴───┤
│  ⇧ │ ⇚ │ z │ v │ k │ g │ y │ f │ w │ , │ . │ o │ ⇗       │
├────┼───┴┬──┴─┬─┴───┴───┴───┴───┴───┴─┬─┴──┬┴───┼────┬────┤
│Strg│ Fe │ Alt│      Leerzeichen      │ M4 │ Fe │ Me │Strg│
└────┴────┴────┴───────────────────────┴────┴────┴────┴────┘
# 9.560437968123141 x100 total penalty per letter
# 34.98863067784986 x10 billion total penalty compared to notime-noeffort
# 7.504604541754624 mean key position cost in file 1gramme.txt ( 54.92966694 )
# 9.738253261956826 % finger repeats in file 2gramme.txt ( 47.01051182048735 )
# 13.670536286972439 million keystrokes disbalance of the fingers ( 27.341072573944878 )
# 0.3204634982477138 % finger repeats top to bottom or vice versa ( 7.73503864972477 )
# 3.2954077478256303 % of trigrams have no handswitching (after direction change counted x 1 ) ( 14.576625084101144 )
# 8.459809806597285 billion (rows²/dist)² to cross ( 109.97752748576471 )
# 0.030055895146427203 hand disbalance. Left: 0.4699441048535728 %, Right: 0.5300558951464273 % ( 0.8799719163300795 )
# 0.36597309448071924 badly positioned shortcut keys (weighted).
# 12.152374878773099 no handswitching after unbalancing key (weighted).
# 27.3037622743028 movement pattern cost (weighted).
# 0.8643223361901667 asymmetric bigram cost (weighted).
# 4.391796279565286 irregularity cost (weighted).
# 18.13761173501742 manually assigned bigram penalty (weighted)
# 13.425518318277703 unbalancing key after neighboring finger (weighted)
# 0.8643223361901667 asymmetrc bigrams (weighted)
# 10.79453339153844 inconsistent symmetries of similar keys (weighted)
# 4.391796279565286 irregularity cost for randomly sampled words (weighted).
# Finger load %: 11.4 8.3 7.0 13.0 - 11.6 9.2 12.5 11.4
 
