
# Evolved Layout
ökoxj vwadäfß
hserz bnitc⇘
uyülq pm,.g
┌───┬───┬───┬───┬───┬───┬───┬───┬───┬───┬───┬───┬───┬──────┐
│ ^ │ 1 │ 2 │ 3 │ 4 │ 5 │ 6 │ 7 │ 8 │ 9 │ 0 │ - │ ` │ ←    │
├───┴─┬─┴─┬─┴─┬─┴─┬─┴─┬─┴─┬─┴─┬─┴─┬─┴─┬─┴─┬─┴─┬─┴─┬─┴─┬────┤
│   ⇥ │ ö │ k │ o │ x │ j │ v │ w │ a │ d │ ä │ f │ ß │ Ret│
├─────┴┬──┴┬──┴┬──┴┬──┴┬──┴┬──┴┬──┴┬──┴┬──┴┬──┴┬──┴┬──┴┐   │
│    ⇩ │ h │ s │ e │ r │ z │ b │ n │ i │ t │ c │ ⇘ │ ´ │   │
├────┬─┴─┬─┴─┬─┴─┬─┴─┬─┴─┬─┴─┬─┴─┬─┴─┬─┴─┬─┴─┬─┴─┬─┴───┴───┤
│  ⇧ │ ⇚ │ u │ y │ ü │ l │ q │ p │ m │ , │ . │ g │ ⇗       │
├────┼───┴┬──┴─┬─┴───┴───┴───┴───┴───┴─┬─┴──┬┴───┼────┬────┤
│Strg│ Fe │ Alt│      Leerzeichen      │ M4 │ Fe │ Me │Strg│
└────┴────┴────┴───────────────────────┴────┴────┴────┴────┘
# 9.867821075594986 x100 total penalty per letter
# 36.11357014817556 x10 billion total penalty compared to notime-noeffort
# 7.5859896775724955 mean key position cost in file 1gramme.txt ( 55.52536234 )
# 9.942261757147572 % finger repeats in file 2gramme.txt ( 47.99534385521275 )
# 12.497748032447584 million keystrokes disbalance of the fingers ( 24.995496064895168 )
# 0.37859905038654745 % finger repeats top to bottom or vice versa ( 9.138258502144192 )
# 4.338705789029098 % of trigrams have no handswitching (after direction change counted x 1 ) ( 19.19146050397731 )
# 8.018988477576588 billion (rows²/dist)² to cross ( 104.24685020849566 )
# 0.016185667490358546 hand disbalance. Left: 0.48381433250964145 %, Right: 0.5161856674903585 % ( 0.47388150541459956 )
# 1.0979192834421578 badly positioned shortcut keys (weighted).
# 11.8233458503967 no handswitching after unbalancing key (weighted).
# 34.9733566516734 movement pattern cost (weighted).
# 0.8641948790667814 asymmetric bigram cost (weighted).
# 9.120319455254029 irregularity cost (weighted).
# 18.77449199280294 manually assigned bigram penalty (weighted)
# 11.490420679265965 unbalancing key after neighboring finger (weighted)
# 0.8641948790667814 asymmetrc bigrams (weighted)
# 11.424999709713935 inconsistent symmetries of similar keys (weighted)
# 9.120319455254029 irregularity cost for randomly sampled words (weighted).
# Finger load %: 11.7 6.3 13.8 9.0 - 13.5 11.1 9.5 9.4
 
