
# Evolved Layout
äoyzö vpflkßq
iaenm wtsrh⇘
uüxcj bd,.g
┌───┬───┬───┬───┬───┬───┬───┬───┬───┬───┬───┬───┬───┬──────┐
│ ^ │ 1 │ 2 │ 3 │ 4 │ 5 │ 6 │ 7 │ 8 │ 9 │ 0 │ - │ ` │ ←    │
├───┴─┬─┴─┬─┴─┬─┴─┬─┴─┬─┴─┬─┴─┬─┴─┬─┴─┬─┴─┬─┴─┬─┴─┬─┴─┬────┤
│   ⇥ │ ä │ o │ y │ z │ ö │ v │ p │ f │ l │ k │ ß │ q │ Ret│
├─────┴┬──┴┬──┴┬──┴┬──┴┬──┴┬──┴┬──┴┬──┴┬──┴┬──┴┬──┴┬──┴┐   │
│    ⇩ │ i │ a │ e │ n │ m │ w │ t │ s │ r │ h │ ⇘ │ ´ │   │
├────┬─┴─┬─┴─┬─┴─┬─┴─┬─┴─┬─┴─┬─┴─┬─┴─┬─┴─┬─┴─┬─┴─┬─┴───┴───┤
│  ⇧ │ ⇚ │ u │ ü │ x │ c │ j │ b │ d │ , │ . │ g │ ⇗       │
├────┼───┴┬──┴─┬─┴───┴───┴───┴───┴───┴─┬─┴──┬┴───┼────┬────┤
│Strg│ Fe │ Alt│      Leerzeichen      │ M4 │ Fe │ Me │Strg│
└────┴────┴────┴───────────────────────┴────┴────┴────┴────┘
# 9.149023565446516 x100 total penalty per letter
# 33.48296465723485 x10 billion total penalty compared to notime-noeffort
# 7.576287745781476 mean key position cost in file 1gramme.txt ( 55.45434942 )
# 7.675229112709082 % finger repeats in file 2gramme.txt ( 37.05145463175761 )
# 14.763298332616376 million keystrokes disbalance of the fingers ( 29.52659666523275 )
# 0.3798739633978831 % finger repeats top to bottom or vice versa ( 9.169031122026457 )
# 3.747124093289507 % of trigrams have no handswitching (after direction change counted x 1 ) ( 16.574708573627383 )
# 8.240629293242835 billion (rows²/dist)² to cross ( 107.12818081215686 )
# 0.031087402591453706 hand disbalance. Left: 0.5310874025914537 %, Right: 0.4689125974085463 % ( 0.9101722340609795 )
# 0.7319461889614385 badly positioned shortcut keys (weighted).
# 11.617597203837043 no handswitching after unbalancing key (weighted).
# 25.231030047892535 movement pattern cost (weighted).
# 0.8812791032592239 asymmetric bigram cost (weighted).
# 3.754632502545771 irregularity cost (weighted).
# 19.298853740851026 manually assigned bigram penalty (weighted)
# 11.54255168366399 unbalancing key after neighboring finger (weighted)
# 0.8812791032592239 asymmetrc bigrams (weighted)
# 5.957262642475523 inconsistent symmetries of similar keys (weighted)
# 3.754632502545771 irregularity cost for randomly sampled words (weighted).
# Finger load %: 14.2 7.7 11.4 11.6 - 13.3 7.3 9.3 9.7
 
