
# Evolved Layout
jbdzq äüowkxß
hntrl pieas⇘
mvgcö yu,.f
┌───┬───┬───┬───┬───┬───┬───┬───┬───┬───┬───┬───┬───┬──────┐
│ ^ │ 1 │ 2 │ 3 │ 4 │ 5 │ 6 │ 7 │ 8 │ 9 │ 0 │ - │ ` │ ←    │
├───┴─┬─┴─┬─┴─┬─┴─┬─┴─┬─┴─┬─┴─┬─┴─┬─┴─┬─┴─┬─┴─┬─┴─┬─┴─┬────┤
│   ⇥ │ j │ b │ d │ z │ q │ ä │ ü │ o │ w │ k │ x │ ß │ Ret│
├─────┴┬──┴┬──┴┬──┴┬──┴┬──┴┬──┴┬──┴┬──┴┬──┴┬──┴┬──┴┬──┴┐   │
│    ⇩ │ h │ n │ t │ r │ l │ p │ i │ e │ a │ s │ ⇘ │ ´ │   │
├────┬─┴─┬─┴─┬─┴─┬─┴─┬─┴─┬─┴─┬─┴─┬─┴─┬─┴─┬─┴─┬─┴─┬─┴───┴───┤
│  ⇧ │ ⇚ │ m │ v │ g │ c │ ö │ y │ u │ , │ . │ f │ ⇗       │
├────┼───┴┬──┴─┬─┴───┴───┴───┴───┴───┴─┬─┴──┬┴───┼────┬────┤
│Strg│ Fe │ Alt│      Leerzeichen      │ M4 │ Fe │ Me │Strg│
└────┴────┴────┴───────────────────────┴────┴────┴────┴────┘
# 10.060207731717565 x100 total penalty per letter
# 36.817653546955356 x10 billion total penalty compared to notime-noeffort
# 7.409183237493035 mean key position cost in file 1gramme.txt ( 54.23123434 )
# 11.642850935757425 % finger repeats in file 2gramme.txt ( 56.20477993500177 )
# 12.709479177346505 million keystrokes disbalance of the fingers ( 25.41895835469301 )
# 0.3116784174295326 % finger repeats top to bottom or vice versa ( 7.522992847188282 )
# 2.7487059878763134 % of trigrams have no handswitching (after direction change counted x 1 ) ( 12.158391227347728 )
# 8.631389513470863 billion (rows²/dist)² to cross ( 112.20806367512121 )
# 0.02024076084294324 hand disbalance. Left: 0.47975923915705676 %, Right: 0.5202407608429432 % ( 0.5926059104268887 )
# 0.7319461889614385 badly positioned shortcut keys (weighted).
# 11.961304731654877 no handswitching after unbalancing key (weighted).
# 29.99229234412167 movement pattern cost (weighted).
# 0.8836175083226696 asymmetric bigram cost (weighted).
# 5.590369627741367 irregularity cost (weighted).
# 20.307630997331298 manually assigned bigram penalty (weighted)
# 12.95330390432307 unbalancing key after neighboring finger (weighted)
# 0.8836175083226696 asymmetrc bigrams (weighted)
# 17.419043877318224 inconsistent symmetries of similar keys (weighted)
# 5.590369627741367 irregularity cost for randomly sampled words (weighted).
# Finger load %: 10.6 8.7 10.1 11.0 - 11.0 14.7 7.0 11.3
 
