
# Evolved Layout
äuhxj qwodpzß
ainlm fsetg⇘
öüvry kb,.c
┌───┬───┬───┬───┬───┬───┬───┬───┬───┬───┬───┬───┬───┬──────┐
│ ^ │ 1 │ 2 │ 3 │ 4 │ 5 │ 6 │ 7 │ 8 │ 9 │ 0 │ - │ ` │ ←    │
├───┴─┬─┴─┬─┴─┬─┴─┬─┴─┬─┴─┬─┴─┬─┴─┬─┴─┬─┴─┬─┴─┬─┴─┬─┴─┬────┤
│   ⇥ │ ä │ u │ h │ x │ j │ q │ w │ o │ d │ p │ z │ ß │ Ret│
├─────┴┬──┴┬──┴┬──┴┬──┴┬──┴┬──┴┬──┴┬──┴┬──┴┬──┴┬──┴┬──┴┐   │
│    ⇩ │ a │ i │ n │ l │ m │ f │ s │ e │ t │ g │ ⇘ │ ´ │   │
├────┬─┴─┬─┴─┬─┴─┬─┴─┬─┴─┬─┴─┬─┴─┬─┴─┬─┴─┬─┴─┬─┴─┬─┴───┴───┤
│  ⇧ │ ⇚ │ ö │ ü │ v │ r │ y │ k │ b │ , │ . │ c │ ⇗       │
├────┼───┴┬──┴─┬─┴───┴───┴───┴───┴───┴─┬─┴──┬┴───┼────┬────┤
│Strg│ Fe │ Alt│      Leerzeichen      │ M4 │ Fe │ Me │Strg│
└────┴────┴────┴───────────────────────┴────┴────┴────┴────┘
# 9.832807186170418 x100 total penalty per letter
# 35.985428733550414 x10 billion total penalty compared to notime-noeffort
# 7.451836979627137 mean key position cost in file 1gramme.txt ( 54.54343678 )
# 11.281624224011793 % finger repeats in file 2gramme.txt ( 54.46099158347747 )
# 11.494271148018168 million keystrokes disbalance of the fingers ( 22.988542296036336 )
# 0.3459084620255583 % finger repeats top to bottom or vice versa ( 8.349204629122324 )
# 4.394394633869553 % of trigrams have no handswitching (after direction change counted x 1 ) ( 19.43778978239258 )
# 8.145007165773418 billion (rows²/dist)² to cross ( 105.88509315505443 )
# 0.024096983382123627 hand disbalance. Left: 0.4759030166178764 %, Right: 0.5240969833821236 % ( 0.7055078060805001 )
# 0.7319461889614385 badly positioned shortcut keys (weighted).
# 11.52477458192672 no handswitching after unbalancing key (weighted).
# 35.79486664091769 movement pattern cost (weighted).
# 0.8692275167280064 asymmetric bigram cost (weighted).
# 3.3305287488338804 irregularity cost (weighted).
# 16.086290649036304 manually assigned bigram penalty (weighted)
# 11.814821399396951 unbalancing key after neighboring finger (weighted)
# 0.8692275167280064 asymmetrc bigrams (weighted)
# 13.331265577539531 inconsistent symmetries of similar keys (weighted)
# 3.3305287488338804 irregularity cost for randomly sampled words (weighted).
# Finger load %: 10.7 8.5 10.3 10.7 - 10.6 14.7 9.5 9.4
 
