
# Evolved Layout
öliüä wdmbzvß
crueo gtsnh⇘
jxyaq fp,.k
┌───┬───┬───┬───┬───┬───┬───┬───┬───┬───┬───┬───┬───┬──────┐
│ ^ │ 1 │ 2 │ 3 │ 4 │ 5 │ 6 │ 7 │ 8 │ 9 │ 0 │ - │ ` │ ←    │
├───┴─┬─┴─┬─┴─┬─┴─┬─┴─┬─┴─┬─┴─┬─┴─┬─┴─┬─┴─┬─┴─┬─┴─┬─┴─┬────┤
│   ⇥ │ ö │ l │ i │ ü │ ä │ w │ d │ m │ b │ z │ v │ ß │ Ret│
├─────┴┬──┴┬──┴┬──┴┬──┴┬──┴┬──┴┬──┴┬──┴┬──┴┬──┴┬──┴┬──┴┐   │
│    ⇩ │ c │ r │ u │ e │ o │ g │ t │ s │ n │ h │ ⇘ │ ´ │   │
├────┬─┴─┬─┴─┬─┴─┬─┴─┬─┴─┬─┴─┬─┴─┬─┴─┬─┴─┬─┴─┬─┴─┬─┴───┴───┤
│  ⇧ │ ⇚ │ j │ x │ y │ a │ q │ f │ p │ , │ . │ k │ ⇗       │
├────┼───┴┬──┴─┬─┴───┴───┴───┴───┴───┴─┬─┴──┬┴───┼────┬────┤
│Strg│ Fe │ Alt│      Leerzeichen      │ M4 │ Fe │ Me │Strg│
└────┴────┴────┴───────────────────────┴────┴────┴────┴────┘
# 9.513256743211983 x100 total penalty per letter
# 34.815960089028586 x10 billion total penalty compared to notime-noeffort
# 7.433107671097706 mean key position cost in file 1gramme.txt ( 54.40634832 )
# 12.126066757860364 % finger repeats in file 2gramme.txt ( 58.53745936998414 )
# 11.341523763012303 million keystrokes disbalance of the fingers ( 22.683047526024605 )
# 0.3479237447384912 % finger repeats top to bottom or vice versa ( 8.397847578350225 )
# 2.9708208653259454 % of trigrams have no handswitching (after direction change counted x 1 ) ( 13.140875199572603 )
# 8.056197842512267 billion (rows²/dist)² to cross ( 104.73057195265947 )
# 0.02034347018981264 hand disbalance. Left: 0.5203434701898126 %, Right: 0.4796565298101874 % ( 0.5956130190273599 )
# 0.7319461889614385 badly positioned shortcut keys (weighted).
# 14.443908777225424 no handswitching after unbalancing key (weighted).
# 20.617177642782877 movement pattern cost (weighted).
# 0.8653043665583006 asymmetric bigram cost (weighted).
# 16.035707057284554 irregularity cost (weighted).
# 14.632126088814012 manually assigned bigram penalty (weighted)
# 11.286103096896163 unbalancing key after neighboring finger (weighted)
# 0.8653043665583006 asymmetrc bigrams (weighted)
# 7.055564706144776 inconsistent symmetries of similar keys (weighted)
# 16.035707057284554 irregularity cost for randomly sampled words (weighted).
# Finger load %: 8.6 8.2 8.4 18.7 - 14.6 7.8 9.2 8.8
 
