
# Evolved Layout
öuokj zbrdvqß
aiehm cnlts⇘
äxügy pf,.w
┌───┬───┬───┬───┬───┬───┬───┬───┬───┬───┬───┬───┬───┬──────┐
│ ^ │ 1 │ 2 │ 3 │ 4 │ 5 │ 6 │ 7 │ 8 │ 9 │ 0 │ - │ ` │ ←    │
├───┴─┬─┴─┬─┴─┬─┴─┬─┴─┬─┴─┬─┴─┬─┴─┬─┴─┬─┴─┬─┴─┬─┴─┬─┴─┬────┤
│   ⇥ │ ö │ u │ o │ k │ j │ z │ b │ r │ d │ v │ q │ ß │ Ret│
├─────┴┬──┴┬──┴┬──┴┬──┴┬──┴┬──┴┬──┴┬──┴┬──┴┬──┴┬──┴┬──┴┐   │
│    ⇩ │ a │ i │ e │ h │ m │ c │ n │ l │ t │ s │ ⇘ │ ´ │   │
├────┬─┴─┬─┴─┬─┴─┬─┴─┬─┴─┬─┴─┬─┴─┬─┴─┬─┴─┬─┴─┬─┴─┬─┴───┴───┤
│  ⇧ │ ⇚ │ ä │ x │ ü │ g │ y │ p │ f │ , │ . │ w │ ⇗       │
├────┼───┴┬──┴─┬─┴───┴───┴───┴───┴───┴─┬─┴──┬┴───┼────┬────┤
│Strg│ Fe │ Alt│      Leerzeichen      │ M4 │ Fe │ Me │Strg│
└────┴────┴────┴───────────────────────┴────┴────┴────┴────┘
# 9.349321525001839 x100 total penalty per letter
# 34.21600129800121 x10 billion total penalty compared to notime-noeffort
# 7.204106858568261 mean key position cost in file 1gramme.txt ( 52.7301856 )
# 9.720911316682733 % finger repeats in file 2gramme.txt ( 46.9267951927341 )
# 12.021853063862054 million keystrokes disbalance of the fingers ( 24.043706127724107 )
# 0.37273093346947545 % finger repeats top to bottom or vice versa ( 8.99661955916676 )
# 2.434728398020923 % of trigrams have no handswitching (after direction change counted x 1 ) ( 10.769569581482658 )
# 8.199991387481024 billion (rows²/dist)² to cross ( 106.59988803725332 )
# 0.007506710323874122 hand disbalance. Left: 0.4924932896761259 %, Right: 0.5075067103238742 % ( 0.219780320527886 )
# 1.0979192834421578 badly positioned shortcut keys (weighted).
# 11.330006628838717 no handswitching after unbalancing key (weighted).
# 31.133620807759886 movement pattern cost (weighted).
# 0.8816183485524474 asymmetric bigram cost (weighted).
# 2.7095225826237685 irregularity cost (weighted).
# 18.84002231957227 manually assigned bigram penalty (weighted)
# 13.684576601592418 unbalancing key after neighboring finger (weighted)
# 0.8816183485524474 asymmetrc bigrams (weighted)
# 12.196181988741516 inconsistent symmetries of similar keys (weighted)
# 2.7095225826237685 irregularity cost for randomly sampled words (weighted).
# Finger load %: 10.5 8.4 13.8 8.8 - 14.0 9.1 9.5 10.2
 
