
# Evolved Layout
äüulj qkfpvzß
aecnm wtsih⇘
oöyrx db,.g
┌───┬───┬───┬───┬───┬───┬───┬───┬───┬───┬───┬───┬───┬──────┐
│ ^ │ 1 │ 2 │ 3 │ 4 │ 5 │ 6 │ 7 │ 8 │ 9 │ 0 │ - │ ` │ ←    │
├───┴─┬─┴─┬─┴─┬─┴─┬─┴─┬─┴─┬─┴─┬─┴─┬─┴─┬─┴─┬─┴─┬─┴─┬─┴─┬────┤
│   ⇥ │ ä │ ü │ u │ l │ j │ q │ k │ f │ p │ v │ z │ ß │ Ret│
├─────┴┬──┴┬──┴┬──┴┬──┴┬──┴┬──┴┬──┴┬──┴┬──┴┬──┴┬──┴┬──┴┐   │
│    ⇩ │ a │ e │ c │ n │ m │ w │ t │ s │ i │ h │ ⇘ │ ´ │   │
├────┬─┴─┬─┴─┬─┴─┬─┴─┬─┴─┬─┴─┬─┴─┬─┴─┬─┴─┬─┴─┬─┴─┬─┴───┴───┤
│  ⇧ │ ⇚ │ o │ ö │ y │ r │ x │ d │ b │ , │ . │ g │ ⇗       │
├────┼───┴┬──┴─┬─┴───┴───┴───┴───┴───┴─┬─┴──┬┴───┼────┬────┤
│Strg│ Fe │ Alt│      Leerzeichen      │ M4 │ Fe │ Me │Strg│
└────┴────┴────┴───────────────────────┴────┴────┴────┴────┘
# 9.973612418386251 x100 total penalty per letter
# 36.500737999081466 x10 billion total penalty compared to notime-noeffort
# 7.754100781716085 mean key position cost in file 1gramme.txt ( 56.75584516 )
# 11.79940607256928 % finger repeats in file 2gramme.txt ( 56.96053529601739 )
# 15.20221803738934 million keystrokes disbalance of the fingers ( 30.40443607477868 )
# 0.7171983818255077 % finger repeats top to bottom or vice versa ( 17.31104239101884 )
# 5.210145213171569 % of trigrams have no handswitching (after direction change counted x 1 ) ( 23.04611120011991 )
# 7.825792139995959 billion (rows²/dist)² to cross ( 101.73529781994746 )
# 0.051470192545658655 hand disbalance. Left: 0.5514701925456587 %, Right: 0.44852980745434134 % ( 1.506936451156252 )
# 1.0979192834421578 badly positioned shortcut keys (weighted).
# 13.042853480811125 no handswitching after unbalancing key (weighted).
# 24.382783740206616 movement pattern cost (weighted).
# 0.8741333740604598 asymmetric bigram cost (weighted).
# 3.8118911558409687 irregularity cost (weighted).
# 17.805861629640958 manually assigned bigram penalty (weighted)
# 10.31447029129831 unbalancing key after neighboring finger (weighted)
# 0.8741333740604598 asymmetrc bigrams (weighted)
# 5.957262642475523 inconsistent symmetries of similar keys (weighted)
# 3.8118911558409687 irregularity cost for randomly sampled words (weighted).
# Finger load %: 13.3 11.4 5.1 16.7 - 12.7 7.3 7.9 10.0
 
