
# Evolved Layout
ömäpü vbuokßj
rselc ftiah⇘
zyxnq wd,.g
┌───┬───┬───┬───┬───┬───┬───┬───┬───┬───┬───┬───┬───┬──────┐
│ ^ │ 1 │ 2 │ 3 │ 4 │ 5 │ 6 │ 7 │ 8 │ 9 │ 0 │ - │ ` │ ←    │
├───┴─┬─┴─┬─┴─┬─┴─┬─┴─┬─┴─┬─┴─┬─┴─┬─┴─┬─┴─┬─┴─┬─┴─┬─┴─┬────┤
│   ⇥ │ ö │ m │ ä │ p │ ü │ v │ b │ u │ o │ k │ ß │ j │ Ret│
├─────┴┬──┴┬──┴┬──┴┬──┴┬──┴┬──┴┬──┴┬──┴┬──┴┬──┴┬──┴┬──┴┐   │
│    ⇩ │ r │ s │ e │ l │ c │ f │ t │ i │ a │ h │ ⇘ │ ´ │   │
├────┬─┴─┬─┴─┬─┴─┬─┴─┬─┴─┬─┴─┬─┴─┬─┴─┬─┴─┬─┴─┬─┴─┬─┴───┴───┤
│  ⇧ │ ⇚ │ z │ y │ x │ n │ q │ w │ d │ , │ . │ g │ ⇗       │
├────┼───┴┬──┴─┬─┴───┴───┴───┴───┴───┴─┬─┴──┬┴───┼────┬────┤
│Strg│ Fe │ Alt│      Leerzeichen      │ M4 │ Fe │ Me │Strg│
└────┴────┴────┴───────────────────────┴────┴────┴────┴────┘
# 9.81353624662304 x100 total penalty per letter
# 35.91490227975337 x10 billion total penalty compared to notime-noeffort
# 7.583288085529499 mean key position cost in file 1gramme.txt ( 55.50558814 )
# 9.027604300523747 % finger repeats in file 2gramme.txt ( 43.57992006003504 )
# 12.54174919684734 million keystrokes disbalance of the fingers ( 25.08349839369468 )
# 0.4634200616645123 % finger repeats top to bottom or vice versa ( 11.185586213822127 )
# 3.959698721284609 % of trigrams have no handswitching (after direction change counted x 1 ) ( 17.51499302149924 )
# 8.136661408395772 billion (rows²/dist)² to cross ( 105.77659830914504 )
# 0.008954816563195522 hand disbalance. Left: 0.5089548165631955 %, Right: 0.49104518343680453 % ( 0.26217775425118917 )
# 0.7319461889614385 badly positioned shortcut keys (weighted).
# 12.729255586647941 no handswitching after unbalancing key (weighted).
# 32.15245066428402 movement pattern cost (weighted).
# 0.8777974886014821 asymmetric bigram cost (weighted).
# 9.627126402600942 irregularity cost (weighted).
# 17.024883175193352 manually assigned bigram penalty (weighted)
# 12.318824143203344 unbalancing key after neighboring finger (weighted)
# 0.8777974886014821 asymmetrc bigrams (weighted)
# 14.778377255593814 inconsistent symmetries of similar keys (weighted)
# 9.627126402600942 irregularity cost for randomly sampled words (weighted).
# Finger load %: 11.6 7.2 11.2 13.0 - 13.7 9.2 8.6 10.0
 
