
# Evolved Layout
äfnaü qpumvjß
hsley wtirc⇘
kzxoö bd,.g
┌───┬───┬───┬───┬───┬───┬───┬───┬───┬───┬───┬───┬───┬──────┐
│ ^ │ 1 │ 2 │ 3 │ 4 │ 5 │ 6 │ 7 │ 8 │ 9 │ 0 │ - │ ` │ ←    │
├───┴─┬─┴─┬─┴─┬─┴─┬─┴─┬─┴─┬─┴─┬─┴─┬─┴─┬─┴─┬─┴─┬─┴─┬─┴─┬────┤
│   ⇥ │ ä │ f │ n │ a │ ü │ q │ p │ u │ m │ v │ j │ ß │ Ret│
├─────┴┬──┴┬──┴┬──┴┬──┴┬──┴┬──┴┬──┴┬──┴┬──┴┬──┴┬──┴┬──┴┐   │
│    ⇩ │ h │ s │ l │ e │ y │ w │ t │ i │ r │ c │ ⇘ │ ´ │   │
├────┬─┴─┬─┴─┬─┴─┬─┴─┬─┴─┬─┴─┬─┴─┬─┴─┬─┴─┬─┴─┬─┴─┬─┴───┴───┤
│  ⇧ │ ⇚ │ k │ z │ x │ o │ ö │ b │ d │ , │ . │ g │ ⇗       │
├────┼───┴┬──┴─┬─┴───┴───┴───┴───┴───┴─┬─┴──┬┴───┼────┬────┤
│Strg│ Fe │ Alt│      Leerzeichen      │ M4 │ Fe │ Me │Strg│
└────┴────┴────┴───────────────────────┴────┴────┴────┴────┘
# 9.664240057622877 x100 total penalty per letter
# 35.36851839692768 x10 billion total penalty compared to notime-noeffort
# 7.566453735975082 mean key position cost in file 1gramme.txt ( 55.38236976 )
# 11.408765089915264 % finger repeats in file 2gramme.txt ( 55.07475228764518 )
# 11.995647434955567 million keystrokes disbalance of the fingers ( 23.991294869911133 )
# 0.3909590573873925 % finger repeats top to bottom or vice versa ( 9.436592422809637 )
# 4.065687984021832 % of trigrams have no handswitching (after direction change counted x 1 ) ( 17.98381687095465 )
# 8.09852761609689 billion (rows²/dist)² to cross ( 105.28085900925957 )
# 0.03669837221092043 hand disbalance. Left: 0.5366983722109204 %, Right: 0.4633016277890796 % ( 1.0744493472348629 )
# 0.7319461889614385 badly positioned shortcut keys (weighted).
# 11.501203787192956 no handswitching after unbalancing key (weighted).
# 24.76969013893882 movement pattern cost (weighted).
# 0.8785932673484238 asymmetric bigram cost (weighted).
# 8.367617827047177 irregularity cost (weighted).
# 15.797345677823078 manually assigned bigram penalty (weighted)
# 10.083386936610443 unbalancing key after neighboring finger (weighted)
# 0.8785932673484238 asymmetrc bigrams (weighted)
# 13.331265577539531 inconsistent symmetries of similar keys (weighted)
# 8.367617827047177 irregularity cost for randomly sampled words (weighted).
# Finger load %: 10.1 6.9 9.4 18.9 - 12.7 9.2 8.4 8.8
 
