
# Evolved Layout
jpgzß öfouüxq
hnsrl mteia⇘
vbkcy wd,.ä
┌───┬───┬───┬───┬───┬───┬───┬───┬───┬───┬───┬───┬───┬──────┐
│ ^ │ 1 │ 2 │ 3 │ 4 │ 5 │ 6 │ 7 │ 8 │ 9 │ 0 │ - │ ` │ ←    │
├───┴─┬─┴─┬─┴─┬─┴─┬─┴─┬─┴─┬─┴─┬─┴─┬─┴─┬─┴─┬─┴─┬─┴─┬─┴─┬────┤
│   ⇥ │ j │ p │ g │ z │ ß │ ö │ f │ o │ u │ ü │ x │ q │ Ret│
├─────┴┬──┴┬──┴┬──┴┬──┴┬──┴┬──┴┬──┴┬──┴┬──┴┬──┴┬──┴┬──┴┐   │
│    ⇩ │ h │ n │ s │ r │ l │ m │ t │ e │ i │ a │ ⇘ │ ´ │   │
├────┬─┴─┬─┴─┬─┴─┬─┴─┬─┴─┬─┴─┬─┴─┬─┴─┬─┴─┬─┴─┬─┴─┬─┴───┴───┤
│  ⇧ │ ⇚ │ v │ b │ k │ c │ y │ w │ d │ , │ . │ ä │ ⇗       │
├────┼───┴┬──┴─┬─┴───┴───┴───┴───┴───┴─┬─┴──┬┴───┼────┬────┤
│Strg│ Fe │ Alt│      Leerzeichen      │ M4 │ Fe │ Me │Strg│
└────┴────┴────┴───────────────────────┴────┴────┴────┴────┘
# 9.519599431441701 x100 total penalty per letter
# 34.839172621416154 x10 billion total penalty compared to notime-noeffort
# 7.266595897639424 mean key position cost in file 1gramme.txt ( 53.18757174 )
# 11.330221808921221 % finger repeats in file 2gramme.txt ( 54.69559190433344 )
# 10.891597065870544 million keystrokes disbalance of the fingers ( 21.783194131741087 )
# 0.3061874962828111 % finger repeats top to bottom or vice versa ( 7.390458291693755 )
# 3.9864603729888746 % of trigrams have no handswitching (after direction change counted x 1 ) ( 17.63336822522988 )
# 7.988154244225158 billion (rows²/dist)² to cross ( 103.84600517492704 )
# 0.05648257078766089 hand disbalance. Left: 0.4435174292123391 %, Right: 0.5564825707876608 % ( 1.6536880972309227 )
# 0.7319461889614385 badly positioned shortcut keys (weighted).
# 11.662544858779604 no handswitching after unbalancing key (weighted).
# 27.501190259196463 movement pattern cost (weighted).
# 0.8800743148728287 asymmetric bigram cost (weighted).
# 6.391612621034159 irregularity cost (weighted).
# 15.474328126077978 manually assigned bigram penalty (weighted)
# 14.447180659625312 unbalancing key after neighboring finger (weighted)
# 0.8800743148728287 asymmetrc bigrams (weighted)
# 11.112971620457675 inconsistent symmetries of similar keys (weighted)
# 6.391612621034159 irregularity cost for randomly sampled words (weighted).
# Finger load %: 9.4 9.0 7.7 11.3 - 13.6 14.7 9.4 9.2
 
