
# Evolved Layout
jzuüq fpmlkvß
raiey gtsnh⇘
cäxoö wd,.b
┌───┬───┬───┬───┬───┬───┬───┬───┬───┬───┬───┬───┬───┬──────┐
│ ^ │ 1 │ 2 │ 3 │ 4 │ 5 │ 6 │ 7 │ 8 │ 9 │ 0 │ - │ ` │ ←    │
├───┴─┬─┴─┬─┴─┬─┴─┬─┴─┬─┴─┬─┴─┬─┴─┬─┴─┬─┴─┬─┴─┬─┴─┬─┴─┬────┤
│   ⇥ │ j │ z │ u │ ü │ q │ f │ p │ m │ l │ k │ v │ ß │ Ret│
├─────┴┬──┴┬──┴┬──┴┬──┴┬──┴┬──┴┬──┴┬──┴┬──┴┬──┴┬──┴┬──┴┐   │
│    ⇩ │ r │ a │ i │ e │ y │ g │ t │ s │ n │ h │ ⇘ │ ´ │   │
├────┬─┴─┬─┴─┬─┴─┬─┴─┬─┴─┬─┴─┬─┴─┬─┴─┬─┴─┬─┴─┬─┴─┬─┴───┴───┤
│  ⇧ │ ⇚ │ c │ ä │ x │ o │ ö │ w │ d │ , │ . │ b │ ⇗       │
├────┼───┴┬──┴─┬─┴───┴───┴───┴───┴───┴─┬─┴──┬┴───┼────┬────┤
│Strg│ Fe │ Alt│      Leerzeichen      │ M4 │ Fe │ Me │Strg│
└────┴────┴────┴───────────────────────┴────┴────┴────┴────┘
# 9.417959507864438 x100 total penalty per letter
# 34.467197847872605 x10 billion total penalty compared to notime-noeffort
# 7.494726460402416 mean key position cost in file 1gramme.txt ( 54.8573647 )
# 10.688264396956791 % finger repeats in file 2gramme.txt ( 51.5966022096108 )
# 14.728274773169709 million keystrokes disbalance of the fingers ( 29.45654954633942 )
# 0.34849195474192507 % finger repeats top to bottom or vice versa ( 8.411562483048431 )
# 2.3268772834531837 % of trigrams have no handswitching (after direction change counted x 1 ) ( 10.292510175709978 )
# 8.034077400140017 billion (rows²/dist)² to cross ( 104.44300620182022 )
# 0.0044760465046761455 hand disbalance. Left: 0.49552395349532385 %, Right: 0.5044760465046761 % ( 0.1310490072284749 )
# 0.36597309448071924 badly positioned shortcut keys (weighted).
# 13.5176747821245 no handswitching after unbalancing key (weighted).
# 24.393113339692782 movement pattern cost (weighted).
# 0.8674604046915346 asymmetric bigram cost (weighted).
# 8.746881936991482 irregularity cost (weighted).
# 18.85871267497392 manually assigned bigram penalty (weighted)
# 9.808468873172185 unbalancing key after neighboring finger (weighted)
# 0.8674604046915346 asymmetrc bigrams (weighted)
# 8.925049048841608 inconsistent symmetries of similar keys (weighted)
# 8.746881936991482 irregularity cost for randomly sampled words (weighted).
# Finger load %: 13.5 5.5 8.2 14.6 - 14.6 7.8 10.6 9.6
 
