
# Evolved Layout
jäküö wbmlvzß
uesio ptnrh⇘
cyxaq fd,.g
┌───┬───┬───┬───┬───┬───┬───┬───┬───┬───┬───┬───┬───┬──────┐
│ ^ │ 1 │ 2 │ 3 │ 4 │ 5 │ 6 │ 7 │ 8 │ 9 │ 0 │ - │ ` │ ←    │
├───┴─┬─┴─┬─┴─┬─┴─┬─┴─┬─┴─┬─┴─┬─┴─┬─┴─┬─┴─┬─┴─┬─┴─┬─┴─┬────┤
│   ⇥ │ j │ ä │ k │ ü │ ö │ w │ b │ m │ l │ v │ z │ ß │ Ret│
├─────┴┬──┴┬──┴┬──┴┬──┴┬──┴┬──┴┬──┴┬──┴┬──┴┬──┴┬──┴┬──┴┐   │
│    ⇩ │ u │ e │ s │ i │ o │ p │ t │ n │ r │ h │ ⇘ │ ´ │   │
├────┬─┴─┬─┴─┬─┴─┬─┴─┬─┴─┬─┴─┬─┴─┬─┴─┬─┴─┬─┴─┬─┴─┬─┴───┴───┤
│  ⇧ │ ⇚ │ c │ y │ x │ a │ q │ f │ d │ , │ . │ g │ ⇗       │
├────┼───┴┬──┴─┬─┴───┴───┴───┴───┴───┴─┬─┴──┬┴───┼────┬────┤
│Strg│ Fe │ Alt│      Leerzeichen      │ M4 │ Fe │ Me │Strg│
└────┴────┴────┴───────────────────────┴────┴────┴────┴────┘
# 9.509161253963992 x100 total penalty per letter
# 34.800971700293594 x10 billion total penalty compared to notime-noeffort
# 7.620197785186973 mean key position cost in file 1gramme.txt ( 55.77574728 )
# 9.97722267204131 % finger repeats in file 2gramme.txt ( 48.16411441998003 )
# 12.592763128007139 million keystrokes disbalance of the fingers ( 25.185526256014274 )
# 0.3690025007587057 % finger repeats top to bottom or vice versa ( 8.906626248607534 )
# 2.206646762585453 % of trigrams have no handswitching (after direction change counted x 1 ) ( 9.760692761761286 )
# 8.222339059516203 billion (rows²/dist)² to cross ( 106.89040777371065 )
# 0.008818614377729406 hand disbalance. Left: 0.4911813856222706 %, Right: 0.5088186143777295 % ( 0.25819004742798346 )
# 0.7319461889614385 badly positioned shortcut keys (weighted).
# 14.76919795385623 no handswitching after unbalancing key (weighted).
# 26.89849474313781 movement pattern cost (weighted).
# 0.8685895714460401 asymmetric bigram cost (weighted).
# 7.47977670658293 irregularity cost (weighted).
# 17.657031374354865 manually assigned bigram penalty (weighted)
# 12.103292378582873 unbalancing key after neighboring finger (weighted)
# 0.8685895714460401 asymmetrc bigrams (weighted)
# 12.560083298511952 inconsistent symmetries of similar keys (weighted)
# 7.47977670658293 irregularity cost for randomly sampled words (weighted).
# Finger load %: 10.7 11.7 5.8 13.3 - 14.0 9.5 9.3 10.1
 
