
# Evolved Layout
jcogß vbdazxq
ruesm wntih⇘
löüky fp,.ä
┌───┬───┬───┬───┬───┬───┬───┬───┬───┬───┬───┬───┬───┬──────┐
│ ^ │ 1 │ 2 │ 3 │ 4 │ 5 │ 6 │ 7 │ 8 │ 9 │ 0 │ - │ ` │ ←    │
├───┴─┬─┴─┬─┴─┬─┴─┬─┴─┬─┴─┬─┴─┬─┴─┬─┴─┬─┴─┬─┴─┬─┴─┬─┴─┬────┤
│   ⇥ │ j │ c │ o │ g │ ß │ v │ b │ d │ a │ z │ x │ q │ Ret│
├─────┴┬──┴┬──┴┬──┴┬──┴┬──┴┬──┴┬──┴┬──┴┬──┴┬──┴┬──┴┬──┴┐   │
│    ⇩ │ r │ u │ e │ s │ m │ w │ n │ t │ i │ h │ ⇘ │ ´ │   │
├────┬─┴─┬─┴─┬─┴─┬─┴─┬─┴─┬─┴─┬─┴─┬─┴─┬─┴─┬─┴─┬─┴─┬─┴───┴───┤
│  ⇧ │ ⇚ │ l │ ö │ ü │ k │ y │ f │ p │ , │ . │ ä │ ⇗       │
├────┼───┴┬──┴─┬─┴───┴───┴───┴───┴───┴─┬─┴──┬┴───┼────┬────┤
│Strg│ Fe │ Alt│      Leerzeichen      │ M4 │ Fe │ Me │Strg│
└────┴────┴────┴───────────────────────┴────┴────┴────┴────┘
# 9.969924528233761 x100 total penalty per letter
# 36.487241313369346 x10 billion total penalty compared to notime-noeffort
# 7.505293485843144 mean key position cost in file 1gramme.txt ( 54.93470964 )
# 10.509656526325921 % finger repeats in file 2gramme.txt ( 50.734389327314354 )
# 13.990016630708801 million keystrokes disbalance of the fingers ( 27.980033261417603 )
# 0.3244989755455463 % finger repeats top to bottom or vice versa ( 7.83244310620578 )
# 5.323505823074191 % of trigrams have no handswitching (after direction change counted x 1 ) ( 23.5475408368457 )
# 8.139037961646986 billion (rows²/dist)² to cross ( 105.80749350141082 )
# 0.0058033901149262546 hand disbalance. Left: 0.5058033901149263 %, Right: 0.4941966098850737 % ( 0.16991077110707026 )
# 1.0979192834421578 badly positioned shortcut keys (weighted).
# 11.473662277764129 no handswitching after unbalancing key (weighted).
# 36.3636844210168 movement pattern cost (weighted).
# 0.8882770348581666 asymmetric bigram cost (weighted).
# 6.319487953063475 irregularity cost (weighted).
# 21.048708081577193 manually assigned bigram penalty (weighted)
# 12.237565723506515 unbalancing key after neighboring finger (weighted)
# 0.8882770348581666 asymmetrc bigrams (weighted)
# 4.436587914163717 inconsistent symmetries of similar keys (weighted)
# 6.319487953063475 irregularity cost for randomly sampled words (weighted).
# Finger load %: 13.6 5.0 13.8 10.2 - 13.0 9.3 11.3 8.1
 
