
# Evolved Layout
jugäö zfclwqß
aihey msnrt⇘
vxkoü bd,.p
┌───┬───┬───┬───┬───┬───┬───┬───┬───┬───┬───┬───┬───┬──────┐
│ ^ │ 1 │ 2 │ 3 │ 4 │ 5 │ 6 │ 7 │ 8 │ 9 │ 0 │ - │ ` │ ←    │
├───┴─┬─┴─┬─┴─┬─┴─┬─┴─┬─┴─┬─┴─┬─┴─┬─┴─┬─┴─┬─┴─┬─┴─┬─┴─┬────┤
│   ⇥ │ j │ u │ g │ ä │ ö │ z │ f │ c │ l │ w │ q │ ß │ Ret│
├─────┴┬──┴┬──┴┬──┴┬──┴┬──┴┬──┴┬──┴┬──┴┬──┴┬──┴┬──┴┬──┴┐   │
│    ⇩ │ a │ i │ h │ e │ y │ m │ s │ n │ r │ t │ ⇘ │ ´ │   │
├────┬─┴─┬─┴─┬─┴─┬─┴─┬─┴─┬─┴─┬─┴─┬─┴─┬─┴─┬─┴─┬─┴─┬─┴───┴───┤
│  ⇧ │ ⇚ │ v │ x │ k │ o │ ü │ b │ d │ , │ . │ p │ ⇗       │
├────┼───┴┬──┴─┬─┴───┴───┴───┴───┴───┴─┬─┴──┬┴───┼────┬────┤
│Strg│ Fe │ Alt│      Leerzeichen      │ M4 │ Fe │ Me │Strg│
└────┴────┴────┴───────────────────────┴────┴────┴────┴────┘
# 9.49326861535845 x100 total penalty per letter
# 34.74280891899425 x10 billion total penalty compared to notime-noeffort
# 7.336055077517302 mean key position cost in file 1gramme.txt ( 53.69597556 )
# 12.008137359166717 % finger repeats in file 2gramme.txt ( 57.96816616696915 )
# 13.057394805185716 million keystrokes disbalance of the fingers ( 26.11478961037143 )
# 0.37127355801223816 % finger repeats top to bottom or vice versa ( 8.961442836855074 )
# 1.8858958909549737 % of trigrams have no handswitching (after direction change counted x 1 ) ( 8.3419107599768 )
# 8.191035349906153 billion (rows²/dist)² to cross ( 106.48345954877999 )
# 0.020650888871761475 hand disbalance. Left: 0.4793491111282385 %, Right: 0.5206508888717615 % ( 0.6046135763340797 )
# 0.7319461889614385 badly positioned shortcut keys (weighted).
# 10.809967047164468 no handswitching after unbalancing key (weighted).
# 26.142668138468625 movement pattern cost (weighted).
# 0.8851174881703457 asymmetric bigram cost (weighted).
# 4.962851377512496 irregularity cost (weighted).
# 19.443807885673586 manually assigned bigram penalty (weighted)
# 10.403629244882675 unbalancing key after neighboring finger (weighted)
# 0.8851174881703457 asymmetrc bigrams (weighted)
# 11.877743759822282 inconsistent symmetries of similar keys (weighted)
# 4.962851377512496 irregularity cost for randomly sampled words (weighted).
# Finger load %: 11.1 8.4 6.2 14.8 - 14.2 9.8 9.3 10.6
 
