
# Evolved Layout
ämazj öfockxß
hrinv ptegs⇘
uyülq bd,.w
┌───┬───┬───┬───┬───┬───┬───┬───┬───┬───┬───┬───┬───┬──────┐
│ ^ │ 1 │ 2 │ 3 │ 4 │ 5 │ 6 │ 7 │ 8 │ 9 │ 0 │ - │ ` │ ←    │
├───┴─┬─┴─┬─┴─┬─┴─┬─┴─┬─┴─┬─┴─┬─┴─┬─┴─┬─┴─┬─┴─┬─┴─┬─┴─┬────┤
│   ⇥ │ ä │ m │ a │ z │ j │ ö │ f │ o │ c │ k │ x │ ß │ Ret│
├─────┴┬──┴┬──┴┬──┴┬──┴┬──┴┬──┴┬──┴┬──┴┬──┴┬──┴┬──┴┬──┴┐   │
│    ⇩ │ h │ r │ i │ n │ v │ p │ t │ e │ g │ s │ ⇘ │ ´ │   │
├────┬─┴─┬─┴─┬─┴─┬─┴─┬─┴─┬─┴─┬─┴─┬─┴─┬─┴─┬─┴─┬─┴─┬─┴───┴───┤
│  ⇧ │ ⇚ │ u │ y │ ü │ l │ q │ b │ d │ , │ . │ w │ ⇗       │
├────┼───┴┬──┴─┬─┴───┴───┴───┴───┴───┴─┬─┴──┬┴───┼────┬────┤
│Strg│ Fe │ Alt│      Leerzeichen      │ M4 │ Fe │ Me │Strg│
└────┴────┴────┴───────────────────────┴────┴────┴────┴────┘
# 9.815692110320715 x100 total penalty per letter
# 35.92279216084054 x10 billion total penalty compared to notime-noeffort
# 7.432692919296852 mean key position cost in file 1gramme.txt ( 54.40331256 )
# 11.260009470215413 % finger repeats in file 2gramme.txt ( 54.3566483700173 )
# 13.378878111012433 million keystrokes disbalance of the fingers ( 26.757756222024863 )
# 0.3800490717449174 % finger repeats top to bottom or vice versa ( 9.173257718314662 )
# 3.672397486542274 % of trigrams have no handswitching (after direction change counted x 1 ) ( 16.24416928571068 )
# 8.10318555208314 billion (rows²/dist)² to cross ( 105.34141217708081 )
# 0.02054624853095044 hand disbalance. Left: 0.47945375146904956 %, Right: 0.5205462485309504 % ( 0.6015499323873491 )
# 1.0979192834421578 badly positioned shortcut keys (weighted).
# 10.286634581578372 no handswitching after unbalancing key (weighted).
# 32.52231771272879 movement pattern cost (weighted).
# 0.8824913430585403 asymmetric bigram cost (weighted).
# 8.158315618320723 irregularity cost (weighted).
# 22.405804268141996 manually assigned bigram penalty (weighted)
# 10.341450664353587 unbalancing key after neighboring finger (weighted)
# 0.8824913430585403 asymmetrc bigrams (weighted)
# 6.654881871245574 inconsistent symmetries of similar keys (weighted)
# 8.158315618320723 irregularity cost for randomly sampled words (weighted).
# Finger load %: 11.7 7.6 10.2 10.9 - 13.0 14.7 5.6 10.6
 
