
# Evolved Layout
jäocq xwulvzß
heanm gtirs⇘
kyüpö bd,.f
┌───┬───┬───┬───┬───┬───┬───┬───┬───┬───┬───┬───┬───┬──────┐
│ ^ │ 1 │ 2 │ 3 │ 4 │ 5 │ 6 │ 7 │ 8 │ 9 │ 0 │ - │ ` │ ←    │
├───┴─┬─┴─┬─┴─┬─┴─┬─┴─┬─┴─┬─┴─┬─┴─┬─┴─┬─┴─┬─┴─┬─┴─┬─┴─┬────┤
│   ⇥ │ j │ ä │ o │ c │ q │ x │ w │ u │ l │ v │ z │ ß │ Ret│
├─────┴┬──┴┬──┴┬──┴┬──┴┬──┴┬──┴┬──┴┬──┴┬──┴┬──┴┬──┴┬──┴┐   │
│    ⇩ │ h │ e │ a │ n │ m │ g │ t │ i │ r │ s │ ⇘ │ ´ │   │
├────┬─┴─┬─┴─┬─┴─┬─┴─┬─┴─┬─┴─┬─┴─┬─┴─┬─┴─┬─┴─┬─┴─┬─┴───┴───┤
│  ⇧ │ ⇚ │ k │ y │ ü │ p │ ö │ b │ d │ , │ . │ f │ ⇗       │
├────┼───┴┬──┴─┬─┴───┴───┴───┴───┴───┴─┬─┴──┬┴───┼────┬────┤
│Strg│ Fe │ Alt│      Leerzeichen      │ M4 │ Fe │ Me │Strg│
└────┴────┴────┴───────────────────────┴────┴────┴────┴────┘
# 9.501830534341497 x100 total penalty per letter
# 34.774143238843436 x10 billion total penalty compared to notime-noeffort
# 7.2191983067738645 mean key position cost in file 1gramme.txt ( 52.84064688 )
# 7.276667951226612 % finger repeats in file 2gramme.txt ( 35.12743769678483 )
# 12.509420044257796 million keystrokes disbalance of the fingers ( 25.018840088515592 )
# 0.3476907055847557 % finger repeats top to bottom or vice versa ( 8.392222704157374 )
# 5.17029271544935 % of trigrams have no handswitching (after direction change counted x 1 ) ( 22.869831066547647 )
# 7.793248013899575 billion (rows²/dist)² to cross ( 101.31222418069447 )
# 0.012273343041099838 hand disbalance. Left: 0.48772665695890016 %, Right: 0.5122733430410998 % ( 0.3593370665899767 )
# 1.0979192834421578 badly positioned shortcut keys (weighted).
# 12.493011264708532 no handswitching after unbalancing key (weighted).
# 32.255513667160756 movement pattern cost (weighted).
# 0.8797305417607653 asymmetric bigram cost (weighted).
# 4.2002755235484335 irregularity cost (weighted).
# 19.315724840933182 manually assigned bigram penalty (weighted)
# 14.976319066151264 unbalancing key after neighboring finger (weighted)
# 0.8797305417607653 asymmetrc bigrams (weighted)
# 16.602398517439436 inconsistent symmetries of similar keys (weighted)
# 4.2002755235484335 irregularity cost for randomly sampled words (weighted).
# Finger load %: 10.2 11.7 7.5 11.9 - 13.8 9.2 9.3 11.0
 
