
# Evolved Layout
öoykj qxumfvß
gaetb znish⇘
cüädp lr,.w
┌───┬───┬───┬───┬───┬───┬───┬───┬───┬───┬───┬───┬───┬──────┐
│ ^ │ 1 │ 2 │ 3 │ 4 │ 5 │ 6 │ 7 │ 8 │ 9 │ 0 │ - │ ` │ ←    │
├───┴─┬─┴─┬─┴─┬─┴─┬─┴─┬─┴─┬─┴─┬─┴─┬─┴─┬─┴─┬─┴─┬─┴─┬─┴─┬────┤
│   ⇥ │ ö │ o │ y │ k │ j │ q │ x │ u │ m │ f │ v │ ß │ Ret│
├─────┴┬──┴┬──┴┬──┴┬──┴┬──┴┬──┴┬──┴┬──┴┬──┴┬──┴┬──┴┬──┴┐   │
│    ⇩ │ g │ a │ e │ t │ b │ z │ n │ i │ s │ h │ ⇘ │ ´ │   │
├────┬─┴─┬─┴─┬─┴─┬─┴─┬─┴─┬─┴─┬─┴─┬─┴─┬─┴─┬─┴─┬─┴─┬─┴───┴───┤
│  ⇧ │ ⇚ │ c │ ü │ ä │ d │ p │ l │ r │ , │ . │ w │ ⇗       │
├────┼───┴┬──┴─┬─┴───┴───┴───┴───┴───┴─┬─┴──┬┴───┼────┬────┤
│Strg│ Fe │ Alt│      Leerzeichen      │ M4 │ Fe │ Me │Strg│
└────┴────┴────┴───────────────────────┴────┴────┴────┴────┘
# 9.999767536377929 x100 total penalty per letter
# 36.596458693760695 x10 billion total penalty compared to notime-noeffort
# 7.751595190420361 mean key position cost in file 1gramme.txt ( 56.73750558 )
# 10.502083813236743 % finger repeats in file 2gramme.txt ( 50.697832759250694 )
# 11.863822428279649 million keystrokes disbalance of the fingers ( 23.727644856559298 )
# 0.32272073235456533 % finger repeats top to bottom or vice versa ( 7.789521588198086 )
# 3.0562660373422355 % of trigrams have no handswitching (after direction change counted x 1 ) ( 13.518826073345295 )
# 8.953644683785116 billion (rows²/dist)² to cross ( 116.39738088920652 )
# 0.01736290579723182 hand disbalance. Left: 0.4826370942027682 %, Right: 0.5173629057972319 % ( 0.5083485091032119 )
# 1.0979192834421578 badly positioned shortcut keys (weighted).
# 13.779657395347133 no handswitching after unbalancing key (weighted).
# 25.54879179443548 movement pattern cost (weighted).
# 0.8863936497055821 asymmetric bigram cost (weighted).
# 6.260530931054004 irregularity cost (weighted).
# 18.656004519333617 manually assigned bigram penalty (weighted)
# 15.475917417308708 unbalancing key after neighboring finger (weighted)
# 0.8863936497055821 asymmetrc bigrams (weighted)
# 14.882311691317133 inconsistent symmetries of similar keys (weighted)
# 6.260530931054004 irregularity cost for randomly sampled words (weighted).
# Finger load %: 9.7 7.7 11.5 11.8 - 16.1 9.2 8.0 10.4
 
