
# Evolved Layout
äplkq vfuoxjß
hnrsm ctiea⇘
büögz wd,.y
┌───┬───┬───┬───┬───┬───┬───┬───┬───┬───┬───┬───┬───┬──────┐
│ ^ │ 1 │ 2 │ 3 │ 4 │ 5 │ 6 │ 7 │ 8 │ 9 │ 0 │ - │ ` │ ←    │
├───┴─┬─┴─┬─┴─┬─┴─┬─┴─┬─┴─┬─┴─┬─┴─┬─┴─┬─┴─┬─┴─┬─┴─┬─┴─┬────┤
│   ⇥ │ ä │ p │ l │ k │ q │ v │ f │ u │ o │ x │ j │ ß │ Ret│
├─────┴┬──┴┬──┴┬──┴┬──┴┬──┴┬──┴┬──┴┬──┴┬──┴┬──┴┬──┴┬──┴┐   │
│    ⇩ │ h │ n │ r │ s │ m │ c │ t │ i │ e │ a │ ⇘ │ ´ │   │
├────┬─┴─┬─┴─┬─┴─┬─┴─┬─┴─┬─┴─┬─┴─┬─┴─┬─┴─┬─┴─┬─┴─┬─┴───┴───┤
│  ⇧ │ ⇚ │ b │ ü │ ö │ g │ z │ w │ d │ , │ . │ y │ ⇗       │
├────┼───┴┬──┴─┬─┴───┴───┴───┴───┴───┴─┬─┴──┬┴───┼────┬────┤
│Strg│ Fe │ Alt│      Leerzeichen      │ M4 │ Fe │ Me │Strg│
└────┴────┴────┴───────────────────────┴────┴────┴────┴────┘
# 9.363389986628107 x100 total penalty per letter
# 34.267488082360686 x10 billion total penalty compared to notime-noeffort
# 7.212470563567786 mean key position cost in file 1gramme.txt ( 52.79140342 )
# 10.312432260053434 % finger repeats in file 2gramme.txt ( 49.78230752665819 )
# 12.313359761976404 million keystrokes disbalance of the fingers ( 24.626719523952808 )
# 0.3556256219120907 % finger repeats top to bottom or vice versa ( 8.583748056685435 )
# 3.0147876895129344 % of trigrams have no handswitching (after direction change counted x 1 ) ( 13.33535429331607 )
# 7.987054597896591 billion (rows²/dist)² to cross ( 103.83170977265567 )
# 0.06627412732730609 hand disbalance. Left: 0.4337258726726939 %, Right: 0.5662741273273061 % ( 1.9403637969586727 )
# 1.463892377922877 badly positioned shortcut keys (weighted).
# 13.225331994423735 no handswitching after unbalancing key (weighted).
# 26.220963165490694 movement pattern cost (weighted).
# 0.8711475359782644 asymmetric bigram cost (weighted).
# 4.189539130948291 irregularity cost (weighted).
# 17.01033272221015 manually assigned bigram penalty (weighted)
# 14.7570265641518 unbalancing key after neighboring finger (weighted)
# 0.8711475359782644 asymmetrc bigrams (weighted)
# 10.045040942254213 inconsistent symmetries of similar keys (weighted)
# 4.189539130948291 irregularity cost for randomly sampled words (weighted).
# Finger load %: 10.2 7.9 8.0 10.4 - 14.5 9.2 14.9 9.2
 
