
# Evolved Layout
öälfj qpaokzß
cernm gtihs⇘
uüxwy bd,.v
┌───┬───┬───┬───┬───┬───┬───┬───┬───┬───┬───┬───┬───┬──────┐
│ ^ │ 1 │ 2 │ 3 │ 4 │ 5 │ 6 │ 7 │ 8 │ 9 │ 0 │ - │ ` │ ←    │
├───┴─┬─┴─┬─┴─┬─┴─┬─┴─┬─┴─┬─┴─┬─┴─┬─┴─┬─┴─┬─┴─┬─┴─┬─┴─┬────┤
│   ⇥ │ ö │ ä │ l │ f │ j │ q │ p │ a │ o │ k │ z │ ß │ Ret│
├─────┴┬──┴┬──┴┬──┴┬──┴┬──┴┬──┴┬──┴┬──┴┬──┴┬──┴┬──┴┬──┴┐   │
│    ⇩ │ c │ e │ r │ n │ m │ g │ t │ i │ h │ s │ ⇘ │ ´ │   │
├────┬─┴─┬─┴─┬─┴─┬─┴─┬─┴─┬─┴─┬─┴─┬─┴─┬─┴─┬─┴─┬─┴─┬─┴───┴───┤
│  ⇧ │ ⇚ │ u │ ü │ x │ w │ y │ b │ d │ , │ . │ v │ ⇗       │
├────┼───┴┬──┴─┬─┴───┴───┴───┴───┴───┴─┬─┴──┬┴───┼────┬────┤
│Strg│ Fe │ Alt│      Leerzeichen      │ M4 │ Fe │ Me │Strg│
└────┴────┴────┴───────────────────────┴────┴────┴────┴────┘
# 9.645996975999262 x100 total penalty per letter
# 35.3017536265811 x10 billion total penalty compared to notime-noeffort
# 7.356965639291955 mean key position cost in file 1gramme.txt ( 53.84902962 )
# 9.745254641385882 % finger repeats in file 2gramme.txt ( 47.04431032844925 )
# 12.4443155182841 million keystrokes disbalance of the fingers ( 24.8886310365682 )
# 0.31267323505188804 % finger repeats top to bottom or vice versa ( 7.547004794884111 )
# 4.648807044877168 % of trigrams have no handswitching (after direction change counted x 1 ) ( 20.563135905174253 )
# 7.887198449462125 billion (rows²/dist)² to cross ( 102.53357984300763 )
# 0.0026596541440622734 hand disbalance. Left: 0.4973403458559377 %, Right: 0.5026596541440622 % ( 0.07786894858807511 )
# 0.7319461889614385 badly positioned shortcut keys (weighted).
# 11.519724201093318 no handswitching after unbalancing key (weighted).
# 35.5883734817465 movement pattern cost (weighted).
# 0.8875979388773485 asymmetric bigram cost (weighted).
# 5.151313338399894 irregularity cost (weighted).
# 20.211498401275765 manually assigned bigram penalty (weighted)
# 12.445634207125595 unbalancing key after neighboring finger (weighted)
# 0.8875979388773485 asymmetrc bigrams (weighted)
# 9.977888031659656 inconsistent symmetries of similar keys (weighted)
# 5.151313338399894 irregularity cost for randomly sampled words (weighted).
# Finger load %: 10.8 11.6 8.0 11.6 - 13.5 11.1 7.3 10.4
 
