
# Evolved Layout
jkypü qfuozxß
rtenc gsiah⇘
lväwö bm,.d
┌───┬───┬───┬───┬───┬───┬───┬───┬───┬───┬───┬───┬───┬──────┐
│ ^ │ 1 │ 2 │ 3 │ 4 │ 5 │ 6 │ 7 │ 8 │ 9 │ 0 │ - │ ` │ ←    │
├───┴─┬─┴─┬─┴─┬─┴─┬─┴─┬─┴─┬─┴─┬─┴─┬─┴─┬─┴─┬─┴─┬─┴─┬─┴─┬────┤
│   ⇥ │ j │ k │ y │ p │ ü │ q │ f │ u │ o │ z │ x │ ß │ Ret│
├─────┴┬──┴┬──┴┬──┴┬──┴┬──┴┬──┴┬──┴┬──┴┬──┴┬──┴┬──┴┬──┴┐   │
│    ⇩ │ r │ t │ e │ n │ c │ g │ s │ i │ a │ h │ ⇘ │ ´ │   │
├────┬─┴─┬─┴─┬─┴─┬─┴─┬─┴─┬─┴─┬─┴─┬─┴─┬─┴─┬─┴─┬─┴─┬─┴───┴───┤
│  ⇧ │ ⇚ │ l │ v │ ä │ w │ ö │ b │ m │ , │ . │ d │ ⇗       │
├────┼───┴┬──┴─┬─┴───┴───┴───┴───┴───┴─┬─┴──┬┴───┼────┬────┤
│Strg│ Fe │ Alt│      Leerzeichen      │ M4 │ Fe │ Me │Strg│
└────┴────┴────┴───────────────────────┴────┴────┴────┴────┘
# 9.99470814581419 x100 total penalty per letter
# 36.57794268555271 x10 billion total penalty compared to notime-noeffort
# 7.657152428039039 mean key position cost in file 1gramme.txt ( 56.04623538 )
# 7.938232465685645 % finger repeats in file 2gramme.txt ( 38.321078855049585 )
# 14.939444181412837 million keystrokes disbalance of the fingers ( 29.878888362825673 )
# 0.3170622964095141 % finger repeats top to bottom or vice versa ( 7.652943722165647 )
# 3.909079779312304 % of trigrams have no handswitching (after direction change counted x 1 ) ( 17.291089518276916 )
# 7.9260501446573715 billion (rows²/dist)² to cross ( 103.03865188054584 )
# 0.013866860473987108 hand disbalance. Left: 0.5138668604739871 %, Right: 0.4861331395260129 % ( 0.4059918270717949 )
# 1.0979192834421578 badly positioned shortcut keys (weighted).
# 11.741891896562125 no handswitching after unbalancing key (weighted).
# 37.904205721509115 movement pattern cost (weighted).
# 0.8924282032211439 asymmetric bigram cost (weighted).
# 12.839238709931081 irregularity cost (weighted).
# 21.55947553976989 manually assigned bigram penalty (weighted)
# 12.76206491992723 unbalancing key after neighboring finger (weighted)
# 0.8924282032211439 asymmetrc bigrams (weighted)
# 14.347323035228815 inconsistent symmetries of similar keys (weighted)
# 12.839238709931081 irregularity cost for randomly sampled words (weighted).
# Finger load %: 13.8 6.7 11.5 11.4 - 12.4 9.2 8.6 10.9
 
