
# Evolved Layout
jügöä wdlmxzß
uesio btnrh⇘
cykaq pf,.v
┌───┬───┬───┬───┬───┬───┬───┬───┬───┬───┬───┬───┬───┬──────┐
│ ^ │ 1 │ 2 │ 3 │ 4 │ 5 │ 6 │ 7 │ 8 │ 9 │ 0 │ - │ ` │ ←    │
├───┴─┬─┴─┬─┴─┬─┴─┬─┴─┬─┴─┬─┴─┬─┴─┬─┴─┬─┴─┬─┴─┬─┴─┬─┴─┬────┤
│   ⇥ │ j │ ü │ g │ ö │ ä │ w │ d │ l │ m │ x │ z │ ß │ Ret│
├─────┴┬──┴┬──┴┬──┴┬──┴┬──┴┬──┴┬──┴┬──┴┬──┴┬──┴┬──┴┬──┴┐   │
│    ⇩ │ u │ e │ s │ i │ o │ b │ t │ n │ r │ h │ ⇘ │ ´ │   │
├────┬─┴─┬─┴─┬─┴─┬─┴─┬─┴─┬─┴─┬─┴─┬─┴─┬─┴─┬─┴─┬─┴─┬─┴───┴───┤
│  ⇧ │ ⇚ │ c │ y │ k │ a │ q │ p │ f │ , │ . │ v │ ⇗       │
├────┼───┴┬──┴─┬─┴───┴───┴───┴───┴───┴─┬─┴──┬┴───┼────┬────┤
│Strg│ Fe │ Alt│      Leerzeichen      │ M4 │ Fe │ Me │Strg│
└────┴────┴────┴───────────────────────┴────┴────┴────┴────┘
# 9.709126737194573 x100 total penalty per letter
# 35.532791567165866 x10 billion total penalty compared to notime-noeffort
# 7.5974478914774 mean key position cost in file 1gramme.txt ( 55.6092303 )
# 11.023410752711857 % finger repeats in file 2gramme.txt ( 53.21449006844956 )
# 11.351337185195565 million keystrokes disbalance of the fingers ( 22.70267437039113 )
# 0.3332452416261799 % finger repeats top to bottom or vice versa ( 8.043552036066437 )
# 2.6139702315896387 % of trigrams have no handswitching (after direction change counted x 1 ) ( 11.562412594321344 )
# 8.346836164575041 billion (rows²/dist)² to cross ( 108.50887013947552 )
# 0.010511494560623613 hand disbalance. Left: 0.5105114945606236 %, Right: 0.48948850543937644 % ( 0.30775393535749374 )
# 1.0979192834421578 badly positioned shortcut keys (weighted).
# 14.91075131133803 no handswitching after unbalancing key (weighted).
# 27.39980322399682 movement pattern cost (weighted).
# 0.8708388905478753 asymmetric bigram cost (weighted).
# 14.216596688333244 irregularity cost (weighted).
# 16.81767627223013 manually assigned bigram penalty (weighted)
# 13.395372991078093 unbalancing key after neighboring finger (weighted)
# 0.8708388905478753 asymmetrc bigrams (weighted)
# 6.669973566630987 inconsistent symmetries of similar keys (weighted)
# 14.216596688333244 irregularity cost for randomly sampled words (weighted).
# Finger load %: 10.5 11.7 7.7 13.2 - 14.0 10.5 8.4 8.5
 
