
# Evolved Layout
jclpv xfiäüßö
srntm khuea⇘
zyqgw bd,.o
┌───┬───┬───┬───┬───┬───┬───┬───┬───┬───┬───┬───┬───┬──────┐
│ ^ │ 1 │ 2 │ 3 │ 4 │ 5 │ 6 │ 7 │ 8 │ 9 │ 0 │ - │ ` │ ←    │
├───┴─┬─┴─┬─┴─┬─┴─┬─┴─┬─┴─┬─┴─┬─┴─┬─┴─┬─┴─┬─┴─┬─┴─┬─┴─┬────┤
│   ⇥ │ j │ c │ l │ p │ v │ x │ f │ i │ ä │ ü │ ß │ ö │ Ret│
├─────┴┬──┴┬──┴┬──┴┬──┴┬──┴┬──┴┬──┴┬──┴┬──┴┬──┴┬──┴┬──┴┐   │
│    ⇩ │ s │ r │ n │ t │ m │ k │ h │ u │ e │ a │ ⇘ │ ´ │   │
├────┬─┴─┬─┴─┬─┴─┬─┴─┬─┴─┬─┴─┬─┴─┬─┴─┬─┴─┬─┴─┬─┴─┬─┴───┴───┤
│  ⇧ │ ⇚ │ z │ y │ q │ g │ w │ b │ d │ , │ . │ o │ ⇗       │
├────┼───┴┬──┴─┬─┴───┴───┴───┴───┴───┴─┬─┴──┬┴───┼────┬────┤
│Strg│ Fe │ Alt│      Leerzeichen      │ M4 │ Fe │ Me │Strg│
└────┴────┴────┴───────────────────────┴────┴────┴────┴────┘
# 9.760354502098679 x100 total penalty per letter
# 35.72027140361874 x10 billion total penalty compared to notime-noeffort
# 7.590655323833794 mean key position cost in file 1gramme.txt ( 55.55951236 )
# 9.543752558527412 % finger repeats in file 2gramme.txt ( 46.071577766124484 )
# 13.21408393327754 million keystrokes disbalance of the fingers ( 26.428167866555082 )
# 0.338112967975153 % finger repeats top to bottom or vice versa ( 8.161044516961987 )
# 2.936655375873694 % of trigrams have no handswitching (after direction change counted x 1 ) ( 12.989750492504447 )
# 8.933028565945081 billion (rows²/dist)² to cross ( 116.12937135728606 )
# 0.03033184952387946 hand disbalance. Left: 0.46966815047612054 %, Right: 0.5303318495238795 % ( 0.8880512665262158 )
# 0.7319461889614385 badly positioned shortcut keys (weighted).
# 14.54956543752695 no handswitching after unbalancing key (weighted).
# 27.84507341230631 movement pattern cost (weighted).
# 0.8599121287702183 asymmetric bigram cost (weighted).
# 6.878200905586916 irregularity cost (weighted).
# 19.696692546757774 manually assigned bigram penalty (weighted)
# 11.488798741477831 unbalancing key after neighboring finger (weighted)
# 0.8599121287702183 asymmetrc bigrams (weighted)
# 8.925049048841608 inconsistent symmetries of similar keys (weighted)
# 6.878200905586916 irregularity cost for randomly sampled words (weighted).
# Finger load %: 10.8 7.8 9.3 11.7 - 11.4 9.2 12.5 11.7
 
