
# Evolved Layout
ölogw üudczßj
hnesf bitra⇘
kxämq vp,.y
┌───┬───┬───┬───┬───┬───┬───┬───┬───┬───┬───┬───┬───┬──────┐
│ ^ │ 1 │ 2 │ 3 │ 4 │ 5 │ 6 │ 7 │ 8 │ 9 │ 0 │ - │ ` │ ←    │
├───┴─┬─┴─┬─┴─┬─┴─┬─┴─┬─┴─┬─┴─┬─┴─┬─┴─┬─┴─┬─┴─┬─┴─┬─┴─┬────┤
│   ⇥ │ ö │ l │ o │ g │ w │ ü │ u │ d │ c │ z │ ß │ j │ Ret│
├─────┴┬──┴┬──┴┬──┴┬──┴┬──┴┬──┴┬──┴┬──┴┬──┴┬──┴┬──┴┬──┴┐   │
│    ⇩ │ h │ n │ e │ s │ f │ b │ i │ t │ r │ a │ ⇘ │ ´ │   │
├────┬─┴─┬─┴─┬─┴─┬─┴─┬─┴─┬─┴─┬─┴─┬─┴─┬─┴─┬─┴─┬─┴─┬─┴───┴───┤
│  ⇧ │ ⇚ │ k │ x │ ä │ m │ q │ v │ p │ , │ . │ y │ ⇗       │
├────┼───┴┬──┴─┬─┴───┴───┴───┴───┴───┴─┬─┴──┬┴───┼────┬────┤
│Strg│ Fe │ Alt│      Leerzeichen      │ M4 │ Fe │ Me │Strg│
└────┴────┴────┴───────────────────────┴────┴────┴────┴────┘
# 10.62449850773268 x100 total penalty per letter
# 38.882805961807136 x10 billion total penalty compared to notime-noeffort
# 7.224165994364614 mean key position cost in file 1gramme.txt ( 52.87700768 )
# 11.721456728011312 % finger repeats in file 2gramme.txt ( 56.58424208560593 )
# 10.966670053964682 million keystrokes disbalance of the fingers ( 21.933340107929364 )
# 0.42869511861725834 % finger repeats top to bottom or vice versa ( 10.347429050685946 )
# 4.604360374105077 % of trigrams have no handswitching (after direction change counted x 1 ) ( 20.36653429904259 )
# 8.647931697843443 billion (rows²/dist)² to cross ( 112.42311207196475 )
# 0.025661649626064986 hand disbalance. Left: 0.525661649626065 %, Right: 0.474338350373935 % ( 0.7513178658504795 )
# 1.0979192834421578 badly positioned shortcut keys (weighted).
# 14.163108417742766 no handswitching after unbalancing key (weighted).
# 42.47466391671474 movement pattern cost (weighted).
# 0.8896188802489854 asymmetric bigram cost (weighted).
# 10.517758236436917 irregularity cost (weighted).
# 17.250868234848756 manually assigned bigram penalty (weighted)
# 13.81987391001854 unbalancing key after neighboring finger (weighted)
# 0.8896188802489854 asymmetrc bigrams (weighted)
# 13.331265577539531 inconsistent symmetries of similar keys (weighted)
# 10.517758236436917 irregularity cost for randomly sampled words (weighted).
# Finger load %: 9.7 9.6 13.8 11.3 - 12.3 9.3 8.6 9.7
 
