
# Evolved Layout
ßdlbj üvoäföq
htrnm piaes⇘
gkxcz yu,.w
┌───┬───┬───┬───┬───┬───┬───┬───┬───┬───┬───┬───┬───┬──────┐
│ ^ │ 1 │ 2 │ 3 │ 4 │ 5 │ 6 │ 7 │ 8 │ 9 │ 0 │ - │ ` │ ←    │
├───┴─┬─┴─┬─┴─┬─┴─┬─┴─┬─┴─┬─┴─┬─┴─┬─┴─┬─┴─┬─┴─┬─┴─┬─┴─┬────┤
│   ⇥ │ ß │ d │ l │ b │ j │ ü │ v │ o │ ä │ f │ ö │ q │ Ret│
├─────┴┬──┴┬──┴┬──┴┬──┴┬──┴┬──┴┬──┴┬──┴┬──┴┬──┴┬──┴┬──┴┐   │
│    ⇩ │ h │ t │ r │ n │ m │ p │ i │ a │ e │ s │ ⇘ │ ´ │   │
├────┬─┴─┬─┴─┬─┴─┬─┴─┬─┴─┬─┴─┬─┴─┬─┴─┬─┴─┬─┴─┬─┴─┬─┴───┴───┤
│  ⇧ │ ⇚ │ g │ k │ x │ c │ z │ y │ u │ , │ . │ w │ ⇗       │
├────┼───┴┬──┴─┬─┴───┴───┴───┴───┴───┴─┬─┴──┬┴───┼────┬────┤
│Strg│ Fe │ Alt│      Leerzeichen      │ M4 │ Fe │ Me │Strg│
└────┴────┴────┴───────────────────────┴────┴────┴────┴────┘
# 9.827736327529955 x100 total penalty per letter
# 35.966870755267166 x10 billion total penalty compared to notime-noeffort
# 7.457878095854921 mean key position cost in file 1gramme.txt ( 54.5876545 )
# 8.797531822789631 % finger repeats in file 2gramme.txt ( 42.469266573917444 )
# 13.054826176238729 million keystrokes disbalance of the fingers ( 26.109652352477458 )
# 0.3291067469842366 % finger repeats top to bottom or vice versa ( 7.943661046352638 )
# 2.510715939005581 % of trigrams have no handswitching (after direction change counted x 1 ) ( 11.105686378175562 )
# 8.754666546017189 billion (rows²/dist)² to cross ( 113.81066509822345 )
# 0.01589267411694628 hand disbalance. Left: 0.4841073258830537 %, Right: 0.5158926741169463 % ( 0.46530329009219706 )
# 1.0979192834421578 badly positioned shortcut keys (weighted).
# 11.333956886704224 no handswitching after unbalancing key (weighted).
# 35.13397159867601 movement pattern cost (weighted).
# 0.8721914933953083 asymmetric bigram cost (weighted).
# 8.034735400458485 irregularity cost (weighted).
# 20.02341208806374 manually assigned bigram penalty (weighted)
# 11.516663167585364 unbalancing key after neighboring finger (weighted)
# 0.8721914933953083 asymmetrc bigrams (weighted)
# 15.163968395107599 inconsistent symmetries of similar keys (weighted)
# 8.034735400458485 irregularity cost for randomly sampled words (weighted).
# Finger load %: 10.6 9.3 8.0 12.9 - 11.3 8.4 12.5 11.4
 
