
# Evolved Layout
äoicj qfldzvß
aeunp msrth⇘
xöüby wk,.g
┌───┬───┬───┬───┬───┬───┬───┬───┬───┬───┬───┬───┬───┬──────┐
│ ^ │ 1 │ 2 │ 3 │ 4 │ 5 │ 6 │ 7 │ 8 │ 9 │ 0 │ - │ ` │ ←    │
├───┴─┬─┴─┬─┴─┬─┴─┬─┴─┬─┴─┬─┴─┬─┴─┬─┴─┬─┴─┬─┴─┬─┴─┬─┴─┬────┤
│   ⇥ │ ä │ o │ i │ c │ j │ q │ f │ l │ d │ z │ v │ ß │ Ret│
├─────┴┬──┴┬──┴┬──┴┬──┴┬──┴┬──┴┬──┴┬──┴┬──┴┬──┴┬──┴┬──┴┐   │
│    ⇩ │ a │ e │ u │ n │ p │ m │ s │ r │ t │ h │ ⇘ │ ´ │   │
├────┬─┴─┬─┴─┬─┴─┬─┴─┬─┴─┬─┴─┬─┴─┬─┴─┬─┴─┬─┴─┬─┴─┬─┴───┴───┤
│  ⇧ │ ⇚ │ x │ ö │ ü │ b │ y │ w │ k │ , │ . │ g │ ⇗       │
├────┼───┴┬──┴─┬─┴───┴───┴───┴───┴───┴─┬─┴──┬┴───┼────┬────┤
│Strg│ Fe │ Alt│      Leerzeichen      │ M4 │ Fe │ Me │Strg│
└────┴────┴────┴───────────────────────┴────┴────┴────┴────┘
# 9.39181689773681 x100 total penalty per letter
# 34.37152292861049 x10 billion total penalty compared to notime-noeffort
# 7.353791482454966 mean key position cost in file 1gramme.txt ( 53.8257965 )
# 9.04332723536953 % finger repeats in file 2gramme.txt ( 43.65582106553753 )
# 12.489669006785423 million keystrokes disbalance of the fingers ( 24.979338013570846 )
# 0.3604942557414258 % finger repeats top to bottom or vice versa ( 8.701262441466177 )
# 3.3571983696731005 % of trigrams have no handswitching (after direction change counted x 1 ) ( 14.849944441615653 )
# 8.387440294916399 billion (rows²/dist)² to cross ( 109.03672383391319 )
# 0.028268975184180478 hand disbalance. Left: 0.5282689751841805 %, Right: 0.4717310248158196 % ( 0.8276547460762552 )
# 0.7319461889614385 badly positioned shortcut keys (weighted).
# 12.014751296271664 no handswitching after unbalancing key (weighted).
# 30.30372147427593 movement pattern cost (weighted).
# 0.878734219364447 asymmetric bigram cost (weighted).
# 4.695229332474888 irregularity cost (weighted).
# 16.68839578340451 manually assigned bigram penalty (weighted)
# 10.648166189350178 unbalancing key after neighboring finger (weighted)
# 0.878734219364447 asymmetrc bigrams (weighted)
# 11.877743759822282 inconsistent symmetries of similar keys (weighted)
# 4.695229332474888 irregularity cost for randomly sampled words (weighted).
# Finger load %: 10.7 13.8 8.3 11.8 - 11.1 9.1 9.5 10.1
 
