
# Evolved Layout
äöcüj qdifkvß
aernl ptush⇘
oxymz bg,.w
┌───┬───┬───┬───┬───┬───┬───┬───┬───┬───┬───┬───┬───┬──────┐
│ ^ │ 1 │ 2 │ 3 │ 4 │ 5 │ 6 │ 7 │ 8 │ 9 │ 0 │ - │ ` │ ←    │
├───┴─┬─┴─┬─┴─┬─┴─┬─┴─┬─┴─┬─┴─┬─┴─┬─┴─┬─┴─┬─┴─┬─┴─┬─┴─┬────┤
│   ⇥ │ ä │ ö │ c │ ü │ j │ q │ d │ i │ f │ k │ v │ ß │ Ret│
├─────┴┬──┴┬──┴┬──┴┬──┴┬──┴┬──┴┬──┴┬──┴┬──┴┬──┴┬──┴┬──┴┐   │
│    ⇩ │ a │ e │ r │ n │ l │ p │ t │ u │ s │ h │ ⇘ │ ´ │   │
├────┬─┴─┬─┴─┬─┴─┬─┴─┬─┴─┬─┴─┬─┴─┬─┴─┬─┴─┬─┴─┬─┴─┬─┴───┴───┤
│  ⇧ │ ⇚ │ o │ x │ y │ m │ z │ b │ g │ , │ . │ w │ ⇗       │
├────┼───┴┬──┴─┬─┴───┴───┴───┴───┴───┴─┬─┴──┬┴───┼────┬────┤
│Strg│ Fe │ Alt│      Leerzeichen      │ M4 │ Fe │ Me │Strg│
└────┴────┴────┴───────────────────────┴────┴────┴────┴────┘
# 9.588554821380228 x100 total penalty per letter
# 35.091530795785424 x10 billion total penalty compared to notime-noeffort
# 7.612120382654981 mean key position cost in file 1gramme.txt ( 55.71662504 )
# 8.90540155360015 % finger repeats in file 2gramme.txt ( 42.98999766592456 )
# 14.10029323549041 million keystrokes disbalance of the fingers ( 28.20058647098082 )
# 0.35840073107659864 % finger repeats top to bottom or vice versa ( 8.650730963512729 )
# 4.771535095248116 % of trigrams have no handswitching (after direction change counted x 1 ) ( 21.106000677747655 )
# 7.81981357819947 billion (rows²/dist)² to cross ( 101.65757651659311 )
# 0.029504013460560752 hand disbalance. Left: 0.5295040134605608 %, Right: 0.47049598653943925 % ( 0.8638140084609771 )
# 0.7319461889614385 badly positioned shortcut keys (weighted).
# 11.572075229280612 no handswitching after unbalancing key (weighted).
# 31.697001331712766 movement pattern cost (weighted).
# 0.880322230158332 asymmetric bigram cost (weighted).
# 5.355654526012273 irregularity cost (weighted).
# 17.81072219689143 manually assigned bigram penalty (weighted)
# 11.553225833470623 unbalancing key after neighboring finger (weighted)
# 0.880322230158332 asymmetrc bigrams (weighted)
# 12.129029078146957 inconsistent symmetries of similar keys (weighted)
# 5.355654526012273 irregularity cost for randomly sampled words (weighted).
# Finger load %: 13.3 11.3 7.7 12.4 - 13.5 9.2 7.5 9.5
 
