
# Evolved Layout
jldbß qwuoüäö
hrtnp fseai⇘
gxvcz km,.y
┌───┬───┬───┬───┬───┬───┬───┬───┬───┬───┬───┬───┬───┬──────┐
│ ^ │ 1 │ 2 │ 3 │ 4 │ 5 │ 6 │ 7 │ 8 │ 9 │ 0 │ - │ ` │ ←    │
├───┴─┬─┴─┬─┴─┬─┴─┬─┴─┬─┴─┬─┴─┬─┴─┬─┴─┬─┴─┬─┴─┬─┴─┬─┴─┬────┤
│   ⇥ │ j │ l │ d │ b │ ß │ q │ w │ u │ o │ ü │ ä │ ö │ Ret│
├─────┴┬──┴┬──┴┬──┴┬──┴┬──┴┬──┴┬──┴┬──┴┬──┴┬──┴┬──┴┬──┴┐   │
│    ⇩ │ h │ r │ t │ n │ p │ f │ s │ e │ a │ i │ ⇘ │ ´ │   │
├────┬─┴─┬─┴─┬─┴─┬─┴─┬─┴─┬─┴─┬─┴─┬─┴─┬─┴─┬─┴─┬─┴─┬─┴───┴───┤
│  ⇧ │ ⇚ │ g │ x │ v │ c │ z │ k │ m │ , │ . │ y │ ⇗       │
├────┼───┴┬──┴─┬─┴───┴───┴───┴───┴───┴─┬─┴──┬┴───┼────┬────┤
│Strg│ Fe │ Alt│      Leerzeichen      │ M4 │ Fe │ Me │Strg│
└────┴────┴────┴───────────────────────┴────┴────┴────┴────┘
# 9.454015433802253 x100 total penalty per letter
# 34.5991528357709 x10 billion total penalty compared to notime-noeffort
# 7.357706543484338 mean key position cost in file 1gramme.txt ( 53.85445264 )
# 10.25303218568797 % finger repeats in file 2gramme.txt ( 49.495559192744516 )
# 12.248720175907508 million keystrokes disbalance of the fingers ( 24.497440351815015 )
# 0.34803785050244573 % finger repeats top to bottom or vice versa ( 8.400601753160057 )
# 2.4839482183791217 % of trigrams have no handswitching (after direction change counted x 1 ) ( 10.987284329692999 )
# 8.528174350265568 billion (rows²/dist)² to cross ( 110.86626655345236 )
# 0.0290269407849284 hand disbalance. Left: 0.4709730592150716 %, Right: 0.5290269407849284 % ( 0.8498463473895077 )
# 0.7319461889614385 badly positioned shortcut keys (weighted).
# 11.597354709852242 no handswitching after unbalancing key (weighted).
# 25.962351370042363 movement pattern cost (weighted).
# 0.8844310956227232 asymmetric bigram cost (weighted).
# 4.407051939132516 irregularity cost (weighted).
# 17.710828177420822 manually assigned bigram penalty (weighted)
# 10.90058354223406 unbalancing key after neighboring finger (weighted)
# 0.8844310956227232 asymmetrc bigrams (weighted)
# 14.845530166188366 inconsistent symmetries of similar keys (weighted)
# 4.407051939132516 irregularity cost for randomly sampled words (weighted).
# Finger load %: 10.8 8.2 8.8 11.9 - 11.1 14.5 8.6 10.5
 
