
# Evolved Layout
juovö wfmlgkß
aienz dtsrh⇘
xüäcy pb,.q
┌───┬───┬───┬───┬───┬───┬───┬───┬───┬───┬───┬───┬───┬──────┐
│ ^ │ 1 │ 2 │ 3 │ 4 │ 5 │ 6 │ 7 │ 8 │ 9 │ 0 │ - │ ` │ ←    │
├───┴─┬─┴─┬─┴─┬─┴─┬─┴─┬─┴─┬─┴─┬─┴─┬─┴─┬─┴─┬─┴─┬─┴─┬─┴─┬────┤
│   ⇥ │ j │ u │ o │ v │ ö │ w │ f │ m │ l │ g │ k │ ß │ Ret│
├─────┴┬──┴┬──┴┬──┴┬──┴┬──┴┬──┴┬──┴┬──┴┬──┴┬──┴┬──┴┬──┴┐   │
│    ⇩ │ a │ i │ e │ n │ z │ d │ t │ s │ r │ h │ ⇘ │ ´ │   │
├────┬─┴─┬─┴─┬─┴─┬─┴─┬─┴─┬─┴─┬─┴─┬─┴─┬─┴─┬─┴─┬─┴─┬─┴───┴───┤
│  ⇧ │ ⇚ │ x │ ü │ ä │ c │ y │ p │ b │ , │ . │ q │ ⇗       │
├────┼───┴┬──┴─┬─┴───┴───┴───┴───┴───┴─┬─┴──┬┴───┼────┬────┤
│Strg│ Fe │ Alt│      Leerzeichen      │ M4 │ Fe │ Me │Strg│
└────┴────┴────┴───────────────────────┴────┴────┴────┴────┘
# 9.373399856706673 x100 total penalty per letter
# 34.304121513640716 x10 billion total penalty compared to notime-noeffort
# 7.276026194707838 mean key position cost in file 1gramme.txt ( 53.25659644 )
# 9.802819593620628 % finger repeats in file 2gramme.txt ( 47.32219978097038 )
# 11.86651234206047 million keystrokes disbalance of the fingers ( 23.73302468412094 )
# 0.3471717716344664 % finger repeats top to bottom or vice versa ( 8.379697177274938 )
# 3.281174122373335 % of trigrams have no handswitching (after direction change counted x 1 ) ( 14.513665281344554 )
# 8.172086167400693 billion (rows²/dist)² to cross ( 106.23712017620902 )
# 0.017943216967204245 hand disbalance. Left: 0.5179432169672042 %, Right: 0.4820567830327957 % ( 0.5253387710741347 )
# 0.7319461889614385 badly positioned shortcut keys (weighted).
# 15.336113185000185 no handswitching after unbalancing key (weighted).
# 27.027575453733675 movement pattern cost (weighted).
# 0.8808165838137705 asymmetric bigram cost (weighted).
# 5.759024929300646 irregularity cost (weighted).
# 17.003283479826912 manually assigned bigram penalty (weighted)
# 13.40976395593494 unbalancing key after neighboring finger (weighted)
# 0.8808165838137705 asymmetrc bigrams (weighted)
# 8.925049048841608 inconsistent symmetries of similar keys (weighted)
# 5.759024929300646 irregularity cost for randomly sampled words (weighted).
# Finger load %: 10.8 8.5 13.8 10.6 - 14.0 7.8 9.3 9.6
 
