
# Evolved Layout
ßflvj qpuäüöx
hsrnm wtiea⇘
gkzcy bd,.o
┌───┬───┬───┬───┬───┬───┬───┬───┬───┬───┬───┬───┬───┬──────┐
│ ^ │ 1 │ 2 │ 3 │ 4 │ 5 │ 6 │ 7 │ 8 │ 9 │ 0 │ - │ ` │ ←    │
├───┴─┬─┴─┬─┴─┬─┴─┬─┴─┬─┴─┬─┴─┬─┴─┬─┴─┬─┴─┬─┴─┬─┴─┬─┴─┬────┤
│   ⇥ │ ß │ f │ l │ v │ j │ q │ p │ u │ ä │ ü │ ö │ x │ Ret│
├─────┴┬──┴┬──┴┬──┴┬──┴┬──┴┬──┴┬──┴┬──┴┬──┴┬──┴┬──┴┬──┴┐   │
│    ⇩ │ h │ s │ r │ n │ m │ w │ t │ i │ e │ a │ ⇘ │ ´ │   │
├────┬─┴─┬─┴─┬─┴─┬─┴─┬─┴─┬─┴─┬─┴─┬─┴─┬─┴─┬─┴─┬─┴─┬─┴───┴───┤
│  ⇧ │ ⇚ │ g │ k │ z │ c │ y │ b │ d │ , │ . │ o │ ⇗       │
├────┼───┴┬──┴─┬─┴───┴───┴───┴───┴───┴─┬─┴──┬┴───┼────┬────┤
│Strg│ Fe │ Alt│      Leerzeichen      │ M4 │ Fe │ Me │Strg│
└────┴────┴────┴───────────────────────┴────┴────┴────┴────┘
# 9.335270415404565 x100 total penalty per letter
# 34.16457801739918 x10 billion total penalty compared to notime-noeffort
# 7.5511461352675795 mean key position cost in file 1gramme.txt ( 55.27032636 )
# 8.302951127757867 % finger repeats in file 2gramme.txt ( 40.081724271972455 )
# 13.314056356548935 million keystrokes disbalance of the fingers ( 26.62811271309787 )
# 0.3197242087064255 % finger repeats top to bottom or vice versa ( 7.717194392246241 )
# 3.6334553123827193 % of trigrams have no handswitching (after direction change counted x 1 ) ( 16.071915799610775 )
# 8.316059393189784 billion (rows²/dist)² to cross ( 108.10877211146719 )
# 0.04562038242296912 hand disbalance. Left: 0.4543796175770309 %, Right: 0.5456203824229692 % ( 1.3356666021382257 )
# 0.7319461889614385 badly positioned shortcut keys (weighted).
# 10.951853809180164 no handswitching after unbalancing key (weighted).
# 27.413332596880732 movement pattern cost (weighted).
# 0.8891942893434346 asymmetric bigram cost (weighted).
# 4.984135403275514 irregularity cost (weighted).
# 17.798769823390195 manually assigned bigram penalty (weighted)
# 10.99881807819228 unbalancing key after neighboring finger (weighted)
# 0.8891942893434346 asymmetrc bigrams (weighted)
# 12.664017734235273 inconsistent symmetries of similar keys (weighted)
# 4.984135403275514 irregularity cost for randomly sampled words (weighted).
# Finger load %: 10.7 7.2 8.5 11.9 - 12.7 9.2 12.5 11.7
 
