
# Evolved Layout
jmupq kfwäxöß
rsinl ghtea⇘
zvycü bd,.o
┌───┬───┬───┬───┬───┬───┬───┬───┬───┬───┬───┬───┬───┬──────┐
│ ^ │ 1 │ 2 │ 3 │ 4 │ 5 │ 6 │ 7 │ 8 │ 9 │ 0 │ - │ ` │ ←    │
├───┴─┬─┴─┬─┴─┬─┴─┬─┴─┬─┴─┬─┴─┬─┴─┬─┴─┬─┴─┬─┴─┬─┴─┬─┴─┬────┤
│   ⇥ │ j │ m │ u │ p │ q │ k │ f │ w │ ä │ x │ ö │ ß │ Ret│
├─────┴┬──┴┬──┴┬──┴┬──┴┬──┴┬──┴┬──┴┬──┴┬──┴┬──┴┬──┴┬──┴┐   │
│    ⇩ │ r │ s │ i │ n │ l │ g │ h │ t │ e │ a │ ⇘ │ ´ │   │
├────┬─┴─┬─┴─┬─┴─┬─┴─┬─┴─┬─┴─┬─┴─┬─┴─┬─┴─┬─┴─┬─┴─┬─┴───┴───┤
│  ⇧ │ ⇚ │ z │ v │ y │ c │ ü │ b │ d │ , │ . │ o │ ⇗       │
├────┼───┴┬──┴─┬─┴───┴───┴───┴───┴───┴─┬─┴──┬┴───┼────┬────┤
│Strg│ Fe │ Alt│      Leerzeichen      │ M4 │ Fe │ Me │Strg│
└────┴────┴────┴───────────────────────┴────┴────┴────┴────┘
# 10.159007915278428 x100 total penalty per letter
# 37.17923563608567 x10 billion total penalty compared to notime-noeffort
# 7.477061719202867 mean key position cost in file 1gramme.txt ( 54.7280683 )
# 9.454868054902825 % finger repeats in file 2gramme.txt ( 45.642496092450465 )
# 13.817207004200677 million keystrokes disbalance of the fingers ( 27.63441400840135 )
# 0.37909300555238107 % finger repeats top to bottom or vice versa ( 9.150181115233812 )
# 4.739875447184768 % of trigrams have no handswitching (after direction change counted x 1 ) ( 20.965960095389217 )
# 8.472576214083027 billion (rows²/dist)² to cross ( 110.14349078307936 )
# 0.02352964941947472 hand disbalance. Left: 0.4764703505805253 %, Right: 0.5235296494194748 % ( 0.6888974888073298 )
# 0.7319461889614385 badly positioned shortcut keys (weighted).
# 14.421722980038231 no handswitching after unbalancing key (weighted).
# 30.049808155725394 movement pattern cost (weighted).
# 0.8770386037545311 asymmetric bigram cost (weighted).
# 9.85402725048682 irregularity cost (weighted).
# 18.137329284412328 manually assigned bigram penalty (weighted)
# 13.603007619008839 unbalancing key after neighboring finger (weighted)
# 0.8770386037545311 asymmetrc bigrams (weighted)
# 15.163968395107599 inconsistent symmetries of similar keys (weighted)
# 9.85402725048682 irregularity cost for randomly sampled words (weighted).
# Finger load %: 11.4 7.4 8.4 13.0 - 13.2 7.2 12.5 11.3
 
