
# Evolved Layout
äüfzj qpulkxß
aesnm btirh⇘
oöycv wd,.g
┌───┬───┬───┬───┬───┬───┬───┬───┬───┬───┬───┬───┬───┬──────┐
│ ^ │ 1 │ 2 │ 3 │ 4 │ 5 │ 6 │ 7 │ 8 │ 9 │ 0 │ - │ ` │ ←    │
├───┴─┬─┴─┬─┴─┬─┴─┬─┴─┬─┴─┬─┴─┬─┴─┬─┴─┬─┴─┬─┴─┬─┴─┬─┴─┬────┤
│   ⇥ │ ä │ ü │ f │ z │ j │ q │ p │ u │ l │ k │ x │ ß │ Ret│
├─────┴┬──┴┬──┴┬──┴┬──┴┬──┴┬──┴┬──┴┬──┴┬──┴┬──┴┬──┴┬──┴┐   │
│    ⇩ │ a │ e │ s │ n │ m │ b │ t │ i │ r │ h │ ⇘ │ ´ │   │
├────┬─┴─┬─┴─┬─┴─┬─┴─┬─┴─┬─┴─┬─┴─┬─┴─┬─┴─┬─┴─┬─┴─┬─┴───┴───┤
│  ⇧ │ ⇚ │ o │ ö │ y │ c │ v │ w │ d │ , │ . │ g │ ⇗       │
├────┼───┴┬──┴─┬─┴───┴───┴───┴───┴───┴─┬─┴──┬┴───┼────┬────┤
│Strg│ Fe │ Alt│      Leerzeichen      │ M4 │ Fe │ Me │Strg│
└────┴────┴────┴───────────────────────┴────┴────┴────┴────┘
# 9.859819221976004 x100 total penalty per letter
# 36.08428551687036 x10 billion total penalty compared to notime-noeffort
# 7.508186135647093 mean key position cost in file 1gramme.txt ( 54.95588228 )
# 7.543817716867726 % finger repeats in file 2gramme.txt ( 36.417078341537206 )
# 14.07939985650836 million keystrokes disbalance of the fingers ( 28.15879971301672 )
# 0.327594627079059 % finger repeats top to bottom or vice versa ( 7.907162955389012 )
# 4.226353635123991 % of trigrams have no handswitching (after direction change counted x 1 ) ( 18.694491585352115 )
# 8.30842776831496 billion (rows²/dist)² to cross ( 108.00956098809446 )
# 0.00973631308515377 hand disbalance. Left: 0.5097363130851538 %, Right: 0.49026368691484623 % ( 0.2850582902885475 )
# 1.0979192834421578 badly positioned shortcut keys (weighted).
# 11.632084271459425 no handswitching after unbalancing key (weighted).
# 29.903941954142606 movement pattern cost (weighted).
# 0.8735644194158023 asymmetric bigram cost (weighted).
# 18.94505372152464 irregularity cost (weighted).
# 17.644413661139286 manually assigned bigram penalty (weighted)
# 11.117093783665222 unbalancing key after neighboring finger (weighted)
# 0.8735644194158023 asymmetrc bigrams (weighted)
# 15.200749920236364 inconsistent symmetries of similar keys (weighted)
# 18.94505372152464 irregularity cost for randomly sampled words (weighted).
# Finger load %: 13.0 11.4 6.5 12.1 - 12.7 9.2 9.3 10.2
 
