
# Evolved Layout
ßoykö qfrbwvj
iaelu mdsnt⇘
züxhä cg,.p
┌───┬───┬───┬───┬───┬───┬───┬───┬───┬───┬───┬───┬───┬──────┐
│ ^ │ 1 │ 2 │ 3 │ 4 │ 5 │ 6 │ 7 │ 8 │ 9 │ 0 │ - │ ` │ ←    │
├───┴─┬─┴─┬─┴─┬─┴─┬─┴─┬─┴─┬─┴─┬─┴─┬─┴─┬─┴─┬─┴─┬─┴─┬─┴─┬────┤
│   ⇥ │ ß │ o │ y │ k │ ö │ q │ f │ r │ b │ w │ v │ j │ Ret│
├─────┴┬──┴┬──┴┬──┴┬──┴┬──┴┬──┴┬──┴┬──┴┬──┴┬──┴┬──┴┬──┴┐   │
│    ⇩ │ i │ a │ e │ l │ u │ m │ d │ s │ n │ t │ ⇘ │ ´ │   │
├────┬─┴─┬─┴─┬─┴─┬─┴─┬─┴─┬─┴─┬─┴─┬─┴─┬─┴─┬─┴─┬─┴─┬─┴───┴───┤
│  ⇧ │ ⇚ │ z │ ü │ x │ h │ ä │ c │ g │ , │ . │ p │ ⇗       │
├────┼───┴┬──┴─┬─┴───┴───┴───┴───┴───┴─┬─┴──┬┴───┼────┬────┤
│Strg│ Fe │ Alt│      Leerzeichen      │ M4 │ Fe │ Me │Strg│
└────┴────┴────┴───────────────────────┴────┴────┴────┴────┘
# 9.60662938613932 x100 total penalty per letter
# 35.15767883974819 x10 billion total penalty compared to notime-noeffort
# 7.3573266248452445 mean key position cost in file 1gramme.txt ( 53.85167184 )
# 12.42805361226506 % finger repeats in file 2gramme.txt ( 59.99527282037813 )
# 13.496243091779338 million keystrokes disbalance of the fingers ( 26.99248618355868 )
# 0.413092166653404 % finger repeats top to bottom or vice versa ( 9.970820054185129 )
# 2.1767149728512765 % of trigrams have no handswitching (after direction change counted x 1 ) ( 9.628295040314185 )
# 8.097976336271024 billion (rows²/dist)² to cross ( 105.27369237152331 )
# 0.01049070585040035 hand disbalance. Left: 0.48950929414959965 %, Right: 0.5104907058504004 % ( 0.30714528666864016 )
# 0.7319461889614385 badly positioned shortcut keys (weighted).
# 11.724910652845928 no handswitching after unbalancing key (weighted).
# 24.18136024026744 movement pattern cost (weighted).
# 0.8794838951899444 asymmetric bigram cost (weighted).
# 5.2000898166771625 irregularity cost (weighted).
# 19.698852721788306 manually assigned bigram penalty (weighted)
# 11.997418279200055 unbalancing key after neighboring finger (weighted)
# 0.8794838951899444 asymmetrc bigrams (weighted)
# 11.143343005923468 inconsistent symmetries of similar keys (weighted)
# 5.2000898166771625 irregularity cost for randomly sampled words (weighted).
# Finger load %: 12.2 7.7 11.4 10.1 - 11.7 10.9 9.2 11.2
 
