
# Evolved Layout
ßhyüä qbldwzj
ugeio mnrts⇘
vkxaö cp,.f
┌───┬───┬───┬───┬───┬───┬───┬───┬───┬───┬───┬───┬───┬──────┐
│ ^ │ 1 │ 2 │ 3 │ 4 │ 5 │ 6 │ 7 │ 8 │ 9 │ 0 │ - │ ` │ ←    │
├───┴─┬─┴─┬─┴─┬─┴─┬─┴─┬─┴─┬─┴─┬─┴─┬─┴─┬─┴─┬─┴─┬─┴─┬─┴─┬────┤
│   ⇥ │ ß │ h │ y │ ü │ ä │ q │ b │ l │ d │ w │ z │ j │ Ret│
├─────┴┬──┴┬──┴┬──┴┬──┴┬──┴┬──┴┬──┴┬──┴┬──┴┬──┴┬──┴┬──┴┐   │
│    ⇩ │ u │ g │ e │ i │ o │ m │ n │ r │ t │ s │ ⇘ │ ´ │   │
├────┬─┴─┬─┴─┬─┴─┬─┴─┬─┴─┬─┴─┬─┴─┬─┴─┬─┴─┬─┴─┬─┴─┬─┴───┴───┤
│  ⇧ │ ⇚ │ v │ k │ x │ a │ ö │ c │ p │ , │ . │ f │ ⇗       │
├────┼───┴┬──┴─┬─┴───┴───┴───┴───┴───┴─┬─┴──┬┴───┼────┬────┤
│Strg│ Fe │ Alt│      Leerzeichen      │ M4 │ Fe │ Me │Strg│
└────┴────┴────┴───────────────────────┴────┴────┴────┴────┘
# 9.265048619441837 x100 total penalty per letter
# 33.90758513771445 x10 billion total penalty compared to notime-noeffort
# 7.556267727614852 mean key position cost in file 1gramme.txt ( 55.30781366 )
# 10.88406384828079 % finger repeats in file 2gramme.txt ( 52.54180584863204 )
# 12.22228003263426 million keystrokes disbalance of the fingers ( 24.44456006526852 )
# 0.35384228149008407 % finger repeats top to bottom or vice versa ( 8.540703506634449 )
# 2.028728160162781 % of trigrams have no handswitching (after direction change counted x 1 ) ( 8.97370281652196 )
# 7.883365127020014 billion (rows²/dist)² to cross ( 102.48374665126018 )
# 0.020595513549066913 hand disbalance. Left: 0.4794044864509331 %, Right: 0.520595513549067 % ( 0.6029923060777279 )
# 0.7319461889614385 badly positioned shortcut keys (weighted).
# 12.88057598903873 no handswitching after unbalancing key (weighted).
# 28.29908190045357 movement pattern cost (weighted).
# 0.8605825637422799 asymmetric bigram cost (weighted).
# 6.660721030417667 irregularity cost (weighted).
# 19.65797844966583 manually assigned bigram penalty (weighted)
# 10.465129914690305 unbalancing key after neighboring finger (weighted)
# 0.8605825637422799 asymmetrc bigrams (weighted)
# 6.624510485779782 inconsistent symmetries of similar keys (weighted)
# 6.660721030417667 irregularity cost for randomly sampled words (weighted).
# Finger load %: 9.2 6.4 11.4 13.5 - 13.9 9.1 9.5 11.4
 
