
# Evolved Layout
ßfyzö xbluüvj
nseac gtrih⇘
pkäoq wd,.m
┌───┬───┬───┬───┬───┬───┬───┬───┬───┬───┬───┬───┬───┬──────┐
│ ^ │ 1 │ 2 │ 3 │ 4 │ 5 │ 6 │ 7 │ 8 │ 9 │ 0 │ - │ ` │ ←    │
├───┴─┬─┴─┬─┴─┬─┴─┬─┴─┬─┴─┬─┴─┬─┴─┬─┴─┬─┴─┬─┴─┬─┴─┬─┴─┬────┤
│   ⇥ │ ß │ f │ y │ z │ ö │ x │ b │ l │ u │ ü │ v │ j │ Ret│
├─────┴┬──┴┬──┴┬──┴┬──┴┬──┴┬──┴┬──┴┬──┴┬──┴┬──┴┬──┴┬──┴┐   │
│    ⇩ │ n │ s │ e │ a │ c │ g │ t │ r │ i │ h │ ⇘ │ ´ │   │
├────┬─┴─┬─┴─┬─┴─┬─┴─┬─┴─┬─┴─┬─┴─┬─┴─┬─┴─┬─┴─┬─┴─┬─┴───┴───┤
│  ⇧ │ ⇚ │ p │ k │ ä │ o │ q │ w │ d │ , │ . │ m │ ⇗       │
├────┼───┴┬──┴─┬─┴───┴───┴───┴───┴───┴─┬─┴──┬┴───┼────┬────┤
│Strg│ Fe │ Alt│      Leerzeichen      │ M4 │ Fe │ Me │Strg│
└────┴────┴────┴───────────────────────┴────┴────┴────┴────┘
# 9.829430315152944 x100 total penalty per letter
# 35.973070294191146 x10 billion total penalty compared to notime-noeffort
# 7.4336469675732575 mean key position cost in file 1gramme.txt ( 54.41029568 )
# 9.408897410784776 % finger repeats in file 2gramme.txt ( 45.42057708392052 )
# 13.805056391362944 million keystrokes disbalance of the fingers ( 27.610112782725892 )
# 0.37893893417888475 % finger repeats top to bottom or vice versa ( 9.14646228911063 )
# 3.635434486603617 % of trigrams have no handswitching (after direction change counted x 1 ) ( 16.08067030976606 )
# 8.27763733026074 billion (rows²/dist)² to cross ( 107.60928529338962 )
# 5.132151576453525e-05 hand disbalance. Left: 0.49994867848423546 %, Right: 0.5000513215157646 % ( 0.0015025835150230388 )
# 1.0979192834421578 badly positioned shortcut keys (weighted).
# 11.961792974898092 no handswitching after unbalancing key (weighted).
# 34.07594813555554 movement pattern cost (weighted).
# 0.8753303193065952 asymmetric bigram cost (weighted).
# 3.8148709920746757 irregularity cost (weighted).
# 20.702488809748164 manually assigned bigram penalty (weighted)
# 12.190532229715929 unbalancing key after neighboring finger (weighted)
# 0.8753303193065952 asymmetrc bigrams (weighted)
# 14.732914174742607 inconsistent symmetries of similar keys (weighted)
# 3.8148709920746757 irregularity cost for randomly sampled words (weighted).
# Finger load %: 13.1 7.2 11.5 10.3 - 13.8 9.1 9.4 9.9
 
