
# Evolved Layout
jzlüä qpafkvß
mnreu gtish⇘
cyxoö wd,.b
┌───┬───┬───┬───┬───┬───┬───┬───┬───┬───┬───┬───┬───┬──────┐
│ ^ │ 1 │ 2 │ 3 │ 4 │ 5 │ 6 │ 7 │ 8 │ 9 │ 0 │ - │ ` │ ←    │
├───┴─┬─┴─┬─┴─┬─┴─┬─┴─┬─┴─┬─┴─┬─┴─┬─┴─┬─┴─┬─┴─┬─┴─┬─┴─┬────┤
│   ⇥ │ j │ z │ l │ ü │ ä │ q │ p │ a │ f │ k │ v │ ß │ Ret│
├─────┴┬──┴┬──┴┬──┴┬──┴┬──┴┬──┴┬──┴┬──┴┬──┴┬──┴┬──┴┬──┴┐   │
│    ⇩ │ m │ n │ r │ e │ u │ g │ t │ i │ s │ h │ ⇘ │ ´ │   │
├────┬─┴─┬─┴─┬─┴─┬─┴─┬─┴─┬─┴─┬─┴─┬─┴─┬─┴─┬─┴─┬─┴─┬─┴───┴───┤
│  ⇧ │ ⇚ │ c │ y │ x │ o │ ö │ w │ d │ , │ . │ b │ ⇗       │
├────┼───┴┬──┴─┬─┴───┴───┴───┴───┴───┴─┬─┴──┬┴───┼────┬────┤
│Strg│ Fe │ Alt│      Leerzeichen      │ M4 │ Fe │ Me │Strg│
└────┴────┴────┴───────────────────────┴────┴────┴────┴────┘
# 9.218360150793483 x100 total penalty per letter
# 33.73671790423641 x10 billion total penalty compared to notime-noeffort
# 7.282876649120498 mean key position cost in file 1gramme.txt ( 53.30673808 )
# 10.624485889301983 % finger repeats in file 2gramme.txt ( 51.28871739625189 )
# 12.034222727875184 million keystrokes disbalance of the fingers ( 24.06844545575037 )
# 0.28587668375441855 % finger repeats top to bottom or vice versa ( 6.900215500319772 )
# 4.8605972960019 % of trigrams have no handswitching (after direction change counted x 1 ) ( 21.499950807412016 )
# 7.408554027809666 billion (rows²/dist)² to cross ( 96.31120236152566 )
# 0.009159496443907678 hand disbalance. Left: 0.5091594964439077 %, Right: 0.4908405035560923 % ( 0.26817034059696293 )
# 0.36597309448071924 badly positioned shortcut keys (weighted).
# 11.52969280387469 no handswitching after unbalancing key (weighted).
# 25.238344190763062 movement pattern cost (weighted).
# 0.8860200304950463 asymmetric bigram cost (weighted).
# 6.0008673780101685 irregularity cost (weighted).
# 16.60520546892061 manually assigned bigram penalty (weighted)
# 13.052595191708848 unbalancing key after neighboring finger (weighted)
# 0.8860200304950463 asymmetrc bigrams (weighted)
# 10.045040942254214 inconsistent symmetries of similar keys (weighted)
# 6.0008673780101685 irregularity cost for randomly sampled words (weighted).
# Finger load %: 10.4 7.7 8.0 16.9 - 13.3 11.1 7.5 9.6
 
