
# Evolved Layout
üäczj qpufkvß
aenrm gtish⇘
oöylx wd,.b
┌───┬───┬───┬───┬───┬───┬───┬───┬───┬───┬───┬───┬───┬──────┐
│ ^ │ 1 │ 2 │ 3 │ 4 │ 5 │ 6 │ 7 │ 8 │ 9 │ 0 │ - │ ` │ ←    │
├───┴─┬─┴─┬─┴─┬─┴─┬─┴─┬─┴─┬─┴─┬─┴─┬─┴─┬─┴─┬─┴─┬─┴─┬─┴─┬────┤
│   ⇥ │ ü │ ä │ c │ z │ j │ q │ p │ u │ f │ k │ v │ ß │ Ret│
├─────┴┬──┴┬──┴┬──┴┬──┴┬──┴┬──┴┬──┴┬──┴┬──┴┬──┴┬──┴┬──┴┐   │
│    ⇩ │ a │ e │ n │ r │ m │ g │ t │ i │ s │ h │ ⇘ │ ´ │   │
├────┬─┴─┬─┴─┬─┴─┬─┴─┬─┴─┬─┴─┬─┴─┬─┴─┬─┴─┬─┴─┬─┴─┬─┴───┴───┤
│  ⇧ │ ⇚ │ o │ ö │ y │ l │ x │ w │ d │ , │ . │ b │ ⇗       │
├────┼───┴┬──┴─┬─┴───┴───┴───┴───┴───┴─┬─┴──┬┴───┼────┬────┤
│Strg│ Fe │ Alt│      Leerzeichen      │ M4 │ Fe │ Me │Strg│
└────┴────┴────┴───────────────────────┴────┴────┴────┴────┘
# 9.724447961586776 x100 total penalty per letter
# 35.588863126186354 x10 billion total penalty compared to notime-noeffort
# 7.3587472839260375 mean key position cost in file 1gramme.txt ( 53.8620703 )
# 7.698356506158985 % finger repeats in file 2gramme.txt ( 37.163099972447306 )
# 14.047320863216601 million keystrokes disbalance of the fingers ( 28.0946417264332 )
# 0.3247375841968603 % finger repeats top to bottom or vice versa ( 7.8382024115562 )
# 4.979718528651731 % of trigrams have no handswitching (after direction change counted x 1 ) ( 22.026861490631198 )
# 7.7461776599114005 billion (rows²/dist)² to cross ( 100.7003095788482 )
# 0.029504013460560752 hand disbalance. Left: 0.5295040134605608 %, Right: 0.47049598653943925 % ( 0.8638140084609771 )
# 0.7319461889614385 badly positioned shortcut keys (weighted).
# 11.994832741625098 no handswitching after unbalancing key (weighted).
# 32.15158680018446 movement pattern cost (weighted).
# 0.8742182284066 asymmetric bigram cost (weighted).
# 20.87090474376009 irregularity cost (weighted).
# 17.83709824512603 manually assigned bigram penalty (weighted)
# 11.568404637067296 unbalancing key after neighboring finger (weighted)
# 0.8742182284066 asymmetrc bigrams (weighted)
# 9.3106401883554 inconsistent symmetries of similar keys (weighted)
# 20.87090474376009 irregularity cost for randomly sampled words (weighted).
# Finger load %: 13.4 11.4 9.0 10.9 - 13.3 9.2 7.5 9.7
 
