
# Evolved Layout
ömgzv qfuoxjß
rstnl bhiea⇘
äkwcü pd,.y
┌───┬───┬───┬───┬───┬───┬───┬───┬───┬───┬───┬───┬───┬──────┐
│ ^ │ 1 │ 2 │ 3 │ 4 │ 5 │ 6 │ 7 │ 8 │ 9 │ 0 │ - │ ` │ ←    │
├───┴─┬─┴─┬─┴─┬─┴─┬─┴─┬─┴─┬─┴─┬─┴─┬─┴─┬─┴─┬─┴─┬─┴─┬─┴─┬────┤
│   ⇥ │ ö │ m │ g │ z │ v │ q │ f │ u │ o │ x │ j │ ß │ Ret│
├─────┴┬──┴┬──┴┬──┴┬──┴┬──┴┬──┴┬──┴┬──┴┬──┴┬──┴┬──┴┬──┴┐   │
│    ⇩ │ r │ s │ t │ n │ l │ b │ h │ i │ e │ a │ ⇘ │ ´ │   │
├────┬─┴─┬─┴─┬─┴─┬─┴─┬─┴─┬─┴─┬─┴─┬─┴─┬─┴─┬─┴─┬─┴─┬─┴───┴───┤
│  ⇧ │ ⇚ │ ä │ k │ w │ c │ ü │ p │ d │ , │ . │ y │ ⇗       │
├────┼───┴┬──┴─┬─┴───┴───┴───┴───┴───┴─┬─┴──┬┴───┼────┬────┤
│Strg│ Fe │ Alt│      Leerzeichen      │ M4 │ Fe │ Me │Strg│
└────┴────┴────┴───────────────────────┴────┴────┴────┴────┘
# 9.850776083223117 x100 total penalty per letter
# 36.05119006213824 x10 billion total penalty compared to notime-noeffort
# 7.285153444908402 mean key position cost in file 1gramme.txt ( 53.323403 )
# 11.50237167078033 % finger repeats in file 2gramme.txt ( 55.52662934997456 )
# 12.495917792916934 million keystrokes disbalance of the fingers ( 24.99183558583387 )
# 0.42024034554601364 % finger repeats top to bottom or vice versa ( 10.143355897773603 )
# 2.7887291663333786 % of trigrams have no handswitching (after direction change counted x 1 ) ( 12.335426335500173 )
# 8.362263352680651 billion (rows²/dist)² to cross ( 108.70942358484847 )
# 0.02826360838407921 hand disbalance. Left: 0.4717363916159208 %, Right: 0.5282636083840793 % ( 0.8274976177210136 )
# 1.0979192834421578 badly positioned shortcut keys (weighted).
# 13.619580979422334 no handswitching after unbalancing key (weighted).
# 29.149006593994528 movement pattern cost (weighted).
# 0.8807315184918264 asymmetric bigram cost (weighted).
# 5.348171785588302 irregularity cost (weighted).
# 17.177822368849277 manually assigned bigram penalty (weighted)
# 12.966620774118821 unbalancing key after neighboring finger (weighted)
# 0.8807315184918264 asymmetrc bigrams (weighted)
# 14.414475945823371 inconsistent symmetries of similar keys (weighted)
# 5.348171785588302 irregularity cost for randomly sampled words (weighted).
# Finger load %: 10.8 7.7 8.0 13.2 - 11.3 9.2 14.9 9.2
 
