
# Evolved Layout
äflgö qpoaxßj
cnrtm kueis⇘
vbzdy wh,.ü
┌───┬───┬───┬───┬───┬───┬───┬───┬───┬───┬───┬───┬───┬──────┐
│ ^ │ 1 │ 2 │ 3 │ 4 │ 5 │ 6 │ 7 │ 8 │ 9 │ 0 │ - │ ` │ ←    │
├───┴─┬─┴─┬─┴─┬─┴─┬─┴─┬─┴─┬─┴─┬─┴─┬─┴─┬─┴─┬─┴─┬─┴─┬─┴─┬────┤
│   ⇥ │ ä │ f │ l │ g │ ö │ q │ p │ o │ a │ x │ ß │ j │ Ret│
├─────┴┬──┴┬──┴┬──┴┬──┴┬──┴┬──┴┬──┴┬──┴┬──┴┬──┴┬──┴┬──┴┐   │
│    ⇩ │ c │ n │ r │ t │ m │ k │ u │ e │ i │ s │ ⇘ │ ´ │   │
├────┬─┴─┬─┴─┬─┴─┬─┴─┬─┴─┬─┴─┬─┴─┬─┴─┬─┴─┬─┴─┬─┴─┬─┴───┴───┤
│  ⇧ │ ⇚ │ v │ b │ z │ d │ y │ w │ h │ , │ . │ ü │ ⇗       │
├────┼───┴┬──┴─┬─┴───┴───┴───┴───┴───┴─┬─┴──┬┴───┼────┬────┤
│Strg│ Fe │ Alt│      Leerzeichen      │ M4 │ Fe │ Me │Strg│
└────┴────┴────┴───────────────────────┴────┴────┴────┴────┘
# 9.926218008025366 x100 total penalty per letter
# 36.32728720887284 x10 billion total penalty compared to notime-noeffort
# 7.47875073680914 mean key position cost in file 1gramme.txt ( 54.740431 )
# 11.65669118259676 % finger repeats in file 2gramme.txt ( 56.27159243927096 )
# 10.434844436762619 million keystrokes disbalance of the fingers ( 20.869688873525238 )
# 0.3903050971695352 % finger repeats top to bottom or vice versa ( 9.420807762190977 )
# 2.2671806353702384 % of trigrams have no handswitching (after direction change counted x 1 ) ( 10.02845312284398 )
# 8.628693579124999 billion (rows²/dist)² to cross ( 112.17301652862497 )
# 0.03525320335412224 hand disbalance. Left: 0.46474679664587776 %, Right: 0.5352532033541222 % ( 1.0321379137492952 )
# 0.36597309448071924 badly positioned shortcut keys (weighted).
# 11.170426208976396 no handswitching after unbalancing key (weighted).
# 35.66218907007153 movement pattern cost (weighted).
# 0.8642359911875447 asymmetric bigram cost (weighted).
# 3.4893933231145344 irregularity cost (weighted).
# 18.05946502139962 manually assigned bigram penalty (weighted)
# 12.52266322185314 unbalancing key after neighboring finger (weighted)
# 0.8642359911875447 asymmetrc bigrams (weighted)
# 16.602398517439436 inconsistent symmetries of similar keys (weighted)
# 3.4893933231145344 irregularity cost for randomly sampled words (weighted).
# Finger load %: 8.6 9.4 8.5 12.7 - 9.9 14.7 11.3 9.3
 
