
# Evolved Layout
ßfüäö qdlwvzj
uheio ctrns⇘
pkxay bg,.m
┌───┬───┬───┬───┬───┬───┬───┬───┬───┬───┬───┬───┬───┬──────┐
│ ^ │ 1 │ 2 │ 3 │ 4 │ 5 │ 6 │ 7 │ 8 │ 9 │ 0 │ - │ ` │ ←    │
├───┴─┬─┴─┬─┴─┬─┴─┬─┴─┬─┴─┬─┴─┬─┴─┬─┴─┬─┴─┬─┴─┬─┴─┬─┴─┬────┤
│   ⇥ │ ß │ f │ ü │ ä │ ö │ q │ d │ l │ w │ v │ z │ j │ Ret│
├─────┴┬──┴┬──┴┬──┴┬──┴┬──┴┬──┴┬──┴┬──┴┬──┴┬──┴┬──┴┬──┴┐   │
│    ⇩ │ u │ h │ e │ i │ o │ c │ t │ r │ n │ s │ ⇘ │ ´ │   │
├────┬─┴─┬─┴─┬─┴─┬─┴─┬─┴─┬─┴─┬─┴─┬─┴─┬─┴─┬─┴─┬─┴─┬─┴───┴───┤
│  ⇧ │ ⇚ │ p │ k │ x │ a │ y │ b │ g │ , │ . │ m │ ⇗       │
├────┼───┴┬──┴─┬─┴───┴───┴───┴───┴───┴─┬─┴──┬┴───┼────┬────┤
│Strg│ Fe │ Alt│      Leerzeichen      │ M4 │ Fe │ Me │Strg│
└────┴────┴────┴───────────────────────┴────┴────┴────┴────┘
# 9.263111829891567 x100 total penalty per letter
# 33.90049700906375 x10 billion total penalty compared to notime-noeffort
# 7.631192719133441 mean key position cost in file 1gramme.txt ( 55.85622428 )
# 11.189984628227391 % finger repeats in file 2gramme.txt ( 54.018609958666275 )
# 12.519393962343665 million keystrokes disbalance of the fingers ( 25.038787924687327 )
# 0.34799720236517684 % finger repeats top to bottom or vice versa ( 8.39962062765112 )
# 2.0606780664422915 % of trigrams have no handswitching (after direction change counted x 1 ) ( 9.11502730227517 )
# 7.981863726403531 billion (rows²/dist)² to cross ( 103.76422844324591 )
# 0.02400734784900599 hand disbalance. Left: 0.475992652150994 %, Right: 0.5240073478490059 % ( 0.7028834706060608 )
# 1.0979192834421578 badly positioned shortcut keys (weighted).
# 13.315099735720992 no handswitching after unbalancing key (weighted).
# 21.04744488048535 movement pattern cost (weighted).
# 0.8671903518389583 asymmetric bigram cost (weighted).
# 3.7828836872935536 irregularity cost (weighted).
# 20.803329534549288 manually assigned bigram penalty (weighted)
# 11.172369497664443 unbalancing key after neighboring finger (weighted)
# 0.8671903518389583 asymmetrc bigrams (weighted)
# 10.023351112510863 inconsistent symmetries of similar keys (weighted)
# 3.7828836872935536 irregularity cost for randomly sampled words (weighted).
# Finger load %: 9.5 5.8 11.3 13.6 - 14.7 9.1 9.0 11.5
 
