
# Evolved Layout
ßpdxq öoafkvj
gntrm ueish⇘
cyblz üä,.w
┌───┬───┬───┬───┬───┬───┬───┬───┬───┬───┬───┬───┬───┬──────┐
│ ^ │ 1 │ 2 │ 3 │ 4 │ 5 │ 6 │ 7 │ 8 │ 9 │ 0 │ - │ ` │ ←    │
├───┴─┬─┴─┬─┴─┬─┴─┬─┴─┬─┴─┬─┴─┬─┴─┬─┴─┬─┴─┬─┴─┬─┴─┬─┴─┬────┤
│   ⇥ │ ß │ p │ d │ x │ q │ ö │ o │ a │ f │ k │ v │ j │ Ret│
├─────┴┬──┴┬──┴┬──┴┬──┴┬──┴┬──┴┬──┴┬──┴┬──┴┬──┴┬──┴┬──┴┐   │
│    ⇩ │ g │ n │ t │ r │ m │ u │ e │ i │ s │ h │ ⇘ │ ´ │   │
├────┬─┴─┬─┴─┬─┴─┬─┴─┬─┴─┬─┴─┬─┴─┬─┴─┬─┴─┬─┴─┬─┴─┬─┴───┴───┤
│  ⇧ │ ⇚ │ c │ y │ b │ l │ z │ ü │ ä │ , │ . │ w │ ⇗       │
├────┼───┴┬──┴─┬─┴───┴───┴───┴───┴───┴─┬─┴──┬┴───┼────┬────┤
│Strg│ Fe │ Alt│      Leerzeichen      │ M4 │ Fe │ Me │Strg│
└────┴────┴────┴───────────────────────┴────┴────┴────┴────┘
# 9.855266106512817 x100 total penalty per letter
# 36.067622339314454 x10 billion total penalty compared to notime-noeffort
# 7.593532609120283 mean key position cost in file 1gramme.txt ( 55.58057254 )
# 11.295980885560326 % finger repeats in file 2gramme.txt ( 54.53029703172111 )
# 11.85471445967817 million keystrokes disbalance of the fingers ( 23.70942891935634 )
# 0.3272437052785088 % finger repeats top to bottom or vice versa ( 7.898692743632826 )
# 2.8675371089636954 % of trigrams have no handswitching (after direction change counted x 1 ) ( 12.684018655867645 )
# 8.518106491899328 billion (rows²/dist)² to cross ( 110.73538439469127 )
# 0.04770773273107337 hand disbalance. Left: 0.45229226726892663 %, Right: 0.5477077327310733 % ( 1.3967797262600015 )
# 0.7319461889614385 badly positioned shortcut keys (weighted).
# 14.03595947824175 no handswitching after unbalancing key (weighted).
# 29.041829995728317 movement pattern cost (weighted).
# 0.8698596586888181 asymmetric bigram cost (weighted).
# 6.283669833327687 irregularity cost (weighted).
# 16.603517625070438 manually assigned bigram penalty (weighted)
# 11.759107820874279 unbalancing key after neighboring finger (weighted)
# 0.8698596586888181 asymmetrc bigrams (weighted)
# 14.815158780722577 inconsistent symmetries of similar keys (weighted)
# 6.283669833327687 irregularity cost for randomly sampled words (weighted).
# Finger load %: 9.8 8.0 9.5 10.8 - 17.7 11.1 7.5 10.0
 
