
# Evolved Layout
jcoöq pflmkvß
ureiü btnsh⇘
yzxaä wd,.g
┌───┬───┬───┬───┬───┬───┬───┬───┬───┬───┬───┬───┬───┬──────┐
│ ^ │ 1 │ 2 │ 3 │ 4 │ 5 │ 6 │ 7 │ 8 │ 9 │ 0 │ - │ ` │ ←    │
├───┴─┬─┴─┬─┴─┬─┴─┬─┴─┬─┴─┬─┴─┬─┴─┬─┴─┬─┴─┬─┴─┬─┴─┬─┴─┬────┤
│   ⇥ │ j │ c │ o │ ö │ q │ p │ f │ l │ m │ k │ v │ ß │ Ret│
├─────┴┬──┴┬──┴┬──┴┬──┴┬──┴┬──┴┬──┴┬──┴┬──┴┬──┴┬──┴┬──┴┐   │
│    ⇩ │ u │ r │ e │ i │ ü │ b │ t │ n │ s │ h │ ⇘ │ ´ │   │
├────┬─┴─┬─┴─┬─┴─┬─┴─┬─┴─┬─┴─┬─┴─┬─┴─┬─┴─┬─┴─┬─┴─┬─┴───┴───┤
│  ⇧ │ ⇚ │ y │ z │ x │ a │ ä │ w │ d │ , │ . │ g │ ⇗       │
├────┼───┴┬──┴─┬─┴───┴───┴───┴───┴───┴─┬─┴──┬┴───┼────┬────┤
│Strg│ Fe │ Alt│      Leerzeichen      │ M4 │ Fe │ Me │Strg│
└────┴────┴────┴───────────────────────┴────┴────┴────┴────┘
# 9.262034841953977 x100 total penalty per letter
# 33.896555522981366 x10 billion total penalty compared to notime-noeffort
# 7.466805738485689 mean key position cost in file 1gramme.txt ( 54.65300004 )
# 11.36822791505149 % finger repeats in file 2gramme.txt ( 54.87906284654723 )
# 11.027773454927848 million keystrokes disbalance of the fingers ( 22.055546909855696 )
# 0.3632806519282388 % finger repeats top to bottom or vice versa ( 8.768517783545056 )
# 2.2149344949694187 % of trigrams have no handswitching (after direction change counted x 1 ) ( 9.797352009114862 )
# 8.089391591436303 billion (rows²/dist)² to cross ( 105.16209068867195 )
# 0.0044760465046761455 hand disbalance. Left: 0.49552395349532385 %, Right: 0.5044760465046761 % ( 0.1310490072284749 )
# 0.36597309448071924 badly positioned shortcut keys (weighted).
# 14.057803933908284 no handswitching after unbalancing key (weighted).
# 32.90891944324769 movement pattern cost (weighted).
# 0.8570674460241123 asymmetric bigram cost (weighted).
# 2.9165525668484 irregularity cost (weighted).
# 16.150504461862468 manually assigned bigram penalty (weighted)
# 9.55535990671901 unbalancing key after neighboring finger (weighted)
# 0.8570674460241123 asymmetrc bigrams (weighted)
# 6.706755091759751 inconsistent symmetries of similar keys (weighted)
# 2.9165525668484 irregularity cost for randomly sampled words (weighted).
# Finger load %: 9.2 8.1 13.7 10.8 - 14.0 10.5 8.0 10.1
 
