
# Evolved Layout
jüloö wbumvzß
hnreä ftisg⇘
kyxaq pd,.c
┌───┬───┬───┬───┬───┬───┬───┬───┬───┬───┬───┬───┬───┬──────┐
│ ^ │ 1 │ 2 │ 3 │ 4 │ 5 │ 6 │ 7 │ 8 │ 9 │ 0 │ - │ ` │ ←    │
├───┴─┬─┴─┬─┴─┬─┴─┬─┴─┬─┴─┬─┴─┬─┴─┬─┴─┬─┴─┬─┴─┬─┴─┬─┴─┬────┤
│   ⇥ │ j │ ü │ l │ o │ ö │ w │ b │ u │ m │ v │ z │ ß │ Ret│
├─────┴┬──┴┬──┴┬──┴┬──┴┬──┴┬──┴┬──┴┬──┴┬──┴┬──┴┬──┴┬──┴┐   │
│    ⇩ │ h │ n │ r │ e │ ä │ f │ t │ i │ s │ g │ ⇘ │ ´ │   │
├────┬─┴─┬─┴─┬─┴─┬─┴─┬─┴─┬─┴─┬─┴─┬─┴─┬─┴─┬─┴─┬─┴─┬─┴───┴───┤
│  ⇧ │ ⇚ │ k │ y │ x │ a │ q │ p │ d │ , │ . │ c │ ⇗       │
├────┼───┴┬──┴─┬─┴───┴───┴───┴───┴───┴─┬─┴──┬┴───┼────┬────┤
│Strg│ Fe │ Alt│      Leerzeichen      │ M4 │ Fe │ Me │Strg│
└────┴────┴────┴───────────────────────┴────┴────┴────┴────┘
# 9.51737878310658 x100 total penalty per letter
# 34.83104564598657 x10 billion total penalty compared to notime-noeffort
# 7.568013741365124 mean key position cost in file 1gramme.txt ( 55.39378816 )
# 10.668365481473321 % finger repeats in file 2gramme.txt ( 51.500542046007865 )
# 12.212488243061452 million keystrokes disbalance of the fingers ( 24.424976486122905 )
# 0.39113307571510003 % finger repeats top to bottom or vice versa ( 9.440792709263285 )
# 4.86476031242621 % of trigrams have no handswitching (after direction change counted x 1 ) ( 21.518365138590354 )
# 7.552722087621187 billion (rows²/dist)² to cross ( 98.18538713907544 )
# 0.024656514962018927 hand disbalance. Left: 0.5246565149620189 %, Right: 0.4753434850379811 % ( 0.7218896863808176 )
# 1.0979192834421578 badly positioned shortcut keys (weighted).
# 12.273138652993733 no handswitching after unbalancing key (weighted).
# 25.868451789472577 movement pattern cost (weighted).
# 0.881800917368382 asymmetric bigram cost (weighted).
# 3.4576443329311646 irregularity cost (weighted).
# 15.861901101005099 manually assigned bigram penalty (weighted)
# 10.968844508326699 unbalancing key after neighboring finger (weighted)
# 0.881800917368382 asymmetrc bigrams (weighted)
# 16.715014508885197 inconsistent symmetries of similar keys (weighted)
# 3.4576443329311646 irregularity cost for randomly sampled words (weighted).
# Finger load %: 10.4 7.4 8.0 18.5 - 14.0 9.2 8.0 8.9
 
