
# Evolved Layout
jmcyö qwrozxß
tlneä gsiah⇘
bvpuü kf,.d
┌───┬───┬───┬───┬───┬───┬───┬───┬───┬───┬───┬───┬───┬──────┐
│ ^ │ 1 │ 2 │ 3 │ 4 │ 5 │ 6 │ 7 │ 8 │ 9 │ 0 │ - │ ` │ ←    │
├───┴─┬─┴─┬─┴─┬─┴─┬─┴─┬─┴─┬─┴─┬─┴─┬─┴─┬─┴─┬─┴─┬─┴─┬─┴─┬────┤
│   ⇥ │ j │ m │ c │ y │ ö │ q │ w │ r │ o │ z │ x │ ß │ Ret│
├─────┴┬──┴┬──┴┬──┴┬──┴┬──┴┬──┴┬──┴┬──┴┬──┴┬──┴┬──┴┬──┴┐   │
│    ⇩ │ t │ l │ n │ e │ ä │ g │ s │ i │ a │ h │ ⇘ │ ´ │   │
├────┬─┴─┬─┴─┬─┴─┬─┴─┬─┴─┬─┴─┬─┴─┬─┴─┬─┴─┬─┴─┬─┴─┬─┴───┴───┤
│  ⇧ │ ⇚ │ b │ v │ p │ u │ ü │ k │ f │ , │ . │ d │ ⇗       │
├────┼───┴┬──┴─┬─┴───┴───┴───┴───┴───┴─┬─┴──┬┴───┼────┬────┤
│Strg│ Fe │ Alt│      Leerzeichen      │ M4 │ Fe │ Me │Strg│
└────┴────┴────┴───────────────────────┴────┴────┴────┴────┘
# 10.290642661361863 x100 total penalty per letter
# 37.66098338973906 x10 billion total penalty compared to notime-noeffort
# 7.6159573149901085 mean key position cost in file 1gramme.txt ( 55.74470932 )
# 15.078654402847958 % finger repeats in file 2gramme.txt ( 72.79080159183377 )
# 13.879685778931067 million keystrokes disbalance of the fingers ( 27.75937155786214 )
# 0.3970818853260973 % finger repeats top to bottom or vice versa ( 9.584379334612263 )
# 4.2525637877255456 % of trigrams have no handswitching (after direction change counted x 1 ) ( 18.810427335069893 )
# 8.085999638494867 billion (rows²/dist)² to cross ( 105.11799530043328 )
# 0.0034035669215821684 hand disbalance. Left: 0.49659643307841783 %, Right: 0.5034035669215822 % ( 0.09964911348509134 )
# 0.7319461889614385 badly positioned shortcut keys (weighted).
# 9.540961847321473 no handswitching after unbalancing key (weighted).
# 28.10085581340552 movement pattern cost (weighted).
# 0.8807925715575649 asymmetric bigram cost (weighted).
# 2.9309592936425473 irregularity cost (weighted).
# 18.586652182543023 manually assigned bigram penalty (weighted)
# 10.76636405155497 unbalancing key after neighboring finger (weighted)
# 0.8807925715575649 asymmetrc bigrams (weighted)
# 15.163968395107599 inconsistent symmetries of similar keys (weighted)
# 2.9309592936425473 irregularity cost for randomly sampled words (weighted).
# Finger load %: 12.1 5.6 9.6 14.6 - 11.2 11.7 8.6 11.0
 
