
# Evolved Layout
öäowj vfrmzqß
ceatg kinsd⇘
uyülx pb,.h
┌───┬───┬───┬───┬───┬───┬───┬───┬───┬───┬───┬───┬───┬──────┐
│ ^ │ 1 │ 2 │ 3 │ 4 │ 5 │ 6 │ 7 │ 8 │ 9 │ 0 │ - │ ` │ ←    │
├───┴─┬─┴─┬─┴─┬─┴─┬─┴─┬─┴─┬─┴─┬─┴─┬─┴─┬─┴─┬─┴─┬─┴─┬─┴─┬────┤
│   ⇥ │ ö │ ä │ o │ w │ j │ v │ f │ r │ m │ z │ q │ ß │ Ret│
├─────┴┬──┴┬──┴┬──┴┬──┴┬──┴┬──┴┬──┴┬──┴┬──┴┬──┴┬──┴┬──┴┐   │
│    ⇩ │ c │ e │ a │ t │ g │ k │ i │ n │ s │ d │ ⇘ │ ´ │   │
├────┬─┴─┬─┴─┬─┴─┬─┴─┬─┴─┬─┴─┬─┴─┬─┴─┬─┴─┬─┴─┬─┴─┬─┴───┴───┤
│  ⇧ │ ⇚ │ u │ y │ ü │ l │ x │ p │ b │ , │ . │ h │ ⇗       │
├────┼───┴┬──┴─┬─┴───┴───┴───┴───┴───┴─┬─┴──┬┴───┼────┬────┤
│Strg│ Fe │ Alt│      Leerzeichen      │ M4 │ Fe │ Me │Strg│
└────┴────┴────┴───────────────────────┴────┴────┴────┴────┘
# 10.210583081828423 x100 total penalty per letter
# 37.36798686909227 x10 billion total penalty compared to notime-noeffort
# 7.587304170378811 mean key position cost in file 1gramme.txt ( 55.53498372 )
# 15.023314643095462 % finger repeats in file 2gramme.txt ( 72.5236540490449 )
# 12.477434716290729 million keystrokes disbalance of the fingers ( 24.954869432581457 )
# 0.42106520950173865 % finger repeats top to bottom or vice versa ( 10.163265667882165 )
# 3.2685176829532065 % of trigrams have no handswitching (after direction change counted x 1 ) ( 14.457681868533628 )
# 8.177984406235426 billion (rows²/dist)² to cross ( 106.31379728106054 )
# 0.012641478854112487 hand disbalance. Left: 0.4873585211458875 %, Right: 0.5126414788541125 % ( 0.3701152908041699 )
# 1.0979192834421578 badly positioned shortcut keys (weighted).
# 12.641327859857473 no handswitching after unbalancing key (weighted).
# 24.703089447001123 movement pattern cost (weighted).
# 0.8840381508706896 asymmetric bigram cost (weighted).
# 6.404937886385775 irregularity cost (weighted).
# 17.257117330797122 manually assigned bigram penalty (weighted)
# 12.277033705757344 unbalancing key after neighboring finger (weighted)
# 0.8840381508706896 asymmetrc bigrams (weighted)
# 14.09603771690414 inconsistent symmetries of similar keys (weighted)
# 6.404937886385775 irregularity cost for randomly sampled words (weighted).
# Finger load %: 10.7 11.7 7.5 11.3 - 11.9 12.7 8.0 10.7
 
