
# Evolved Layout
öugäj qblmwzß
aiheü ctrsn⇘
vxkoy fd,.p
┌───┬───┬───┬───┬───┬───┬───┬───┬───┬───┬───┬───┬───┬──────┐
│ ^ │ 1 │ 2 │ 3 │ 4 │ 5 │ 6 │ 7 │ 8 │ 9 │ 0 │ - │ ` │ ←    │
├───┴─┬─┴─┬─┴─┬─┴─┬─┴─┬─┴─┬─┴─┬─┴─┬─┴─┬─┴─┬─┴─┬─┴─┬─┴─┬────┤
│   ⇥ │ ö │ u │ g │ ä │ j │ q │ b │ l │ m │ w │ z │ ß │ Ret│
├─────┴┬──┴┬──┴┬──┴┬──┴┬──┴┬──┴┬──┴┬──┴┬──┴┬──┴┬──┴┬──┴┐   │
│    ⇩ │ a │ i │ h │ e │ ü │ c │ t │ r │ s │ n │ ⇘ │ ´ │   │
├────┬─┴─┬─┴─┬─┴─┬─┴─┬─┴─┬─┴─┬─┴─┬─┴─┬─┴─┬─┴─┬─┴─┬─┴───┴───┤
│  ⇧ │ ⇚ │ v │ x │ k │ o │ y │ f │ d │ , │ . │ p │ ⇗       │
├────┼───┴┬──┴─┬─┴───┴───┴───┴───┴───┴─┬─┴──┬┴───┼────┬────┤
│Strg│ Fe │ Alt│      Leerzeichen      │ M4 │ Fe │ Me │Strg│
└────┴────┴────┴───────────────────────┴────┴────┴────┴────┘
# 9.344053364692158 x100 total penalty per letter
# 34.196721248693656 x10 billion total penalty compared to notime-noeffort
# 7.358160891092147 mean key position cost in file 1gramme.txt ( 53.85777822 )
# 10.468030606143328 % finger repeats in file 2gramme.txt ( 50.533444069459236 )
# 14.66216525657698 million keystrokes disbalance of the fingers ( 29.324330513153956 )
# 0.3653609287827682 % finger repeats top to bottom or vice versa ( 8.818729498638657 )
# 1.84587378719459 % of trigrams have no handswitching (after direction change counted x 1 ) ( 8.16488040554584 )
# 7.951090509675752 billion (rows²/dist)² to cross ( 103.36417662578478 )
# 0.020650888871761475 hand disbalance. Left: 0.4793491111282385 %, Right: 0.5206508888717615 % ( 0.6046135763340797 )
# 0.7319461889614385 badly positioned shortcut keys (weighted).
# 11.155950535136212 no handswitching after unbalancing key (weighted).
# 22.897455396103446 movement pattern cost (weighted).
# 0.8762713116671886 asymmetric bigram cost (weighted).
# 10.174050311517663 irregularity cost (weighted).
# 21.0248152500017 manually assigned bigram penalty (weighted)
# 10.460882552972743 unbalancing key after neighboring finger (weighted)
# 0.8762713116671886 asymmetrc bigrams (weighted)
# 9.977888031659656 inconsistent symmetries of similar keys (weighted)
# 10.174050311517663 irregularity cost for randomly sampled words (weighted).
# Finger load %: 11.1 8.4 6.2 14.8 - 14.1 9.1 8.0 12.8
 
