
# Evolved Layout
öühzj qwimfäß
oeunp btars⇘
cyklx gd,.v
┌───┬───┬───┬───┬───┬───┬───┬───┬───┬───┬───┬───┬───┬──────┐
│ ^ │ 1 │ 2 │ 3 │ 4 │ 5 │ 6 │ 7 │ 8 │ 9 │ 0 │ - │ ` │ ←    │
├───┴─┬─┴─┬─┴─┬─┴─┬─┴─┬─┴─┬─┴─┬─┴─┬─┴─┬─┴─┬─┴─┬─┴─┬─┴─┬────┤
│   ⇥ │ ö │ ü │ h │ z │ j │ q │ w │ i │ m │ f │ ä │ ß │ Ret│
├─────┴┬──┴┬──┴┬──┴┬──┴┬──┴┬──┴┬──┴┬──┴┬──┴┬──┴┬──┴┬──┴┐   │
│    ⇩ │ o │ e │ u │ n │ p │ b │ t │ a │ r │ s │ ⇘ │ ´ │   │
├────┬─┴─┬─┴─┬─┴─┬─┴─┬─┴─┬─┴─┬─┴─┬─┴─┬─┴─┬─┴─┬─┴─┬─┴───┴───┤
│  ⇧ │ ⇚ │ c │ y │ k │ l │ x │ g │ d │ , │ . │ v │ ⇗       │
├────┼───┴┬──┴─┬─┴───┴───┴───┴───┴───┴─┬─┴──┬┴───┼────┬────┤
│Strg│ Fe │ Alt│      Leerzeichen      │ M4 │ Fe │ Me │Strg│
└────┴────┴────┴───────────────────────┴────┴────┴────┴────┘
# 9.826208157511804 x100 total penalty per letter
# 35.96127806416282 x10 billion total penalty compared to notime-noeffort
# 7.410077338739643 mean key position cost in file 1gramme.txt ( 54.23777868 )
# 10.261376754888289 % finger repeats in file 2gramme.txt ( 49.53584182439069 )
# 12.751329204201108 million keystrokes disbalance of the fingers ( 25.502658408402215 )
# 0.3627272913842192 % finger repeats top to bottom or vice versa ( 8.755161300767366 )
# 5.215536679322909 % of trigrams have no handswitching (after direction change counted x 1 ) ( 23.069959350866526 )
# 7.500427657001208 billion (rows²/dist)² to cross ( 97.5055595410157 )
# 0.016021023921883204 hand disbalance. Left: 0.4839789760781168 %, Right: 0.5160210239218832 % ( 0.46906109611529806 )
# 0.7319461889614385 badly positioned shortcut keys (weighted).
# 12.637950195195543 no handswitching after unbalancing key (weighted).
# 31.452675898984605 movement pattern cost (weighted).
# 0.8773168183795665 asymmetric bigram cost (weighted).
# 5.263796541089696 irregularity cost (weighted).
# 21.703639550983148 manually assigned bigram penalty (weighted)
# 13.106149686267946 unbalancing key after neighboring finger (weighted)
# 0.8773168183795665 asymmetrc bigrams (weighted)
# 14.763285560208397 inconsistent symmetries of similar keys (weighted)
# 5.263796541089696 irregularity cost for randomly sampled words (weighted).
# Finger load %: 11.0 11.7 6.7 11.4 - 13.7 11.1 8.4 10.4
 
