
# Evolved Layout
pdrvq äöüfyxj
ctsnl wkehi⇘
gbßmz oa,.u
┌───┬───┬───┬───┬───┬───┬───┬───┬───┬───┬───┬───┬───┬──────┐
│ ^ │ 1 │ 2 │ 3 │ 4 │ 5 │ 6 │ 7 │ 8 │ 9 │ 0 │ - │ ` │ ←    │
├───┴─┬─┴─┬─┴─┬─┴─┬─┴─┬─┴─┬─┴─┬─┴─┬─┴─┬─┴─┬─┴─┬─┴─┬─┴─┬────┤
│   ⇥ │ p │ d │ r │ v │ q │ ä │ ö │ ü │ f │ y │ x │ j │ Ret│
├─────┴┬──┴┬──┴┬──┴┬──┴┬──┴┬──┴┬──┴┬──┴┬──┴┬──┴┬──┴┬──┴┐   │
│    ⇩ │ c │ t │ s │ n │ l │ w │ k │ e │ h │ i │ ⇘ │ ´ │   │
├────┬─┴─┬─┴─┬─┴─┬─┴─┬─┴─┬─┴─┬─┴─┬─┴─┬─┴─┬─┴─┬─┴─┬─┴───┴───┤
│  ⇧ │ ⇚ │ g │ b │ ß │ m │ z │ o │ a │ , │ . │ u │ ⇗       │
├────┼───┴┬──┴─┬─┴───┴───┴───┴───┴───┴─┬─┴──┬┴───┼────┬────┤
│Strg│ Fe │ Alt│      Leerzeichen      │ M4 │ Fe │ Me │Strg│
└────┴────┴────┴───────────────────────┴────┴────┴────┴────┘
# 10.763034869693845 x100 total penalty per letter
# 39.38981177265742 x10 billion total penalty compared to notime-noeffort
# 8.030865548108867 mean key position cost in file 1gramme.txt ( 58.78161432 )
# 14.16485128418564 % finger repeats in file 2gramme.txt ( 68.37950203369917 )
# 13.876029030661371 million keystrokes disbalance of the fingers ( 27.752058061322742 )
# 0.4306906300933764 % finger repeats top to bottom or vice versa ( 10.395594780880312 )
# 1.9525045799382525 % of trigrams have no handswitching (after direction change counted x 1 ) ( 8.636541944021747 )
# 9.685574435557447 billion (rows²/dist)² to cross ( 125.91246766224681 )
# 0.0024988234775316087 hand disbalance. Left: 0.5024988234775316 %, Right: 0.49750117652246845 % ( 0.0731601728506652 )
# 0.7319461889614385 badly positioned shortcut keys (weighted).
# 14.150783135820097 no handswitching after unbalancing key (weighted).
# 30.103777271485768 movement pattern cost (weighted).
# 0.8792568881905037 asymmetric bigram cost (weighted).
# 5.2281490361698 irregularity cost (weighted).
# 18.365106042925074 manually assigned bigram penalty (weighted)
# 11.56248574997431 unbalancing key after neighboring finger (weighted)
# 0.8792568881905037 asymmetrc bigrams (weighted)
# 12.945674438025742 inconsistent symmetries of similar keys (weighted)
# 5.2281490361698 irregularity cost for randomly sampled words (weighted).
# Finger load %: 10.2 9.7 9.8 12.6 - 10.6 12.3 6.0 13.0
 
