
# Evolved Layout
üklvß öpoäfqj
isrnm gtaec⇘
uxzhy wd,.b
┌───┬───┬───┬───┬───┬───┬───┬───┬───┬───┬───┬───┬───┬──────┐
│ ^ │ 1 │ 2 │ 3 │ 4 │ 5 │ 6 │ 7 │ 8 │ 9 │ 0 │ - │ ` │ ←    │
├───┴─┬─┴─┬─┴─┬─┴─┬─┴─┬─┴─┬─┴─┬─┴─┬─┴─┬─┴─┬─┴─┬─┴─┬─┴─┬────┤
│   ⇥ │ ü │ k │ l │ v │ ß │ ö │ p │ o │ ä │ f │ q │ j │ Ret│
├─────┴┬──┴┬──┴┬──┴┬──┴┬──┴┬──┴┬──┴┬──┴┬──┴┬──┴┬──┴┬──┴┐   │
│    ⇩ │ i │ s │ r │ n │ m │ g │ t │ a │ e │ c │ ⇘ │ ´ │   │
├────┬─┴─┬─┴─┬─┴─┬─┴─┬─┴─┬─┴─┬─┴─┬─┴─┬─┴─┬─┴─┬─┴─┬─┴───┴───┤
│  ⇧ │ ⇚ │ u │ x │ z │ h │ y │ w │ d │ , │ . │ b │ ⇗       │
├────┼───┴┬──┴─┬─┴───┴───┴───┴───┴───┴─┬─┴──┬┴───┼────┬────┤
│Strg│ Fe │ Alt│      Leerzeichen      │ M4 │ Fe │ Me │Strg│
└────┴────┴────┴───────────────────────┴────┴────┴────┴────┘
# 9.734427155820308 x100 total penalty per letter
# 35.62538429212705 x10 billion total penalty compared to notime-noeffort
# 7.41819102535973 mean key position cost in file 1gramme.txt ( 54.2971665 )
# 9.794533468354748 % finger repeats in file 2gramme.txt ( 47.282199281981576 )
# 14.686387512072393 million keystrokes disbalance of the fingers ( 29.372775024144786 )
# 0.3202182610209242 % finger repeats top to bottom or vice versa ( 7.729119350216586 )
# 3.5628583252694734 % of trigrams have no handswitching (after direction change counted x 1 ) ( 15.75964311836339 )
# 8.325113275224329 billion (rows²/dist)² to cross ( 108.22647257791627 )
# 0.010858851166045125 hand disbalance. Left: 0.4891411488339549 %, Right: 0.5108588511660451 % ( 0.3179237890994481 )
# 0.36597309448071924 badly positioned shortcut keys (weighted).
# 11.541743602712248 no handswitching after unbalancing key (weighted).
# 30.537227789317953 movement pattern cost (weighted).
# 0.8836391982598572 asymmetric bigram cost (weighted).
# 7.35938898752089 irregularity cost (weighted).
# 18.502475620231824 manually assigned bigram penalty (weighted)
# 12.267504137797388 unbalancing key after neighboring finger (weighted)
# 0.8836391982598572 asymmetrc bigrams (weighted)
# 11.810590849227724 inconsistent symmetries of similar keys (weighted)
# 7.35938898752089 irregularity cost for randomly sampled words (weighted).
# Finger load %: 13.9 6.0 8.5 12.9 - 13.3 8.4 12.5 9.0
 
