
# Evolved Layout
üufpj öolbkzß
mentw äirsh⇘
cyxgv qa,.d
┌───┬───┬───┬───┬───┬───┬───┬───┬───┬───┬───┬───┬───┬──────┐
│ ^ │ 1 │ 2 │ 3 │ 4 │ 5 │ 6 │ 7 │ 8 │ 9 │ 0 │ - │ ` │ ←    │
├───┴─┬─┴─┬─┴─┬─┴─┬─┴─┬─┴─┬─┴─┬─┴─┬─┴─┬─┴─┬─┴─┬─┴─┬─┴─┬────┤
│   ⇥ │ ü │ u │ f │ p │ j │ ö │ o │ l │ b │ k │ z │ ß │ Ret│
├─────┴┬──┴┬──┴┬──┴┬──┴┬──┴┬──┴┬──┴┬──┴┬──┴┬──┴┬──┴┬──┴┐   │
│    ⇩ │ m │ e │ n │ t │ w │ ä │ i │ r │ s │ h │ ⇘ │ ´ │   │
├────┬─┴─┬─┴─┬─┴─┬─┴─┬─┴─┬─┴─┬─┴─┬─┴─┬─┴─┬─┴─┬─┴─┬─┴───┴───┤
│  ⇧ │ ⇚ │ c │ y │ x │ g │ v │ q │ a │ , │ . │ d │ ⇗       │
├────┼───┴┬──┴─┬─┴───┴───┴───┴───┴───┴─┬─┴──┬┴───┼────┬────┤
│Strg│ Fe │ Alt│      Leerzeichen      │ M4 │ Fe │ Me │Strg│
└────┴────┴────┴───────────────────────┴────┴────┴────┴────┘
# 10.174220397701031 x100 total penalty per letter
# 37.23490922875501 x10 billion total penalty compared to notime-noeffort
# 7.88798410740024 mean key position cost in file 1gramme.txt ( 57.73579906 )
# 10.824745035670334 % finger repeats in file 2gramme.txt ( 52.25544979828211 )
# 13.521923856062008 million keystrokes disbalance of the fingers ( 27.043847712124016 )
# 0.5050626262327975 % finger repeats top to bottom or vice versa ( 12.19071424921654 )
# 4.262239319511919 % of trigrams have no handswitching (after direction change counted x 1 ) ( 18.853225255731555 )
# 8.552243874299702 billion (rows²/dist)² to cross ( 111.17917036589613 )
# 0.003847761152755702 hand disbalance. Left: 0.4961522388472443 %, Right: 0.5038477611527556 % ( 0.11265416447173632 )
# 0.7319461889614385 badly positioned shortcut keys (weighted).
# 10.505685676630389 no handswitching after unbalancing key (weighted).
# 35.55759273357895 movement pattern cost (weighted).
# 0.8935899283179853 asymmetric bigram cost (weighted).
# 4.219262333264312 irregularity cost (weighted).
# 18.588034268961323 manually assigned bigram penalty (weighted)
# 9.506074728622101 unbalancing key after neighboring finger (weighted)
# 0.8935899283179853 asymmetrc bigrams (weighted)
# 12.976045823491535 inconsistent symmetries of similar keys (weighted)
# 4.219262333264312 irregularity cost for randomly sampled words (weighted).
# Finger load %: 10.0 13.9 8.0 10.0 - 14.0 9.1 7.5 11.9
 
