
# Evolved Layout
zoypq vmdukjß
raelc fstih⇘
xüänö wg,.b
┌───┬───┬───┬───┬───┬───┬───┬───┬───┬───┬───┬───┬───┬──────┐
│ ^ │ 1 │ 2 │ 3 │ 4 │ 5 │ 6 │ 7 │ 8 │ 9 │ 0 │ - │ ` │ ←    │
├───┴─┬─┴─┬─┴─┬─┴─┬─┴─┬─┴─┬─┴─┬─┴─┬─┴─┬─┴─┬─┴─┬─┴─┬─┴─┬────┤
│   ⇥ │ z │ o │ y │ p │ q │ v │ m │ d │ u │ k │ j │ ß │ Ret│
├─────┴┬──┴┬──┴┬──┴┬──┴┬──┴┬──┴┬──┴┬──┴┬──┴┬──┴┬──┴┬──┴┐   │
│    ⇩ │ r │ a │ e │ l │ c │ f │ s │ t │ i │ h │ ⇘ │ ´ │   │
├────┬─┴─┬─┴─┬─┴─┬─┴─┬─┴─┬─┴─┬─┴─┬─┴─┬─┴─┬─┴─┬─┴─┬─┴───┴───┤
│  ⇧ │ ⇚ │ x │ ü │ ä │ n │ ö │ w │ g │ , │ . │ b │ ⇗       │
├────┼───┴┬──┴─┬─┴───┴───┴───┴───┴───┴─┬─┴──┬┴───┼────┬────┤
│Strg│ Fe │ Alt│      Leerzeichen      │ M4 │ Fe │ Me │Strg│
└────┴────┴────┴───────────────────────┴────┴────┴────┴────┘
# 9.764152523282997 x100 total penalty per letter
# 35.734171139276015 x10 billion total penalty compared to notime-noeffort
# 7.5095294529767385 mean key position cost in file 1gramme.txt ( 54.96571464 )
# 9.003747157879733 % finger repeats in file 2gramme.txt ( 43.46475192298824 )
# 12.213162746304446 million keystrokes disbalance of the fingers ( 24.426325492608893 )
# 0.3686437496438599 % finger repeats top to bottom or vice versa ( 8.897967060418745 )
# 4.316951696216444 % of trigrams have no handswitching (after direction change counted x 1 ) ( 19.09523530842024 )
# 7.845464210606289 billion (rows²/dist)² to cross ( 101.99103473788176 )
# 0.01902321638218263 hand disbalance. Left: 0.5190232163821826 %, Right: 0.48097678361781737 % ( 0.5569588293090951 )
# 0.7319461889614385 badly positioned shortcut keys (weighted).
# 12.536732925957732 no handswitching after unbalancing key (weighted).
# 36.4624320920927 movement pattern cost (weighted).
# 0.8886582975609902 asymmetric bigram cost (weighted).
# 9.285292611038228 irregularity cost (weighted).
# 16.933902409685608 manually assigned bigram penalty (weighted)
# 10.857580112445053 unbalancing key after neighboring finger (weighted)
# 0.8886582975609902 asymmetrc bigrams (weighted)
# 16.247178763391442 inconsistent symmetries of similar keys (weighted)
# 9.285292611038228 irregularity cost for randomly sampled words (weighted).
# Finger load %: 11.9 7.7 11.5 12.8 - 12.7 9.3 9.4 9.1
 
