
# Evolved Layout
ßkoyö wcmlzqj
haeuü btsrn⇘
gvxiä fd,.p
┌───┬───┬───┬───┬───┬───┬───┬───┬───┬───┬───┬───┬───┬──────┐
│ ^ │ 1 │ 2 │ 3 │ 4 │ 5 │ 6 │ 7 │ 8 │ 9 │ 0 │ - │ ` │ ←    │
├───┴─┬─┴─┬─┴─┬─┴─┬─┴─┬─┴─┬─┴─┬─┴─┬─┴─┬─┴─┬─┴─┬─┴─┬─┴─┬────┤
│   ⇥ │ ß │ k │ o │ y │ ö │ w │ c │ m │ l │ z │ q │ j │ Ret│
├─────┴┬──┴┬──┴┬──┴┬──┴┬──┴┬──┴┬──┴┬──┴┬──┴┬──┴┬──┴┬──┴┐   │
│    ⇩ │ h │ a │ e │ u │ ü │ b │ t │ s │ r │ n │ ⇘ │ ´ │   │
├────┬─┴─┬─┴─┬─┴─┬─┴─┬─┴─┬─┴─┬─┴─┬─┴─┬─┴─┬─┴─┬─┴─┬─┴───┴───┤
│  ⇧ │ ⇚ │ g │ v │ x │ i │ ä │ f │ d │ , │ . │ p │ ⇗       │
├────┼───┴┬──┴─┬─┴───┴───┴───┴───┴───┴─┬─┴──┬┴───┼────┬────┤
│Strg│ Fe │ Alt│      Leerzeichen      │ M4 │ Fe │ Me │Strg│
└────┴────┴────┴───────────────────────┴────┴────┴────┴────┘
# 9.354690133924597 x100 total penalty per letter
# 34.23564896220639 x10 billion total penalty compared to notime-noeffort
# 7.736573960491423 mean key position cost in file 1gramme.txt ( 56.62755826 )
# 10.50304881174749 % finger repeats in file 2gramme.txt ( 50.70249119980218 )
# 13.92890754781506 million keystrokes disbalance of the fingers ( 27.85781509563012 )
# 0.4200016863181936 % finger repeats top to bottom or vice versa ( 10.137595371656289 )
# 1.8154210076026027 % of trigrams have no handswitching (after direction change counted x 1 ) ( 8.030178182073174 )
# 7.903025289686824 billion (rows²/dist)² to cross ( 102.7393287659287 )
# 0.020595513549066913 hand disbalance. Left: 0.4794044864509331 %, Right: 0.520595513549067 % ( 0.6029923060777279 )
# 0.7319461889614385 badly positioned shortcut keys (weighted).
# 12.408709192480107 no handswitching after unbalancing key (weighted).
# 23.756789703161896 movement pattern cost (weighted).
# 0.8794236461540743 asymmetric bigram cost (weighted).
# 5.1617111746333615 irregularity cost (weighted).
# 20.475720917282008 manually assigned bigram penalty (weighted)
# 9.662456489967614 unbalancing key after neighboring finger (weighted)
# 0.8794236461540743 asymmetrc bigrams (weighted)
# 12.581773128255305 inconsistent symmetries of similar keys (weighted)
# 5.1617111746333615 irregularity cost for randomly sampled words (weighted).
# Finger load %: 11.2 6.3 13.7 9.3 - 15.2 7.8 9.3 11.7
 
