
# Evolved Layout
ükpzß qfaoäöj
hsnrm gtiec⇘
uvblx wd,.y
┌───┬───┬───┬───┬───┬───┬───┬───┬───┬───┬───┬───┬───┬──────┐
│ ^ │ 1 │ 2 │ 3 │ 4 │ 5 │ 6 │ 7 │ 8 │ 9 │ 0 │ - │ ` │ ←    │
├───┴─┬─┴─┬─┴─┬─┴─┬─┴─┬─┴─┬─┴─┬─┴─┬─┴─┬─┴─┬─┴─┬─┴─┬─┴─┬────┤
│   ⇥ │ ü │ k │ p │ z │ ß │ q │ f │ a │ o │ ä │ ö │ j │ Ret│
├─────┴┬──┴┬──┴┬──┴┬──┴┬──┴┬──┴┬──┴┬──┴┬──┴┬──┴┬──┴┬──┴┐   │
│    ⇩ │ h │ s │ n │ r │ m │ g │ t │ i │ e │ c │ ⇘ │ ´ │   │
├────┬─┴─┬─┴─┬─┴─┬─┴─┬─┴─┬─┴─┬─┴─┬─┴─┬─┴─┬─┴─┬─┴─┬─┴───┴───┤
│  ⇧ │ ⇚ │ u │ v │ b │ l │ x │ w │ d │ , │ . │ y │ ⇗       │
├────┼───┴┬──┴─┬─┴───┴───┴───┴───┴───┴─┬─┴──┬┴───┼────┬────┤
│Strg│ Fe │ Alt│      Leerzeichen      │ M4 │ Fe │ Me │Strg│
└────┴────┴────┴───────────────────────┴────┴────┴────┴────┘
# 9.810741857570022 x100 total penalty per letter
# 35.904675567664206 x10 billion total penalty compared to notime-noeffort
# 7.472684435669843 mean key position cost in file 1gramme.txt ( 54.69602894 )
# 10.476688676560565 % finger repeats in file 2gramme.txt ( 50.57524009906982 )
# 12.26397859188048 million keystrokes disbalance of the fingers ( 24.52795718376096 )
# 0.33655806222856993 % finger repeats top to bottom or vice versa ( 8.123513702650017 )
# 3.1046209602351893 % of trigrams have no handswitching (after direction change counted x 1 ) ( 13.732715108001564 )
# 8.153582166085634 billion (rows²/dist)² to cross ( 105.99656815911325 )
# 0.054522580471250914 hand disbalance. Left: 0.4454774195287491 %, Right: 0.5545225804712509 % ( 1.5963037995310185 )
# 0.7319461889614385 badly positioned shortcut keys (weighted).
# 12.658944553058607 no handswitching after unbalancing key (weighted).
# 29.576881156606063 movement pattern cost (weighted).
# 0.8683419860367994 asymmetric bigram cost (weighted).
# 13.229150336400007 irregularity cost (weighted).
# 17.4653512239039 manually assigned bigram penalty (weighted)
# 13.390069479726407 unbalancing key after neighboring finger (weighted)
# 0.8683419860367994 asymmetrc bigrams (weighted)
# 11.877743759822282 inconsistent symmetries of similar keys (weighted)
# 13.229150336400007 irregularity cost for randomly sampled words (weighted).
# Finger load %: 11.4 6.5 8.8 10.8 - 13.7 11.1 14.9 7.1
 
