
# Evolved Layout
jmlgw öüukfqß
hrntp äaesc⇘
zyxdv oi,.b
┌───┬───┬───┬───┬───┬───┬───┬───┬───┬───┬───┬───┬───┬──────┐
│ ^ │ 1 │ 2 │ 3 │ 4 │ 5 │ 6 │ 7 │ 8 │ 9 │ 0 │ - │ ` │ ←    │
├───┴─┬─┴─┬─┴─┬─┴─┬─┴─┬─┴─┬─┴─┬─┴─┬─┴─┬─┴─┬─┴─┬─┴─┬─┴─┬────┤
│   ⇥ │ j │ m │ l │ g │ w │ ö │ ü │ u │ k │ f │ q │ ß │ Ret│
├─────┴┬──┴┬──┴┬──┴┬──┴┬──┴┬──┴┬──┴┬──┴┬──┴┬──┴┬──┴┬──┴┐   │
│    ⇩ │ h │ r │ n │ t │ p │ ä │ a │ e │ s │ c │ ⇘ │ ´ │   │
├────┬─┴─┬─┴─┬─┴─┬─┴─┬─┴─┬─┴─┬─┴─┬─┴─┬─┴─┬─┴─┬─┴─┬─┴───┴───┤
│  ⇧ │ ⇚ │ z │ y │ x │ d │ v │ o │ i │ , │ . │ b │ ⇗       │
├────┼───┴┬──┴─┬─┴───┴───┴───┴───┴───┴─┬─┴──┬┴───┼────┬────┤
│Strg│ Fe │ Alt│      Leerzeichen      │ M4 │ Fe │ Me │Strg│
└────┴────┴────┴───────────────────────┴────┴────┴────┴────┘
# 9.78883358627963 x100 total penalty per letter
# 35.82449718927553 x10 billion total penalty compared to notime-noeffort
# 7.522144022379854 mean key position cost in file 1gramme.txt ( 55.0580465 )
# 12.520191325259681 % finger repeats in file 2gramme.txt ( 60.44005905968938 )
# 10.951048251062941 million keystrokes disbalance of the fingers ( 21.902096502125882 )
# 0.3314543265236093 % finger repeats top to bottom or vice versa ( 8.000324655686125 )
# 2.3502520349432556 % of trigrams have no handswitching (after direction change counted x 1 ) ( 10.395904054397564 )
# 8.825720528967146 billion (rows²/dist)² to cross ( 114.73436687657289 )
# 0.0327858288435352 hand disbalance. Left: 0.4672141711564648 %, Right: 0.5327858288435352 % ( 0.959898498958704 )
# 0.7319461889614385 badly positioned shortcut keys (weighted).
# 15.018035378519095 no handswitching after unbalancing key (weighted).
# 24.90221092912345 movement pattern cost (weighted).
# 0.8572264727266719 asymmetric bigram cost (weighted).
# 3.2698311229698684 irregularity cost (weighted).
# 15.696545353108604 manually assigned bigram penalty (weighted)
# 10.312958240314682 unbalancing key after neighboring finger (weighted)
# 0.8572264727266719 asymmetrc bigrams (weighted)
# 15.965522059600971 inconsistent symmetries of similar keys (weighted)
# 3.2698311229698684 irregularity cost for randomly sampled words (weighted).
# Finger load %: 9.4 7.6 9.4 13.1 - 14.3 14.5 7.1 9.1
 
