
# Evolved Layout
ßmogq üöclvzj
huetw pinrs⇘
fkädx ya,.b
┌───┬───┬───┬───┬───┬───┬───┬───┬───┬───┬───┬───┬───┬──────┐
│ ^ │ 1 │ 2 │ 3 │ 4 │ 5 │ 6 │ 7 │ 8 │ 9 │ 0 │ - │ ` │ ←    │
├───┴─┬─┴─┬─┴─┬─┴─┬─┴─┬─┴─┬─┴─┬─┴─┬─┴─┬─┴─┬─┴─┬─┴─┬─┴─┬────┤
│   ⇥ │ ß │ m │ o │ g │ q │ ü │ ö │ c │ l │ v │ z │ j │ Ret│
├─────┴┬──┴┬──┴┬──┴┬──┴┬──┴┬──┴┬──┴┬──┴┬──┴┬──┴┬──┴┬──┴┐   │
│    ⇩ │ h │ u │ e │ t │ w │ p │ i │ n │ r │ s │ ⇘ │ ´ │   │
├────┬─┴─┬─┴─┬─┴─┬─┴─┬─┴─┬─┴─┬─┴─┬─┴─┬─┴─┬─┴─┬─┴─┬─┴───┴───┤
│  ⇧ │ ⇚ │ f │ k │ ä │ d │ x │ y │ a │ , │ . │ b │ ⇗       │
├────┼───┴┬──┴─┬─┴───┴───┴───┴───┴───┴─┬─┴──┬┴───┼────┬────┤
│Strg│ Fe │ Alt│      Leerzeichen      │ M4 │ Fe │ Me │Strg│
└────┴────┴────┴───────────────────────┴────┴────┴────┴────┘
# 10.20419540196392 x100 total penalty per letter
# 37.34460967942663 x10 billion total penalty compared to notime-noeffort
# 7.526497711282206 mean key position cost in file 1gramme.txt ( 55.08991316 )
# 12.24323650833953 % finger repeats in file 2gramme.txt ( 59.10308544190226 )
# 12.66801714160575 million keystrokes disbalance of the fingers ( 25.336034283211497 )
# 0.3722750534739733 % finger repeats top to bottom or vice versa ( 8.985615967793246 )
# 4.351834306901494 % of trigrams have no handswitching (after direction change counted x 1 ) ( 19.24953206828133 )
# 8.860196250371532 billion (rows²/dist)² to cross ( 115.18255125482993 )
# 0.011806193874937698 hand disbalance. Left: 0.4881938061250623 %, Right: 0.5118061938749376 % ( 0.34565994451602106 )
# 1.463892377922877 badly positioned shortcut keys (weighted).
# 13.400646299881863 no handswitching after unbalancing key (weighted).
# 26.49435586233789 movement pattern cost (weighted).
# 0.8666083604131953 asymmetric bigram cost (weighted).
# 3.5108623023843535 irregularity cost (weighted).
# 20.22503564098475 manually assigned bigram penalty (weighted)
# 11.142694956058099 unbalancing key after neighboring finger (weighted)
# 0.8666083604131953 asymmetrc bigrams (weighted)
# 13.049608873749063 inconsistent symmetries of similar keys (weighted)
# 3.5108623023843535 irregularity cost for randomly sampled words (weighted).
# Finger load %: 10.2 5.6 13.8 11.6 - 12.7 9.8 9.3 11.4
 
