
# Evolved Layout
ßguxö qbiwvzj
hoerm ctans⇘
kyülä pd,.f
┌───┬───┬───┬───┬───┬───┬───┬───┬───┬───┬───┬───┬───┬──────┐
│ ^ │ 1 │ 2 │ 3 │ 4 │ 5 │ 6 │ 7 │ 8 │ 9 │ 0 │ - │ ` │ ←    │
├───┴─┬─┴─┬─┴─┬─┴─┬─┴─┬─┴─┬─┴─┬─┴─┬─┴─┬─┴─┬─┴─┬─┴─┬─┴─┬────┤
│   ⇥ │ ß │ g │ u │ x │ ö │ q │ b │ i │ w │ v │ z │ j │ Ret│
├─────┴┬──┴┬──┴┬──┴┬──┴┬──┴┬──┴┬──┴┬──┴┬──┴┬──┴┬──┴┬──┴┐   │
│    ⇩ │ h │ o │ e │ r │ m │ c │ t │ a │ n │ s │ ⇘ │ ´ │   │
├────┬─┴─┬─┴─┬─┴─┬─┴─┬─┴─┬─┴─┬─┴─┬─┴─┬─┴─┬─┴─┬─┴─┬─┴───┴───┤
│  ⇧ │ ⇚ │ k │ y │ ü │ l │ ä │ p │ d │ , │ . │ f │ ⇗       │
├────┼───┴┬──┴─┬─┴───┴───┴───┴───┴───┴─┬─┴──┬┴───┼────┬────┤
│Strg│ Fe │ Alt│      Leerzeichen      │ M4 │ Fe │ Me │Strg│
└────┴────┴────┴───────────────────────┴────┴────┴────┴────┘
# 9.839255944169038 x100 total penalty per letter
# 36.00902945275354 x10 billion total penalty compared to notime-noeffort
# 7.272801982278577 mean key position cost in file 1gramme.txt ( 53.23299694 )
# 12.043508149822829 % finger repeats in file 2gramme.txt ( 58.13891536885476 )
# 12.518201645694162 million keystrokes disbalance of the fingers ( 25.036403291388325 )
# 0.3040038442795902 % finger repeats top to bottom or vice versa ( 7.337751407025703 )
# 5.103809541559067 % of trigrams have no handswitching (after direction change counted x 1 ) ( 22.575755075241506 )
# 7.462083113097285 billion (rows²/dist)² to cross ( 97.00708047026471 )
# 0.029379279489076038 hand disbalance. Left: 0.47062072051092396 %, Right: 0.529379279489076 % ( 0.8601620662584867 )
# 1.0979192834421578 badly positioned shortcut keys (weighted).
# 10.424334438394919 no handswitching after unbalancing key (weighted).
# 30.484470300803466 movement pattern cost (weighted).
# 0.8918600991862985 asymmetric bigram cost (weighted).
# 5.799560655739392 irregularity cost (weighted).
# 18.960940436816955 manually assigned bigram penalty (weighted)
# 14.47982489621422 unbalancing key after neighboring finger (weighted)
# 0.8918600991862985 asymmetrc bigrams (weighted)
# 13.762319797904528 inconsistent symmetries of similar keys (weighted)
# 5.799560655739392 irregularity cost for randomly sampled words (weighted).
# Finger load %: 10.3 5.3 13.6 10.5 - 13.7 11.1 9.0 10.9
 
