
# Evolved Layout
öühkß zwroäjq
celtg msnai⇘
uyvdp bf,.x
┌───┬───┬───┬───┬───┬───┬───┬───┬───┬───┬───┬───┬───┬──────┐
│ ^ │ 1 │ 2 │ 3 │ 4 │ 5 │ 6 │ 7 │ 8 │ 9 │ 0 │ - │ ` │ ←    │
├───┴─┬─┴─┬─┴─┬─┴─┬─┴─┬─┴─┬─┴─┬─┴─┬─┴─┬─┴─┬─┴─┬─┴─┬─┴─┬────┤
│   ⇥ │ ö │ ü │ h │ k │ ß │ z │ w │ r │ o │ ä │ j │ q │ Ret│
├─────┴┬──┴┬──┴┬──┴┬──┴┬──┴┬──┴┬──┴┬──┴┬──┴┬──┴┬──┴┬──┴┐   │
│    ⇩ │ c │ e │ l │ t │ g │ m │ s │ n │ a │ i │ ⇘ │ ´ │   │
├────┬─┴─┬─┴─┬─┴─┬─┴─┬─┴─┬─┴─┬─┴─┬─┴─┬─┴─┬─┴─┬─┴─┬─┴───┴───┤
│  ⇧ │ ⇚ │ u │ y │ v │ d │ p │ b │ f │ , │ . │ x │ ⇗       │
├────┼───┴┬──┴─┬─┴───┴───┴───┴───┴───┴─┬─┴──┬┴───┼────┬────┤
│Strg│ Fe │ Alt│      Leerzeichen      │ M4 │ Fe │ Me │Strg│
└────┴────┴────┴───────────────────────┴────┴────┴────┴────┘
# 10.202426770301306 x100 total penalty per letter
# 37.33813696340099 x10 billion total penalty compared to notime-noeffort
# 7.549628070119134 mean key position cost in file 1gramme.txt ( 55.25921494 )
# 12.24155515543608 % finger repeats in file 2gramme.txt ( 59.09496886715155 )
# 11.974162944313267 million keystrokes disbalance of the fingers ( 23.948325888626535 )
# 0.38574163624239666 % finger repeats top to bottom or vice versa ( 9.310659346409034 )
# 4.861821114175652 % of trigrams have no handswitching (after direction change counted x 1 ) ( 21.505364140163227 )
# 8.348181785573633 billion (rows²/dist)² to cross ( 108.52636321245721 )
# 0.011753924517629799 hand disbalance. Left: 0.4882460754823702 %, Right: 0.5117539245176298 % ( 0.34412961024078187 )
# 0.7319461889614385 badly positioned shortcut keys (weighted).
# 12.315014452978678 no handswitching after unbalancing key (weighted).
# 32.50176463091616 movement pattern cost (weighted).
# 0.8911499271075999 asymmetric bigram cost (weighted).
# 3.840203511445702 irregularity cost (weighted).
# 17.55843482970587 manually assigned bigram penalty (weighted)
# 12.671518396528995 unbalancing key after neighboring finger (weighted)
# 0.8911499271075999 asymmetrc bigrams (weighted)
# 14.882311691317133 inconsistent symmetries of similar keys (weighted)
# 3.840203511445702 irregularity cost for randomly sampled words (weighted).
# Finger load %: 10.4 11.7 6.7 12.4 - 12.1 12.7 8.6 9.9
 
