
# Evolved Layout
ßldbz äöfuüqj
hrtnp yesim⇘
gxkcv oa,.w
┌───┬───┬───┬───┬───┬───┬───┬───┬───┬───┬───┬───┬───┬──────┐
│ ^ │ 1 │ 2 │ 3 │ 4 │ 5 │ 6 │ 7 │ 8 │ 9 │ 0 │ - │ ` │ ←    │
├───┴─┬─┴─┬─┴─┬─┴─┬─┴─┬─┴─┬─┴─┬─┴─┬─┴─┬─┴─┬─┴─┬─┴─┬─┴─┬────┤
│   ⇥ │ ß │ l │ d │ b │ z │ ä │ ö │ f │ u │ ü │ q │ j │ Ret│
├─────┴┬──┴┬──┴┬──┴┬──┴┬──┴┬──┴┬──┴┬──┴┬──┴┬──┴┬──┴┬──┴┐   │
│    ⇩ │ h │ r │ t │ n │ p │ y │ e │ s │ i │ m │ ⇘ │ ´ │   │
├────┬─┴─┬─┴─┬─┴─┬─┴─┬─┴─┬─┴─┬─┴─┬─┴─┬─┴─┬─┴─┬─┴─┬─┴───┴───┤
│  ⇧ │ ⇚ │ g │ x │ k │ c │ v │ o │ a │ , │ . │ w │ ⇗       │
├────┼───┴┬──┴─┬─┴───┴───┴───┴───┴───┴─┬─┴──┬┴───┼────┬────┤
│Strg│ Fe │ Alt│      Leerzeichen      │ M4 │ Fe │ Me │Strg│
└────┴────┴────┴───────────────────────┴────┴────┴────┴────┘
# 9.955528969872491 x100 total penalty per letter
# 36.43455744296683 x10 billion total penalty compared to notime-noeffort
# 7.628943480016102 mean key position cost in file 1gramme.txt ( 55.83976106 )
# 12.671190515597427 % finger repeats in file 2gramme.txt ( 61.16899360588645 )
# 12.236281851107554 million keystrokes disbalance of the fingers ( 24.472563702215112 )
# 0.31033507017918655 % finger repeats top to bottom or vice versa ( 7.490568427688884 )
# 2.7101822887562403 % of trigrams have no handswitching (after direction change counted x 1 ) ( 11.987988787984486 )
# 8.51168023287564 billion (rows²/dist)² to cross ( 110.65184302738332 )
# 0.020284627548868728 hand disbalance. Left: 0.47971537245113127 %, Right: 0.5202846275488687 % ( 0.5938902331558669 )
# 1.0979192834421578 badly positioned shortcut keys (weighted).
# 12.130204383189302 no handswitching after unbalancing key (weighted).
# 26.277363804415025 movement pattern cost (weighted).
# 0.8680024745635385 asymmetric bigram cost (weighted).
# 11.8723643319341 irregularity cost (weighted).
# 17.228573584276425 manually assigned bigram penalty (weighted)
# 10.120546120407024 unbalancing key after neighboring finger (weighted)
# 0.8680024745635385 asymmetrc bigrams (weighted)
# 12.54499160312654 inconsistent symmetries of similar keys (weighted)
# 11.8723643319341 irregularity cost for randomly sampled words (weighted).
# Finger load %: 10.6 8.2 9.1 12.5 - 19.7 7.3 9.4 7.6
 
