
# Evolved Layout
äulyz qpofkßö
airnm gtesh⇘
vüxcj wd,.b
┌───┬───┬───┬───┬───┬───┬───┬───┬───┬───┬───┬───┬───┬──────┐
│ ^ │ 1 │ 2 │ 3 │ 4 │ 5 │ 6 │ 7 │ 8 │ 9 │ 0 │ - │ ` │ ←    │
├───┴─┬─┴─┬─┴─┬─┴─┬─┴─┬─┴─┬─┴─┬─┴─┬─┴─┬─┴─┬─┴─┬─┴─┬─┴─┬────┤
│   ⇥ │ ä │ u │ l │ y │ z │ q │ p │ o │ f │ k │ ß │ ö │ Ret│
├─────┴┬──┴┬──┴┬──┴┬──┴┬──┴┬──┴┬──┴┬──┴┬──┴┬──┴┬──┴┬──┴┐   │
│    ⇩ │ a │ i │ r │ n │ m │ g │ t │ e │ s │ h │ ⇘ │ ´ │   │
├────┬─┴─┬─┴─┬─┴─┬─┴─┬─┴─┬─┴─┬─┴─┬─┴─┬─┴─┬─┴─┬─┴─┬─┴───┴───┤
│  ⇧ │ ⇚ │ v │ ü │ x │ c │ j │ w │ d │ , │ . │ b │ ⇗       │
├────┼───┴┬──┴─┬─┴───┴───┴───┴───┴───┴─┬─┴──┬┴───┼────┬────┤
│Strg│ Fe │ Alt│      Leerzeichen      │ M4 │ Fe │ Me │Strg│
└────┴────┴────┴───────────────────────┴────┴────┴────┴────┘
# 9.382788065418925 x100 total penalty per letter
# 34.33847983158125 x10 billion total penalty compared to notime-noeffort
# 7.097279918037365 mean key position cost in file 1gramme.txt ( 51.94826988 )
# 9.846500611436625 % finger repeats in file 2gramme.txt ( 47.53306583149629 )
# 12.173663317757992 million keystrokes disbalance of the fingers ( 24.347326635515984 )
# 0.30084324426463 % finger repeats top to bottom or vice versa ( 7.261463894077378 )
# 4.733553648660267 % of trigrams have no handswitching (after direction change counted x 1 ) ( 20.93799679190737 )
# 7.994104974024162 billion (rows²/dist)² to cross ( 103.92336466231411 )
# 0.030193448647079846 hand disbalance. Left: 0.46980655135292015 %, Right: 0.5301934486470798 % ( 0.8839991867533199 )
# 0.7319461889614385 badly positioned shortcut keys (weighted).
# 11.971819864066546 no handswitching after unbalancing key (weighted).
# 30.599754177480133 movement pattern cost (weighted).
# 0.8602198691821682 asymmetric bigram cost (weighted).
# 3.095329627252489 irregularity cost (weighted).
# 16.848006547817167 manually assigned bigram penalty (weighted)
# 13.599430716126564 unbalancing key after neighboring finger (weighted)
# 0.8602198691821682 asymmetrc bigrams (weighted)
# 8.842804442861638 inconsistent symmetries of similar keys (weighted)
# 3.095329627252489 irregularity cost for randomly sampled words (weighted).
# Finger load %: 11.2 8.5 8.0 11.9 - 13.3 14.7 7.5 9.3
 
