
# Evolved Layout
äuocj vwifkzß
rleny gdash⇘
xüömq pt,.b
┌───┬───┬───┬───┬───┬───┬───┬───┬───┬───┬───┬───┬───┬──────┐
│ ^ │ 1 │ 2 │ 3 │ 4 │ 5 │ 6 │ 7 │ 8 │ 9 │ 0 │ - │ ` │ ←    │
├───┴─┬─┴─┬─┴─┬─┴─┬─┴─┬─┴─┬─┴─┬─┴─┬─┴─┬─┴─┬─┴─┬─┴─┬─┴─┬────┤
│   ⇥ │ ä │ u │ o │ c │ j │ v │ w │ i │ f │ k │ z │ ß │ Ret│
├─────┴┬──┴┬──┴┬──┴┬──┴┬──┴┬──┴┬──┴┬──┴┬──┴┬──┴┬──┴┬──┴┐   │
│    ⇩ │ r │ l │ e │ n │ y │ g │ d │ a │ s │ h │ ⇘ │ ´ │   │
├────┬─┴─┬─┴─┬─┴─┬─┴─┬─┴─┬─┴─┬─┴─┬─┴─┬─┴─┬─┴─┬─┴─┬─┴───┴───┤
│  ⇧ │ ⇚ │ x │ ü │ ö │ m │ q │ p │ t │ , │ . │ b │ ⇗       │
├────┼───┴┬──┴─┬─┴───┴───┴───┴───┴───┴─┬─┴──┬┴───┼────┬────┤
│Strg│ Fe │ Alt│      Leerzeichen      │ M4 │ Fe │ Me │Strg│
└────┴────┴────┴───────────────────────┴────┴────┴────┴────┘
# 9.522502497171837 x100 total penalty per letter
# 34.84979706090354 x10 billion total penalty compared to notime-noeffort
# 7.371094183378882 mean key position cost in file 1gramme.txt ( 53.95244296 )
# 10.777092385680172 % finger repeats in file 2gramme.txt ( 52.025411062855966 )
# 12.587430592174565 million keystrokes disbalance of the fingers ( 25.174861184349133 )
# 0.44885919893573634 % finger repeats top to bottom or vice versa ( 10.834130161584445 )
# 3.8129426116543295 % of trigrams have no handswitching (after direction change counted x 1 ) ( 16.865844584467947 )
# 7.6756574426040896 billion (rows²/dist)² to cross ( 99.78354675385316 )
# 0.00306286931354538 hand disbalance. Left: 0.5030628693135454 %, Right: 0.4969371306864546 % ( 0.08967422085345914 )
# 0.7319461889614385 badly positioned shortcut keys (weighted).
# 11.368109439262192 no handswitching after unbalancing key (weighted).
# 32.68467343265272 movement pattern cost (weighted).
# 0.8956919066093242 asymmetric bigram cost (weighted).
# 4.152590935052226 irregularity cost (weighted).
# 16.906320841195985 manually assigned bigram penalty (weighted)
# 10.769392038001365 unbalancing key after neighboring finger (weighted)
# 0.8956919066093242 asymmetrc bigrams (weighted)
# 12.263334899336071 inconsistent symmetries of similar keys (weighted)
# 4.152590935052226 irregularity cost for randomly sampled words (weighted).
# Finger load %: 11.7 5.8 13.6 11.3 - 13.9 11.1 7.5 9.5
 
