
# Evolved Layout
zlyoq pfruvjß
mneak wtsih⇘
cxäüö bd,.g
┌───┬───┬───┬───┬───┬───┬───┬───┬───┬───┬───┬───┬───┬──────┐
│ ^ │ 1 │ 2 │ 3 │ 4 │ 5 │ 6 │ 7 │ 8 │ 9 │ 0 │ - │ ` │ ←    │
├───┴─┬─┴─┬─┴─┬─┴─┬─┴─┬─┴─┬─┴─┬─┴─┬─┴─┬─┴─┬─┴─┬─┴─┬─┴─┬────┤
│   ⇥ │ z │ l │ y │ o │ q │ p │ f │ r │ u │ v │ j │ ß │ Ret│
├─────┴┬──┴┬──┴┬──┴┬──┴┬──┴┬──┴┬──┴┬──┴┬──┴┬──┴┬──┴┬──┴┐   │
│    ⇩ │ m │ n │ e │ a │ k │ w │ t │ s │ i │ h │ ⇘ │ ´ │   │
├────┬─┴─┬─┴─┬─┴─┬─┴─┬─┴─┬─┴─┬─┴─┬─┴─┬─┴─┬─┴─┬─┴─┬─┴───┴───┤
│  ⇧ │ ⇚ │ c │ x │ ä │ ü │ ö │ b │ d │ , │ . │ g │ ⇗       │
├────┼───┴┬──┴─┬─┴───┴───┴───┴───┴───┴─┬─┴──┬┴───┼────┬────┤
│Strg│ Fe │ Alt│      Leerzeichen      │ M4 │ Fe │ Me │Strg│
└────┴────┴────┴───────────────────────┴────┴────┴────┴────┘
# 9.949766007532647 x100 total penalty per letter
# 36.41346655135795 x10 billion total penalty compared to notime-noeffort
# 7.680414925005051 mean key position cost in file 1gramme.txt ( 56.21650434 )
# 10.588654005606719 % finger repeats in file 2gramme.txt ( 51.115742310608255 )
# 11.46177920062357 million keystrokes disbalance of the fingers ( 22.92355840124714 )
# 0.3541757456544395 % finger repeats top to bottom or vice versa ( 8.548752342816078 )
# 4.401490152798862 % of trigrams have no handswitching (after direction change counted x 1 ) ( 19.469175494609203 )
# 7.94386919835099 billion (rows²/dist)² to cross ( 103.27029957856287 )
# 0.019221966916210476 hand disbalance. Left: 0.4807780330837895 %, Right: 0.5192219669162105 % ( 0.5627778171465245 )
# 0.36597309448071924 badly positioned shortcut keys (weighted).
# 14.790667197301623 no handswitching after unbalancing key (weighted).
# 42.216779782069715 movement pattern cost (weighted).
# 0.8871335933258998 asymmetric bigram cost (weighted).
# 5.585928119440719 irregularity cost (weighted).
# 17.944233281380008 manually assigned bigram penalty (weighted)
# 12.795984314932124 unbalancing key after neighboring finger (weighted)
# 0.8871335933258998 asymmetrc bigrams (weighted)
# 7.441155845658565 inconsistent symmetries of similar keys (weighted)
# 5.585928119440719 irregularity cost for randomly sampled words (weighted).
# Finger load %: 10.7 9.6 11.5 8.8 - 14.0 10.9 9.4 9.5
 
