
# Evolved Layout
jücäö qwlmkzß
uenio gtrsh⇘
vxpay bd,.f
┌───┬───┬───┬───┬───┬───┬───┬───┬───┬───┬───┬───┬───┬──────┐
│ ^ │ 1 │ 2 │ 3 │ 4 │ 5 │ 6 │ 7 │ 8 │ 9 │ 0 │ - │ ` │ ←    │
├───┴─┬─┴─┬─┴─┬─┴─┬─┴─┬─┴─┬─┴─┬─┴─┬─┴─┬─┴─┬─┴─┬─┴─┬─┴─┬────┤
│   ⇥ │ j │ ü │ c │ ä │ ö │ q │ w │ l │ m │ k │ z │ ß │ Ret│
├─────┴┬──┴┬──┴┬──┴┬──┴┬──┴┬──┴┬──┴┬──┴┬──┴┬──┴┬──┴┬──┴┐   │
│    ⇩ │ u │ e │ n │ i │ o │ g │ t │ r │ s │ h │ ⇘ │ ´ │   │
├────┬─┴─┬─┴─┬─┴─┬─┴─┬─┴─┬─┴─┬─┴─┬─┴─┬─┴─┬─┴─┬─┴─┬─┴───┴───┤
│  ⇧ │ ⇚ │ v │ x │ p │ a │ y │ b │ d │ , │ . │ f │ ⇗       │
├────┼───┴┬──┴─┬─┴───┴───┴───┴───┴───┴─┬─┴──┬┴───┼────┬────┤
│Strg│ Fe │ Alt│      Leerzeichen      │ M4 │ Fe │ Me │Strg│
└────┴────┴────┴───────────────────────┴────┴────┴────┴────┘
# 9.339874451737455 x100 total penalty per letter
# 34.181427551637675 x10 billion total penalty compared to notime-noeffort
# 7.290167447379276 mean key position cost in file 1gramme.txt ( 53.3601028 )
# 9.913963734347636 % finger repeats in file 2gramme.txt ( 47.8587377822808 )
# 10.994628809794975 million keystrokes disbalance of the fingers ( 21.98925761958995 )
# 0.3188173618590086 % finger repeats top to bottom or vice versa ( 7.695305798217574 )
# 3.0502911640776356 % of trigrams have no handswitching (after direction change counted x 1 ) ( 13.492397329418067 )
# 7.9256559583786785 billion (rows²/dist)² to cross ( 103.03352745892282 )
# 0.021202294020857493 hand disbalance. Left: 0.5212022940208575 %, Right: 0.4787977059791425 % ( 0.6207575322322614 )
# 0.36597309448071924 badly positioned shortcut keys (weighted).
# 13.57212605701233 no handswitching after unbalancing key (weighted).
# 30.839542134710964 movement pattern cost (weighted).
# 0.879804693062156 asymmetric bigram cost (weighted).
# 2.6125489966531847 irregularity cost (weighted).
# 16.468380916057583 manually assigned bigram penalty (weighted)
# 14.996928497428906 unbalancing key after neighboring finger (weighted)
# 0.879804693062156 asymmetrc bigrams (weighted)
# 14.028884806309584 inconsistent symmetries of similar keys (weighted)
# 2.6125489966531847 irregularity cost for randomly sampled words (weighted).
# Finger load %: 9.3 11.5 9.6 13.6 - 13.7 9.1 8.0 9.7
 
