
# Evolved Layout
jlakü qvfoöxß
rnihp wdsec⇘
mzäuy bt,.g
┌───┬───┬───┬───┬───┬───┬───┬───┬───┬───┬───┬───┬───┬──────┐
│ ^ │ 1 │ 2 │ 3 │ 4 │ 5 │ 6 │ 7 │ 8 │ 9 │ 0 │ - │ ` │ ←    │
├───┴─┬─┴─┬─┴─┬─┴─┬─┴─┬─┴─┬─┴─┬─┴─┬─┴─┬─┴─┬─┴─┬─┴─┬─┴─┬────┤
│   ⇥ │ j │ l │ a │ k │ ü │ q │ v │ f │ o │ ö │ x │ ß │ Ret│
├─────┴┬──┴┬──┴┬──┴┬──┴┬──┴┬──┴┬──┴┬──┴┬──┴┬──┴┬──┴┬──┴┐   │
│    ⇩ │ r │ n │ i │ h │ p │ w │ d │ s │ e │ c │ ⇘ │ ´ │   │
├────┬─┴─┬─┴─┬─┴─┬─┴─┬─┴─┬─┴─┬─┴─┬─┴─┬─┴─┬─┴─┬─┴─┬─┴───┴───┤
│  ⇧ │ ⇚ │ m │ z │ ä │ u │ y │ b │ t │ , │ . │ g │ ⇗       │
├────┼───┴┬──┴─┬─┴───┴───┴───┴───┴───┴─┬─┴──┬┴───┼────┬────┤
│Strg│ Fe │ Alt│      Leerzeichen      │ M4 │ Fe │ Me │Strg│
└────┴────┴────┴───────────────────────┴────┴────┴────┴────┘
# 10.371665477412064 x100 total penalty per letter
# 37.9575050968734 x10 billion total penalty compared to notime-noeffort
# 7.617261555676647 mean key position cost in file 1gramme.txt ( 55.75425566 )
# 11.056703110063033 % finger repeats in file 2gramme.txt ( 53.37520582688064 )
# 13.721951831211697 million keystrokes disbalance of the fingers ( 27.443903662423395 )
# 0.46336988186180245 % finger repeats top to bottom or vice versa ( 11.184375022171539 )
# 4.222647105936142 % of trigrams have no handswitching (after direction change counted x 1 ) ( 18.67809644081493 )
# 8.220399180045913 billion (rows²/dist)² to cross ( 106.86518934059688 )
# 0.007933573524078641 hand disbalance. Left: 0.49206642647592136 %, Right: 0.5079335735240786 % ( 0.23227795623178923 )
# 1.0979192834421578 badly positioned shortcut keys (weighted).
# 11.38826802119239 no handswitching after unbalancing key (weighted).
# 41.90650986538545 movement pattern cost (weighted).
# 0.8695090843140937 asymmetric bigram cost (weighted).
# 9.339086725057527 irregularity cost (weighted).
# 18.59081032328157 manually assigned bigram penalty (weighted)
# 9.5855310899966 unbalancing key after neighboring finger (weighted)
# 0.8695090843140937 asymmetrc bigrams (weighted)
# 13.264112666944975 inconsistent symmetries of similar keys (weighted)
# 9.339086725057527 irregularity cost for randomly sampled words (weighted).
# Finger load %: 12.7 10.1 10.2 8.6 - 12.3 7.3 14.9 8.3
 
