
# Evolved Layout
jlcpv üäihkxß
srntb öeadu⇘
mzfgq yo,.w
┌───┬───┬───┬───┬───┬───┬───┬───┬───┬───┬───┬───┬───┬──────┐
│ ^ │ 1 │ 2 │ 3 │ 4 │ 5 │ 6 │ 7 │ 8 │ 9 │ 0 │ - │ ` │ ←    │
├───┴─┬─┴─┬─┴─┬─┴─┬─┴─┬─┴─┬─┴─┬─┴─┬─┴─┬─┴─┬─┴─┬─┴─┬─┴─┬────┤
│   ⇥ │ j │ l │ c │ p │ v │ ü │ ä │ i │ h │ k │ x │ ß │ Ret│
├─────┴┬──┴┬──┴┬──┴┬──┴┬──┴┬──┴┬──┴┬──┴┬──┴┬──┴┬──┴┬──┴┐   │
│    ⇩ │ s │ r │ n │ t │ b │ ö │ e │ a │ d │ u │ ⇘ │ ´ │   │
├────┬─┴─┬─┴─┬─┴─┬─┴─┬─┴─┬─┴─┬─┴─┬─┴─┬─┴─┬─┴─┬─┴─┬─┴───┴───┤
│  ⇧ │ ⇚ │ m │ z │ f │ g │ q │ y │ o │ , │ . │ w │ ⇗       │
├────┼───┴┬──┴─┬─┴───┴───┴───┴───┴───┴─┬─┴──┬┴───┼────┬────┤
│Strg│ Fe │ Alt│      Leerzeichen      │ M4 │ Fe │ Me │Strg│
└────┴────┴────┴───────────────────────┴────┴────┴────┴────┘
# 9.927613199343675 x100 total penalty per letter
# 36.33239323371438 x10 billion total penalty compared to notime-noeffort
# 7.545966014027547 mean key position cost in file 1gramme.txt ( 55.23241066 )
# 11.04300401500729 % finger repeats in file 2gramme.txt ( 53.30907471971752 )
# 12.434647358433281 million keystrokes disbalance of the fingers ( 24.869294716866566 )
# 0.341977697626043 % finger repeats top to bottom or vice versa ( 8.254327631525207 )
# 2.401362722874952 % of trigrams have no handswitching (after direction change counted x 1 ) ( 10.621982704683681 )
# 8.770538437759049 billion (rows²/dist)² to cross ( 114.01699969086764 )
# 0.01821342950871041 hand disbalance. Left: 0.4817865704912896 %, Right: 0.5182134295087104 % ( 0.5332500126727356 )
# 0.7319461889614385 badly positioned shortcut keys (weighted).
# 12.926424406666824 no handswitching after unbalancing key (weighted).
# 25.459421605036727 movement pattern cost (weighted).
# 0.8784936385404091 asymmetric bigram cost (weighted).
# 12.610010025905465 irregularity cost (weighted).
# 20.730910388679664 manually assigned bigram penalty (weighted)
# 8.4164717722773 unbalancing key after neighboring finger (weighted)
# 0.8784936385404091 asymmetrc bigrams (weighted)
# 14.732914174742607 inconsistent symmetries of similar keys (weighted)
# 12.610010025905465 irregularity cost for randomly sampled words (weighted).
# Finger load %: 11.8 8.7 10.0 10.1 - 15.6 11.1 7.9 9.1
 
