
# Evolved Layout
ßulzj wbdiäöq
hernp fstag⇘
vüxcy km,.o
┌───┬───┬───┬───┬───┬───┬───┬───┬───┬───┬───┬───┬───┬──────┐
│ ^ │ 1 │ 2 │ 3 │ 4 │ 5 │ 6 │ 7 │ 8 │ 9 │ 0 │ - │ ` │ ←    │
├───┴─┬─┴─┬─┴─┬─┴─┬─┴─┬─┴─┬─┴─┬─┴─┬─┴─┬─┴─┬─┴─┬─┴─┬─┴─┬────┤
│   ⇥ │ ß │ u │ l │ z │ j │ w │ b │ d │ i │ ä │ ö │ q │ Ret│
├─────┴┬──┴┬──┴┬──┴┬──┴┬──┴┬──┴┬──┴┬──┴┬──┴┬──┴┬──┴┬──┴┐   │
│    ⇩ │ h │ e │ r │ n │ p │ f │ s │ t │ a │ g │ ⇘ │ ´ │   │
├────┬─┴─┬─┴─┬─┴─┬─┴─┬─┴─┬─┴─┬─┴─┬─┴─┬─┴─┬─┴─┬─┴─┬─┴───┴───┤
│  ⇧ │ ⇚ │ v │ ü │ x │ c │ y │ k │ m │ , │ . │ o │ ⇗       │
├────┼───┴┬──┴─┬─┴───┴───┴───┴───┴───┴─┬─┴──┬┴───┼────┬────┤
│Strg│ Fe │ Alt│      Leerzeichen      │ M4 │ Fe │ Me │Strg│
└────┴────┴────┴───────────────────────┴────┴────┴────┴────┘
# 9.968343213895317 x100 total penalty per letter
# 36.48145412835148 x10 billion total penalty compared to notime-noeffort
# 7.546198408160565 mean key position cost in file 1gramme.txt ( 55.23411166 )
# 11.379727467850719 % finger repeats in file 2gramme.txt ( 54.93457586805698 )
# 11.309950737740142 million keystrokes disbalance of the fingers ( 22.619901475480287 )
# 0.337821554233135 % finger repeats top to bottom or vice versa ( 8.154010653292971 )
# 5.468586474203211 % of trigrams have no handswitching (after direction change counted x 1 ) ( 24.189278193887596 )
# 7.549617395771946 billion (rows²/dist)² to cross ( 98.14502614503529 )
# 0.007021685382529452 hand disbalance. Left: 0.5070216853825295 %, Right: 0.49297831461747055 % ( 0.20557983423314694 )
# 0.36597309448071924 badly positioned shortcut keys (weighted).
# 13.302572892696283 no handswitching after unbalancing key (weighted).
# 43.4518600957773 movement pattern cost (weighted).
# 0.9005875007384452 asymmetric bigram cost (weighted).
# 3.0137587667799846 irregularity cost (weighted).
# 16.85530134610038 manually assigned bigram penalty (weighted)
# 10.81476754784884 unbalancing key after neighboring finger (weighted)
# 0.9005875007384452 asymmetrc bigrams (weighted)
# 12.62723620910651 inconsistent symmetries of similar keys (weighted)
# 3.0137587667799846 irregularity cost for randomly sampled words (weighted).
# Finger load %: 10.0 13.8 8.0 11.0 - 12.4 9.3 11.3 8.5
 
