
# Evolved Layout
öflpü jyäokqß
icntw mseag⇘
ubxdv zr,.h
┌───┬───┬───┬───┬───┬───┬───┬───┬───┬───┬───┬───┬───┬──────┐
│ ^ │ 1 │ 2 │ 3 │ 4 │ 5 │ 6 │ 7 │ 8 │ 9 │ 0 │ - │ ` │ ←    │
├───┴─┬─┴─┬─┴─┬─┴─┬─┴─┬─┴─┬─┴─┬─┴─┬─┴─┬─┴─┬─┴─┬─┴─┬─┴─┬────┤
│   ⇥ │ ö │ f │ l │ p │ ü │ j │ y │ ä │ o │ k │ q │ ß │ Ret│
├─────┴┬──┴┬──┴┬──┴┬──┴┬──┴┬──┴┬──┴┬──┴┬──┴┬──┴┬──┴┬──┴┐   │
│    ⇩ │ i │ c │ n │ t │ w │ m │ s │ e │ a │ g │ ⇘ │ ´ │   │
├────┬─┴─┬─┴─┬─┴─┬─┴─┬─┴─┬─┴─┬─┴─┬─┴─┬─┴─┬─┴─┬─┴─┬─┴───┴───┤
│  ⇧ │ ⇚ │ u │ b │ x │ d │ v │ z │ r │ , │ . │ h │ ⇗       │
├────┼───┴┬──┴─┬─┴───┴───┴───┴───┴───┴─┬─┴──┬┴───┼────┬────┤
│Strg│ Fe │ Alt│      Leerzeichen      │ M4 │ Fe │ Me │Strg│
└────┴────┴────┴───────────────────────┴────┴────┴────┴────┘
# 10.345397657868473 x100 total penalty per letter
# 37.8613719448371 x10 billion total penalty compared to notime-noeffort
# 8.046934527191453 mean key position cost in file 1gramme.txt ( 58.8992306 )
# 11.320144114733656 % finger repeats in file 2gramme.txt ( 54.64694277301761 )
# 14.59309327369206 million keystrokes disbalance of the fingers ( 29.18618654738412 )
# 0.38810711147469196 % finger repeats top to bottom or vice versa ( 9.367754904707619 )
# 3.873284442964792 % of trigrams have no handswitching (after direction change counted x 1 ) ( 17.132755485700443 )
# 9.352890571344314 billion (rows²/dist)² to cross ( 121.58757742747609 )
# 0.030869197804448245 hand disbalance. Left: 0.46913080219555175 %, Right: 0.5308691978044483 % ( 0.903783667570508 )
# 0.7319461889614385 badly positioned shortcut keys (weighted).
# 11.743311428527939 no handswitching after unbalancing key (weighted).
# 26.975876795346093 movement pattern cost (weighted).
# 0.8627136828639899 asymmetric bigram cost (weighted).
# 2.328805868749047 irregularity cost (weighted).
# 18.892789135179033 manually assigned bigram penalty (weighted)
# 12.77227181463184 unbalancing key after neighboring finger (weighted)
# 0.8627136828639899 asymmetrc bigrams (weighted)
# 12.581773128255305 inconsistent symmetries of similar keys (weighted)
# 2.328805868749047 irregularity cost for randomly sampled words (weighted).
# Finger load %: 13.5 5.2 9.4 11.4 - 13.8 12.3 8.6 10.2
 
