
# Evolved Layout
öliyv qpobzjß
mrahu fsetd⇘
gxükä wn,.c
┌───┬───┬───┬───┬───┬───┬───┬───┬───┬───┬───┬───┬───┬──────┐
│ ^ │ 1 │ 2 │ 3 │ 4 │ 5 │ 6 │ 7 │ 8 │ 9 │ 0 │ - │ ` │ ←    │
├───┴─┬─┴─┬─┴─┬─┴─┬─┴─┬─┴─┬─┴─┬─┴─┬─┴─┬─┴─┬─┴─┬─┴─┬─┴─┬────┤
│   ⇥ │ ö │ l │ i │ y │ v │ q │ p │ o │ b │ z │ j │ ß │ Ret│
├─────┴┬──┴┬──┴┬──┴┬──┴┬──┴┬──┴┬──┴┬──┴┬──┴┬──┴┬──┴┬──┴┐   │
│    ⇩ │ m │ r │ a │ h │ u │ f │ s │ e │ t │ d │ ⇘ │ ´ │   │
├────┬─┴─┬─┴─┬─┴─┬─┴─┬─┴─┬─┴─┬─┴─┬─┴─┬─┴─┬─┴─┬─┴─┬─┴───┴───┤
│  ⇧ │ ⇚ │ g │ x │ ü │ k │ ä │ w │ n │ , │ . │ c │ ⇗       │
├────┼───┴┬──┴─┬─┴───┴───┴───┴───┴───┴─┬─┴──┬┴───┼────┬────┤
│Strg│ Fe │ Alt│      Leerzeichen      │ M4 │ Fe │ Me │Strg│
└────┴────┴────┴───────────────────────┴────┴────┴────┴────┘
# 10.238703977269049 x100 total penalty per letter
# 37.47090178033202 x10 billion total penalty compared to notime-noeffort
# 7.542349185304446 mean key position cost in file 1gramme.txt ( 55.20593742 )
# 14.185153233272715 % finger repeats in file 2gramme.txt ( 68.47750780453542 )
# 11.71602144328261 million keystrokes disbalance of the fingers ( 23.43204288656522 )
# 0.30495612528841615 % finger repeats top to bottom or vice versa ( 7.360736646995135 )
# 4.0906716986577925 % of trigrams have no handswitching (after direction change counted x 1 ) ( 18.094327699757812 )
# 7.935387545704393 billion (rows²/dist)² to cross ( 103.16003809415712 )
# 0.06833431236816506 hand disbalance. Left: 0.43166568763183494 %, Right: 0.568334312368165 % ( 2.0006815805271563 )
# 1.0979192834421578 badly positioned shortcut keys (weighted).
# 13.333963324933105 no handswitching after unbalancing key (weighted).
# 32.06966905251775 movement pattern cost (weighted).
# 0.9075706853889781 asymmetric bigram cost (weighted).
# 4.386516154349004 irregularity cost (weighted).
# 17.52260886785597 manually assigned bigram penalty (weighted)
# 12.844339521572797 unbalancing key after neighboring finger (weighted)
# 0.9075706853889781 asymmetrc bigrams (weighted)
# 14.815158780722577 inconsistent symmetries of similar keys (weighted)
# 4.386516154349004 irregularity cost for randomly sampled words (weighted).
# Finger load %: 9.7 8.2 10.2 8.2 - 15.6 14.7 7.7 10.0
 
