
# Evolved Layout
ßuoxj wgbiäzq
tcerk hdnas⇘
vöüly pm,.f
┌───┬───┬───┬───┬───┬───┬───┬───┬───┬───┬───┬───┬───┬──────┐
│ ^ │ 1 │ 2 │ 3 │ 4 │ 5 │ 6 │ 7 │ 8 │ 9 │ 0 │ - │ ` │ ←    │
├───┴─┬─┴─┬─┴─┬─┴─┬─┴─┬─┴─┬─┴─┬─┴─┬─┴─┬─┴─┬─┴─┬─┴─┬─┴─┬────┤
│   ⇥ │ ß │ u │ o │ x │ j │ w │ g │ b │ i │ ä │ z │ q │ Ret│
├─────┴┬──┴┬──┴┬──┴┬──┴┬──┴┬──┴┬──┴┬──┴┬──┴┬──┴┬──┴┬──┴┐   │
│    ⇩ │ t │ c │ e │ r │ k │ h │ d │ n │ a │ s │ ⇘ │ ´ │   │
├────┬─┴─┬─┴─┬─┴─┬─┴─┬─┴─┬─┴─┬─┴─┬─┴─┬─┴─┬─┴─┬─┴─┬─┴───┴───┤
│  ⇧ │ ⇚ │ v │ ö │ ü │ l │ y │ p │ m │ , │ . │ f │ ⇗       │
├────┼───┴┬──┴─┬─┴───┴───┴───┴───┴───┴─┬─┴──┬┴───┼────┬────┤
│Strg│ Fe │ Alt│      Leerzeichen      │ M4 │ Fe │ Me │Strg│
└────┴────┴────┴───────────────────────┴────┴────┴────┴────┘
# 10.077468452729148 x100 total penalty per letter
# 36.880823141771124 x10 billion total penalty compared to notime-noeffort
# 7.592942314360209 mean key position cost in file 1gramme.txt ( 55.5762519 )
# 10.961650288131505 % finger repeats in file 2gramme.txt ( 52.91634717032473 )
# 13.328016401279394 million keystrokes disbalance of the fingers ( 26.656032802558787 )
# 0.3637940129395285 % finger repeats top to bottom or vice versa ( 8.780908796204221 )
# 4.202983178895668 % of trigrams have no handswitching (after direction change counted x 1 ) ( 18.591116705958378 )
# 7.742499238589101 billion (rows²/dist)² to cross ( 100.65249010165832 )
# 0.021885941573717094 hand disbalance. Left: 0.4781140584262829 %, Right: 0.521885941573717 % ( 0.6407732610685974 )
# 0.36597309448071924 badly positioned shortcut keys (weighted).
# 15.076972371857202 no handswitching after unbalancing key (weighted).
# 37.71532570108156 movement pattern cost (weighted).
# 0.8757176858788652 asymmetric bigram cost (weighted).
# 3.515428958686522 irregularity cost (weighted).
# 21.073682370267843 manually assigned bigram penalty (weighted)
# 13.009573534680213 unbalancing key after neighboring finger (weighted)
# 0.8757176858788652 asymmetrc bigrams (weighted)
# 13.361636963005326 inconsistent symmetries of similar keys (weighted)
# 3.515428958686522 irregularity cost for randomly sampled words (weighted).
# Finger load %: 11.7 5.0 13.8 9.8 - 13.4 9.1 11.3 10.2
 
