
# Evolved Layout
ölcgv jwuüäqß
hrnsk fdiea⇘
zxpby mt,.o
┌───┬───┬───┬───┬───┬───┬───┬───┬───┬───┬───┬───┬───┬──────┐
│ ^ │ 1 │ 2 │ 3 │ 4 │ 5 │ 6 │ 7 │ 8 │ 9 │ 0 │ - │ ` │ ←    │
├───┴─┬─┴─┬─┴─┬─┴─┬─┴─┬─┴─┬─┴─┬─┴─┬─┴─┬─┴─┬─┴─┬─┴─┬─┴─┬────┤
│   ⇥ │ ö │ l │ c │ g │ v │ j │ w │ u │ ü │ ä │ q │ ß │ Ret│
├─────┴┬──┴┬──┴┬──┴┬──┴┬──┴┬──┴┬──┴┬──┴┬──┴┬──┴┬──┴┬──┴┐   │
│    ⇩ │ h │ r │ n │ s │ k │ f │ d │ i │ e │ a │ ⇘ │ ´ │   │
├────┬─┴─┬─┴─┬─┴─┬─┴─┬─┴─┬─┴─┬─┴─┬─┴─┬─┴─┬─┴─┬─┴─┬─┴───┴───┤
│  ⇧ │ ⇚ │ z │ x │ p │ b │ y │ m │ t │ , │ . │ o │ ⇗       │
├────┼───┴┬──┴─┬─┴───┴───┴───┴───┴───┴─┬─┴──┬┴───┼────┬────┤
│Strg│ Fe │ Alt│      Leerzeichen      │ M4 │ Fe │ Me │Strg│
└────┴────┴────┴───────────────────────┴────┴────┴────┴────┘
# 9.429360399922171 x100 total penalty per letter
# 34.5089220453347 x10 billion total penalty compared to notime-noeffort
# 7.545857063395379 mean key position cost in file 1gramme.txt ( 55.2316132 )
# 9.379639136694967 % finger repeats in file 2gramme.txt ( 45.27933548720427 )
# 12.34651689300424 million keystrokes disbalance of the fingers ( 24.69303378600848 )
# 0.4330746691107583 % finger repeats top to bottom or vice versa ( 10.453138413907892 )
# 3.1233635327525144 % of trigrams have no handswitching (after direction change counted x 1 ) ( 13.815619401977594 )
# 8.164124525615874 billion (rows²/dist)² to cross ( 106.13361883300637 )
# 0.05519901096379387 hand disbalance. Left: 0.44480098903620613 %, Right: 0.5551990109637939 % ( 1.6161082283755834 )
# 0.36597309448071924 badly positioned shortcut keys (weighted).
# 13.882724996750396 no handswitching after unbalancing key (weighted).
# 27.681818722131574 movement pattern cost (weighted).
# 0.8671365967286929 asymmetric bigram cost (weighted).
# 4.286813566615746 irregularity cost (weighted).
# 16.73602149574347 manually assigned bigram penalty (weighted)
# 12.93329300995856 unbalancing key after neighboring finger (weighted)
# 0.8671365967286929 asymmetrc bigrams (weighted)
# 11.112971620457673 inconsistent symmetries of similar keys (weighted)
# 4.286813566615746 irregularity cost for randomly sampled words (weighted).
# Finger load %: 9.4 8.2 9.6 10.3 - 13.7 9.2 12.5 11.5
 
