
# Evolved Layout
öuozj qwdbgvß
aierk mntsh⇘
xüäcy fl,.p
┌───┬───┬───┬───┬───┬───┬───┬───┬───┬───┬───┬───┬───┬──────┐
│ ^ │ 1 │ 2 │ 3 │ 4 │ 5 │ 6 │ 7 │ 8 │ 9 │ 0 │ - │ ` │ ←    │
├───┴─┬─┴─┬─┴─┬─┴─┬─┴─┬─┴─┬─┴─┬─┴─┬─┴─┬─┴─┬─┴─┬─┴─┬─┴─┬────┤
│   ⇥ │ ö │ u │ o │ z │ j │ q │ w │ d │ b │ g │ v │ ß │ Ret│
├─────┴┬──┴┬──┴┬──┴┬──┴┬──┴┬──┴┬──┴┬──┴┬──┴┬──┴┬──┴┬──┴┐   │
│    ⇩ │ a │ i │ e │ r │ k │ m │ n │ t │ s │ h │ ⇘ │ ´ │   │
├────┬─┴─┬─┴─┬─┴─┬─┴─┬─┴─┬─┴─┬─┴─┬─┴─┬─┴─┬─┴─┬─┴─┬─┴───┴───┤
│  ⇧ │ ⇚ │ x │ ü │ ä │ c │ y │ f │ l │ , │ . │ p │ ⇗       │
├────┼───┴┬──┴─┬─┴───┴───┴───┴───┴───┴─┬─┴──┬┴───┼────┬────┤
│Strg│ Fe │ Alt│      Leerzeichen      │ M4 │ Fe │ Me │Strg│
└────┴────┴────┴───────────────────────┴────┴────┴────┴────┘
# 9.311637267410653 x100 total penalty per letter
# 34.07808705436266 x10 billion total penalty compared to notime-noeffort
# 7.140496092227551 mean key position cost in file 1gramme.txt ( 52.26458902 )
# 12.366481175417643 % finger repeats in file 2gramme.txt ( 59.698037608644675 )
# 12.247214785286012 million keystrokes disbalance of the fingers ( 24.49442957057202 )
# 0.3850176832015664 % finger repeats top to bottom or vice versa ( 9.293185266577701 )
# 2.2955454449559314 % of trigrams have no handswitching (after direction change counted x 1 ) ( 10.153919598179352 )
# 7.945138949673996 billion (rows²/dist)² to cross ( 103.28680634576195 )
# 0.00486975904328979 hand disbalance. Left: 0.5048697590432898 %, Right: 0.4951302409567102 % ( 0.1425760629158585 )
# 0.7319461889614385 badly positioned shortcut keys (weighted).
# 12.03059984122088 no handswitching after unbalancing key (weighted).
# 27.891910917958864 movement pattern cost (weighted).
# 0.8732107615998936 asymmetric bigram cost (weighted).
# 3.2781216899788013 irregularity cost (weighted).
# 17.177687176748726 manually assigned bigram penalty (weighted)
# 10.538801445664795 unbalancing key after neighboring finger (weighted)
# 0.8732107615998936 asymmetrc bigrams (weighted)
# 8.925049048841608 inconsistent symmetries of similar keys (weighted)
# 3.2781216899788013 irregularity cost for randomly sampled words (weighted).
# Finger load %: 10.7 8.5 13.8 9.6 - 14.7 9.3 7.5 10.3
 
