
# Evolved Layout
ßgdäö qwicxzj
hlteu bsarn⇘
kvyoü fm,.p
┌───┬───┬───┬───┬───┬───┬───┬───┬───┬───┬───┬───┬───┬──────┐
│ ^ │ 1 │ 2 │ 3 │ 4 │ 5 │ 6 │ 7 │ 8 │ 9 │ 0 │ - │ ` │ ←    │
├───┴─┬─┴─┬─┴─┬─┴─┬─┴─┬─┴─┬─┴─┬─┴─┬─┴─┬─┴─┬─┴─┬─┴─┬─┴─┬────┤
│   ⇥ │ ß │ g │ d │ ä │ ö │ q │ w │ i │ c │ x │ z │ j │ Ret│
├─────┴┬──┴┬──┴┬──┴┬──┴┬──┴┬──┴┬──┴┬──┴┬──┴┬──┴┬──┴┬──┴┐   │
│    ⇩ │ h │ l │ t │ e │ u │ b │ s │ a │ r │ n │ ⇘ │ ´ │   │
├────┬─┴─┬─┴─┬─┴─┬─┴─┬─┴─┬─┴─┬─┴─┬─┴─┬─┴─┬─┴─┬─┴─┬─┴───┴───┤
│  ⇧ │ ⇚ │ k │ v │ y │ o │ ü │ f │ m │ , │ . │ p │ ⇗       │
├────┼───┴┬──┴─┬─┴───┴───┴───┴───┴───┴─┬─┴──┬┴───┼────┬────┤
│Strg│ Fe │ Alt│      Leerzeichen      │ M4 │ Fe │ Me │Strg│
└────┴────┴────┴───────────────────────┴────┴────┴────┴────┘
# 9.782011460328048 x100 total penalty per letter
# 35.79953004382116 x10 billion total penalty compared to notime-noeffort
# 7.3053091807022215 mean key position cost in file 1gramme.txt ( 53.47093214 )
# 12.614381262067825 % finger repeats in file 2gramme.txt ( 60.894752218573245 )
# 13.57627327388342 million keystrokes disbalance of the fingers ( 27.15254654776684 )
# 0.30672951580693586 % finger repeats top to bottom or vice versa ( 7.403541035878147 )
# 4.296706575194149 % of trigrams have no handswitching (after direction change counted x 1 ) ( 19.005684769759593 )
# 7.87261002568233 billion (rows²/dist)² to cross ( 102.34393033387029 )
# 0.012021969939261745 hand disbalance. Left: 0.48797803006073825 %, Right: 0.5120219699392617 % ( 0.35197740323406446 )
# 1.0979192834421578 badly positioned shortcut keys (weighted).
# 11.501778292347025 no handswitching after unbalancing key (weighted).
# 25.67102527641093 movement pattern cost (weighted).
# 0.885179924235663 asymmetric bigram cost (weighted).
# 2.7667983252589083 irregularity cost (weighted).
# 18.986990002474478 manually assigned bigram penalty (weighted)
# 12.010987414008055 unbalancing key after neighboring finger (weighted)
# 0.885179924235663 asymmetrc bigrams (weighted)
# 14.451257470952134 inconsistent symmetries of similar keys (weighted)
# 2.7667983252589083 irregularity cost for randomly sampled words (weighted).
# Finger load %: 10.1 5.7 8.6 16.9 - 11.5 11.1 8.6 11.9
 
