
# Evolved Layout
öpkmz qfaoyjß
rnshl wtieu⇘
äübgx vd,.c
┌───┬───┬───┬───┬───┬───┬───┬───┬───┬───┬───┬───┬───┬──────┐
│ ^ │ 1 │ 2 │ 3 │ 4 │ 5 │ 6 │ 7 │ 8 │ 9 │ 0 │ - │ ` │ ←    │
├───┴─┬─┴─┬─┴─┬─┴─┬─┴─┬─┴─┬─┴─┬─┴─┬─┴─┬─┴─┬─┴─┬─┴─┬─┴─┬────┤
│   ⇥ │ ö │ p │ k │ m │ z │ q │ f │ a │ o │ y │ j │ ß │ Ret│
├─────┴┬──┴┬──┴┬──┴┬──┴┬──┴┬──┴┬──┴┬──┴┬──┴┬──┴┬──┴┬──┴┐   │
│    ⇩ │ r │ n │ s │ h │ l │ w │ t │ i │ e │ u │ ⇘ │ ´ │   │
├────┬─┴─┬─┴─┬─┴─┬─┴─┬─┴─┬─┴─┬─┴─┬─┴─┬─┴─┬─┴─┬─┴─┬─┴───┴───┤
│  ⇧ │ ⇚ │ ä │ ü │ b │ g │ x │ v │ d │ , │ . │ c │ ⇗       │
├────┼───┴┬──┴─┬─┴───┴───┴───┴───┴───┴─┬─┴──┬┴───┼────┬────┤
│Strg│ Fe │ Alt│      Leerzeichen      │ M4 │ Fe │ Me │Strg│
└────┴────┴────┴───────────────────────┴────┴────┴────┴────┘
# 9.76342797262938 x100 total penalty per letter
# 35.73151947882789 x10 billion total penalty compared to notime-noeffort
# 7.408370762465542 mean key position cost in file 1gramme.txt ( 54.22528746 )
# 11.238550626391397 % finger repeats in file 2gramme.txt ( 54.25305779744677 )
# 12.527818317372887 million keystrokes disbalance of the fingers ( 25.055636634745774 )
# 0.3695845683153954 % finger repeats top to bottom or vice versa ( 8.920675633552666 )
# 3.0553810535950805 % of trigrams have no handswitching (after direction change counted x 1 ) ( 13.514911511847915 )
# 8.16597077541214 billion (rows²/dist)² to cross ( 106.1576200803578 )
# 0.06478504962370074 hand disbalance. Left: 0.43521495037629926 %, Right: 0.5647850496237007 % ( 1.8967668069498174 )
# 1.463892377922877 badly positioned shortcut keys (weighted).
# 13.26672075375801 no handswitching after unbalancing key (weighted).
# 30.97780378073712 movement pattern cost (weighted).
# 0.8710665801174329 asymmetric bigram cost (weighted).
# 4.965946339916202 irregularity cost (weighted).
# 17.587715881443447 manually assigned bigram penalty (weighted)
# 13.014750143559638 unbalancing key after neighboring finger (weighted)
# 0.8710665801174329 asymmetrc bigrams (weighted)
# 11.143343005923468 inconsistent symmetries of similar keys (weighted)
# 4.965946339916202 irregularity cost for randomly sampled words (weighted).
# Finger load %: 10.8 7.9 7.1 10.9 - 12.3 11.1 14.9 9.3
 
