
# Evolved Layout
öilüä kphfvzß
carey gtmsn⇘
ujxoq wd,.b
┌───┬───┬───┬───┬───┬───┬───┬───┬───┬───┬───┬───┬───┬──────┐
│ ^ │ 1 │ 2 │ 3 │ 4 │ 5 │ 6 │ 7 │ 8 │ 9 │ 0 │ - │ ` │ ←    │
├───┴─┬─┴─┬─┴─┬─┴─┬─┴─┬─┴─┬─┴─┬─┴─┬─┴─┬─┴─┬─┴─┬─┴─┬─┴─┬────┤
│   ⇥ │ ö │ i │ l │ ü │ ä │ k │ p │ h │ f │ v │ z │ ß │ Ret│
├─────┴┬──┴┬──┴┬──┴┬──┴┬──┴┬──┴┬──┴┬──┴┬──┴┬──┴┬──┴┬──┴┐   │
│    ⇩ │ c │ a │ r │ e │ y │ g │ t │ m │ s │ n │ ⇘ │ ´ │   │
├────┬─┴─┬─┴─┬─┴─┬─┴─┬─┴─┬─┴─┬─┴─┬─┴─┬─┴─┬─┴─┬─┴─┬─┴───┴───┤
│  ⇧ │ ⇚ │ u │ j │ x │ o │ q │ w │ d │ , │ . │ b │ ⇗       │
├────┼───┴┬──┴─┬─┴───┴───┴───┴───┴───┴─┬─┴──┬┴───┼────┬────┤
│Strg│ Fe │ Alt│      Leerzeichen      │ M4 │ Fe │ Me │Strg│
└────┴────┴────┴───────────────────────┴────┴────┴────┴────┘
# 9.46102306007234 x100 total penalty per letter
# 34.624798862481185 x10 billion total penalty compared to notime-noeffort
# 7.738496883270756 mean key position cost in file 1gramme.txt ( 56.64163302 )
# 10.437333308785018 % finger repeats in file 2gramme.txt ( 50.38525572176474 )
# 14.425866970320609 million keystrokes disbalance of the fingers ( 28.851733940641218 )
# 0.3410169569445609 % finger repeats top to bottom or vice versa ( 8.231138200141409 )
# 2.505388349866672 % of trigrams have no handswitching (after direction change counted x 1 ) ( 11.082120775548315 )
# 8.145528467576233 billion (rows²/dist)² to cross ( 105.89187007849101 )
# 0.02034347018981264 hand disbalance. Left: 0.5203434701898126 %, Right: 0.4796565298101874 % ( 0.5956130190273599 )
# 0.7319461889614385 badly positioned shortcut keys (weighted).
# 13.411122600441987 no handswitching after unbalancing key (weighted).
# 30.893678901657808 movement pattern cost (weighted).
# 0.8789261837504578 asymmetric bigram cost (weighted).
# 4.2432379478346895 irregularity cost (weighted).
# 22.399713602934458 manually assigned bigram penalty (weighted)
# 8.656620897736975 unbalancing key after neighboring finger (weighted)
# 0.8789261837504578 asymmetrc bigrams (weighted)
# 3.3533775458798756 inconsistent symmetries of similar keys (weighted)
# 4.2432379478346895 irregularity cost for randomly sampled words (weighted).
# Finger load %: 10.9 10.3 8.0 14.7 - 14.2 6.3 7.5 12.5
 
