
# Evolved Layout
öäubz qxdfkvß
aeinp mrtsh⇘
oyücj wl,.g
┌───┬───┬───┬───┬───┬───┬───┬───┬───┬───┬───┬───┬───┬──────┐
│ ^ │ 1 │ 2 │ 3 │ 4 │ 5 │ 6 │ 7 │ 8 │ 9 │ 0 │ - │ ` │ ←    │
├───┴─┬─┴─┬─┴─┬─┴─┬─┴─┬─┴─┬─┴─┬─┴─┬─┴─┬─┴─┬─┴─┬─┴─┬─┴─┬────┤
│   ⇥ │ ö │ ä │ u │ b │ z │ q │ x │ d │ f │ k │ v │ ß │ Ret│
├─────┴┬──┴┬──┴┬──┴┬──┴┬──┴┬──┴┬──┴┬──┴┬──┴┬──┴┬──┴┬──┴┐   │
│    ⇩ │ a │ e │ i │ n │ p │ m │ r │ t │ s │ h │ ⇘ │ ´ │   │
├────┬─┴─┬─┴─┬─┴─┬─┴─┬─┴─┬─┴─┬─┴─┬─┴─┬─┴─┬─┴─┬─┴─┬─┴───┴───┤
│  ⇧ │ ⇚ │ o │ y │ ü │ c │ j │ w │ l │ , │ . │ g │ ⇗       │
├────┼───┴┬──┴─┬─┴───┴───┴───┴───┴───┴─┬─┴──┬┴───┼────┬────┤
│Strg│ Fe │ Alt│      Leerzeichen      │ M4 │ Fe │ Me │Strg│
└────┴────┴────┴───────────────────────┴────┴────┴────┴────┘
# 9.798013925630256 x100 total penalty per letter
# 35.858094761280846 x10 billion total penalty compared to notime-noeffort
# 7.4457559315021165 mean key position cost in file 1gramme.txt ( 54.49892678 )
# 9.642530031845642 % finger repeats in file 2gramme.txt ( 46.54841683080201 )
# 14.208887697558337 million keystrokes disbalance of the fingers ( 28.417775395116678 )
# 0.3547670088554729 % finger repeats top to bottom or vice versa ( 8.5630236833499 )
# 3.388306385455385 % of trigrams have no handswitching (after direction change counted x 1 ) ( 14.987544980871487 )
# 8.378785737766384 billion (rows²/dist)² to cross ( 108.924214590963 )
# 0.03287652420653164 hand disbalance. Left: 0.5328765242065316 %, Right: 0.46712347579346836 % ( 0.9625538639707727 )
# 1.463892377922877 badly positioned shortcut keys (weighted).
# 11.65235124015203 no handswitching after unbalancing key (weighted).
# 27.634310328624064 movement pattern cost (weighted).
# 0.8798822149141874 asymmetric bigram cost (weighted).
# 10.80423022992657 irregularity cost (weighted).
# 18.381745566294857 manually assigned bigram penalty (weighted)
# 11.114851427380907 unbalancing key after neighboring finger (weighted)
# 0.8798822149141874 asymmetrc bigrams (weighted)
# 13.747228102519115 inconsistent symmetries of similar keys (weighted)
# 10.80423022992657 irregularity cost for randomly sampled words (weighted).
# Finger load %: 13.0 11.7 8.3 12.0 - 12.1 9.3 7.5 10.5
 
