
# Evolved Layout
jmlvü öboäkxß
rsnip gtaeh⇘
cyzuq wd,.f
┌───┬───┬───┬───┬───┬───┬───┬───┬───┬───┬───┬───┬───┬──────┐
│ ^ │ 1 │ 2 │ 3 │ 4 │ 5 │ 6 │ 7 │ 8 │ 9 │ 0 │ - │ ` │ ←    │
├───┴─┬─┴─┬─┴─┬─┴─┬─┴─┬─┴─┬─┴─┬─┴─┬─┴─┬─┴─┬─┴─┬─┴─┬─┴─┬────┤
│   ⇥ │ j │ m │ l │ v │ ü │ ö │ b │ o │ ä │ k │ x │ ß │ Ret│
├─────┴┬──┴┬──┴┬──┴┬──┴┬──┴┬──┴┬──┴┬──┴┬──┴┬──┴┬──┴┬──┴┐   │
│    ⇩ │ r │ s │ n │ i │ p │ g │ t │ a │ e │ h │ ⇘ │ ´ │   │
├────┬─┴─┬─┴─┬─┴─┬─┴─┬─┴─┬─┴─┬─┴─┬─┴─┬─┴─┬─┴─┬─┴─┬─┴───┴───┤
│  ⇧ │ ⇚ │ c │ y │ z │ u │ q │ w │ d │ , │ . │ f │ ⇗       │
├────┼───┴┬──┴─┬─┴───┴───┴───┴───┴───┴─┬─┴──┬┴───┼────┬────┤
│Strg│ Fe │ Alt│      Leerzeichen      │ M4 │ Fe │ Me │Strg│
└────┴────┴────┴───────────────────────┴────┴────┴────┴────┘
# 9.92657165599713 x100 total penalty per letter
# 36.328581465298676 x10 billion total penalty compared to notime-noeffort
# 7.337094211283515 mean key position cost in file 1gramme.txt ( 53.70358146 )
# 9.154625300915272 % finger repeats in file 2gramme.txt ( 44.19310212459311 )
# 13.899208546534142 million keystrokes disbalance of the fingers ( 27.798417093068284 )
# 0.35140219560320723 % finger repeats top to bottom or vice versa ( 8.481807068360375 )
# 4.562190879893273 % of trigrams have no handswitching (after direction change counted x 1 ) ( 20.18000536115403 )
# 8.403699612838846 billion (rows²/dist)² to cross ( 109.24809496690499 )
# 0.02352964941947472 hand disbalance. Left: 0.4764703505805253 %, Right: 0.5235296494194748 % ( 0.6888974888073298 )
# 0.36597309448071924 badly positioned shortcut keys (weighted).
# 11.353124609226487 no handswitching after unbalancing key (weighted).
# 29.557254215965514 movement pattern cost (weighted).
# 0.8737039256388821 asymmetric bigram cost (weighted).
# 9.488129344427238 irregularity cost (weighted).
# 20.201321536778643 manually assigned bigram penalty (weighted)
# 11.572471443494043 unbalancing key after neighboring finger (weighted)
# 0.8737039256388821 asymmetrc bigrams (weighted)
# 15.579930920087186 inconsistent symmetries of similar keys (weighted)
# 9.488129344427238 irregularity cost for randomly sampled words (weighted).
# Finger load %: 13.0 7.2 9.9 10.2 - 13.7 8.4 12.5 9.6
 
