
# Evolved Layout
zvouä qgrlwßj
haeip mfsnt⇘
kxüyö cd,.b
┌───┬───┬───┬───┬───┬───┬───┬───┬───┬───┬───┬───┬───┬──────┐
│ ^ │ 1 │ 2 │ 3 │ 4 │ 5 │ 6 │ 7 │ 8 │ 9 │ 0 │ - │ ` │ ←    │
├───┴─┬─┴─┬─┴─┬─┴─┬─┴─┬─┴─┬─┴─┬─┴─┬─┴─┬─┴─┬─┴─┬─┴─┬─┴─┬────┤
│   ⇥ │ z │ v │ o │ u │ ä │ q │ g │ r │ l │ w │ ß │ j │ Ret│
├─────┴┬──┴┬──┴┬──┴┬──┴┬──┴┬──┴┬──┴┬──┴┬──┴┬──┴┬──┴┬──┴┐   │
│    ⇩ │ h │ a │ e │ i │ p │ m │ f │ s │ n │ t │ ⇘ │ ´ │   │
├────┬─┴─┬─┴─┬─┴─┬─┴─┬─┴─┬─┴─┬─┴─┬─┴─┬─┴─┬─┴─┬─┴─┬─┴───┴───┤
│  ⇧ │ ⇚ │ k │ x │ ü │ y │ ö │ c │ d │ , │ . │ b │ ⇗       │
├────┼───┴┬──┴─┬─┴───┴───┴───┴───┴───┴─┬─┴──┬┴───┼────┬────┤
│Strg│ Fe │ Alt│      Leerzeichen      │ M4 │ Fe │ Me │Strg│
└────┴────┴────┴───────────────────────┴────┴────┴────┴────┘
# 9.78450027749702 x100 total penalty per letter
# 35.80863844503041 x10 billion total penalty compared to notime-noeffort
# 7.409530467936793 mean key position cost in file 1gramme.txt ( 54.23377588 )
# 12.173666860082463 % finger repeats in file 2gramme.txt ( 58.76724443594769 )
# 12.927117898037846 million keystrokes disbalance of the fingers ( 25.85423579607569 )
# 0.40887614119034 % finger repeats top to bottom or vice versa ( 9.869057700334094 )
# 1.6453885497320355 % of trigrams have no handswitching (after direction change counted x 1 ) ( 7.278071134882173 )
# 8.197160720130135 billion (rows²/dist)² to cross ( 106.56308936169174 )
# 0.02662120735190887 hand disbalance. Left: 0.47337879264809113 %, Right: 0.5266212073519089 % ( 0.779411650671277 )
# 0.36597309448071924 badly positioned shortcut keys (weighted).
# 11.428408975342354 no handswitching after unbalancing key (weighted).
# 26.944519407431937 movement pattern cost (weighted).
# 0.8755179351658541 asymmetric bigram cost (weighted).
# 11.339388448212603 irregularity cost (weighted).
# 18.419446907039188 manually assigned bigram penalty (weighted)
# 11.651387005975524 unbalancing key after neighboring finger (weighted)
# 0.8755179351658541 asymmetrc bigrams (weighted)
# 13.716856717053322 inconsistent symmetries of similar keys (weighted)
# 11.339388448212603 irregularity cost for randomly sampled words (weighted).
# Finger load %: 10.7 5.5 13.8 10.0 - 11.7 10.9 10.6 11.1
 
