
# Evolved Layout
ßlscj qdiyüöä
rnmtf whuea⇘
zxkpv bg,.o
┌───┬───┬───┬───┬───┬───┬───┬───┬───┬───┬───┬───┬───┬──────┐
│ ^ │ 1 │ 2 │ 3 │ 4 │ 5 │ 6 │ 7 │ 8 │ 9 │ 0 │ - │ ` │ ←    │
├───┴─┬─┴─┬─┴─┬─┴─┬─┴─┬─┴─┬─┴─┬─┴─┬─┴─┬─┴─┬─┴─┬─┴─┬─┴─┬────┤
│   ⇥ │ ß │ l │ s │ c │ j │ q │ d │ i │ y │ ü │ ö │ ä │ Ret│
├─────┴┬──┴┬──┴┬──┴┬──┴┬──┴┬──┴┬──┴┬──┴┬──┴┬──┴┬──┴┬──┴┐   │
│    ⇩ │ r │ n │ m │ t │ f │ w │ h │ u │ e │ a │ ⇘ │ ´ │   │
├────┬─┴─┬─┴─┬─┴─┬─┴─┬─┴─┬─┴─┬─┴─┬─┴─┬─┴─┬─┴─┬─┴─┬─┴───┴───┤
│  ⇧ │ ⇚ │ z │ x │ k │ p │ v │ b │ g │ , │ . │ o │ ⇗       │
├────┼───┴┬──┴─┬─┴───┴───┴───┴───┴───┴─┬─┴──┬┴───┼────┬────┤
│Strg│ Fe │ Alt│      Leerzeichen      │ M4 │ Fe │ Me │Strg│
└────┴────┴────┴───────────────────────┴────┴────┴────┴────┘
# 9.643379888805306 x100 total penalty per letter
# 35.29217579159213 x10 billion total penalty compared to notime-noeffort
# 7.795229679514863 mean key position cost in file 1gramme.txt ( 57.05688656 )
# 9.612229947388776 % finger repeats in file 2gramme.txt ( 46.40214599144257 )
# 13.767540921186175 million keystrokes disbalance of the fingers ( 27.53508184237235 )
# 0.4480617853102985 % finger repeats top to bottom or vice versa ( 10.814882961056755 )
# 2.938142686830047 % of trigrams have no handswitching (after direction change counted x 1 ) ( 12.996329336718352 )
# 8.875206531193804 billion (rows²/dist)² to cross ( 115.37768490551946 )
# 0.0406944268047823 hand disbalance. Left: 0.4593055731952177 %, Right: 0.5406944268047823 % ( 1.1914452244692246 )
# 0.36597309448071924 badly positioned shortcut keys (weighted).
# 12.429923694283781 no handswitching after unbalancing key (weighted).
# 26.416337355569972 movement pattern cost (weighted).
# 0.8625833752940818 asymmetric bigram cost (weighted).
# 4.805945401702264 irregularity cost (weighted).
# 17.986905672791362 manually assigned bigram penalty (weighted)
# 11.305629565156362 unbalancing key after neighboring finger (weighted)
# 0.8625833752940818 asymmetrc bigrams (weighted)
# 7.374002935064007 inconsistent symmetries of similar keys (weighted)
# 4.805945401702264 irregularity cost for randomly sampled words (weighted).
# Finger load %: 11.1 9.6 7.6 10.4 - 12.0 9.2 12.6 11.8
 
