
# Evolved Layout
üocxj qwpfkvß
iaerm gtnsh⇘
uäylö bd,.z
┌───┬───┬───┬───┬───┬───┬───┬───┬───┬───┬───┬───┬───┬──────┐
│ ^ │ 1 │ 2 │ 3 │ 4 │ 5 │ 6 │ 7 │ 8 │ 9 │ 0 │ - │ ` │ ←    │
├───┴─┬─┴─┬─┴─┬─┴─┬─┴─┬─┴─┬─┴─┬─┴─┬─┴─┬─┴─┬─┴─┬─┴─┬─┴─┬────┤
│   ⇥ │ ü │ o │ c │ x │ j │ q │ w │ p │ f │ k │ v │ ß │ Ret│
├─────┴┬──┴┬──┴┬──┴┬──┴┬──┴┬──┴┬──┴┬──┴┬──┴┬──┴┬──┴┬──┴┐   │
│    ⇩ │ i │ a │ e │ r │ m │ g │ t │ n │ s │ h │ ⇘ │ ´ │   │
├────┬─┴─┬─┴─┬─┴─┬─┴─┬─┴─┬─┴─┬─┴─┬─┴─┬─┴─┬─┴─┬─┴─┬─┴───┴───┤
│  ⇧ │ ⇚ │ u │ ä │ y │ l │ ö │ b │ d │ , │ . │ z │ ⇗       │
├────┼───┴┬──┴─┬─┴───┴───┴───┴───┴───┴─┬─┴──┬┴───┼────┬────┤
│Strg│ Fe │ Alt│      Leerzeichen      │ M4 │ Fe │ Me │Strg│
└────┴────┴────┴───────────────────────┴────┴────┴────┴────┘
# 9.63534093153155 x100 total penalty per letter
# 35.26275537089338 x10 billion total penalty compared to notime-noeffort
# 7.390799394250279 mean key position cost in file 1gramme.txt ( 54.0966745 )
# 10.289667882013118 % finger repeats in file 2gramme.txt ( 49.67241460909247 )
# 14.515236115497975 million keystrokes disbalance of the fingers ( 29.030472230995947 )
# 0.30386084485062764 % finger repeats top to bottom or vice versa ( 7.334299824814431 )
# 3.5406560499714246 % of trigrams have no handswitching (after direction change counted x 1 ) ( 15.661435470691508 )
# 8.218380160837244 billion (rows²/dist)² to cross ( 106.83894209088416 )
# 0.03957647464857028 hand disbalance. Left: 0.5395764746485703 %, Right: 0.4604235253514298 % ( 1.1587139916620002 )
# 0.7319461889614385 badly positioned shortcut keys (weighted).
# 10.8149405520373 no handswitching after unbalancing key (weighted).
# 24.256722243622022 movement pattern cost (weighted).
# 0.8604381681298902 asymmetric bigram cost (weighted).
# 8.925307822590831 irregularity cost (weighted).
# 18.538591780754494 manually assigned bigram penalty (weighted)
# 13.563311228773864 unbalancing key after neighboring finger (weighted)
# 0.8604381681298902 asymmetrc bigrams (weighted)
# 11.143343005923466 inconsistent symmetries of similar keys (weighted)
# 8.925307822590831 irregularity cost for randomly sampled words (weighted).
# Finger load %: 14.2 7.6 13.4 10.4 - 13.7 8.7 7.5 9.0
 
