
# Evolved Layout
öglüä vbimwqß
uhrey fnast⇘
xkzoj pc,.d
┌───┬───┬───┬───┬───┬───┬───┬───┬───┬───┬───┬───┬───┬──────┐
│ ^ │ 1 │ 2 │ 3 │ 4 │ 5 │ 6 │ 7 │ 8 │ 9 │ 0 │ - │ ` │ ←    │
├───┴─┬─┴─┬─┴─┬─┴─┬─┴─┬─┴─┬─┴─┬─┴─┬─┴─┬─┴─┬─┴─┬─┴─┬─┴─┬────┤
│   ⇥ │ ö │ g │ l │ ü │ ä │ v │ b │ i │ m │ w │ q │ ß │ Ret│
├─────┴┬──┴┬──┴┬──┴┬──┴┬──┴┬──┴┬──┴┬──┴┬──┴┬──┴┬──┴┬──┴┐   │
│    ⇩ │ u │ h │ r │ e │ y │ f │ n │ a │ s │ t │ ⇘ │ ´ │   │
├────┬─┴─┬─┴─┬─┴─┬─┴─┬─┴─┬─┴─┬─┴─┬─┴─┬─┴─┬─┴─┬─┴─┬─┴───┴───┤
│  ⇧ │ ⇚ │ x │ k │ z │ o │ j │ p │ c │ , │ . │ d │ ⇗       │
├────┼───┴┬──┴─┬─┴───┴───┴───┴───┴───┴─┬─┴──┬┴───┼────┬────┤
│Strg│ Fe │ Alt│      Leerzeichen      │ M4 │ Fe │ Me │Strg│
└────┴────┴────┴───────────────────────┴────┴────┴────┴────┘
# 9.667642152670895 x100 total penalty per letter
# 35.3809691494521 x10 billion total penalty compared to notime-noeffort
# 7.540900939496234 mean key position cost in file 1gramme.txt ( 55.19533704 )
# 10.173192076816267 % finger repeats in file 2gramme.txt ( 49.11013849347756 )
# 13.301180829794244 million keystrokes disbalance of the fingers ( 26.60236165958849 )
# 0.40158002310283525 % finger repeats top to bottom or vice versa ( 9.692951043231512 )
# 5.213149370135826 % of trigrams have no handswitching (after direction change counted x 1 ) ( 23.05939953137138 )
# 7.745498067431811 billion (rows²/dist)² to cross ( 100.69147487661354 )
# 0.042571016152346486 hand disbalance. Left: 0.4574289838476535 %, Right: 0.5425710161523465 % ( 1.246387721317034 )
# 0.7319461889614385 badly positioned shortcut keys (weighted).
# 10.486926961789 no handswitching after unbalancing key (weighted).
# 31.894398682850486 movement pattern cost (weighted).
# 0.8631777018507054 asymmetric bigram cost (weighted).
# 5.848844992864759 irregularity cost (weighted).
# 17.96117284021774 manually assigned bigram penalty (weighted)
# 10.098476114342752 unbalancing key after neighboring finger (weighted)
# 0.8631777018507054 asymmetrc bigrams (weighted)
# 10.32669764604468 inconsistent symmetries of similar keys (weighted)
# 5.848844992864759 irregularity cost for randomly sampled words (weighted).
# Finger load %: 8.9 6.4 8.5 14.8 - 14.0 11.1 8.0 12.7
 
