
# Evolved Layout
jylaö qpufkvß
mnreü gtish⇘
czxoä wd,.b
┌───┬───┬───┬───┬───┬───┬───┬───┬───┬───┬───┬───┬───┬──────┐
│ ^ │ 1 │ 2 │ 3 │ 4 │ 5 │ 6 │ 7 │ 8 │ 9 │ 0 │ - │ ` │ ←    │
├───┴─┬─┴─┬─┴─┬─┴─┬─┴─┬─┴─┬─┴─┬─┴─┬─┴─┬─┴─┬─┴─┬─┴─┬─┴─┬────┤
│   ⇥ │ j │ y │ l │ a │ ö │ q │ p │ u │ f │ k │ v │ ß │ Ret│
├─────┴┬──┴┬──┴┬──┴┬──┴┬──┴┬──┴┬──┴┬──┴┬──┴┬──┴┬──┴┬──┴┐   │
│    ⇩ │ m │ n │ r │ e │ ü │ g │ t │ i │ s │ h │ ⇘ │ ´ │   │
├────┬─┴─┬─┴─┬─┴─┬─┴─┬─┴─┬─┴─┬─┴─┬─┴─┬─┴─┬─┴─┬─┴─┬─┴───┴───┤
│  ⇧ │ ⇚ │ c │ z │ x │ o │ ä │ w │ d │ , │ . │ b │ ⇗       │
├────┼───┴┬──┴─┬─┴───┴───┴───┴───┴───┴─┬─┴──┬┴───┼────┬────┤
│Strg│ Fe │ Alt│      Leerzeichen      │ M4 │ Fe │ Me │Strg│
└────┴────┴────┴───────────────────────┴────┴────┴────┴────┘
# 9.260958440692765 x100 total penalty per letter
# 33.89261618397668 x10 billion total penalty compared to notime-noeffort
# 7.619246466619432 mean key position cost in file 1gramme.txt ( 55.76878414 )
# 10.09872338157202 % finger repeats in file 2gramme.txt ( 48.750647793876205 )
# 12.61280151829598 million keystrokes disbalance of the fingers ( 25.225603036591956 )
# 0.37434626716968766 % finger repeats top to bottom or vice versa ( 9.035608925105986 )
# 4.740942485815507 % of trigrams have no handswitching (after direction change counted x 1 ) ( 20.970679942904532 )
# 7.776314234215949 billion (rows²/dist)² to cross ( 101.09208504480735 )
# 0.029504013460560752 hand disbalance. Left: 0.5295040134605608 %, Right: 0.47049598653943925 % ( 0.8638140084609771 )
# 0.36597309448071924 badly positioned shortcut keys (weighted).
# 10.850550519524374 no handswitching after unbalancing key (weighted).
# 23.15565925302349 movement pattern cost (weighted).
# 0.8884349129395983 asymmetric bigram cost (weighted).
# 4.23202485726683 irregularity cost (weighted).
# 16.7139446926304 manually assigned bigram penalty (weighted)
# 10.967310675900219 unbalancing key after neighboring finger (weighted)
# 0.8884349129395983 asymmetrc bigrams (weighted)
# 10.045040942254214 inconsistent symmetries of similar keys (weighted)
# 4.23202485726683 irregularity cost for randomly sampled words (weighted).
# Finger load %: 10.2 7.7 8.0 18.8 - 13.3 9.2 7.5 9.7
 
