
# Evolved Layout
üygvß wbmäöxq
irhnp ctsea⇘
uzklj fd,.o
┌───┬───┬───┬───┬───┬───┬───┬───┬───┬───┬───┬───┬───┬──────┐
│ ^ │ 1 │ 2 │ 3 │ 4 │ 5 │ 6 │ 7 │ 8 │ 9 │ 0 │ - │ ` │ ←    │
├───┴─┬─┴─┬─┴─┬─┴─┬─┴─┬─┴─┬─┴─┬─┴─┬─┴─┬─┴─┬─┴─┬─┴─┬─┴─┬────┤
│   ⇥ │ ü │ y │ g │ v │ ß │ w │ b │ m │ ä │ ö │ x │ q │ Ret│
├─────┴┬──┴┬──┴┬──┴┬──┴┬──┴┬──┴┬──┴┬──┴┬──┴┬──┴┬──┴┬──┴┐   │
│    ⇩ │ i │ r │ h │ n │ p │ c │ t │ s │ e │ a │ ⇘ │ ´ │   │
├────┬─┴─┬─┴─┬─┴─┬─┴─┬─┴─┬─┴─┬─┴─┬─┴─┬─┴─┬─┴─┬─┴─┬─┴───┴───┤
│  ⇧ │ ⇚ │ u │ z │ k │ l │ j │ f │ d │ , │ . │ o │ ⇗       │
├────┼───┴┬──┴─┬─┴───┴───┴───┴───┴───┴─┬─┴──┬┴───┼────┬────┤
│Strg│ Fe │ Alt│      Leerzeichen      │ M4 │ Fe │ Me │Strg│
└────┴────┴────┴───────────────────────┴────┴────┴────┴────┘
# 10.039929771894059 x100 total penalty per letter
# 36.7434416698917 x10 billion total penalty compared to notime-noeffort
# 7.7577380217757375 mean key position cost in file 1gramme.txt ( 56.7824678 )
# 9.720034352521365 % finger repeats in file 2gramme.txt ( 46.92256172981574 )
# 16.13441992654969 million keystrokes disbalance of the fingers ( 32.26883985309938 )
# 0.3995046959292472 % finger repeats top to bottom or vice versa ( 9.642858798759665 )
# 5.203532391151155 % of trigrams have no handswitching (after direction change counted x 1 ) ( 23.01686060817023 )
# 8.065684970846762 billion (rows²/dist)² to cross ( 104.85390462100791 )
# 0.05067910954638122 hand disbalance. Left: 0.4493208904536188 %, Right: 0.5506791095463812 % ( 1.4837752436973195 )
# 0.7319461889614385 badly positioned shortcut keys (weighted).
# 12.529830440772837 no handswitching after unbalancing key (weighted).
# 29.13808471213515 movement pattern cost (weighted).
# 0.8842680033317827 asymmetric bigram cost (weighted).
# 5.593084603967778 irregularity cost (weighted).
# 19.506606755041847 manually assigned bigram penalty (weighted)
# 11.837682270563247 unbalancing key after neighboring finger (weighted)
# 0.8842680033317827 asymmetrc bigrams (weighted)
# 12.241645069592723 inconsistent symmetries of similar keys (weighted)
# 5.593084603967778 irregularity cost for randomly sampled words (weighted).
# Finger load %: 14.1 6.3 6.2 11.3 - 15.2 7.8 12.5 11.1
 
