
# Evolved Layout
ßfkpj öoluüxq
mnstg yerih⇘
cwbdv äa,.z
┌───┬───┬───┬───┬───┬───┬───┬───┬───┬───┬───┬───┬───┬──────┐
│ ^ │ 1 │ 2 │ 3 │ 4 │ 5 │ 6 │ 7 │ 8 │ 9 │ 0 │ - │ ` │ ←    │
├───┴─┬─┴─┬─┴─┬─┴─┬─┴─┬─┴─┬─┴─┬─┴─┬─┴─┬─┴─┬─┴─┬─┴─┬─┴─┬────┤
│   ⇥ │ ß │ f │ k │ p │ j │ ö │ o │ l │ u │ ü │ x │ q │ Ret│
├─────┴┬──┴┬──┴┬──┴┬──┴┬──┴┬──┴┬──┴┬──┴┬──┴┬──┴┬──┴┬──┴┐   │
│    ⇩ │ m │ n │ s │ t │ g │ y │ e │ r │ i │ h │ ⇘ │ ´ │   │
├────┬─┴─┬─┴─┬─┴─┬─┴─┬─┴─┬─┴─┬─┴─┬─┴─┬─┴─┬─┴─┬─┴─┬─┴───┴───┤
│  ⇧ │ ⇚ │ c │ w │ b │ d │ v │ ä │ a │ , │ . │ z │ ⇗       │
├────┼───┴┬──┴─┬─┴───┴───┴───┴───┴───┴─┬─┴──┬┴───┼────┬────┤
│Strg│ Fe │ Alt│      Leerzeichen      │ M4 │ Fe │ Me │Strg│
└────┴────┴────┴───────────────────────┴────┴────┴────┴────┘
# 10.077819344335682 x100 total penalty per letter
# 36.88210731064183 x10 billion total penalty compared to notime-noeffort
# 7.7948679999214825 mean key position cost in file 1gramme.txt ( 57.05423926 )
# 11.840238593613632 % finger repeats in file 2gramme.txt ( 57.157650493330515 )
# 11.667230998276178 million keystrokes disbalance of the fingers ( 23.334461996552356 )
# 0.45149762113138714 % finger repeats top to bottom or vice versa ( 10.897813850270499 )
# 2.9584760799205885 % of trigrams have no handswitching (after direction change counted x 1 ) ( 13.086270330504034 )
# 9.512218779311956 billion (rows²/dist)² to cross ( 123.65884413105543 )
# 0.05698515078325295 hand disbalance. Left: 0.44301484921674705 %, Right: 0.556985150783253 % ( 1.668402557727797 )
# 1.0979192834421578 badly positioned shortcut keys (weighted).
# 10.106773486305825 no handswitching after unbalancing key (weighted).
# 24.29696619362914 movement pattern cost (weighted).
# 0.869087403953281 asymmetric bigram cost (weighted).
# 16.06903903374054 irregularity cost (weighted).
# 16.42448822862599 manually assigned bigram penalty (weighted)
# 9.396929697015798 unbalancing key after neighboring finger (weighted)
# 0.869087403953281 asymmetrc bigrams (weighted)
# 3.702187160264901 inconsistent symmetries of similar keys (weighted)
# 16.06903903374054 irregularity cost for randomly sampled words (weighted).
# Finger load %: 9.0 9.2 7.1 12.1 - 19.7 9.1 9.4 8.9
 
