
# Evolved Layout
julkß qwomvzö
airnp ftesg⇘
äüxhy bd,.c
┌───┬───┬───┬───┬───┬───┬───┬───┬───┬───┬───┬───┬───┬──────┐
│ ^ │ 1 │ 2 │ 3 │ 4 │ 5 │ 6 │ 7 │ 8 │ 9 │ 0 │ - │ ` │ ←    │
├───┴─┬─┴─┬─┴─┬─┴─┬─┴─┬─┴─┬─┴─┬─┴─┬─┴─┬─┴─┬─┴─┬─┴─┬─┴─┬────┤
│   ⇥ │ j │ u │ l │ k │ ß │ q │ w │ o │ m │ v │ z │ ö │ Ret│
├─────┴┬──┴┬──┴┬──┴┬──┴┬──┴┬──┴┬──┴┬──┴┬──┴┬──┴┬──┴┬──┴┐   │
│    ⇩ │ a │ i │ r │ n │ p │ f │ t │ e │ s │ g │ ⇘ │ ´ │   │
├────┬─┴─┬─┴─┬─┴─┬─┴─┬─┴─┬─┴─┬─┴─┬─┴─┬─┴─┬─┴─┬─┴─┬─┴───┴───┤
│  ⇧ │ ⇚ │ ä │ ü │ x │ h │ y │ b │ d │ , │ . │ c │ ⇗       │
├────┼───┴┬──┴─┬─┴───┴───┴───┴───┴───┴─┬─┴──┬┴───┼────┬────┤
│Strg│ Fe │ Alt│      Leerzeichen      │ M4 │ Fe │ Me │Strg│
└────┴────┴────┴───────────────────────┴────┴────┴────┴────┘
# 9.692279379197883 x100 total penalty per letter
# 35.47113476976714 x10 billion total penalty compared to notime-noeffort
# 7.310168414965121 mean key position cost in file 1gramme.txt ( 53.50649912 )
# 11.226372244751113 % finger repeats in file 2gramme.txt ( 54.19426779284794 )
# 11.652836677606093 million keystrokes disbalance of the fingers ( 23.305673355212186 )
# 0.33649104608694513 % finger repeats top to bottom or vice versa ( 8.121896131699012 )
# 4.118176296944813 % of trigrams have no handswitching (after direction change counted x 1 ) ( 18.215989189927956 )
# 7.960330977180783 billion (rows²/dist)² to cross ( 103.4843027033502 )
# 0.031115272675407257 hand disbalance. Left: 0.46888472732459274 %, Right: 0.5311152726754073 % ( 0.9109882101304131 )
# 1.0979192834421578 badly positioned shortcut keys (weighted).
# 11.692124408689322 no handswitching after unbalancing key (weighted).
# 32.65972435209522 movement pattern cost (weighted).
# 0.8657021188777049 asymmetric bigram cost (weighted).
# 3.033008432981395 irregularity cost (weighted).
# 16.32777596909852 manually assigned bigram penalty (weighted)
# 12.064355323617276 unbalancing key after neighboring finger (weighted)
# 0.8657021188777049 asymmetrc bigrams (weighted)
# 15.231121305702159 inconsistent symmetries of similar keys (weighted)
# 3.033008432981395 irregularity cost for randomly sampled words (weighted).
# Finger load %: 10.7 8.5 8.0 12.3 - 13.1 14.7 8.0 9.1
 
