
# Evolved Layout
öüdgq vcufyßj
aetlh bnisr⇘
oäkmx wp,.z
┌───┬───┬───┬───┬───┬───┬───┬───┬───┬───┬───┬───┬───┬──────┐
│ ^ │ 1 │ 2 │ 3 │ 4 │ 5 │ 6 │ 7 │ 8 │ 9 │ 0 │ - │ ` │ ←    │
├───┴─┬─┴─┬─┴─┬─┴─┬─┴─┬─┴─┬─┴─┬─┴─┬─┴─┬─┴─┬─┴─┬─┴─┬─┴─┬────┤
│   ⇥ │ ö │ ü │ d │ g │ q │ v │ c │ u │ f │ y │ ß │ j │ Ret│
├─────┴┬──┴┬──┴┬──┴┬──┴┬──┴┬──┴┬──┴┬──┴┬──┴┬──┴┬──┴┬──┴┐   │
│    ⇩ │ a │ e │ t │ l │ h │ b │ n │ i │ s │ r │ ⇘ │ ´ │   │
├────┬─┴─┬─┴─┬─┴─┬─┴─┬─┴─┬─┴─┬─┴─┬─┴─┬─┴─┬─┴─┬─┴─┬─┴───┴───┤
│  ⇧ │ ⇚ │ o │ ä │ k │ m │ x │ w │ p │ , │ . │ z │ ⇗       │
├────┼───┴┬──┴─┬─┴───┴───┴───┴───┴───┴─┬─┴──┬┴───┼────┬────┤
│Strg│ Fe │ Alt│      Leerzeichen      │ M4 │ Fe │ Me │Strg│
└────┴────┴────┴───────────────────────┴────┴────┴────┴────┘
# 10.090842736663665 x100 total penalty per letter
# 36.92976942255091 x10 billion total penalty compared to notime-noeffort
# 7.482181016299442 mean key position cost in file 1gramme.txt ( 54.7655388 )
# 9.132406497084771 % finger repeats in file 2gramme.txt ( 44.085842915778784 )
# 13.82370442771426 million keystrokes disbalance of the fingers ( 27.64740885542852 )
# 0.35889009678279493 % finger repeats top to bottom or vice versa ( 8.662542800654789 )
# 4.795071336784904 % of trigrams have no handswitching (after direction change counted x 1 ) ( 21.210108877710763 )
# 8.385454583709809 billion (rows²/dist)² to cross ( 109.01090958822752 )
# 0.018027218884988927 hand disbalance. Left: 0.5180272188849889 %, Right: 0.4819727811150111 % ( 0.5277981664176528 )
# 1.463892377922877 badly positioned shortcut keys (weighted).
# 15.03120937532142 no handswitching after unbalancing key (weighted).
# 34.23212127960856 movement pattern cost (weighted).
# 0.8808558955874757 asymmetric bigram cost (weighted).
# 2.8637577199575164 irregularity cost (weighted).
# 18.61510935465798 manually assigned bigram penalty (weighted)
# 13.73498122592463 unbalancing key after neighboring finger (weighted)
# 0.8808558955874757 asymmetrc bigrams (weighted)
# 16.565616992310673 inconsistent symmetries of similar keys (weighted)
# 2.8637577199575164 irregularity cost for randomly sampled words (weighted).
# Finger load %: 12.7 11.6 9.1 10.3 - 13.8 9.2 7.5 10.2
 
