
# Evolved Layout
jlcüö pguofzß
hrneä btias⇘
mxvyq wd,.k
┌───┬───┬───┬───┬───┬───┬───┬───┬───┬───┬───┬───┬───┬──────┐
│ ^ │ 1 │ 2 │ 3 │ 4 │ 5 │ 6 │ 7 │ 8 │ 9 │ 0 │ - │ ` │ ←    │
├───┴─┬─┴─┬─┴─┬─┴─┬─┴─┬─┴─┬─┴─┬─┴─┬─┴─┬─┴─┬─┴─┬─┴─┬─┴─┬────┤
│   ⇥ │ j │ l │ c │ ü │ ö │ p │ g │ u │ o │ f │ z │ ß │ Ret│
├─────┴┬──┴┬──┴┬──┴┬──┴┬──┴┬──┴┬──┴┬──┴┬──┴┬──┴┬──┴┬──┴┐   │
│    ⇩ │ h │ r │ n │ e │ ä │ b │ t │ i │ a │ s │ ⇘ │ ´ │   │
├────┬─┴─┬─┴─┬─┴─┬─┴─┬─┴─┬─┴─┬─┴─┬─┴─┬─┴─┬─┴─┬─┴─┬─┴───┴───┤
│  ⇧ │ ⇚ │ m │ x │ v │ y │ q │ w │ d │ , │ . │ k │ ⇗       │
├────┼───┴┬──┴─┬─┴───┴───┴───┴───┴───┴─┬─┴──┬┴───┼────┬────┤
│Strg│ Fe │ Alt│      Leerzeichen      │ M4 │ Fe │ Me │Strg│
└────┴────┴────┴───────────────────────┴────┴────┴────┴────┘
# 9.616230827270538 x100 total penalty per letter
# 35.192817530970856 x10 billion total penalty compared to notime-noeffort
# 7.483937391316333 mean key position cost in file 1gramme.txt ( 54.77839452 )
# 7.355131119191594 % finger repeats in file 2gramme.txt ( 35.50621134190047 )
# 13.103295817348098 million keystrokes disbalance of the fingers ( 26.2065916346962 )
# 0.3603367776550587 % finger repeats top to bottom or vice versa ( 8.697461387395451 )
# 5.94215207400502 % of trigrams have no handswitching (after direction change counted x 1 ) ( 26.284007808331566 )
# 7.610485560178714 billion (rows²/dist)² to cross ( 98.93631228232327 )
# 0.014190451205390808 hand disbalance. Left: 0.4858095487946092 %, Right: 0.5141904512053909 % ( 0.41546586717716216 )
# 0.36597309448071924 badly positioned shortcut keys (weighted).
# 13.754423056878533 no handswitching after unbalancing key (weighted).
# 30.182291512405715 movement pattern cost (weighted).
# 0.875284928442181 asymmetric bigram cost (weighted).
# 13.724378554076079 irregularity cost (weighted).
# 20.487027381954835 manually assigned bigram penalty (weighted)
# 13.25713863629851 unbalancing key after neighboring finger (weighted)
# 0.875284928442181 asymmetrc bigrams (weighted)
# 8.45721330334785 inconsistent symmetries of similar keys (weighted)
# 13.724378554076079 irregularity cost for randomly sampled words (weighted).
# Finger load %: 11.3 8.2 9.3 12.1 - 14.6 9.2 8.6 11.0
 
