
# Evolved Layout
japöü vfglkßq
citeu mnsrh⇘
zäxoy wb,.d
┌───┬───┬───┬───┬───┬───┬───┬───┬───┬───┬───┬───┬───┬──────┐
│ ^ │ 1 │ 2 │ 3 │ 4 │ 5 │ 6 │ 7 │ 8 │ 9 │ 0 │ - │ ` │ ←    │
├───┴─┬─┴─┬─┴─┬─┴─┬─┴─┬─┴─┬─┴─┬─┴─┬─┴─┬─┴─┬─┴─┬─┴─┬─┴─┬────┤
│   ⇥ │ j │ a │ p │ ö │ ü │ v │ f │ g │ l │ k │ ß │ q │ Ret│
├─────┴┬──┴┬──┴┬──┴┬──┴┬──┴┬──┴┬──┴┬──┴┬──┴┬──┴┬──┴┬──┴┐   │
│    ⇩ │ c │ i │ t │ e │ u │ m │ n │ s │ r │ h │ ⇘ │ ´ │   │
├────┬─┴─┬─┴─┬─┴─┬─┴─┬─┴─┬─┴─┬─┴─┬─┴─┬─┴─┬─┴─┬─┴─┬─┴───┴───┤
│  ⇧ │ ⇚ │ z │ ä │ x │ o │ y │ w │ b │ , │ . │ d │ ⇗       │
├────┼───┴┬──┴─┬─┴───┴───┴───┴───┴───┴─┬─┴──┬┴───┼────┬────┤
│Strg│ Fe │ Alt│      Leerzeichen      │ M4 │ Fe │ Me │Strg│
└────┴────┴────┴───────────────────────┴────┴────┴────┴────┘
# 9.848786773638022 x100 total penalty per letter
# 36.043909724290856 x10 billion total penalty compared to notime-noeffort
# 7.555919669241378 mean key position cost in file 1gramme.txt ( 55.30526606 )
# 13.096487901319453 % finger repeats in file 2gramme.txt ( 63.22207717651131 )
# 12.623327317964517 million keystrokes disbalance of the fingers ( 25.24665463592903 )
# 0.3268858575964974 % finger repeats top to bottom or vice versa ( 7.890055361633915 )
# 2.0379871969867023 % of trigrams have no handswitching (after direction change counted x 1 ) ( 9.014658448950525 )
# 8.427132421150393 billion (rows²/dist)² to cross ( 109.5527214749551 )
# 0.0020728826069570383 hand disbalance. Left: 0.502072882606957 %, Right: 0.49792711739304296 % ( 0.060689540973066225 )
# 0.36597309448071924 badly positioned shortcut keys (weighted).
# 14.330720078111037 no handswitching after unbalancing key (weighted).
# 30.636458093037067 movement pattern cost (weighted).
# 0.8565027688059283 asymmetric bigram cost (weighted).
# 4.578167576540119 irregularity cost (weighted).
# 15.75429960513582 manually assigned bigram penalty (weighted)
# 11.459042724569203 unbalancing key after neighboring finger (weighted)
# 0.8565027688059283 asymmetrc bigrams (weighted)
# 12.165810603275721 inconsistent symmetries of similar keys (weighted)
# 4.578167576540119 irregularity cost for randomly sampled words (weighted).
# Finger load %: 8.9 10.4 6.1 17.0 - 13.9 7.9 9.3 11.0
 
