
# Evolved Layout
öglvq wdiäüjß
osrnm btaeu⇘
zkxhy pf,.c
┌───┬───┬───┬───┬───┬───┬───┬───┬───┬───┬───┬───┬───┬──────┐
│ ^ │ 1 │ 2 │ 3 │ 4 │ 5 │ 6 │ 7 │ 8 │ 9 │ 0 │ - │ ` │ ←    │
├───┴─┬─┴─┬─┴─┬─┴─┬─┴─┬─┴─┬─┴─┬─┴─┬─┴─┬─┴─┬─┴─┬─┴─┬─┴─┬────┤
│   ⇥ │ ö │ g │ l │ v │ q │ w │ d │ i │ ä │ ü │ j │ ß │ Ret│
├─────┴┬──┴┬──┴┬──┴┬──┴┬──┴┬──┴┬──┴┬──┴┬──┴┬──┴┬──┴┬──┴┐   │
│    ⇩ │ o │ s │ r │ n │ m │ b │ t │ a │ e │ u │ ⇘ │ ´ │   │
├────┬─┴─┬─┴─┬─┴─┬─┴─┬─┴─┬─┴─┬─┴─┬─┴─┬─┴─┬─┴─┬─┴─┬─┴───┴───┤
│  ⇧ │ ⇚ │ z │ k │ x │ h │ y │ p │ f │ , │ . │ c │ ⇗       │
├────┼───┴┬──┴─┬─┴───┴───┴───┴───┴───┴─┬─┴──┬┴───┼────┬────┤
│Strg│ Fe │ Alt│      Leerzeichen      │ M4 │ Fe │ Me │Strg│
└────┴────┴────┴───────────────────────┴────┴────┴────┴────┘
# 9.770061217145019 x100 total penalty per letter
# 35.75579536904625 x10 billion total penalty compared to notime-noeffort
# 7.565565851032444 mean key position cost in file 1gramme.txt ( 55.37587092 )
# 12.14153238202982 % finger repeats in file 2gramme.txt ( 58.61211823213037 )
# 10.716520068798763 million keystrokes disbalance of the fingers ( 21.433040137597526 )
# 0.3808010463574726 % finger repeats top to bottom or vice versa ( 9.191408155801401 )
# 4.1824606713710075 % of trigrams have no handswitching (after direction change counted x 1 ) ( 18.50033919954206 )
# 8.019508265240216 billion (rows²/dist)² to cross ( 104.25360744812282 )
# 0.05206165415562852 hand disbalance. Left: 0.4479383458443715 %, Right: 0.5520616541556285 % ( 1.5242531740096295 )
# 0.36597309448071924 badly positioned shortcut keys (weighted).
# 15.325189507034024 no handswitching after unbalancing key (weighted).
# 29.05372470759815 movement pattern cost (weighted).
# 0.8862367972443048 asymmetric bigram cost (weighted).
# 3.021127947367943 irregularity cost (weighted).
# 16.53495975261565 manually assigned bigram penalty (weighted)
# 15.675047461488804 unbalancing key after neighboring finger (weighted)
# 0.8862367972443048 asymmetrc bigrams (weighted)
# 7.805057155429004 inconsistent symmetries of similar keys (weighted)
# 3.021127947367943 irregularity cost for randomly sampled words (weighted).
# Finger load %: 9.1 7.8 8.0 12.8 - 14.0 11.1 12.5 9.0
 
