
# Evolved Layout
zflgß öäüwkqj
hnrtd yiesu⇘
mpxcv oa,.b
┌───┬───┬───┬───┬───┬───┬───┬───┬───┬───┬───┬───┬───┬──────┐
│ ^ │ 1 │ 2 │ 3 │ 4 │ 5 │ 6 │ 7 │ 8 │ 9 │ 0 │ - │ ` │ ←    │
├───┴─┬─┴─┬─┴─┬─┴─┬─┴─┬─┴─┬─┴─┬─┴─┬─┴─┬─┴─┬─┴─┬─┴─┬─┴─┬────┤
│   ⇥ │ z │ f │ l │ g │ ß │ ö │ ä │ ü │ w │ k │ q │ j │ Ret│
├─────┴┬──┴┬──┴┬──┴┬──┴┬──┴┬──┴┬──┴┬──┴┬──┴┬──┴┬──┴┬──┴┐   │
│    ⇩ │ h │ n │ r │ t │ d │ y │ i │ e │ s │ u │ ⇘ │ ´ │   │
├────┬─┴─┬─┴─┬─┴─┬─┴─┬─┴─┬─┴─┬─┴─┬─┴─┬─┴─┬─┴─┬─┴─┬─┴───┴───┤
│  ⇧ │ ⇚ │ m │ p │ x │ c │ v │ o │ a │ , │ . │ b │ ⇗       │
├────┼───┴┬──┴─┬─┴───┴───┴───┴───┴───┴─┬─┴──┬┴───┼────┬────┤
│Strg│ Fe │ Alt│      Leerzeichen      │ M4 │ Fe │ Me │Strg│
└────┴────┴────┴───────────────────────┴────┴────┴────┴────┘
# 9.743267068808557 x100 total penalty per letter
# 35.65773599523954 x10 billion total penalty compared to notime-noeffort
# 7.646960719806245 mean key position cost in file 1gramme.txt ( 55.97163756 )
# 11.180941630011072 % finger repeats in file 2gramme.txt ( 53.9749557259096 )
# 11.892348370654327 million keystrokes disbalance of the fingers ( 23.784696741308654 )
# 0.32934206193213694 % finger repeats top to bottom or vice versa ( 7.949340851468727 )
# 2.809305662357207 % of trigrams have no handswitching (after direction change counted x 1 ) ( 12.42644265003113 )
# 8.898869251107943 billion (rows²/dist)² to cross ( 115.68530026440325 )
# 0.009412438089551278 hand disbalance. Left: 0.4905875619104487 %, Right: 0.5094124380895513 % ( 0.27557592753930166 )
# 0.7319461889614385 badly positioned shortcut keys (weighted).
# 12.046210995748796 no handswitching after unbalancing key (weighted).
# 23.701432898629882 movement pattern cost (weighted).
# 0.8677236046470639 asymmetric bigram cost (weighted).
# 5.420050297088741 irregularity cost (weighted).
# 18.200643060020443 manually assigned bigram penalty (weighted)
# 12.996411583511883 unbalancing key after neighboring finger (weighted)
# 0.8677236046470639 asymmetrc bigrams (weighted)
# 12.54499160312654 inconsistent symmetries of similar keys (weighted)
# 5.420050297088741 irregularity cost for randomly sampled words (weighted).
# Finger load %: 11.1 9.0 8.0 13.2 - 14.4 12.3 7.2 9.1
 
