
# Evolved Layout
ßdlfq övoüäxj
ctrnm biaeh⇘
gkzsy pu,.w
┌───┬───┬───┬───┬───┬───┬───┬───┬───┬───┬───┬───┬───┬──────┐
│ ^ │ 1 │ 2 │ 3 │ 4 │ 5 │ 6 │ 7 │ 8 │ 9 │ 0 │ - │ ` │ ←    │
├───┴─┬─┴─┬─┴─┬─┴─┬─┴─┬─┴─┬─┴─┬─┴─┬─┴─┬─┴─┬─┴─┬─┴─┬─┴─┬────┤
│   ⇥ │ ß │ d │ l │ f │ q │ ö │ v │ o │ ü │ ä │ x │ j │ Ret│
├─────┴┬──┴┬──┴┬──┴┬──┴┬──┴┬──┴┬──┴┬──┴┬──┴┬──┴┬──┴┬──┴┐   │
│    ⇩ │ c │ t │ r │ n │ m │ b │ i │ a │ e │ h │ ⇘ │ ´ │   │
├────┬─┴─┬─┴─┬─┴─┬─┴─┬─┴─┬─┴─┬─┴─┬─┴─┬─┴─┬─┴─┬─┴─┬─┴───┴───┤
│  ⇧ │ ⇚ │ g │ k │ z │ s │ y │ p │ u │ , │ . │ w │ ⇗       │
├────┼───┴┬──┴─┬─┴───┴───┴───┴───┴───┴─┬─┴──┬┴───┼────┬────┤
│Strg│ Fe │ Alt│      Leerzeichen      │ M4 │ Fe │ Me │Strg│
└────┴────┴────┴───────────────────────┴────┴────┴────┴────┘
# 10.298118272016469 x100 total penalty per letter
# 37.688342113383044 x10 billion total penalty compared to notime-noeffort
# 7.541623377850275 mean key position cost in file 1gramme.txt ( 55.2006249 )
# 12.659844043349871 % finger repeats in file 2gramme.txt ( 61.114219566501134 )
# 11.218755471915344 million keystrokes disbalance of the fingers ( 22.437510943830688 )
# 0.37621960150175776 % finger repeats top to bottom or vice versa ( 9.080825661307303 )
# 2.294815583124874 % of trigrams have no handswitching (after direction change counted x 1 ) ( 10.150691189712589 )
# 8.980560599463717 billion (rows²/dist)² to cross ( 116.74728779302832 )
# 0.001654927751990387 hand disbalance. Left: 0.5016549277519904 %, Right: 0.4983450722480096 % ( 0.04845272244303539 )
# 0.7319461889614385 badly positioned shortcut keys (weighted).
# 12.097490123474412 no handswitching after unbalancing key (weighted).
# 26.07457270723659 movement pattern cost (weighted).
# 0.8546281959835887 asymmetric bigram cost (weighted).
# 20.335925165720646 irregularity cost (weighted).
# 16.328039490804702 manually assigned bigram penalty (weighted)
# 11.585168767921864 unbalancing key after neighboring finger (weighted)
# 0.8546281959835887 asymmetrc bigrams (weighted)
# 14.09603771690414 inconsistent symmetries of similar keys (weighted)
# 20.335925165720646 irregularity cost for randomly sampled words (weighted).
# Finger load %: 9.5 9.3 8.5 15.0 - 12.1 8.4 12.5 9.0
 
