
# Evolved Layout
zlbgj öäuwvxß
mrntk üeish⇘
cqpdy oa,.f
┌───┬───┬───┬───┬───┬───┬───┬───┬───┬───┬───┬───┬───┬──────┐
│ ^ │ 1 │ 2 │ 3 │ 4 │ 5 │ 6 │ 7 │ 8 │ 9 │ 0 │ - │ ` │ ←    │
├───┴─┬─┴─┬─┴─┬─┴─┬─┴─┬─┴─┬─┴─┬─┴─┬─┴─┬─┴─┬─┴─┬─┴─┬─┴─┬────┤
│   ⇥ │ z │ l │ b │ g │ j │ ö │ ä │ u │ w │ v │ x │ ß │ Ret│
├─────┴┬──┴┬──┴┬──┴┬──┴┬──┴┬──┴┬──┴┬──┴┬──┴┬──┴┬──┴┬──┴┐   │
│    ⇩ │ m │ r │ n │ t │ k │ ü │ e │ i │ s │ h │ ⇘ │ ´ │   │
├────┬─┴─┬─┴─┬─┴─┬─┴─┬─┴─┬─┴─┬─┴─┬─┴─┬─┴─┬─┴─┬─┴─┬─┴───┴───┤
│  ⇧ │ ⇚ │ c │ q │ p │ d │ y │ o │ a │ , │ . │ f │ ⇗       │
├────┼───┴┬──┴─┬─┴───┴───┴───┴───┴───┴─┬─┴──┬┴───┼────┬────┤
│Strg│ Fe │ Alt│      Leerzeichen      │ M4 │ Fe │ Me │Strg│
└────┴────┴────┴───────────────────────┴────┴────┴────┴────┘
# 9.518336987358117 x100 total penalty per letter
# 34.83455241573737 x10 billion total penalty compared to notime-noeffort
# 7.643142075700774 mean key position cost in file 1gramme.txt ( 55.94368714 )
# 11.39653176323719 % finger repeats in file 2gramme.txt ( 55.01569704098712 )
# 12.410406875299127 million keystrokes disbalance of the fingers ( 24.820813750598255 )
# 0.2819896642178883 % finger repeats top to bottom or vice versa ( 6.806394374008357 )
# 2.5623152611164746 % of trigrams have no handswitching (after direction change counted x 1 ) ( 11.333926411142814 )
# 8.729301483577649 billion (rows²/dist)² to cross ( 113.48091928650943 )
# 0.039906434104280186 hand disbalance. Left: 0.4600935658957198 %, Right: 0.5399064341042802 % ( 1.1683744943067464 )
# 0.7319461889614385 badly positioned shortcut keys (weighted).
# 11.5878246652874 no handswitching after unbalancing key (weighted).
# 22.55049446609866 movement pattern cost (weighted).
# 0.8816147951277942 asymmetric bigram cost (weighted).
# 3.866627319585101 irregularity cost (weighted).
# 18.207065690757357 manually assigned bigram penalty (weighted)
# 8.967682570848673 unbalancing key after neighboring finger (weighted)
# 0.8816147951277942 asymmetrc bigrams (weighted)
# 12.982455963154507 inconsistent symmetries of similar keys (weighted)
# 3.866627319585101 irregularity cost for randomly sampled words (weighted).
# Finger load %: 10.0 8.1 8.8 11.8 - 19.6 9.2 7.2 9.6
 
