
# Evolved Layout
ökyxä qflpwzß
uteio mhrns⇘
cvjaü gd,.b
┌───┬───┬───┬───┬───┬───┬───┬───┬───┬───┬───┬───┬───┬──────┐
│ ^ │ 1 │ 2 │ 3 │ 4 │ 5 │ 6 │ 7 │ 8 │ 9 │ 0 │ - │ ` │ ←    │
├───┴─┬─┴─┬─┴─┬─┴─┬─┴─┬─┴─┬─┴─┬─┴─┬─┴─┬─┴─┬─┴─┬─┴─┬─┴─┬────┤
│   ⇥ │ ö │ k │ y │ x │ ä │ q │ f │ l │ p │ w │ z │ ß │ Ret│
├─────┴┬──┴┬──┴┬──┴┬──┴┬──┴┬──┴┬──┴┬──┴┬──┴┬──┴┬──┴┬──┴┐   │
│    ⇩ │ u │ t │ e │ i │ o │ m │ h │ r │ n │ s │ ⇘ │ ´ │   │
├────┬─┴─┬─┴─┬─┴─┬─┴─┬─┴─┬─┴─┬─┴─┬─┴─┬─┴─┬─┴─┬─┴─┬─┴───┴───┤
│  ⇧ │ ⇚ │ c │ v │ j │ a │ ü │ g │ d │ , │ . │ b │ ⇗       │
├────┼───┴┬──┴─┬─┴───┴───┴───┴───┴───┴─┬─┴──┬┴───┼────┬────┤
│Strg│ Fe │ Alt│      Leerzeichen      │ M4 │ Fe │ Me │Strg│
└────┴────┴────┴───────────────────────┴────┴────┴────┴────┘
# 9.34730862461276 x100 total penalty per letter
# 34.20863462415848 x10 billion total penalty compared to notime-noeffort
# 7.559297600621154 mean key position cost in file 1gramme.txt ( 55.3299907 )
# 9.536661522296054 % finger repeats in file 2gramme.txt ( 46.03734644828886 )
# 12.844397845553864 million keystrokes disbalance of the fingers ( 25.688795691107728 )
# 0.40092037211589093 % finger repeats top to bottom or vice versa ( 9.677029024320642 )
# 2.147945666664769 % of trigrams have no handswitching (after direction change counted x 1 ) ( 9.501039349273483 )
# 8.113271976557572 billion (rows²/dist)² to cross ( 105.47253569524842 )
# 0.0020551747596149195 hand disbalance. Left: 0.5020551747596149 %, Right: 0.49794482524038514 % ( 0.060171093317995236 )
# 0.36597309448071924 badly positioned shortcut keys (weighted).
# 13.59150096079402 no handswitching after unbalancing key (weighted).
# 26.36987888127556 movement pattern cost (weighted).
# 0.8722998812852122 asymmetric bigram cost (weighted).
# 2.237545420647241 irregularity cost (weighted).
# 22.269487544985562 manually assigned bigram penalty (weighted)
# 11.281486879019834 unbalancing key after neighboring finger (weighted)
# 0.8722998812852122 asymmetrc bigrams (weighted)
# 13.331265577539531 inconsistent symmetries of similar keys (weighted)
# 2.237545420647241 irregularity cost for randomly sampled words (weighted).
# Finger load %: 10.7 6.7 11.4 13.5 - 12.8 9.1 8.8 11.3
 
