
# Evolved Layout
ßwbüv qäldzxj
isnhm öertg⇘
ykfup oa,.c
┌───┬───┬───┬───┬───┬───┬───┬───┬───┬───┬───┬───┬───┬──────┐
│ ^ │ 1 │ 2 │ 3 │ 4 │ 5 │ 6 │ 7 │ 8 │ 9 │ 0 │ - │ ` │ ←    │
├───┴─┬─┴─┬─┴─┬─┴─┬─┴─┬─┴─┬─┴─┬─┴─┬─┴─┬─┴─┬─┴─┬─┴─┬─┴─┬────┤
│   ⇥ │ ß │ w │ b │ ü │ v │ q │ ä │ l │ d │ z │ x │ j │ Ret│
├─────┴┬──┴┬──┴┬──┴┬──┴┬──┴┬──┴┬──┴┬──┴┬──┴┬──┴┬──┴┬──┴┐   │
│    ⇩ │ i │ s │ n │ h │ m │ ö │ e │ r │ t │ g │ ⇘ │ ´ │   │
├────┬─┴─┬─┴─┬─┴─┬─┴─┬─┴─┬─┴─┬─┴─┬─┴─┬─┴─┬─┴─┬─┴─┬─┴───┴───┤
│  ⇧ │ ⇚ │ y │ k │ f │ u │ p │ o │ a │ , │ . │ c │ ⇗       │
├────┼───┴┬──┴─┬─┴───┴───┴───┴───┴───┴─┬─┴──┬┴───┼────┬────┤
│Strg│ Fe │ Alt│      Leerzeichen      │ M4 │ Fe │ Me │Strg│
└────┴────┴────┴───────────────────────┴────┴────┴────┴────┘
# 10.44237387823873 x100 total penalty per letter
# 38.216278819436575 x10 billion total penalty compared to notime-noeffort
# 7.799034696935545 mean key position cost in file 1gramme.txt ( 57.08473724 )
# 12.78702152222109 % finger repeats in file 2gramme.txt ( 61.728157016365095 )
# 12.949438716658083 million keystrokes disbalance of the fingers ( 25.898877433316166 )
# 0.31413434166897874 % finger repeats top to bottom or vice versa ( 7.5822715763314905 )
# 4.950227652697591 % of trigrams have no handswitching (after direction change counted x 1 ) ( 21.896414069528642 )
# 9.10325573174348 billion (rows²/dist)² to cross ( 118.34232451266526 )
# 0.05926971849581114 hand disbalance. Left: 0.44073028150418886 %, Right: 0.5592697184958112 % ( 1.7352897829530498 )
# 1.463892377922877 badly positioned shortcut keys (weighted).
# 13.665721173900089 no handswitching after unbalancing key (weighted).
# 27.4457721777496 movement pattern cost (weighted).
# 0.8922132613207916 asymmetric bigram cost (weighted).
# 8.433690040962635 irregularity cost (weighted).
# 16.430181601688435 manually assigned bigram penalty (weighted)
# 11.106032626313725 unbalancing key after neighboring finger (weighted)
# 0.8922132613207916 asymmetrc bigrams (weighted)
# 8.45721330334785 inconsistent symmetries of similar keys (weighted)
# 8.433690040962635 irregularity cost for randomly sampled words (weighted).
# Finger load %: 11.2 7.0 9.2 9.8 - 19.3 9.1 9.5 9.3
 
