
# Evolved Layout
öoigq vdmrwjß
ueahz btsln⇘
xäüky pc,.f
┌───┬───┬───┬───┬───┬───┬───┬───┬───┬───┬───┬───┬───┬──────┐
│ ^ │ 1 │ 2 │ 3 │ 4 │ 5 │ 6 │ 7 │ 8 │ 9 │ 0 │ - │ ` │ ←    │
├───┴─┬─┴─┬─┴─┬─┴─┬─┴─┬─┴─┬─┴─┬─┴─┬─┴─┬─┴─┬─┴─┬─┴─┬─┴─┬────┤
│   ⇥ │ ö │ o │ i │ g │ q │ v │ d │ m │ r │ w │ j │ ß │ Ret│
├─────┴┬──┴┬──┴┬──┴┬──┴┬──┴┬──┴┬──┴┬──┴┬──┴┬──┴┬──┴┬──┴┐   │
│    ⇩ │ u │ e │ a │ h │ z │ b │ t │ s │ l │ n │ ⇘ │ ´ │   │
├────┬─┴─┬─┴─┬─┴─┬─┴─┬─┴─┬─┴─┬─┴─┬─┴─┬─┴─┬─┴─┬─┴─┬─┴───┴───┤
│  ⇧ │ ⇚ │ x │ ä │ ü │ k │ y │ p │ c │ , │ . │ f │ ⇗       │
├────┼───┴┬──┴─┬─┴───┴───┴───┴───┴───┴─┬─┴──┬┴───┼────┬────┤
│Strg│ Fe │ Alt│      Leerzeichen      │ M4 │ Fe │ Me │Strg│
└────┴────┴────┴───────────────────────┴────┴────┴────┴────┘
# 9.541174188782588 x100 total penalty per letter
# 34.9181304284833 x10 billion total penalty compared to notime-noeffort
# 7.629997434543954 mean key position cost in file 1gramme.txt ( 55.84747544 )
# 11.148976906615646 % finger repeats in file 2gramme.txt ( 53.8206489969103 )
# 13.745116504800514 million keystrokes disbalance of the fingers ( 27.490233009601027 )
# 0.42475146243562856 % finger repeats top to bottom or vice versa ( 10.25224088369367 )
# 2.0364558825795567 % of trigrams have no handswitching (after direction change counted x 1 ) ( 9.007884963631883 )
# 8.074654451537578 billion (rows²/dist)² to cross ( 104.97050786998852 )
# 0.02124656481136189 hand disbalance. Left: 0.4787534351886381 %, Right: 0.5212465648113619 % ( 0.6220536856879416 )
# 1.0979192834421578 badly positioned shortcut keys (weighted).
# 12.932733889279877 no handswitching after unbalancing key (weighted).
# 28.34358432176343 movement pattern cost (weighted).
# 0.876952155716041 asymmetric bigram cost (weighted).
# 4.869721031239803 irregularity cost (weighted).
# 19.55974182300449 manually assigned bigram penalty (weighted)
# 11.314050331316393 unbalancing key after neighboring finger (weighted)
# 0.876952155716041 asymmetrc bigrams (weighted)
# 8.17555659955738 inconsistent symmetries of similar keys (weighted)
# 4.869721031239803 irregularity cost for randomly sampled words (weighted).
# Finger load %: 8.7 14.0 10.2 7.5 - 14.3 7.8 9.3 12.6
 
