
# Evolved Layout
jzlöü qpafkvß
mnreu gtish⇘
cyxoä bd,.w
┌───┬───┬───┬───┬───┬───┬───┬───┬───┬───┬───┬───┬───┬──────┐
│ ^ │ 1 │ 2 │ 3 │ 4 │ 5 │ 6 │ 7 │ 8 │ 9 │ 0 │ - │ ` │ ←    │
├───┴─┬─┴─┬─┴─┬─┴─┬─┴─┬─┴─┬─┴─┬─┴─┬─┴─┬─┴─┬─┴─┬─┴─┬─┴─┬────┤
│   ⇥ │ j │ z │ l │ ö │ ü │ q │ p │ a │ f │ k │ v │ ß │ Ret│
├─────┴┬──┴┬──┴┬──┴┬──┴┬──┴┬──┴┬──┴┬──┴┬──┴┬──┴┬──┴┬──┴┐   │
│    ⇩ │ m │ n │ r │ e │ u │ g │ t │ i │ s │ h │ ⇘ │ ´ │   │
├────┬─┴─┬─┴─┬─┴─┬─┴─┬─┴─┬─┴─┬─┴─┬─┴─┬─┴─┬─┴─┬─┴─┬─┴───┴───┤
│  ⇧ │ ⇚ │ c │ y │ x │ o │ ä │ b │ d │ , │ . │ w │ ⇗       │
├────┼───┴┬──┴─┬─┴───┴───┴───┴───┴───┴─┬─┴──┬┴───┼────┬────┤
│Strg│ Fe │ Alt│      Leerzeichen      │ M4 │ Fe │ Me │Strg│
└────┴────┴────┴───────────────────────┴────┴────┴────┴────┘
# 9.672825615086705 x100 total penalty per letter
# 35.39993922725648 x10 billion total penalty compared to notime-noeffort
# 7.29263588293813 mean key position cost in file 1gramme.txt ( 53.37817042 )
# 10.897432370943594 % finger repeats in file 2gramme.txt ( 52.606341148316346 )
# 11.918859346644881 million keystrokes disbalance of the fingers ( 23.837718693289762 )
# 0.27615637625184236 % finger repeats top to bottom or vice versa ( 6.66559609863828 )
# 4.857438089945501 % of trigrams have no handswitching (after direction change counted x 1 ) ( 21.485976645253196 )
# 7.47453680944033 billion (rows²/dist)² to cross ( 97.1689785227243 )
# 0.009159496443907678 hand disbalance. Left: 0.5091594964439077 %, Right: 0.4908405035560923 % ( 0.26817034059696293 )
# 0.36597309448071924 badly positioned shortcut keys (weighted).
# 12.250233870335867 no handswitching after unbalancing key (weighted).
# 24.89477814821061 movement pattern cost (weighted).
# 0.8860854398741774 asymmetric bigram cost (weighted).
# 20.10691804115136 irregularity cost (weighted).
# 16.751765373724837 manually assigned bigram penalty (weighted)
# 13.636455108099106 unbalancing key after neighboring finger (weighted)
# 0.8860854398741774 asymmetrc bigrams (weighted)
# 9.696231327869189 inconsistent symmetries of similar keys (weighted)
# 20.10691804115136 irregularity cost for randomly sampled words (weighted).
# Finger load %: 10.4 7.7 8.0 16.9 - 13.5 11.1 7.5 9.3
 
