
# Evolved Layout
ävogö qwluüjß
maetk snrih⇘
czxdy bf,.p
┌───┬───┬───┬───┬───┬───┬───┬───┬───┬───┬───┬───┬───┬──────┐
│ ^ │ 1 │ 2 │ 3 │ 4 │ 5 │ 6 │ 7 │ 8 │ 9 │ 0 │ - │ ` │ ←    │
├───┴─┬─┴─┬─┴─┬─┴─┬─┴─┬─┴─┬─┴─┬─┴─┬─┴─┬─┴─┬─┴─┬─┴─┬─┴─┬────┤
│   ⇥ │ ä │ v │ o │ g │ ö │ q │ w │ l │ u │ ü │ j │ ß │ Ret│
├─────┴┬──┴┬──┴┬──┴┬──┴┬──┴┬──┴┬──┴┬──┴┬──┴┬──┴┬──┴┬──┴┐   │
│    ⇩ │ m │ a │ e │ t │ k │ s │ n │ r │ i │ h │ ⇘ │ ´ │   │
├────┬─┴─┬─┴─┬─┴─┬─┴─┬─┴─┬─┴─┬─┴─┬─┴─┬─┴─┬─┴─┬─┴─┬─┴───┴───┤
│  ⇧ │ ⇚ │ c │ z │ x │ d │ y │ b │ f │ , │ . │ p │ ⇗       │
├────┼───┴┬──┴─┬─┴───┴───┴───┴───┴───┴─┬─┴──┬┴───┼────┬────┤
│Strg│ Fe │ Alt│      Leerzeichen      │ M4 │ Fe │ Me │Strg│
└────┴────┴────┴───────────────────────┴────┴────┴────┴────┘
# 9.876829446090749 x100 total penalty per letter
# 36.1465383604412 x10 billion total penalty compared to notime-noeffort
# 7.397169958193806 mean key position cost in file 1gramme.txt ( 54.1433036 )
# 12.332635478962402 % finger repeats in file 2gramme.txt ( 59.53465065715744 )
# 11.262476483351366 million keystrokes disbalance of the fingers ( 22.524952966702728 )
# 0.35290279478420894 % finger repeats top to bottom or vice versa ( 8.518027083202195 )
# 3.8083337509314688 % of trigrams have no handswitching (after direction change counted x 1 ) ( 16.84545814371071 )
# 8.43568752664773 billion (rows²/dist)² to cross ( 109.66393784642048 )
# 0.010792765014451589 hand disbalance. Left: 0.4892072349855484 %, Right: 0.5107927650144516 % ( 0.3159889288273674 )
# 0.0 badly positioned shortcut keys (weighted).
# 13.800184569271435 no handswitching after unbalancing key (weighted).
# 26.9255174257552 movement pattern cost (weighted).
# 0.8796648886148493 asymmetric bigram cost (weighted).
# 4.763839533097557 irregularity cost (weighted).
# 17.324059769143417 manually assigned bigram penalty (weighted)
# 13.613653678787449 unbalancing key after neighboring finger (weighted)
# 0.8796648886148493 asymmetrc bigrams (weighted)
# 12.612144513721098 inconsistent symmetries of similar keys (weighted)
# 4.763839533097557 irregularity cost for randomly sampled words (weighted).
# Finger load %: 9.9 5.9 13.7 11.8 - 16.0 9.1 9.4 8.6
 
