
# Evolved Layout
ßlpby öüuwfjq
hrnsm äaetd⇘
kxzgv oi,.c
┌───┬───┬───┬───┬───┬───┬───┬───┬───┬───┬───┬───┬───┬──────┐
│ ^ │ 1 │ 2 │ 3 │ 4 │ 5 │ 6 │ 7 │ 8 │ 9 │ 0 │ - │ ` │ ←    │
├───┴─┬─┴─┬─┴─┬─┴─┬─┴─┬─┴─┬─┴─┬─┴─┬─┴─┬─┴─┬─┴─┬─┴─┬─┴─┬────┤
│   ⇥ │ ß │ l │ p │ b │ y │ ö │ ü │ u │ w │ f │ j │ q │ Ret│
├─────┴┬──┴┬──┴┬──┴┬──┴┬──┴┬──┴┬──┴┬──┴┬──┴┬──┴┬──┴┬──┴┐   │
│    ⇩ │ h │ r │ n │ s │ m │ ä │ a │ e │ t │ d │ ⇘ │ ´ │   │
├────┬─┴─┬─┴─┬─┴─┬─┴─┬─┴─┬─┴─┬─┴─┬─┴─┬─┴─┬─┴─┬─┴─┬─┴───┴───┤
│  ⇧ │ ⇚ │ k │ x │ z │ g │ v │ o │ i │ , │ . │ c │ ⇗       │
├────┼───┴┬──┴─┬─┴───┴───┴───┴───┴───┴─┬─┴──┬┴───┼────┬────┤
│Strg│ Fe │ Alt│      Leerzeichen      │ M4 │ Fe │ Me │Strg│
└────┴────┴────┴───────────────────────┴────┴────┴────┴────┘
# 9.483632809640152 x100 total penalty per letter
# 34.707544462628846 x10 billion total penalty compared to notime-noeffort
# 7.568998671693161 mean key position cost in file 1gramme.txt ( 55.40099732 )
# 11.801364753452884 % finger repeats in file 2gramme.txt ( 56.969990645796685 )
# 12.312203803243067 million keystrokes disbalance of the fingers ( 24.624407606486134 )
# 0.33239971473959645 % finger repeats top to bottom or vice versa ( 8.02314352407407 )
# 2.411968689488929 % of trigrams have no handswitching (after direction change counted x 1 ) ( 10.668896231268805 )
# 8.201896021879731 billion (rows²/dist)² to cross ( 106.6246482844365 )
# 0.060719021089430836 hand disbalance. Left: 0.43928097891056916 %, Right: 0.5607190210894308 % ( 1.7777222433551245 )
# 0.7319461889614385 badly positioned shortcut keys (weighted).
# 14.389880158425823 no handswitching after unbalancing key (weighted).
# 24.778581359305782 movement pattern cost (weighted).
# 0.8762370937499702 asymmetric bigram cost (weighted).
# 4.02368339427971 irregularity cost (weighted).
# 16.773538379241746 manually assigned bigram penalty (weighted)
# 9.949990962063891 unbalancing key after neighboring finger (weighted)
# 0.8762370937499702 asymmetrc bigrams (weighted)
# 11.461781234842698 inconsistent symmetries of similar keys (weighted)
# 4.02368339427971 irregularity cost for randomly sampled words (weighted).
# Finger load %: 9.6 8.2 8.1 11.2 - 14.3 14.5 7.4 11.1
 
