
# Evolved Layout
ßldcb üägyqxj
hrtnm öaseu⇘
kzpfv oi,.w
┌───┬───┬───┬───┬───┬───┬───┬───┬───┬───┬───┬───┬───┬──────┐
│ ^ │ 1 │ 2 │ 3 │ 4 │ 5 │ 6 │ 7 │ 8 │ 9 │ 0 │ - │ ` │ ←    │
├───┴─┬─┴─┬─┴─┬─┴─┬─┴─┬─┴─┬─┴─┬─┴─┬─┴─┬─┴─┬─┴─┬─┴─┬─┴─┬────┤
│   ⇥ │ ß │ l │ d │ c │ b │ ü │ ä │ g │ y │ q │ x │ j │ Ret│
├─────┴┬──┴┬──┴┬──┴┬──┴┬──┴┬──┴┬──┴┬──┴┬──┴┬──┴┬──┴┬──┴┐   │
│    ⇩ │ h │ r │ t │ n │ m │ ö │ a │ s │ e │ u │ ⇘ │ ´ │   │
├────┬─┴─┬─┴─┬─┴─┬─┴─┬─┴─┬─┴─┬─┴─┬─┴─┬─┴─┬─┴─┬─┴─┬─┴───┴───┤
│  ⇧ │ ⇚ │ k │ z │ p │ f │ v │ o │ i │ , │ . │ w │ ⇗       │
├────┼───┴┬──┴─┬─┴───┴───┴───┴───┴───┴─┬─┴──┬┴───┼────┬────┤
│Strg│ Fe │ Alt│      Leerzeichen      │ M4 │ Fe │ Me │Strg│
└────┴────┴────┴───────────────────────┴────┴────┴────┴────┘
# 10.181290750919487 x100 total penalty per letter
# 37.2607848192193 x10 billion total penalty compared to notime-noeffort
# 7.691900263854794 mean key position cost in file 1gramme.txt ( 56.30057084 )
# 11.784474610622787 % finger repeats in file 2gramme.txt ( 56.88845505231753 )
# 10.900484325608993 million keystrokes disbalance of the fingers ( 21.800968651217985 )
# 0.3583611976114655 % finger repeats top to bottom or vice versa ( 8.649776742884061 )
# 2.272037367964628 % of trigrams have no handswitching (after direction change counted x 1 ) ( 10.049935978860466 )
# 9.046215781779306 billion (rows²/dist)² to cross ( 117.60080516313099 )
# 0.009219385968208094 hand disbalance. Left: 0.4907806140317919 %, Right: 0.5092193859682081 % ( 0.26992377695977904 )
# 0.7319461889614385 badly positioned shortcut keys (weighted).
# 16.040049341565567 no handswitching after unbalancing key (weighted).
# 30.204897488519588 movement pattern cost (weighted).
# 0.8627868509573392 asymmetric bigram cost (weighted).
# 13.849472274187892 irregularity cost (weighted).
# 16.19560788643252 manually assigned bigram penalty (weighted)
# 11.70087072135528 unbalancing key after neighboring finger (weighted)
# 0.8627868509573392 asymmetrc bigrams (weighted)
# 11.461781234842698 inconsistent symmetries of similar keys (weighted)
# 13.849472274187892 irregularity cost for randomly sampled words (weighted).
# Finger load %: 9.5 8.7 9.1 14.1 - 14.3 7.9 12.6 8.2
 
