
# Evolved Layout
ßbägq vdloüjx
hnetz msrai⇘
kpöcy fw,.u
┌───┬───┬───┬───┬───┬───┬───┬───┬───┬───┬───┬───┬───┬──────┐
│ ^ │ 1 │ 2 │ 3 │ 4 │ 5 │ 6 │ 7 │ 8 │ 9 │ 0 │ - │ ` │ ←    │
├───┴─┬─┴─┬─┴─┬─┴─┬─┴─┬─┴─┬─┴─┬─┴─┬─┴─┬─┴─┬─┴─┬─┴─┬─┴─┬────┤
│   ⇥ │ ß │ b │ ä │ g │ q │ v │ d │ l │ o │ ü │ j │ x │ Ret│
├─────┴┬──┴┬──┴┬──┴┬──┴┬──┴┬──┴┬──┴┬──┴┬──┴┬──┴┬──┴┬──┴┐   │
│    ⇩ │ h │ n │ e │ t │ z │ m │ s │ r │ a │ i │ ⇘ │ ´ │   │
├────┬─┴─┬─┴─┬─┴─┬─┴─┬─┴─┬─┴─┬─┴─┬─┴─┬─┴─┬─┴─┬─┴─┬─┴───┴───┤
│  ⇧ │ ⇚ │ k │ p │ ö │ c │ y │ f │ w │ , │ . │ u │ ⇗       │
├────┼───┴┬──┴─┬─┴───┴───┴───┴───┴───┴─┬─┴──┬┴───┼────┬────┤
│Strg│ Fe │ Alt│      Leerzeichen      │ M4 │ Fe │ Me │Strg│
└────┴────┴────┴───────────────────────┴────┴────┴────┴────┘
# 10.168013518826688 x100 total penalty per letter
# 37.21219372206791 x10 billion total penalty compared to notime-noeffort
# 7.73720447405507 mean key position cost in file 1gramme.txt ( 56.63217328 )
# 9.252714208225186 % finger repeats in file 2gramme.txt ( 44.66661720091231 )
# 13.042364809708056 million keystrokes disbalance of the fingers ( 26.084729619416116 )
# 0.3743402038227294 % finger repeats top to bottom or vice versa ( 9.035462573888685 )
# 6.755319423039435 % of trigrams have no handswitching (after direction change counted x 1 ) ( 29.88090278599497 )
# 8.003001266774463 billion (rows²/dist)² to cross ( 104.03901646806803 )
# 0.01911879788444104 hand disbalance. Left: 0.48088120211555896 %, Right: 0.519118797884441 % ( 0.5597572499616253 )
# 1.463892377922877 badly positioned shortcut keys (weighted).
# 12.611831215248568 no handswitching after unbalancing key (weighted).
# 38.27344221030965 movement pattern cost (weighted).
# 0.8685169955229948 asymmetric bigram cost (weighted).
# 4.444618528980345 irregularity cost (weighted).
# 16.841673842354314 manually assigned bigram penalty (weighted)
# 12.222582320295256 unbalancing key after neighboring finger (weighted)
# 0.8685169955229948 asymmetrc bigrams (weighted)
# 14.49672055180334 inconsistent symmetries of similar keys (weighted)
# 4.444618528980345 irregularity cost for randomly sampled words (weighted).
# Finger load %: 10.0 9.0 11.2 10.3 - 14.0 9.1 8.6 12.2
 
