
# Evolved Layout
öälcü kpfuxjß
hernm gtsia⇘
vyzwq bd,.o
┌───┬───┬───┬───┬───┬───┬───┬───┬───┬───┬───┬───┬───┬──────┐
│ ^ │ 1 │ 2 │ 3 │ 4 │ 5 │ 6 │ 7 │ 8 │ 9 │ 0 │ - │ ` │ ←    │
├───┴─┬─┴─┬─┴─┬─┴─┬─┴─┬─┴─┬─┴─┬─┴─┬─┴─┬─┴─┬─┴─┬─┴─┬─┴─┬────┤
│   ⇥ │ ö │ ä │ l │ c │ ü │ k │ p │ f │ u │ x │ j │ ß │ Ret│
├─────┴┬──┴┬──┴┬──┴┬──┴┬──┴┬──┴┬──┴┬──┴┬──┴┬──┴┬──┴┬──┴┐   │
│    ⇩ │ h │ e │ r │ n │ m │ g │ t │ s │ i │ a │ ⇘ │ ´ │   │
├────┬─┴─┬─┴─┬─┴─┬─┴─┬─┴─┬─┴─┬─┴─┬─┴─┬─┴─┬─┴─┬─┴─┬─┴───┴───┤
│  ⇧ │ ⇚ │ v │ y │ z │ w │ q │ b │ d │ , │ . │ o │ ⇗       │
├────┼───┴┬──┴─┬─┴───┴───┴───┴───┴───┴─┬─┴──┬┴───┼────┬────┤
│Strg│ Fe │ Alt│      Leerzeichen      │ M4 │ Fe │ Me │Strg│
└────┴────┴────┴───────────────────────┴────┴────┴────┴────┘
# 9.571048716914426 x100 total penalty per letter
# 35.0274631635489 x10 billion total penalty compared to notime-noeffort
# 7.402671021059798 mean key position cost in file 1gramme.txt ( 54.18356842 )
# 8.424676125824119 % finger repeats in file 2gramme.txt ( 40.66934037791182 )
# 12.538487607558386 million keystrokes disbalance of the fingers ( 25.07697521511677 )
# 0.42105909509940737 % finger repeats top to bottom or vice versa ( 10.163118084339544 )
# 5.627308307323332 % of trigrams have no handswitching (after direction change counted x 1 ) ( 24.891354789896038 )
# 8.019955606316127 billion (rows²/dist)² to cross ( 104.25942288210965 )
# 0.0007212599104912121 hand disbalance. Left: 0.5007212599104912 %, Right: 0.4992787400895088 % ( 0.02111693770938844 )
# 0.36597309448071924 badly positioned shortcut keys (weighted).
# 12.52072320766861 no handswitching after unbalancing key (weighted).
# 37.27737597824175 movement pattern cost (weighted).
# 0.8832098893509632 asymmetric bigram cost (weighted).
# 3.042984747705059 irregularity cost (weighted).
# 17.725964183599906 manually assigned bigram penalty (weighted)
# 11.085100138395987 unbalancing key after neighboring finger (weighted)
# 0.8832098893509632 asymmetrc bigrams (weighted)
# 8.108403688962824 inconsistent symmetries of similar keys (weighted)
# 3.042984747705059 irregularity cost for randomly sampled words (weighted).
# Finger load %: 9.9 11.7 8.5 12.2 - 14.5 7.3 9.4 11.0
 
