
# Evolved Layout
ßbdgv öäulxqj
hntsm üeirc⇘
kpwfy oa,.z
┌───┬───┬───┬───┬───┬───┬───┬───┬───┬───┬───┬───┬───┬──────┐
│ ^ │ 1 │ 2 │ 3 │ 4 │ 5 │ 6 │ 7 │ 8 │ 9 │ 0 │ - │ ` │ ←    │
├───┴─┬─┴─┬─┴─┬─┴─┬─┴─┬─┴─┬─┴─┬─┴─┬─┴─┬─┴─┬─┴─┬─┴─┬─┴─┬────┤
│   ⇥ │ ß │ b │ d │ g │ v │ ö │ ä │ u │ l │ x │ q │ j │ Ret│
├─────┴┬──┴┬──┴┬──┴┬──┴┬──┴┬──┴┬──┴┬──┴┬──┴┬──┴┬──┴┬──┴┐   │
│    ⇩ │ h │ n │ t │ s │ m │ ü │ e │ i │ r │ c │ ⇘ │ ´ │   │
├────┬─┴─┬─┴─┬─┴─┬─┴─┬─┴─┬─┴─┬─┴─┬─┴─┬─┴─┬─┴─┬─┴─┬─┴───┴───┤
│  ⇧ │ ⇚ │ k │ p │ w │ f │ y │ o │ a │ , │ . │ z │ ⇗       │
├────┼───┴┬──┴─┬─┴───┴───┴───┴───┴───┴─┬─┴──┬┴───┼────┬────┤
│Strg│ Fe │ Alt│      Leerzeichen      │ M4 │ Fe │ Me │Strg│
└────┴────┴────┴───────────────────────┴────┴────┴────┴────┘
# 9.664645178827403 x100 total penalty per letter
# 35.37000103153629 x10 billion total penalty compared to notime-noeffort
# 7.472803799635826 mean key position cost in file 1gramme.txt ( 54.69690262 )
# 11.816786301487529 % finger repeats in file 2gramme.txt ( 57.044436734501836 )
# 10.960118072205196 million keystrokes disbalance of the fingers ( 21.92023614441039 )
# 0.31766061884613883 % finger repeats top to bottom or vice versa ( 7.667385451715489 )
# 2.900234375907625 % of trigrams have no handswitching (after direction change counted x 1 ) ( 12.828648952932072 )
# 9.304378632758587 billion (rows²/dist)² to cross ( 120.95692222586163 )
# 0.042182388325015197 hand disbalance. Left: 0.4578176116749848 %, Right: 0.5421823883250152 % ( 1.235009535031454 )
# 1.463892377922877 badly positioned shortcut keys (weighted).
# 13.886078982651432 no handswitching after unbalancing key (weighted).
# 23.377059710970293 movement pattern cost (weighted).
# 0.8638454841267051 asymmetric bigram cost (weighted).
# 3.3015397695511 irregularity cost (weighted).
# 15.417197478412417 manually assigned bigram penalty (weighted)
# 9.381405044534802 unbalancing key after neighboring finger (weighted)
# 0.8638454841267051 asymmetrc bigrams (weighted)
# 9.659449802740424 inconsistent symmetries of similar keys (weighted)
# 3.3015397695511 irregularity cost for randomly sampled words (weighted).
# Finger load %: 9.1 9.0 9.3 11.2 - 19.6 9.2 9.3 7.7
 
