
# Evolved Layout
ßblgü äwaozöj
hnrtk fsiec⇘
upxdq vm,.y
┌───┬───┬───┬───┬───┬───┬───┬───┬───┬───┬───┬───┬───┬──────┐
│ ^ │ 1 │ 2 │ 3 │ 4 │ 5 │ 6 │ 7 │ 8 │ 9 │ 0 │ - │ ` │ ←    │
├───┴─┬─┴─┬─┴─┬─┴─┬─┴─┬─┴─┬─┴─┬─┴─┬─┴─┬─┴─┬─┴─┬─┴─┬─┴─┬────┤
│   ⇥ │ ß │ b │ l │ g │ ü │ ä │ w │ a │ o │ z │ ö │ j │ Ret│
├─────┴┬──┴┬──┴┬──┴┬──┴┬──┴┬──┴┬──┴┬──┴┬──┴┬──┴┬──┴┬──┴┐   │
│    ⇩ │ h │ n │ r │ t │ k │ f │ s │ i │ e │ c │ ⇘ │ ´ │   │
├────┬─┴─┬─┴─┬─┴─┬─┴─┬─┴─┬─┴─┬─┴─┬─┴─┬─┴─┬─┴─┬─┴─┬─┴───┴───┤
│  ⇧ │ ⇚ │ u │ p │ x │ d │ q │ v │ m │ , │ . │ y │ ⇗       │
├────┼───┴┬──┴─┬─┴───┴───┴───┴───┴───┴─┬─┴──┬┴───┼────┬────┤
│Strg│ Fe │ Alt│      Leerzeichen      │ M4 │ Fe │ Me │Strg│
└────┴────┴────┴───────────────────────┴────┴────┴────┴────┘
# 9.688091421377546 x100 total penalty per letter
# 35.455807970936505 x10 billion total penalty compared to notime-noeffort
# 7.408741819797482 mean key position cost in file 1gramme.txt ( 54.2280034 )
# 10.417470736832696 % finger repeats in file 2gramme.txt ( 50.289371003177926 )
# 12.02797961657281 million keystrokes disbalance of the fingers ( 24.05595923314562 )
# 0.3666971799697747 % finger repeats top to bottom or vice versa ( 8.850982640209391 )
# 2.80015219517547 % of trigrams have no handswitching (after direction change counted x 1 ) ( 12.38595398533832 )
# 8.381713784993531 billion (rows²/dist)² to cross ( 108.96227920491592 )
# 0.025539607556974986 hand disbalance. Left: 0.474460392443025 %, Right: 0.525539607556975 % ( 0.7477447367559439 )
# 1.0979192834421578 badly positioned shortcut keys (weighted).
# 11.326533701919242 no handswitching after unbalancing key (weighted).
# 32.27876602596592 movement pattern cost (weighted).
# 0.8546673676913425 asymmetric bigram cost (weighted).
# 4.3377390424833955 irregularity cost (weighted).
# 18.887777066190953 manually assigned bigram penalty (weighted)
# 12.188716686690531 unbalancing key after neighboring finger (weighted)
# 0.8546673676913425 asymmetrc bigrams (weighted)
# 14.065666331438347 inconsistent symmetries of similar keys (weighted)
# 4.3377390424833955 irregularity cost for randomly sampled words (weighted).
# Finger load %: 11.3 9.0 8.0 11.6 - 11.0 11.1 14.9 7.4
 
