
# Evolved Layout
ßzofq vblmüxj
haenp gtrsi⇘
käöcy wd,.u
┌───┬───┬───┬───┬───┬───┬───┬───┬───┬───┬───┬───┬───┬──────┐
│ ^ │ 1 │ 2 │ 3 │ 4 │ 5 │ 6 │ 7 │ 8 │ 9 │ 0 │ - │ ` │ ←    │
├───┴─┬─┴─┬─┴─┬─┴─┬─┴─┬─┴─┬─┴─┬─┴─┬─┴─┬─┴─┬─┴─┬─┴─┬─┴─┬────┤
│   ⇥ │ ß │ z │ o │ f │ q │ v │ b │ l │ m │ ü │ x │ j │ Ret│
├─────┴┬──┴┬──┴┬──┴┬──┴┬──┴┬──┴┬──┴┬──┴┬──┴┬──┴┬──┴┬──┴┐   │
│    ⇩ │ h │ a │ e │ n │ p │ g │ t │ r │ s │ i │ ⇘ │ ´ │   │
├────┬─┴─┬─┴─┬─┴─┬─┴─┬─┴─┬─┴─┬─┴─┬─┴─┬─┴─┬─┴─┬─┴─┬─┴───┴───┤
│  ⇧ │ ⇚ │ k │ ä │ ö │ c │ y │ w │ d │ , │ . │ u │ ⇗       │
├────┼───┴┬──┴─┬─┴───┴───┴───┴───┴───┴─┬─┴──┬┴───┼────┬────┤
│Strg│ Fe │ Alt│      Leerzeichen      │ M4 │ Fe │ Me │Strg│
└────┴────┴────┴───────────────────────┴────┴────┴────┴────┘
# 9.454347485412303 x100 total penalty per letter
# 34.600368055323464 x10 billion total penalty compared to notime-noeffort
# 7.3652967571964725 mean key position cost in file 1gramme.txt ( 53.91000892 )
# 8.697925922663458 % finger repeats in file 2gramme.txt ( 41.98842835588051 )
# 13.494272005120706 million keystrokes disbalance of the fingers ( 26.988544010241412 )
# 0.3783571262513312 % finger repeats top to bottom or vice versa ( 9.132419170843026 )
# 4.988559001362084 % of trigrams have no handswitching (after direction change counted x 1 ) ( 22.065965682320392 )
# 7.9235487783004075 billion (rows²/dist)² to cross ( 103.0061341179053 )
# 0.014436573563090527 hand disbalance. Left: 0.4855634264369095 %, Right: 0.5144365735630906 % ( 0.4226718000466227 )
# 1.0979192834421578 badly positioned shortcut keys (weighted).
# 12.791162362380703 no handswitching after unbalancing key (weighted).
# 28.68915246956838 movement pattern cost (weighted).
# 0.8741329985475293 asymmetric bigram cost (weighted).
# 3.42750176310249 irregularity cost (weighted).
# 16.438833983285992 manually assigned bigram penalty (weighted)
# 11.490730443745527 unbalancing key after neighboring finger (weighted)
# 0.8741329985475293 asymmetrc bigrams (weighted)
# 13.680075191924557 inconsistent symmetries of similar keys (weighted)
# 3.42750176310249 irregularity cost for randomly sampled words (weighted).
# Finger load %: 10.2 5.5 13.6 11.6 - 14.3 9.1 8.0 12.1
 
