
# Evolved Layout
zpköä xfluüjß
cnseo mtrih⇘
bvyaq wd,.g
┌───┬───┬───┬───┬───┬───┬───┬───┬───┬───┬───┬───┬───┬──────┐
│ ^ │ 1 │ 2 │ 3 │ 4 │ 5 │ 6 │ 7 │ 8 │ 9 │ 0 │ - │ ` │ ←    │
├───┴─┬─┴─┬─┴─┬─┴─┬─┴─┬─┴─┬─┴─┬─┴─┬─┴─┬─┴─┬─┴─┬─┴─┬─┴─┬────┤
│   ⇥ │ z │ p │ k │ ö │ ä │ x │ f │ l │ u │ ü │ j │ ß │ Ret│
├─────┴┬──┴┬──┴┬──┴┬──┴┬──┴┬──┴┬──┴┬──┴┬──┴┬──┴┬──┴┬──┴┐   │
│    ⇩ │ c │ n │ s │ e │ o │ m │ t │ r │ i │ h │ ⇘ │ ´ │   │
├────┬─┴─┬─┴─┬─┴─┬─┴─┬─┴─┬─┴─┬─┴─┬─┴─┬─┴─┬─┴─┬─┴─┬─┴───┴───┤
│  ⇧ │ ⇚ │ b │ v │ y │ a │ q │ w │ d │ , │ . │ g │ ⇗       │
├────┼───┴┬──┴─┬─┴───┴───┴───┴───┴───┴─┬─┴──┬┴───┼────┬────┤
│Strg│ Fe │ Alt│      Leerzeichen      │ M4 │ Fe │ Me │Strg│
└────┴────┴────┴───────────────────────┴────┴────┴────┴────┘
# 9.583779181957125 x100 total penalty per letter
# 35.07405324040745 x10 billion total penalty compared to notime-noeffort
# 7.41483586068091 mean key position cost in file 1gramme.txt ( 54.2726085 )
# 10.979135136065235 % finger repeats in file 2gramme.txt ( 53.00075364737529 )
# 12.415550590189133 million keystrokes disbalance of the fingers ( 24.831101180378266 )
# 0.3439453990686848 % finger repeats top to bottom or vice versa ( 8.301822109970264 )
# 4.7700927249793885 % of trigrams have no handswitching (after direction change counted x 1 ) ( 21.099620620331827 )
# 8.255447249252965 billion (rows²/dist)² to cross ( 107.32081424028854 )
# 0.004393694335456555 hand disbalance. Left: 0.5043936943354566 %, Right: 0.4956063056645435 % ( 0.12863791297195543 )
# 0.36597309448071924 badly positioned shortcut keys (weighted).
# 12.245161893990339 no handswitching after unbalancing key (weighted).
# 26.967941973646653 movement pattern cost (weighted).
# 0.8704478325144048 asymmetric bigram cost (weighted).
# 4.824451211882351 irregularity cost (weighted).
# 15.792460347434371 manually assigned bigram penalty (weighted)
# 11.059288036069132 unbalancing key after neighboring finger (weighted)
# 0.8704478325144048 asymmetrc bigrams (weighted)
# 9.659449802740424 inconsistent symmetries of similar keys (weighted)
# 4.824451211882351 irregularity cost for randomly sampled words (weighted).
# Finger load %: 9.7 8.3 6.1 18.5 - 13.7 9.1 9.4 9.7
 
