
# Evolved Layout
ßmcüö xgazfqj
hlney btirs⇘
uvpoä wd,.k
┌───┬───┬───┬───┬───┬───┬───┬───┬───┬───┬───┬───┬───┬──────┐
│ ^ │ 1 │ 2 │ 3 │ 4 │ 5 │ 6 │ 7 │ 8 │ 9 │ 0 │ - │ ` │ ←    │
├───┴─┬─┴─┬─┴─┬─┴─┬─┴─┬─┴─┬─┴─┬─┴─┬─┴─┬─┴─┬─┴─┬─┴─┬─┴─┬────┤
│   ⇥ │ ß │ m │ c │ ü │ ö │ x │ g │ a │ z │ f │ q │ j │ Ret│
├─────┴┬──┴┬──┴┬──┴┬──┴┬──┴┬──┴┬──┴┬──┴┬──┴┬──┴┬──┴┬──┴┐   │
│    ⇩ │ h │ l │ n │ e │ y │ b │ t │ i │ r │ s │ ⇘ │ ´ │   │
├────┬─┴─┬─┴─┬─┴─┬─┴─┬─┴─┬─┴─┬─┴─┬─┴─┬─┴─┬─┴─┬─┴─┬─┴───┴───┤
│  ⇧ │ ⇚ │ u │ v │ p │ o │ ä │ w │ d │ , │ . │ k │ ⇗       │
├────┼───┴┬──┴─┬─┴───┴───┴───┴───┴───┴─┬─┴──┬┴───┼────┬────┤
│Strg│ Fe │ Alt│      Leerzeichen      │ M4 │ Fe │ Me │Strg│
└────┴────┴────┴───────────────────────┴────┴────┴────┴────┘
# 9.714460541389906 x100 total penalty per letter
# 35.552311855433075 x10 billion total penalty compared to notime-noeffort
# 7.573115610951054 mean key position cost in file 1gramme.txt ( 55.4311311 )
# 9.9833337994443 % finger repeats in file 2gramme.txt ( 48.193615319092714 )
# 13.608838226203913 million keystrokes disbalance of the fingers ( 27.217676452407826 )
# 0.3854205223508686 % finger repeats top to bottom or vice versa ( 9.302908609193986 )
# 5.436467101953522 % of trigrams have no handswitching (after direction change counted x 1 ) ( 24.047204106840454 )
# 7.725773846721235 billion (rows²/dist)² to cross ( 100.43506000737605 )
# 0.00490328746511387 hand disbalance. Left: 0.49509671253488613 %, Right: 0.5049032874651139 % ( 0.1435577029388996 )
# 0.7319461889614385 badly positioned shortcut keys (weighted).
# 11.226899673888125 no handswitching after unbalancing key (weighted).
# 24.859283682953162 movement pattern cost (weighted).
# 0.883993449483608 asymmetric bigram cost (weighted).
# 3.5432858301687165 irregularity cost (weighted).
# 21.18608711922185 manually assigned bigram penalty (weighted)
# 11.219863663404979 unbalancing key after neighboring finger (weighted)
# 0.883993449483608 asymmetrc bigrams (weighted)
# 17.10060564839899 inconsistent symmetries of similar keys (weighted)
# 3.5432858301687165 irregularity cost for randomly sampled words (weighted).
# Finger load %: 11.8 5.6 9.6 14.8 - 13.8 11.1 7.1 10.6
 
