
# Evolved Layout
jlpgß öfouäüq
hrntc mseia⇘
kzvdy wb,.x
┌───┬───┬───┬───┬───┬───┬───┬───┬───┬───┬───┬───┬───┬──────┐
│ ^ │ 1 │ 2 │ 3 │ 4 │ 5 │ 6 │ 7 │ 8 │ 9 │ 0 │ - │ ` │ ←    │
├───┴─┬─┴─┬─┴─┬─┴─┬─┴─┬─┴─┬─┴─┬─┴─┬─┴─┬─┴─┬─┴─┬─┴─┬─┴─┬────┤
│   ⇥ │ j │ l │ p │ g │ ß │ ö │ f │ o │ u │ ä │ ü │ q │ Ret│
├─────┴┬──┴┬──┴┬──┴┬──┴┬──┴┬──┴┬──┴┬──┴┬──┴┬──┴┬──┴┬──┴┐   │
│    ⇩ │ h │ r │ n │ t │ c │ m │ s │ e │ i │ a │ ⇘ │ ´ │   │
├────┬─┴─┬─┴─┬─┴─┬─┴─┬─┴─┬─┴─┬─┴─┬─┴─┬─┴─┬─┴─┬─┴─┬─┴───┴───┤
│  ⇧ │ ⇚ │ k │ z │ v │ d │ y │ w │ b │ , │ . │ x │ ⇗       │
├────┼───┴┬──┴─┬─┴───┴───┴───┴───┴───┴─┬─┴──┬┴───┼────┬────┤
│Strg│ Fe │ Alt│      Leerzeichen      │ M4 │ Fe │ Me │Strg│
└────┴────┴────┴───────────────────────┴────┴────┴────┴────┘
# 9.265087406831078 x100 total penalty per letter
# 33.90772708912313 x10 billion total penalty compared to notime-noeffort
# 7.294287985262368 mean key position cost in file 1gramme.txt ( 53.39026292 )
# 10.094024350755728 % finger repeats in file 2gramme.txt ( 48.727963659689934 )
# 10.993071176258375 million keystrokes disbalance of the fingers ( 21.98614235251675 )
# 0.3225500430422891 % finger repeats top to bottom or vice versa ( 7.785401654306173 )
# 2.8747768576126345 % of trigrams have no handswitching (after direction change counted x 1 ) ( 12.716042341503616 )
# 8.214529938423587 billion (rows²/dist)² to cross ( 106.78888919950663 )
# 0.030055895146427203 hand disbalance. Left: 0.4699441048535728 %, Right: 0.5300558951464273 % ( 0.8799719163300795 )
# 0.7319461889614385 badly positioned shortcut keys (weighted).
# 13.433643417208971 no handswitching after unbalancing key (weighted).
# 26.06597825472708 movement pattern cost (weighted).
# 0.8653221619074284 asymmetric bigram cost (weighted).
# 2.9038179955552885 irregularity cost (weighted).
# 16.384895669771456 manually assigned bigram penalty (weighted)
# 13.820128335605729 unbalancing key after neighboring finger (weighted)
# 0.8653221619074284 asymmetrc bigrams (weighted)
# 12.596864823640717 inconsistent symmetries of similar keys (weighted)
# 2.9038179955552885 irregularity cost for randomly sampled words (weighted).
# Finger load %: 9.9 8.7 8.1 13.0 - 11.6 14.7 9.4 9.0
 
