
# Evolved Layout
jpozq vkagxöß
cnerm buist⇘
füäly wh,.d
┌───┬───┬───┬───┬───┬───┬───┬───┬───┬───┬───┬───┬───┬──────┐
│ ^ │ 1 │ 2 │ 3 │ 4 │ 5 │ 6 │ 7 │ 8 │ 9 │ 0 │ - │ ` │ ←    │
├───┴─┬─┴─┬─┴─┬─┴─┬─┴─┬─┴─┬─┴─┬─┴─┬─┴─┬─┴─┬─┴─┬─┴─┬─┴─┬────┤
│   ⇥ │ j │ p │ o │ z │ q │ v │ k │ a │ g │ x │ ö │ ß │ Ret│
├─────┴┬──┴┬──┴┬──┴┬──┴┬──┴┬──┴┬──┴┬──┴┬──┴┬──┴┬──┴┬──┴┐   │
│    ⇩ │ c │ n │ e │ r │ m │ b │ u │ i │ s │ t │ ⇘ │ ´ │   │
├────┬─┴─┬─┴─┬─┴─┬─┴─┬─┴─┬─┴─┬─┴─┬─┴─┬─┴─┬─┴─┬─┴─┬─┴───┴───┤
│  ⇧ │ ⇚ │ f │ ü │ ä │ l │ y │ w │ h │ , │ . │ d │ ⇗       │
├────┼───┴┬──┴─┬─┴───┴───┴───┴───┴───┴─┬─┴──┬┴───┼────┬────┤
│Strg│ Fe │ Alt│      Leerzeichen      │ M4 │ Fe │ Me │Strg│
└────┴────┴────┴───────────────────────┴────┴────┴────┴────┘
# 10.12871325375549 x100 total penalty per letter
# 37.068365325847715 x10 billion total penalty compared to notime-noeffort
# 7.513690430991149 mean key position cost in file 1gramme.txt ( 54.99617076 )
# 9.772841737968472 % finger repeats in file 2gramme.txt ( 47.17748447119363 )
# 12.488842472312438 million keystrokes disbalance of the fingers ( 24.977684944624873 )
# 0.33456077098475734 % finger repeats top to bottom or vice versa ( 8.075305014140646 )
# 4.449914040558415 % of trigrams have no handswitching (after direction change counted x 1 ) ( 19.683369582564275 )
# 7.928877629100561 billion (rows²/dist)² to cross ( 103.0754091783073 )
# 0.00204695698209989 hand disbalance. Left: 0.5020469569820999 %, Right: 0.49795304301790017 % ( 0.05993049448064088 )
# 0.7319461889614385 badly positioned shortcut keys (weighted).
# 12.164855117353262 no handswitching after unbalancing key (weighted).
# 43.97269816050482 movement pattern cost (weighted).
# 0.8901822590299538 asymmetric bigram cost (weighted).
# 7.402111067041094 irregularity cost (weighted).
# 18.24790956575428 manually assigned bigram penalty (weighted)
# 13.256664255257045 unbalancing key after neighboring finger (weighted)
# 0.8901822590299538 asymmetrc bigrams (weighted)
# 15.971932199263943 inconsistent symmetries of similar keys (weighted)
# 7.402111067041094 irregularity cost for randomly sampled words (weighted).
# Finger load %: 9.6 7.9 13.8 11.0 - 10.9 11.1 8.1 12.0
 
