
# Evolved Layout
ßmucj kfoyzqx
rsinp gtaeh⇘
lvübö wd,.ä
┌───┬───┬───┬───┬───┬───┬───┬───┬───┬───┬───┬───┬───┬──────┐
│ ^ │ 1 │ 2 │ 3 │ 4 │ 5 │ 6 │ 7 │ 8 │ 9 │ 0 │ - │ ` │ ←    │
├───┴─┬─┴─┬─┴─┬─┴─┬─┴─┬─┴─┬─┴─┬─┴─┬─┴─┬─┴─┬─┴─┬─┴─┬─┴─┬────┤
│   ⇥ │ ß │ m │ u │ c │ j │ k │ f │ o │ y │ z │ q │ x │ Ret│
├─────┴┬──┴┬──┴┬──┴┬──┴┬──┴┬──┴┬──┴┬──┴┬──┴┬──┴┬──┴┬──┴┐   │
│    ⇩ │ r │ s │ i │ n │ p │ g │ t │ a │ e │ h │ ⇘ │ ´ │   │
├────┬─┴─┬─┴─┬─┴─┬─┴─┬─┴─┬─┴─┬─┴─┬─┴─┬─┴─┬─┴─┬─┴─┬─┴───┴───┤
│  ⇧ │ ⇚ │ l │ v │ ü │ b │ ö │ w │ d │ , │ . │ ä │ ⇗       │
├────┼───┴┬──┴─┬─┴───┴───┴───┴───┴───┴─┬─┴──┬┴───┼────┬────┤
│Strg│ Fe │ Alt│      Leerzeichen      │ M4 │ Fe │ Me │Strg│
└────┴────┴────┴───────────────────────┴────┴────┴────┴────┘
# 9.943948285527064 x100 total penalty per letter
# 36.39217525410583 x10 billion total penalty compared to notime-noeffort
# 7.471325281110392 mean key position cost in file 1gramme.txt ( 54.68608066 )
# 8.793428688142999 % finger repeats in file 2gramme.txt ( 42.44945907306304 )
# 13.908436539820007 million keystrokes disbalance of the fingers ( 27.816873079640015 )
# 0.3621927376991393 % finger repeats top to bottom or vice versa ( 8.74225875980075 )
# 3.783784315417731 % of trigrams have no handswitching (after direction change counted x 1 ) ( 16.73686826807356 )
# 8.669927700500478 billion (rows²/dist)² to cross ( 112.70906010650623 )
# 0.019024977021079303 hand disbalance. Left: 0.4809750229789207 %, Right: 0.5190249770210793 % ( 0.5570103770263175 )
# 0.7319461889614385 badly positioned shortcut keys (weighted).
# 12.391518736039238 no handswitching after unbalancing key (weighted).
# 29.869371756821128 movement pattern cost (weighted).
# 0.8881599114800427 asymmetric bigram cost (weighted).
# 8.6912144713681 irregularity cost (weighted).
# 21.302634243004853 manually assigned bigram penalty (weighted)
# 13.418714166633215 unbalancing key after neighboring finger (weighted)
# 0.8881599114800427 asymmetrc bigrams (weighted)
# 12.930582742640329 inconsistent symmetries of similar keys (weighted)
# 8.6912144713681 irregularity cost for randomly sampled words (weighted).
# Finger load %: 13.4 7.4 8.3 11.5 - 14.6 8.4 12.6 8.3
 
