
# Evolved Layout
jvuäö wgflzßq
hnieo btsrc⇘
kxüay pd,.m
┌───┬───┬───┬───┬───┬───┬───┬───┬───┬───┬───┬───┬───┬──────┐
│ ^ │ 1 │ 2 │ 3 │ 4 │ 5 │ 6 │ 7 │ 8 │ 9 │ 0 │ - │ ` │ ←    │
├───┴─┬─┴─┬─┴─┬─┴─┬─┴─┬─┴─┬─┴─┬─┴─┬─┴─┬─┴─┬─┴─┬─┴─┬─┴─┬────┤
│   ⇥ │ j │ v │ u │ ä │ ö │ w │ g │ f │ l │ z │ ß │ q │ Ret│
├─────┴┬──┴┬──┴┬──┴┬──┴┬──┴┬──┴┬──┴┬──┴┬──┴┬──┴┬──┴┬──┴┐   │
│    ⇩ │ h │ n │ i │ e │ o │ b │ t │ s │ r │ c │ ⇘ │ ´ │   │
├────┬─┴─┬─┴─┬─┴─┬─┴─┬─┴─┬─┴─┬─┴─┬─┴─┬─┴─┬─┴─┬─┴─┬─┴───┴───┤
│  ⇧ │ ⇚ │ k │ x │ ü │ a │ y │ p │ d │ , │ . │ m │ ⇗       │
├────┼───┴┬──┴─┬─┴───┴───┴───┴───┴───┴─┬─┴──┬┴───┼────┬────┤
│Strg│ Fe │ Alt│      Leerzeichen      │ M4 │ Fe │ Me │Strg│
└────┴────┴────┴───────────────────────┴────┴────┴────┴────┘
# 9.429366421093706 x100 total penalty per letter
# 34.508944081202486 x10 billion total penalty compared to notime-noeffort
# 7.447595252507272 mean key position cost in file 1gramme.txt ( 54.51238962 )
# 11.174790470001678 % finger repeats in file 2gramme.txt ( 53.94526157311313 )
# 12.276293286903003 million keystrokes disbalance of the fingers ( 24.552586573806007 )
# 0.3542968756459713 % finger repeats top to bottom or vice versa ( 8.551676061652271 )
# 3.546431525545098 % of trigrams have no handswitching (after direction change counted x 1 ) ( 15.686982215908504 )
# 7.842854642244335 billion (rows²/dist)² to cross ( 101.95711034917636 )
# 0.03232873067083131 hand disbalance. Left: 0.5323287306708313 %, Right: 0.4676712693291687 % ( 0.9465156483390298 )
# 0.7319461889614385 badly positioned shortcut keys (weighted).
# 13.86331644250948 no handswitching after unbalancing key (weighted).
# 24.812988224693267 movement pattern cost (weighted).
# 0.8685786105926379 asymmetric bigram cost (weighted).
# 4.980903595452769 irregularity cost (weighted).
# 16.172615816641947 manually assigned bigram penalty (weighted)
# 9.796123313787668 unbalancing key after neighboring finger (weighted)
# 0.8685786105926379 asymmetrc bigrams (weighted)
# 13.71044657739035 inconsistent symmetries of similar keys (weighted)
# 4.980903595452769 irregularity cost for randomly sampled words (weighted).
# Finger load %: 10.3 7.5 8.3 18.9 - 14.6 7.3 9.3 8.3
 
