
# Evolved Layout
öogzj vpfuyxß
iarnm wtseh⇘
üäclq bd,.k
┌───┬───┬───┬───┬───┬───┬───┬───┬───┬───┬───┬───┬───┬──────┐
│ ^ │ 1 │ 2 │ 3 │ 4 │ 5 │ 6 │ 7 │ 8 │ 9 │ 0 │ - │ ` │ ←    │
├───┴─┬─┴─┬─┴─┬─┴─┬─┴─┬─┴─┬─┴─┬─┴─┬─┴─┬─┴─┬─┴─┬─┴─┬─┴─┬────┤
│   ⇥ │ ö │ o │ g │ z │ j │ v │ p │ f │ u │ y │ x │ ß │ Ret│
├─────┴┬──┴┬──┴┬──┴┬──┴┬──┴┬──┴┬──┴┬──┴┬──┴┬──┴┬──┴┬──┴┐   │
│    ⇩ │ i │ a │ r │ n │ m │ w │ t │ s │ e │ h │ ⇘ │ ´ │   │
├────┬─┴─┬─┴─┬─┴─┬─┴─┬─┴─┬─┴─┬─┴─┬─┴─┬─┴─┬─┴─┬─┴─┬─┴───┴───┤
│  ⇧ │ ⇚ │ ü │ ä │ c │ l │ q │ b │ d │ , │ . │ k │ ⇗       │
├────┼───┴┬──┴─┬─┴───┴───┴───┴───┴───┴─┬─┴──┬┴───┼────┬────┤
│Strg│ Fe │ Alt│      Leerzeichen      │ M4 │ Fe │ Me │Strg│
└────┴────┴────┴───────────────────────┴────┴────┴────┴────┘
# 10.147410272605464 x100 total penalty per letter
# 37.13679138430861 x10 billion total penalty compared to notime-noeffort
# 7.392296313035462 mean key position cost in file 1gramme.txt ( 54.10763114 )
# 12.800667840249345 % finger repeats in file 2gramme.txt ( 61.79403334733705 )
# 12.963101225892663 million keystrokes disbalance of the fingers ( 25.926202451785326 )
# 0.3262097595916084 % finger repeats top to bottom or vice versa ( 7.873736360476486 )
# 5.469154989928801 % of trigrams have no handswitching (after direction change counted x 1 ) ( 24.191792917776258 )
# 8.210138294224913 billion (rows²/dist)² to cross ( 106.73179782492386 )
# 0.017457423909952308 hand disbalance. Left: 0.4825425760900477 %, Right: 0.5174574239099523 % ( 0.5111157959989555 )
# 0.7319461889614385 badly positioned shortcut keys (weighted).
# 11.406767411642841 no handswitching after unbalancing key (weighted).
# 31.817965599828288 movement pattern cost (weighted).
# 0.8982759918999157 asymmetric bigram cost (weighted).
# 6.245373395104719 irregularity cost (weighted).
# 15.487574262620141 manually assigned bigram penalty (weighted)
# 11.863481690968994 unbalancing key after neighboring finger (weighted)
# 0.8982759918999157 asymmetrc bigrams (weighted)
# 11.78021946376193 inconsistent symmetries of similar keys (weighted)
# 6.245373395104719 irregularity cost for randomly sampled words (weighted).
# Finger load %: 11.7 7.6 9.2 12.1 - 13.3 7.3 14.7 8.4
 
