
# Evolved Layout
ßlcgz qwouüöj
hrnsm äteia⇘
kxpfy bd,.v
┌───┬───┬───┬───┬───┬───┬───┬───┬───┬───┬───┬───┬───┬──────┐
│ ^ │ 1 │ 2 │ 3 │ 4 │ 5 │ 6 │ 7 │ 8 │ 9 │ 0 │ - │ ` │ ←    │
├───┴─┬─┴─┬─┴─┬─┴─┬─┴─┬─┴─┬─┴─┬─┴─┬─┴─┬─┴─┬─┴─┬─┴─┬─┴─┬────┤
│   ⇥ │ ß │ l │ c │ g │ z │ q │ w │ o │ u │ ü │ ö │ j │ Ret│
├─────┴┬──┴┬──┴┬──┴┬──┴┬──┴┬──┴┬──┴┬──┴┬──┴┬──┴┬──┴┬──┴┐   │
│    ⇩ │ h │ r │ n │ s │ m │ ä │ t │ e │ i │ a │ ⇘ │ ´ │   │
├────┬─┴─┬─┴─┬─┴─┬─┴─┬─┴─┬─┴─┬─┴─┬─┴─┬─┴─┬─┴─┬─┴─┬─┴───┴───┤
│  ⇧ │ ⇚ │ k │ x │ p │ f │ y │ b │ d │ , │ . │ v │ ⇗       │
├────┼───┴┬──┴─┬─┴───┴───┴───┴───┴───┴─┬─┴──┬┴───┼────┬────┤
│Strg│ Fe │ Alt│      Leerzeichen      │ M4 │ Fe │ Me │Strg│
└────┴────┴────┴───────────────────────┴────┴────┴────┴────┘
# 9.338793233637016 x100 total penalty per letter
# 34.17747058429742 x10 billion total penalty compared to notime-noeffort
# 7.324604976230633 mean key position cost in file 1gramme.txt ( 53.61216698 )
# 9.745645399004328 % finger repeats in file 2gramme.txt ( 47.04619667450606 )
# 11.024400034528755 million keystrokes disbalance of the fingers ( 22.04880006905751 )
# 0.3677912063672498 % finger repeats top to bottom or vice versa ( 8.877389193575253 )
# 3.3727717924422462 % of trigrams have no handswitching (after direction change counted x 1 ) ( 14.918830589356196 )
# 8.445260581945014 billion (rows²/dist)² to cross ( 109.78838756528519 )
# 0.04146788809382079 hand disbalance. Left: 0.4585321119061792 %, Right: 0.5414678880938208 % ( 1.2140905061820617 )
# 0.7319461889614385 badly positioned shortcut keys (weighted).
# 11.139121902152674 no handswitching after unbalancing key (weighted).
# 29.055363071183436 movement pattern cost (weighted).
# 0.8685091998372093 asymmetric bigram cost (weighted).
# 3.145046133467845 irregularity cost (weighted).
# 16.42181238071313 manually assigned bigram penalty (weighted)
# 11.096454539468448 unbalancing key after neighboring finger (weighted)
# 0.8685091998372093 asymmetrc bigrams (weighted)
# 11.810590849227724 inconsistent symmetries of similar keys (weighted)
# 3.145046133467845 irregularity cost for randomly sampled words (weighted).
# Finger load %: 9.7 8.2 9.6 11.2 - 11.9 14.7 9.4 9.7
 
