
# Evolved Layout
jzlüö wbdiävß
mnreu gstah⇘
cyxoq kf,.p
┌───┬───┬───┬───┬───┬───┬───┬───┬───┬───┬───┬───┬───┬──────┐
│ ^ │ 1 │ 2 │ 3 │ 4 │ 5 │ 6 │ 7 │ 8 │ 9 │ 0 │ - │ ` │ ←    │
├───┴─┬─┴─┬─┴─┬─┴─┬─┴─┬─┴─┬─┴─┬─┴─┬─┴─┬─┴─┬─┴─┬─┴─┬─┴─┬────┤
│   ⇥ │ j │ z │ l │ ü │ ö │ w │ b │ d │ i │ ä │ v │ ß │ Ret│
├─────┴┬──┴┬──┴┬──┴┬──┴┬──┴┬──┴┬──┴┬──┴┬──┴┬──┴┬──┴┬──┴┐   │
│    ⇩ │ m │ n │ r │ e │ u │ g │ s │ t │ a │ h │ ⇘ │ ´ │   │
├────┬─┴─┬─┴─┬─┴─┬─┴─┬─┴─┬─┴─┬─┴─┬─┴─┬─┴─┬─┴─┬─┴─┬─┴───┴───┤
│  ⇧ │ ⇚ │ c │ y │ x │ o │ q │ k │ f │ , │ . │ p │ ⇗       │
├────┼───┴┬──┴─┬─┴───┴───┴───┴───┴───┴─┬─┴──┬┴───┼────┬────┤
│Strg│ Fe │ Alt│      Leerzeichen      │ M4 │ Fe │ Me │Strg│
└────┴────┴────┴───────────────────────┴────┴────┴────┴────┘
# 9.518423507637424 x100 total penalty per letter
# 34.8348690566809 x10 billion total penalty compared to notime-noeffort
# 7.485816086800698 mean key position cost in file 1gramme.txt ( 54.79214556 )
# 11.467249280710874 % finger repeats in file 2gramme.txt ( 55.3570792788161 )
# 11.542296466278364 million keystrokes disbalance of the fingers ( 23.084592932556724 )
# 0.3250645360435373 % finger repeats top to bottom or vice versa ( 7.846094059698575 )
# 4.962589892711955 % of trigrams have no handswitching (after direction change counted x 1 ) ( 21.95109614582344 )
# 7.492795489857178 billion (rows²/dist)² to cross ( 97.40634136814332 )
# 0.006487452317434861 hand disbalance. Left: 0.5064874523174349 %, Right: 0.4935125476825651 % ( 0.18993863999261995 )
# 0.36597309448071924 badly positioned shortcut keys (weighted).
# 13.383170883111971 no handswitching after unbalancing key (weighted).
# 31.794722567814457 movement pattern cost (weighted).
# 0.8831484156454242 asymmetric bigram cost (weighted).
# 8.511122352319335 irregularity cost (weighted).
# 16.790970246845415 manually assigned bigram penalty (weighted)
# 12.290107861296017 unbalancing key after neighboring finger (weighted)
# 0.8831484156454242 asymmetrc bigrams (weighted)
# 3.702187160264901 inconsistent symmetries of similar keys (weighted)
# 8.511122352319335 irregularity cost for randomly sampled words (weighted).
# Finger load %: 10.4 7.7 8.0 16.7 - 12.5 9.3 11.3 8.5
 
