
# Evolved Layout
juroq wkldbzß
aicey msnth⇘
vüxäö fg,.p
┌───┬───┬───┬───┬───┬───┬───┬───┬───┬───┬───┬───┬───┬──────┐
│ ^ │ 1 │ 2 │ 3 │ 4 │ 5 │ 6 │ 7 │ 8 │ 9 │ 0 │ - │ ` │ ←    │
├───┴─┬─┴─┬─┴─┬─┴─┬─┴─┬─┴─┬─┴─┬─┴─┬─┴─┬─┴─┬─┴─┬─┴─┬─┴─┬────┤
│   ⇥ │ j │ u │ r │ o │ q │ w │ k │ l │ d │ b │ z │ ß │ Ret│
├─────┴┬──┴┬──┴┬──┴┬──┴┬──┴┬──┴┬──┴┬──┴┬──┴┬──┴┬──┴┬──┴┐   │
│    ⇩ │ a │ i │ c │ e │ y │ m │ s │ n │ t │ h │ ⇘ │ ´ │   │
├────┬─┴─┬─┴─┬─┴─┬─┴─┬─┴─┬─┴─┬─┴─┬─┴─┬─┴─┬─┴─┬─┴─┬─┴───┴───┤
│  ⇧ │ ⇚ │ v │ ü │ x │ ä │ ö │ f │ g │ , │ . │ p │ ⇗       │
├────┼───┴┬──┴─┬─┴───┴───┴───┴───┴───┴─┬─┴──┬┴───┼────┬────┤
│Strg│ Fe │ Alt│      Leerzeichen      │ M4 │ Fe │ Me │Strg│
└────┴────┴────┴───────────────────────┴────┴────┴────┴────┘
# 9.327998382097428 x100 total penalty per letter
# 34.13796433207339 x10 billion total penalty compared to notime-noeffort
# 7.417522880614425 mean key position cost in file 1gramme.txt ( 54.29227604 )
# 11.083549241008178 % finger repeats in file 2gramme.txt ( 53.504803026931015 )
# 12.298436181318639 million keystrokes disbalance of the fingers ( 24.596872362637278 )
# 0.3828900927747074 % finger repeats top to bottom or vice versa ( 9.241831542136309 )
# 2.3927982882649474 % of trigrams have no handswitching (after direction change counted x 1 ) ( 10.584099516343874 )
# 8.245213626893989 billion (rows²/dist)² to cross ( 107.18777714962185 )
# 0.004483853908418156 hand disbalance. Left: 0.49551614609158184 %, Right: 0.5044838539084182 % ( 0.1312775912050608 )
# 0.36597309448071924 badly positioned shortcut keys (weighted).
# 14.444556751018943 no handswitching after unbalancing key (weighted).
# 28.58982361944124 movement pattern cost (weighted).
# 0.873140377539242 asymmetric bigram cost (weighted).
# 3.7296835525549654 irregularity cost (weighted).
# 17.66584228145278 manually assigned bigram penalty (weighted)
# 9.932767069104585 unbalancing key after neighboring finger (weighted)
# 0.873140377539242 asymmetrc bigrams (weighted)
# 6.238919346265991 inconsistent symmetries of similar keys (weighted)
# 3.7296835525549654 irregularity cost for randomly sampled words (weighted).
# Finger load %: 11.4 8.5 7.4 14.5 - 13.0 10.5 9.5 9.6
 
