
# Evolved Layout
jolpq vwubyzß
aernk msitd⇘
üäxhö fg,.c
┌───┬───┬───┬───┬───┬───┬───┬───┬───┬───┬───┬───┬───┬──────┐
│ ^ │ 1 │ 2 │ 3 │ 4 │ 5 │ 6 │ 7 │ 8 │ 9 │ 0 │ - │ ` │ ←    │
├───┴─┬─┴─┬─┴─┬─┴─┬─┴─┬─┴─┬─┴─┬─┴─┬─┴─┬─┴─┬─┴─┬─┴─┬─┴─┬────┤
│   ⇥ │ j │ o │ l │ p │ q │ v │ w │ u │ b │ y │ z │ ß │ Ret│
├─────┴┬──┴┬──┴┬──┴┬──┴┬──┴┬──┴┬──┴┬──┴┬──┴┬──┴┬──┴┬──┴┐   │
│    ⇩ │ a │ e │ r │ n │ k │ m │ s │ i │ t │ d │ ⇘ │ ´ │   │
├────┬─┴─┬─┴─┬─┴─┬─┴─┬─┴─┬─┴─┬─┴─┬─┴─┬─┴─┬─┴─┬─┴─┬─┴───┴───┤
│  ⇧ │ ⇚ │ ü │ ä │ x │ h │ ö │ f │ g │ , │ . │ c │ ⇗       │
├────┼───┴┬──┴─┬─┴───┴───┴───┴───┴───┴─┬─┴──┬┴───┼────┬────┤
│Strg│ Fe │ Alt│      Leerzeichen      │ M4 │ Fe │ Me │Strg│
└────┴────┴────┴───────────────────────┴────┴────┴────┴────┘
# 9.894534787884687 x100 total penalty per letter
# 36.211335147692864 x10 billion total penalty compared to notime-noeffort
# 7.251107447571687 mean key position cost in file 1gramme.txt ( 53.07420462 )
# 10.85821897523479 % finger repeats in file 2gramme.txt ( 52.41704212795797 )
# 12.59434835897218 million keystrokes disbalance of the fingers ( 25.188696717944364 )
# 0.337169518487424 % finger repeats top to bottom or vice versa ( 8.138272443725722 )
# 4.958051703431228 % of trigrams have no handswitching (after direction change counted x 1 ) ( 21.931022307085424 )
# 7.65254146270592 billion (rows²/dist)² to cross ( 99.48303901517696 )
# 0.029742352198090072 hand disbalance. Left: 0.5297423521980901 %, Right: 0.47025764780190993 % ( 0.8707920536856357 )
# 1.0979192834421578 badly positioned shortcut keys (weighted).
# 12.103393349728881 no handswitching after unbalancing key (weighted).
# 35.55333389153068 movement pattern cost (weighted).
# 0.8843948599424074 asymmetric bigram cost (weighted).
# 6.697265211567066 irregularity cost (weighted).
# 16.302256131775284 manually assigned bigram penalty (weighted)
# 12.087759174845917 unbalancing key after neighboring finger (weighted)
# 0.8843948599424074 asymmetrc bigrams (weighted)
# 16.283960288520205 inconsistent symmetries of similar keys (weighted)
# 6.697265211567066 irregularity cost for randomly sampled words (weighted).
# Finger load %: 10.7 14.0 8.0 12.0 - 12.7 9.2 7.7 10.1
 
