
# Evolved Layout
äflgö qkoazxß
rsntü upeid⇘
ymvcj wh,.b
┌───┬───┬───┬───┬───┬───┬───┬───┬───┬───┬───┬───┬───┬──────┐
│ ^ │ 1 │ 2 │ 3 │ 4 │ 5 │ 6 │ 7 │ 8 │ 9 │ 0 │ - │ ` │ ←    │
├───┴─┬─┴─┬─┴─┬─┴─┬─┴─┬─┴─┬─┴─┬─┴─┬─┴─┬─┴─┬─┴─┬─┴─┬─┴─┬────┤
│   ⇥ │ ä │ f │ l │ g │ ö │ q │ k │ o │ a │ z │ x │ ß │ Ret│
├─────┴┬──┴┬──┴┬──┴┬──┴┬──┴┬──┴┬──┴┬──┴┬──┴┬──┴┬──┴┬──┴┐   │
│    ⇩ │ r │ s │ n │ t │ ü │ u │ p │ e │ i │ d │ ⇘ │ ´ │   │
├────┬─┴─┬─┴─┬─┴─┬─┴─┬─┴─┬─┴─┬─┴─┬─┴─┬─┴─┬─┴─┬─┴─┬─┴───┴───┤
│  ⇧ │ ⇚ │ y │ m │ v │ c │ j │ w │ h │ , │ . │ b │ ⇗       │
├────┼───┴┬──┴─┬─┴───┴───┴───┴───┴───┴─┬─┴──┬┴───┼────┬────┤
│Strg│ Fe │ Alt│      Leerzeichen      │ M4 │ Fe │ Me │Strg│
└────┴────┴────┴───────────────────────┴────┴────┴────┴────┘
# 10.141278007189255 x100 total penalty per letter
# 37.11434894280314 x10 billion total penalty compared to notime-noeffort
# 7.633455401862004 mean key position cost in file 1gramme.txt ( 55.8727859 )
# 12.89571458619319 % finger repeats in file 2gramme.txt ( 62.25286267262759 )
# 12.06796912628031 million keystrokes disbalance of the fingers ( 24.13593825256062 )
# 0.3897361653535244 % finger repeats top to bottom or vice versa ( 9.40707543507739 )
# 3.0119433334610375 % of trigrams have no handswitching (after direction change counted x 1 ) ( 13.32277281176753 )
# 8.433909323688601 billion (rows²/dist)² to cross ( 109.64082120795182 )
# 0.03559982800818651 hand disbalance. Left: 0.4644001719918135 %, Right: 0.5355998280081865 % ( 1.0422863375309916 )
# 1.0979192834421578 badly positioned shortcut keys (weighted).
# 12.536060815630378 no handswitching after unbalancing key (weighted).
# 35.341969060173945 movement pattern cost (weighted).
# 0.8567398723625909 asymmetric bigram cost (weighted).
# 2.570438599038424 irregularity cost (weighted).
# 16.755198557153722 manually assigned bigram penalty (weighted)
# 11.963297587485371 unbalancing key after neighboring finger (weighted)
# 0.8567398723625909 asymmetrc bigrams (weighted)
# 14.347323035228815 inconsistent symmetries of similar keys (weighted)
# 2.570438599038424 irregularity cost for randomly sampled words (weighted).
# Finger load %: 11.3 8.2 9.9 9.8 - 9.9 14.7 11.3 9.3
 
