
# Evolved Layout
ßycpj qogdbvö
uerlf üisth⇘
kämnx za,.w
┌───┬───┬───┬───┬───┬───┬───┬───┬───┬───┬───┬───┬───┬──────┐
│ ^ │ 1 │ 2 │ 3 │ 4 │ 5 │ 6 │ 7 │ 8 │ 9 │ 0 │ - │ ` │ ←    │
├───┴─┬─┴─┬─┴─┬─┴─┬─┴─┬─┴─┬─┴─┬─┴─┬─┴─┬─┴─┬─┴─┬─┴─┬─┴─┬────┤
│   ⇥ │ ß │ y │ c │ p │ j │ q │ o │ g │ d │ b │ v │ ö │ Ret│
├─────┴┬──┴┬──┴┬──┴┬──┴┬──┴┬──┴┬──┴┬──┴┬──┴┬──┴┬──┴┬──┴┐   │
│    ⇩ │ u │ e │ r │ l │ f │ ü │ i │ s │ t │ h │ ⇘ │ ´ │   │
├────┬─┴─┬─┴─┬─┴─┬─┴─┬─┴─┬─┴─┬─┴─┬─┴─┬─┴─┬─┴─┬─┴─┬─┴───┴───┤
│  ⇧ │ ⇚ │ k │ ä │ m │ n │ x │ z │ a │ , │ . │ w │ ⇗       │
├────┼───┴┬──┴─┬─┴───┴───┴───┴───┴───┴─┬─┴──┬┴───┼────┬────┤
│Strg│ Fe │ Alt│      Leerzeichen      │ M4 │ Fe │ Me │Strg│
└────┴────┴────┴───────────────────────┴────┴────┴────┴────┘
# 10.178783386359049 x100 total penalty per letter
# 37.25160853954756 x10 billion total penalty compared to notime-noeffort
# 7.828042310227618 mean key position cost in file 1gramme.txt ( 57.29705736 )
# 11.873612883513301 % finger repeats in file 2gramme.txt ( 57.31876177351851 )
# 11.448124044942581 million keystrokes disbalance of the fingers ( 22.896248089885162 )
# 0.6158863917559596 % finger repeats top to bottom or vice versa ( 14.86567134828394 )
# 4.739273970209579 % of trigrams have no handswitching (after direction change counted x 1 ) ( 20.963299573525166 )
# 8.253733578856739 billion (rows²/dist)² to cross ( 107.29853652513759 )
# 0.001513548142310417 hand disbalance. Left: 0.5015135481423104 %, Right: 0.49848645185768964 % ( 0.04431343178295099 )
# 1.0979192834421578 badly positioned shortcut keys (weighted).
# 11.680643380701895 no handswitching after unbalancing key (weighted).
# 32.312866264333294 movement pattern cost (weighted).
# 0.8844815961053991 asymmetric bigram cost (weighted).
# 7.566092481274143 irregularity cost (weighted).
# 17.095992732419862 manually assigned bigram penalty (weighted)
# 10.934656819615302 unbalancing key after neighboring finger (weighted)
# 0.8844815961053991 asymmetrc bigrams (weighted)
# 10.259544735450127 inconsistent symmetries of similar keys (weighted)
# 7.566092481274143 irregularity cost for randomly sampled words (weighted).
# Finger load %: 9.4 11.7 9.1 12.1 - 14.6 7.9 9.5 10.1
 
