
# Evolved Layout
jouyq xprfvzß
caetk mlsih⇘
güödä wn,.b
┌───┬───┬───┬───┬───┬───┬───┬───┬───┬───┬───┬───┬───┬──────┐
│ ^ │ 1 │ 2 │ 3 │ 4 │ 5 │ 6 │ 7 │ 8 │ 9 │ 0 │ - │ ` │ ←    │
├───┴─┬─┴─┬─┴─┬─┴─┬─┴─┬─┴─┬─┴─┬─┴─┬─┴─┬─┴─┬─┴─┬─┴─┬─┴─┬────┤
│   ⇥ │ j │ o │ u │ y │ q │ x │ p │ r │ f │ v │ z │ ß │ Ret│
├─────┴┬──┴┬──┴┬──┴┬──┴┬──┴┬──┴┬──┴┬──┴┬──┴┬──┴┬──┴┬──┴┐   │
│    ⇩ │ c │ a │ e │ t │ k │ m │ l │ s │ i │ h │ ⇘ │ ´ │   │
├────┬─┴─┬─┴─┬─┴─┬─┴─┬─┴─┬─┴─┬─┴─┬─┴─┬─┴─┬─┴─┬─┴─┬─┴───┴───┤
│  ⇧ │ ⇚ │ g │ ü │ ö │ d │ ä │ w │ n │ , │ . │ b │ ⇗       │
├────┼───┴┬──┴─┬─┴───┴───┴───┴───┴───┴─┬─┴──┬┴───┼────┬────┤
│Strg│ Fe │ Alt│      Leerzeichen      │ M4 │ Fe │ Me │Strg│
└────┴────┴────┴───────────────────────┴────┴────┴────┴────┘
# 10.039459021345358 x100 total penalty per letter
# 36.74171884954134 x10 billion total penalty compared to notime-noeffort
# 7.544969186650065 mean key position cost in file 1gramme.txt ( 55.22511442 )
# 14.161570674860215 % finger repeats in file 2gramme.txt ( 68.36366519732587 )
# 11.241918548758655 million keystrokes disbalance of the fingers ( 22.483837097517306 )
# 0.3738164984742508 % finger repeats top to bottom or vice versa ( 9.022821879601505 )
# 3.060003036362556 % of trigrams have no handswitching (after direction change counted x 1 ) ( 13.535355995536204 )
# 8.419279108220552 billion (rows²/dist)² to cross ( 109.45062840686717 )
# 0.011811287659871883 hand disbalance. Left: 0.4881887123401281 %, Right: 0.5118112876598718 % ( 0.3458090795748197 )
# 1.0979192834421578 badly positioned shortcut keys (weighted).
# 13.195418413046003 no handswitching after unbalancing key (weighted).
# 28.591018266382157 movement pattern cost (weighted).
# 0.8785788699246242 asymmetric bigram cost (weighted).
# 7.210585729083082 irregularity cost (weighted).
# 16.824759724182712 manually assigned bigram penalty (weighted)
# 10.864978486885109 unbalancing key after neighboring finger (weighted)
# 0.8785788699246242 asymmetrc bigrams (weighted)
# 10.326697646044682 inconsistent symmetries of similar keys (weighted)
# 7.210585729083082 irregularity cost for randomly sampled words (weighted).
# Finger load %: 10.1 7.7 13.4 10.0 - 14.4 10.9 8.3 9.6
 
