
# Evolved Layout
öälkj qwuczxß
aehnf gdirs⇘
oyümp bt,.v
┌───┬───┬───┬───┬───┬───┬───┬───┬───┬───┬───┬───┬───┬──────┐
│ ^ │ 1 │ 2 │ 3 │ 4 │ 5 │ 6 │ 7 │ 8 │ 9 │ 0 │ - │ ` │ ←    │
├───┴─┬─┴─┬─┴─┬─┴─┬─┴─┬─┴─┬─┴─┬─┴─┬─┴─┬─┴─┬─┴─┬─┴─┬─┴─┬────┤
│   ⇥ │ ö │ ä │ l │ k │ j │ q │ w │ u │ c │ z │ x │ ß │ Ret│
├─────┴┬──┴┬──┴┬──┴┬──┴┬──┴┬──┴┬──┴┬──┴┬──┴┬──┴┬──┴┬──┴┐   │
│    ⇩ │ a │ e │ h │ n │ f │ g │ d │ i │ r │ s │ ⇘ │ ´ │   │
├────┬─┴─┬─┴─┬─┴─┬─┴─┬─┴─┬─┴─┬─┴─┬─┴─┬─┴─┬─┴─┬─┴─┬─┴───┴───┤
│  ⇧ │ ⇚ │ o │ y │ ü │ m │ p │ b │ t │ , │ . │ v │ ⇗       │
├────┼───┴┬──┴─┬─┴───┴───┴───┴───┴───┴─┬─┴──┬┴───┼────┬────┤
│Strg│ Fe │ Alt│      Leerzeichen      │ M4 │ Fe │ Me │Strg│
└────┴────┴────┴───────────────────────┴────┴────┴────┴────┘
# 10.06769092683179 x100 total penalty per letter
# 36.845040027680916 x10 billion total penalty compared to notime-noeffort
# 7.560375229020475 mean key position cost in file 1gramme.txt ( 55.33787836 )
# 9.32729506616277 % finger repeats in file 2gramme.txt ( 45.02664935548296 )
# 14.034746790768635 million keystrokes disbalance of the fingers ( 28.06949358153727 )
# 0.4193369654972394 % finger repeats top to bottom or vice versa ( 10.121550981984855 )
# 4.986361902191024 % of trigrams have no handswitching (after direction change counted x 1 ) ( 22.05624722155927 )
# 8.01922219383076 billion (rows²/dist)² to cross ( 104.24988851979988 )
# 0.008428310350853785 hand disbalance. Left: 0.5084283103508538 %, Right: 0.49157168964914627 % ( 0.24676278562766693 )
# 1.463892377922877 badly positioned shortcut keys (weighted).
# 12.065229374736072 no handswitching after unbalancing key (weighted).
# 32.47892186441879 movement pattern cost (weighted).
# 0.8707011343810961 asymmetric bigram cost (weighted).
# 9.521489680938945 irregularity cost (weighted).
# 19.84411241083898 manually assigned bigram penalty (weighted)
# 12.683106681757058 unbalancing key after neighboring finger (weighted)
# 0.8707011343810961 asymmetrc bigrams (weighted)
# 14.414475945823371 inconsistent symmetries of similar keys (weighted)
# 9.521489680938945 irregularity cost for randomly sampled words (weighted).
# Finger load %: 12.9 11.7 6.4 12.0 - 13.7 9.2 8.6 10.0
 
