
# Evolved Layout
öüfkj qplozxß
hensm ctrai⇘
uäwgv bd,.y
┌───┬───┬───┬───┬───┬───┬───┬───┬───┬───┬───┬───┬───┬──────┐
│ ^ │ 1 │ 2 │ 3 │ 4 │ 5 │ 6 │ 7 │ 8 │ 9 │ 0 │ - │ ` │ ←    │
├───┴─┬─┴─┬─┴─┬─┴─┬─┴─┬─┴─┬─┴─┬─┴─┬─┴─┬─┴─┬─┴─┬─┴─┬─┴─┬────┤
│   ⇥ │ ö │ ü │ f │ k │ j │ q │ p │ l │ o │ z │ x │ ß │ Ret│
├─────┴┬──┴┬──┴┬──┴┬──┴┬──┴┬──┴┬──┴┬──┴┬──┴┬──┴┬──┴┬──┴┐   │
│    ⇩ │ h │ e │ n │ s │ m │ c │ t │ r │ a │ i │ ⇘ │ ´ │   │
├────┬─┴─┬─┴─┬─┴─┬─┴─┬─┴─┬─┴─┬─┴─┬─┴─┬─┴─┬─┴─┬─┴─┬─┴───┴───┤
│  ⇧ │ ⇚ │ u │ ä │ w │ g │ v │ b │ d │ , │ . │ y │ ⇗       │
├────┼───┴┬──┴─┬─┴───┴───┴───┴───┴───┴─┬─┴──┬┴───┼────┬────┤
│Strg│ Fe │ Alt│      Leerzeichen      │ M4 │ Fe │ Me │Strg│
└────┴────┴────┴───────────────────────┴────┴────┴────┴────┘
# 9.911819201517714 x100 total penalty per letter
# 36.2745914511285 x10 billion total penalty compared to notime-noeffort
# 7.436542573878698 mean key position cost in file 1gramme.txt ( 54.43148996 )
# 9.041107320659954 % finger repeats in file 2gramme.txt ( 43.64510463376196 )
# 12.81399934651099 million keystrokes disbalance of the fingers ( 25.62799869302198 )
# 0.31084975819788246 % finger repeats top to bottom or vice versa ( 7.50299147037216 )
# 5.2101180246478505 % of trigrams have no handswitching (after direction change counted x 1 ) ( 23.045990936726977 )
# 8.218518135678739 billion (rows²/dist)² to cross ( 106.8407357638236 )
# 0.0004635728559129193 hand disbalance. Left: 0.5004635728559129 %, Right: 0.4995364271440871 % ( 0.013572415407657254 )
# 1.463892377922877 badly positioned shortcut keys (weighted).
# 12.078706861092146 no handswitching after unbalancing key (weighted).
# 37.59417036569718 movement pattern cost (weighted).
# 0.9010648930869534 asymmetric bigram cost (weighted).
# 6.467562558512507 irregularity cost (weighted).
# 18.19819346705157 manually assigned bigram penalty (weighted)
# 12.101381668227384 unbalancing key after neighboring finger (weighted)
# 0.9010648930869534 asymmetrc bigrams (weighted)
# 12.833058446579981 inconsistent symmetries of similar keys (weighted)
# 6.467562558512507 irregularity cost for randomly sampled words (weighted).
# Finger load %: 11.2 11.6 9.0 10.5 - 13.7 9.1 8.6 10.8
 
