
# Evolved Layout
öyapß zfrbwjq
oeihu gtlns⇘
äxükv cd,.m
┌───┬───┬───┬───┬───┬───┬───┬───┬───┬───┬───┬───┬───┬──────┐
│ ^ │ 1 │ 2 │ 3 │ 4 │ 5 │ 6 │ 7 │ 8 │ 9 │ 0 │ - │ ` │ ←    │
├───┴─┬─┴─┬─┴─┬─┴─┬─┴─┬─┴─┬─┴─┬─┴─┬─┴─┬─┴─┬─┴─┬─┴─┬─┴─┬────┤
│   ⇥ │ ö │ y │ a │ p │ ß │ z │ f │ r │ b │ w │ j │ q │ Ret│
├─────┴┬──┴┬──┴┬──┴┬──┴┬──┴┬──┴┬──┴┬──┴┬──┴┬──┴┬──┴┬──┴┐   │
│    ⇩ │ o │ e │ i │ h │ u │ g │ t │ l │ n │ s │ ⇘ │ ´ │   │
├────┬─┴─┬─┴─┬─┴─┬─┴─┬─┴─┬─┴─┬─┴─┬─┴─┬─┴─┬─┴─┬─┴─┬─┴───┴───┤
│  ⇧ │ ⇚ │ ä │ x │ ü │ k │ v │ c │ d │ , │ . │ m │ ⇗       │
├────┼───┴┬──┴─┬─┴───┴───┴───┴───┴───┴─┬─┴──┬┴───┼────┬────┤
│Strg│ Fe │ Alt│      Leerzeichen      │ M4 │ Fe │ Me │Strg│
└────┴────┴────┴───────────────────────┴────┴────┴────┴────┘
# 9.877727968576389 x100 total penalty per letter
# 36.1498267109865 x10 billion total penalty compared to notime-noeffort
# 7.290246160815959 mean key position cost in file 1gramme.txt ( 53.36067894 )
# 11.66781587722586 % finger repeats in file 2gramme.txt ( 56.325295867831784 )
# 12.152524214153441 million keystrokes disbalance of the fingers ( 24.305048428306883 )
# 0.39118124597007875 % finger repeats top to bottom or vice versa ( 9.441955396390101 )
# 2.0157836928359467 % of trigrams have no handswitching (after direction change counted x 1 ) ( 8.916445365676568 )
# 8.205981228280546 billion (rows²/dist)² to cross ( 106.6777559676471 )
# 0.032058980107801394 hand disbalance. Left: 0.4679410198921986 %, Right: 0.5320589801078014 % ( 0.9386179324758319 )
# 1.0979192834421578 badly positioned shortcut keys (weighted).
# 12.709504520031022 no handswitching after unbalancing key (weighted).
# 25.35780852608939 movement pattern cost (weighted).
# 0.8618414374591616 asymmetric bigram cost (weighted).
# 10.874813482995238 irregularity cost (weighted).
# 19.732896987087027 manually assigned bigram penalty (weighted)
# 14.61372468591253 unbalancing key after neighboring finger (weighted)
# 0.8618414374591616 asymmetrc bigrams (weighted)
# 16.28396028852021 inconsistent symmetries of similar keys (weighted)
# 10.874813482995238 irregularity cost for randomly sampled words (weighted).
# Finger load %: 9.0 11.6 10.2 8.6 - 15.3 9.1 9.2 11.3
 
