
# Evolved Layout
övclä qpofkßx
ianrm wtesh⇘
uüyzj gd,.b
┌───┬───┬───┬───┬───┬───┬───┬───┬───┬───┬───┬───┬───┬──────┐
│ ^ │ 1 │ 2 │ 3 │ 4 │ 5 │ 6 │ 7 │ 8 │ 9 │ 0 │ - │ ` │ ←    │
├───┴─┬─┴─┬─┴─┬─┴─┬─┴─┬─┴─┬─┴─┬─┴─┬─┴─┬─┴─┬─┴─┬─┴─┬─┴─┬────┤
│   ⇥ │ ö │ v │ c │ l │ ä │ q │ p │ o │ f │ k │ ß │ x │ Ret│
├─────┴┬──┴┬──┴┬──┴┬──┴┬──┴┬──┴┬──┴┬──┴┬──┴┬──┴┬──┴┬──┴┐   │
│    ⇩ │ i │ a │ n │ r │ m │ w │ t │ e │ s │ h │ ⇘ │ ´ │   │
├────┬─┴─┬─┴─┬─┴─┬─┴─┬─┴─┬─┴─┬─┴─┬─┴─┬─┴─┬─┴─┬─┴─┬─┴───┴───┤
│  ⇧ │ ⇚ │ u │ ü │ y │ z │ j │ g │ d │ , │ . │ b │ ⇗       │
├────┼───┴┬──┴─┬─┴───┴───┴───┴───┴───┴─┬─┴──┬┴───┼────┬────┤
│Strg│ Fe │ Alt│      Leerzeichen      │ M4 │ Fe │ Me │Strg│
└────┴────┴────┴───────────────────────┴────┴────┴────┴────┘
# 9.680097177127008 x100 total penalty per letter
# 35.42655118787246 x10 billion total penalty compared to notime-noeffort
# 7.437590241059106 mean key position cost in file 1gramme.txt ( 54.43915832 )
# 9.825064493699593 % finger repeats in file 2gramme.txt ( 47.42958496699682 )
# 14.778113645990148 million keystrokes disbalance of the fingers ( 29.556227291980296 )
# 0.33917359552153453 % finger repeats top to bottom or vice versa ( 8.186644921092514 )
# 4.798168899690364 % of trigrams have no handswitching (after direction change counted x 1 ) ( 21.223810372822285 )
# 8.143991261808816 billion (rows²/dist)² to cross ( 105.87188640351461 )
# 0.030625708821169773 hand disbalance. Left: 0.4693742911788302 %, Right: 0.5306257088211698 % ( 0.896654834235917 )
# 0.7319461889614385 badly positioned shortcut keys (weighted).
# 10.701417405044163 no handswitching after unbalancing key (weighted).
# 30.38634456874182 movement pattern cost (weighted).
# 0.8674565941413772 asymmetric bigram cost (weighted).
# 3.951362484328234 irregularity cost (weighted).
# 17.975643127358904 manually assigned bigram penalty (weighted)
# 12.069486367846595 unbalancing key after neighboring finger (weighted)
# 0.8674565941413772 asymmetrc bigrams (weighted)
# 9.977888031659656 inconsistent symmetries of similar keys (weighted)
# 3.951362484328234 irregularity cost for randomly sampled words (weighted).
# Finger load %: 14.0 5.6 9.0 11.0 - 13.3 14.7 7.5 9.3
 
