
# Evolved Layout
ödovq wbluzßj
htesm cnria⇘
kyägü pf,.x
┌───┬───┬───┬───┬───┬───┬───┬───┬───┬───┬───┬───┬───┬──────┐
│ ^ │ 1 │ 2 │ 3 │ 4 │ 5 │ 6 │ 7 │ 8 │ 9 │ 0 │ - │ ` │ ←    │
├───┴─┬─┴─┬─┴─┬─┴─┬─┴─┬─┴─┬─┴─┬─┴─┬─┴─┬─┴─┬─┴─┬─┴─┬─┴─┬────┤
│   ⇥ │ ö │ d │ o │ v │ q │ w │ b │ l │ u │ z │ ß │ j │ Ret│
├─────┴┬──┴┬──┴┬──┴┬──┴┬──┴┬──┴┬──┴┬──┴┬──┴┬──┴┬──┴┬──┴┐   │
│    ⇩ │ h │ t │ e │ s │ m │ c │ n │ r │ i │ a │ ⇘ │ ´ │   │
├────┬─┴─┬─┴─┬─┴─┬─┴─┬─┴─┬─┴─┬─┴─┬─┴─┬─┴─┬─┴─┬─┴─┬─┴───┴───┤
│  ⇧ │ ⇚ │ k │ y │ ä │ g │ ü │ p │ f │ , │ . │ x │ ⇗       │
├────┼───┴┬──┴─┬─┴───┴───┴───┴───┴───┴─┬─┴──┬┴───┼────┬────┤
│Strg│ Fe │ Alt│      Leerzeichen      │ M4 │ Fe │ Me │Strg│
└────┴────┴────┴───────────────────────┴────┴────┴────┴────┘
# 10.037861403297315 x100 total penalty per letter
# 36.735871997332936 x10 billion total penalty compared to notime-noeffort
# 7.198890108952531 mean key position cost in file 1gramme.txt ( 52.6920018 )
# 9.420396849433343 % finger repeats in file 2gramme.txt ( 45.476089554378575 )
# 10.984794437605705 million keystrokes disbalance of the fingers ( 21.96958887521141 )
# 0.3185290292767767 % finger repeats top to bottom or vice versa ( 7.6883463046099285 )
# 5.013464897431298 % of trigrams have no handswitching (after direction change counted x 1 ) ( 22.176132295123942 )
# 8.517778741490677 billion (rows²/dist)² to cross ( 110.73112363937878 )
# 0.0025502260182672654 hand disbalance. Left: 0.49744977398173273 %, Right: 0.5025502260182673 % ( 0.07466512860244115 )
# 1.0979192834421578 badly positioned shortcut keys (weighted).
# 13.892733015647423 no handswitching after unbalancing key (weighted).
# 35.64547197613727 movement pattern cost (weighted).
# 0.8626771767478058 asymmetric bigram cost (weighted).
# 8.63676856822583 irregularity cost (weighted).
# 16.308504294340654 manually assigned bigram penalty (weighted)
# 15.69222211565985 unbalancing key after neighboring finger (weighted)
# 0.8626771767478058 asymmetrc bigrams (weighted)
# 14.414475945823371 inconsistent symmetries of similar keys (weighted)
# 8.63676856822583 irregularity cost for randomly sampled words (weighted).
# Finger load %: 9.7 8.7 13.8 9.8 - 14.5 9.1 9.4 9.4
 
