
# Evolved Layout
ßkpzj xfuyüäö
hsnrm ctiea⇘
gvblq wd,.o
┌───┬───┬───┬───┬───┬───┬───┬───┬───┬───┬───┬───┬───┬──────┐
│ ^ │ 1 │ 2 │ 3 │ 4 │ 5 │ 6 │ 7 │ 8 │ 9 │ 0 │ - │ ` │ ←    │
├───┴─┬─┴─┬─┴─┬─┴─┬─┴─┬─┴─┬─┴─┬─┴─┬─┴─┬─┴─┬─┴─┬─┴─┬─┴─┬────┤
│   ⇥ │ ß │ k │ p │ z │ j │ x │ f │ u │ y │ ü │ ä │ ö │ Ret│
├─────┴┬──┴┬──┴┬──┴┬──┴┬──┴┬──┴┬──┴┬──┴┬──┴┬──┴┬──┴┬──┴┐   │
│    ⇩ │ h │ s │ n │ r │ m │ c │ t │ i │ e │ a │ ⇘ │ ´ │   │
├────┬─┴─┬─┴─┬─┴─┬─┴─┬─┴─┬─┴─┬─┴─┬─┴─┬─┴─┬─┴─┬─┴─┬─┴───┴───┤
│  ⇧ │ ⇚ │ g │ v │ b │ l │ q │ w │ d │ , │ . │ o │ ⇗       │
├────┼───┴┬──┴─┬─┴───┴───┴───┴───┴───┴─┬─┴──┬┴───┼────┬────┤
│Strg│ Fe │ Alt│      Leerzeichen      │ M4 │ Fe │ Me │Strg│
└────┴────┴────┴───────────────────────┴────┴────┴────┴────┘
# 9.40725955026955 x100 total penalty per letter
# 34.42803888195447 x10 billion total penalty compared to notime-noeffort
# 7.578850939672359 mean key position cost in file 1gramme.txt ( 55.47311062 )
# 9.102269054887579 % finger repeats in file 2gramme.txt ( 43.940357216799775 )
# 13.655262235738347 million keystrokes disbalance of the fingers ( 27.310524471476693 )
# 0.32548039838628795 % finger repeats top to bottom or vice versa ( 7.85613174358997 )
# 2.4360236995610407 % of trigrams have no handswitching (after direction change counted x 1 ) ( 10.775299107649369 )
# 8.525270292172731 billion (rows²/dist)² to cross ( 110.8285137982455 )
# 0.06587452121445586 hand disbalance. Left: 0.43412547878554414 %, Right: 0.5658745212144559 % ( 1.9286641901032162 )
# 0.7319461889614385 badly positioned shortcut keys (weighted).
# 11.420442026667207 no handswitching after unbalancing key (weighted).
# 26.433411981417773 movement pattern cost (weighted).
# 0.8808944094876081 asymmetric bigram cost (weighted).
# 6.078203499733393 irregularity cost (weighted).
# 17.838062818919823 manually assigned bigram penalty (weighted)
# 12.739785804238746 unbalancing key after neighboring finger (weighted)
# 0.8808944094876081 asymmetrc bigrams (weighted)
# 10.045040942254213 inconsistent symmetries of similar keys (weighted)
# 6.078203499733393 irregularity cost for randomly sampled words (weighted).
# Finger load %: 10.5 6.5 8.8 10.8 - 14.0 9.2 12.6 12.0
 
