
# Evolved Layout
jlpfß äüihköq
trnsm oeudb⇘
xzcgv ya,.w
┌───┬───┬───┬───┬───┬───┬───┬───┬───┬───┬───┬───┬───┬──────┐
│ ^ │ 1 │ 2 │ 3 │ 4 │ 5 │ 6 │ 7 │ 8 │ 9 │ 0 │ - │ ` │ ←    │
├───┴─┬─┴─┬─┴─┬─┴─┬─┴─┬─┴─┬─┴─┬─┴─┬─┴─┬─┴─┬─┴─┬─┴─┬─┴─┬────┤
│   ⇥ │ j │ l │ p │ f │ ß │ ä │ ü │ i │ h │ k │ ö │ q │ Ret│
├─────┴┬──┴┬──┴┬──┴┬──┴┬──┴┬──┴┬──┴┬──┴┬──┴┬──┴┬──┴┬──┴┐   │
│    ⇩ │ t │ r │ n │ s │ m │ o │ e │ u │ d │ b │ ⇘ │ ´ │   │
├────┬─┴─┬─┴─┬─┴─┬─┴─┬─┴─┬─┴─┬─┴─┬─┴─┬─┴─┬─┴─┬─┴─┬─┴───┴───┤
│  ⇧ │ ⇚ │ x │ z │ c │ g │ v │ y │ a │ , │ . │ w │ ⇗       │
├────┼───┴┬──┴─┬─┴───┴───┴───┴───┴───┴─┬─┴──┬┴───┼────┬────┤
│Strg│ Fe │ Alt│      Leerzeichen      │ M4 │ Fe │ Me │Strg│
└────┴────┴────┴───────────────────────┴────┴────┴────┴────┘
# 9.822288934849652 x100 total penalty per letter
# 35.94693476370655 x10 billion total penalty compared to notime-noeffort
# 7.6476014636301395 mean key position cost in file 1gramme.txt ( 55.97632746 )
# 12.949818464568207 % finger repeats in file 2gramme.txt ( 62.51404411302194 )
# 11.939320171583617 million keystrokes disbalance of the fingers ( 23.878640343167234 )
# 0.3728702084204254 % finger repeats top to bottom or vice versa ( 8.99998124352216 )
# 2.79352214818707 % of trigrams have no handswitching (after direction change counted x 1 ) ( 12.356627201936886 )
# 8.641212295357395 billion (rows²/dist)² to cross ( 112.33575983964613 )
# 0.029220997681235816 hand disbalance. Left: 0.4707790023187642 %, Right: 0.5292209976812359 % ( 0.8555279156172636 )
# 0.36597309448071924 badly positioned shortcut keys (weighted).
# 12.984770521154733 no handswitching after unbalancing key (weighted).
# 22.888279295723365 movement pattern cost (weighted).
# 0.8845952654813176 asymmetric bigram cost (weighted).
# 7.669522473341106 irregularity cost (weighted).
# 17.398387883599018 manually assigned bigram penalty (weighted)
# 11.087052323147043 unbalancing key after neighboring finger (weighted)
# 0.8845952654813176 asymmetrc bigrams (weighted)
# 9.273858663226635 inconsistent symmetries of similar keys (weighted)
# 7.669522473341106 irregularity cost for randomly sampled words (weighted).
# Finger load %: 10.5 8.7 9.6 10.9 - 19.9 9.2 7.9 7.7
 
