
# Evolved Layout
äouvq kpflzjß
aeinm wtsrh⇘
xöycü bd,.g
┌───┬───┬───┬───┬───┬───┬───┬───┬───┬───┬───┬───┬───┬──────┐
│ ^ │ 1 │ 2 │ 3 │ 4 │ 5 │ 6 │ 7 │ 8 │ 9 │ 0 │ - │ ` │ ←    │
├───┴─┬─┴─┬─┴─┬─┴─┬─┴─┬─┴─┬─┴─┬─┴─┬─┴─┬─┴─┬─┴─┬─┴─┬─┴─┬────┤
│   ⇥ │ ä │ o │ u │ v │ q │ k │ p │ f │ l │ z │ j │ ß │ Ret│
├─────┴┬──┴┬──┴┬──┴┬──┴┬──┴┬──┴┬──┴┬──┴┬──┴┬──┴┬──┴┬──┴┐   │
│    ⇩ │ a │ e │ i │ n │ m │ w │ t │ s │ r │ h │ ⇘ │ ´ │   │
├────┬─┴─┬─┴─┬─┴─┬─┴─┬─┴─┬─┴─┬─┴─┬─┴─┬─┴─┬─┴─┬─┴─┬─┴───┴───┤
│  ⇧ │ ⇚ │ x │ ö │ y │ c │ ü │ b │ d │ , │ . │ g │ ⇗       │
├────┼───┴┬──┴─┬─┴───┴───┴───┴───┴───┴─┬─┴──┬┴───┼────┬────┤
│Strg│ Fe │ Alt│      Leerzeichen      │ M4 │ Fe │ Me │Strg│
└────┴────┴────┴───────────────────────┴────┴────┴────┴────┘
# 9.301347298718389 x100 total penalty per letter
# 34.04042853751847 x10 billion total penalty compared to notime-noeffort
# 7.290972192330317 mean key position cost in file 1gramme.txt ( 53.3659931 )
# 9.652071226972533 % finger repeats in file 2gramme.txt ( 46.594476062804794 )
# 12.43632286571438 million keystrokes disbalance of the fingers ( 24.87264573142876 )
# 0.363766330015898 % finger repeats top to bottom or vice versa ( 8.780240612509695 )
# 3.584703449193831 % of trigrams have no handswitching (after direction change counted x 1 ) ( 15.8562709731626 )
# 8.15734195726139 billion (rows²/dist)² to cross ( 106.04544544439807 )
# 0.03047608888235509 hand disbalance. Left: 0.5304760888823551 %, Right: 0.46952391111764485 % ( 0.892274284475595 )
# 0.7319461889614385 badly positioned shortcut keys (weighted).
# 12.569957854798997 no handswitching after unbalancing key (weighted).
# 27.856446964595992 movement pattern cost (weighted).
# 0.8608968326464815 asymmetric bigram cost (weighted).
# 7.399730461677431 irregularity cost (weighted).
# 16.667732898707417 manually assigned bigram penalty (weighted)
# 11.634527093622761 unbalancing key after neighboring finger (weighted)
# 0.8608968326464815 asymmetrc bigrams (weighted)
# 6.275700871394754 inconsistent symmetries of similar keys (weighted)
# 7.399730461677431 irregularity cost for randomly sampled words (weighted).
# Finger load %: 10.8 13.8 8.4 11.7 - 13.6 7.3 9.3 9.5
 
