
# Evolved Layout
jouvq xplfkzß
iaenc gtrsh⇘
äüömy wd,.b
┌───┬───┬───┬───┬───┬───┬───┬───┬───┬───┬───┬───┬───┬──────┐
│ ^ │ 1 │ 2 │ 3 │ 4 │ 5 │ 6 │ 7 │ 8 │ 9 │ 0 │ - │ ` │ ←    │
├───┴─┬─┴─┬─┴─┬─┴─┬─┴─┬─┴─┬─┴─┬─┴─┬─┴─┬─┴─┬─┴─┬─┴─┬─┴─┬────┤
│   ⇥ │ j │ o │ u │ v │ q │ x │ p │ l │ f │ k │ z │ ß │ Ret│
├─────┴┬──┴┬──┴┬──┴┬──┴┬──┴┬──┴┬──┴┬──┴┬──┴┬──┴┬──┴┬──┴┐   │
│    ⇩ │ i │ a │ e │ n │ c │ g │ t │ r │ s │ h │ ⇘ │ ´ │   │
├────┬─┴─┬─┴─┬─┴─┬─┴─┬─┴─┬─┴─┬─┴─┬─┴─┬─┴─┬─┴─┬─┴─┬─┴───┴───┤
│  ⇧ │ ⇚ │ ä │ ü │ ö │ m │ y │ w │ d │ , │ . │ b │ ⇗       │
├────┼───┴┬──┴─┬─┴───┴───┴───┴───┴───┴─┬─┴──┬┴───┼────┬────┤
│Strg│ Fe │ Alt│      Leerzeichen      │ M4 │ Fe │ Me │Strg│
└────┴────┴────┴───────────────────────┴────┴────┴────┴────┘
# 9.300781194447968 x100 total penalty per letter
# 34.03835674820203 x10 billion total penalty compared to notime-noeffort
# 7.1493056824641625 mean key position cost in file 1gramme.txt ( 52.32907048 )
# 9.983716138641789 % finger repeats in file 2gramme.txt ( 48.1954610260054 )
# 12.629656836382983 million keystrokes disbalance of the fingers ( 25.25931367276597 )
# 0.31127740175869617 % finger repeats top to bottom or vice versa ( 7.513313517935416 )
# 4.020786928501246 % of trigrams have no handswitching (after direction change counted x 1 ) ( 17.785205378147474 )
# 8.049223799020483 billion (rows²/dist)² to cross ( 104.6399093872663 )
# 0.02959051827124526 hand disbalance. Left: 0.5295905182712453 %, Right: 0.4704094817287548 % ( 0.8663466831212713 )
# 1.0979192834421578 badly positioned shortcut keys (weighted).
# 14.085433959868297 no handswitching after unbalancing key (weighted).
# 22.19807186535629 movement pattern cost (weighted).
# 0.866549636328447 asymmetric bigram cost (weighted).
# 11.584890130701327 irregularity cost (weighted).
# 16.129308819908207 manually assigned bigram penalty (weighted)
# 11.912292523826952 unbalancing key after neighboring finger (weighted)
# 0.866549636328447 asymmetrc bigrams (weighted)
# 5.920481117346759 inconsistent symmetries of similar keys (weighted)
# 11.584890130701327 irregularity cost for randomly sampled words (weighted).
# Finger load %: 11.8 7.7 13.4 11.8 - 13.4 9.1 7.5 9.8
 
