
# Evolved Layout
üuczq pfldkjß
hieaä mnrts⇘
vxyoö bw,.g
┌───┬───┬───┬───┬───┬───┬───┬───┬───┬───┬───┬───┬───┬──────┐
│ ^ │ 1 │ 2 │ 3 │ 4 │ 5 │ 6 │ 7 │ 8 │ 9 │ 0 │ - │ ` │ ←    │
├───┴─┬─┴─┬─┴─┬─┴─┬─┴─┬─┴─┬─┴─┬─┴─┬─┴─┬─┴─┬─┴─┬─┴─┬─┴─┬────┤
│   ⇥ │ ü │ u │ c │ z │ q │ p │ f │ l │ d │ k │ j │ ß │ Ret│
├─────┴┬──┴┬──┴┬──┴┬──┴┬──┴┬──┴┬──┴┬──┴┬──┴┬──┴┬──┴┬──┴┐   │
│    ⇩ │ h │ i │ e │ a │ ä │ m │ n │ r │ t │ s │ ⇘ │ ´ │   │
├────┬─┴─┬─┴─┬─┴─┬─┴─┬─┴─┬─┴─┬─┴─┬─┴─┬─┴─┬─┴─┬─┴─┬─┴───┴───┤
│  ⇧ │ ⇚ │ v │ x │ y │ o │ ö │ b │ w │ , │ . │ g │ ⇗       │
├────┼───┴┬──┴─┬─┴───┴───┴───┴───┴───┴─┬─┴──┬┴───┼────┬────┤
│Strg│ Fe │ Alt│      Leerzeichen      │ M4 │ Fe │ Me │Strg│
└────┴────┴────┴───────────────────────┴────┴────┴────┴────┘
# 9.633906322552706 x100 total penalty per letter
# 35.2575050880198 x10 billion total penalty compared to notime-noeffort
# 7.344829050381499 mean key position cost in file 1gramme.txt ( 53.76019632 )
# 11.079022984796588 % finger repeats in file 2gramme.txt ( 53.48295294607835 )
# 12.496944409265636 million keystrokes disbalance of the fingers ( 24.99388881853127 )
# 0.3866742309077497 % finger repeats top to bottom or vice versa ( 9.333169416418496 )
# 2.882535769985211 % of trigrams have no handswitching (after direction change counted x 1 ) ( 12.750362451599267 )
# 8.175658302348005 billion (rows²/dist)² to cross ( 106.28355793052407 )
# 0.02096767336777855 hand disbalance. Left: 0.47903232663222145 %, Right: 0.5209676733677786 % ( 0.6138883445173504 )
# 0.0 badly positioned shortcut keys (weighted).
# 13.953891477352139 no handswitching after unbalancing key (weighted).
# 35.83900853633997 movement pattern cost (weighted).
# 0.8596621843241405 asymmetric bigram cost (weighted).
# 5.802040079429922 irregularity cost (weighted).
# 19.611994858714393 manually assigned bigram penalty (weighted)
# 10.838757906819515 unbalancing key after neighboring finger (weighted)
# 0.8596621843241405 asymmetrc bigrams (weighted)
# 4.45167960954913 inconsistent symmetries of similar keys (weighted)
# 5.802040079429922 irregularity cost for randomly sampled words (weighted).
# Finger load %: 10.3 8.4 13.4 8.4 - 14.2 9.1 9.5 11.1
 
