
# Evolved Layout
ßülöä vkifwqj
mnreu gdast⇘
czxoy bh,.p
┌───┬───┬───┬───┬───┬───┬───┬───┬───┬───┬───┬───┬───┬──────┐
│ ^ │ 1 │ 2 │ 3 │ 4 │ 5 │ 6 │ 7 │ 8 │ 9 │ 0 │ - │ ` │ ←    │
├───┴─┬─┴─┬─┴─┬─┴─┬─┴─┬─┴─┬─┴─┬─┴─┬─┴─┬─┴─┬─┴─┬─┴─┬─┴─┬────┤
│   ⇥ │ ß │ ü │ l │ ö │ ä │ v │ k │ i │ f │ w │ q │ j │ Ret│
├─────┴┬──┴┬──┴┬──┴┬──┴┬──┴┬──┴┬──┴┬──┴┬──┴┬──┴┬──┴┬──┴┐   │
│    ⇩ │ m │ n │ r │ e │ u │ g │ d │ a │ s │ t │ ⇘ │ ´ │   │
├────┬─┴─┬─┴─┬─┴─┬─┴─┬─┴─┬─┴─┬─┴─┬─┴─┬─┴─┬─┴─┬─┴─┬─┴───┴───┤
│  ⇧ │ ⇚ │ c │ z │ x │ o │ y │ b │ h │ , │ . │ p │ ⇗       │
├────┼───┴┬──┴─┬─┴───┴───┴───┴───┴───┴─┬─┴──┬┴───┼────┬────┤
│Strg│ Fe │ Alt│      Leerzeichen      │ M4 │ Fe │ Me │Strg│
└────┴────┴────┴───────────────────────┴────┴────┴────┴────┘
# 9.861372311346472 x100 total penalty per letter
# 36.08996940609951 x10 billion total penalty compared to notime-noeffort
# 7.413654746532031 mean key position cost in file 1gramme.txt ( 54.26396338 )
# 10.29259814279496 % finger repeats in file 2gramme.txt ( 49.6865601704592 )
# 12.545766117101184 million keystrokes disbalance of the fingers ( 25.09153223420237 )
# 0.32419176199227384 % finger repeats top to bottom or vice versa ( 7.825027881940691 )
# 4.367912686762816 % of trigrams have no handswitching (after direction change counted x 1 ) ( 19.320651800081706 )
# 7.593481316308778 billion (rows²/dist)² to cross ( 98.71525711201411 )
# 0.009214857581482883 hand disbalance. Left: 0.5092148575814829 %, Right: 0.49078514241851706 % ( 0.2697911955435526 )
# 0.36597309448071924 badly positioned shortcut keys (weighted).
# 13.480478042244181 no handswitching after unbalancing key (weighted).
# 30.101283153890236 movement pattern cost (weighted).
# 0.8799893211907515 asymmetric bigram cost (weighted).
# 18.41367925009692 irregularity cost (weighted).
# 19.171842975271215 manually assigned bigram penalty (weighted)
# 14.003024261224017 unbalancing key after neighboring finger (weighted)
# 0.8799893211907515 asymmetrc bigrams (weighted)
# 9.310640188355396 inconsistent symmetries of similar keys (weighted)
# 18.41367925009692 irregularity cost for randomly sampled words (weighted).
# Finger load %: 10.4 7.6 8.0 17.0 - 12.5 11.1 7.5 10.3
 
