
# Evolved Layout
jlpbß vmaoäxö
hrntd ysiec⇘
üqzgk wf,.u
┌───┬───┬───┬───┬───┬───┬───┬───┬───┬───┬───┬───┬───┬──────┐
│ ^ │ 1 │ 2 │ 3 │ 4 │ 5 │ 6 │ 7 │ 8 │ 9 │ 0 │ - │ ` │ ←    │
├───┴─┬─┴─┬─┴─┬─┴─┬─┴─┬─┴─┬─┴─┬─┴─┬─┴─┬─┴─┬─┴─┬─┴─┬─┴─┬────┤
│   ⇥ │ j │ l │ p │ b │ ß │ v │ m │ a │ o │ ä │ x │ ö │ Ret│
├─────┴┬──┴┬──┴┬──┴┬──┴┬──┴┬──┴┬──┴┬──┴┬──┴┬──┴┬──┴┬──┴┐   │
│    ⇩ │ h │ r │ n │ t │ d │ y │ s │ i │ e │ c │ ⇘ │ ´ │   │
├────┬─┴─┬─┴─┬─┴─┬─┴─┬─┴─┬─┴─┬─┴─┬─┴─┬─┴─┬─┴─┬─┴─┬─┴───┴───┤
│  ⇧ │ ⇚ │ ü │ q │ z │ g │ k │ w │ f │ , │ . │ u │ ⇗       │
├────┼───┴┬──┴─┬─┴───┴───┴───┴───┴───┴─┬─┴──┬┴───┼────┬────┤
│Strg│ Fe │ Alt│      Leerzeichen      │ M4 │ Fe │ Me │Strg│
└────┴────┴────┴───────────────────────┴────┴────┴────┴────┘
# 9.770505044349358 x100 total penalty per letter
# 35.757419657200124 x10 billion total penalty compared to notime-noeffort
# 7.563178924197729 mean key position cost in file 1gramme.txt ( 55.3583999 )
# 10.495045518373658 % finger repeats in file 2gramme.txt ( 50.663856045464684 )
# 11.321783665642524 million keystrokes disbalance of the fingers ( 22.64356733128505 )
# 0.40081381249696363 % finger repeats top to bottom or vice versa ( 9.67445699107689 )
# 3.058826373383127 % of trigrams have no handswitching (after direction change counted x 1 ) ( 13.530151245042791 )
# 8.607503921280513 billion (rows²/dist)² to cross ( 111.89755097664666 )
# 0.04839149917583924 hand disbalance. Left: 0.45160850082416076 %, Right: 0.5483914991758393 % ( 1.416798935995445 )
# 1.0979192834421578 badly positioned shortcut keys (weighted).
# 12.58792223752443 no handswitching after unbalancing key (weighted).
# 29.385444665594143 movement pattern cost (weighted).
# 0.8434072659402058 asymmetric bigram cost (weighted).
# 5.801391739213245 irregularity cost (weighted).
# 16.501217305943978 manually assigned bigram penalty (weighted)
# 15.845415002786917 unbalancing key after neighboring finger (weighted)
# 0.8434072659402058 asymmetrc bigrams (weighted)
# 10.326697646044682 inconsistent symmetries of similar keys (weighted)
# 5.801391739213245 irregularity cost for randomly sampled words (weighted).
# Finger load %: 9.1 8.1 8.1 12.8 - 11.1 11.1 14.9 9.1
 
