
# Evolved Layout
övlzq kpouxjß
ctnrm fheia⇘
gwüsä bd,.y
┌───┬───┬───┬───┬───┬───┬───┬───┬───┬───┬───┬───┬───┬──────┐
│ ^ │ 1 │ 2 │ 3 │ 4 │ 5 │ 6 │ 7 │ 8 │ 9 │ 0 │ - │ ` │ ←    │
├───┴─┬─┴─┬─┴─┬─┴─┬─┴─┬─┴─┬─┴─┬─┴─┬─┴─┬─┴─┬─┴─┬─┴─┬─┴─┬────┤
│   ⇥ │ ö │ v │ l │ z │ q │ k │ p │ o │ u │ x │ j │ ß │ Ret│
├─────┴┬──┴┬──┴┬──┴┬──┴┬──┴┬──┴┬──┴┬──┴┬──┴┬──┴┬──┴┬──┴┐   │
│    ⇩ │ c │ t │ n │ r │ m │ f │ h │ e │ i │ a │ ⇘ │ ´ │   │
├────┬─┴─┬─┴─┬─┴─┬─┴─┬─┴─┬─┴─┬─┴─┬─┴─┬─┴─┬─┴─┬─┴─┬─┴───┴───┤
│  ⇧ │ ⇚ │ g │ w │ ü │ s │ ä │ b │ d │ , │ . │ y │ ⇗       │
├────┼───┴┬──┴─┬─┴───┴───┴───┴───┴───┴─┬─┴──┬┴───┼────┬────┤
│Strg│ Fe │ Alt│      Leerzeichen      │ M4 │ Fe │ Me │Strg│
└────┴────┴────┴───────────────────────┴────┴────┴────┴────┘
# 9.804426874128922 x100 total penalty per letter
# 35.88156442734887 x10 billion total penalty compared to notime-noeffort
# 7.503673568945042 mean key position cost in file 1gramme.txt ( 54.92285272 )
# 11.896161882295832 % finger repeats in file 2gramme.txt ( 57.427614967750735 )
# 10.99102422944008 million keystrokes disbalance of the fingers ( 21.98204845888016 )
# 0.3778688045521512 % finger repeats top to bottom or vice versa ( 9.120632532934774 )
# 3.175463181422226 % of trigrams have no handswitching (after direction change counted x 1 ) ( 14.046072536699043 )
# 8.575882667979235 billion (rows²/dist)² to cross ( 111.48647468373005 )
# 0.037609354903647085 hand disbalance. Left: 0.4623906450963529 %, Right: 0.537609354903647 % ( 1.101120959640907 )
# 0.36597309448071924 badly positioned shortcut keys (weighted).
# 12.689744288788354 no handswitching after unbalancing key (weighted).
# 27.221128376691503 movement pattern cost (weighted).
# 0.8709838099338791 asymmetric bigram cost (weighted).
# 4.171146867793254 irregularity cost (weighted).
# 16.28949303642384 manually assigned bigram penalty (weighted)
# 14.538584811486142 unbalancing key after neighboring finger (weighted)
# 0.8709838099338791 asymmetrc bigrams (weighted)
# 12.581773128255305 inconsistent symmetries of similar keys (weighted)
# 4.171146867793254 irregularity cost for randomly sampled words (weighted).
# Finger load %: 9.8 6.9 9.6 12.7 - 12.2 14.7 9.4 9.1
 
