
# Evolved Layout
jhpzß qwfcäxö
iunrm gtsea⇘
ükvly bd,.o
┌───┬───┬───┬───┬───┬───┬───┬───┬───┬───┬───┬───┬───┬──────┐
│ ^ │ 1 │ 2 │ 3 │ 4 │ 5 │ 6 │ 7 │ 8 │ 9 │ 0 │ - │ ` │ ←    │
├───┴─┬─┴─┬─┴─┬─┴─┬─┴─┬─┴─┬─┴─┬─┴─┬─┴─┬─┴─┬─┴─┬─┴─┬─┴─┬────┤
│   ⇥ │ j │ h │ p │ z │ ß │ q │ w │ f │ c │ ä │ x │ ö │ Ret│
├─────┴┬──┴┬──┴┬──┴┬──┴┬──┴┬──┴┬──┴┬──┴┬──┴┬──┴┬──┴┬──┴┐   │
│    ⇩ │ i │ u │ n │ r │ m │ g │ t │ s │ e │ a │ ⇘ │ ´ │   │
├────┬─┴─┬─┴─┬─┴─┬─┴─┬─┴─┬─┴─┬─┴─┬─┴─┬─┴─┬─┴─┬─┴─┬─┴───┴───┤
│  ⇧ │ ⇚ │ ü │ k │ v │ l │ y │ b │ d │ , │ . │ o │ ⇗       │
├────┼───┴┬──┴─┬─┴───┴───┴───┴───┴───┴─┬─┴──┬┴───┼────┬────┤
│Strg│ Fe │ Alt│      Leerzeichen      │ M4 │ Fe │ Me │Strg│
└────┴────┴────┴───────────────────────┴────┴────┴────┴────┘
# 10.156422680205308 x100 total penalty per letter
# 37.16977437128897 x10 billion total penalty compared to notime-noeffort
# 7.587959680315519 mean key position cost in file 1gramme.txt ( 55.5397817 )
# 12.134995382854019 % finger repeats in file 2gramme.txt ( 58.58056147664681 )
# 14.394548276293548 million keystrokes disbalance of the fingers ( 28.789096552587097 )
# 0.34528862071462363 % finger repeats top to bottom or vice versa ( 8.334243497751697 )
# 4.859100880966934 % of trigrams have no handswitching (after direction change counted x 1 ) ( 21.493331692994598 )
# 7.9624193382946435 billion (rows²/dist)² to cross ( 103.51145139783037 )
# 0.05226532781527199 hand disbalance. Left: 0.447734672184728 %, Right: 0.552265327815272 % ( 1.530216300368344 )
# 0.7319461889614385 badly positioned shortcut keys (weighted).
# 10.886870455265397 no handswitching after unbalancing key (weighted).
# 30.20459577686701 movement pattern cost (weighted).
# 0.8925287430626192 asymmetric bigram cost (weighted).
# 8.532297144573855 irregularity cost (weighted).
# 17.394546600317458 manually assigned bigram penalty (weighted)
# 10.543362010920447 unbalancing key after neighboring finger (weighted)
# 0.8925287430626192 asymmetrc bigrams (weighted)
# 14.732914174742607 inconsistent symmetries of similar keys (weighted)
# 8.532297144573855 irregularity cost for randomly sampled words (weighted).
# Finger load %: 11.7 6.9 8.1 11.1 - 13.7 7.3 14.4 11.3
 
