
# Evolved Layout
ämupq jgyofzß
hrilv wteas⇘
bxönü cd,.k
┌───┬───┬───┬───┬───┬───┬───┬───┬───┬───┬───┬───┬───┬──────┐
│ ^ │ 1 │ 2 │ 3 │ 4 │ 5 │ 6 │ 7 │ 8 │ 9 │ 0 │ - │ ` │ ←    │
├───┴─┬─┴─┬─┴─┬─┴─┬─┴─┬─┴─┬─┴─┬─┴─┬─┴─┬─┴─┬─┴─┬─┴─┬─┴─┬────┤
│   ⇥ │ ä │ m │ u │ p │ q │ j │ g │ y │ o │ f │ z │ ß │ Ret│
├─────┴┬──┴┬──┴┬──┴┬──┴┬──┴┬──┴┬──┴┬──┴┬──┴┬──┴┬──┴┬──┴┐   │
│    ⇩ │ h │ r │ i │ l │ v │ w │ t │ e │ a │ s │ ⇘ │ ´ │   │
├────┬─┴─┬─┴─┬─┴─┬─┴─┬─┴─┬─┴─┬─┴─┬─┴─┬─┴─┬─┴─┬─┴─┬─┴───┴───┤
│  ⇧ │ ⇚ │ b │ x │ ö │ n │ ü │ c │ d │ , │ . │ k │ ⇗       │
├────┼───┴┬──┴─┬─┴───┴───┴───┴───┴───┴─┬─┴──┬┴───┼────┬────┤
│Strg│ Fe │ Alt│      Leerzeichen      │ M4 │ Fe │ Me │Strg│
└────┴────┴────┴───────────────────────┴────┴────┴────┴────┘
# 9.919471501395565 x100 total penalty per letter
# 36.30259680979041 x10 billion total penalty compared to notime-noeffort
# 7.657612822539457 mean key position cost in file 1gramme.txt ( 56.04960522 )
# 9.42763139926408 % finger repeats in file 2gramme.txt ( 45.511013670766296 )
# 12.955689843001148 million keystrokes disbalance of the fingers ( 25.911379686002295 )
# 0.38435515786319036 % finger repeats top to bottom or vice versa ( 9.277193869345936 )
# 3.843107318504917 % of trigrams have no handswitching (after direction change counted x 1 ) ( 16.999272571588193 )
# 8.187814641992631 billion (rows²/dist)² to cross ( 106.4415903459042 )
# 0.05486642914659484 hand disbalance. Left: 0.44513357085340516 %, Right: 0.5548664291465949 % ( 1.6063709486309155 )
# 1.0979192834421578 badly positioned shortcut keys (weighted).
# 11.593106493624866 no handswitching after unbalancing key (weighted).
# 31.652271571667153 movement pattern cost (weighted).
# 0.8792871416834039 asymmetric bigram cost (weighted).
# 7.430985724915604 irregularity cost (weighted).
# 20.400848006297085 manually assigned bigram penalty (weighted)
# 12.625564029414637 unbalancing key after neighboring finger (weighted)
# 0.8792871416834039 asymmetrc bigrams (weighted)
# 15.549559534621388 inconsistent symmetries of similar keys (weighted)
# 7.430985724915604 irregularity cost for randomly sampled words (weighted).
# Finger load %: 10.7 7.3 8.1 11.4 - 14.5 12.4 8.6 11.3
 
