
# Evolved Layout
äougz qblmxßj
aeihp ctrsn⇘
yöükv fd,.w
┌───┬───┬───┬───┬───┬───┬───┬───┬───┬───┬───┬───┬───┬──────┐
│ ^ │ 1 │ 2 │ 3 │ 4 │ 5 │ 6 │ 7 │ 8 │ 9 │ 0 │ - │ ` │ ←    │
├───┴─┬─┴─┬─┴─┬─┴─┬─┴─┬─┴─┬─┴─┬─┴─┬─┴─┬─┴─┬─┴─┬─┴─┬─┴─┬────┤
│   ⇥ │ ä │ o │ u │ g │ z │ q │ b │ l │ m │ x │ ß │ j │ Ret│
├─────┴┬──┴┬──┴┬──┴┬──┴┬──┴┬──┴┬──┴┬──┴┬──┴┬──┴┬──┴┬──┴┐   │
│    ⇩ │ a │ e │ i │ h │ p │ c │ t │ r │ s │ n │ ⇘ │ ´ │   │
├────┬─┴─┬─┴─┬─┴─┬─┴─┬─┴─┬─┴─┬─┴─┬─┴─┬─┴─┬─┴─┬─┴─┬─┴───┴───┤
│  ⇧ │ ⇚ │ y │ ö │ ü │ k │ v │ f │ d │ , │ . │ w │ ⇗       │
├────┼───┴┬──┴─┬─┴───┴───┴───┴───┴───┴─┬─┴──┬┴───┼────┬────┤
│Strg│ Fe │ Alt│      Leerzeichen      │ M4 │ Fe │ Me │Strg│
└────┴────┴────┴───────────────────────┴────┴────┴────┴────┘
# 9.547263022362268 x100 total penalty per letter
# 34.94041392115264 x10 billion total penalty compared to notime-noeffort
# 7.312132649524549 mean key position cost in file 1gramme.txt ( 53.52087626 )
# 10.321285871050998 % finger repeats in file 2gramme.txt ( 49.82504751023213 )
# 13.833080276699214 million keystrokes disbalance of the fingers ( 27.666160553398427 )
# 0.33857389265022564 % finger repeats top to bottom or vice versa ( 8.172169871942486 )
# 2.3767084683314317 % of trigrams have no handswitching (after direction change counted x 1 ) ( 10.51292918150555 )
# 8.170161163363343 billion (rows²/dist)² to cross ( 106.21209512372344 )
# 0.007291102820539186 hand disbalance. Left: 0.4927088971794608 %, Right: 0.5072911028205392 % ( 0.21346779691278608 )
# 1.463892377922877 badly positioned shortcut keys (weighted).
# 13.383977310471481 no handswitching after unbalancing key (weighted).
# 26.089891930195588 movement pattern cost (weighted).
# 0.8787052306383916 asymmetric bigram cost (weighted).
# 4.835735409129726 irregularity cost (weighted).
# 19.961751825844154 manually assigned bigram penalty (weighted)
# 13.691393006117767 unbalancing key after neighboring finger (weighted)
# 0.8787052306383916 asymmetrc bigrams (weighted)
# 12.976045823491535 inconsistent symmetries of similar keys (weighted)
# 4.835735409129726 irregularity cost for randomly sampled words (weighted).
# Finger load %: 10.8 13.8 8.3 8.7 - 14.1 9.1 8.0 11.6
 
