
# Evolved Layout
juoüö qmrwfzß
hleiv cdnts⇘
päxay bg,.k
┌───┬───┬───┬───┬───┬───┬───┬───┬───┬───┬───┬───┬───┬──────┐
│ ^ │ 1 │ 2 │ 3 │ 4 │ 5 │ 6 │ 7 │ 8 │ 9 │ 0 │ - │ ` │ ←    │
├───┴─┬─┴─┬─┴─┬─┴─┬─┴─┬─┴─┬─┴─┬─┴─┬─┴─┬─┴─┬─┴─┬─┴─┬─┴─┬────┤
│   ⇥ │ j │ u │ o │ ü │ ö │ q │ m │ r │ w │ f │ z │ ß │ Ret│
├─────┴┬──┴┬──┴┬──┴┬──┴┬──┴┬──┴┬──┴┬──┴┬──┴┬──┴┬──┴┬──┴┐   │
│    ⇩ │ h │ l │ e │ i │ v │ c │ d │ n │ t │ s │ ⇘ │ ´ │   │
├────┬─┴─┬─┴─┬─┴─┬─┴─┬─┴─┬─┴─┬─┴─┬─┴─┬─┴─┬─┴─┬─┴─┬─┴───┴───┤
│  ⇧ │ ⇚ │ p │ ä │ x │ a │ y │ b │ g │ , │ . │ k │ ⇗       │
├────┼───┴┬──┴─┬─┴───┴───┴───┴───┴───┴─┬─┴──┬┴───┼────┬────┤
│Strg│ Fe │ Alt│      Leerzeichen      │ M4 │ Fe │ Me │Strg│
└────┴────┴────┴───────────────────────┴────┴────┴────┴────┘
# 9.819337274250772 x100 total penalty per letter
# 35.936132480074264 x10 billion total penalty compared to notime-noeffort
# 7.371385223899638 mean key position cost in file 1gramme.txt ( 53.95457322 )
# 13.226235821192004 % finger repeats in file 2gramme.txt ( 63.848423191220185 )
# 12.606817488493743 million keystrokes disbalance of the fingers ( 25.213634976987485 )
# 0.3885282000374372 % finger repeats top to bottom or vice versa ( 9.377918734053555 )
# 2.192463713663088 % of trigrams have no handswitching (after direction change counted x 1 ) ( 9.697956674906118 )
# 8.011640515798916 billion (rows²/dist)² to cross ( 104.15132670538593 )
# 0.010543960918063477 hand disbalance. Left: 0.4894560390819365 %, Right: 0.5105439609180634 % ( 0.3087044804213965 )
# 1.0979192834421578 badly positioned shortcut keys (weighted).
# 12.345430268590293 no handswitching after unbalancing key (weighted).
# 27.879033077203733 movement pattern cost (weighted).
# 0.867874362015842 asymmetric bigram cost (weighted).
# 9.600216895455697 irregularity cost (weighted).
# 20.218832439614594 manually assigned bigram penalty (weighted)
# 11.592774738813539 unbalancing key after neighboring finger (weighted)
# 0.867874362015842 asymmetrc bigrams (weighted)
# 9.206705752632079 inconsistent symmetries of similar keys (weighted)
# 9.600216895455697 irregularity cost for randomly sampled words (weighted).
# Finger load %: 10.2 5.8 13.7 11.6 - 11.7 12.7 7.4 11.2
 
