
# Evolved Layout
öudcj qxgwkvz
aitrl fesnh⇘
oüämß yp,.b
┌───┬───┬───┬───┬───┬───┬───┬───┬───┬───┬───┬───┬───┬──────┐
│ ^ │ 1 │ 2 │ 3 │ 4 │ 5 │ 6 │ 7 │ 8 │ 9 │ 0 │ - │ ` │ ←    │
├───┴─┬─┴─┬─┴─┬─┴─┬─┴─┬─┴─┬─┴─┬─┴─┬─┴─┬─┴─┬─┴─┬─┴─┬─┴─┬────┤
│   ⇥ │ ö │ u │ d │ c │ j │ q │ x │ g │ w │ k │ v │ z │ Ret│
├─────┴┬──┴┬──┴┬──┴┬──┴┬──┴┬──┴┬──┴┬──┴┬──┴┬──┴┬──┴┬──┴┐   │
│    ⇩ │ a │ i │ t │ r │ l │ f │ e │ s │ n │ h │ ⇘ │ ´ │   │
├────┬─┴─┬─┴─┬─┴─┬─┴─┬─┴─┬─┴─┬─┴─┬─┴─┬─┴─┬─┴─┬─┴─┬─┴───┴───┤
│  ⇧ │ ⇚ │ o │ ü │ ä │ m │ ß │ y │ p │ , │ . │ b │ ⇗       │
├────┼───┴┬──┴─┬─┴───┴───┴───┴───┴───┴─┬─┴──┬┴───┼────┬────┤
│Strg│ Fe │ Alt│      Leerzeichen      │ M4 │ Fe │ Me │Strg│
└────┴────┴────┴───────────────────────┴────┴────┴────┴────┘
# 10.795406258111559 x100 total penalty per letter
# 39.508282344576095 x10 billion total penalty compared to notime-noeffort
# 7.515334778646962 mean key position cost in file 1gramme.txt ( 55.0082065 )
# 13.270338213163077 % finger repeats in file 2gramme.txt ( 64.0613233862857 )
# 14.252250522661688 million keystrokes disbalance of the fingers ( 28.504501045323376 )
# 0.3844662148163267 % finger repeats top to bottom or vice versa ( 9.279874454902567 )
# 6.032877287365146 % of trigrams have no handswitching (after direction change counted x 1 ) ( 26.685313965877086 )
# 9.083059044869778 billion (rows²/dist)² to cross ( 118.07976758330712 )
# 8.54715755704838e-06 hand disbalance. Left: 0.500008547157557 %, Right: 0.49999145284244295 % ( 0.0002502423760133808 )
# 1.0979192834421578 badly positioned shortcut keys (weighted).
# 11.151462615968285 no handswitching after unbalancing key (weighted).
# 26.27513859443679 movement pattern cost (weighted).
# 0.8594491323307009 asymmetric bigram cost (weighted).
# 10.690751115021381 irregularity cost (weighted).
# 19.074221356616523 manually assigned bigram penalty (weighted)
# 10.567416067354182 unbalancing key after neighboring finger (weighted)
# 0.8594491323307009 asymmetrc bigrams (weighted)
# 13.747228102519115 inconsistent symmetries of similar keys (weighted)
# 10.690751115021381 irregularity cost for randomly sampled words (weighted).
# Finger load %: 12.9 8.5 8.4 12.4 - 14.8 7.9 9.0 10.6
 
