
# Evolved Layout
ßlmgj öväofxq
rnstb pieah⇘
czkdy üu,.w
┌───┬───┬───┬───┬───┬───┬───┬───┬───┬───┬───┬───┬───┬──────┐
│ ^ │ 1 │ 2 │ 3 │ 4 │ 5 │ 6 │ 7 │ 8 │ 9 │ 0 │ - │ ` │ ←    │
├───┴─┬─┴─┬─┴─┬─┴─┬─┴─┬─┴─┬─┴─┬─┴─┬─┴─┬─┴─┬─┴─┬─┴─┬─┴─┬────┤
│   ⇥ │ ß │ l │ m │ g │ j │ ö │ v │ ä │ o │ f │ x │ q │ Ret│
├─────┴┬──┴┬──┴┬──┴┬──┴┬──┴┬──┴┬──┴┬──┴┬──┴┬──┴┬──┴┬──┴┐   │
│    ⇩ │ r │ n │ s │ t │ b │ p │ i │ e │ a │ h │ ⇘ │ ´ │   │
├────┬─┴─┬─┴─┬─┴─┬─┴─┬─┴─┬─┴─┬─┴─┬─┴─┬─┴─┬─┴─┬─┴─┬─┴───┴───┤
│  ⇧ │ ⇚ │ c │ z │ k │ d │ y │ ü │ u │ , │ . │ w │ ⇗       │
├────┼───┴┬──┴─┬─┴───┴───┴───┴───┴───┴─┬─┴──┬┴───┼────┬────┤
│Strg│ Fe │ Alt│      Leerzeichen      │ M4 │ Fe │ Me │Strg│
└────┴────┴────┴───────────────────────┴────┴────┴────┴────┘
# 10.219338827088054 x100 total penalty per letter
# 37.4000305409638 x10 billion total penalty compared to notime-noeffort
# 7.630670172523092 mean key position cost in file 1gramme.txt ( 55.85239952 )
# 9.863279418315134 % finger repeats in file 2gramme.txt ( 47.61406396102504 )
# 13.366651996044103 million keystrokes disbalance of the fingers ( 26.733303992088207 )
# 0.3833345847657183 % finger repeats top to bottom or vice versa ( 9.25256026084768 )
# 1.9936811326304142 % of trigrams have no handswitching (after direction change counted x 1 ) ( 8.818678789225624 )
# 9.101276397175088 billion (rows²/dist)² to cross ( 118.31659316327612 )
# 0.0012734685144634161 hand disbalance. Left: 0.5012734685144634 %, Right: 0.49872653148553664 % ( 0.03728441703695528 )
# 0.7319461889614385 badly positioned shortcut keys (weighted).
# 11.453041932177404 no handswitching after unbalancing key (weighted).
# 25.429551242099816 movement pattern cost (weighted).
# 0.8730946958926773 asymmetric bigram cost (weighted).
# 24.008786917653364 irregularity cost (weighted).
# 20.590667549907433 manually assigned bigram penalty (weighted)
# 11.275505430825946 unbalancing key after neighboring finger (weighted)
# 0.8730946958926773 asymmetrc bigrams (weighted)
# 13.012827348620299 inconsistent symmetries of similar keys (weighted)
# 24.008786917653364 irregularity cost for randomly sampled words (weighted).
# Finger load %: 12.4 10.1 7.6 12.3 - 11.1 12.3 8.6 10.2
 
