
# Evolved Layout
äuczj öpofkqß
ainrm wtesh⇘
vüxly bd,.g
┌───┬───┬───┬───┬───┬───┬───┬───┬───┬───┬───┬───┬───┬──────┐
│ ^ │ 1 │ 2 │ 3 │ 4 │ 5 │ 6 │ 7 │ 8 │ 9 │ 0 │ - │ ` │ ←    │
├───┴─┬─┴─┬─┴─┬─┴─┬─┴─┬─┴─┬─┴─┬─┴─┬─┴─┬─┴─┬─┴─┬─┴─┬─┴─┬────┤
│   ⇥ │ ä │ u │ c │ z │ j │ ö │ p │ o │ f │ k │ q │ ß │ Ret│
├─────┴┬──┴┬──┴┬──┴┬──┴┬──┴┬──┴┬──┴┬──┴┬──┴┬──┴┬──┴┬──┴┐   │
│    ⇩ │ a │ i │ n │ r │ m │ w │ t │ e │ s │ h │ ⇘ │ ´ │   │
├────┬─┴─┬─┴─┬─┴─┬─┴─┬─┴─┬─┴─┬─┴─┬─┴─┬─┴─┬─┴─┬─┴─┬─┴───┴───┤
│  ⇧ │ ⇚ │ v │ ü │ x │ l │ y │ b │ d │ , │ . │ g │ ⇗       │
├────┼───┴┬──┴─┬─┴───┴───┴───┴───┴───┴─┬─┴──┬┴───┼────┬────┤
│Strg│ Fe │ Alt│      Leerzeichen      │ M4 │ Fe │ Me │Strg│
└────┴────┴────┴───────────────────────┴────┴────┴────┴────┘
# 9.559959245862935 x100 total penalty per letter
# 34.986878683180215 x10 billion total penalty compared to notime-noeffort
# 7.221783526874108 mean key position cost in file 1gramme.txt ( 52.8595693 )
# 9.505217588990964 % finger repeats in file 2gramme.txt ( 45.88555378500948 )
# 12.243197346834192 million keystrokes disbalance of the fingers ( 24.486394693668384 )
# 0.3577283425050176 % finger repeats top to bottom or vice versa ( 8.634501497076608 )
# 4.927704717273384 % of trigrams have no handswitching (after direction change counted x 1 ) ( 21.796788041250743 )
# 8.042073755894965 billion (rows²/dist)² to cross ( 104.54695882663455 )
# 0.030193448647079846 hand disbalance. Left: 0.46980655135292015 %, Right: 0.5301934486470798 % ( 0.8839991867533199 )
# 0.0 badly positioned shortcut keys (weighted).
# 11.050712293442844 no handswitching after unbalancing key (weighted).
# 32.953973576676944 movement pattern cost (weighted).
# 0.8616819521601232 asymmetric bigram cost (weighted).
# 10.031814453254468 irregularity cost (weighted).
# 16.626130255978904 manually assigned bigram penalty (weighted)
# 11.142305280933067 unbalancing key after neighboring finger (weighted)
# 0.8616819521601232 asymmetrc bigrams (weighted)
# 8.108403688962824 inconsistent symmetries of similar keys (weighted)
# 10.031814453254468 irregularity cost for randomly sampled words (weighted).
# Finger load %: 11.2 8.5 8.8 11.1 - 12.8 14.7 7.5 9.8
 
