
# Evolved Layout
öoäcj wfplxzß
iaetk mhnrs⇘
uüygq bd,.v
┌───┬───┬───┬───┬───┬───┬───┬───┬───┬───┬───┬───┬───┬──────┐
│ ^ │ 1 │ 2 │ 3 │ 4 │ 5 │ 6 │ 7 │ 8 │ 9 │ 0 │ - │ ` │ ←    │
├───┴─┬─┴─┬─┴─┬─┴─┬─┴─┬─┴─┬─┴─┬─┴─┬─┴─┬─┴─┬─┴─┬─┴─┬─┴─┬────┤
│   ⇥ │ ö │ o │ ä │ c │ j │ w │ f │ p │ l │ x │ z │ ß │ Ret│
├─────┴┬──┴┬──┴┬──┴┬──┴┬──┴┬──┴┬──┴┬──┴┬──┴┬──┴┬──┴┬──┴┐   │
│    ⇩ │ i │ a │ e │ t │ k │ m │ h │ n │ r │ s │ ⇘ │ ´ │   │
├────┬─┴─┬─┴─┬─┴─┬─┴─┬─┴─┬─┴─┬─┴─┬─┴─┬─┴─┬─┴─┬─┴─┬─┴───┴───┤
│  ⇧ │ ⇚ │ u │ ü │ y │ g │ q │ b │ d │ , │ . │ v │ ⇗       │
├────┼───┴┬──┴─┬─┴───┴───┴───┴───┴───┴─┬─┴──┬┴───┼────┬────┤
│Strg│ Fe │ Alt│      Leerzeichen      │ M4 │ Fe │ Me │Strg│
└────┴────┴────┴───────────────────────┴────┴────┴────┴────┘
# 9.414789827640854 x100 total penalty per letter
# 34.455597671073214 x10 billion total penalty compared to notime-noeffort
# 7.699122505161222 mean key position cost in file 1gramme.txt ( 56.35343376 )
# 9.02888955359542 % finger repeats in file 2gramme.txt ( 43.586124499690996 )
# 14.462768271552285 million keystrokes disbalance of the fingers ( 28.925536543104567 )
# 0.3506139452906102 % finger repeats top to bottom or vice versa ( 8.462781043034761 )
# 2.698718739613556 % of trigrams have no handswitching (after direction change counted x 1 ) ( 11.937281904110606 )
# 8.290217125154623 billion (rows²/dist)² to cross ( 107.7728226270101 )
# 0.015296459342225899 hand disbalance. Left: 0.5152964593422259 %, Right: 0.48470354065777416 % ( 0.44784740480583357 )
# 1.0979192834421578 badly positioned shortcut keys (weighted).
# 13.694889943138865 no handswitching after unbalancing key (weighted).
# 25.079135067784218 movement pattern cost (weighted).
# 0.8669558119621832 asymmetric bigram cost (weighted).
# 3.148711398820229 irregularity cost (weighted).
# 21.503074178136682 manually assigned bigram penalty (weighted)
# 10.921711379281259 unbalancing key after neighboring finger (weighted)
# 0.8669558119621832 asymmetrc bigrams (weighted)
# 10.757751866409677 inconsistent symmetries of similar keys (weighted)
# 3.148711398820229 irregularity cost for randomly sampled words (weighted).
# Finger load %: 13.9 7.7 11.5 10.4 - 13.3 8.7 9.3 9.7
 
