
# Evolved Layout
ükuaä qflpzßj
csiey mtrnh⇘
gvxoö wd,.b
┌───┬───┬───┬───┬───┬───┬───┬───┬───┬───┬───┬───┬───┬──────┐
│ ^ │ 1 │ 2 │ 3 │ 4 │ 5 │ 6 │ 7 │ 8 │ 9 │ 0 │ - │ ` │ ←    │
├───┴─┬─┴─┬─┴─┬─┴─┬─┴─┬─┴─┬─┴─┬─┴─┬─┴─┬─┴─┬─┴─┬─┴─┬─┴─┬────┤
│   ⇥ │ ü │ k │ u │ a │ ä │ q │ f │ l │ p │ z │ ß │ j │ Ret│
├─────┴┬──┴┬──┴┬──┴┬──┴┬──┴┬──┴┬──┴┬──┴┬──┴┬──┴┬──┴┬──┴┐   │
│    ⇩ │ c │ s │ i │ e │ y │ m │ t │ r │ n │ h │ ⇘ │ ´ │   │
├────┬─┴─┬─┴─┬─┴─┬─┴─┬─┴─┬─┴─┬─┴─┬─┴─┬─┴─┬─┴─┬─┴─┬─┴───┴───┤
│  ⇧ │ ⇚ │ g │ v │ x │ o │ ö │ w │ d │ , │ . │ b │ ⇗       │
├────┼───┴┬──┴─┬─┴───┴───┴───┴───┴───┴─┬─┴──┬┴───┼────┬────┤
│Strg│ Fe │ Alt│      Leerzeichen      │ M4 │ Fe │ Me │Strg│
└────┴────┴────┴───────────────────────┴────┴────┴────┴────┘
# 9.764322869388131 x100 total penalty per letter
# 35.734794560188305 x10 billion total penalty compared to notime-noeffort
# 7.546680692248281 mean key position cost in file 1gramme.txt ( 55.23764172 )
# 11.725214927478476 % finger repeats in file 2gramme.txt ( 56.60238444396551 )
# 12.395971998646159 million keystrokes disbalance of the fingers ( 24.791943997292318 )
# 0.4628331161849394 % finger repeats top to bottom or vice versa ( 11.171419090281997 )
# 2.460319907790929 % of trigrams have no handswitching (after direction change counted x 1 ) ( 10.882768879353952 )
# 8.35239044926546 billion (rows²/dist)² to cross ( 108.58107584045099 )
# 0.01748589446248172 hand disbalance. Left: 0.5174858944624817 %, Right: 0.4825141055375182 % ( 0.5119493524958167 )
# 0.36597309448071924 badly positioned shortcut keys (weighted).
# 12.171042509902279 no handswitching after unbalancing key (weighted).
# 23.80092691871629 movement pattern cost (weighted).
# 0.8754817855167241 asymmetric bigram cost (weighted).
# 20.866403819644955 irregularity cost (weighted).
# 16.09568524615963 manually assigned bigram penalty (weighted)
# 8.33768419747718 unbalancing key after neighboring finger (weighted)
# 0.8754817855167241 asymmetrc bigrams (weighted)
# 7.055564706144776 inconsistent symmetries of similar keys (weighted)
# 20.866403819644955 irregularity cost for randomly sampled words (weighted).
# Finger load %: 10.1 6.5 8.2 18.9 - 13.6 9.1 8.8 9.2
 
