
# Evolved Layout
öorzj vpufkqß
aelnm btish⇘
üäxcy wd,.g
┌───┬───┬───┬───┬───┬───┬───┬───┬───┬───┬───┬───┬───┬──────┐
│ ^ │ 1 │ 2 │ 3 │ 4 │ 5 │ 6 │ 7 │ 8 │ 9 │ 0 │ - │ ` │ ←    │
├───┴─┬─┴─┬─┴─┬─┴─┬─┴─┬─┴─┬─┴─┬─┴─┬─┴─┬─┴─┬─┴─┬─┴─┬─┴─┬────┤
│   ⇥ │ ö │ o │ r │ z │ j │ v │ p │ u │ f │ k │ q │ ß │ Ret│
├─────┴┬──┴┬──┴┬──┴┬──┴┬──┴┬──┴┬──┴┬──┴┬──┴┬──┴┬──┴┬──┴┐   │
│    ⇩ │ a │ e │ l │ n │ m │ b │ t │ i │ s │ h │ ⇘ │ ´ │   │
├────┬─┴─┬─┴─┬─┴─┬─┴─┬─┴─┬─┴─┬─┴─┬─┴─┬─┴─┬─┴─┬─┴─┬─┴───┴───┤
│  ⇧ │ ⇚ │ ü │ ä │ x │ c │ y │ w │ d │ , │ . │ g │ ⇗       │
├────┼───┴┬──┴─┬─┴───┴───┴───┴───┴───┴─┬─┴──┬┴───┼────┬────┤
│Strg│ Fe │ Alt│      Leerzeichen      │ M4 │ Fe │ Me │Strg│
└────┴────┴────┴───────────────────────┴────┴────┴────┴────┘
# 9.387422377246798 x100 total penalty per letter
# 34.355440165985605 x10 billion total penalty compared to notime-noeffort
# 7.2523298297815995 mean key position cost in file 1gramme.txt ( 53.0831518 )
# 8.55355152698647 % finger repeats in file 2gramme.txt ( 41.291474389704334 )
# 12.50217442118642 million keystrokes disbalance of the fingers ( 25.00434884237284 )
# 0.3318612093572275 % finger repeats top to bottom or vice versa ( 8.010145600851972 )
# 4.724751886082077 % of trigrams have no handswitching (after direction change counted x 1 ) ( 20.899063827309533 )
# 7.863381659686704 billion (rows²/dist)² to cross ( 102.22396157592715 )
# 0.029504013460560752 hand disbalance. Left: 0.5295040134605608 %, Right: 0.47049598653943925 % ( 0.8638140084609771 )
# 0.7319461889614385 badly positioned shortcut keys (weighted).
# 12.060845302111513 no handswitching after unbalancing key (weighted).
# 36.48224978120531 movement pattern cost (weighted).
# 0.880293933750117 asymmetric bigram cost (weighted).
# 3.6275604772018295 irregularity cost (weighted).
# 16.02334040977121 manually assigned bigram penalty (weighted)
# 11.192080991175546 unbalancing key after neighboring finger (weighted)
# 0.880293933750117 asymmetrc bigrams (weighted)
# 11.180124531052233 inconsistent symmetries of similar keys (weighted)
# 3.6275604772018295 irregularity cost for randomly sampled words (weighted).
# Finger load %: 10.8 14.0 8.0 11.9 - 13.3 9.2 7.5 9.7
 
