
# Evolved Layout
zfopj qgmuvßx
hselw btria⇘
kyänö cd,.ü
┌───┬───┬───┬───┬───┬───┬───┬───┬───┬───┬───┬───┬───┬──────┐
│ ^ │ 1 │ 2 │ 3 │ 4 │ 5 │ 6 │ 7 │ 8 │ 9 │ 0 │ - │ ` │ ←    │
├───┴─┬─┴─┬─┴─┬─┴─┬─┴─┬─┴─┬─┴─┬─┴─┬─┴─┬─┴─┬─┴─┬─┴─┬─┴─┬────┤
│   ⇥ │ z │ f │ o │ p │ j │ q │ g │ m │ u │ v │ ß │ x │ Ret│
├─────┴┬──┴┬──┴┬──┴┬──┴┬──┴┬──┴┬──┴┬──┴┬──┴┬──┴┬──┴┬──┴┐   │
│    ⇩ │ h │ s │ e │ l │ w │ b │ t │ r │ i │ a │ ⇘ │ ´ │   │
├────┬─┴─┬─┴─┬─┴─┬─┴─┬─┴─┬─┴─┬─┴─┬─┴─┬─┴─┬─┴─┬─┴─┬─┴───┴───┤
│  ⇧ │ ⇚ │ k │ y │ ä │ n │ ö │ c │ d │ , │ . │ ü │ ⇗       │
├────┼───┴┬──┴─┬─┴───┴───┴───┴───┴───┴─┬─┴──┬┴───┼────┬────┤
│Strg│ Fe │ Alt│      Leerzeichen      │ M4 │ Fe │ Me │Strg│
└────┴────┴────┴───────────────────────┴────┴────┴────┴────┘
# 9.674895277883595 x100 total penalty per letter
# 35.40751363623958 x10 billion total penalty compared to notime-noeffort
# 7.423957741634308 mean key position cost in file 1gramme.txt ( 54.33937576 )
# 10.341165913570812 % finger repeats in file 2gramme.txt ( 49.921016566358496 )
# 11.757732931434008 million keystrokes disbalance of the fingers ( 23.515465862868016 )
# 0.34868302791900985 % finger repeats top to bottom or vice versa ( 8.416174422997154 )
# 4.506206159613051 % of trigrams have no handswitching (after direction change counted x 1 ) ( 19.93236733259701 )
# 8.492840153590413 billion (rows²/dist)² to cross ( 110.40692199667535 )
# 0.0044460912520108975 hand disbalance. Left: 0.5044460912520109 %, Right: 0.4955539087479891 % ( 0.1301719819073667 )
# 1.0979192834421578 badly positioned shortcut keys (weighted).
# 10.245689033957586 no handswitching after unbalancing key (weighted).
# 28.677319903640885 movement pattern cost (weighted).
# 0.8684699291630076 asymmetric bigram cost (weighted).
# 2.8482167799782867 irregularity cost (weighted).
# 16.130671495262582 manually assigned bigram penalty (weighted)
# 10.9733288815742 unbalancing key after neighboring finger (weighted)
# 0.8684699291630076 asymmetrc bigrams (weighted)
# 16.572027131973645 inconsistent symmetries of similar keys (weighted)
# 2.8482167799782867 irregularity cost for randomly sampled words (weighted).
# Finger load %: 10.3 6.7 13.8 11.8 - 14.7 8.2 9.4 9.5
 
