
# Evolved Layout
övmpj xyofwzß
htrnl äaesd⇘
ugkbq üi,.c
┌───┬───┬───┬───┬───┬───┬───┬───┬───┬───┬───┬───┬───┬──────┐
│ ^ │ 1 │ 2 │ 3 │ 4 │ 5 │ 6 │ 7 │ 8 │ 9 │ 0 │ - │ ` │ ←    │
├───┴─┬─┴─┬─┴─┬─┴─┬─┴─┬─┴─┬─┴─┬─┴─┬─┴─┬─┴─┬─┴─┬─┴─┬─┴─┬────┤
│   ⇥ │ ö │ v │ m │ p │ j │ x │ y │ o │ f │ w │ z │ ß │ Ret│
├─────┴┬──┴┬──┴┬──┴┬──┴┬──┴┬──┴┬──┴┬──┴┬──┴┬──┴┬──┴┬──┴┐   │
│    ⇩ │ h │ t │ r │ n │ l │ ä │ a │ e │ s │ d │ ⇘ │ ´ │   │
├────┬─┴─┬─┴─┬─┴─┬─┴─┬─┴─┬─┴─┬─┴─┬─┴─┬─┴─┬─┴─┬─┴─┬─┴───┴───┤
│  ⇧ │ ⇚ │ u │ g │ k │ b │ q │ ü │ i │ , │ . │ c │ ⇗       │
├────┼───┴┬──┴─┬─┴───┴───┴───┴───┴───┴─┬─┴──┬┴───┼────┬────┤
│Strg│ Fe │ Alt│      Leerzeichen      │ M4 │ Fe │ Me │Strg│
└────┴────┴────┴───────────────────────┴────┴────┴────┴────┘
# 10.09500045152187 x100 total penalty per letter
# 36.944985540277166 x10 billion total penalty compared to notime-noeffort
# 7.844989566989213 mean key position cost in file 1gramme.txt ( 57.42110216 )
# 11.992601279023136 % finger repeats in file 2gramme.txt ( 57.89316718516128 )
# 13.279023251553388 million keystrokes disbalance of the fingers ( 26.558046503106777 )
# 0.41973137573416225 % finger repeats top to bottom or vice versa ( 10.131070875648648 )
# 3.2384896956691125 % of trigrams have no handswitching (after direction change counted x 1 ) ( 14.324858635062988 )
# 8.16956420276048 billion (rows²/dist)² to cross ( 106.20433463588624 )
# 0.038725395928392636 hand disbalance. Left: 0.46127460407160736 %, Right: 0.5387253959283926 % ( 1.1337962386323919 )
# 1.0979192834421578 badly positioned shortcut keys (weighted).
# 11.27111589479057 no handswitching after unbalancing key (weighted).
# 33.22472786626608 movement pattern cost (weighted).
# 0.8667675584841409 asymmetric bigram cost (weighted).
# 4.077530368250077 irregularity cost (weighted).
# 18.365741994179853 manually assigned bigram penalty (weighted)
# 10.381212122144314 unbalancing key after neighboring finger (weighted)
# 0.8667675584841409 asymmetrc bigrams (weighted)
# 16.498464081716115 inconsistent symmetries of similar keys (weighted)
# 4.077530368250077 irregularity cost for randomly sampled words (weighted).
# Finger load %: 11.2 7.7 8.0 12.0 - 12.0 14.7 7.5 11.3
 
