
# Evolved Layout
öbläü wgcivjß
ahney mtrus⇘
zpxoq fd,.k
┌───┬───┬───┬───┬───┬───┬───┬───┬───┬───┬───┬───┬───┬──────┐
│ ^ │ 1 │ 2 │ 3 │ 4 │ 5 │ 6 │ 7 │ 8 │ 9 │ 0 │ - │ ` │ ←    │
├───┴─┬─┴─┬─┴─┬─┴─┬─┴─┬─┴─┬─┴─┬─┴─┬─┴─┬─┴─┬─┴─┬─┴─┬─┴─┬────┤
│   ⇥ │ ö │ b │ l │ ä │ ü │ w │ g │ c │ i │ v │ j │ ß │ Ret│
├─────┴┬──┴┬──┴┬──┴┬──┴┬──┴┬──┴┬──┴┬──┴┬──┴┬──┴┬──┴┬──┴┐   │
│    ⇩ │ a │ h │ n │ e │ y │ m │ t │ r │ u │ s │ ⇘ │ ´ │   │
├────┬─┴─┬─┴─┬─┴─┬─┴─┬─┴─┬─┴─┬─┴─┬─┴─┬─┴─┬─┴─┬─┴─┬─┴───┴───┤
│  ⇧ │ ⇚ │ z │ p │ x │ o │ q │ f │ d │ , │ . │ k │ ⇗       │
├────┼───┴┬──┴─┬─┴───┴───┴───┴───┴───┴─┬─┴──┬┴───┼────┬────┤
│Strg│ Fe │ Alt│      Leerzeichen      │ M4 │ Fe │ Me │Strg│
└────┴────┴────┴───────────────────────┴────┴────┴────┴────┘
# 9.754069127929053 x100 total penalty per letter
# 35.69726862527047 x10 billion total penalty compared to notime-noeffort
# 7.551274018985552 mean key position cost in file 1gramme.txt ( 55.2712624 )
# 10.421973124314754 % finger repeats in file 2gramme.txt ( 50.311105859958914 )
# 12.905609426195072 million keystrokes disbalance of the fingers ( 25.811218852390144 )
# 0.38375172245409567 % finger repeats top to bottom or vice versa ( 9.262628727801012 )
# 4.82837480147962 % of trigrams have no handswitching (after direction change counted x 1 ) ( 21.357420578114688 )
# 7.790111856699101 billion (rows²/dist)² to cross ( 101.2714541370883 )
# 0.014153223835129902 hand disbalance. Left: 0.4858467761648701 %, Right: 0.51415322383513 % ( 0.41437592990566113 )
# 0.7319461889614385 badly positioned shortcut keys (weighted).
# 13.494718657301727 no handswitching after unbalancing key (weighted).
# 31.77340628835119 movement pattern cost (weighted).
# 0.8927557737112289 asymmetric bigram cost (weighted).
# 3.8868052810106652 irregularity cost (weighted).
# 19.06427349558748 manually assigned bigram penalty (weighted)
# 10.802077873415799 unbalancing key after neighboring finger (weighted)
# 0.8927557737112289 asymmetrc bigrams (weighted)
# 12.62723620910651 inconsistent symmetries of similar keys (weighted)
# 3.8868052810106652 irregularity cost for randomly sampled words (weighted).
# Finger load %: 11.0 5.8 9.4 14.7 - 15.5 8.5 9.4 10.0
 
