
# Evolved Layout
ßlswj qoadfzx
urntb yeihg⇘
cükmv öä,.p
┌───┬───┬───┬───┬───┬───┬───┬───┬───┬───┬───┬───┬───┬──────┐
│ ^ │ 1 │ 2 │ 3 │ 4 │ 5 │ 6 │ 7 │ 8 │ 9 │ 0 │ - │ ` │ ←    │
├───┴─┬─┴─┬─┴─┬─┴─┬─┴─┬─┴─┬─┴─┬─┴─┬─┴─┬─┴─┬─┴─┬─┴─┬─┴─┬────┤
│   ⇥ │ ß │ l │ s │ w │ j │ q │ o │ a │ d │ f │ z │ x │ Ret│
├─────┴┬──┴┬──┴┬──┴┬──┴┬──┴┬──┴┬──┴┬──┴┬──┴┬──┴┬──┴┬──┴┐   │
│    ⇩ │ u │ r │ n │ t │ b │ y │ e │ i │ h │ g │ ⇘ │ ´ │   │
├────┬─┴─┬─┴─┬─┴─┬─┴─┬─┴─┬─┴─┬─┴─┬─┴─┬─┴─┬─┴─┬─┴─┬─┴───┴───┤
│  ⇧ │ ⇚ │ c │ ü │ k │ m │ v │ ö │ ä │ , │ . │ p │ ⇗       │
├────┼───┴┬──┴─┬─┴───┴───┴───┴───┴───┴─┬─┴──┬┴───┼────┬────┤
│Strg│ Fe │ Alt│      Leerzeichen      │ M4 │ Fe │ Me │Strg│
└────┴────┴────┴───────────────────────┴────┴────┴────┴────┘
# 10.192672315572805 x100 total penalty per letter
# 37.30243828358138 x10 billion total penalty compared to notime-noeffort
# 7.7258382286596206 mean key position cost in file 1gramme.txt ( 56.54897848 )
# 14.880923483237442 % finger repeats in file 2gramme.txt ( 71.83627396931453 )
# 11.052627708972508 million keystrokes disbalance of the fingers ( 22.105255417945013 )
# 0.42129771125989973 % finger repeats top to bottom or vice versa ( 10.168877570939262 )
# 3.243069251444516 % of trigrams have no handswitching (after direction change counted x 1 ) ( 14.345115450819353 )
# 8.691705353687631 billion (rows²/dist)² to cross ( 112.99216959793921 )
# 0.01642760645088487 hand disbalance. Left: 0.48357239354911513 %, Right: 0.5164276064508848 % ( 0.4809649574193409 )
# 1.0979192834421578 badly positioned shortcut keys (weighted).
# 10.78373677533225 no handswitching after unbalancing key (weighted).
# 24.95937505077533 movement pattern cost (weighted).
# 0.8739304301108489 asymmetric bigram cost (weighted).
# 9.221682158548141 irregularity cost (weighted).
# 18.795495574436213 manually assigned bigram penalty (weighted)
# 9.540749455565503 unbalancing key after neighboring finger (weighted)
# 0.8739304301108489 asymmetrc bigrams (weighted)
# 9.273858663226633 inconsistent symmetries of similar keys (weighted)
# 9.221682158548141 irregularity cost for randomly sampled words (weighted).
# Finger load %: 10.0 8.4 12.1 10.3 - 15.3 11.1 7.9 9.3
 
