
# Evolved Layout
jlcfq öpyokßx
srntg äieah⇘
mzbdv üu,.w
┌───┬───┬───┬───┬───┬───┬───┬───┬───┬───┬───┬───┬───┬──────┐
│ ^ │ 1 │ 2 │ 3 │ 4 │ 5 │ 6 │ 7 │ 8 │ 9 │ 0 │ - │ ` │ ←    │
├───┴─┬─┴─┬─┴─┬─┴─┬─┴─┬─┴─┬─┴─┬─┴─┬─┴─┬─┴─┬─┴─┬─┴─┬─┴─┬────┤
│   ⇥ │ j │ l │ c │ f │ q │ ö │ p │ y │ o │ k │ ß │ x │ Ret│
├─────┴┬──┴┬──┴┬──┴┬──┴┬──┴┬──┴┬──┴┬──┴┬──┴┬──┴┬──┴┬──┴┐   │
│    ⇩ │ s │ r │ n │ t │ g │ ä │ i │ e │ a │ h │ ⇘ │ ´ │   │
├────┬─┴─┬─┴─┬─┴─┬─┴─┬─┴─┬─┴─┬─┴─┬─┴─┬─┴─┬─┴─┬─┴─┬─┴───┴───┤
│  ⇧ │ ⇚ │ m │ z │ b │ d │ v │ ü │ u │ , │ . │ w │ ⇗       │
├────┼───┴┬──┴─┬─┴───┴───┴───┴───┴───┴─┬─┴──┬┴───┼────┬────┤
│Strg│ Fe │ Alt│      Leerzeichen      │ M4 │ Fe │ Me │Strg│
└────┴────┴────┴───────────────────────┴────┴────┴────┴────┘
# 10.267992313764582 x100 total penalty per letter
# 37.57808921172665 x10 billion total penalty compared to notime-noeffort
# 7.688897772642813 mean key position cost in file 1gramme.txt ( 56.27859422 )
# 9.326768754030475 % finger repeats in file 2gramme.txt ( 45.024108632619125 )
# 12.348661426188842 million keystrokes disbalance of the fingers ( 24.69732285237768 )
# 0.48709079135479016 % finger repeats top to bottom or vice versa ( 11.756927443081123 )
# 1.9068979722790205 % of trigrams have no handswitching (after direction change counted x 1 ) ( 8.434809572164285 )
# 9.293318700095593 billion (rows²/dist)² to cross ( 120.8131431012427 )
# 0.007228224080832901 hand disbalance. Left: 0.5072282240808329 %, Right: 0.4927717759191671 % ( 0.21162684275699756 )
# 0.7319461889614385 badly positioned shortcut keys (weighted).
# 11.438553795384403 no handswitching after unbalancing key (weighted).
# 25.347931617321223 movement pattern cost (weighted).
# 0.8636367600785545 asymmetric bigram cost (weighted).
# 24.942641026104834 irregularity cost (weighted).
# 20.644187950074006 manually assigned bigram penalty (weighted)
# 12.784871265872404 unbalancing key after neighboring finger (weighted)
# 0.8636367600785545 asymmetrc bigrams (weighted)
# 11.810590849227724 inconsistent symmetries of similar keys (weighted)
# 24.942641026104834 irregularity cost for randomly sampled words (weighted).
# Finger load %: 11.7 8.7 10.0 12.4 - 10.7 12.4 8.6 9.9
 
