
# Evolved Layout
ßdlfj övmäüqx
htrnw bisea⇘
gkzcy pu,.o
┌───┬───┬───┬───┬───┬───┬───┬───┬───┬───┬───┬───┬───┬──────┐
│ ^ │ 1 │ 2 │ 3 │ 4 │ 5 │ 6 │ 7 │ 8 │ 9 │ 0 │ - │ ` │ ←    │
├───┴─┬─┴─┬─┴─┬─┴─┬─┴─┬─┴─┬─┴─┬─┴─┬─┴─┬─┴─┬─┴─┬─┴─┬─┴─┬────┤
│   ⇥ │ ß │ d │ l │ f │ j │ ö │ v │ m │ ä │ ü │ q │ x │ Ret│
├─────┴┬──┴┬──┴┬──┴┬──┴┬──┴┬──┴┬──┴┬──┴┬──┴┬──┴┬──┴┬──┴┐   │
│    ⇩ │ h │ t │ r │ n │ w │ b │ i │ s │ e │ a │ ⇘ │ ´ │   │
├────┬─┴─┬─┴─┬─┴─┬─┴─┬─┴─┬─┴─┬─┴─┬─┴─┬─┴─┬─┴─┬─┴─┬─┴───┴───┤
│  ⇧ │ ⇚ │ g │ k │ z │ c │ y │ p │ u │ , │ . │ o │ ⇗       │
├────┼───┴┬──┴─┬─┴───┴───┴───┴───┴───┴─┬─┴──┬┴───┼────┬────┤
│Strg│ Fe │ Alt│      Leerzeichen      │ M4 │ Fe │ Me │Strg│
└────┴────┴────┴───────────────────────┴────┴────┴────┴────┘
# 9.808100844813625 x100 total penalty per letter
# 35.89501017155399 x10 billion total penalty compared to notime-noeffort
# 7.627673222702078 mean key position cost in file 1gramme.txt ( 55.83046346 )
# 10.379543430332262 % finger repeats in file 2gramme.txt ( 50.10628045884763 )
# 13.251702278961503 million keystrokes disbalance of the fingers ( 26.503404557923005 )
# 0.3318044813150979 % finger repeats top to bottom or vice versa ( 8.008776354117805 )
# 3.3345097800466736 % of trigrams have no handswitching (after direction change counted x 1 ) ( 14.749585672692545 )
# 8.7824915548191 billion (rows²/dist)² to cross ( 114.17239021264828 )
# 0.020452281473083644 hand disbalance. Left: 0.47954771852691636 %, Right: 0.5204522814730836 % ( 0.5987987791916084 )
# 1.0979192834421578 badly positioned shortcut keys (weighted).
# 11.33361762734711 no handswitching after unbalancing key (weighted).
# 30.154046172214784 movement pattern cost (weighted).
# 0.8750908557653625 asymmetric bigram cost (weighted).
# 4.2025357062133954 irregularity cost (weighted).
# 18.096025914061702 manually assigned bigram penalty (weighted)
# 10.676175057948047 unbalancing key after neighboring finger (weighted)
# 0.8750908557653625 asymmetrc bigrams (weighted)
# 12.54499160312654 inconsistent symmetries of similar keys (weighted)
# 4.2025357062133954 irregularity cost for randomly sampled words (weighted).
# Finger load %: 10.8 9.3 8.5 11.9 - 12.1 7.8 12.5 11.5
 
