
# Evolved Layout
kdlbß äöüwvjq
htrnm yieus⇘
gpzcx oa,.f
┌───┬───┬───┬───┬───┬───┬───┬───┬───┬───┬───┬───┬───┬──────┐
│ ^ │ 1 │ 2 │ 3 │ 4 │ 5 │ 6 │ 7 │ 8 │ 9 │ 0 │ - │ ` │ ←    │
├───┴─┬─┴─┬─┴─┬─┴─┬─┴─┬─┴─┬─┴─┬─┴─┬─┴─┬─┴─┬─┴─┬─┴─┬─┴─┬────┤
│   ⇥ │ k │ d │ l │ b │ ß │ ä │ ö │ ü │ w │ v │ j │ q │ Ret│
├─────┴┬──┴┬──┴┬──┴┬──┴┬──┴┬──┴┬──┴┬──┴┬──┴┬──┴┬──┴┬──┴┐   │
│    ⇩ │ h │ t │ r │ n │ m │ y │ i │ e │ u │ s │ ⇘ │ ´ │   │
├────┬─┴─┬─┴─┬─┴─┬─┴─┬─┴─┬─┴─┬─┴─┬─┴─┬─┴─┬─┴─┬─┴─┬─┴───┴───┤
│  ⇧ │ ⇚ │ g │ p │ z │ c │ x │ o │ a │ , │ . │ f │ ⇗       │
├────┼───┴┬──┴─┬─┴───┴───┴───┴───┴───┴─┬─┴──┬┴───┼────┬────┤
│Strg│ Fe │ Alt│      Leerzeichen      │ M4 │ Fe │ Me │Strg│
└────┴────┴────┴───────────────────────┴────┴────┴────┴────┘
# 9.825379087442288 x100 total penalty per letter
# 35.95824389077399 x10 billion total penalty compared to notime-noeffort
# 7.701636700914617 mean key position cost in file 1gramme.txt ( 56.37183632 )
# 11.18630406335883 % finger repeats in file 2gramme.txt ( 54.000842374110285 )
# 13.489343987499783 million keystrokes disbalance of the fingers ( 26.978687974999566 )
# 0.36204700505560694 % finger repeats top to bottom or vice versa ( 8.738741205893946 )
# 2.434184522297521 % of trigrams have no handswitching (after direction change counted x 1 ) ( 10.76716384807452 )
# 9.24371349525831 billion (rows²/dist)² to cross ( 120.16827543835804 )
# 0.007140404383825905 hand disbalance. Left: 0.4928595956161741 %, Right: 0.5071404043838259 % ( 0.2090556710553968 )
# 1.0979192834421578 badly positioned shortcut keys (weighted).
# 13.00027123756648 no handswitching after unbalancing key (weighted).
# 26.032894881959212 movement pattern cost (weighted).
# 0.8607484151054926 asymmetric bigram cost (weighted).
# 3.821849360615895 irregularity cost (weighted).
# 20.259165471854747 manually assigned bigram penalty (weighted)
# 9.48502196466058 unbalancing key after neighboring finger (weighted)
# 0.8607484151054926 asymmetrc bigrams (weighted)
# 7.789965460043591 inconsistent symmetries of similar keys (weighted)
# 3.821849360615895 irregularity cost for randomly sampled words (weighted).
# Finger load %: 11.4 9.3 8.5 12.3 - 14.4 12.3 5.1 11.0
 
