
# Evolved Layout
ßldbj öäuwvzq
grtnm üaesh⇘
cxkpy oi,.f
┌───┬───┬───┬───┬───┬───┬───┬───┬───┬───┬───┬───┬───┬──────┐
│ ^ │ 1 │ 2 │ 3 │ 4 │ 5 │ 6 │ 7 │ 8 │ 9 │ 0 │ - │ ` │ ←    │
├───┴─┬─┴─┬─┴─┬─┴─┬─┴─┬─┴─┬─┴─┬─┴─┬─┴─┬─┴─┬─┴─┬─┴─┬─┴─┬────┤
│   ⇥ │ ß │ l │ d │ b │ j │ ö │ ä │ u │ w │ v │ z │ q │ Ret│
├─────┴┬──┴┬──┴┬──┴┬──┴┬──┴┬──┴┬──┴┬──┴┬──┴┬──┴┬──┴┬──┴┐   │
│    ⇩ │ g │ r │ t │ n │ m │ ü │ a │ e │ s │ h │ ⇘ │ ´ │   │
├────┬─┴─┬─┴─┬─┴─┬─┴─┬─┴─┬─┴─┬─┴─┬─┴─┬─┴─┬─┴─┬─┴─┬─┴───┴───┤
│  ⇧ │ ⇚ │ c │ x │ k │ p │ y │ o │ i │ , │ . │ f │ ⇗       │
├────┼───┴┬──┴─┬─┴───┴───┴───┴───┴───┴─┬─┴──┬┴───┼────┬────┤
│Strg│ Fe │ Alt│      Leerzeichen      │ M4 │ Fe │ Me │Strg│
└────┴────┴────┴───────────────────────┴────┴────┴────┴────┘
# 9.556300176000944 x100 total penalty per letter
# 34.97348747197707 x10 billion total penalty compared to notime-noeffort
# 7.588631265204427 mean key position cost in file 1gramme.txt ( 55.54469734 )
# 12.051773529342697 % finger repeats in file 2gramme.txt ( 58.178815719684366 )
# 11.373924727284214 million keystrokes disbalance of the fingers ( 22.747849454568428 )
# 0.30382054541945136 % finger repeats top to bottom or vice versa ( 7.333327116036629 )
# 2.0798918273685962 % of trigrams have no handswitching (after direction change counted x 1 ) ( 9.20001581080286 )
# 8.550408024172143 billion (rows²/dist)² to cross ( 111.15530431423785 )
# 0.0438551489392458 hand disbalance. Left: 0.4561448510607542 %, Right: 0.5438551489392458 % ( 1.2839843652966896 )
# 0.7319461889614385 badly positioned shortcut keys (weighted).
# 11.966873894251943 no handswitching after unbalancing key (weighted).
# 29.55819313681162 movement pattern cost (weighted).
# 0.8903147158261586 asymmetric bigram cost (weighted).
# 3.7122631812514855 irregularity cost (weighted).
# 17.543730060157174 manually assigned bigram penalty (weighted)
# 10.191328094014956 unbalancing key after neighboring finger (weighted)
# 0.8903147158261586 asymmetrc bigrams (weighted)
# 9.696231327869189 inconsistent symmetries of similar keys (weighted)
# 3.7122631812514855 irregularity cost for randomly sampled words (weighted).
# Finger load %: 9.7 8.2 9.1 11.5 - 14.3 14.5 7.2 9.9
 
