
# Evolved Layout
ögefk jxhuüäß
tdosw zrnia⇘
pcybq ml,.v
┌───┬───┬───┬───┬───┬───┬───┬───┬───┬───┬───┬───┬───┬──────┐
│ ^ │ 1 │ 2 │ 3 │ 4 │ 5 │ 6 │ 7 │ 8 │ 9 │ 0 │ - │ ` │ ←    │
├───┴─┬─┴─┬─┴─┬─┴─┬─┴─┬─┴─┬─┴─┬─┴─┬─┴─┬─┴─┬─┴─┬─┴─┬─┴─┬────┤
│   ⇥ │ ö │ g │ e │ f │ k │ j │ x │ h │ u │ ü │ ä │ ß │ Ret│
├─────┴┬──┴┬──┴┬──┴┬──┴┬──┴┬──┴┬──┴┬──┴┬──┴┬──┴┬──┴┬──┴┐   │
│    ⇩ │ t │ d │ o │ s │ w │ z │ r │ n │ i │ a │ ⇘ │ ´ │   │
├────┬─┴─┬─┴─┬─┴─┬─┴─┬─┴─┬─┴─┬─┴─┬─┴─┬─┴─┬─┴─┬─┴─┬─┴───┴───┤
│  ⇧ │ ⇚ │ p │ c │ y │ b │ q │ m │ l │ , │ . │ v │ ⇗       │
├────┼───┴┬──┴─┬─┴───┴───┴───┴───┴───┴─┬─┴──┬┴───┼────┬────┤
│Strg│ Fe │ Alt│      Leerzeichen      │ M4 │ Fe │ Me │Strg│
└────┴────┴────┴───────────────────────┴────┴────┴────┴────┘
# 10.626941720327062 x100 total penalty per letter
# 38.891747462543535 x10 billion total penalty compared to notime-noeffort
# 7.656600349203061 mean key position cost in file 1gramme.txt ( 56.04219446 )
# 11.74171359999636 % finger repeats in file 2gramme.txt ( 56.682030250924996 )
# 12.039262094484048 million keystrokes disbalance of the fingers ( 24.078524188968096 )
# 0.3923889716828365 % finger repeats top to bottom or vice versa ( 9.471106314100007 )
# 4.34713256583523 % of trigrams have no handswitching (after direction change counted x 1 ) ( 19.228734788548444 )
# 9.786489686507705 billion (rows²/dist)² to cross ( 127.22436592460018 )
# 0.0026562729158119414 hand disbalance. Left: 0.5026562729158119 %, Right: 0.49734372708418806 % ( 0.07776995350280154 )
# 1.0979192834421578 badly positioned shortcut keys (weighted).
# 13.14557495995197 no handswitching after unbalancing key (weighted).
# 33.29286605003152 movement pattern cost (weighted).
# 0.879867278400604 asymmetric bigram cost (weighted).
# 4.603605000773821 irregularity cost (weighted).
# 19.19303317389542 manually assigned bigram penalty (weighted)
# 13.454159221141953 unbalancing key after neighboring finger (weighted)
# 0.879867278400604 asymmetrc bigrams (weighted)
# 10.445723777153416 inconsistent symmetries of similar keys (weighted)
# 4.603605000773821 irregularity cost for randomly sampled words (weighted).
# Finger load %: 11.0 7.6 13.9 9.8 - 11.7 10.9 9.4 10.0
 
