
# Evolved Layout
ßmlcq öwuoüjx
hrntp fseai⇘
kyzgv bd,.ä
┌───┬───┬───┬───┬───┬───┬───┬───┬───┬───┬───┬───┬───┬──────┐
│ ^ │ 1 │ 2 │ 3 │ 4 │ 5 │ 6 │ 7 │ 8 │ 9 │ 0 │ - │ ` │ ←    │
├───┴─┬─┴─┬─┴─┬─┴─┬─┴─┬─┴─┬─┴─┬─┴─┬─┴─┬─┴─┬─┴─┬─┴─┬─┴─┬────┤
│   ⇥ │ ß │ m │ l │ c │ q │ ö │ w │ u │ o │ ü │ j │ x │ Ret│
├─────┴┬──┴┬──┴┬──┴┬──┴┬──┴┬──┴┬──┴┬──┴┬──┴┬──┴┬──┴┬──┴┐   │
│    ⇩ │ h │ r │ n │ t │ p │ f │ s │ e │ a │ i │ ⇘ │ ´ │   │
├────┬─┴─┬─┴─┬─┴─┬─┴─┬─┴─┬─┴─┬─┴─┬─┴─┬─┴─┬─┴─┬─┴─┬─┴───┴───┤
│  ⇧ │ ⇚ │ k │ y │ z │ g │ v │ b │ d │ , │ . │ ä │ ⇗       │
├────┼───┴┬──┴─┬─┴───┴───┴───┴───┴───┴─┬─┴──┬┴───┼────┬────┤
│Strg│ Fe │ Alt│      Leerzeichen      │ M4 │ Fe │ Me │Strg│
└────┴────┴────┴───────────────────────┴────┴────┴────┴────┘
# 9.825065815462258 x100 total penalty per letter
# 35.95709739961454 x10 billion total penalty compared to notime-noeffort
# 7.306485425640694 mean key position cost in file 1gramme.txt ( 53.47954162 )
# 13.031403626037978 % finger repeats in file 2gramme.txt ( 62.907888891390385 )
# 11.520635816746966 million keystrokes disbalance of the fingers ( 23.04127163349393 )
# 0.3561361656153094 % finger repeats top to bottom or vice versa ( 8.596071067881294 )
# 3.5221168012112596 % of trigrams have no handswitching (after direction change counted x 1 ) ( 15.579430541651655 )
# 7.807604307255037 billion (rows²/dist)² to cross ( 101.49885599431549 )
# 0.046223628278827644 hand disbalance. Left: 0.45377637172117236 %, Right: 0.5462236282788276 % ( 1.353328342346323 )
# 0.7319461889614385 badly positioned shortcut keys (weighted).
# 13.666609441208289 no handswitching after unbalancing key (weighted).
# 20.403404764720072 movement pattern cost (weighted).
# 0.8676384339245397 asymmetric bigram cost (weighted).
# 14.379598224009607 irregularity cost (weighted).
# 15.720363444909792 manually assigned bigram penalty (weighted)
# 12.144275487096278 unbalancing key after neighboring finger (weighted)
# 0.8676384339245397 asymmetrc bigrams (weighted)
# 15.200749920236364 inconsistent symmetries of similar keys (weighted)
# 14.379598224009607 irregularity cost for randomly sampled words (weighted).
# Finger load %: 9.9 7.6 9.9 10.9 - 13.0 14.5 8.6 10.1
 
