
# Evolved Layout
juoyq wgclxzß
aiehk btnrs⇘
väümö pd,.f
┌───┬───┬───┬───┬───┬───┬───┬───┬───┬───┬───┬───┬───┬──────┐
│ ^ │ 1 │ 2 │ 3 │ 4 │ 5 │ 6 │ 7 │ 8 │ 9 │ 0 │ - │ ` │ ←    │
├───┴─┬─┴─┬─┴─┬─┴─┬─┴─┬─┴─┬─┴─┬─┴─┬─┴─┬─┴─┬─┴─┬─┴─┬─┴─┬────┤
│   ⇥ │ j │ u │ o │ y │ q │ w │ g │ c │ l │ x │ z │ ß │ Ret│
├─────┴┬──┴┬──┴┬──┴┬──┴┬──┴┬──┴┬──┴┬──┴┬──┴┬──┴┬──┴┬──┴┐   │
│    ⇩ │ a │ i │ e │ h │ k │ b │ t │ n │ r │ s │ ⇘ │ ´ │   │
├────┬─┴─┬─┴─┬─┴─┬─┴─┬─┴─┬─┴─┬─┴─┬─┴─┬─┴─┬─┴─┬─┴─┬─┴───┴───┤
│  ⇧ │ ⇚ │ v │ ä │ ü │ m │ ö │ p │ d │ , │ . │ f │ ⇗       │
├────┼───┴┬──┴─┬─┴───┴───┴───┴───┴───┴─┬─┴──┬┴───┼────┬────┤
│Strg│ Fe │ Alt│      Leerzeichen      │ M4 │ Fe │ Me │Strg│
└────┴────┴────┴───────────────────────┴────┴────┴────┴────┘
# 9.405473622818043 x100 total penalty per letter
# 34.42150286799501 x10 billion total penalty compared to notime-noeffort
# 7.352585754474809 mean key position cost in file 1gramme.txt ( 53.81697122 )
# 10.200778318612496 % finger repeats in file 2gramme.txt ( 49.24330850982029 )
# 12.768469467088904 million keystrokes disbalance of the fingers ( 25.536938934177808 )
# 0.3891867791482982 % finger repeats top to bottom or vice versa ( 9.393814881053965 )
# 2.211255782363682 % of trigrams have no handswitching (after direction change counted x 1 ) ( 9.781079906070447 )
# 8.148396299561247 billion (rows²/dist)² to cross ( 105.9291518942962 )
# 0.023726162270292228 hand disbalance. Left: 0.47627383772970777 %, Right: 0.5237261622702922 % ( 0.6946509620968427 )
# 1.0979192834421578 badly positioned shortcut keys (weighted).
# 13.123299148608531 no handswitching after unbalancing key (weighted).
# 28.307191163377325 movement pattern cost (weighted).
# 0.8669000779330246 asymmetric bigram cost (weighted).
# 3.2219532731927094 irregularity cost (weighted).
# 19.935803058088545 manually assigned bigram penalty (weighted)
# 10.290000544300634 unbalancing key after neighboring finger (weighted)
# 0.8669000779330246 asymmetrc bigrams (weighted)
# 12.976045823491535 inconsistent symmetries of similar keys (weighted)
# 3.2219532731927094 irregularity cost for randomly sampled words (weighted).
# Finger load %: 11.0 8.5 13.8 6.9 - 14.6 9.8 9.3 10.5
 
