
# Evolved Layout
zoyxq jfubpvß
haenl gsitd⇘
küärö wm,.c
┌───┬───┬───┬───┬───┬───┬───┬───┬───┬───┬───┬───┬───┬──────┐
│ ^ │ 1 │ 2 │ 3 │ 4 │ 5 │ 6 │ 7 │ 8 │ 9 │ 0 │ - │ ` │ ←    │
├───┴─┬─┴─┬─┴─┬─┴─┬─┴─┬─┴─┬─┴─┬─┴─┬─┴─┬─┴─┬─┴─┬─┴─┬─┴─┬────┤
│   ⇥ │ z │ o │ y │ x │ q │ j │ f │ u │ b │ p │ v │ ß │ Ret│
├─────┴┬──┴┬──┴┬──┴┬──┴┬──┴┬──┴┬──┴┬──┴┬──┴┬──┴┬──┴┬──┴┐   │
│    ⇩ │ h │ a │ e │ n │ l │ g │ s │ i │ t │ d │ ⇘ │ ´ │   │
├────┬─┴─┬─┴─┬─┴─┬─┴─┬─┴─┬─┴─┬─┴─┬─┴─┬─┴─┬─┴─┬─┴─┬─┴───┴───┤
│  ⇧ │ ⇚ │ k │ ü │ ä │ r │ ö │ w │ m │ , │ . │ c │ ⇗       │
├────┼───┴┬──┴─┬─┴───┴───┴───┴───┴───┴─┬─┴──┬┴───┼────┬────┤
│Strg│ Fe │ Alt│      Leerzeichen      │ M4 │ Fe │ Me │Strg│
└────┴────┴────┴───────────────────────┴────┴────┴────┴────┘
# 9.80076946166868 x100 total penalty per letter
# 35.8681792817902 x10 billion total penalty compared to notime-noeffort
# 7.453781160799826 mean key position cost in file 1gramme.txt ( 54.55766714 )
# 9.963624823671443 % finger repeats in file 2gramme.txt ( 48.09847207177555 )
# 12.392340455618033 million keystrokes disbalance of the fingers ( 24.784680911236066 )
# 0.3196969171220366 % finger repeats top to bottom or vice versa ( 7.716535654320659 )
# 4.547990331527592 % of trigrams have no handswitching (after direction change counted x 1 ) ( 20.117191868756382 )
# 7.901099305608218 billion (rows²/dist)² to cross ( 102.71429097290682 )
# 0.030149646106732875 hand disbalance. Left: 0.5301496461067329 %, Right: 0.4698503538932672 % ( 0.8827167426543681 )
# 0.7319461889614385 badly positioned shortcut keys (weighted).
# 11.846973221754897 no handswitching after unbalancing key (weighted).
# 26.422187982032586 movement pattern cost (weighted).
# 0.8779709778013847 asymmetric bigram cost (weighted).
# 11.190912435214273 irregularity cost (weighted).
# 17.531027728375204 manually assigned bigram penalty (weighted)
# 15.69644091261983 unbalancing key after neighboring finger (weighted)
# 0.8779709778013847 asymmetrc bigrams (weighted)
# 15.512778009492624 inconsistent symmetries of similar keys (weighted)
# 11.190912435214273 irregularity cost for randomly sampled words (weighted).
# Finger load %: 10.8 7.7 11.5 14.8 - 12.2 9.2 7.7 10.5
 
