
# Evolved Layout
öokpv jäafgzß
cetnw mrish⇘
uüybq xl,.d
┌───┬───┬───┬───┬───┬───┬───┬───┬───┬───┬───┬───┬───┬──────┐
│ ^ │ 1 │ 2 │ 3 │ 4 │ 5 │ 6 │ 7 │ 8 │ 9 │ 0 │ - │ ` │ ←    │
├───┴─┬─┴─┬─┴─┬─┴─┬─┴─┬─┴─┬─┴─┬─┴─┬─┴─┬─┴─┬─┴─┬─┴─┬─┴─┬────┤
│   ⇥ │ ö │ o │ k │ p │ v │ j │ ä │ a │ f │ g │ z │ ß │ Ret│
├─────┴┬──┴┬──┴┬──┴┬──┴┬──┴┬──┴┬──┴┬──┴┬──┴┬──┴┬──┴┬──┴┐   │
│    ⇩ │ c │ e │ t │ n │ w │ m │ r │ i │ s │ h │ ⇘ │ ´ │   │
├────┬─┴─┬─┴─┬─┴─┬─┴─┬─┴─┬─┴─┬─┴─┬─┴─┬─┴─┬─┴─┬─┴─┬─┴───┴───┤
│  ⇧ │ ⇚ │ u │ ü │ y │ b │ q │ x │ l │ , │ . │ d │ ⇗       │
├────┼───┴┬──┴─┬─┴───┴───┴───┴───┴───┴─┬─┴──┬┴───┼────┬────┤
│Strg│ Fe │ Alt│      Leerzeichen      │ M4 │ Fe │ Me │Strg│
└────┴────┴────┴───────────────────────┴────┴────┴────┴────┘
# 10.095122368711488 x100 total penalty per letter
# 36.94543172438872 x10 billion total penalty compared to notime-noeffort
# 7.651460047830171 mean key position cost in file 1gramme.txt ( 56.00457022 )
# 9.703663643459707 % finger repeats in file 2gramme.txt ( 46.843533654538696 )
# 14.59556756182899 million keystrokes disbalance of the fingers ( 29.19113512365798 )
# 0.3767471113580986 % finger repeats top to bottom or vice versa ( 9.093558185133631 )
# 4.39863810851422 % of trigrams have no handswitching (after direction change counted x 1 ) ( 19.45656000558879 )
# 8.351896562949726 billion (rows²/dist)² to cross ( 108.57465531834642 )
# 0.005804187498088698 hand disbalance. Left: 0.4941958125019113 %, Right: 0.5058041874980886 % ( 0.16993411676974599 )
# 1.0979192834421578 badly positioned shortcut keys (weighted).
# 13.025075323910317 no handswitching after unbalancing key (weighted).
# 35.50343250135788 movement pattern cost (weighted).
# 0.8818113888188884 asymmetric bigram cost (weighted).
# 8.552658839719843 irregularity cost (weighted).
# 19.021086735649664 manually assigned bigram penalty (weighted)
# 12.415718269341443 unbalancing key after neighboring finger (weighted)
# 0.8818113888188884 asymmetrc bigrams (weighted)
# 9.62266827761166 inconsistent symmetries of similar keys (weighted)
# 8.552658839719843 irregularity cost for randomly sampled words (weighted).
# Finger load %: 10.5 14.0 6.3 10.9 - 11.3 11.1 7.5 12.8
 
