
# Evolved Layout
äolcö qwydvxß
iarnb fsetg⇘
uüzpj mk,.h
┌───┬───┬───┬───┬───┬───┬───┬───┬───┬───┬───┬───┬───┬──────┐
│ ^ │ 1 │ 2 │ 3 │ 4 │ 5 │ 6 │ 7 │ 8 │ 9 │ 0 │ - │ ` │ ←    │
├───┴─┬─┴─┬─┴─┬─┴─┬─┴─┬─┴─┬─┴─┬─┴─┬─┴─┬─┴─┬─┴─┬─┴─┬─┴─┬────┤
│   ⇥ │ ä │ o │ l │ c │ ö │ q │ w │ y │ d │ v │ x │ ß │ Ret│
├─────┴┬──┴┬──┴┬──┴┬──┴┬──┴┬──┴┬──┴┬──┴┬──┴┬──┴┬──┴┬──┴┐   │
│    ⇩ │ i │ a │ r │ n │ b │ f │ s │ e │ t │ g │ ⇘ │ ´ │   │
├────┬─┴─┬─┴─┬─┴─┬─┴─┬─┴─┬─┴─┬─┴─┬─┴─┬─┴─┬─┴─┬─┴─┬─┴───┴───┤
│  ⇧ │ ⇚ │ u │ ü │ z │ p │ j │ m │ k │ , │ . │ h │ ⇗       │
├────┼───┴┬──┴─┬─┴───┴───┴───┴───┴───┴─┬─┴──┬┴───┼────┬────┤
│Strg│ Fe │ Alt│      Leerzeichen      │ M4 │ Fe │ Me │Strg│
└────┴────┴────┴───────────────────────┴────┴────┴────┴────┘
# 9.758675964611323 x100 total penalty per letter
# 35.71412840803424 x10 billion total penalty compared to notime-noeffort
# 7.76132332905594 mean key position cost in file 1gramme.txt ( 56.80871032 )
# 8.185289534733018 % finger repeats in file 2gramme.txt ( 39.513723875913705 )
# 14.458390908985201 million keystrokes disbalance of the fingers ( 28.916781817970403 )
# 0.3678503172653314 % finger repeats top to bottom or vice versa ( 8.878815955386758 )
# 4.637460225321675 % of trigrams have no handswitching (after direction change counted x 1 ) ( 20.5129453529834 )
# 8.235510341058546 billion (rows²/dist)² to cross ( 107.0616344337611 )
# 0.006935561737156981 hand disbalance. Left: 0.493064438262843 %, Right: 0.5069355617371569 % ( 0.20305831927275306 )
# 0.7319461889614385 badly positioned shortcut keys (weighted).
# 10.77889853251267 no handswitching after unbalancing key (weighted).
# 37.521121771007586 movement pattern cost (weighted).
# 0.8645134290661928 asymmetric bigram cost (weighted).
# 3.4515644770328673 irregularity cost (weighted).
# 19.426436896802766 manually assigned bigram penalty (weighted)
# 11.327789703747275 unbalancing key after neighboring finger (weighted)
# 0.8645134290661928 asymmetrc bigrams (weighted)
# 11.143343005923466 inconsistent symmetries of similar keys (weighted)
# 3.4515644770328673 irregularity cost for randomly sampled words (weighted).
# Finger load %: 14.0 7.7 8.5 11.5 - 11.1 12.4 9.5 9.7
 
