
# Evolved Layout
ßlckj vmäoüxö
hrntg fseai⇘
zqpdy wb,.u
┌───┬───┬───┬───┬───┬───┬───┬───┬───┬───┬───┬───┬───┬──────┐
│ ^ │ 1 │ 2 │ 3 │ 4 │ 5 │ 6 │ 7 │ 8 │ 9 │ 0 │ - │ ` │ ←    │
├───┴─┬─┴─┬─┴─┬─┴─┬─┴─┬─┴─┬─┴─┬─┴─┬─┴─┬─┴─┬─┴─┬─┴─┬─┴─┬────┤
│   ⇥ │ ß │ l │ c │ k │ j │ v │ m │ ä │ o │ ü │ x │ ö │ Ret│
├─────┴┬──┴┬──┴┬──┴┬──┴┬──┴┬──┴┬──┴┬──┴┬──┴┬──┴┬──┴┬──┴┐   │
│    ⇩ │ h │ r │ n │ t │ g │ f │ s │ e │ a │ i │ ⇘ │ ´ │   │
├────┬─┴─┬─┴─┬─┴─┬─┴─┬─┴─┬─┴─┬─┴─┬─┴─┬─┴─┬─┴─┬─┴─┬─┴───┴───┤
│  ⇧ │ ⇚ │ z │ q │ p │ d │ y │ w │ b │ , │ . │ u │ ⇗       │
├────┼───┴┬──┴─┬─┴───┴───┴───┴───┴───┴─┬─┴──┬┴───┼────┬────┤
│Strg│ Fe │ Alt│      Leerzeichen      │ M4 │ Fe │ Me │Strg│
└────┴────┴────┴───────────────────────┴────┴────┴────┴────┘
# 9.489193304121416 x100 total penalty per letter
# 34.727894376350356 x10 billion total penalty compared to notime-noeffort
# 7.563136232534774 mean key position cost in file 1gramme.txt ( 55.35808742 )
# 8.313981372828056 % finger repeats in file 2gramme.txt ( 40.13497175407284 )
# 12.692749461951768 million keystrokes disbalance of the fingers ( 25.385498923903537 )
# 0.3517069384467447 % finger repeats top to bottom or vice versa ( 8.4891626570183 )
# 3.3898064793296303 % of trigrams have no handswitching (after direction change counted x 1 ) ( 14.994180367952271 )
# 8.459276209526053 billion (rows²/dist)² to cross ( 109.97059072383868 )
# 0.036144746680492834 hand disbalance. Left: 0.46385525331950717 %, Right: 0.5361447466804928 % ( 1.0582403833505334 )
# 0.7319461889614385 badly positioned shortcut keys (weighted).
# 13.286674316602713 no handswitching after unbalancing key (weighted).
# 24.560587535301156 movement pattern cost (weighted).
# 0.8601308058470597 asymmetric bigram cost (weighted).
# 5.7999433197445365 irregularity cost (weighted).
# 16.198642118949014 manually assigned bigram penalty (weighted)
# 15.286318852853906 unbalancing key after neighboring finger (weighted)
# 0.8601308058470597 asymmetrc bigrams (weighted)
# 15.163968395107599 inconsistent symmetries of similar keys (weighted)
# 5.7999433197445365 irregularity cost for randomly sampled words (weighted).
# Finger load %: 9.6 8.1 9.6 11.8 - 12.1 12.3 8.6 12.3
 
