
# Evolved Layout
ßplvü qhafzöj
rtniy wmeso⇘
cbxuä kd,.g
┌───┬───┬───┬───┬───┬───┬───┬───┬───┬───┬───┬───┬───┬──────┐
│ ^ │ 1 │ 2 │ 3 │ 4 │ 5 │ 6 │ 7 │ 8 │ 9 │ 0 │ - │ ` │ ←    │
├───┴─┬─┴─┬─┴─┬─┴─┬─┴─┬─┴─┬─┴─┬─┴─┬─┴─┬─┴─┬─┴─┬─┴─┬─┴─┬────┤
│   ⇥ │ ß │ p │ l │ v │ ü │ q │ h │ a │ f │ z │ ö │ j │ Ret│
├─────┴┬──┴┬──┴┬──┴┬──┴┬──┴┬──┴┬──┴┬──┴┬──┴┬──┴┬──┴┬──┴┐   │
│    ⇩ │ r │ t │ n │ i │ y │ w │ m │ e │ s │ o │ ⇘ │ ´ │   │
├────┬─┴─┬─┴─┬─┴─┬─┴─┬─┴─┬─┴─┬─┴─┬─┴─┬─┴─┬─┴─┬─┴─┬─┴───┴───┤
│  ⇧ │ ⇚ │ c │ b │ x │ u │ ä │ k │ d │ , │ . │ g │ ⇗       │
├────┼───┴┬──┴─┬─┴───┴───┴───┴───┴───┴─┬─┴──┬┴───┼────┬────┤
│Strg│ Fe │ Alt│      Leerzeichen      │ M4 │ Fe │ Me │Strg│
└────┴────┴────┴───────────────────────┴────┴────┴────┴────┘
# 10.78918123446888 x100 total penalty per letter
# 39.48550043291883 x10 billion total penalty compared to notime-noeffort
# 7.763098492339245 mean key position cost in file 1gramme.txt ( 56.82170356 )
# 13.253310974510706 % finger repeats in file 2gramme.txt ( 63.97912597547644 )
# 13.843050333507191 million keystrokes disbalance of the fingers ( 27.686100667014383 )
# 0.355681647503439 % finger repeats top to bottom or vice versa ( 8.58510034834056 )
# 3.6166389817213953 % of trigrams have no handswitching (after direction change counted x 1 ) ( 15.997531879289491 )
# 8.123650425188812 billion (rows²/dist)² to cross ( 105.60745552745456 )
# 0.02670227583642959 hand disbalance. Left: 0.4732977241635704 %, Right: 0.5267022758364296 % ( 0.7817851614028698 )
# 0.36597309448071924 badly positioned shortcut keys (weighted).
# 11.937994577891201 no handswitching after unbalancing key (weighted).
# 35.32776394306904 movement pattern cost (weighted).
# 0.862756894659274 asymmetric bigram cost (weighted).
# 20.72358311467082 irregularity cost (weighted).
# 19.986935370652542 manually assigned bigram penalty (weighted)
# 11.376035434063818 unbalancing key after neighboring finger (weighted)
# 0.862756894659274 asymmetrc bigrams (weighted)
# 14.815158780722577 inconsistent symmetries of similar keys (weighted)
# 20.72358311467082 irregularity cost for randomly sampled words (weighted).
# Finger load %: 13.2 7.5 9.4 9.8 - 11.5 16.4 7.5 9.1
 
