
# Evolved Layout
öbogß qwulzxj
ahesk ctirn⇘
vpämy fd,.ü
┌───┬───┬───┬───┬───┬───┬───┬───┬───┬───┬───┬───┬───┬──────┐
│ ^ │ 1 │ 2 │ 3 │ 4 │ 5 │ 6 │ 7 │ 8 │ 9 │ 0 │ - │ ` │ ←    │
├───┴─┬─┴─┬─┴─┬─┴─┬─┴─┬─┴─┬─┴─┬─┴─┬─┴─┬─┴─┬─┴─┬─┴─┬─┴─┬────┤
│   ⇥ │ ö │ b │ o │ g │ ß │ q │ w │ u │ l │ z │ x │ j │ Ret│
├─────┴┬──┴┬──┴┬──┴┬──┴┬──┴┬──┴┬──┴┬──┴┬──┴┬──┴┬──┴┬──┴┐   │
│    ⇩ │ a │ h │ e │ s │ k │ c │ t │ i │ r │ n │ ⇘ │ ´ │   │
├────┬─┴─┬─┴─┬─┴─┬─┴─┬─┴─┬─┴─┬─┴─┬─┴─┬─┴─┬─┴─┬─┴─┬─┴───┴───┤
│  ⇧ │ ⇚ │ v │ p │ ä │ m │ y │ f │ d │ , │ . │ ü │ ⇗       │
├────┼───┴┬──┴─┬─┴───┴───┴───┴───┴───┴─┬─┴──┬┴───┼────┬────┤
│Strg│ Fe │ Alt│      Leerzeichen      │ M4 │ Fe │ Me │Strg│
└────┴────┴────┴───────────────────────┴────┴────┴────┴────┘
# 9.85788091261041 x100 total penalty per letter
# 36.07719182610449 x10 billion total penalty compared to notime-noeffort
# 7.280711779593342 mean key position cost in file 1gramme.txt ( 53.2908924 )
# 9.561678358270917 % finger repeats in file 2gramme.txt ( 46.158112897021695 )
# 13.331388089310224 million keystrokes disbalance of the fingers ( 26.662776178620444 )
# 0.34655681613215134 % finger repeats top to bottom or vice versa ( 8.364853974837601 )
# 4.363338657901457 % of trigrams have no handswitching (after direction change counted x 1 ) ( 19.300419431604737 )
# 8.4453924515046 billion (rows²/dist)² to cross ( 109.79010186955982 )
# 0.02365438430650668 hand disbalance. Left: 0.4763456156934933 %, Right: 0.5236543843065067 % ( 0.692549457815073 )
# 1.0979192834421578 badly positioned shortcut keys (weighted).
# 11.462717554063758 no handswitching after unbalancing key (weighted).
# 31.9844676902721 movement pattern cost (weighted).
# 0.8724642640891682 asymmetric bigram cost (weighted).
# 6.833060770682643 irregularity cost (weighted).
# 19.221018973100243 manually assigned bigram penalty (weighted)
# 13.578782281092723 unbalancing key after neighboring finger (weighted)
# 0.8724642640891682 asymmetrc bigrams (weighted)
# 11.461781234842698 inconsistent symmetries of similar keys (weighted)
# 6.833060770682643 irregularity cost for randomly sampled words (weighted).
# Finger load %: 10.4 5.8 13.8 10.2 - 13.9 9.2 9.3 11.9
 
