
# Evolved Layout
jlmgß öäufvxq
cnrtd üeish⇘
bzkpy oa,.w
┌───┬───┬───┬───┬───┬───┬───┬───┬───┬───┬───┬───┬───┬──────┐
│ ^ │ 1 │ 2 │ 3 │ 4 │ 5 │ 6 │ 7 │ 8 │ 9 │ 0 │ - │ ` │ ←    │
├───┴─┬─┴─┬─┴─┬─┴─┬─┴─┬─┴─┬─┴─┬─┴─┬─┴─┬─┴─┬─┴─┬─┴─┬─┴─┬────┤
│   ⇥ │ j │ l │ m │ g │ ß │ ö │ ä │ u │ f │ v │ x │ q │ Ret│
├─────┴┬──┴┬──┴┬──┴┬──┴┬──┴┬──┴┬──┴┬──┴┬──┴┬──┴┬──┴┬──┴┐   │
│    ⇩ │ c │ n │ r │ t │ d │ ü │ e │ i │ s │ h │ ⇘ │ ´ │   │
├────┬─┴─┬─┴─┬─┴─┬─┴─┬─┴─┬─┴─┬─┴─┬─┴─┬─┴─┬─┴─┬─┴─┬─┴───┴───┤
│  ⇧ │ ⇚ │ b │ z │ k │ p │ y │ o │ a │ , │ . │ w │ ⇗       │
├────┼───┴┬──┴─┬─┴───┴───┴───┴───┴───┴─┬─┴──┬┴───┼────┬────┤
│Strg│ Fe │ Alt│      Leerzeichen      │ M4 │ Fe │ Me │Strg│
└────┴────┴────┴───────────────────────┴────┴────┴────┴────┘
# 9.94644627076336 x100 total penalty per letter
# 36.40131720797478 x10 billion total penalty compared to notime-noeffort
# 7.468409957508492 mean key position cost in file 1gramme.txt ( 54.66474206 )
# 13.161859636779065 % finger repeats in file 2gramme.txt ( 63.53765314890418 )
# 11.805373442938766 million keystrokes disbalance of the fingers ( 23.61074688587753 )
# 0.3600755180520355 % finger repeats top to bottom or vice versa ( 8.691155355232517 )
# 2.436847359735364 % of trigrams have no handswitching (after direction change counted x 1 ) ( 10.778942415693948 )
# 8.622081949563846 billion (rows²/dist)² to cross ( 112.08706534433 )
# 0.03924757277320351 hand disbalance. Left: 0.4607524272267965 %, Right: 0.5392475727732035 % ( 1.149084452693321 )
# 0.7319461889614385 badly positioned shortcut keys (weighted).
# 11.28750954914924 no handswitching after unbalancing key (weighted).
# 22.247949550185798 movement pattern cost (weighted).
# 0.8802080845276742 asymmetric bigram cost (weighted).
# 12.451246010852449 irregularity cost (weighted).
# 16.6267196034034 manually assigned bigram penalty (weighted)
# 11.520975327417215 unbalancing key after neighboring finger (weighted)
# 0.8802080845276742 asymmetrc bigrams (weighted)
# 13.747228102519113 inconsistent symmetries of similar keys (weighted)
# 12.451246010852449 irregularity cost for randomly sampled words (weighted).
# Finger load %: 9.1 10.1 8.0 11.8 - 19.6 9.2 7.5 9.3
 
