
# Evolved Layout
üpoyq öwufzjß
gherl ctisa⇘
mkänx bd,.v
┌───┬───┬───┬───┬───┬───┬───┬───┬───┬───┬───┬───┬───┬──────┐
│ ^ │ 1 │ 2 │ 3 │ 4 │ 5 │ 6 │ 7 │ 8 │ 9 │ 0 │ - │ ` │ ←    │
├───┴─┬─┴─┬─┴─┬─┴─┬─┴─┬─┴─┬─┴─┬─┴─┬─┴─┬─┴─┬─┴─┬─┴─┬─┴─┬────┤
│   ⇥ │ ü │ p │ o │ y │ q │ ö │ w │ u │ f │ z │ j │ ß │ Ret│
├─────┴┬──┴┬──┴┬──┴┬──┴┬──┴┬──┴┬──┴┬──┴┬──┴┬──┴┬──┴┬──┴┐   │
│    ⇩ │ g │ h │ e │ r │ l │ c │ t │ i │ s │ a │ ⇘ │ ´ │   │
├────┬─┴─┬─┴─┬─┴─┬─┴─┬─┴─┬─┴─┬─┴─┬─┴─┬─┴─┬─┴─┬─┴─┬─┴───┴───┤
│  ⇧ │ ⇚ │ m │ k │ ä │ n │ x │ b │ d │ , │ . │ v │ ⇗       │
├────┼───┴┬──┴─┬─┴───┴───┴───┴───┴───┴─┬─┴──┬┴───┼────┬────┤
│Strg│ Fe │ Alt│      Leerzeichen      │ M4 │ Fe │ Me │Strg│
└────┴────┴────┴───────────────────────┴────┴────┴────┴────┘
# 9.720509876769334 x100 total penalty per letter
# 35.57445079531668 x10 billion total penalty compared to notime-noeffort
# 7.470491788144378 mean key position cost in file 1gramme.txt ( 54.67997994 )
# 12.358413929698674 % finger repeats in file 2gramme.txt ( 59.65909373030954 )
# 11.857505664383284 million keystrokes disbalance of the fingers ( 17.786258496574927 )
# 0.3576889780045488 % finger repeats top to bottom or vice versa ( 7.194626128961621 )
# 5.526505457408707 % of trigrams have no handswitching (after direction change counted x 1 ) ( 24.445472075811896 )
# 7.591758654704549 billion (rows²/dist)² to cross ( 98.69286251115913 )
# 0.02399674746210856 hand disbalance. Left: 0.5239967474621086 %, Right: 0.4760032525378915 % ( 0.7025731140944173 )
# 1.463892377922877 badly positioned shortcut keys (weighted).
# 8.6352075285132 no handswitching after unbalancing key (weighted).
# 28.035450597105797 movement pattern cost (weighted).
# 0.8775140278935647 asymmetric bigram cost (weighted).
# 3.280488987840598 irregularity cost (weighted).
# 17.855685326823576 manually assigned bigram penalty (weighted)
# 16.567405346615107 unbalancing key after neighboring finger (weighted)
# 0.8775140278935647 asymmetrc bigrams (weighted)
# 15.867997763540624 inconsistent symmetries of similar keys (weighted)
# 3.280488987840598 irregularity cost for randomly sampled words (weighted).
# Finger load %: 10.0 5.4 13.8 15.1 - 13.9 9.2 7.5 9.5
 
