
# Evolved Layout
ölucä qgüokjß
hrinp fteas⇘
mxvby wd,.z
┌───┬───┬───┬───┬───┬───┬───┬───┬───┬───┬───┬───┬───┬──────┐
│ ^ │ 1 │ 2 │ 3 │ 4 │ 5 │ 6 │ 7 │ 8 │ 9 │ 0 │ - │ ` │ ←    │
├───┴─┬─┴─┬─┴─┬─┴─┬─┴─┬─┴─┬─┴─┬─┴─┬─┴─┬─┴─┬─┴─┬─┴─┬─┴─┬────┤
│   ⇥ │ ö │ l │ u │ c │ ä │ q │ g │ ü │ o │ k │ j │ ß │ Ret│
├─────┴┬──┴┬──┴┬──┴┬──┴┬──┴┬──┴┬──┴┬──┴┬──┴┬──┴┬──┴┬──┴┐   │
│    ⇩ │ h │ r │ i │ n │ p │ f │ t │ e │ a │ s │ ⇘ │ ´ │   │
├────┬─┴─┬─┴─┬─┴─┬─┴─┬─┴─┬─┴─┬─┴─┬─┴─┬─┴─┬─┴─┬─┴─┬─┴───┴───┤
│  ⇧ │ ⇚ │ m │ x │ v │ b │ y │ w │ d │ , │ . │ z │ ⇗       │
├────┼───┴┬──┴─┬─┴───┴───┴───┴───┴───┴─┬─┴──┬┴───┼────┬────┤
│Strg│ Fe │ Alt│      Leerzeichen      │ M4 │ Fe │ Me │Strg│
└────┴────┴────┴───────────────────────┴────┴────┴────┴────┘
# 9.249480462828858 x100 total penalty per letter
# 33.85060987320433 x10 billion total penalty compared to notime-noeffort
# 7.481100420468864 mean key position cost in file 1gramme.txt ( 54.75762942 )
# 8.593598240585719 % finger repeats in file 2gramme.txt ( 41.48479617466794 )
# 12.078173687353 million keystrokes disbalance of the fingers ( 18.117260531029498 )
# 0.35910016023737257 % finger repeats top to bottom or vice versa ( 7.223010924662178 )
# 4.545242040760459 % of trigrams have no handswitching (after direction change counted x 1 ) ( 20.105035314181 )
# 8.124297986655014 billion (rows²/dist)² to cross ( 105.61587382651518 )
# 0.029464247948802536 hand disbalance. Left: 0.47053575205119746 %, Right: 0.5294642479488025 % ( 0.862649759869636 )
# 0.36597309448071924 badly positioned shortcut keys (weighted).
# 7.513629319585847 no handswitching after unbalancing key (weighted).
# 31.18777859536718 movement pattern cost (weighted).
# 0.881827536073856 asymmetric bigram cost (weighted).
# 3.3010067557593916 irregularity cost (weighted).
# 19.866015113015134 manually assigned bigram penalty (weighted)
# 12.408453586113113 unbalancing key after neighboring finger (weighted)
# 0.881827536073856 asymmetrc bigrams (weighted)
# 14.815158780722577 inconsistent symmetries of similar keys (weighted)
# 3.3010067557593916 irregularity cost for randomly sampled words (weighted).
# Finger load %: 10.9 8.2 8.7 11.9 - 13.7 12.3 8.6 10.2
 
