
# Evolved Layout
ßuozj pfimkxq
rceny btash⇘
ävülö wd,.g
┌───┬───┬───┬───┬───┬───┬───┬───┬───┬───┬───┬───┬───┬──────┐
│ ^ │ 1 │ 2 │ 3 │ 4 │ 5 │ 6 │ 7 │ 8 │ 9 │ 0 │ - │ ` │ ←    │
├───┴─┬─┴─┬─┴─┬─┴─┬─┴─┬─┴─┬─┴─┬─┴─┬─┴─┬─┴─┬─┴─┬─┴─┬─┴─┬────┤
│   ⇥ │ ß │ u │ o │ z │ j │ p │ f │ i │ m │ k │ x │ q │ Ret│
├─────┴┬──┴┬──┴┬──┴┬──┴┬──┴┬──┴┬──┴┬──┴┬──┴┬──┴┬──┴┬──┴┐   │
│    ⇩ │ r │ c │ e │ n │ y │ b │ t │ a │ s │ h │ ⇘ │ ´ │   │
├────┬─┴─┬─┴─┬─┴─┬─┴─┬─┴─┬─┴─┬─┴─┬─┴─┬─┴─┬─┴─┬─┴─┬─┴───┴───┤
│  ⇧ │ ⇚ │ ä │ v │ ü │ l │ ö │ w │ d │ , │ . │ g │ ⇗       │
├────┼───┴┬──┴─┬─┴───┴───┴───┴───┴───┴─┬─┴──┬┴───┼────┬────┤
│Strg│ Fe │ Alt│      Leerzeichen      │ M4 │ Fe │ Me │Strg│
└────┴────┴────┴───────────────────────┴────┴────┴────┴────┘
# 9.28449378826156 x100 total penalty per letter
# 33.97874922377099 x10 billion total penalty compared to notime-noeffort
# 7.422963572922217 mean key position cost in file 1gramme.txt ( 54.33209898 )
# 10.604715174046147 % finger repeats in file 2gramme.txt ( 51.193276107323335 )
# 12.630584858839823 million keystrokes disbalance of the fingers ( 18.945877288259734 )
# 0.379676971983736 % finger repeats top to bottom or vice versa ( 7.636896944485882 )
# 4.10994515236311 % of trigrams have no handswitching (after direction change counted x 1 ) ( 18.179580248224255 )
# 7.724679069838905 billion (rows²/dist)² to cross ( 100.42082790790576 )
# 0.004814889926840649 hand disbalance. Left: 0.49518511007315935 %, Right: 0.5048148899268406 % ( 0.1409696132887933 )
# 0.36597309448071924 badly positioned shortcut keys (weighted).
# 8.325952437294738 no handswitching after unbalancing key (weighted).
# 33.40279795453403 movement pattern cost (weighted).
# 0.8983797488724268 asymmetric bigram cost (weighted).
# 5.216358059211796 irregularity cost (weighted).
# 17.49782096778343 manually assigned bigram penalty (weighted)
# 11.768901651202246 unbalancing key after neighboring finger (weighted)
# 0.8983797488724268 asymmetrc bigrams (weighted)
# 11.461781234842698 inconsistent symmetries of similar keys (weighted)
# 5.216358059211796 irregularity cost for randomly sampled words (weighted).
# Finger load %: 11.7 5.6 13.8 10.7 - 14.0 11.1 8.0 9.5
 
