
# Evolved Layout
ükozq fgiwvjß
hsery mcatn⇘
uxälö bd,.p
┌───┬───┬───┬───┬───┬───┬───┬───┬───┬───┬───┬───┬───┬──────┐
│ ^ │ 1 │ 2 │ 3 │ 4 │ 5 │ 6 │ 7 │ 8 │ 9 │ 0 │ - │ ` │ ←    │
├───┴─┬─┴─┬─┴─┬─┴─┬─┴─┬─┴─┬─┴─┬─┴─┬─┴─┬─┴─┬─┴─┬─┴─┬─┴─┬────┤
│   ⇥ │ ü │ k │ o │ z │ q │ f │ g │ i │ w │ v │ j │ ß │ Ret│
├─────┴┬──┴┬──┴┬──┴┬──┴┬──┴┬──┴┬──┴┬──┴┬──┴┬──┴┬──┴┬──┴┐   │
│    ⇩ │ h │ s │ e │ r │ y │ m │ c │ a │ t │ n │ ⇘ │ ´ │   │
├────┬─┴─┬─┴─┬─┴─┬─┴─┬─┴─┬─┴─┬─┴─┬─┴─┬─┴─┬─┴─┬─┴─┬─┴───┴───┤
│  ⇧ │ ⇚ │ u │ x │ ä │ l │ ö │ b │ d │ , │ . │ p │ ⇗       │
├────┼───┴┬──┴─┬─┴───┴───┴───┴───┴───┴─┬─┴──┬┴───┼────┬────┤
│Strg│ Fe │ Alt│      Leerzeichen      │ M4 │ Fe │ Me │Strg│
└────┴────┴────┴───────────────────────┴────┴────┴────┴────┘
# 9.821210380810367 x100 total penalty per letter
# 35.94298754611333 x10 billion total penalty compared to notime-noeffort
# 7.57419402356103 mean key position cost in file 1gramme.txt ( 55.4390245 )
# 8.837999823463534 % finger repeats in file 2gramme.txt ( 42.66462208304801 )
# 14.182496702074022 million keystrokes disbalance of the fingers ( 21.273745053111035 )
# 0.4193844394347352 % finger repeats top to bottom or vice versa ( 8.435580718393554 )
# 4.32376552103748 % of trigrams have no handswitching (after direction change counted x 1 ) ( 19.12537499898524 )
# 7.939463698209769 billion (rows²/dist)² to cross ( 103.213028076727 )
# 0.01411710292134677 hand disbalance. Left: 0.48588289707865323 %, Right: 0.5141171029213468 % ( 0.4133183872982463 )
# 0.7319461889614385 badly positioned shortcut keys (weighted).
# 8.007754070374363 no handswitching after unbalancing key (weighted).
# 35.451919279650596 movement pattern cost (weighted).
# 0.8926505812753937 asymmetric bigram cost (weighted).
# 12.286373871437304 irregularity cost (weighted).
# 21.340246192543756 manually assigned bigram penalty (weighted)
# 13.187991632117466 unbalancing key after neighboring finger (weighted)
# 0.8926505812753937 asymmetrc bigrams (weighted)
# 16.966299827209877 inconsistent symmetries of similar keys (weighted)
# 12.286373871437304 irregularity cost for randomly sampled words (weighted).
# Finger load %: 11.9 6.0 13.8 9.3 - 13.1 11.1 7.4 11.8
 
