
# Evolved Layout
öhlüä wbidzjß
mgrey cnats⇘
ukqox fp,.v
┌───┬───┬───┬───┬───┬───┬───┬───┬───┬───┬───┬───┬───┬──────┐
│ ^ │ 1 │ 2 │ 3 │ 4 │ 5 │ 6 │ 7 │ 8 │ 9 │ 0 │ - │ ` │ ←    │
├───┴─┬─┴─┬─┴─┬─┴─┬─┴─┬─┴─┬─┴─┬─┴─┬─┴─┬─┴─┬─┴─┬─┴─┬─┴─┬────┤
│   ⇥ │ ö │ h │ l │ ü │ ä │ w │ b │ i │ d │ z │ j │ ß │ Ret│
├─────┴┬──┴┬──┴┬──┴┬──┴┬──┴┬──┴┬──┴┬──┴┬──┴┬──┴┬──┴┬──┴┐   │
│    ⇩ │ m │ g │ r │ e │ y │ c │ n │ a │ t │ s │ ⇘ │ ´ │   │
├────┬─┴─┬─┴─┬─┴─┬─┴─┬─┴─┬─┴─┬─┴─┬─┴─┬─┴─┬─┴─┬─┴─┬─┴───┴───┤
│  ⇧ │ ⇚ │ u │ k │ q │ o │ x │ f │ p │ , │ . │ v │ ⇗       │
├────┼───┴┬──┴─┬─┴───┴───┴───┴───┴───┴─┬─┴──┬┴───┼────┬────┤
│Strg│ Fe │ Alt│      Leerzeichen      │ M4 │ Fe │ Me │Strg│
└────┴────┴────┴───────────────────────┴────┴────┴────┴────┘
# 9.30855282107229 x100 total penalty per letter
# 34.06679881065055 x10 billion total penalty compared to notime-noeffort
# 7.666026473833602 mean key position cost in file 1gramme.txt ( 56.11118862 )
# 10.699536442947378 % finger repeats in file 2gramme.txt ( 51.65101696316335 )
# 11.994099303466813 million keystrokes disbalance of the fingers ( 17.991148955200224 )
# 0.3055550808385569 % finger repeats top to bottom or vice versa ( 6.145994715023356 )
# 5.405917974953752 % of trigrams have no handswitching (after direction change counted x 1 ) ( 23.912075708475776 )
# 7.397278293118877 billion (rows²/dist)² to cross ( 96.1646178105454 )
# 0.03003813775472558 hand disbalance. Left: 0.4699618622452744 %, Right: 0.5300381377547256 % ( 0.8794520181228036 )
# 1.463892377922877 badly positioned shortcut keys (weighted).
# 8.628562408314018 no handswitching after unbalancing key (weighted).
# 31.382995258764563 movement pattern cost (weighted).
# 0.864021067259119 asymmetric bigram cost (weighted).
# 4.282242398566922 irregularity cost (weighted).
# 20.775131456177714 manually assigned bigram penalty (weighted)
# 14.843976846007703 unbalancing key after neighboring finger (weighted)
# 0.864021067259119 asymmetrc bigrams (weighted)
# 5.571671502961733 inconsistent symmetries of similar keys (weighted)
# 4.282242398566922 irregularity cost for randomly sampled words (weighted).
# Finger load %: 10.5 6.4 7.9 14.8 - 14.5 11.1 9.5 9.6
 
