
# Evolved Layout
ßuüoö bgmlwzj
hpeiy dtsrn⇘
kväaq fc,.x
┌───┬───┬───┬───┬───┬───┬───┬───┬───┬───┬───┬───┬───┬──────┐
│ ^ │ 1 │ 2 │ 3 │ 4 │ 5 │ 6 │ 7 │ 8 │ 9 │ 0 │ - │ ` │ ←    │
├───┴─┬─┴─┬─┴─┬─┴─┬─┴─┬─┴─┬─┴─┬─┴─┬─┴─┬─┴─┬─┴─┬─┴─┬─┴─┬────┤
│   ⇥ │ ß │ u │ ü │ o │ ö │ b │ g │ m │ l │ w │ z │ j │ Ret│
├─────┴┬──┴┬──┴┬──┴┬──┴┬──┴┬──┴┬──┴┬──┴┬──┴┬──┴┬──┴┬──┴┐   │
│    ⇩ │ h │ p │ e │ i │ y │ d │ t │ s │ r │ n │ ⇘ │ ´ │   │
├────┬─┴─┬─┴─┬─┴─┬─┴─┬─┴─┬─┴─┬─┴─┬─┴─┬─┴─┬─┴─┬─┴─┬─┴───┴───┤
│  ⇧ │ ⇚ │ k │ v │ ä │ a │ q │ f │ c │ , │ . │ x │ ⇗       │
├────┼───┴┬──┴─┬─┴───┴───┴───┴───┴───┴─┬─┴──┬┴───┼────┬────┤
│Strg│ Fe │ Alt│      Leerzeichen      │ M4 │ Fe │ Me │Strg│
└────┴────┴────┴───────────────────────┴────┴────┴────┴────┘
# 9.10261496241855 x100 total penalty per letter
# 33.31312165662813 x10 billion total penalty compared to notime-noeffort
# 7.794468874952454 mean key position cost in file 1gramme.txt ( 57.05131788 )
# 11.391908522627089 % finger repeats in file 2gramme.txt ( 54.99337877697163 )
# 13.850636251209416 million keystrokes disbalance of the fingers ( 20.775954376814123 )
# 0.46454906178433264 % finger repeats top to bottom or vice versa ( 9.34403077428811 )
# 1.6834180891119435 % of trigrams have no handswitching (after direction change counted x 1 ) ( 7.4462877502699785 )
# 8.096304146808885 billion (rows²/dist)² to cross ( 105.2519539085155 )
# 0.0335480561517279 hand disbalance. Left: 0.4664519438482721 %, Right: 0.533548056151728 % ( 0.9822148738928633 )
# 1.0979192834421578 badly positioned shortcut keys (weighted).
# 10.602303085292684 no handswitching after unbalancing key (weighted).
# 18.090383284959533 movement pattern cost (weighted).
# 0.8833515531919576 asymmetric bigram cost (weighted).
# 3.864106114227558 irregularity cost (weighted).
# 19.959204878659623 manually assigned bigram penalty (weighted)
# 11.712619930426607 unbalancing key after neighboring finger (weighted)
# 0.8833515531919576 asymmetrc bigrams (weighted)
# 11.07619009532891 inconsistent symmetries of similar keys (weighted)
# 3.864106114227558 irregularity cost for randomly sampled words (weighted).
# Finger load %: 10.2 4.4 11.4 13.4 - 16.0 7.8 9.3 11.9
 
