
# Evolved Layout
zfopy qcluvßj
hsetk mnria⇘
gxädü wb,.ö
┌───┬───┬───┬───┬───┬───┬───┬───┬───┬───┬───┬───┬───┬──────┐
│ ^ │ 1 │ 2 │ 3 │ 4 │ 5 │ 6 │ 7 │ 8 │ 9 │ 0 │ - │ ` │ ←    │
├───┴─┬─┴─┬─┴─┬─┴─┬─┴─┬─┴─┬─┴─┬─┴─┬─┴─┬─┴─┬─┴─┬─┴─┬─┴─┬────┤
│   ⇥ │ z │ f │ o │ p │ y │ q │ c │ l │ u │ v │ ß │ j │ Ret│
├─────┴┬──┴┬──┴┬──┴┬──┴┬──┴┬──┴┬──┴┬──┴┬──┴┬──┴┬──┴┬──┴┐   │
│    ⇩ │ h │ s │ e │ t │ k │ m │ n │ r │ i │ a │ ⇘ │ ´ │   │
├────┬─┴─┬─┴─┬─┴─┬─┴─┬─┴─┬─┴─┬─┴─┬─┴─┬─┴─┬─┴─┬─┴─┬─┴───┴───┤
│  ⇧ │ ⇚ │ g │ x │ ä │ d │ ü │ w │ b │ , │ . │ ö │ ⇗       │
├────┼───┴┬──┴─┬─┴───┴───┴───┴───┴───┴─┬─┴──┬┴───┼────┬────┤
│Strg│ Fe │ Alt│      Leerzeichen      │ M4 │ Fe │ Me │Strg│
└────┴────┴────┴───────────────────────┴────┴────┴────┴────┘
# 9.553832412322052 x100 total penalty per letter
# 34.96445612087697 x10 billion total penalty compared to notime-noeffort
# 7.268730475322268 mean key position cost in file 1gramme.txt ( 53.2031957 )
# 9.677793180408196 % finger repeats in file 2gramme.txt ( 46.718646400493284 )
# 12.121586387778361 million keystrokes disbalance of the fingers ( 18.18237958166754 )
# 0.38666258524445424 % finger repeats top to bottom or vice versa ( 7.77740693719733 )
# 5.1901052167295045 % of trigrams have no handswitching (after direction change counted x 1 ) ( 22.957467992002357 )
# 8.860788228455451 billion (rows²/dist)² to cross ( 115.19024696992086 )
# 0.0021530299299890032 hand disbalance. Left: 0.502153029929989 %, Right: 0.497846970070011 % ( 0.06303608207901455 )
# 0.7319461889614385 badly positioned shortcut keys (weighted).
# 8.115774585681566 no handswitching after unbalancing key (weighted).
# 30.16763943867424 movement pattern cost (weighted).
# 0.8614058411283124 asymmetric bigram cost (weighted).
# 6.2284967428667715 irregularity cost (weighted).
# 16.991678026703863 manually assigned bigram penalty (weighted)
# 10.926306575955811 unbalancing key after neighboring finger (weighted)
# 0.8614058411283124 asymmetrc bigrams (weighted)
# 11.528934145437258 inconsistent symmetries of similar keys (weighted)
# 6.2284967428667715 irregularity cost for randomly sampled words (weighted).
# Finger load %: 11.2 6.4 13.8 11.0 - 14.1 9.1 9.4 9.5
 
