
# Evolved Layout
ßlcfj öpouüäx
hrnsm wteia⇘
kzygq bd,.v
┌───┬───┬───┬───┬───┬───┬───┬───┬───┬───┬───┬───┬───┬──────┐
│ ^ │ 1 │ 2 │ 3 │ 4 │ 5 │ 6 │ 7 │ 8 │ 9 │ 0 │ - │ ` │ ←    │
├───┴─┬─┴─┬─┴─┬─┴─┬─┴─┬─┴─┬─┴─┬─┴─┬─┴─┬─┴─┬─┴─┬─┴─┬─┴─┬────┤
│   ⇥ │ ß │ l │ c │ f │ j │ ö │ p │ o │ u │ ü │ ä │ x │ Ret│
├─────┴┬──┴┬──┴┬──┴┬──┴┬──┴┬──┴┬──┴┬──┴┬──┴┬──┴┬──┴┬──┴┐   │
│    ⇩ │ h │ r │ n │ s │ m │ w │ t │ e │ i │ a │ ⇘ │ ´ │   │
├────┬─┴─┬─┴─┬─┴─┬─┴─┬─┴─┬─┴─┬─┴─┬─┴─┬─┴─┬─┴─┬─┴─┬─┴───┴───┤
│  ⇧ │ ⇚ │ k │ z │ y │ g │ q │ b │ d │ , │ . │ v │ ⇗       │
├────┼───┴┬──┴─┬─┴───┴───┴───┴───┴───┴─┬─┴──┬┴───┼────┬────┤
│Strg│ Fe │ Alt│      Leerzeichen      │ M4 │ Fe │ Me │Strg│
└────┴────┴────┴───────────────────────┴────┴────┴────┴────┘
# 9.0365881633883 x100 total penalty per letter
# 33.07148133703056 x10 billion total penalty compared to notime-noeffort
# 7.183989021735346 mean key position cost in file 1gramme.txt ( 52.58293386 )
# 9.713647149159332 % finger repeats in file 2gramme.txt ( 46.89172809968992 )
# 11.102062497830469 million keystrokes disbalance of the fingers ( 16.653093746745704 )
# 0.3583729925502323 % finger repeats top to bottom or vice versa ( 7.208384531444188 )
# 3.6714646897525363 % of trigrams have no handswitching (after direction change counted x 1 ) ( 16.24004323208571 )
# 8.276917674815767 billion (rows²/dist)² to cross ( 107.59992977260498 )
# 0.05170921429052 hand disbalance. Left: 0.44829078570948 %, Right: 0.55170921429052 % ( 1.5139344933654588 )
# 0.7319461889614385 badly positioned shortcut keys (weighted).
# 7.020591367637287 no handswitching after unbalancing key (weighted).
# 28.575391844139713 movement pattern cost (weighted).
# 0.8688410985005095 asymmetric bigram cost (weighted).
# 3.8273314923086867 irregularity cost (weighted).
# 16.428682750558625 manually assigned bigram penalty (weighted)
# 11.240715314723817 unbalancing key after neighboring finger (weighted)
# 0.8688410985005095 asymmetrc bigrams (weighted)
# 13.331265577539531 inconsistent symmetries of similar keys (weighted)
# 3.8273314923086867 irregularity cost for randomly sampled words (weighted).
# Finger load %: 9.8 8.7 9.0 10.3 - 12.8 14.7 9.4 9.7
 
