
# Evolved Layout
jovxö wcflzqß
haieu dtsnr⇘
küpyä bg,.m
┌───┬───┬───┬───┬───┬───┬───┬───┬───┬───┬───┬───┬───┬──────┐
│ ^ │ 1 │ 2 │ 3 │ 4 │ 5 │ 6 │ 7 │ 8 │ 9 │ 0 │ - │ ` │ ←    │
├───┴─┬─┴─┬─┴─┬─┴─┬─┴─┬─┴─┬─┴─┬─┴─┬─┴─┬─┴─┬─┴─┬─┴─┬─┴─┬────┤
│   ⇥ │ j │ o │ v │ x │ ö │ w │ c │ f │ l │ z │ q │ ß │ Ret│
├─────┴┬──┴┬──┴┬──┴┬──┴┬──┴┬──┴┬──┴┬──┴┬──┴┬──┴┬──┴┬──┴┐   │
│    ⇩ │ h │ a │ i │ e │ u │ d │ t │ s │ n │ r │ ⇘ │ ´ │   │
├────┬─┴─┬─┴─┬─┴─┬─┴─┬─┴─┬─┴─┬─┴─┬─┴─┬─┴─┬─┴─┬─┴─┬─┴───┴───┤
│  ⇧ │ ⇚ │ k │ ü │ p │ y │ ä │ b │ g │ , │ . │ m │ ⇗       │
├────┼───┴┬──┴─┬─┴───┴───┴───┴───┴───┴─┬─┴──┬┴───┼────┬────┤
│Strg│ Fe │ Alt│      Leerzeichen      │ M4 │ Fe │ Me │Strg│
└────┴────┴────┴───────────────────────┴────┴────┴────┴────┘
# 9.076807425479181 x100 total penalty per letter
# 33.21867301508187 x10 billion total penalty compared to notime-noeffort
# 7.515707256848381 mean key position cost in file 1gramme.txt ( 55.01093284 )
# 12.374083438196978 % finger repeats in file 2gramme.txt ( 59.734736825089016 )
# 13.290249703092941 million keystrokes disbalance of the fingers ( 19.935374554639413 )
# 0.3588595754455709 % finger repeats top to bottom or vice versa ( 7.218171755060187 )
# 1.5052650590223693 % of trigrams have no handswitching (after direction change counted x 1 ) ( 6.658260857717525 )
# 8.129676007531426 billion (rows²/dist)² to cross ( 105.68578809790854 )
# 0.032114360864653135 hand disbalance. Left: 0.46788563913534686 %, Right: 0.5321143608646531 % ( 0.9402393618326091 )
# 0.7319461889614385 badly positioned shortcut keys (weighted).
# 9.054468584649841 no handswitching after unbalancing key (weighted).
# 21.30697692953961 movement pattern cost (weighted).
# 0.8765040521175238 asymmetric bigram cost (weighted).
# 2.8318965555419875 irregularity cost (weighted).
# 18.818081361956814 manually assigned bigram penalty (weighted)
# 11.921570950961486 unbalancing key after neighboring finger (weighted)
# 0.8765040521175238 asymmetrc bigrams (weighted)
# 11.461781234842698 inconsistent symmetries of similar keys (weighted)
# 2.8318965555419875 irregularity cost for randomly sampled words (weighted).
# Finger load %: 10.2 7.7 7.2 14.4 - 15.8 7.3 10.6 11.2
 
