
# Evolved Layout
jyuöq wbldgzß
hriea msntc⇘
kxüoä vf,.p
┌───┬───┬───┬───┬───┬───┬───┬───┬───┬───┬───┬───┬───┬──────┐
│ ^ │ 1 │ 2 │ 3 │ 4 │ 5 │ 6 │ 7 │ 8 │ 9 │ 0 │ - │ ` │ ←    │
├───┴─┬─┴─┬─┴─┬─┴─┬─┴─┬─┴─┬─┴─┬─┴─┬─┴─┬─┴─┬─┴─┬─┴─┬─┴─┬────┤
│   ⇥ │ j │ y │ u │ ö │ q │ w │ b │ l │ d │ g │ z │ ß │ Ret│
├─────┴┬──┴┬──┴┬──┴┬──┴┬──┴┬──┴┬──┴┬──┴┬──┴┬──┴┬──┴┬──┴┐   │
│    ⇩ │ h │ r │ i │ e │ a │ m │ s │ n │ t │ c │ ⇘ │ ´ │   │
├────┬─┴─┬─┴─┬─┴─┬─┴─┬─┴─┬─┴─┬─┴─┬─┴─┬─┴─┬─┴─┬─┴─┬─┴───┴───┤
│  ⇧ │ ⇚ │ k │ x │ ü │ o │ ä │ v │ f │ , │ . │ p │ ⇗       │
├────┼───┴┬──┴─┬─┴───┴───┴───┴───┴───┴─┬─┴──┬┴───┼────┬────┤
│Strg│ Fe │ Alt│      Leerzeichen      │ M4 │ Fe │ Me │Strg│
└────┴────┴────┴───────────────────────┴────┴────┴────┴────┘
# 9.072853858958815 x100 total penalty per letter
# 33.20420402534493 x10 billion total penalty compared to notime-noeffort
# 7.289905616656076 mean key position cost in file 1gramme.txt ( 53.35818634 )
# 12.023069993591845 % finger repeats in file 2gramme.txt ( 58.04025207070055 )
# 12.327617164550603 million keystrokes disbalance of the fingers ( 18.491425746825904 )
# 0.3115904238705681 % finger repeats top to bottom or vice versa ( 6.267390786318574 )
# 3.0058274241844423 % of trigrams have no handswitching (after direction change counted x 1 ) ( 13.295720221194443 )
# 7.802522900881562 billion (rows²/dist)² to cross ( 101.43279771146031 )
# 0.009909424138912715 hand disbalance. Left: 0.5099094241389127 %, Right: 0.49009057586108734 % ( 0.2901266093311859 )
# 1.0979192834421578 badly positioned shortcut keys (weighted).
# 10.344753020087932 no handswitching after unbalancing key (weighted).
# 23.6892308768194 movement pattern cost (weighted).
# 0.8515290982091152 asymmetric bigram cost (weighted).
# 7.872017979615419 irregularity cost (weighted).
# 16.198070782630516 manually assigned bigram penalty (weighted)
# 13.438616791749757 unbalancing key after neighboring finger (weighted)
# 0.8515290982091152 asymmetrc bigrams (weighted)
# 7.374002935064007 inconsistent symmetries of similar keys (weighted)
# 7.872017979615419 irregularity cost for randomly sampled words (weighted).
# Finger load %: 10.3 5.8 8.3 18.5 - 12.1 10.5 9.5 9.2
 
