
# Evolved Layout
özlüä vcifwjß
hnreo mdust⇘
kyxaq bg,.p
┌───┬───┬───┬───┬───┬───┬───┬───┬───┬───┬───┬───┬───┬──────┐
│ ^ │ 1 │ 2 │ 3 │ 4 │ 5 │ 6 │ 7 │ 8 │ 9 │ 0 │ - │ ` │ ←    │
├───┴─┬─┴─┬─┴─┬─┴─┬─┴─┬─┴─┬─┴─┬─┴─┬─┴─┬─┴─┬─┴─┬─┴─┬─┴─┬────┤
│   ⇥ │ ö │ z │ l │ ü │ ä │ v │ c │ i │ f │ w │ j │ ß │ Ret│
├─────┴┬──┴┬──┴┬──┴┬──┴┬──┴┬──┴┬──┴┬──┴┬──┴┬──┴┬──┴┬──┴┐   │
│    ⇩ │ h │ n │ r │ e │ o │ m │ d │ u │ s │ t │ ⇘ │ ´ │   │
├────┬─┴─┬─┴─┬─┴─┬─┴─┬─┴─┬─┴─┬─┴─┬─┴─┬─┴─┬─┴─┬─┴─┬─┴───┴───┤
│  ⇧ │ ⇚ │ k │ y │ x │ a │ q │ b │ g │ , │ . │ p │ ⇗       │
├────┼───┴┬──┴─┬─┴───┴───┴───┴───┴───┴─┬─┴──┬┴───┼────┬────┤
│Strg│ Fe │ Alt│      Leerzeichen      │ M4 │ Fe │ Me │Strg│
└────┴────┴────┴───────────────────────┴────┴────┴────┴────┘
# 9.158342726981399 x100 total penalty per letter
# 33.51707028108372 x10 billion total penalty compared to notime-noeffort
# 7.299455365128594 mean key position cost in file 1gramme.txt ( 53.42808536 )
# 10.21661672868922 % finger repeats in file 2gramme.txt ( 49.31976696125924 )
# 13.04143487845852 million keystrokes disbalance of the fingers ( 19.562152317687783 )
# 0.3604132808376085 % finger repeats top to bottom or vice versa ( 7.249423289487172 )
# 4.5876993307864415 % of trigrams have no handswitching (after direction change counted x 1 ) ( 20.292837263485772 )
# 7.523303372878582 billion (rows²/dist)² to cross ( 97.80294384742157 )
# 0.030149646106732875 hand disbalance. Left: 0.5301496461067329 %, Right: 0.4698503538932672 % ( 0.8827167426543681 )
# 0.7319461889614385 badly positioned shortcut keys (weighted).
# 8.07830799075374 no handswitching after unbalancing key (weighted).
# 28.17718783810956 movement pattern cost (weighted).
# 0.8724111556894412 asymmetric bigram cost (weighted).
# 3.7401988081880546 irregularity cost (weighted).
# 18.611473576747617 manually assigned bigram penalty (weighted)
# 13.824386646750757 unbalancing key after neighboring finger (weighted)
# 0.8724111556894412 asymmetrc bigrams (weighted)
# 12.596864823640717 inconsistent symmetries of similar keys (weighted)
# 3.7401988081880546 irregularity cost for randomly sampled words (weighted).
# Finger load %: 10.3 7.7 8.0 18.7 - 12.4 9.2 7.5 10.6
 
