
# Evolved Layout
ßkmcv öpüofjx
rnstg uieah⇘
lyzdq äb,.w
┌───┬───┬───┬───┬───┬───┬───┬───┬───┬───┬───┬───┬───┬──────┐
│ ^ │ 1 │ 2 │ 3 │ 4 │ 5 │ 6 │ 7 │ 8 │ 9 │ 0 │ - │ ` │ ←    │
├───┴─┬─┴─┬─┴─┬─┴─┬─┴─┬─┴─┬─┴─┬─┴─┬─┴─┬─┴─┬─┴─┬─┴─┬─┴─┬────┤
│   ⇥ │ ß │ k │ m │ c │ v │ ö │ p │ ü │ o │ f │ j │ x │ Ret│
├─────┴┬──┴┬──┴┬──┴┬──┴┬──┴┬──┴┬──┴┬──┴┬──┴┬──┴┬──┴┬──┴┐   │
│    ⇩ │ r │ n │ s │ t │ g │ u │ i │ e │ a │ h │ ⇘ │ ´ │   │
├────┬─┴─┬─┴─┬─┴─┬─┴─┬─┴─┬─┴─┬─┴─┬─┴─┬─┴─┬─┴─┬─┴─┬─┴───┴───┤
│  ⇧ │ ⇚ │ l │ y │ z │ d │ q │ ä │ b │ , │ . │ w │ ⇗       │
├────┼───┴┬──┴─┬─┴───┴───┴───┴───┴───┴─┬─┴──┬┴───┼────┬────┤
│Strg│ Fe │ Alt│      Leerzeichen      │ M4 │ Fe │ Me │Strg│
└────┴────┴────┴───────────────────────┴────┴────┴────┴────┘
# 9.484069033907536 x100 total penalty per letter
# 34.709140926079066 x10 billion total penalty compared to notime-noeffort
# 7.558880222944206 mean key position cost in file 1gramme.txt ( 55.32693572 )
# 11.004046144342912 % finger repeats in file 2gramme.txt ( 53.12100922274352 )
# 14.062159251604285 million keystrokes disbalance of the fingers ( 21.093238877406428 )
# 0.3982338389700752 % finger repeats top to bottom or vice versa ( 8.010153399958446 )
# 1.9771777151190921 % of trigrams have no handswitching (after direction change counted x 1 ) ( 8.745678982197903 )
# 8.883565837863127 billion (rows²/dist)² to cross ( 115.48635589222064 )
# 0.0063967465036461335 hand disbalance. Left: 0.49360325349635387 %, Right: 0.5063967465036461 % ( 0.18728296900384778 )
# 0.7319461889614385 badly positioned shortcut keys (weighted).
# 9.388374917263242 no handswitching after unbalancing key (weighted).
# 23.610101543921406 movement pattern cost (weighted).
# 0.8751968790826609 asymmetric bigram cost (weighted).
# 5.541383045478301 irregularity cost (weighted).
# 21.928229827070766 manually assigned bigram penalty (weighted)
# 12.318141314538284 unbalancing key after neighboring finger (weighted)
# 0.8751968790826609 asymmetrc bigrams (weighted)
# 10.727380480943884 inconsistent symmetries of similar keys (weighted)
# 5.541383045478301 irregularity cost for randomly sampled words (weighted).
# Finger load %: 13.2 8.0 7.2 13.2 - 11.7 12.3 8.6 10.1
 

# Evolved Layout
öknoü qmuhvjß
crley bsidt⇘
gzxaä wf,.p
┌───┬───┬───┬───┬───┬───┬───┬───┬───┬───┬───┬───┬───┬──────┐
│ ^ │ 1 │ 2 │ 3 │ 4 │ 5 │ 6 │ 7 │ 8 │ 9 │ 0 │ - │ ` │ ←    │
├───┴─┬─┴─┬─┴─┬─┴─┬─┴─┬─┴─┬─┴─┬─┴─┬─┴─┬─┴─┬─┴─┬─┴─┬─┴─┬────┤
│   ⇥ │ ö │ k │ n │ o │ ü │ q │ m │ u │ h │ v │ j │ ß │ Ret│
├─────┴┬──┴┬──┴┬──┴┬──┴┬──┴┬──┴┬──┴┬──┴┬──┴┬──┴┬──┴┬──┴┐   │
│    ⇩ │ c │ r │ l │ e │ y │ b │ s │ i │ d │ t │ ⇘ │ ´ │   │
├────┬─┴─┬─┴─┬─┴─┬─┴─┬─┴─┬─┴─┬─┴─┬─┴─┬─┴─┬─┴─┬─┴─┬─┴───┴───┤
│  ⇧ │ ⇚ │ g │ z │ x │ a │ ä │ w │ f │ , │ . │ p │ ⇗       │
├────┼───┴┬──┴─┬─┴───┴───┴───┴───┴───┴─┬─┴──┬┴───┼────┬────┤
│Strg│ Fe │ Alt│      Leerzeichen      │ M4 │ Fe │ Me │Strg│
└────┴────┴────┴───────────────────────┴────┴────┴────┴────┘
# 9.244173410846782 x100 total penalty per letter
# 33.831187490839824 x10 billion total penalty compared to notime-noeffort
# 7.633316533729984 mean key position cost in file 1gramme.txt ( 55.87176946 )
# 11.45230656401944 % finger repeats in file 2gramme.txt ( 55.28494470388189 )
# 12.745284582434984 million keystrokes disbalance of the fingers ( 19.11792687365248 )
# 0.3953975161247983 % finger repeats top to bottom or vice versa ( 7.953103046976809 )
# 5.374532875807447 % of trigrams have no handswitching (after direction change counted x 1 ) ( 23.773249542340523 )
# 7.610023049349985 billion (rows²/dist)² to cross ( 98.93029964154981 )
# 0.039832527193300105 hand disbalance. Left: 0.5398325271933001 %, Right: 0.46016747280669984 % ( 1.166210659033555 )
# 0.36597309448071924 badly positioned shortcut keys (weighted).
# 7.078684306761181 no handswitching after unbalancing key (weighted).
# 26.067597345181355 movement pattern cost (weighted).
# 0.8801236423054298 asymmetric bigram cost (weighted).
# 3.9078186137214646 irregularity cost (weighted).
# 18.488088679882022 manually assigned bigram penalty (weighted)
# 9.017143046606403 unbalancing key after neighboring finger (weighted)
# 0.8801236423054298 asymmetrc bigrams (weighted)
# 10.40894225202465 inconsistent symmetries of similar keys (weighted)
# 3.9078186137214646 irregularity cost for randomly sampled words (weighted).
# Finger load %: 10.2 6.9 9.4 19.1 - 11.5 9.2 7.9 10.2
 
