
# Evolved Layout
öäcvü kfldzqß
aenip msrth⇘
oyxuj wb,.g
┌───┬───┬───┬───┬───┬───┬───┬───┬───┬───┬───┬───┬───┬──────┐
│ ^ │ 1 │ 2 │ 3 │ 4 │ 5 │ 6 │ 7 │ 8 │ 9 │ 0 │ - │ ` │ ←    │
├───┴─┬─┴─┬─┴─┬─┴─┬─┴─┬─┴─┬─┴─┬─┴─┬─┴─┬─┴─┬─┴─┬─┴─┬─┴─┬────┤
│   ⇥ │ ö │ ä │ c │ v │ ü │ k │ f │ l │ d │ z │ q │ ß │ Ret│
├─────┴┬──┴┬──┴┬──┴┬──┴┬──┴┬──┴┬──┴┬──┴┬──┴┬──┴┬──┴┬──┴┐   │
│    ⇩ │ a │ e │ n │ i │ p │ m │ s │ r │ t │ h │ ⇘ │ ´ │   │
├────┬─┴─┬─┴─┬─┴─┬─┴─┬─┴─┬─┴─┬─┴─┬─┴─┬─┴─┬─┴─┬─┴─┬─┴───┴───┤
│  ⇧ │ ⇚ │ o │ y │ x │ u │ j │ w │ b │ , │ . │ g │ ⇗       │
├────┼───┴┬──┴─┬─┴───┴───┴───┴───┴───┴─┬─┴──┬┴───┼────┬────┤
│Strg│ Fe │ Alt│      Leerzeichen      │ M4 │ Fe │ Me │Strg│
└────┴────┴────┴───────────────────────┴────┴────┴────┴────┘
# 9.157895080304044 x100 total penalty per letter
# 33.51543201468626 x10 billion total penalty compared to notime-noeffort
# 7.511813333984947 mean key position cost in file 1gramme.txt ( 54.98243142 )
# 8.727093371771726 % finger repeats in file 2gramme.txt ( 42.12923150344643 )
# 13.666475305132007 million keystrokes disbalance of the fingers ( 20.49971295769801 )
# 0.35394944295597774 % finger repeats top to bottom or vice versa ( 7.119408388899543 )
# 3.185643044190914 % of trigrams have no handswitching (after direction change counted x 1 ) ( 14.091101271939674 )
# 8.08163858992309 billion (rows²/dist)² to cross ( 105.06130166900017 )
# 0.021202294020857493 hand disbalance. Left: 0.5212022940208575 %, Right: 0.4787977059791425 % ( 0.6207575322322614 )
# 0.36597309448071924 badly positioned shortcut keys (weighted).
# 8.322678881617836 no handswitching after unbalancing key (weighted).
# 34.318648035688554 movement pattern cost (weighted).
# 0.8791207376376958 asymmetric bigram cost (weighted).
# 5.225541654643909 irregularity cost (weighted).
# 18.105827423019825 manually assigned bigram penalty (weighted)
# 10.486911138532221 unbalancing key after neighboring finger (weighted)
# 0.8791207376376958 asymmetrc bigrams (weighted)
# 12.945674438025742 inconsistent symmetries of similar keys (weighted)
# 5.225541654643909 irregularity cost for randomly sampled words (weighted).
# Finger load %: 13.2 11.7 8.8 10.3 - 12.4 9.1 9.5 9.3
 
