
# Evolved Layout
jgdpq üäifvxß
rhtnm öeasu⇘
lkbcz yo,.w
┌───┬───┬───┬───┬───┬───┬───┬───┬───┬───┬───┬───┬───┬──────┐
│ ^ │ 1 │ 2 │ 3 │ 4 │ 5 │ 6 │ 7 │ 8 │ 9 │ 0 │ - │ ` │ ←    │
├───┴─┬─┴─┬─┴─┬─┴─┬─┴─┬─┴─┬─┴─┬─┴─┬─┴─┬─┴─┬─┴─┬─┴─┬─┴─┬────┤
│   ⇥ │ j │ g │ d │ p │ q │ ü │ ä │ i │ f │ v │ x │ ß │ Ret│
├─────┴┬──┴┬──┴┬──┴┬──┴┬──┴┬──┴┬──┴┬──┴┬──┴┬──┴┬──┴┬──┴┐   │
│    ⇩ │ r │ h │ t │ n │ m │ ö │ e │ a │ s │ u │ ⇘ │ ´ │   │
├────┬─┴─┬─┴─┬─┴─┬─┴─┬─┴─┬─┴─┬─┴─┬─┴─┬─┴─┬─┴─┬─┴─┬─┴───┴───┤
│  ⇧ │ ⇚ │ l │ k │ b │ c │ z │ y │ o │ , │ . │ w │ ⇗       │
├────┼───┴┬──┴─┬─┴───┴───┴───┴───┴───┴─┬─┴──┬┴───┼────┬────┤
│Strg│ Fe │ Alt│      Leerzeichen      │ M4 │ Fe │ Me │Strg│
└────┴────┴────┴───────────────────────┴────┴────┴────┴────┘
# 9.40199190539362 x100 total penalty per letter
# 34.40876071899577 x10 billion total penalty compared to notime-noeffort
# 7.715066278318315 mean key position cost in file 1gramme.txt ( 56.4701336 )
# 11.056197444376695 % finger repeats in file 2gramme.txt ( 53.37276477281423 )
# 13.649863258725674 million keystrokes disbalance of the fingers ( 20.474794888088507 )
# 0.34030248236508664 % finger repeats top to bottom or vice versa ( 6.844910751885728 )
# 2.454779759210195 % of trigrams have no handswitching (after direction change counted x 1 ) ( 10.858263059452042 )
# 8.602904976871763 billion (rows²/dist)² to cross ( 111.83776469933292 )
# 0.008684856821365272 hand disbalance. Left: 0.49131514317863473 %, Right: 0.5086848568213652 % ( 0.2542739140829625 )
# 1.463892377922877 badly positioned shortcut keys (weighted).
# 6.9183581586179095 no handswitching after unbalancing key (weighted).
# 27.69329884070157 movement pattern cost (weighted).
# 0.8671446916867847 asymmetric bigram cost (weighted).
# 5.821116041649002 irregularity cost (weighted).
# 21.30433148900939 manually assigned bigram penalty (weighted)
# 8.407997144742344 unbalancing key after neighboring finger (weighted)
# 0.8671446916867847 asymmetrc bigrams (weighted)
# 11.498562759971461 inconsistent symmetries of similar keys (weighted)
# 5.821116041649002 irregularity cost for randomly sampled words (weighted).
# Finger load %: 13.2 6.4 9.5 12.4 - 15.6 11.1 7.5 8.8
 
