
# Evolved Layout
julüä qwadvzß
shrey bnitg⇘
kxmoö pf,.c
┌───┬───┬───┬───┬───┬───┬───┬───┬───┬───┬───┬───┬───┬──────┐
│ ^ │ 1 │ 2 │ 3 │ 4 │ 5 │ 6 │ 7 │ 8 │ 9 │ 0 │ - │ ` │ ←    │
├───┴─┬─┴─┬─┴─┬─┴─┬─┴─┬─┴─┬─┴─┬─┴─┬─┴─┬─┴─┬─┴─┬─┴─┬─┴─┬────┤
│   ⇥ │ j │ u │ l │ ü │ ä │ q │ w │ a │ d │ v │ z │ ß │ Ret│
├─────┴┬──┴┬──┴┬──┴┬──┴┬──┴┬──┴┬──┴┬──┴┬──┴┬──┴┬──┴┬──┴┐   │
│    ⇩ │ s │ h │ r │ e │ y │ b │ n │ i │ t │ g │ ⇘ │ ´ │   │
├────┬─┴─┬─┴─┬─┴─┬─┴─┬─┴─┬─┴─┬─┴─┬─┴─┬─┴─┬─┴─┬─┴─┬─┴───┴───┤
│  ⇧ │ ⇚ │ k │ x │ m │ o │ ö │ p │ f │ , │ . │ c │ ⇗       │
├────┼───┴┬──┴─┬─┴───┴───┴───┴───┴───┴─┬─┴──┬┴───┼────┬────┤
│Strg│ Fe │ Alt│      Leerzeichen      │ M4 │ Fe │ Me │Strg│
└────┴────┴────┴───────────────────────┴────┴────┴────┴────┘
# 9.364331085167514 x100 total penalty per letter
# 34.27093224980747 x10 billion total penalty compared to notime-noeffort
# 7.529729640125713 mean key position cost in file 1gramme.txt ( 55.11356914 )
# 9.852758680344342 % finger repeats in file 2gramme.txt ( 47.56327607705532 )
# 12.342568547466305 million keystrokes disbalance of the fingers ( 18.51385282119946 )
# 0.5024511323082967 % finger repeats top to bottom or vice versa ( 10.10640044095978 )
# 4.6718620509548 % of trigrams have no handswitching (after direction change counted x 1 ) ( 20.665115449322336 )
# 7.980553407406459 billion (rows²/dist)² to cross ( 103.74719429628396 )
# 0.00037723977751868976 hand disbalance. Left: 0.4996227602224813 %, Right: 0.5003772397775187 % ( 0.011044768699178639 )
# 1.0979192834421578 badly positioned shortcut keys (weighted).
# 6.29191586765788 no handswitching after unbalancing key (weighted).
# 30.322730272952967 movement pattern cost (weighted).
# 0.8625943583499166 asymmetric bigram cost (weighted).
# 3.278166268694288 irregularity cost (weighted).
# 19.12097250322399 manually assigned bigram penalty (weighted)
# 12.016057529389636 unbalancing key after neighboring finger (weighted)
# 0.8625943583499166 asymmetrc bigrams (weighted)
# 13.998513420843791 inconsistent symmetries of similar keys (weighted)
# 3.278166268694288 irregularity cost for randomly sampled words (weighted).
# Finger load %: 11.5 6.1 9.8 14.8 - 12.4 11.1 9.5 9.2
 

# Evolved Layout
öclhk fpuüäjß
tnrog msiea⇘
vyzdq wb,.x
┌───┬───┬───┬───┬───┬───┬───┬───┬───┬───┬───┬───┬───┬──────┐
│ ^ │ 1 │ 2 │ 3 │ 4 │ 5 │ 6 │ 7 │ 8 │ 9 │ 0 │ - │ ` │ ←    │
├───┴─┬─┴─┬─┴─┬─┴─┬─┴─┬─┴─┬─┴─┬─┴─┬─┴─┬─┴─┬─┴─┬─┴─┬─┴─┬────┤
│   ⇥ │ ö │ c │ l │ h │ k │ f │ p │ u │ ü │ ä │ j │ ß │ Ret│
├─────┴┬──┴┬──┴┬──┴┬──┴┬──┴┬──┴┬──┴┬──┴┬──┴┬──┴┬──┴┬──┴┐   │
│    ⇩ │ t │ n │ r │ o │ g │ m │ s │ i │ e │ a │ ⇘ │ ´ │   │
├────┬─┴─┬─┴─┬─┴─┬─┴─┬─┴─┬─┴─┬─┴─┬─┴─┬─┴─┬─┴─┬─┴─┬─┴───┴───┤
│  ⇧ │ ⇚ │ v │ y │ z │ d │ q │ w │ b │ , │ . │ x │ ⇗       │
├────┼───┴┬──┴─┬─┴───┴───┴───┴───┴───┴─┬─┴──┬┴───┼────┬────┤
│Strg│ Fe │ Alt│      Leerzeichen      │ M4 │ Fe │ Me │Strg│
└────┴────┴────┴───────────────────────┴────┴────┴────┴────┘
# 9.57112201636209 x100 total penalty per letter
# 35.02773141980575 x10 billion total penalty compared to notime-noeffort
# 7.379204511828605 mean key position cost in file 1gramme.txt ( 54.0118062 )
# 11.397598626380288 % finger repeats in file 2gramme.txt ( 55.020847223576375 )
# 12.023119678567573 million keystrokes disbalance of the fingers ( 18.03467951785136 )
# 0.32654260802210044 % finger repeats top to bottom or vice versa ( 6.568141945556956 )
# 4.285229548038633 % of trigrams have no handswitching (after direction change counted x 1 ) ( 18.95491826839527 )
# 8.29193919921621 billion (rows²/dist)² to cross ( 107.79520958981072 )
# 0.008846401054784847 hand disbalance. Left: 0.49115359894521515 %, Right: 0.5088464010547848 % ( 0.25900358152296876 )
# 0.36597309448071924 badly positioned shortcut keys (weighted).
# 10.37856384117045 no handswitching after unbalancing key (weighted).
# 28.771555236525426 movement pattern cost (weighted).
# 0.8715665677722783 asymmetric bigram cost (weighted).
# 3.535505695308183 irregularity cost (weighted).
# 18.205984111381397 manually assigned bigram penalty (weighted)
# 16.85842344974147 unbalancing key after neighboring finger (weighted)
# 0.8715665677722783 asymmetrc bigrams (weighted)
# 10.645135874963914 inconsistent symmetries of similar keys (weighted)
# 3.535505695308183 irregularity cost for randomly sampled words (weighted).
# Finger load %: 11.3 9.2 8.5 12.4 - 12.5 9.2 12.5 8.8
 
