
# Evolved Layout
äüuvj qwlkgzß
aeinm dtrsh⇘
oöxcy fb,.p
┌───┬───┬───┬───┬───┬───┬───┬───┬───┬───┬───┬───┬───┬──────┐
│ ^ │ 1 │ 2 │ 3 │ 4 │ 5 │ 6 │ 7 │ 8 │ 9 │ 0 │ - │ ` │ ←    │
├───┴─┬─┴─┬─┴─┬─┴─┬─┴─┬─┴─┬─┴─┬─┴─┬─┴─┬─┴─┬─┴─┬─┴─┬─┴─┬────┤
│   ⇥ │ ä │ ü │ u │ v │ j │ q │ w │ l │ k │ g │ z │ ß │ Ret│
├─────┴┬──┴┬──┴┬──┴┬──┴┬──┴┬──┴┬──┴┬──┴┬──┴┬──┴┬──┴┬──┴┐   │
│    ⇩ │ a │ e │ i │ n │ m │ d │ t │ r │ s │ h │ ⇘ │ ´ │   │
├────┬─┴─┬─┴─┬─┴─┬─┴─┬─┴─┬─┴─┬─┴─┬─┴─┬─┴─┬─┴─┬─┴─┬─┴───┴───┤
│  ⇧ │ ⇚ │ o │ ö │ x │ c │ y │ f │ b │ , │ . │ p │ ⇗       │
├────┼───┴┬──┴─┬─┴───┴───┴───┴───┴───┴─┬─┴──┬┴───┼────┬────┤
│Strg│ Fe │ Alt│      Leerzeichen      │ M4 │ Fe │ Me │Strg│
└────┴────┴────┴───────────────────────┴────┴────┴────┴────┘
# 8.969435861702788 x100 total penalty per letter
# 32.82572198053706 x10 billion total penalty compared to notime-noeffort
# 7.326289190205091 mean key position cost in file 1gramme.txt ( 53.62449452 )
# 8.188914631568311 % finger repeats in file 2gramme.txt ( 39.53122369369844 )
# 14.44813265289226 million keystrokes disbalance of the fingers ( 21.67219897933839 )
# 0.3081927551860105 % finger repeats top to bottom or vice versa ( 6.19904941323002 )
# 3.711731211746683 % of trigrams have no handswitching (after direction change counted x 1 ) ( 16.418154725249696 )
# 8.0272631899729 billion (rows²/dist)² to cross ( 104.35442146964768 )
# 0.031079592213601903 hand disbalance. Left: 0.5310795922136019 %, Right: 0.46892040778639804 % ( 0.9099435630088605 )
# 0.7319461889614385 badly positioned shortcut keys (weighted).
# 7.829874867261119 no handswitching after unbalancing key (weighted).
# 26.867106259614594 movement pattern cost (weighted).
# 0.8816651111297321 asymmetric bigram cost (weighted).
# 6.328250501089912 irregularity cost (weighted).
# 18.60492652813167 manually assigned bigram penalty (weighted)
# 13.895021732984421 unbalancing key after neighboring finger (weighted)
# 0.8816651111297321 asymmetrc bigrams (weighted)
# 10.408942252024653 inconsistent symmetries of similar keys (weighted)
# 6.328250501089912 irregularity cost for randomly sampled words (weighted).
# Finger load %: 13.3 11.4 8.2 11.9 - 13.1 9.1 7.1 10.3
 
