
# Evolved Layout
övlkz qgoaxjß
hnrsm cteiu⇘
päüfy wd,.b
┌───┬───┬───┬───┬───┬───┬───┬───┬───┬───┬───┬───┬───┬──────┐
│ ^ │ 1 │ 2 │ 3 │ 4 │ 5 │ 6 │ 7 │ 8 │ 9 │ 0 │ - │ ` │ ←    │
├───┴─┬─┴─┬─┴─┬─┴─┬─┴─┬─┴─┬─┴─┬─┴─┬─┴─┬─┴─┬─┴─┬─┴─┬─┴─┬────┤
│   ⇥ │ ö │ v │ l │ k │ z │ q │ g │ o │ a │ x │ j │ ß │ Ret│
├─────┴┬──┴┬──┴┬──┴┬──┴┬──┴┬──┴┬──┴┬──┴┬──┴┬──┴┬──┴┬──┴┐   │
│    ⇩ │ h │ n │ r │ s │ m │ c │ t │ e │ i │ u │ ⇘ │ ´ │   │
├────┬─┴─┬─┴─┬─┴─┬─┴─┬─┴─┬─┴─┬─┴─┬─┴─┬─┴─┬─┴─┬─┴─┬─┴───┴───┤
│  ⇧ │ ⇚ │ p │ ä │ ü │ f │ y │ w │ d │ , │ . │ b │ ⇗       │
├────┼───┴┬──┴─┬─┴───┴───┴───┴───┴───┴─┬─┴──┬┴───┼────┬────┤
│Strg│ Fe │ Alt│      Leerzeichen      │ M4 │ Fe │ Me │Strg│
└────┴────┴────┴───────────────────────┴────┴────┴────┴────┘
# 9.404140721908481 x100 total penalty per letter
# 34.416624809289914 x10 billion total penalty compared to notime-noeffort
# 7.282937776564939 mean key position cost in file 1gramme.txt ( 53.3071855 )
# 12.096389336164892 % finger repeats in file 2gramme.txt ( 58.39419437718849 )
# 10.95672704510942 million keystrokes disbalance of the fingers ( 16.43509056766413 )
# 0.36002203936062044 % finger repeats top to bottom or vice versa ( 7.241553781825027 )
# 4.311896061478472 % of trigrams have no handswitching (after direction change counted x 1 ) ( 19.072872645655305 )
# 8.095368005722872 billion (rows²/dist)² to cross ( 105.23978407439732 )
# 0.07574967202193744 hand disbalance. Left: 0.42425032797806256 %, Right: 0.5757496720219374 % ( 2.2177873500614407 )
# 1.0979192834421578 badly positioned shortcut keys (weighted).
# 7.614764608803218 no handswitching after unbalancing key (weighted).
# 28.45510485450999 movement pattern cost (weighted).
# 0.8641240081109393 asymmetric bigram cost (weighted).
# 6.050030716401684 irregularity cost (weighted).
# 16.09287242240518 manually assigned bigram penalty (weighted)
# 13.225067764187237 unbalancing key after neighboring finger (weighted)
# 0.8641240081109393 asymmetrc bigrams (weighted)
# 8.857896138247051 inconsistent symmetries of similar keys (weighted)
# 6.050030716401684 irregularity cost for randomly sampled words (weighted).
# Finger load %: 9.9 7.6 8.2 10.2 - 14.4 14.7 11.3 8.2
 
