
# Evolved Layout
jcbäü qdulxzß
smneo wtirh⇘
vypaö fg,.k
┌───┬───┬───┬───┬───┬───┬───┬───┬───┬───┬───┬───┬───┬──────┐
│ ^ │ 1 │ 2 │ 3 │ 4 │ 5 │ 6 │ 7 │ 8 │ 9 │ 0 │ - │ ` │ ←    │
├───┴─┬─┴─┬─┴─┬─┴─┬─┴─┬─┴─┬─┴─┬─┴─┬─┴─┬─┴─┬─┴─┬─┴─┬─┴─┬────┤
│   ⇥ │ j │ c │ b │ ä │ ü │ q │ d │ u │ l │ x │ z │ ß │ Ret│
├─────┴┬──┴┬──┴┬──┴┬──┴┬──┴┬──┴┬──┴┬──┴┬──┴┬──┴┬──┴┬──┴┐   │
│    ⇩ │ s │ m │ n │ e │ o │ w │ t │ i │ r │ h │ ⇘ │ ´ │   │
├────┬─┴─┬─┴─┬─┴─┬─┴─┬─┴─┬─┴─┬─┴─┬─┴─┬─┴─┬─┴─┬─┴─┬─┴───┴───┤
│  ⇧ │ ⇚ │ v │ y │ p │ a │ ö │ f │ g │ , │ . │ k │ ⇗       │
├────┼───┴┬──┴─┬─┴───┴───┴───┴───┴───┴─┬─┴──┬┴───┼────┬────┤
│Strg│ Fe │ Alt│      Leerzeichen      │ M4 │ Fe │ Me │Strg│
└────┴────┴────┴───────────────────────┴────┴────┴────┴────┘
# 9.499013327349983 x100 total penalty per letter
# 34.763833019238675 x10 billion total penalty compared to notime-noeffort
# 7.5080873551614635 mean key position cost in file 1gramme.txt ( 54.95515926 )
# 10.888310751069985 % finger repeats in file 2gramme.txt ( 52.56230737682209 )
# 13.052116615976523 million keystrokes disbalance of the fingers ( 19.578174923964788 )
# 0.3391854286419009 % finger repeats top to bottom or vice versa ( 6.822442114610066 )
# 4.647015873863916 % of trigrams have no handswitching (after direction change counted x 1 ) ( 20.555212992345357 )
# 8.390933756803264 billion (rows²/dist)² to cross ( 109.08213883844245 )
# 0.012010442334706939 hand disbalance. Left: 0.5120104423347069 %, Right: 0.48798955766529306 % ( 0.3516398997851946 )
# 0.7319461889614385 badly positioned shortcut keys (weighted).
# 7.750177517258408 no handswitching after unbalancing key (weighted).
# 23.106148103511362 movement pattern cost (weighted).
# 0.8871930643295612 asymmetric bigram cost (weighted).
# 5.205505763170424 irregularity cost (weighted).
# 17.81204548228572 manually assigned bigram penalty (weighted)
# 14.239725246056054 unbalancing key after neighboring finger (weighted)
# 0.8871930643295612 asymmetrc bigrams (weighted)
# 13.998513420843791 inconsistent symmetries of similar keys (weighted)
# 5.205505763170424 irregularity cost for randomly sampled words (weighted).
# Finger load %: 10.9 4.7 8.8 18.8 - 13.7 9.2 9.3 9.0
 
