
# Evolved Layout
öäcpj vwmfüxß
aernl gtshi⇘
oqykz bd,.u
┌───┬───┬───┬───┬───┬───┬───┬───┬───┬───┬───┬───┬───┬──────┐
│ ^ │ 1 │ 2 │ 3 │ 4 │ 5 │ 6 │ 7 │ 8 │ 9 │ 0 │ - │ ` │ ←    │
├───┴─┬─┴─┬─┴─┬─┴─┬─┴─┬─┴─┬─┴─┬─┴─┬─┴─┬─┴─┬─┴─┬─┴─┬─┴─┬────┤
│   ⇥ │ ö │ ä │ c │ p │ j │ v │ w │ m │ f │ ü │ x │ ß │ Ret│
├─────┴┬──┴┬──┴┬──┴┬──┴┬──┴┬──┴┬──┴┬──┴┬──┴┬──┴┬──┴┬──┴┐   │
│    ⇩ │ a │ e │ r │ n │ l │ g │ t │ s │ h │ i │ ⇘ │ ´ │   │
├────┬─┴─┬─┴─┬─┴─┬─┴─┬─┴─┬─┴─┬─┴─┬─┴─┬─┴─┬─┴─┬─┴─┬─┴───┴───┤
│  ⇧ │ ⇚ │ o │ q │ y │ k │ z │ b │ d │ , │ . │ u │ ⇗       │
├────┼───┴┬──┴─┬─┴───┴───┴───┴───┴───┴─┬─┴──┬┴───┼────┬────┤
│Strg│ Fe │ Alt│      Leerzeichen      │ M4 │ Fe │ Me │Strg│
└────┴────┴────┴───────────────────────┴────┴────┴────┴────┘
# 9.391855982415219 x100 total penalty per letter
# 34.37166596801754 x10 billion total penalty compared to notime-noeffort
# 7.596663486819437 mean key position cost in file 1gramme.txt ( 55.60348888 )
# 9.360072074343892 % finger repeats in file 2gramme.txt ( 45.1848773137307 )
# 15.663739538052594 million keystrokes disbalance of the fingers ( 23.49560930707889 )
# 0.37622066825715034 % finger repeats top to bottom or vice versa ( 7.567376174682893 )
# 5.086768993765401 % of trigrams have no handswitching (after direction change counted x 1 ) ( 22.500379372013317 )
# 7.742936708497942 billion (rows²/dist)² to cross ( 100.65817721047326 )
# 0.02426077571541785 hand disbalance. Left: 0.5242607757154178 %, Right: 0.47573922428458215 % ( 0.7103032930459324 )
# 1.0979192834421578 badly positioned shortcut keys (weighted).
# 7.3689206435014345 no handswitching after unbalancing key (weighted).
# 29.811994249970805 movement pattern cost (weighted).
# 0.8941778045886775 asymmetric bigram cost (weighted).
# 6.352574168113858 irregularity cost (weighted).
# 18.557252535015525 manually assigned bigram penalty (weighted)
# 10.551972481512577 unbalancing key after neighboring finger (weighted)
# 0.8941778045886775 asymmetrc bigrams (weighted)
# 13.361636963005326 inconsistent symmetries of similar keys (weighted)
# 6.352574168113858 irregularity cost for randomly sampled words (weighted).
# Finger load %: 13.1 11.3 7.7 12.2 - 14.3 7.8 6.0 12.1
 
