
# Evolved Layout
ßuopj xyambzq
hletk fsird⇘
vüägö wn,.c
┌───┬───┬───┬───┬───┬───┬───┬───┬───┬───┬───┬───┬───┬──────┐
│ ^ │ 1 │ 2 │ 3 │ 4 │ 5 │ 6 │ 7 │ 8 │ 9 │ 0 │ - │ ` │ ←    │
├───┴─┬─┴─┬─┴─┬─┴─┬─┴─┬─┴─┬─┴─┬─┴─┬─┴─┬─┴─┬─┴─┬─┴─┬─┴─┬────┤
│   ⇥ │ ß │ u │ o │ p │ j │ x │ y │ a │ m │ b │ z │ q │ Ret│
├─────┴┬──┴┬──┴┬──┴┬──┴┬──┴┬──┴┬──┴┬──┴┬──┴┬──┴┬──┴┬──┴┐   │
│    ⇩ │ h │ l │ e │ t │ k │ f │ s │ i │ r │ d │ ⇘ │ ´ │   │
├────┬─┴─┬─┴─┬─┴─┬─┴─┬─┴─┬─┴─┬─┴─┬─┴─┬─┴─┬─┴─┬─┴─┬─┴───┴───┤
│  ⇧ │ ⇚ │ v │ ü │ ä │ g │ ö │ w │ n │ , │ . │ c │ ⇗       │
├────┼───┴┬──┴─┬─┴───┴───┴───┴───┴───┴─┬─┴──┬┴───┼────┬────┤
│Strg│ Fe │ Alt│      Leerzeichen      │ M4 │ Fe │ Me │Strg│
└────┴────┴────┴───────────────────────┴────┴────┴────┴────┘
# 9.841825767693988 x100 total penalty per letter
# 36.01843431543049 x10 billion total penalty compared to notime-noeffort
# 7.402425882820531 mean key position cost in file 1gramme.txt ( 54.18177414 )
# 14.085118703032713 % finger repeats in file 2gramme.txt ( 67.99460041449292 )
# 12.512885404471414 million keystrokes disbalance of the fingers ( 18.76932810670712 )
# 0.35359146797099905 % finger repeats top to bottom or vice versa ( 7.11220800997031 )
# 3.6957549393756044 % of trigrams have no handswitching (after direction change counted x 1 ) ( 16.347486646997968 )
# 7.874944295111421 billion (rows²/dist)² to cross ( 102.37427583644848 )
# 0.04112997397921875 hand disbalance. Left: 0.45887002602078125 %, Right: 0.5411299739792187 % ( 1.2041971082468916 )
# 1.0979192834421578 badly positioned shortcut keys (weighted).
# 7.2965137610434 no handswitching after unbalancing key (weighted).
# 29.42281328064775 movement pattern cost (weighted).
# 0.8814468380020496 asymmetric bigram cost (weighted).
# 10.191085493387678 irregularity cost (weighted).
# 15.813624933581274 manually assigned bigram penalty (weighted)
# 11.56191862720169 unbalancing key after neighboring finger (weighted)
# 0.8814468380020496 asymmetrc bigrams (weighted)
# 15.93515067413518 inconsistent symmetries of similar keys (weighted)
# 10.191085493387678 irregularity cost for randomly sampled words (weighted).
# Finger load %: 9.8 5.8 13.8 9.3 - 15.2 11.1 8.4 11.0
 

# Evolved Layout
ökcüä qfrmvjß
hegia pnlst⇘
uxzoy bw,.d
┌───┬───┬───┬───┬───┬───┬───┬───┬───┬───┬───┬───┬───┬──────┐
│ ^ │ 1 │ 2 │ 3 │ 4 │ 5 │ 6 │ 7 │ 8 │ 9 │ 0 │ - │ ` │ ←    │
├───┴─┬─┴─┬─┴─┬─┴─┬─┴─┬─┴─┬─┴─┬─┴─┬─┴─┬─┴─┬─┴─┬─┴─┬─┴─┬────┤
│   ⇥ │ ö │ k │ c │ ü │ ä │ q │ f │ r │ m │ v │ j │ ß │ Ret│
├─────┴┬──┴┬──┴┬──┴┬──┴┬──┴┬──┴┬──┴┬──┴┬──┴┬──┴┬──┴┬──┴┐   │
│    ⇩ │ h │ e │ g │ i │ a │ p │ n │ l │ s │ t │ ⇘ │ ´ │   │
├────┬─┴─┬─┴─┬─┴─┬─┴─┬─┴─┬─┴─┬─┴─┬─┴─┬─┴─┬─┴─┬─┴─┬─┴───┴───┤
│  ⇧ │ ⇚ │ u │ x │ z │ o │ y │ b │ w │ , │ . │ d │ ⇗       │
├────┼───┴┬──┴─┬─┴───┴───┴───┴───┴───┴─┬─┴──┬┴───┼────┬────┤
│Strg│ Fe │ Alt│      Leerzeichen      │ M4 │ Fe │ Me │Strg│
└────┴────┴────┴───────────────────────┴────┴────┴────┴────┘
# 9.461247689898961 x100 total penalty per letter
# 34.625620947208795 x10 billion total penalty compared to notime-noeffort
# 7.7041987225881785 mean key position cost in file 1gramme.txt ( 56.39058894 )
# 11.491061048079318 % finger repeats in file 2gramme.txt ( 55.472028370940656 )
# 15.131742533622527 million keystrokes disbalance of the fingers ( 22.697613800433793 )
# 0.3298618316581018 % finger repeats top to bottom or vice versa ( 6.634905459581531 )
# 2.4834238875296384 % of trigrams have no handswitching (after direction change counted x 1 ) ( 10.984965049410313 )
# 8.006946435895076 billion (rows²/dist)² to cross ( 104.09030366663599 )
# 0.0031084569306208953 hand disbalance. Left: 0.5031084569306209 %, Right: 0.4968915430693791 % ( 0.0910089281567494 )
# 0.36597309448071924 badly positioned shortcut keys (weighted).
# 9.280823351207747 no handswitching after unbalancing key (weighted).
# 34.9205621207905 movement pattern cost (weighted).
# 0.8728940214518123 asymmetric bigram cost (weighted).
# 4.351666693846626 irregularity cost (weighted).
# 19.795601860670498 manually assigned bigram penalty (weighted)
# 12.517308654437572 unbalancing key after neighboring finger (weighted)
# 0.8728940214518123 asymmetrc bigrams (weighted)
# 7.789965460043591 inconsistent symmetries of similar keys (weighted)
# 4.351666693846626 irregularity cost for randomly sampled words (weighted).
# Finger load %: 11.7 12.1 4.8 13.8 - 12.4 9.1 8.0 12.5
 
