
# Evolved Layout
ßplgj äwyoüxö
hnrsm cteai⇘
kvzfq bd,.u
┌───┬───┬───┬───┬───┬───┬───┬───┬───┬───┬───┬───┬───┬──────┐
│ ^ │ 1 │ 2 │ 3 │ 4 │ 5 │ 6 │ 7 │ 8 │ 9 │ 0 │ - │ ` │ ←    │
├───┴─┬─┴─┬─┴─┬─┴─┬─┴─┬─┴─┬─┴─┬─┴─┬─┴─┬─┴─┬─┴─┬─┴─┬─┴─┬────┤
│   ⇥ │ ß │ p │ l │ g │ j │ ä │ w │ y │ o │ ü │ x │ ö │ Ret│
├─────┴┬──┴┬──┴┬──┴┬──┴┬──┴┬──┴┬──┴┬──┴┬──┴┬──┴┬──┴┬──┴┐   │
│    ⇩ │ h │ n │ r │ s │ m │ c │ t │ e │ a │ i │ ⇘ │ ´ │   │
├────┬─┴─┬─┴─┬─┴─┬─┴─┬─┴─┬─┴─┬─┴─┬─┴─┬─┴─┬─┴─┬─┴─┬─┴───┴───┤
│  ⇧ │ ⇚ │ k │ v │ z │ f │ q │ b │ d │ , │ . │ u │ ⇗       │
├────┼───┴┬──┴─┬─┴───┴───┴───┴───┴───┴─┬─┴──┬┴───┼────┬────┤
│Strg│ Fe │ Alt│      Leerzeichen      │ M4 │ Fe │ Me │Strg│
└────┴────┴────┴───────────────────────┴────┴────┴────┴────┘
# 9.029208940845036 x100 total penalty per letter
# 33.04447536794036 x10 billion total penalty compared to notime-noeffort
# 7.433422716115329 mean key position cost in file 1gramme.txt ( 54.40865428 )
# 8.574114572068064 % finger repeats in file 2gramme.txt ( 41.39074057716835 )
# 13.280367255100222 million keystrokes disbalance of the fingers ( 19.920550882650332 )
# 0.3996445152983367 % finger repeats top to bottom or vice versa ( 8.038528019795596 )
# 3.478038397654567 % of trigrams have no handswitching (after direction change counted x 1 ) ( 15.384457897257175 )
# 8.473581405485913 billion (rows²/dist)² to cross ( 110.15655827131688 )
# 0.06488958900074826 hand disbalance. Left: 0.43511041099925174 %, Right: 0.5648895890007483 % ( 1.8998274948948708 )
# 0.7319461889614385 badly positioned shortcut keys (weighted).
# 7.477704423458065 no handswitching after unbalancing key (weighted).
# 23.40567296306305 movement pattern cost (weighted).
# 0.868016653088198 asymmetric bigram cost (weighted).
# 3.0672597245992876 irregularity cost (weighted).
# 16.994066591143056 manually assigned bigram penalty (weighted)
# 11.818458020690086 unbalancing key after neighboring finger (weighted)
# 0.868016653088198 asymmetrc bigrams (weighted)
# 14.882311691317133 inconsistent symmetries of similar keys (weighted)
# 3.0672597245992876 irregularity cost for randomly sampled words (weighted).
# Finger load %: 9.6 8.3 8.5 10.3 - 14.1 12.4 8.6 12.7
 
