
# Evolved Layout
jcoxö pflmkvß
iraeä btnsh⇘
uzüyq wd,.g
┌───┬───┬───┬───┬───┬───┬───┬───┬───┬───┬───┬───┬───┬──────┐
│ ^ │ 1 │ 2 │ 3 │ 4 │ 5 │ 6 │ 7 │ 8 │ 9 │ 0 │ - │ ` │ ←    │
├───┴─┬─┴─┬─┴─┬─┴─┬─┴─┬─┴─┬─┴─┬─┴─┬─┴─┬─┴─┬─┴─┬─┴─┬─┴─┬────┤
│   ⇥ │ j │ c │ o │ x │ ö │ p │ f │ l │ m │ k │ v │ ß │ Ret│
├─────┴┬──┴┬──┴┬──┴┬──┴┬──┴┬──┴┬──┴┬──┴┬──┴┬──┴┬──┴┬──┴┐   │
│    ⇩ │ i │ r │ a │ e │ ä │ b │ t │ n │ s │ h │ ⇘ │ ´ │   │
├────┬─┴─┬─┴─┬─┴─┬─┴─┬─┴─┬─┴─┬─┴─┬─┴─┬─┴─┬─┴─┬─┴─┬─┴───┴───┤
│  ⇧ │ ⇚ │ u │ z │ ü │ y │ q │ w │ d │ , │ . │ g │ ⇗       │
├────┼───┴┬──┴─┬─┴───┴───┴───┴───┴───┴─┬─┴──┬┴───┼────┬────┤
│Strg│ Fe │ Alt│      Leerzeichen      │ M4 │ Fe │ Me │Strg│
└────┴────┴────┴───────────────────────┴────┴────┴────┴────┘
# 9.160495240123817 x100 total penalty per letter
# 33.524947900040125 x10 billion total penalty compared to notime-noeffort
# 7.611114642053961 mean key position cost in file 1gramme.txt ( 55.70926356 )
# 9.386762734431413 % finger repeats in file 2gramme.txt ( 45.31372399267699 )
# 15.092374686045977 million keystrokes disbalance of the fingers ( 22.638562029068964 )
# 0.37423901927727954 % finger repeats top to bottom or vice versa ( 7.527516899150989 )
# 2.1851801455986863 % of trigrams have no handswitching (after direction change counted x 1 ) ( 9.665739162211564 )
# 8.12818539238067 billion (rows²/dist)² to cross ( 105.6664101009487 )
# 0.0044760465046761455 hand disbalance. Left: 0.49552395349532385 %, Right: 0.5044760465046761 % ( 0.1310490072284749 )
# 0.36597309448071924 badly positioned shortcut keys (weighted).
# 8.760804504896404 no handswitching after unbalancing key (weighted).
# 30.86947609163251 movement pattern cost (weighted).
# 0.872536266228358 asymmetric bigram cost (weighted).
# 14.184037491548196 irregularity cost (weighted).
# 19.648269340115196 manually assigned bigram penalty (weighted)
# 9.058846711151224 unbalancing key after neighboring finger (weighted)
# 0.872536266228358 asymmetrc bigrams (weighted)
# 4.837270749062918 inconsistent symmetries of similar keys (weighted)
# 14.184037491548196 irregularity cost for randomly sampled words (weighted).
# Finger load %: 14.3 8.1 7.5 12.0 - 14.0 10.5 8.0 10.1
 
