
# Evolved Layout
ßgovö xcbdwjq
uheiü lrnts⇘
pkäay zm,.f
┌───┬───┬───┬───┬───┬───┬───┬───┬───┬───┬───┬───┬───┬──────┐
│ ^ │ 1 │ 2 │ 3 │ 4 │ 5 │ 6 │ 7 │ 8 │ 9 │ 0 │ - │ ` │ ←    │
├───┴─┬─┴─┬─┴─┬─┴─┬─┴─┬─┴─┬─┴─┬─┴─┬─┴─┬─┴─┬─┴─┬─┴─┬─┴─┬────┤
│   ⇥ │ ß │ g │ o │ v │ ö │ x │ c │ b │ d │ w │ j │ q │ Ret│
├─────┴┬──┴┬──┴┬──┴┬──┴┬──┴┬──┴┬──┴┬──┴┬──┴┬──┴┬──┴┬──┴┐   │
│    ⇩ │ u │ h │ e │ i │ ü │ l │ r │ n │ t │ s │ ⇘ │ ´ │   │
├────┬─┴─┬─┴─┬─┴─┬─┴─┬─┴─┬─┴─┬─┴─┬─┴─┬─┴─┬─┴─┬─┴─┬─┴───┴───┤
│  ⇧ │ ⇚ │ p │ k │ ä │ a │ y │ z │ m │ , │ . │ f │ ⇗       │
├────┼───┴┬──┴─┬─┴───┴───┴───┴───┴───┴─┬─┴──┬┴───┼────┬────┤
│Strg│ Fe │ Alt│      Leerzeichen      │ M4 │ Fe │ Me │Strg│
└────┴────┴────┴───────────────────────┴────┴────┴────┴────┘
# 9.20937412058486 x100 total penalty per letter
# 33.703831451410935 x10 billion total penalty compared to notime-noeffort
# 7.516264191232558 mean key position cost in file 1gramme.txt ( 55.0150093 )
# 12.13500807528448 % finger repeats in file 2gramme.txt ( 58.580622748174285 )
# 11.911373670801622 million keystrokes disbalance of the fingers ( 17.86706050620243 )
# 0.4688416962117725 % finger repeats top to bottom or vice versa ( 9.43037366353796 )
# 1.9150219163256388 % of trigrams have no handswitching (after direction change counted x 1 ) ( 8.470744332179919 )
# 8.167970980215898 billion (rows²/dist)² to cross ( 106.18362274280669 )
# 0.012728876401198297 hand disbalance. Left: 0.4872711235988017 %, Right: 0.5127288764011984 % ( 0.37267410286473135 )
# 1.0979192834421578 badly positioned shortcut keys (weighted).
# 7.1652888488973385 no handswitching after unbalancing key (weighted).
# 29.21183238292945 movement pattern cost (weighted).
# 0.8658975105333111 asymmetric bigram cost (weighted).
# 3.366401957216831 irregularity cost (weighted).
# 20.272227036450257 manually assigned bigram penalty (weighted)
# 9.182441896957657 unbalancing key after neighboring finger (weighted)
# 0.8658975105333111 asymmetrc bigrams (weighted)
# 9.956198201916308 inconsistent symmetries of similar keys (weighted)
# 3.366401957216831 irregularity cost for randomly sampled words (weighted).
# Finger load %: 9.3 6.4 13.8 11.6 - 13.7 9.1 9.5 11.0
 
