
# Evolved Layout
ßkpmj öfyoäüx
hsnrl bteai⇘
gvzcq wd,.u
┌───┬───┬───┬───┬───┬───┬───┬───┬───┬───┬───┬───┬───┬──────┐
│ ^ │ 1 │ 2 │ 3 │ 4 │ 5 │ 6 │ 7 │ 8 │ 9 │ 0 │ - │ ` │ ←    │
├───┴─┬─┴─┬─┴─┬─┴─┬─┴─┬─┴─┬─┴─┬─┴─┬─┴─┬─┴─┬─┴─┬─┴─┬─┴─┬────┤
│   ⇥ │ ß │ k │ p │ m │ j │ ö │ f │ y │ o │ ä │ ü │ x │ Ret│
├─────┴┬──┴┬──┴┬──┴┬──┴┬──┴┬──┴┬──┴┬──┴┬──┴┬──┴┬──┴┬──┴┐   │
│    ⇩ │ h │ s │ n │ r │ l │ b │ t │ e │ a │ i │ ⇘ │ ´ │   │
├────┬─┴─┬─┴─┬─┴─┬─┴─┬─┴─┬─┴─┬─┴─┬─┴─┬─┴─┬─┴─┬─┴─┬─┴───┴───┤
│  ⇧ │ ⇚ │ g │ v │ z │ c │ q │ w │ d │ , │ . │ u │ ⇗       │
├────┼───┴┬──┴─┬─┴───┴───┴───┴───┴───┴─┬─┴──┬┴───┼────┬────┤
│Strg│ Fe │ Alt│      Leerzeichen      │ M4 │ Fe │ Me │Strg│
└────┴────┴────┴───────────────────────┴────┴────┴────┴────┘
# 9.134635906789736 x100 total penalty per letter
# 33.43030969762531 x10 billion total penalty compared to notime-noeffort
# 7.632394121659012 mean key position cost in file 1gramme.txt ( 55.8650179 )
# 8.63529136762387 % finger repeats in file 2gramme.txt ( 41.68606586736705 )
# 14.035616385548277 million keystrokes disbalance of the fingers ( 21.053424578322414 )
# 0.40789331458320044 % finger repeats top to bottom or vice versa ( 8.204445983492779 )
# 4.1629432209326325 % of trigrams have no handswitching (after direction change counted x 1 ) ( 18.41400737677281 )
# 8.213699647907914 billion (rows²/dist)² to cross ( 106.77809542280289 )
# 0.05467501130855551 hand disbalance. Left: 0.4453249886914445 %, Right: 0.5546750113085556 % ( 1.6007666463488304 )
# 0.7319461889614385 badly positioned shortcut keys (weighted).
# 7.693157654983739 no handswitching after unbalancing key (weighted).
# 24.273667225043866 movement pattern cost (weighted).
# 0.8752824981560079 asymmetric bigram cost (weighted).
# 3.9127903673994955 irregularity cost (weighted).
# 17.313077457095716 manually assigned bigram penalty (weighted)
# 12.154123706987 unbalancing key after neighboring finger (weighted)
# 0.8752824981560079 asymmetrc bigrams (weighted)
# 13.747228102519113 inconsistent symmetries of similar keys (weighted)
# 3.9127903673994955 irregularity cost for randomly sampled words (weighted).
# Finger load %: 10.6 6.5 8.1 12.3 - 13.2 12.4 8.6 12.7
 

# Evolved Layout
jhüäö wblmvqß
igeaz ctrns⇘
ukyox pd,.f
┌───┬───┬───┬───┬───┬───┬───┬───┬───┬───┬───┬───┬───┬──────┐
│ ^ │ 1 │ 2 │ 3 │ 4 │ 5 │ 6 │ 7 │ 8 │ 9 │ 0 │ - │ ` │ ←    │
├───┴─┬─┴─┬─┴─┬─┴─┬─┴─┬─┴─┬─┴─┬─┴─┬─┴─┬─┴─┬─┴─┬─┴─┬─┴─┬────┤
│   ⇥ │ j │ h │ ü │ ä │ ö │ w │ b │ l │ m │ v │ q │ ß │ Ret│
├─────┴┬──┴┬──┴┬──┴┬──┴┬──┴┬──┴┬──┴┬──┴┬──┴┬──┴┬──┴┬──┴┐   │
│    ⇩ │ i │ g │ e │ a │ z │ c │ t │ r │ n │ s │ ⇘ │ ´ │   │
├────┬─┴─┬─┴─┬─┴─┬─┴─┬─┴─┬─┴─┬─┴─┬─┴─┬─┴─┬─┴─┬─┴─┬─┴───┴───┤
│  ⇧ │ ⇚ │ u │ k │ y │ o │ x │ p │ d │ , │ . │ f │ ⇗       │
├────┼───┴┬──┴─┬─┴───┴───┴───┴───┴───┴─┬─┴──┬┴───┼────┬────┤
│Strg│ Fe │ Alt│      Leerzeichen      │ M4 │ Fe │ Me │Strg│
└────┴────┴────┴───────────────────────┴────┴────┴────┴────┘
# 9.072807661256075 x100 total penalty per letter
# 33.20403495418264 x10 billion total penalty compared to notime-noeffort
# 7.779591896064907 mean key position cost in file 1gramme.txt ( 56.9424264 )
# 9.276808624825811 % finger repeats in file 2gramme.txt ( 44.78293075591467 )
# 15.14280459611958 million keystrokes disbalance of the fingers ( 22.71420689417937 )
# 0.35683511736865386 % finger repeats top to bottom or vice versa ( 7.177451408969485 )
# 2.0376588095321955 % of trigrams have no handswitching (after direction change counted x 1 ) ( 9.013205887940487 )
# 7.958891798385222 billion (rows²/dist)² to cross ( 103.46559337900788 )
# 0.020643082803300572 hand disbalance. Left: 0.47935691719669943 %, Right: 0.5206430828033005 % ( 0.6043850314516505 )
# 1.463892377922877 badly positioned shortcut keys (weighted).
# 8.686511815087623 no handswitching after unbalancing key (weighted).
# 29.094345450331847 movement pattern cost (weighted).
# 0.8627754925685666 asymmetric bigram cost (weighted).
# 3.1247246868949117 irregularity cost (weighted).
# 21.917757249601987 manually assigned bigram penalty (weighted)
# 11.863445065910275 unbalancing key after neighboring finger (weighted)
# 0.8627754925685666 asymmetrc bigrams (weighted)
# 10.326697646044682 inconsistent symmetries of similar keys (weighted)
# 3.1247246868949117 irregularity cost for randomly sampled words (weighted).
# Finger load %: 14.0 6.4 11.5 8.5 - 14.8 9.1 9.7 10.3
 
