
# Evolved Layout
zlpkj äüaufßq
mrntg yeihs⇘
cxbdv öo,.w
┌───┬───┬───┬───┬───┬───┬───┬───┬───┬───┬───┬───┬───┬──────┐
│ ^ │ 1 │ 2 │ 3 │ 4 │ 5 │ 6 │ 7 │ 8 │ 9 │ 0 │ - │ ` │ ←    │
├───┴─┬─┴─┬─┴─┬─┴─┬─┴─┬─┴─┬─┴─┬─┴─┬─┴─┬─┴─┬─┴─┬─┴─┬─┴─┬────┤
│   ⇥ │ z │ l │ p │ k │ j │ ä │ ü │ a │ u │ f │ ß │ q │ Ret│
├─────┴┬──┴┬──┴┬──┴┬──┴┬──┴┬──┴┬──┴┬──┴┬──┴┬──┴┬──┴┬──┴┐   │
│    ⇩ │ m │ r │ n │ t │ g │ y │ e │ i │ h │ s │ ⇘ │ ´ │   │
├────┬─┴─┬─┴─┬─┴─┬─┴─┬─┴─┬─┴─┬─┴─┬─┴─┬─┴─┬─┴─┬─┴─┬─┴───┴───┤
│  ⇧ │ ⇚ │ c │ x │ b │ d │ v │ ö │ o │ , │ . │ w │ ⇗       │
├────┼───┴┬──┴─┬─┴───┴───┴───┴───┴───┴─┬─┴──┬┴───┼────┬────┤
│Strg│ Fe │ Alt│      Leerzeichen      │ M4 │ Fe │ Me │Strg│
└────┴────┴────┴───────────────────────┴────┴────┴────┴────┘
# 9.142952380002065 x100 total penalty per letter
# 33.46074575199213 x10 billion total penalty compared to notime-noeffort
# 7.646453237144812 mean key position cost in file 1gramme.txt ( 55.96792306 )
# 9.547440391559965 % finger repeats in file 2gramme.txt ( 46.089380437066104 )
# 12.633281264450602 million keystrokes disbalance of the fingers ( 18.949921896675903 )
# 0.3131030713165788 % finger repeats top to bottom or vice versa ( 6.297816473181189 )
# 2.324382087595845 % of trigrams have no handswitching (after direction change counted x 1 ) ( 10.28147313953507 )
# 8.809107112562101 billion (rows²/dist)² to cross ( 114.51839246330731 )
# 0.0365983998375734 hand disbalance. Left: 0.4634016001624266 %, Right: 0.5365983998375734 % ( 1.0715223713279514 )
# 0.36597309448071924 badly positioned shortcut keys (weighted).
# 6.929739801660867 no handswitching after unbalancing key (weighted).
# 26.43432570384101 movement pattern cost (weighted).
# 0.8830859739082901 asymmetric bigram cost (weighted).
# 5.3203388441732 irregularity cost (weighted).
# 21.42714976230482 manually assigned bigram penalty (weighted)
# 12.3108204238811 unbalancing key after neighboring finger (weighted)
# 0.8830859739082901 asymmetrc bigrams (weighted)
# 7.759594074577799 inconsistent symmetries of similar keys (weighted)
# 5.3203388441732 irregularity cost for randomly sampled words (weighted).
# Finger load %: 9.9 8.2 8.8 12.1 - 15.6 11.1 7.1 11.5
 
