
# Evolved Layout
ßpgmz qfouüöj
hnsrl cteia⇘
vbkyx wd,.ä
┌───┬───┬───┬───┬───┬───┬───┬───┬───┬───┬───┬───┬───┬──────┐
│ ^ │ 1 │ 2 │ 3 │ 4 │ 5 │ 6 │ 7 │ 8 │ 9 │ 0 │ - │ ` │ ←    │
├───┴─┬─┴─┬─┴─┬─┴─┬─┴─┬─┴─┬─┴─┬─┴─┬─┴─┬─┴─┬─┴─┬─┴─┬─┴─┬────┤
│   ⇥ │ ß │ p │ g │ m │ z │ q │ f │ o │ u │ ü │ ö │ j │ Ret│
├─────┴┬──┴┬──┴┬──┴┬──┴┬──┴┬──┴┬──┴┬──┴┬──┴┬──┴┬──┴┬──┴┐   │
│    ⇩ │ h │ n │ s │ r │ l │ c │ t │ e │ i │ a │ ⇘ │ ´ │   │
├────┬─┴─┬─┴─┬─┴─┬─┴─┬─┴─┬─┴─┬─┴─┬─┴─┬─┴─┬─┴─┬─┴─┬─┴───┴───┤
│  ⇧ │ ⇚ │ v │ b │ k │ y │ x │ w │ d │ , │ . │ ä │ ⇗       │
├────┼───┴┬──┴─┬─┴───┴───┴───┴───┴───┴─┬─┴──┬┴───┼────┬────┤
│Strg│ Fe │ Alt│      Leerzeichen      │ M4 │ Fe │ Me │Strg│
└────┴────┴────┴───────────────────────┴────┴────┴────┴────┘
# 9.14616312249222 x100 total penalty per letter
# 33.47249620563916 x10 billion total penalty compared to notime-noeffort
# 7.300767497105622 mean key position cost in file 1gramme.txt ( 53.43768946 )
# 11.107674322217672 % finger repeats in file 2gramme.txt ( 53.62126461248043 )
# 10.826721120810781 million keystrokes disbalance of the fingers ( 16.24008168121617 )
# 0.33198502389336615 % finger repeats top to bottom or vice versa ( 6.6776117638625845 )
# 2.857351054060368 % of trigrams have no handswitching (after direction change counted x 1 ) ( 12.638962530867683 )
# 8.210574532303493 billion (rows²/dist)² to cross ( 106.73746891994541 )
# 0.060719021089430836 hand disbalance. Left: 0.43928097891056916 %, Right: 0.5607190210894308 % ( 1.7777222433551245 )
# 1.0979192834421578 badly positioned shortcut keys (weighted).
# 8.973667404330719 no handswitching after unbalancing key (weighted).
# 27.177615623955585 movement pattern cost (weighted).
# 0.8812132717191423 asymmetric bigram cost (weighted).
# 3.152903958785835 irregularity cost (weighted).
# 15.582448149299314 manually assigned bigram penalty (weighted)
# 13.433909100720781 unbalancing key after neighboring finger (weighted)
# 0.8812132717191423 asymmetrc bigrams (weighted)
# 13.294484052410768 inconsistent symmetries of similar keys (weighted)
# 3.152903958785835 irregularity cost for randomly sampled words (weighted).
# Finger load %: 9.2 9.0 7.7 11.1 - 13.9 14.7 9.4 9.4
 
