
# Evolved Layout
jküöä zbldvßq
hueio mnrts⇘
gpyax fc,.w
┌───┬───┬───┬───┬───┬───┬───┬───┬───┬───┬───┬───┬───┬──────┐
│ ^ │ 1 │ 2 │ 3 │ 4 │ 5 │ 6 │ 7 │ 8 │ 9 │ 0 │ - │ ` │ ←    │
├───┴─┬─┴─┬─┴─┬─┴─┬─┴─┬─┴─┬─┴─┬─┴─┬─┴─┬─┴─┬─┴─┬─┴─┬─┴─┬────┤
│   ⇥ │ j │ k │ ü │ ö │ ä │ z │ b │ l │ d │ v │ ß │ q │ Ret│
├─────┴┬──┴┬──┴┬──┴┬──┴┬──┴┬──┴┬──┴┬──┴┬──┴┬──┴┬──┴┬──┴┐   │
│    ⇩ │ h │ u │ e │ i │ o │ m │ n │ r │ t │ s │ ⇘ │ ´ │   │
├────┬─┴─┬─┴─┬─┴─┬─┴─┬─┴─┬─┴─┬─┴─┬─┴─┬─┴─┬─┴─┬─┴─┬─┴───┴───┤
│  ⇧ │ ⇚ │ g │ p │ y │ a │ x │ f │ c │ , │ . │ w │ ⇗       │
├────┼───┴┬──┴─┬─┴───┴───┴───┴───┴───┴─┬─┴──┬┴───┼────┬────┤
│Strg│ Fe │ Alt│      Leerzeichen      │ M4 │ Fe │ Me │Strg│
└────┴────┴────┴───────────────────────┴────┴────┴────┴────┘
# 8.986888650028536 x100 total penalty per letter
# 32.88959449004597 x10 billion total penalty compared to notime-noeffort
# 7.571453305690982 mean key position cost in file 1gramme.txt ( 55.41896392 )
# 11.335277212132018 % finger repeats in file 2gramme.txt ( 54.719996393106285 )
# 12.958211301573176 million keystrokes disbalance of the fingers ( 19.437316952359765 )
# 0.34608464113933457 % finger repeats top to bottom or vice versa ( 6.961214225453984 )
# 1.9755520793567358 % of trigrams have no handswitching (after direction change counted x 1 ) ( 8.73848828385509 )
# 7.968157558272732 billion (rows²/dist)² to cross ( 103.58604825754551 )
# 0.0173839982936263 hand disbalance. Left: 0.4826160017063737 %, Right: 0.5173839982936262 % ( 0.5089660519972768 )
# 1.463892377922877 badly positioned shortcut keys (weighted).
# 8.970859903626225 no handswitching after unbalancing key (weighted).
# 24.63137345218829 movement pattern cost (weighted).
# 0.8622825444901434 asymmetric bigram cost (weighted).
# 3.4808889855712555 irregularity cost (weighted).
# 19.857201740313563 manually assigned bigram penalty (weighted)
# 10.317345305498575 unbalancing key after neighboring finger (weighted)
# 0.8622825444901434 asymmetrc bigrams (weighted)
# 9.941106506530891 inconsistent symmetries of similar keys (weighted)
# 3.4808889855712555 irregularity cost for randomly sampled words (weighted).
# Finger load %: 11.1 4.7 11.5 13.4 - 14.9 9.1 9.5 10.2
 
