
# Evolved Layout
öoävj qflmkzß
iaenp gtrsh⇘
uüycx wd,.b
┌───┬───┬───┬───┬───┬───┬───┬───┬───┬───┬───┬───┬───┬──────┐
│ ^ │ 1 │ 2 │ 3 │ 4 │ 5 │ 6 │ 7 │ 8 │ 9 │ 0 │ - │ ` │ ←    │
├───┴─┬─┴─┬─┴─┬─┴─┬─┴─┬─┴─┬─┴─┬─┴─┬─┴─┬─┴─┬─┴─┬─┴─┬─┴─┬────┤
│   ⇥ │ ö │ o │ ä │ v │ j │ q │ f │ l │ m │ k │ z │ ß │ Ret│
├─────┴┬──┴┬──┴┬──┴┬──┴┬──┴┬──┴┬──┴┬──┴┬──┴┬──┴┬──┴┬──┴┐   │
│    ⇩ │ i │ a │ e │ n │ p │ g │ t │ r │ s │ h │ ⇘ │ ´ │   │
├────┬─┴─┬─┴─┬─┴─┬─┴─┬─┴─┬─┴─┬─┴─┬─┴─┬─┴─┬─┴─┬─┴─┬─┴───┴───┤
│  ⇧ │ ⇚ │ u │ ü │ y │ c │ x │ w │ d │ , │ . │ b │ ⇗       │
├────┼───┴┬──┴─┬─┴───┴───┴───┴───┴───┴─┬─┴──┬┴───┼────┬────┤
│Strg│ Fe │ Alt│      Leerzeichen      │ M4 │ Fe │ Me │Strg│
└────┴────┴────┴───────────────────────┴────┴────┴────┴────┘
# 8.767680755690094 x100 total penalty per letter
# 32.08735257578955 x10 billion total penalty compared to notime-noeffort
# 7.515052845353077 mean key position cost in file 1gramme.txt ( 55.0061429 )
# 8.0549436457072 % finger repeats in file 2gramme.txt ( 38.88449122073742 )
# 14.538595778746952 million keystrokes disbalance of the fingers ( 21.807893668120425 )
# 0.319421716721724 % finger repeats top to bottom or vice versa ( 6.424910943872212 )
# 3.4428505826223197 % of trigrams have no handswitching (after direction change counted x 1 ) ( 15.22881112256224 )
# 7.949147948145616 billion (rows²/dist)² to cross ( 103.33892332589302 )
# 0.021202294020857493 hand disbalance. Left: 0.5212022940208575 %, Right: 0.4787977059791425 % ( 0.6207575322322614 )
# 1.0979192834421578 badly positioned shortcut keys (weighted).
# 8.188727314275328 no handswitching after unbalancing key (weighted).
# 23.970844621598523 movement pattern cost (weighted).
# 0.8657589897080005 asymmetric bigram cost (weighted).
# 2.8015205079573318 irregularity cost (weighted).
# 19.32616797895011 manually assigned bigram penalty (weighted)
# 10.765664745419935 unbalancing key after neighboring finger (weighted)
# 0.8657589897080005 asymmetrc bigrams (weighted)
# 12.544991603126538 inconsistent symmetries of similar keys (weighted)
# 2.8015205079573318 irregularity cost for randomly sampled words (weighted).
# Finger load %: 14.1 7.7 11.5 10.8 - 13.7 9.1 8.0 9.7
 
