
# Evolved Layout
jucäü vwmlkzß
ainey gtsrh⇘
öxpoq fd,.b
┌───┬───┬───┬───┬───┬───┬───┬───┬───┬───┬───┬───┬───┬──────┐
│ ^ │ 1 │ 2 │ 3 │ 4 │ 5 │ 6 │ 7 │ 8 │ 9 │ 0 │ - │ ` │ ←    │
├───┴─┬─┴─┬─┴─┬─┴─┬─┴─┬─┴─┬─┴─┬─┴─┬─┴─┬─┴─┬─┴─┬─┴─┬─┴─┬────┤
│   ⇥ │ j │ u │ c │ ä │ ü │ v │ w │ m │ l │ k │ z │ ß │ Ret│
├─────┴┬──┴┬──┴┬──┴┬──┴┬──┴┬──┴┬──┴┬──┴┬──┴┬──┴┬──┴┬──┴┐   │
│    ⇩ │ a │ i │ n │ e │ y │ g │ t │ s │ r │ h │ ⇘ │ ´ │   │
├────┬─┴─┬─┴─┬─┴─┬─┴─┬─┴─┬─┴─┬─┴─┬─┴─┬─┴─┬─┴─┬─┴─┬─┴───┴───┤
│  ⇧ │ ⇚ │ ö │ x │ p │ o │ q │ f │ d │ , │ . │ b │ ⇗       │
├────┼───┴┬──┴─┬─┴───┴───┴───┴───┴───┴─┬─┴──┬┴───┼────┬────┤
│Strg│ Fe │ Alt│      Leerzeichen      │ M4 │ Fe │ Me │Strg│
└────┴────┴────┴───────────────────────┴────┴────┴────┴────┘
# 8.852995812591395 x100 total penalty per letter
# 32.39958272958923 x10 billion total penalty compared to notime-noeffort
# 7.29619457897246 mean key position cost in file 1gramme.txt ( 53.40421816 )
# 9.656922416765454 % finger repeats in file 2gramme.txt ( 46.61789473029771 )
# 12.012962221663612 million keystrokes disbalance of the fingers ( 18.019443332495413 )
# 0.3748330031348572 % finger repeats top to bottom or vice versa ( 7.539464406747533 )
# 2.733206067804227 % of trigrams have no handswitching (after direction change counted x 1 ) ( 12.089830205157558 )
# 8.067350089992479 billion (rows²/dist)² to cross ( 104.87555116990222 )
# 0.015113481381595628 hand disbalance. Left: 0.5151134813815956 %, Right: 0.48488651861840437 % ( 0.4424902039679431 )
# 0.7319461889614385 badly positioned shortcut keys (weighted).
# 8.261967208859922 no handswitching after unbalancing key (weighted).
# 27.706510689111138 movement pattern cost (weighted).
# 0.8838278822745615 asymmetric bigram cost (weighted).
# 2.681847052075145 irregularity cost (weighted).
# 16.45361117524857 manually assigned bigram penalty (weighted)
# 10.258340084483603 unbalancing key after neighboring finger (weighted)
# 0.8838278822745615 asymmetrc bigrams (weighted)
# 14.028884806309584 inconsistent symmetries of similar keys (weighted)
# 2.681847052075145 irregularity cost for randomly sampled words (weighted).
# Finger load %: 10.8 8.4 9.6 14.7 - 14.3 7.8 9.3 9.6
 
