
# Evolved Layout
öldkü qbuozßj
hrtsm wneai⇘
äxygv fc,.p
┌───┬───┬───┬───┬───┬───┬───┬───┬───┬───┬───┬───┬───┬──────┐
│ ^ │ 1 │ 2 │ 3 │ 4 │ 5 │ 6 │ 7 │ 8 │ 9 │ 0 │ - │ ` │ ←    │
├───┴─┬─┴─┬─┴─┬─┴─┬─┴─┬─┴─┬─┴─┬─┴─┬─┴─┬─┴─┬─┴─┬─┴─┬─┴─┬────┤
│   ⇥ │ ö │ l │ d │ k │ ü │ q │ b │ u │ o │ z │ ß │ j │ Ret│
├─────┴┬──┴┬──┴┬──┴┬──┴┬──┴┬──┴┬──┴┬──┴┬──┴┬──┴┬──┴┬──┴┐   │
│    ⇩ │ h │ r │ t │ s │ m │ w │ n │ e │ a │ i │ ⇘ │ ´ │   │
├────┬─┴─┬─┴─┬─┴─┬─┴─┬─┴─┬─┴─┬─┴─┬─┴─┬─┴─┬─┴─┬─┴─┬─┴───┴───┤
│  ⇧ │ ⇚ │ ä │ x │ y │ g │ v │ f │ c │ , │ . │ p │ ⇗       │
├────┼───┴┬──┴─┬─┴───┴───┴───┴───┴───┴─┬─┴──┬┴───┼────┬────┤
│Strg│ Fe │ Alt│      Leerzeichen      │ M4 │ Fe │ Me │Strg│
└────┴────┴────┴───────────────────────┴────┴────┴────┴────┘
# 9.426621091847139 x100 total penalty per letter
# 34.49889691480514 x10 billion total penalty compared to notime-noeffort
# 7.19007032670985 mean key position cost in file 1gramme.txt ( 52.62744574 )
# 11.728079871163304 % finger repeats in file 2gramme.txt ( 56.6162146931219 )
# 11.903127925990345 million keystrokes disbalance of the fingers ( 17.854691888985517 )
# 0.3586361675633655 % finger repeats top to bottom or vice versa ( 7.213678085180569 )
# 4.484129357059229 % of trigrams have no handswitching (after direction change counted x 1 ) ( 19.834714690342004 )
# 8.435531266865516 billion (rows²/dist)² to cross ( 109.6619064692517 )
# 0.06737436715765122 hand disbalance. Left: 0.4326256328423488 %, Right: 0.5673743671576512 % ( 1.9725764509892607 )
# 1.0979192834421578 badly positioned shortcut keys (weighted).
# 7.476453399743195 no handswitching after unbalancing key (weighted).
# 25.33728344223636 movement pattern cost (weighted).
# 0.8824682493806516 asymmetric bigram cost (weighted).
# 2.993471201680445 irregularity cost (weighted).
# 17.67872522356473 manually assigned bigram penalty (weighted)
# 12.598077324209438 unbalancing key after neighboring finger (weighted)
# 0.8824682493806516 asymmetrc bigrams (weighted)
# 11.143343005923468 inconsistent symmetries of similar keys (weighted)
# 2.993471201680445 irregularity cost for randomly sampled words (weighted).
# Finger load %: 9.0 8.2 8.6 10.7 - 13.6 14.5 8.6 11.3
 
