
# Evolved Layout
äyupß qfldkxz
aeinb msrth⇘
oöücj gw,.v
┌───┬───┬───┬───┬───┬───┬───┬───┬───┬───┬───┬───┬───┬──────┐
│ ^ │ 1 │ 2 │ 3 │ 4 │ 5 │ 6 │ 7 │ 8 │ 9 │ 0 │ - │ ` │ ←    │
├───┴─┬─┴─┬─┴─┬─┴─┬─┴─┬─┴─┬─┴─┬─┴─┬─┴─┬─┴─┬─┴─┬─┴─┬─┴─┬────┤
│   ⇥ │ ä │ y │ u │ p │ ß │ q │ f │ l │ d │ k │ x │ z │ Ret│
├─────┴┬──┴┬──┴┬──┴┬──┴┬──┴┬──┴┬──┴┬──┴┬──┴┬──┴┬──┴┬──┴┐   │
│    ⇩ │ a │ e │ i │ n │ b │ m │ s │ r │ t │ h │ ⇘ │ ´ │   │
├────┬─┴─┬─┴─┬─┴─┬─┴─┬─┴─┬─┴─┬─┴─┬─┴─┬─┴─┬─┴─┬─┴─┬─┴───┴───┤
│  ⇧ │ ⇚ │ o │ ö │ ü │ c │ j │ g │ w │ , │ . │ v │ ⇗       │
├────┼───┴┬──┴─┬─┴───┴───┴───┴───┴───┴─┬─┴──┬┴───┼────┬────┤
│Strg│ Fe │ Alt│      Leerzeichen      │ M4 │ Fe │ Me │Strg│
└────┴────┴────┴───────────────────────┴────┴────┴────┴────┘
# 9.388441142762666 x100 total penalty per letter
# 34.35916857366953 x10 billion total penalty compared to notime-noeffort
# 7.42378488193245 mean key position cost in file 1gramme.txt ( 54.33811052 )
# 8.450475434263012 % finger repeats in file 2gramme.txt ( 40.79388413968325 )
# 13.667915865029462 million keystrokes disbalance of the fingers ( 20.501873797544192 )
# 0.36246385782484314 % finger repeats top to bottom or vice versa ( 7.290668996453345 )
# 3.447497615128675 % of trigrams have no handswitching (after direction change counted x 1 ) ( 15.249366409125324 )
# 8.35166001740265 billion (rows²/dist)² to cross ( 108.57158022623446 )
# 0.027438756345342874 hand disbalance. Left: 0.5274387563453429 %, Right: 0.4725612436546572 % ( 0.8033477254726082 )
# 1.463892377922877 badly positioned shortcut keys (weighted).
# 7.100321089359475 no handswitching after unbalancing key (weighted).
# 29.9428857446743 movement pattern cost (weighted).
# 0.8832801025801145 asymmetric bigram cost (weighted).
# 12.932908276538011 irregularity cost (weighted).
# 17.98153526227935 manually assigned bigram penalty (weighted)
# 11.709146262518294 unbalancing key after neighboring finger (weighted)
# 0.8832801025801145 asymmetrc bigrams (weighted)
# 14.028884806309584 inconsistent symmetries of similar keys (weighted)
# 12.932908276538011 irregularity cost for randomly sampled words (weighted).
# Finger load %: 13.2 11.5 8.3 11.4 - 12.1 9.1 9.5 9.2
 
