
# Evolved Layout
zpocq xbluüjß
haenf gtris⇘
köämy wd,.v
┌───┬───┬───┬───┬───┬───┬───┬───┬───┬───┬───┬───┬───┬──────┐
│ ^ │ 1 │ 2 │ 3 │ 4 │ 5 │ 6 │ 7 │ 8 │ 9 │ 0 │ - │ ` │ ←    │
├───┴─┬─┴─┬─┴─┬─┴─┬─┴─┬─┴─┬─┴─┬─┴─┬─┴─┬─┴─┬─┴─┬─┴─┬─┴─┬────┤
│   ⇥ │ z │ p │ o │ c │ q │ x │ b │ l │ u │ ü │ j │ ß │ Ret│
├─────┴┬──┴┬──┴┬──┴┬──┴┬──┴┬──┴┬──┴┬──┴┬──┴┬──┴┬──┴┬──┴┐   │
│    ⇩ │ h │ a │ e │ n │ f │ g │ t │ r │ i │ s │ ⇘ │ ´ │   │
├────┬─┴─┬─┴─┬─┴─┬─┴─┬─┴─┬─┴─┬─┴─┬─┴─┬─┴─┬─┴─┬─┴─┬─┴───┴───┤
│  ⇧ │ ⇚ │ k │ ö │ ä │ m │ y │ w │ d │ , │ . │ v │ ⇗       │
├────┼───┴┬──┴─┬─┴───┴───┴───┴───┴───┴─┬─┴──┬┴───┼────┬────┤
│Strg│ Fe │ Alt│      Leerzeichen      │ M4 │ Fe │ Me │Strg│
└────┴────┴────┴───────────────────────┴────┴────┴────┴────┘
# 9.188891611846714 x100 total penalty per letter
# 33.62887098035466 x10 billion total penalty compared to notime-noeffort
# 7.158480876079869 mean key position cost in file 1gramme.txt ( 52.39622796 )
# 9.526861188405213 % finger repeats in file 2gramme.txt ( 45.990036248006845 )
# 11.893296041599847 million keystrokes disbalance of the fingers ( 17.839944062399773 )
# 0.37451345318248574 % finger repeats top to bottom or vice versa ( 7.533036916446697 )
# 5.102714813746279 % of trigrams have no handswitching (after direction change counted x 1 ) ( 22.570912749763973 )
# 8.105810489541575 billion (rows²/dist)² to cross ( 105.37553636404047 )
# 0.004137576891130257 hand disbalance. Left: 0.5041375768911303 %, Right: 0.49586242310886974 % ( 0.12113934547990833 )
# 0.7319461889614385 badly positioned shortcut keys (weighted).
# 7.960985336961599 no handswitching after unbalancing key (weighted).
# 30.45318644226508 movement pattern cost (weighted).
# 0.8784180844779094 asymmetric bigram cost (weighted).
# 2.682812780231675 irregularity cost (weighted).
# 18.202113034563943 manually assigned bigram penalty (weighted)
# 11.674670530125015 unbalancing key after neighboring finger (weighted)
# 0.8784180844779094 asymmetrc bigrams (weighted)
# 11.877743759822282 inconsistent symmetries of similar keys (weighted)
# 2.682812780231675 irregularity cost for randomly sampled words (weighted).
# Finger load %: 10.5 5.8 13.8 12.5 - 13.8 9.1 9.4 9.6
 
