
# Evolved Layout
ßäubj qwmrxzy
aeigp dcsln⇘
oüöhk ft,.v
┌───┬───┬───┬───┬───┬───┬───┬───┬───┬───┬───┬───┬───┬──────┐
│ ^ │ 1 │ 2 │ 3 │ 4 │ 5 │ 6 │ 7 │ 8 │ 9 │ 0 │ - │ ` │ ←    │
├───┴─┬─┴─┬─┴─┬─┴─┬─┴─┬─┴─┬─┴─┬─┴─┬─┴─┬─┴─┬─┴─┬─┴─┬─┴─┬────┤
│   ⇥ │ ß │ ä │ u │ b │ j │ q │ w │ m │ r │ x │ z │ y │ Ret│
├─────┴┬──┴┬──┴┬──┴┬──┴┬──┴┬──┴┬──┴┬──┴┬──┴┬──┴┬──┴┬──┴┐   │
│    ⇩ │ a │ e │ i │ g │ p │ d │ c │ s │ l │ n │ ⇘ │ ´ │   │
├────┬─┴─┬─┴─┬─┴─┬─┴─┬─┴─┬─┴─┬─┴─┬─┴─┬─┴─┬─┴─┬─┴─┬─┴───┴───┤
│  ⇧ │ ⇚ │ o │ ü │ ö │ h │ k │ f │ t │ , │ . │ v │ ⇗       │
├────┼───┴┬──┴─┬─┴───┴───┴───┴───┴───┴─┬─┴──┬┴───┼────┬────┤
│Strg│ Fe │ Alt│      Leerzeichen      │ M4 │ Fe │ Me │Strg│
└────┴────┴────┴───────────────────────┴────┴────┴────┴────┘
# 9.379816151729484 x100 total penalty per letter
# 34.327603427086714 x10 billion total penalty compared to notime-noeffort
# 8.011311146137995 mean key position cost in file 1gramme.txt ( 58.63848662 )
# 9.194045638783743 % finger repeats in file 2gramme.txt ( 44.38340013897859 )
# 15.207894039735764 million keystrokes disbalance of the fingers ( 22.811841059603644 )
# 0.4625698860096627 % finger repeats top to bottom or vice versa ( 9.304221245289797 )
# 2.5722411547253143 % of trigrams have no handswitching (after direction change counted x 1 ) ( 11.377831760899973 )
# 8.554077494137083 billion (rows²/dist)² to cross ( 111.20300742378207 )
# 0.009328580726330027 hand disbalance. Left: 0.49067141927367 %, Right: 0.50932858072633 % ( 0.2731207644422557 )
# 1.463892377922877 badly positioned shortcut keys (weighted).
# 8.560875084950405 no handswitching after unbalancing key (weighted).
# 26.32860080432385 movement pattern cost (weighted).
# 0.8775028714620454 asymmetric bigram cost (weighted).
# 4.015645928839572 irregularity cost (weighted).
# 21.535078567060847 manually assigned bigram penalty (weighted)
# 12.873451206036535 unbalancing key after neighboring finger (weighted)
# 0.8775028714620454 asymmetrc bigrams (weighted)
# 9.62907841727463 inconsistent symmetries of similar keys (weighted)
# 4.015645928839572 irregularity cost for randomly sampled words (weighted).
# Finger load %: 12.8 11.6 8.1 8.9 - 13.9 7.8 9.3 12.1
 
