
# Evolved Layout
jguvq öwofzxß
rhinp ctesa⇘
mkylü bd,.ä
┌───┬───┬───┬───┬───┬───┬───┬───┬───┬───┬───┬───┬───┬──────┐
│ ^ │ 1 │ 2 │ 3 │ 4 │ 5 │ 6 │ 7 │ 8 │ 9 │ 0 │ - │ ` │ ←    │
├───┴─┬─┴─┬─┴─┬─┴─┬─┴─┬─┴─┬─┴─┬─┴─┬─┴─┬─┴─┬─┴─┬─┴─┬─┴─┬────┤
│   ⇥ │ j │ g │ u │ v │ q │ ö │ w │ o │ f │ z │ x │ ß │ Ret│
├─────┴┬──┴┬──┴┬──┴┬──┴┬──┴┬──┴┬──┴┬──┴┬──┴┬──┴┬──┴┬──┴┐   │
│    ⇩ │ r │ h │ i │ n │ p │ c │ t │ e │ s │ a │ ⇘ │ ´ │   │
├────┬─┴─┬─┴─┬─┴─┬─┴─┬─┴─┬─┴─┬─┴─┬─┴─┬─┴─┬─┴─┬─┴─┬─┴───┴───┤
│  ⇧ │ ⇚ │ m │ k │ y │ l │ ü │ b │ d │ , │ . │ ä │ ⇗       │
├────┼───┴┬──┴─┬─┴───┴───┴───┴───┴───┴─┬─┴──┬┴───┼────┬────┤
│Strg│ Fe │ Alt│      Leerzeichen      │ M4 │ Fe │ Me │Strg│
└────┴────┴────┴───────────────────────┴────┴────┴────┴────┘
# 9.697373662125871 x100 total penalty per letter
# 35.4897784746403 x10 billion total penalty compared to notime-noeffort
# 7.330726330597349 mean key position cost in file 1gramme.txt ( 53.656972 )
# 11.0854087771549 % finger repeats in file 2gramme.txt ( 53.51377976471494 )
# 13.531015744335853 million keystrokes disbalance of the fingers ( 20.29652361650378 )
# 0.39497696260088067 % finger repeats top to bottom or vice versa ( 7.944643951064253 )
# 4.1912455302469445 % of trigrams have no handswitching (after direction change counted x 1 ) ( 18.539197393747546 )
# 7.796012324307978 billion (rows²/dist)² to cross ( 101.3481602160037 )
# 0.03820162236571456 hand disbalance. Left: 0.46179837763428544 %, Right: 0.5382016223657146 % ( 1.118461276109153 )
# 1.0979192834421578 badly positioned shortcut keys (weighted).
# 7.437951323342229 no handswitching after unbalancing key (weighted).
# 32.65872989598913 movement pattern cost (weighted).
# 0.8873783302743804 asymmetric bigram cost (weighted).
# 10.386651206489931 irregularity cost (weighted).
# 18.796015932544975 manually assigned bigram penalty (weighted)
# 11.665841021555455 unbalancing key after neighboring finger (weighted)
# 0.8873783302743804 asymmetrc bigrams (weighted)
# 15.549559534621388 inconsistent symmetries of similar keys (weighted)
# 10.386651206489931 irregularity cost for randomly sampled words (weighted).
# Finger load %: 12.7 6.4 8.4 11.4 - 13.9 14.7 7.5 9.3
 

# Evolved Layout
pbrkj öäuwfßq
hnlsm üeitd⇘
vyxgz oa,.c
┌───┬───┬───┬───┬───┬───┬───┬───┬───┬───┬───┬───┬───┬──────┐
│ ^ │ 1 │ 2 │ 3 │ 4 │ 5 │ 6 │ 7 │ 8 │ 9 │ 0 │ - │ ` │ ←    │
├───┴─┬─┴─┬─┴─┬─┴─┬─┴─┬─┴─┬─┴─┬─┴─┬─┴─┬─┴─┬─┴─┬─┴─┬─┴─┬────┤
│   ⇥ │ p │ b │ r │ k │ j │ ö │ ä │ u │ w │ f │ ß │ q │ Ret│
├─────┴┬──┴┬──┴┬──┴┬──┴┬──┴┬──┴┬──┴┬──┴┬──┴┬──┴┬──┴┬──┴┐   │
│    ⇩ │ h │ n │ l │ s │ m │ ü │ e │ i │ t │ d │ ⇘ │ ´ │   │
├────┬─┴─┬─┴─┬─┴─┬─┴─┬─┴─┬─┴─┬─┴─┬─┴─┬─┴─┬─┴─┬─┴─┬─┴───┴───┤
│  ⇧ │ ⇚ │ v │ y │ x │ g │ z │ o │ a │ , │ . │ c │ ⇗       │
├────┼───┴┬──┴─┬─┴───┴───┴───┴───┴───┴─┬─┴──┬┴───┼────┬────┤
│Strg│ Fe │ Alt│      Leerzeichen      │ M4 │ Fe │ Me │Strg│
└────┴────┴────┴───────────────────────┴────┴────┴────┴────┘
# 9.321753272233936 x100 total penalty per letter
# 34.11510891025224 x10 billion total penalty compared to notime-noeffort
# 7.430262751578479 mean key position cost in file 1gramme.txt ( 54.38552504 )
# 11.510987516387901 % finger repeats in file 2gramme.txt ( 55.56822154324401 )
# 13.492200192776396 million keystrokes disbalance of the fingers ( 20.238300289164595 )
# 0.3518915782890017 % finger repeats top to bottom or vice versa ( 7.078016096116327 )
# 2.747251533743515 % of trigrams have no handswitching (after direction change counted x 1 ) ( 12.15195771919997 )
# 8.516948905848022 billion (rows²/dist)² to cross ( 110.72033577602429 )
# 0.06077441543744688 hand disbalance. Left: 0.4392255845625531 %, Right: 0.5607744154374469 % ( 1.7793440706319386 )
# 0.7319461889614385 badly positioned shortcut keys (weighted).
# 7.658151399012716 no handswitching after unbalancing key (weighted).
# 21.291338470336097 movement pattern cost (weighted).
# 0.890166207897726 asymmetric bigram cost (weighted).
# 9.565206474218364 irregularity cost (weighted).
# 16.833826679347265 manually assigned bigram penalty (weighted)
# 9.313078710341868 unbalancing key after neighboring finger (weighted)
# 0.890166207897726 asymmetrc bigrams (weighted)
# 12.945674438025744 inconsistent symmetries of similar keys (weighted)
# 9.565206474218364 irregularity cost for randomly sampled words (weighted).
# Finger load %: 10.1 8.4 8.0 10.5 - 19.6 9.2 7.4 11.1
 
