
# Evolved Layout
äldzü qwiojxß
grtnb fsaeu⇘
cöypv km,.h
┌───┬───┬───┬───┬───┬───┬───┬───┬───┬───┬───┬───┬───┬──────┐
│ ^ │ 1 │ 2 │ 3 │ 4 │ 5 │ 6 │ 7 │ 8 │ 9 │ 0 │ - │ ` │ ←    │
├───┴─┬─┴─┬─┴─┬─┴─┬─┴─┬─┴─┬─┴─┬─┴─┬─┴─┬─┴─┬─┴─┬─┴─┬─┴─┬────┤
│   ⇥ │ ä │ l │ d │ z │ ü │ q │ w │ i │ o │ j │ x │ ß │ Ret│
├─────┴┬──┴┬──┴┬──┴┬──┴┬──┴┬──┴┬──┴┬──┴┬──┴┬──┴┬──┴┬──┴┐   │
│    ⇩ │ g │ r │ t │ n │ b │ f │ s │ a │ e │ u │ ⇘ │ ´ │   │
├────┬─┴─┬─┴─┬─┴─┬─┴─┬─┴─┬─┴─┬─┴─┬─┴─┬─┴─┬─┴─┬─┴─┬─┴───┴───┤
│  ⇧ │ ⇚ │ c │ ö │ y │ p │ v │ k │ m │ , │ . │ h │ ⇗       │
├────┼───┴┬──┴─┬─┴───┴───┴───┴───┴───┴─┬─┴──┬┴───┼────┬────┤
│Strg│ Fe │ Alt│      Leerzeichen      │ M4 │ Fe │ Me │Strg│
└────┴────┴────┴───────────────────────┴────┴────┴────┴────┘
# 9.45886843686641 x100 total penalty per letter
# 34.61691352126004 x10 billion total penalty compared to notime-noeffort
# 7.610301388280695 mean key position cost in file 1gramme.txt ( 55.70331098 )
# 9.942512202728999 % finger repeats in file 2gramme.txt ( 47.99655285796195 )
# 12.193666682637302 million keystrokes disbalance of the fingers ( 18.290500023955953 )
# 0.38350335271569413 % finger repeats top to bottom or vice versa ( 7.713861515625537 )
# 3.055305059705155 % of trigrams have no handswitching (after direction change counted x 1 ) ( 13.514575366967861 )
# 8.39141039511908 billion (rows²/dist)² to cross ( 109.08833513654803 )
# 0.056048274430838374 hand disbalance. Left: 0.4439517255691616 %, Right: 0.5560482744308384 % ( 1.6409728347006796 )
# 0.7319461889614385 badly positioned shortcut keys (weighted).
# 7.123142052126664 no handswitching after unbalancing key (weighted).
# 37.15356885718889 movement pattern cost (weighted).
# 0.8589013750849657 asymmetric bigram cost (weighted).
# 3.2290738166676918 irregularity cost (weighted).
# 18.1430145337983 manually assigned bigram penalty (weighted)
# 11.619742710007205 unbalancing key after neighboring finger (weighted)
# 0.8589013750849657 asymmetrc bigrams (weighted)
# 13.361636963005324 inconsistent symmetries of similar keys (weighted)
# 3.2290738166676918 irregularity cost for randomly sampled words (weighted).
# Finger load %: 10.1 8.2 8.6 10.6 - 11.1 11.1 14.9 9.8
 
