
# Evolved Layout
üclgj qkuäxöß
tnrsm bdiea⇘
vpzfy wh,.o
┌───┬───┬───┬───┬───┬───┬───┬───┬───┬───┬───┬───┬───┬──────┐
│ ^ │ 1 │ 2 │ 3 │ 4 │ 5 │ 6 │ 7 │ 8 │ 9 │ 0 │ - │ ` │ ←    │
├───┴─┬─┴─┬─┴─┬─┴─┬─┴─┬─┴─┬─┴─┬─┴─┬─┴─┬─┴─┬─┴─┬─┴─┬─┴─┬────┤
│   ⇥ │ ü │ c │ l │ g │ j │ q │ k │ u │ ä │ x │ ö │ ß │ Ret│
├─────┴┬──┴┬──┴┬──┴┬──┴┬──┴┬──┴┬──┴┬──┴┬──┴┬──┴┬──┴┬──┴┐   │
│    ⇩ │ t │ n │ r │ s │ m │ b │ d │ i │ e │ a │ ⇘ │ ´ │   │
├────┬─┴─┬─┴─┬─┴─┬─┴─┬─┴─┬─┴─┬─┴─┬─┴─┬─┴─┬─┴─┬─┴─┬─┴───┴───┤
│  ⇧ │ ⇚ │ v │ p │ z │ f │ y │ w │ h │ , │ . │ o │ ⇗       │
├────┼───┴┬──┴─┬─┴───┴───┴───┴───┴───┴─┬─┴──┬┴───┼────┬────┤
│Strg│ Fe │ Alt│      Leerzeichen      │ M4 │ Fe │ Me │Strg│
└────┴────┴────┴───────────────────────┴────┴────┴────┴────┘
# 9.403185484743966 x100 total penalty per letter
# 34.41312889827932 x10 billion total penalty compared to notime-noeffort
# 7.473763512263057 mean key position cost in file 1gramme.txt ( 54.7039272 )
# 8.684990830177473 % finger repeats in file 2gramme.txt ( 41.925985400059346 )
# 13.382495110328263 million keystrokes disbalance of the fingers ( 20.073742665492393 )
# 0.3786596313646795 % finger repeats top to bottom or vice versa ( 7.616433956107682 )
# 3.119375331664832 % of trigrams have no handswitching (after direction change counted x 1 ) ( 13.797978334023707 )
# 8.542282329395615 billion (rows²/dist)² to cross ( 111.04967028214298 )
# 0.02387635934500848 hand disbalance. Left: 0.4761236406549915 %, Right: 0.5238763593450084 % ( 0.6990484091541114 )
# 0.36597309448071924 badly positioned shortcut keys (weighted).
# 6.740354828805086 no handswitching after unbalancing key (weighted).
# 30.692467231595344 movement pattern cost (weighted).
# 0.8712705866598719 asymmetric bigram cost (weighted).
# 10.804468202343877 irregularity cost (weighted).
# 19.52343973701063 manually assigned bigram penalty (weighted)
# 11.935263477377875 unbalancing key after neighboring finger (weighted)
# 0.8712705866598719 asymmetrc bigrams (weighted)
# 13.331265577539533 inconsistent symmetries of similar keys (weighted)
# 10.804468202343877 irregularity cost for randomly sampled words (weighted).
# Finger load %: 11.2 9.8 8.5 10.7 - 11.0 9.2 12.5 11.5
 

# Evolved Layout
zflcq öväokjß
hnrtg pieas⇘
bmxdy üu,.w
┌───┬───┬───┬───┬───┬───┬───┬───┬───┬───┬───┬───┬───┬──────┐
│ ^ │ 1 │ 2 │ 3 │ 4 │ 5 │ 6 │ 7 │ 8 │ 9 │ 0 │ - │ ` │ ←    │
├───┴─┬─┴─┬─┴─┬─┴─┬─┴─┬─┴─┬─┴─┬─┴─┬─┴─┬─┴─┬─┴─┬─┴─┬─┴─┬────┤
│   ⇥ │ z │ f │ l │ c │ q │ ö │ v │ ä │ o │ k │ j │ ß │ Ret│
├─────┴┬──┴┬──┴┬──┴┬──┴┬──┴┬──┴┬──┴┬──┴┬──┴┬──┴┬──┴┬──┴┐   │
│    ⇩ │ h │ n │ r │ t │ g │ p │ i │ e │ a │ s │ ⇘ │ ´ │   │
├────┬─┴─┬─┴─┬─┴─┬─┴─┬─┴─┬─┴─┬─┴─┬─┴─┬─┴─┬─┴─┬─┴─┬─┴───┴───┤
│  ⇧ │ ⇚ │ b │ m │ x │ d │ y │ ü │ u │ , │ . │ w │ ⇗       │
├────┼───┴┬──┴─┬─┴───┴───┴───┴───┴───┴─┬─┴──┬┴───┼────┬────┤
│Strg│ Fe │ Alt│      Leerzeichen      │ M4 │ Fe │ Me │Strg│
└────┴────┴────┴───────────────────────┴────┴────┴────┴────┘
# 9.315397399773017 x100 total penalty per letter
# 34.09184812712577 x10 billion total penalty compared to notime-noeffort
# 7.614448745075199 mean key position cost in file 1gramme.txt ( 55.7336674 )
# 9.243790459034779 % finger repeats in file 2gramme.txt ( 44.62353863173631 )
# 12.402713292281314 million keystrokes disbalance of the fingers ( 18.604069938421972 )
# 0.3628916588287653 % finger repeats top to bottom or vice versa ( 7.299273869597565 )
# 2.6268548388772666 % of trigrams have no handswitching (after direction change counted x 1 ) ( 11.619405265383536 )
# 8.908422913498967 billion (rows²/dist)² to cross ( 115.80949787548656 )
# 0.008090431720259195 hand disbalance. Left: 0.4919095682797408 %, Right: 0.5080904317202593 % ( 0.23687042658785812 )
# 0.36597309448071924 badly positioned shortcut keys (weighted).
# 7.992017986645911 no handswitching after unbalancing key (weighted).
# 26.77591359835248 movement pattern cost (weighted).
# 0.860173831785123 asymmetric bigram cost (weighted).
# 4.210170658311356 irregularity cost (weighted).
# 19.43527860171319 manually assigned bigram penalty (weighted)
# 12.552563007417948 unbalancing key after neighboring finger (weighted)
# 0.860173831785123 asymmetrc bigrams (weighted)
# 14.80006708533716 inconsistent symmetries of similar keys (weighted)
# 4.210170658311356 irregularity cost for randomly sampled words (weighted).
# Finger load %: 10.6 9.9 8.0 12.9 - 11.1 12.3 8.6 11.0
 
