
# Evolved Layout
ßzoyj vwlmgkq
taeiu bnrsh⇘
cäöxü pf,.d
┌───┬───┬───┬───┬───┬───┬───┬───┬───┬───┬───┬───┬───┬──────┐
│ ^ │ 1 │ 2 │ 3 │ 4 │ 5 │ 6 │ 7 │ 8 │ 9 │ 0 │ - │ ` │ ←    │
├───┴─┬─┴─┬─┴─┬─┴─┬─┴─┬─┴─┬─┴─┬─┴─┬─┴─┬─┴─┬─┴─┬─┴─┬─┴─┬────┤
│   ⇥ │ ß │ z │ o │ y │ j │ v │ w │ l │ m │ g │ k │ q │ Ret│
├─────┴┬──┴┬──┴┬──┴┬──┴┬──┴┬──┴┬──┴┬──┴┬──┴┬──┴┬──┴┬──┴┐   │
│    ⇩ │ t │ a │ e │ i │ u │ b │ n │ r │ s │ h │ ⇘ │ ´ │   │
├────┬─┴─┬─┴─┬─┴─┬─┴─┬─┴─┬─┴─┬─┴─┬─┴─┬─┴─┬─┴─┬─┴─┬─┴───┴───┤
│  ⇧ │ ⇚ │ c │ ä │ ö │ x │ ü │ p │ f │ , │ . │ d │ ⇗       │
├────┼───┴┬──┴─┬─┴───┴───┴───┴───┴───┴─┬─┴──┬┴───┼────┬────┤
│Strg│ Fe │ Alt│      Leerzeichen      │ M4 │ Fe │ Me │Strg│
└────┴────┴────┴───────────────────────┴────┴────┴────┴────┘
# 9.417859511923961 x100 total penalty per letter
# 34.46683188963489 x10 billion total penalty compared to notime-noeffort
# 7.58432280093812 mean key position cost in file 1gramme.txt ( 55.5131617 )
# 10.054495367948741 % finger repeats in file 2gramme.txt ( 48.537141171969346 )
# 16.017117912032987 million keystrokes disbalance of the fingers ( 24.02567686804948 )
# 0.33707462587293463 % finger repeats top to bottom or vice versa ( 6.77998501447964 )
# 2.4444080964847696 % of trigrams have no handswitching (after direction change counted x 1 ) ( 10.812385932669468 )
# 8.477784712301913 billion (rows²/dist)² to cross ( 110.21120125992486 )
# 0.006623960426959119 hand disbalance. Left: 0.4933760395730409 %, Right: 0.5066239604269591 % ( 0.1939353036137644 )
# 0.7319461889614385 badly positioned shortcut keys (weighted).
# 8.368859429737846 no handswitching after unbalancing key (weighted).
# 27.267882768394447 movement pattern cost (weighted).
# 0.8610008023277155 asymmetric bigram cost (weighted).
# 4.069934620132181 irregularity cost (weighted).
# 21.713011698039224 manually assigned bigram penalty (weighted)
# 13.771605288821709 unbalancing key after neighboring finger (weighted)
# 0.8610008023277155 asymmetrc bigrams (weighted)
# 11.810590849227724 inconsistent symmetries of similar keys (weighted)
# 4.069934620132181 irregularity cost for randomly sampled words (weighted).
# Finger load %: 13.2 5.5 13.6 9.2 - 13.0 9.1 8.0 12.7
 
