
# Evolved Layout
jylaq wgfukzß
cnreo dtsih⇘
müxäö pb,.v
┌───┬───┬───┬───┬───┬───┬───┬───┬───┬───┬───┬───┬───┬──────┐
│ ^ │ 1 │ 2 │ 3 │ 4 │ 5 │ 6 │ 7 │ 8 │ 9 │ 0 │ - │ ` │ ←    │
├───┴─┬─┴─┬─┴─┬─┴─┬─┴─┬─┴─┬─┴─┬─┴─┬─┴─┬─┴─┬─┴─┬─┴─┬─┴─┬────┤
│   ⇥ │ j │ y │ l │ a │ q │ w │ g │ f │ u │ k │ z │ ß │ Ret│
├─────┴┬──┴┬──┴┬──┴┬──┴┬──┴┬──┴┬──┴┬──┴┬──┴┬──┴┬──┴┬──┴┐   │
│    ⇩ │ c │ n │ r │ e │ o │ d │ t │ s │ i │ h │ ⇘ │ ´ │   │
├────┬─┴─┬─┴─┬─┴─┬─┴─┬─┴─┬─┴─┬─┴─┬─┴─┬─┴─┬─┴─┬─┴─┬─┴───┴───┤
│  ⇧ │ ⇚ │ m │ ü │ x │ ä │ ö │ p │ b │ , │ . │ v │ ⇗       │
├────┼───┴┬──┴─┬─┴───┴───┴───┴───┴───┴─┬─┴──┬┴───┼────┬────┤
│Strg│ Fe │ Alt│      Leerzeichen      │ M4 │ Fe │ Me │Strg│
└────┴────┴────┴───────────────────────┴────┴────┴────┴────┘
# 9.161726006788657 x100 total penalty per letter
# 33.52945217488928 x10 billion total penalty compared to notime-noeffort
# 7.538847758507434 mean key position cost in file 1gramme.txt ( 55.18030886 )
# 10.107166135340965 % finger repeats in file 2gramme.txt ( 48.7914044023948 )
# 12.45863616320556 million keystrokes disbalance of the fingers ( 18.687954244808342 )
# 0.337534081360919 % finger repeats top to bottom or vice versa ( 6.789226592113338 )
# 4.656385674179039 % of trigrams have no handswitching (after direction change counted x 1 ) ( 20.596658566537673 )
# 7.7576480808139285 billion (rows²/dist)² to cross ( 100.84942505058108 )
# 0.023407385930341418 hand disbalance. Left: 0.5234073859303414 %, Right: 0.4765926140696585 % ( 0.6853178770105198 )
# 0.7319461889614385 badly positioned shortcut keys (weighted).
# 10.589320295985633 no handswitching after unbalancing key (weighted).
# 25.35421990980754 movement pattern cost (weighted).
# 0.8641467828034038 asymmetric bigram cost (weighted).
# 4.58589229893147 irregularity cost (weighted).
# 16.16831837614196 manually assigned bigram penalty (weighted)
# 16.49533325397409 unbalancing key after neighboring finger (weighted)
# 0.8641467828034038 asymmetrc bigrams (weighted)
# 8.925049048841608 inconsistent symmetries of similar keys (weighted)
# 4.58589229893147 irregularity cost for randomly sampled words (weighted).
# Finger load %: 10.2 7.4 8.0 18.5 - 14.6 7.3 9.4 8.9
 
