
# Evolved Layout
öäcvj xwluzqß
aensm gtrih⇘
oypkü fd,.b
┌───┬───┬───┬───┬───┬───┬───┬───┬───┬───┬───┬───┬───┬──────┐
│ ^ │ 1 │ 2 │ 3 │ 4 │ 5 │ 6 │ 7 │ 8 │ 9 │ 0 │ - │ ` │ ←    │
├───┴─┬─┴─┬─┴─┬─┴─┬─┴─┬─┴─┬─┴─┬─┴─┬─┴─┬─┴─┬─┴─┬─┴─┬─┴─┬────┤
│   ⇥ │ ö │ ä │ c │ v │ j │ x │ w │ l │ u │ z │ q │ ß │ Ret│
├─────┴┬──┴┬──┴┬──┴┬──┴┬──┴┬──┴┬──┴┬──┴┬──┴┬──┴┬──┴┬──┴┐   │
│    ⇩ │ a │ e │ n │ s │ m │ g │ t │ r │ i │ h │ ⇘ │ ´ │   │
├────┬─┴─┬─┴─┬─┴─┬─┴─┬─┴─┬─┴─┬─┴─┬─┴─┬─┴─┬─┴─┬─┴─┬─┴───┴───┤
│  ⇧ │ ⇚ │ o │ y │ p │ k │ ü │ f │ d │ , │ . │ b │ ⇗       │
├────┼───┴┬──┴─┬─┴───┴───┴───┴───┴───┴─┬─┴──┬┴───┼────┬────┤
│Strg│ Fe │ Alt│      Leerzeichen      │ M4 │ Fe │ Me │Strg│
└────┴────┴────┴───────────────────────┴────┴────┴────┴────┘
# 9.28396063611145 x100 total penalty per letter
# 33.976798030348945 x10 billion total penalty compared to notime-noeffort
# 7.419231820450255 mean key position cost in file 1gramme.txt ( 54.30478456 )
# 7.444645236964973 % finger repeats in file 2gramme.txt ( 35.93833241931435 )
# 13.282901169653996 million keystrokes disbalance of the fingers ( 19.924351754480995 )
# 0.3439239112470238 % finger repeats top to bottom or vice versa ( 6.917752881390291 )
# 4.705316239861401 % of trigrams have no handswitching (after direction change counted x 1 ) ( 20.813093850327785 )
# 8.157847330003976 billion (rows²/dist)² to cross ( 106.0520152900517 )
# 0.008200755918700176 hand disbalance. Left: 0.5082007559187002 %, Right: 0.4917992440812999 % ( 0.24010048165182218 )
# 0.7319461889614385 badly positioned shortcut keys (weighted).
# 6.680230909772566 no handswitching after unbalancing key (weighted).
# 36.60076124658575 movement pattern cost (weighted).
# 0.8856192657760005 asymmetric bigram cost (weighted).
# 3.743896724361037 irregularity cost (weighted).
# 17.12390422354604 manually assigned bigram penalty (weighted)
# 13.208791989830319 unbalancing key after neighboring finger (weighted)
# 0.8856192657760005 asymmetrc bigrams (weighted)
# 16.602398517439436 inconsistent symmetries of similar keys (weighted)
# 3.743896724361037 irregularity cost for randomly sampled words (weighted).
# Finger load %: 12.7 11.7 9.6 8.9 - 13.8 9.1 9.4 9.3
 
