
# Evolved Layout
ölüfq vpouzjß
hnesm wtair⇘
kxägy bd,.c
┌───┬───┬───┬───┬───┬───┬───┬───┬───┬───┬───┬───┬───┬──────┐
│ ^ │ 1 │ 2 │ 3 │ 4 │ 5 │ 6 │ 7 │ 8 │ 9 │ 0 │ - │ ` │ ←    │
├───┴─┬─┴─┬─┴─┬─┴─┬─┴─┬─┴─┬─┴─┬─┴─┬─┴─┬─┴─┬─┴─┬─┴─┬─┴─┬────┤
│   ⇥ │ ö │ l │ ü │ f │ q │ v │ p │ o │ u │ z │ j │ ß │ Ret│
├─────┴┬──┴┬──┴┬──┴┬──┴┬──┴┬──┴┬──┴┬──┴┬──┴┬──┴┬──┴┬──┴┐   │
│    ⇩ │ h │ n │ e │ s │ m │ w │ t │ a │ i │ r │ ⇘ │ ´ │   │
├────┬─┴─┬─┴─┬─┴─┬─┴─┬─┴─┬─┴─┬─┴─┬─┴─┬─┴─┬─┴─┬─┴─┬─┴───┴───┤
│  ⇧ │ ⇚ │ k │ x │ ä │ g │ y │ b │ d │ , │ . │ c │ ⇗       │
├────┼───┴┬──┴─┬─┴───┴───┴───┴───┴───┴─┬─┴──┬┴───┼────┬────┤
│Strg│ Fe │ Alt│      Leerzeichen      │ M4 │ Fe │ Me │Strg│
└────┴────┴────┴───────────────────────┴────┴────┴────┴────┘
# 9.45823503319559 x100 total penalty per letter
# 34.614595434245395 x10 billion total penalty compared to notime-noeffort
# 7.429067027065941 mean key position cost in file 1gramme.txt ( 54.37677298 )
# 7.932317994964436 % finger repeats in file 2gramme.txt ( 38.29252729777622 )
# 12.599398647919926 million keystrokes disbalance of the fingers ( 18.89909797187989 )
# 0.3625362106085636 % finger repeats top to bottom or vice versa ( 7.292124314509726 )
# 4.752494898390056 % of trigrams have no handswitching (after direction change counted x 1 ) ( 21.02177989769076 )
# 7.9705931152772616 billion (rows²/dist)² to cross ( 103.6177104986044 )
# 0.008524085426980355 hand disbalance. Left: 0.49147591457301965 %, Right: 0.5085240854269804 % ( 0.24956687370640027 )
# 1.0979192834421578 badly positioned shortcut keys (weighted).
# 8.031602385561992 no handswitching after unbalancing key (weighted).
# 42.84481344345523 movement pattern cost (weighted).
# 0.8903139697877899 asymmetric bigram cost (weighted).
# 3.2018336772974667 irregularity cost (weighted).
# 18.781173578654492 manually assigned bigram penalty (weighted)
# 14.284605503142389 unbalancing key after neighboring finger (weighted)
# 0.8903139697877899 asymmetrc bigrams (weighted)
# 13.264112666944973 inconsistent symmetries of similar keys (weighted)
# 3.2018336772974667 irregularity cost for randomly sampled words (weighted).
# Finger load %: 9.9 9.6 11.4 10.6 - 13.3 8.4 9.4 11.9
 
