
# Evolved Layout
jlcäü qgomzßö
urniv wtesh⇘
kxpay fd,.b
┌───┬───┬───┬───┬───┬───┬───┬───┬───┬───┬───┬───┬───┬──────┐
│ ^ │ 1 │ 2 │ 3 │ 4 │ 5 │ 6 │ 7 │ 8 │ 9 │ 0 │ - │ ` │ ←    │
├───┴─┬─┴─┬─┴─┬─┴─┬─┴─┬─┴─┬─┴─┬─┴─┬─┴─┬─┴─┬─┴─┬─┴─┬─┴─┬────┤
│   ⇥ │ j │ l │ c │ ä │ ü │ q │ g │ o │ m │ z │ ß │ ö │ Ret│
├─────┴┬──┴┬──┴┬──┴┬──┴┬──┴┬──┴┬──┴┬──┴┬──┴┬──┴┬──┴┬──┴┐   │
│    ⇩ │ u │ r │ n │ i │ v │ w │ t │ e │ s │ h │ ⇘ │ ´ │   │
├────┬─┴─┬─┴─┬─┴─┬─┴─┬─┴─┬─┴─┬─┴─┬─┴─┬─┴─┬─┴─┬─┴─┬─┴───┴───┤
│  ⇧ │ ⇚ │ k │ x │ p │ a │ y │ f │ d │ , │ . │ b │ ⇗       │
├────┼───┴┬──┴─┬─┴───┴───┴───┴───┴───┴─┬─┴──┬┴───┼────┬────┤
│Strg│ Fe │ Alt│      Leerzeichen      │ M4 │ Fe │ Me │Strg│
└────┴────┴────┴───────────────────────┴────┴────┴────┴────┘
# 9.344756687251165 x100 total penalty per letter
# 34.19929522002704 x10 billion total penalty compared to notime-noeffort
# 7.440559751704533 mean key position cost in file 1gramme.txt ( 54.46089354 )
# 11.007719177417814 % finger repeats in file 2gramme.txt ( 53.138740448266184 )
# 10.69100994731841 million keystrokes disbalance of the fingers ( 16.036514920977616 )
# 0.35616276338076475 % finger repeats top to bottom or vice versa ( 7.1639275492292045 )
# 4.704944977064855 % of trigrams have no handswitching (after direction change counted x 1 ) ( 20.811451638192885 )
# 7.914165920262334 billion (rows²/dist)² to cross ( 102.88415696341033 )
# 0.03682158839077171 hand disbalance. Left: 0.4631784116092283 %, Right: 0.5368215883907718 % ( 1.078056851765284 )
# 0.7319461889614385 badly positioned shortcut keys (weighted).
# 7.455045922461517 no handswitching after unbalancing key (weighted).
# 30.042525064107608 movement pattern cost (weighted).
# 0.8655514388197545 asymmetric bigram cost (weighted).
# 3.671650746982011 irregularity cost (weighted).
# 16.49697616045545 manually assigned bigram penalty (weighted)
# 11.18999270704015 unbalancing key after neighboring finger (weighted)
# 0.8655514388197545 asymmetrc bigrams (weighted)
# 15.965522059600971 inconsistent symmetries of similar keys (weighted)
# 3.671650746982011 irregularity cost for randomly sampled words (weighted).
# Finger load %: 9.5 8.2 9.6 11.7 - 13.7 14.7 8.0 9.0
 
