
# Evolved Layout
ölhüä vgmyfjß
rnuio btsec⇘
zqkax wd,.p
┌───┬───┬───┬───┬───┬───┬───┬───┬───┬───┬───┬───┬───┬──────┐
│ ^ │ 1 │ 2 │ 3 │ 4 │ 5 │ 6 │ 7 │ 8 │ 9 │ 0 │ - │ ` │ ←    │
├───┴─┬─┴─┬─┴─┬─┴─┬─┴─┬─┴─┬─┴─┬─┴─┬─┴─┬─┴─┬─┴─┬─┴─┬─┴─┬────┤
│   ⇥ │ ö │ l │ h │ ü │ ä │ v │ g │ m │ y │ f │ j │ ß │ Ret│
├─────┴┬──┴┬──┴┬──┴┬──┴┬──┴┬──┴┬──┴┬──┴┬──┴┬──┴┬──┴┬──┴┐   │
│    ⇩ │ r │ n │ u │ i │ o │ b │ t │ s │ e │ c │ ⇘ │ ´ │   │
├────┬─┴─┬─┴─┬─┴─┬─┴─┬─┴─┬─┴─┬─┴─┬─┴─┬─┴─┬─┴─┬─┴─┬─┴───┴───┤
│  ⇧ │ ⇚ │ z │ q │ k │ a │ x │ w │ d │ , │ . │ p │ ⇗       │
├────┼───┴┬──┴─┬─┴───┴───┴───┴───┴───┴─┬─┴──┬┴───┼────┬────┤
│Strg│ Fe │ Alt│      Leerzeichen      │ M4 │ Fe │ Me │Strg│
└────┴────┴────┴───────────────────────┴────┴────┴────┴────┘
# 9.447774022951233 x100 total penalty per letter
# 34.57631095134017 x10 billion total penalty compared to notime-noeffort
# 7.387143595449281 mean key position cost in file 1gramme.txt ( 54.06991602 )
# 10.681986679564716 % finger repeats in file 2gramme.txt ( 51.56629711282115 )
# 12.745211046275907 million keystrokes disbalance of the fingers ( 19.11781656941386 )
# 0.38836634299245254 % finger repeats top to bottom or vice versa ( 7.811676654088113 )
# 4.7681773575124415 % of trigrams have no handswitching (after direction change counted x 1 ) ( 21.09114834752055 )
# 7.988191116448743 billion (rows²/dist)² to cross ( 103.84648451383366 )
# 0.008079114536783616 hand disbalance. Left: 0.4919208854632164 %, Right: 0.5080791145367836 % ( 0.23653908381526903 )
# 1.0979192834421578 badly positioned shortcut keys (weighted).
# 9.673182416159978 no handswitching after unbalancing key (weighted).
# 28.92744111387508 movement pattern cost (weighted).
# 0.8635111395994097 asymmetric bigram cost (weighted).
# 4.209254161635749 irregularity cost (weighted).
# 17.759885624329875 manually assigned bigram penalty (weighted)
# 12.864801263760318 unbalancing key after neighboring finger (weighted)
# 0.8635111395994097 asymmetrc bigrams (weighted)
# 12.62723620910651 inconsistent symmetries of similar keys (weighted)
# 4.209254161635749 irregularity cost for randomly sampled words (weighted).
# Finger load %: 11.8 9.5 6.7 13.5 - 14.3 7.8 12.6 8.2
 
