
# Evolved Layout
äulgö qbydvzß
airtm wnehs⇘
oüxcj pf,.k
┌───┬───┬───┬───┬───┬───┬───┬───┬───┬───┬───┬───┬───┬──────┐
│ ^ │ 1 │ 2 │ 3 │ 4 │ 5 │ 6 │ 7 │ 8 │ 9 │ 0 │ - │ ` │ ←    │
├───┴─┬─┴─┬─┴─┬─┴─┬─┴─┬─┴─┬─┴─┬─┴─┬─┴─┬─┴─┬─┴─┬─┴─┬─┴─┬────┤
│   ⇥ │ ä │ u │ l │ g │ ö │ q │ b │ y │ d │ v │ z │ ß │ Ret│
├─────┴┬──┴┬──┴┬──┴┬──┴┬──┴┬──┴┬──┴┬──┴┬──┴┬──┴┬──┴┬──┴┐   │
│    ⇩ │ a │ i │ r │ t │ m │ w │ n │ e │ h │ s │ ⇘ │ ´ │   │
├────┬─┴─┬─┴─┬─┴─┬─┴─┬─┴─┬─┴─┬─┴─┬─┴─┬─┴─┬─┴─┬─┴─┬─┴───┴───┤
│  ⇧ │ ⇚ │ o │ ü │ x │ c │ j │ p │ f │ , │ . │ k │ ⇗       │
├────┼───┴┬──┴─┬─┴───┴───┴───┴───┴───┴─┬─┴──┬┴───┼────┬────┤
│Strg│ Fe │ Alt│      Leerzeichen      │ M4 │ Fe │ Me │Strg│
└────┴────┴────┴───────────────────────┴────┴────┴────┴────┘
# 9.448990259106116 x100 total penalty per letter
# 34.58076204843238 x10 billion total penalty compared to notime-noeffort
# 7.529552066962603 mean key position cost in file 1gramme.txt ( 55.1122694 )
# 9.270199205556997 % finger repeats in file 2gramme.txt ( 44.75102439916824 )
# 14.21024766563275 million keystrokes disbalance of the fingers ( 21.315371498449124 )
# 0.31847292561554236 % finger repeats top to bottom or vice versa ( 6.40582677381603 )
# 5.041521304756591 % of trigrams have no handswitching (after direction change counted x 1 ) ( 22.300234610249433 )
# 8.25711896650652 billion (rows²/dist)² to cross ( 107.34254656458475 )
# 0.013139406469279469 hand disbalance. Left: 0.48686059353072053 %, Right: 0.5131394064692795 % ( 0.38469353961617514 )
# 1.0979192834421578 badly positioned shortcut keys (weighted).
# 6.852235025942657 no handswitching after unbalancing key (weighted).
# 31.350874609300934 movement pattern cost (weighted).
# 0.8739789832495937 asymmetric bigram cost (weighted).
# 3.7592498755757484 irregularity cost (weighted).
# 21.57299804161102 manually assigned bigram penalty (weighted)
# 10.425062979981954 unbalancing key after neighboring finger (weighted)
# 0.8739789832495937 asymmetrc bigrams (weighted)
# 12.263334899336071 inconsistent symmetries of similar keys (weighted)
# 3.7592498755757484 irregularity cost for randomly sampled words (weighted).
# Finger load %: 13.1 8.5 8.0 11.4 - 12.4 12.4 7.9 10.6
 
