
# Evolved Layout
üpuzj äcaoköß
hnerm ftigs⇘
vxylq bd,.w
┌───┬───┬───┬───┬───┬───┬───┬───┬───┬───┬───┬───┬───┬──────┐
│ ^ │ 1 │ 2 │ 3 │ 4 │ 5 │ 6 │ 7 │ 8 │ 9 │ 0 │ - │ ` │ ←    │
├───┴─┬─┴─┬─┴─┬─┴─┬─┴─┬─┴─┬─┴─┬─┴─┬─┴─┬─┴─┬─┴─┬─┴─┬─┴─┬────┤
│   ⇥ │ ü │ p │ u │ z │ j │ ä │ c │ a │ o │ k │ ö │ ß │ Ret│
├─────┴┬──┴┬──┴┬──┴┬──┴┬──┴┬──┴┬──┴┬──┴┬──┴┬──┴┬──┴┬──┴┐   │
│    ⇩ │ h │ n │ e │ r │ m │ f │ t │ i │ g │ s │ ⇘ │ ´ │   │
├────┬─┴─┬─┴─┬─┴─┬─┴─┬─┴─┬─┴─┬─┴─┬─┴─┬─┴─┬─┴─┬─┴─┬─┴───┴───┤
│  ⇧ │ ⇚ │ v │ x │ y │ l │ q │ b │ d │ , │ . │ w │ ⇗       │
├────┼───┴┬──┴─┬─┴───┴───┴───┴───┴───┴─┬─┴──┬┴───┼────┬────┤
│Strg│ Fe │ Alt│      Leerzeichen      │ M4 │ Fe │ Me │Strg│
└────┴────┴────┴───────────────────────┴────┴────┴────┴────┘
# 9.504188157236742 x100 total penalty per letter
# 34.78277150430935 x10 billion total penalty compared to notime-noeffort
# 7.202952484089997 mean key position cost in file 1gramme.txt ( 52.7217362 )
# 12.050088920539794 % finger repeats in file 2gramme.txt ( 58.170683427381896 )
# 12.094177203176883 million keystrokes disbalance of the fingers ( 18.14126580476533 )
# 0.46461753286310353 % finger repeats top to bottom or vice versa ( 9.345408014971206 )
# 4.387536489130883 % of trigrams have no handswitching (after direction change counted x 1 ) ( 19.407454050890447 )
# 7.924871471955722 billion (rows²/dist)² to cross ( 103.02332913542438 )
# 0.0012408192009022434 hand disbalance. Left: 0.5012408192009022 %, Right: 0.4987591807990977 % ( 0.036328515411622984 )
# 0.36597309448071924 badly positioned shortcut keys (weighted).
# 6.827415716583326 no handswitching after unbalancing key (weighted).
# 34.19515677350286 movement pattern cost (weighted).
# 0.8756057309365648 asymmetric bigram cost (weighted).
# 4.107448496127943 irregularity cost (weighted).
# 18.92541609113669 manually assigned bigram penalty (weighted)
# 12.796226467767772 unbalancing key after neighboring finger (weighted)
# 0.8756057309365648 asymmetrc bigrams (weighted)
# 8.888267523712845 inconsistent symmetries of similar keys (weighted)
# 4.107448496127943 irregularity cost for randomly sampled words (weighted).
# Finger load %: 10.0 7.8 13.7 10.8 - 14.3 11.1 6.1 10.5
 
