
# Evolved Layout
jgbmz äüifvöß
htnrl oeusd⇘
kpxcq ya,.w
┌───┬───┬───┬───┬───┬───┬───┬───┬───┬───┬───┬───┬───┬──────┐
│ ^ │ 1 │ 2 │ 3 │ 4 │ 5 │ 6 │ 7 │ 8 │ 9 │ 0 │ - │ ` │ ←    │
├───┴─┬─┴─┬─┴─┬─┴─┬─┴─┬─┴─┬─┴─┬─┴─┬─┴─┬─┴─┬─┴─┬─┴─┬─┴─┬────┤
│   ⇥ │ j │ g │ b │ m │ z │ ä │ ü │ i │ f │ v │ ö │ ß │ Ret│
├─────┴┬──┴┬──┴┬──┴┬──┴┬──┴┬──┴┬──┴┬──┴┬──┴┬──┴┬──┴┬──┴┐   │
│    ⇩ │ h │ t │ n │ r │ l │ o │ e │ u │ s │ d │ ⇘ │ ´ │   │
├────┬─┴─┬─┴─┬─┴─┬─┴─┬─┴─┬─┴─┬─┴─┬─┴─┬─┴─┬─┴─┬─┴─┬─┴───┴───┤
│  ⇧ │ ⇚ │ k │ p │ x │ c │ q │ y │ a │ , │ . │ w │ ⇗       │
├────┼───┴┬──┴─┬─┴───┴───┴───┴───┴───┴─┬─┴──┬┴───┼────┬────┤
│Strg│ Fe │ Alt│      Leerzeichen      │ M4 │ Fe │ Me │Strg│
└────┴────┴────┴───────────────────────┴────┴────┴────┴────┘
# 9.365503111132753 x100 total penalty per letter
# 34.27522154950057 x10 billion total penalty compared to notime-noeffort
# 7.317580069102835 mean key position cost in file 1gramme.txt ( 53.56074844 )
# 13.878443916036076 % finger repeats in file 2gramme.txt ( 66.99689710407915 )
# 12.273674854339717 million keystrokes disbalance of the fingers ( 18.410512281509575 )
# 0.35721109970007425 % finger repeats top to bottom or vice versa ( 7.185013991190373 )
# 3.323736931287978 % of trigrams have no handswitching (after direction change counted x 1 ) ( 14.701933973886279 )
# 8.050403502806493 billion (rows²/dist)² to cross ( 104.65524553648439 )
# 0.04199313096617607 hand disbalance. Left: 0.4580068690338239 %, Right: 0.5419931309661761 % ( 1.2294684869300458 )
# 1.0979192834421578 badly positioned shortcut keys (weighted).
# 9.018993594026727 no handswitching after unbalancing key (weighted).
# 23.909698379432292 movement pattern cost (weighted).
# 0.8650957350056032 asymmetric bigram cost (weighted).
# 3.4989477503906876 irregularity cost (weighted).
# 15.454334994794861 manually assigned bigram penalty (weighted)
# 9.925760874240872 unbalancing key after neighboring finger (weighted)
# 0.8650957350056032 asymmetrc bigrams (weighted)
# 12.241645069592723 inconsistent symmetries of similar keys (weighted)
# 3.4989477503906876 irregularity cost for randomly sampled words (weighted).
# Finger load %: 9.8 8.0 8.0 12.8 - 19.9 9.2 7.5 9.2
 
