
# Evolved Layout
jmdpq üäikxöß
rctnf oeush⇘
lzwbv ya,.g
┌───┬───┬───┬───┬───┬───┬───┬───┬───┬───┬───┬───┬───┬──────┐
│ ^ │ 1 │ 2 │ 3 │ 4 │ 5 │ 6 │ 7 │ 8 │ 9 │ 0 │ - │ ` │ ←    │
├───┴─┬─┴─┬─┴─┬─┴─┬─┴─┬─┴─┬─┴─┬─┴─┬─┴─┬─┴─┬─┴─┬─┴─┬─┴─┬────┤
│   ⇥ │ j │ m │ d │ p │ q │ ü │ ä │ i │ k │ x │ ö │ ß │ Ret│
├─────┴┬──┴┬──┴┬──┴┬──┴┬──┴┬──┴┬──┴┬──┴┬──┴┬──┴┬──┴┬──┴┐   │
│    ⇩ │ r │ c │ t │ n │ f │ o │ e │ u │ s │ h │ ⇘ │ ´ │   │
├────┬─┴─┬─┴─┬─┴─┬─┴─┬─┴─┬─┴─┬─┴─┬─┴─┬─┴─┬─┴─┬─┴─┬─┴───┴───┤
│  ⇧ │ ⇚ │ l │ z │ w │ b │ v │ y │ a │ , │ . │ g │ ⇗       │
├────┼───┴┬──┴─┬─┴───┴───┴───┴───┴───┴─┬─┴──┬┴───┼────┬────┤
│Strg│ Fe │ Alt│      Leerzeichen      │ M4 │ Fe │ Me │Strg│
└────┴────┴────┴───────────────────────┴────┴────┴────┴────┘
# 9.611822590028961 x100 total penalty per letter
# 35.176684568725804 x10 billion total penalty compared to notime-noeffort
# 7.764799264908014 mean key position cost in file 1gramme.txt ( 56.8341523 )
# 11.51435551706943 % finger repeats in file 2gramme.txt ( 55.58448025326021 )
# 15.314298069297365 million keystrokes disbalance of the fingers ( 22.971447103946048 )
# 0.31059188698101586 % finger repeats top to bottom or vice versa ( 6.247306019836859 )
# 2.4360049269796282 % of trigrams have no handswitching (after direction change counted x 1 ) ( 10.77521607061661 )
# 8.956725432889828 billion (rows²/dist)² to cross ( 116.43743062756776 )
# 0.043204314618531414 hand disbalance. Left: 0.4567956853814686 %, Right: 0.5432043146185314 % ( 1.2649293372690016 )
# 0.7319461889614385 badly positioned shortcut keys (weighted).
# 8.706103561888122 no handswitching after unbalancing key (weighted).
# 21.777125925459718 movement pattern cost (weighted).
# 0.8728673684238525 asymmetric bigram cost (weighted).
# 7.8305055774556935 irregularity cost (weighted).
# 21.24930696615171 manually assigned bigram penalty (weighted)
# 8.324627922808322 unbalancing key after neighboring finger (weighted)
# 0.8728673684238525 asymmetrc bigrams (weighted)
# 12.159400463612752 inconsistent symmetries of similar keys (weighted)
# 7.8305055774556935 irregularity cost for randomly sampled words (weighted).
# Finger load %: 13.2 4.9 9.3 11.1 - 19.9 9.2 7.1 9.7
 
