
# Evolved Layout
ßmlgö wbouüäj
rsntv fheia⇘
kzqcy pd,.x
┌───┬───┬───┬───┬───┬───┬───┬───┬───┬───┬───┬───┬───┬──────┐
│ ^ │ 1 │ 2 │ 3 │ 4 │ 5 │ 6 │ 7 │ 8 │ 9 │ 0 │ - │ ` │ ←    │
├───┴─┬─┴─┬─┴─┬─┴─┬─┴─┬─┴─┬─┴─┬─┴─┬─┴─┬─┴─┬─┴─┬─┴─┬─┴─┬────┤
│   ⇥ │ ß │ m │ l │ g │ ö │ w │ b │ o │ u │ ü │ ä │ j │ Ret│
├─────┴┬──┴┬──┴┬──┴┬──┴┬──┴┬──┴┬──┴┬──┴┬──┴┬──┴┬──┴┬──┴┐   │
│    ⇩ │ r │ s │ n │ t │ v │ f │ h │ e │ i │ a │ ⇘ │ ´ │   │
├────┬─┴─┬─┴─┬─┴─┬─┴─┬─┴─┬─┴─┬─┴─┬─┴─┬─┴─┬─┴─┬─┴─┬─┴───┴───┤
│  ⇧ │ ⇚ │ k │ z │ q │ c │ y │ p │ d │ , │ . │ x │ ⇗       │
├────┼───┴┬──┴─┬─┴───┴───┴───┴───┴───┴─┬─┴──┬┴───┼────┬────┤
│Strg│ Fe │ Alt│      Leerzeichen      │ M4 │ Fe │ Me │Strg│
└────┴────┴────┴───────────────────────┴────┴────┴────┴────┘
# 9.402227499627482 x100 total penalty per letter
# 34.40962293050386 x10 billion total penalty compared to notime-noeffort
# 7.362260479347751 mean key position cost in file 1gramme.txt ( 53.887785 )
# 11.161898882727531 % finger repeats in file 2gramme.txt ( 53.88302863465551 )
# 12.219456127213698 million keystrokes disbalance of the fingers ( 18.329184190820545 )
# 0.3294524374193745 % finger repeats top to bottom or vice versa ( 6.626670823715966 )
# 3.0292003918252752 % of trigrams have no handswitching (after direction change counted x 1 ) ( 13.39910620935571 )
# 8.38359638871321 billion (rows²/dist)² to cross ( 108.98675305327173 )
# 0.0401372662978407 hand disbalance. Left: 0.4598627337021593 %, Right: 0.5401372662978408 % ( 1.1751327640813956 )
# 1.0979192834421578 badly positioned shortcut keys (weighted).
# 9.274792480708834 no handswitching after unbalancing key (weighted).
# 26.094369528482957 movement pattern cost (weighted).
# 0.8608792978551024 asymmetric bigram cost (weighted).
# 3.260107916090424 irregularity cost (weighted).
# 17.684775993111938 manually assigned bigram penalty (weighted)
# 14.30460282374399 unbalancing key after neighboring finger (weighted)
# 0.8608792978551024 asymmetrc bigrams (weighted)
# 15.231121305702159 inconsistent symmetries of similar keys (weighted)
# 3.260107916090424 irregularity cost for randomly sampled words (weighted).
# Finger load %: 11.7 7.4 9.3 10.4 - 12.4 14.7 9.4 9.1
 
