
# Evolved Layout
öüokz qgluvjß
heanm ctris⇘
pyäfx wd,.b
┌───┬───┬───┬───┬───┬───┬───┬───┬───┬───┬───┬───┬───┬──────┐
│ ^ │ 1 │ 2 │ 3 │ 4 │ 5 │ 6 │ 7 │ 8 │ 9 │ 0 │ - │ ` │ ←    │
├───┴─┬─┴─┬─┴─┬─┴─┬─┴─┬─┴─┬─┴─┬─┴─┬─┴─┬─┴─┬─┴─┬─┴─┬─┴─┬────┤
│   ⇥ │ ö │ ü │ o │ k │ z │ q │ g │ l │ u │ v │ j │ ß │ Ret│
├─────┴┬──┴┬──┴┬──┴┬──┴┬──┴┬──┴┬──┴┬──┴┬──┴┬──┴┬──┴┬──┴┐   │
│    ⇩ │ h │ e │ a │ n │ m │ c │ t │ r │ i │ s │ ⇘ │ ´ │   │
├────┬─┴─┬─┴─┬─┴─┬─┴─┬─┴─┬─┴─┬─┴─┬─┴─┬─┴─┬─┴─┬─┴─┬─┴───┴───┤
│  ⇧ │ ⇚ │ p │ y │ ä │ f │ x │ w │ d │ , │ . │ b │ ⇗       │
├────┼───┴┬──┴─┬─┴───┴───┴───┴───┴───┴─┬─┴──┬┴───┼────┬────┤
│Strg│ Fe │ Alt│      Leerzeichen      │ M4 │ Fe │ Me │Strg│
└────┴────┴────┴───────────────────────┴────┴────┴────┴────┘
# 9.192187148360242 x100 total penalty per letter
# 33.64093175731296 x10 billion total penalty compared to notime-noeffort
# 7.17687513265644 mean key position cost in file 1gramme.txt ( 52.53086402 )
# 8.820458851408043 % finger repeats in file 2gramme.txt ( 42.57994467202001 )
# 12.27637713207222 million keystrokes disbalance of the fingers ( 18.41456569810833 )
# 0.3410000563401411 % finger repeats top to bottom or vice versa ( 6.858941891385215 )
# 4.452231095999129 % of trigrams have no handswitching (after direction change counted x 1 ) ( 19.69361864763996 )
# 7.82041365192416 billion (rows²/dist)² to cross ( 101.66537747501408 )
# 0.015505686258698859 hand disbalance. Left: 0.48449431374130114 %, Right: 0.5155056862586989 % ( 0.453973118571455 )
# 1.463892377922877 badly positioned shortcut keys (weighted).
# 8.092373766666606 no handswitching after unbalancing key (weighted).
# 33.701909142057566 movement pattern cost (weighted).
# 0.8835315206501889 asymmetric bigram cost (weighted).
# 3.3154350369985846 irregularity cost (weighted).
# 19.618789403294564 manually assigned bigram penalty (weighted)
# 13.871988135855133 unbalancing key after neighboring finger (weighted)
# 0.8835315206501889 asymmetrc bigrams (weighted)
# 13.264112666944973 inconsistent symmetries of similar keys (weighted)
# 3.3154350369985846 irregularity cost for randomly sampled words (weighted).
# Finger load %: 10.1 11.7 7.4 11.7 - 14.4 9.1 9.4 10.6
 
