
# Evolved Layout
ämopy qxfukjß
acetg lrsih⇘
vwüdö zn,.b
┌───┬───┬───┬───┬───┬───┬───┬───┬───┬───┬───┬───┬───┬──────┐
│ ^ │ 1 │ 2 │ 3 │ 4 │ 5 │ 6 │ 7 │ 8 │ 9 │ 0 │ - │ ` │ ←    │
├───┴─┬─┴─┬─┴─┬─┴─┬─┴─┬─┴─┬─┴─┬─┴─┬─┴─┬─┴─┬─┴─┬─┴─┬─┴─┬────┤
│   ⇥ │ ä │ m │ o │ p │ y │ q │ x │ f │ u │ k │ j │ ß │ Ret│
├─────┴┬──┴┬──┴┬──┴┬──┴┬──┴┬──┴┬──┴┬──┴┬──┴┬──┴┬──┴┬──┴┐   │
│    ⇩ │ a │ c │ e │ t │ g │ l │ r │ s │ i │ h │ ⇘ │ ´ │   │
├────┬─┴─┬─┴─┬─┴─┬─┴─┬─┴─┬─┴─┬─┴─┬─┴─┬─┴─┬─┴─┬─┴─┬─┴───┴───┤
│  ⇧ │ ⇚ │ v │ w │ ü │ d │ ö │ z │ n │ , │ . │ b │ ⇗       │
├────┼───┴┬──┴─┬─┴───┴───┴───┴───┴───┴─┬─┴──┬┴───┼────┬────┤
│Strg│ Fe │ Alt│      Leerzeichen      │ M4 │ Fe │ Me │Strg│
└────┴────┴────┴───────────────────────┴────┴────┴────┴────┘
# 9.85814241505775 x100 total penalty per letter
# 36.07814885470316 x10 billion total penalty compared to notime-noeffort
# 7.45702359041527 mean key position cost in file 1gramme.txt ( 54.58139998 )
# 11.863428904202115 % finger repeats in file 2gramme.txt ( 57.26959956065447 )
# 12.652829497318033 million keystrokes disbalance of the fingers ( 18.97924424597705 )
# 0.30314366678906446 % finger repeats top to bottom or vice versa ( 6.097491060745245 )
# 3.465918226440985 % of trigrams have no handswitching (after direction change counted x 1 ) ( 15.330846567414286 )
# 9.021127019982632 billion (rows²/dist)² to cross ( 117.27465125977422 )
# 0.004238176677752947 hand disbalance. Left: 0.49576182332224705 %, Right: 0.504238176677753 % ( 0.12408469069706082 )
# 0.7319461889614385 badly positioned shortcut keys (weighted).
# 8.930014738357988 no handswitching after unbalancing key (weighted).
# 29.75955033723306 movement pattern cost (weighted).
# 0.8782649795072819 asymmetric bigram cost (weighted).
# 2.9429373561066945 irregularity cost (weighted).
# 17.12920844106759 manually assigned bigram penalty (weighted)
# 14.853879991528862 unbalancing key after neighboring finger (weighted)
# 0.8782649795072819 asymmetrc bigrams (weighted)
# 15.898369149006417 inconsistent symmetries of similar keys (weighted)
# 2.9429373561066945 irregularity cost for randomly sampled words (weighted).
# Finger load %: 10.8 5.4 13.8 11.8 - 16.1 7.3 9.4 9.8
 
