
# Evolved Layout
jmgvß öbyoüäx
rshnl fteai⇘
czkpq wd,.u
┌───┬───┬───┬───┬───┬───┬───┬───┬───┬───┬───┬───┬───┬──────┐
│ ^ │ 1 │ 2 │ 3 │ 4 │ 5 │ 6 │ 7 │ 8 │ 9 │ 0 │ - │ ` │ ←    │
├───┴─┬─┴─┬─┴─┬─┴─┬─┴─┬─┴─┬─┴─┬─┴─┬─┴─┬─┴─┬─┴─┬─┴─┬─┴─┬────┤
│   ⇥ │ j │ m │ g │ v │ ß │ ö │ b │ y │ o │ ü │ ä │ x │ Ret│
├─────┴┬──┴┬──┴┬──┴┬──┴┬──┴┬──┴┬──┴┬──┴┬──┴┬──┴┬──┴┬──┴┐   │
│    ⇩ │ r │ s │ h │ n │ l │ f │ t │ e │ a │ i │ ⇘ │ ´ │   │
├────┬─┴─┬─┴─┬─┴─┬─┴─┬─┴─┬─┴─┬─┴─┬─┴─┬─┴─┬─┴─┬─┴─┬─┴───┴───┤
│  ⇧ │ ⇚ │ c │ z │ k │ p │ q │ w │ d │ , │ . │ u │ ⇗       │
├────┼───┴┬──┴─┬─┴───┴───┴───┴───┴───┴─┬─┴──┬┴───┼────┬────┤
│Strg│ Fe │ Alt│      Leerzeichen      │ M4 │ Fe │ Me │Strg│
└────┴────┴────┴───────────────────────┴────┴────┴────┴────┘
# 9.815562067072971 x100 total penalty per letter
# 35.92231623754261 x10 billion total penalty compared to notime-noeffort
# 7.652572875538388 mean key position cost in file 1gramme.txt ( 56.01271552 )
# 9.119413491865634 % finger repeats in file 2gramme.txt ( 44.02312039162509 )
# 15.560369579298177 million keystrokes disbalance of the fingers ( 23.340554368947267 )
# 0.39464495906392055 % finger repeats top to bottom or vice versa ( 7.937965966924941 )
# 3.5369495050149506 % of trigrams have no handswitching (after direction change counted x 1 ) ( 15.645040256404734 )
# 8.323130403878409 billion (rows²/dist)² to cross ( 108.20069525041932 )
# 0.05467501130855551 hand disbalance. Left: 0.4453249886914445 %, Right: 0.5546750113085556 % ( 1.6007666463488304 )
# 0.36597309448071924 badly positioned shortcut keys (weighted).
# 7.512612202100363 no handswitching after unbalancing key (weighted).
# 27.58763482585999 movement pattern cost (weighted).
# 0.8911668168899615 asymmetric bigram cost (weighted).
# 18.74249746547058 irregularity cost (weighted).
# 20.85925134399356 manually assigned bigram penalty (weighted)
# 10.604799076954327 unbalancing key after neighboring finger (weighted)
# 0.8911668168899615 asymmetrc bigrams (weighted)
# 15.898369149006417 inconsistent symmetries of similar keys (weighted)
# 18.74249746547058 irregularity cost for randomly sampled words (weighted).
# Finger load %: 12.7 7.4 6.2 11.2 - 13.2 12.4 8.6 12.7
 
