
# Evolved Layout
ßvoyä öpulfjq
haenm gtirs⇘
kzxcü bd,.w
┌───┬───┬───┬───┬───┬───┬───┬───┬───┬───┬───┬───┬───┬──────┐
│ ^ │ 1 │ 2 │ 3 │ 4 │ 5 │ 6 │ 7 │ 8 │ 9 │ 0 │ - │ ` │ ←    │
├───┴─┬─┴─┬─┴─┬─┴─┬─┴─┬─┴─┬─┴─┬─┴─┬─┴─┬─┴─┬─┴─┬─┴─┬─┴─┬────┤
│   ⇥ │ ß │ v │ o │ y │ ä │ ö │ p │ u │ l │ f │ j │ q │ Ret│
├─────┴┬──┴┬──┴┬──┴┬──┴┬──┴┬──┴┬──┴┬──┴┬──┴┬──┴┬──┴┬──┴┐   │
│    ⇩ │ h │ a │ e │ n │ m │ g │ t │ i │ r │ s │ ⇘ │ ´ │   │
├────┬─┴─┬─┴─┬─┴─┬─┴─┬─┴─┬─┴─┬─┴─┬─┴─┬─┴─┬─┴─┬─┴─┬─┴───┴───┤
│  ⇧ │ ⇚ │ k │ z │ x │ c │ ü │ b │ d │ , │ . │ w │ ⇗       │
├────┼───┴┬──┴─┬─┴───┴───┴───┴───┴───┴─┬─┴──┬┴───┼────┬────┤
│Strg│ Fe │ Alt│      Leerzeichen      │ M4 │ Fe │ Me │Strg│
└────┴────┴────┴───────────────────────┴────┴────┴────┴────┘
# 9.095817811232354 x100 total penalty per letter
# 33.288245912095476 x10 billion total penalty compared to notime-noeffort
# 7.155561923795916 mean key position cost in file 1gramme.txt ( 52.3748628 )
# 9.15666139955864 % finger repeats in file 2gramme.txt ( 44.20293120140667 )
# 12.323472837617084 million keystrokes disbalance of the fingers ( 18.485209256425623 )
# 0.3396984322849502 % finger repeats top to bottom or vice versa ( 6.832760770317955 )
# 5.2717125322650915 % of trigrams have no handswitching (after direction change counted x 1 ) ( 23.318442819310782 )
# 7.7668633232602 billion (rows²/dist)² to cross ( 100.9692232023826 )
# 0.008955972462822981 hand disbalance. Left: 0.491044027537177 %, Right: 0.508955972462823 % ( 0.2622115965042748 )
# 0.36597309448071924 badly positioned shortcut keys (weighted).
# 7.270568785467972 no handswitching after unbalancing key (weighted).
# 29.2502607675735 movement pattern cost (weighted).
# 0.8822812005080328 asymmetric bigram cost (weighted).
# 2.422922428409886 irregularity cost (weighted).
# 19.435347752508132 manually assigned bigram penalty (weighted)
# 14.680434367511644 unbalancing key after neighboring finger (weighted)
# 0.8822812005080328 asymmetrc bigrams (weighted)
# 12.129029078146957 inconsistent symmetries of similar keys (weighted)
# 2.422922428409886 irregularity cost for randomly sampled words (weighted).
# Finger load %: 10.2 5.9 13.7 11.7 - 13.6 9.2 9.3 10.9
 
