
# Evolved Layout
junmq öädwbzß
rilgc yetsh⇘
xüpfv oa,.k
┌───┬───┬───┬───┬───┬───┬───┬───┬───┬───┬───┬───┬───┬──────┐
│ ^ │ 1 │ 2 │ 3 │ 4 │ 5 │ 6 │ 7 │ 8 │ 9 │ 0 │ - │ ` │ ←    │
├───┴─┬─┴─┬─┴─┬─┴─┬─┴─┬─┴─┬─┴─┬─┴─┬─┴─┬─┴─┬─┴─┬─┴─┬─┴─┬────┤
│   ⇥ │ j │ u │ n │ m │ q │ ö │ ä │ d │ w │ b │ z │ ß │ Ret│
├─────┴┬──┴┬──┴┬──┴┬──┴┬──┴┬──┴┬──┴┬──┴┬──┴┬──┴┬──┴┬──┴┐   │
│    ⇩ │ r │ i │ l │ g │ c │ y │ e │ t │ s │ h │ ⇘ │ ´ │   │
├────┬─┴─┬─┴─┬─┴─┬─┴─┬─┴─┬─┴─┬─┴─┬─┴─┬─┴─┬─┴─┬─┴─┬─┴───┴───┤
│  ⇧ │ ⇚ │ x │ ü │ p │ f │ v │ o │ a │ , │ . │ k │ ⇗       │
├────┼───┴┬──┴─┬─┴───┴───┴───┴───┴───┴─┬─┴──┬┴───┼────┬────┤
│Strg│ Fe │ Alt│      Leerzeichen      │ M4 │ Fe │ Me │Strg│
└────┴────┴────┴───────────────────────┴────┴────┴────┴────┘
# 9.511840495811759 x100 total penalty per letter
# 34.81077700459248 x10 billion total penalty compared to notime-noeffort
# 7.520251987117036 mean key position cost in file 1gramme.txt ( 55.04419782 )
# 11.563566954965422 % finger repeats in file 2gramme.txt ( 55.82204389231142 )
# 13.335488677414276 million keystrokes disbalance of the fingers ( 20.003233016121413 )
# 0.34648385396846565 % finger repeats top to bottom or vice versa ( 6.9692440704537 )
# 4.433677311889168 % of trigrams have no handswitching (after direction change counted x 1 ) ( 19.611549424175664 )
# 8.388822556217686 billion (rows²/dist)² to cross ( 109.05469323082993 )
# 0.0473239922766458 hand disbalance. Left: 0.4526760077233542 %, Right: 0.5473239922766457 % ( 1.3855446317332578 )
# 1.0979192834421578 badly positioned shortcut keys (weighted).
# 8.845398164000724 no handswitching after unbalancing key (weighted).
# 29.17466658327309 movement pattern cost (weighted).
# 0.8859317838886765 asymmetric bigram cost (weighted).
# 3.981552992741179 irregularity cost (weighted).
# 16.47600488120688 manually assigned bigram penalty (weighted)
# 11.647386582783852 unbalancing key after neighboring finger (weighted)
# 0.8859317838886765 asymmetrc bigrams (weighted)
# 8.108403688962824 inconsistent symmetries of similar keys (weighted)
# 3.981552992741179 irregularity cost for randomly sampled words (weighted).
# Finger load %: 11.1 8.5 10.2 8.4 - 19.7 9.3 7.2 10.0
 
