
# Evolved Layout
ülpkq öfäozjß
hrnsm cteai⇘
uxbgv wd,.y
┌───┬───┬───┬───┬───┬───┬───┬───┬───┬───┬───┬───┬───┬──────┐
│ ^ │ 1 │ 2 │ 3 │ 4 │ 5 │ 6 │ 7 │ 8 │ 9 │ 0 │ - │ ` │ ←    │
├───┴─┬─┴─┬─┴─┬─┴─┬─┴─┬─┴─┬─┴─┬─┴─┬─┴─┬─┴─┬─┴─┬─┴─┬─┴─┬────┤
│   ⇥ │ ü │ l │ p │ k │ q │ ö │ f │ ä │ o │ z │ j │ ß │ Ret│
├─────┴┬──┴┬──┴┬──┴┬──┴┬──┴┬──┴┬──┴┬──┴┬──┴┬──┴┬──┴┬──┴┐   │
│    ⇩ │ h │ r │ n │ s │ m │ c │ t │ e │ a │ i │ ⇘ │ ´ │   │
├────┬─┴─┬─┴─┬─┴─┬─┴─┬─┴─┬─┴─┬─┴─┬─┴─┬─┴─┬─┴─┬─┴─┬─┴───┴───┤
│  ⇧ │ ⇚ │ u │ x │ b │ g │ v │ w │ d │ , │ . │ y │ ⇗       │
├────┼───┴┬──┴─┬─┴───┴───┴───┴───┴───┴─┬─┴──┬┴───┼────┬────┤
│Strg│ Fe │ Alt│      Leerzeichen      │ M4 │ Fe │ Me │Strg│
└────┴────┴────┴───────────────────────┴────┴────┴────┴────┘
# 9.013131921310785 x100 total penalty per letter
# 32.98563780205059 x10 billion total penalty compared to notime-noeffort
# 7.631468151949461 mean key position cost in file 1gramme.txt ( 55.8582403 )
# 9.62672976472636 % finger repeats in file 2gramme.txt ( 46.47214251094225 )
# 12.862543805185583 million keystrokes disbalance of the fingers ( 19.293815707778375 )
# 0.30544158748321176 % finger repeats top to bottom or vice versa ( 6.143711887455156 )
# 3.3047034592761726 % of trigrams have no handswitching (after direction change counted x 1 ) ( 14.617742939939754 )
# 8.055540105282185 billion (rows²/dist)² to cross ( 104.72202136866841 )
# 0.040458881379569045 hand disbalance. Left: 0.45954111862043096 %, Right: 0.5404588813795691 % ( 1.1845489614167388 )
# 1.0979192834421578 badly positioned shortcut keys (weighted).
# 8.315895531400656 no handswitching after unbalancing key (weighted).
# 24.22862068343755 movement pattern cost (weighted).
# 0.8690297997454508 asymmetric bigram cost (weighted).
# 4.2949289256292476 irregularity cost (weighted).
# 19.428227230066266 manually assigned bigram penalty (weighted)
# 13.002835244539243 unbalancing key after neighboring finger (weighted)
# 0.8690297997454508 asymmetrc bigrams (weighted)
# 10.326697646044682 inconsistent symmetries of similar keys (weighted)
# 4.2949289256292476 irregularity cost for randomly sampled words (weighted).
# Finger load %: 11.3 8.2 8.8 10.4 - 13.9 12.3 8.6 10.9
 
