
# Evolved Layout
joukq xfldzvß
aeinp msrtg⇘
äöühy wb,.c
┌───┬───┬───┬───┬───┬───┬───┬───┬───┬───┬───┬───┬───┬──────┐
│ ^ │ 1 │ 2 │ 3 │ 4 │ 5 │ 6 │ 7 │ 8 │ 9 │ 0 │ - │ ` │ ←    │
├───┴─┬─┴─┬─┴─┬─┴─┬─┴─┬─┴─┬─┴─┬─┴─┬─┴─┬─┴─┬─┴─┬─┴─┬─┴─┬────┤
│   ⇥ │ j │ o │ u │ k │ q │ x │ f │ l │ d │ z │ v │ ß │ Ret│
├─────┴┬──┴┬──┴┬──┴┬──┴┬──┴┬──┴┬──┴┬──┴┬──┴┬──┴┬──┴┬──┴┐   │
│    ⇩ │ a │ e │ i │ n │ p │ m │ s │ r │ t │ g │ ⇘ │ ´ │   │
├────┬─┴─┬─┴─┬─┴─┬─┴─┬─┴─┬─┴─┬─┴─┬─┴─┬─┴─┬─┴─┬─┴─┬─┴───┴───┤
│  ⇧ │ ⇚ │ ä │ ö │ ü │ h │ y │ w │ b │ , │ . │ c │ ⇗       │
├────┼───┴┬──┴─┬─┴───┴───┴───┴───┴───┴─┬─┴──┬┴───┼────┬────┤
│Strg│ Fe │ Alt│      Leerzeichen      │ M4 │ Fe │ Me │Strg│
└────┴────┴────┴───────────────────────┴────┴────┴────┴────┘
# 8.945445327963887 x100 total penalty per letter
# 32.73792308183036 x10 billion total penalty compared to notime-noeffort
# 7.323549078937013 mean key position cost in file 1gramme.txt ( 53.60443838 )
# 10.712645533539515 % finger repeats in file 2gramme.txt ( 51.71429987865755 )
# 11.889064768572936 million keystrokes disbalance of the fingers ( 17.833597152859404 )
# 0.33106868601339673 % finger repeats top to bottom or vice versa ( 6.659180364351858 )
# 3.412293999278634 % of trigrams have no handswitching (after direction change counted x 1 ) ( 15.093649742442924 )
# 8.005751267125415 billion (rows²/dist)² to cross ( 104.07476647263039 )
# 0.03410654873041141 hand disbalance. Left: 0.5341065487304114 %, Right: 0.46589345126958864 % ( 0.9985663344740889 )
# 1.463892377922877 badly positioned shortcut keys (weighted).
# 7.973376920251534 no handswitching after unbalancing key (weighted).
# 27.652653797974374 movement pattern cost (weighted).
# 0.8887584025590948 asymmetric bigram cost (weighted).
# 2.806564867972394 irregularity cost (weighted).
# 16.021733577719093 manually assigned bigram penalty (weighted)
# 10.615864516828395 unbalancing key after neighboring finger (weighted)
# 0.8887584025590948 asymmetrc bigrams (weighted)
# 9.977888031659656 inconsistent symmetries of similar keys (weighted)
# 2.806564867972394 irregularity cost for randomly sampled words (weighted).
# Finger load %: 10.7 13.8 8.3 12.3 - 11.6 9.1 9.5 9.1
 

# Evolved Layout
jlpbß qmoiäüö
hrntd yseac⇘
zxvgk wf,.u
┌───┬───┬───┬───┬───┬───┬───┬───┬───┬───┬───┬───┬───┬──────┐
│ ^ │ 1 │ 2 │ 3 │ 4 │ 5 │ 6 │ 7 │ 8 │ 9 │ 0 │ - │ ` │ ←    │
├───┴─┬─┴─┬─┴─┬─┴─┬─┴─┬─┴─┬─┴─┬─┴─┬─┴─┬─┴─┬─┴─┬─┴─┬─┴─┬────┤
│   ⇥ │ j │ l │ p │ b │ ß │ q │ m │ o │ i │ ä │ ü │ ö │ Ret│
├─────┴┬──┴┬──┴┬──┴┬──┴┬──┴┬──┴┬──┴┬──┴┬──┴┬──┴┬──┴┬──┴┐   │
│    ⇩ │ h │ r │ n │ t │ d │ y │ s │ e │ a │ c │ ⇘ │ ´ │   │
├────┬─┴─┬─┴─┬─┴─┬─┴─┬─┴─┬─┴─┬─┴─┬─┴─┬─┴─┬─┴─┬─┴─┬─┴───┴───┤
│  ⇧ │ ⇚ │ z │ x │ v │ g │ k │ w │ f │ , │ . │ u │ ⇗       │
├────┼───┴┬──┴─┬─┴───┴───┴───┴───┴───┴─┬─┴──┬┴───┼────┬────┤
│Strg│ Fe │ Alt│      Leerzeichen      │ M4 │ Fe │ Me │Strg│
└────┴────┴────┴───────────────────────┴────┴────┴────┴────┘
# 9.46329877662994 x100 total penalty per letter
# 34.63312737278865 x10 billion total penalty compared to notime-noeffort
# 7.705744811654651 mean key position cost in file 1gramme.txt ( 56.40190548 )
# 10.724969270761289 % finger repeats in file 2gramme.txt ( 51.773791573805795 )
# 10.935580768098951 million keystrokes disbalance of the fingers ( 16.403371152148427 )
# 0.4081340465502701 % finger repeats top to bottom or vice versa ( 8.209288113406922 )
# 2.732700543311119 % of trigrams have no handswitching (after direction change counted x 1 ) ( 12.087594111304915 )
# 8.735967101564958 billion (rows²/dist)² to cross ( 113.56757232034447 )
# 0.04403626604534494 hand disbalance. Left: 0.45596373395465506 %, Right: 0.5440362660453449 % ( 1.2892870843192892 )
# 0.36597309448071924 badly positioned shortcut keys (weighted).
# 7.3137367710004435 no handswitching after unbalancing key (weighted).
# 31.868709766868974 movement pattern cost (weighted).
# 0.8479473760394945 asymmetric bigram cost (weighted).
# 5.693968303793244 irregularity cost (weighted).
# 16.44961494120451 manually assigned bigram penalty (weighted)
# 14.399063836428901 unbalancing key after neighboring finger (weighted)
# 0.8479473760394945 asymmetrc bigrams (weighted)
# 9.659449802740426 inconsistent symmetries of similar keys (weighted)
# 5.693968303793244 irregularity cost for randomly sampled words (weighted).
# Finger load %: 9.4 8.2 8.1 12.8 - 10.5 14.7 11.3 9.4
 
