
# Evolved Layout
juoxq wgmfvzß
aierc btsnh⇘
äüöly pd,.k
┌───┬───┬───┬───┬───┬───┬───┬───┬───┬───┬───┬───┬───┬──────┐
│ ^ │ 1 │ 2 │ 3 │ 4 │ 5 │ 6 │ 7 │ 8 │ 9 │ 0 │ - │ ` │ ←    │
├───┴─┬─┴─┬─┴─┬─┴─┬─┴─┬─┴─┬─┴─┬─┴─┬─┴─┬─┴─┬─┴─┬─┴─┬─┴─┬────┤
│   ⇥ │ j │ u │ o │ x │ q │ w │ g │ m │ f │ v │ z │ ß │ Ret│
├─────┴┬──┴┬──┴┬──┴┬──┴┬──┴┬──┴┬──┴┬──┴┬──┴┬──┴┬──┴┬──┴┐   │
│    ⇩ │ a │ i │ e │ r │ c │ b │ t │ s │ n │ h │ ⇘ │ ´ │   │
├────┬─┴─┬─┴─┬─┴─┬─┴─┬─┴─┬─┴─┬─┴─┬─┴─┬─┴─┬─┴─┬─┴─┬─┴───┴───┤
│  ⇧ │ ⇚ │ ä │ ü │ ö │ l │ y │ p │ d │ , │ . │ k │ ⇗       │
├────┼───┴┬──┴─┬─┴───┴───┴───┴───┴───┴─┬─┴──┬┴───┼────┬────┤
│Strg│ Fe │ Alt│      Leerzeichen      │ M4 │ Fe │ Me │Strg│
└────┴────┴────┴───────────────────────┴────┴────┴────┴────┘
# 8.739100348591471 x100 total penalty per letter
# 31.982755975515534 x10 billion total penalty compared to notime-noeffort
# 7.272771704096472 mean key position cost in file 1gramme.txt ( 53.23277532 )
# 10.87188536969564 % finger repeats in file 2gramme.txt ( 52.48301537604087 )
# 11.712286254019245 million keystrokes disbalance of the fingers ( 17.56842938102887 )
# 0.3245593009004445 % finger repeats top to bottom or vice versa ( 6.5282493178365675 )
# 2.8444747788065263 % of trigrams have no handswitching (after direction change counted x 1 ) ( 12.582006715011882 )
# 7.952569303870089 billion (rows²/dist)² to cross ( 103.38340095031116 )
# 0.02034347018981264 hand disbalance. Left: 0.5203434701898126 %, Right: 0.4796565298101874 % ( 0.5956130190273599 )
# 1.0979192834421578 badly positioned shortcut keys (weighted).
# 9.491339911610474 no handswitching after unbalancing key (weighted).
# 24.419631418335186 movement pattern cost (weighted).
# 0.8638392926026655 asymmetric bigram cost (weighted).
# 2.1277231087163093 irregularity cost (weighted).
# 16.205476305560634 manually assigned bigram penalty (weighted)
# 11.458174895587666 unbalancing key after neighboring finger (weighted)
# 0.8638392926026655 asymmetrc bigrams (weighted)
# 7.789965460043591 inconsistent symmetries of similar keys (weighted)
# 2.1277231087163093 irregularity cost for randomly sampled words (weighted).
# Finger load %: 10.9 8.5 13.6 10.8 - 14.6 7.8 9.2 8.8
 
