
# Evolved Layout
jluäq zkfpwvß
crieo gmsnt⇘
yxüaö dh,.b
┌───┬───┬───┬───┬───┬───┬───┬───┬───┬───┬───┬───┬───┬──────┐
│ ^ │ 1 │ 2 │ 3 │ 4 │ 5 │ 6 │ 7 │ 8 │ 9 │ 0 │ - │ ` │ ←    │
├───┴─┬─┴─┬─┴─┬─┴─┬─┴─┬─┴─┬─┴─┬─┴─┬─┴─┬─┴─┬─┴─┬─┴─┬─┴─┬────┤
│   ⇥ │ j │ l │ u │ ä │ q │ z │ k │ f │ p │ w │ v │ ß │ Ret│
├─────┴┬──┴┬──┴┬──┴┬──┴┬──┴┬──┴┬──┴┬──┴┬──┴┬──┴┬──┴┬──┴┐   │
│    ⇩ │ c │ r │ i │ e │ o │ g │ m │ s │ n │ t │ ⇘ │ ´ │   │
├────┬─┴─┬─┴─┬─┴─┬─┴─┬─┴─┬─┴─┬─┴─┬─┴─┬─┴─┬─┴─┬─┴─┬─┴───┴───┤
│  ⇧ │ ⇚ │ y │ x │ ü │ a │ ö │ d │ h │ , │ . │ b │ ⇗       │
├────┼───┴┬──┴─┬─┴───┴───┴───┴───┴───┴─┬─┴──┬┴───┼────┬────┤
│Strg│ Fe │ Alt│      Leerzeichen      │ M4 │ Fe │ Me │Strg│
└────┴────┴────┴───────────────────────┴────┴────┴────┴────┘
# 9.012473198113423 x100 total penalty per letter
# 32.98322705238114 x10 billion total penalty compared to notime-noeffort
# 7.41184928047465 mean key position cost in file 1gramme.txt ( 54.25074834 )
# 10.89327948398525 % finger repeats in file 2gramme.txt ( 52.58629347280485 )
# 12.906926389671685 million keystrokes disbalance of the fingers ( 19.360389584507526 )
# 0.3782352629122273 % finger repeats top to bottom or vice versa ( 7.607898125975726 )
# 3.0702388903875635 % of trigrams have no handswitching (after direction change counted x 1 ) ( 13.580632397716347 )
# 8.225220933983266 billion (rows²/dist)² to cross ( 106.92787214178247 )
# 0.02034347018981264 hand disbalance. Left: 0.5203434701898126 %, Right: 0.4796565298101874 % ( 0.5956130190273599 )
# 0.7319461889614385 badly positioned shortcut keys (weighted).
# 8.593563830612505 no handswitching after unbalancing key (weighted).
# 24.177697843117848 movement pattern cost (weighted).
# 0.8788405004847079 asymmetric bigram cost (weighted).
# 3.2653721537961933 irregularity cost (weighted).
# 18.325657149179026 manually assigned bigram penalty (weighted)
# 11.159780315801866 unbalancing key after neighboring finger (weighted)
# 0.8788405004847079 asymmetrc bigrams (weighted)
# 7.789965460043591 inconsistent symmetries of similar keys (weighted)
# 3.2653721537961933 irregularity cost for randomly sampled words (weighted).
# Finger load %: 8.8 8.2 8.3 18.5 - 12.9 7.3 8.8 11.4
 
