
# Evolved Layout
ßfkgv öäulzjq
hntdm üeirs⇘
bpwcy oa,.x
┌───┬───┬───┬───┬───┬───┬───┬───┬───┬───┬───┬───┬───┬──────┐
│ ^ │ 1 │ 2 │ 3 │ 4 │ 5 │ 6 │ 7 │ 8 │ 9 │ 0 │ - │ ` │ ←    │
├───┴─┬─┴─┬─┴─┬─┴─┬─┴─┬─┴─┬─┴─┬─┴─┬─┴─┬─┴─┬─┴─┬─┴─┬─┴─┬────┤
│   ⇥ │ ß │ f │ k │ g │ v │ ö │ ä │ u │ l │ z │ j │ q │ Ret│
├─────┴┬──┴┬──┴┬──┴┬──┴┬──┴┬──┴┬──┴┬──┴┬──┴┬──┴┬──┴┬──┴┐   │
│    ⇩ │ h │ n │ t │ d │ m │ ü │ e │ i │ r │ s │ ⇘ │ ´ │   │
├────┬─┴─┬─┴─┬─┴─┬─┴─┬─┴─┬─┴─┬─┴─┬─┴─┬─┴─┬─┴─┬─┴─┬─┴───┴───┤
│  ⇧ │ ⇚ │ b │ p │ w │ c │ y │ o │ a │ , │ . │ x │ ⇗       │
├────┼───┴┬──┴─┬─┴───┴───┴───┴───┴───┴─┬─┴──┬┴───┼────┬────┤
│Strg│ Fe │ Alt│      Leerzeichen      │ M4 │ Fe │ Me │Strg│
└────┴────┴────┴───────────────────────┴────┴────┴────┴────┘
# 9.451430883862932 x100 total penalty per letter
# 34.589694078379566 x10 billion total penalty compared to notime-noeffort
# 7.554252492038459 mean key position cost in file 1gramme.txt ( 55.29306322 )
# 11.295073688682708 % finger repeats in file 2gramme.txt ( 54.52591762317714 )
# 12.631637229401129 million keystrokes disbalance of the fingers ( 18.947455844101693 )
# 0.32547330912018196 % finger repeats top to bottom or vice versa ( 6.5466338581053085 )
# 3.792263403868472 % of trigrams have no handswitching (after direction change counted x 1 ) ( 16.774373943504152 )
# 8.914538078260561 billion (rows²/dist)² to cross ( 115.8889950173873 )
# 0.06770404748334946 hand disbalance. Left: 0.43229595251665054 %, Right: 0.5677040474833495 % ( 1.9822287813080763 )
# 1.463892377922877 badly positioned shortcut keys (weighted).
# 8.613588405346144 no handswitching after unbalancing key (weighted).
# 23.538987591612052 movement pattern cost (weighted).
# 0.878984148154717 asymmetric bigram cost (weighted).
# 2.7925194716764024 irregularity cost (weighted).
# 18.340160733915695 manually assigned bigram penalty (weighted)
# 9.515606376045593 unbalancing key after neighboring finger (weighted)
# 0.878984148154717 asymmetrc bigrams (weighted)
# 10.79453339153844 inconsistent symmetries of similar keys (weighted)
# 2.7925194716764024 irregularity cost for randomly sampled words (weighted).
# Finger load %: 9.8 9.0 7.0 10.6 - 19.6 9.2 9.3 9.9
 
