
# Evolved Layout
ülkcö qfuovjß
irsnm pteah⇘
äxzby wd,.g
┌───┬───┬───┬───┬───┬───┬───┬───┬───┬───┬───┬───┬───┬──────┐
│ ^ │ 1 │ 2 │ 3 │ 4 │ 5 │ 6 │ 7 │ 8 │ 9 │ 0 │ - │ ` │ ←    │
├───┴─┬─┴─┬─┴─┬─┴─┬─┴─┬─┴─┬─┴─┬─┴─┬─┴─┬─┴─┬─┴─┬─┴─┬─┴─┬────┤
│   ⇥ │ ü │ l │ k │ c │ ö │ q │ f │ u │ o │ v │ j │ ß │ Ret│
├─────┴┬──┴┬──┴┬──┴┬──┴┬──┴┬──┴┬──┴┬──┴┬──┴┬──┴┬──┴┬──┴┐   │
│    ⇩ │ i │ r │ s │ n │ m │ p │ t │ e │ a │ h │ ⇘ │ ´ │   │
├────┬─┴─┬─┴─┬─┴─┬─┴─┬─┴─┬─┴─┬─┴─┬─┴─┬─┴─┬─┴─┬─┴─┬─┴───┴───┤
│  ⇧ │ ⇚ │ ä │ x │ z │ b │ y │ w │ d │ , │ . │ g │ ⇗       │
├────┼───┴┬──┴─┬─┴───┴───┴───┴───┴───┴─┬─┴──┬┴───┼────┬────┤
│Strg│ Fe │ Alt│      Leerzeichen      │ M4 │ Fe │ Me │Strg│
└────┴────┴────┴───────────────────────┴────┴────┴────┴────┘
# 9.447000671836369 x100 total penalty per letter
# 34.5734806943339 x10 billion total penalty compared to notime-noeffort
# 7.360545123739736 mean key position cost in file 1gramme.txt ( 53.87522952 )
# 10.83102461965119 % finger repeats in file 2gramme.txt ( 52.28576390585549 )
# 12.87881444600199 million keystrokes disbalance of the fingers ( 19.318221669002984 )
# 0.3384289820725955 % finger repeats top to bottom or vice versa ( 6.807226800224229 )
# 3.981215097874183 % of trigrams have no handswitching (after direction change counted x 1 ) ( 17.610166723424747 )
# 8.24093732800915 billion (rows²/dist)² to cross ( 107.13218526411893 )
# 0.03992127003591356 hand disbalance. Left: 0.46007872996408644 %, Right: 0.5399212700359136 % ( 1.168808858451496 )
# 0.36597309448071924 badly positioned shortcut keys (weighted).
# 6.986705139910047 no handswitching after unbalancing key (weighted).
# 31.698688806834145 movement pattern cost (weighted).
# 0.8840403698175272 asymmetric bigram cost (weighted).
# 4.4883468731872425 irregularity cost (weighted).
# 16.00433102291717 manually assigned bigram penalty (weighted)
# 12.027395105986722 unbalancing key after neighboring finger (weighted)
# 0.8840403698175272 asymmetrc bigrams (weighted)
# 15.081723789127627 inconsistent symmetries of similar keys (weighted)
# 4.4883468731872425 irregularity cost for randomly sampled words (weighted).
# Finger load %: 11.7 8.2 6.3 12.6 - 12.7 14.5 8.6 9.9
 
