
# Evolved Layout
jlcfß öpiyüäq
hrnsk wtuea⇘
gxzmv bd,.o
┌───┬───┬───┬───┬───┬───┬───┬───┬───┬───┬───┬───┬───┬──────┐
│ ^ │ 1 │ 2 │ 3 │ 4 │ 5 │ 6 │ 7 │ 8 │ 9 │ 0 │ - │ ` │ ←    │
├───┴─┬─┴─┬─┴─┬─┴─┬─┴─┬─┴─┬─┴─┬─┴─┬─┴─┬─┴─┬─┴─┬─┴─┬─┴─┬────┤
│   ⇥ │ j │ l │ c │ f │ ß │ ö │ p │ i │ y │ ü │ ä │ q │ Ret│
├─────┴┬──┴┬──┴┬──┴┬──┴┬──┴┬──┴┬──┴┬──┴┬──┴┬──┴┬──┴┬──┴┐   │
│    ⇩ │ h │ r │ n │ s │ k │ w │ t │ u │ e │ a │ ⇘ │ ´ │   │
├────┬─┴─┬─┴─┬─┴─┬─┴─┬─┴─┬─┴─┬─┴─┬─┴─┬─┴─┬─┴─┬─┴─┬─┴───┴───┤
│  ⇧ │ ⇚ │ g │ x │ z │ m │ v │ b │ d │ , │ . │ o │ ⇗       │
├────┼───┴┬──┴─┬─┴───┴───┴───┴───┴───┴─┬─┴──┬┴───┼────┬────┤
│Strg│ Fe │ Alt│      Leerzeichen      │ M4 │ Fe │ Me │Strg│
└────┴────┴────┴───────────────────────┴────┴────┴────┴────┘
# 9.387398017852686 x100 total penalty per letter
# 34.355351017157176 x10 billion total penalty compared to notime-noeffort
# 7.625351822542306 mean key position cost in file 1gramme.txt ( 55.81347206 )
# 7.994959414482873 % finger repeats in file 2gramme.txt ( 38.594922923922816 )
# 13.359496494521522 million keystrokes disbalance of the fingers ( 20.039244741782284 )
# 0.3337598935295392 % finger repeats top to bottom or vice versa ( 6.7133118391938105 )
# 3.195852413126843 % of trigrams have no handswitching (after direction change counted x 1 ) ( 14.136260522239581 )
# 8.505747136436419 billion (rows²/dist)² to cross ( 110.57471277367344 )
# 0.048401192715048946 hand disbalance. Left: 0.45159880728495105 %, Right: 0.548401192715049 % ( 1.4170827419587289 )
# 0.36597309448071924 badly positioned shortcut keys (weighted).
# 7.419575166595647 no handswitching after unbalancing key (weighted).
# 28.980412436432076 movement pattern cost (weighted).
# 0.8607074073189561 asymmetric bigram cost (weighted).
# 17.314095986260405 irregularity cost (weighted).
# 18.706240675925013 manually assigned bigram penalty (weighted)
# 10.837278338026303 unbalancing key after neighboring finger (weighted)
# 0.8607074073189561 asymmetrc bigrams (weighted)
# 11.780219463761933 inconsistent symmetries of similar keys (weighted)
# 17.314095986260405 irregularity cost for randomly sampled words (weighted).
# Finger load %: 10.7 8.2 9.3 9.9 - 12.8 9.2 12.6 11.7
 
