
# Evolved Layout
ßlcfä qpouöxj
hrnsm wteia⇘
kzygv bd,.ü
┌───┬───┬───┬───┬───┬───┬───┬───┬───┬───┬───┬───┬───┬──────┐
│ ^ │ 1 │ 2 │ 3 │ 4 │ 5 │ 6 │ 7 │ 8 │ 9 │ 0 │ - │ ` │ ←    │
├───┴─┬─┴─┬─┴─┬─┴─┬─┴─┬─┴─┬─┴─┬─┴─┬─┴─┬─┴─┬─┴─┬─┴─┬─┴─┬────┤
│   ⇥ │ ß │ l │ c │ f │ ä │ q │ p │ o │ u │ ö │ x │ j │ Ret│
├─────┴┬──┴┬──┴┬──┴┬──┴┬──┴┬──┴┬──┴┬──┴┬──┴┬──┴┬──┴┬──┴┐   │
│    ⇩ │ h │ r │ n │ s │ m │ w │ t │ e │ i │ a │ ⇘ │ ´ │   │
├────┬─┴─┬─┴─┬─┴─┬─┴─┬─┴─┬─┴─┬─┴─┬─┴─┬─┴─┬─┴─┬─┴─┬─┴───┴───┤
│  ⇧ │ ⇚ │ k │ z │ y │ g │ v │ b │ d │ , │ . │ ü │ ⇗       │
├────┼───┴┬──┴─┬─┴───┴───┴───┴───┴───┴─┬─┴──┬┴───┼────┬────┤
│Strg│ Fe │ Alt│      Leerzeichen      │ M4 │ Fe │ Me │Strg│
└────┴────┴────┴───────────────────────┴────┴────┴────┴────┘
# 9.252605831065198 x100 total penalty per letter
# 33.86204788005278 x10 billion total penalty compared to notime-noeffort
# 7.273737460883871 mean key position cost in file 1gramme.txt ( 53.23984414 )
# 9.684984972673456 % finger repeats in file 2gramme.txt ( 46.75336410871076 )
# 10.71681209787227 million keystrokes disbalance of the fingers ( 16.075218146808403 )
# 0.35344262283414696 % finger repeats top to bottom or vice versa ( 7.109214109748002 )
# 3.688318413401741 % of trigrams have no handswitching (after direction change counted x 1 ) ( 16.314592553354863 )
# 8.018647845745564 billion (rows²/dist)² to cross ( 104.24242199469232 )
# 0.043551801693504644 hand disbalance. Left: 0.45644819830649536 %, Right: 0.5435518016935046 % ( 1.2751030108786021 )
# 0.7319461889614385 badly positioned shortcut keys (weighted).
# 7.205088161705152 no handswitching after unbalancing key (weighted).
# 28.0056549249435 movement pattern cost (weighted).
# 0.8699742680986974 asymmetric bigram cost (weighted).
# 11.743220538116779 irregularity cost (weighted).
# 16.114753645130214 manually assigned bigram penalty (weighted)
# 12.40483740253422 unbalancing key after neighboring finger (weighted)
# 0.8699742680986974 asymmetrc bigrams (weighted)
# 16.535245606844878 inconsistent symmetries of similar keys (weighted)
# 11.743220538116779 irregularity cost for randomly sampled words (weighted).
# Finger load %: 9.7 8.7 9.0 11.0 - 12.7 14.7 9.4 9.1
 
