
# Evolved Layout
öolbj üudhwkß
iarnm petgs⇘
väzcq xy,.f
┌───┬───┬───┬───┬───┬───┬───┬───┬───┬───┬───┬───┬───┬──────┐
│ ^ │ 1 │ 2 │ 3 │ 4 │ 5 │ 6 │ 7 │ 8 │ 9 │ 0 │ - │ ` │ ←    │
├───┴─┬─┴─┬─┴─┬─┴─┬─┴─┬─┴─┬─┴─┬─┴─┬─┴─┬─┴─┬─┴─┬─┴─┬─┴─┬────┤
│   ⇥ │ ö │ o │ l │ b │ j │ ü │ u │ d │ h │ w │ k │ ß │ Ret│
├─────┴┬──┴┬──┴┬──┴┬──┴┬──┴┬──┴┬──┴┬──┴┬──┴┬──┴┬──┴┬──┴┐   │
│    ⇩ │ i │ a │ r │ n │ m │ p │ e │ t │ g │ s │ ⇘ │ ´ │   │
├────┬─┴─┬─┴─┬─┴─┬─┴─┬─┴─┬─┴─┬─┴─┬─┴─┬─┴─┬─┴─┬─┴─┬─┴───┴───┤
│  ⇧ │ ⇚ │ v │ ä │ z │ c │ q │ x │ y │ , │ . │ f │ ⇗       │
├────┼───┴┬──┴─┬─┴───┴───┴───┴───┴───┴─┬─┴──┬┴───┼────┬────┤
│Strg│ Fe │ Alt│      Leerzeichen      │ M4 │ Fe │ Me │Strg│
└────┴────┴────┴───────────────────────┴────┴────┴────┴────┘
# 9.958276919179134 x100 total penalty per letter
# 36.444614198079115 x10 billion total penalty compared to notime-noeffort
# 7.45737729401248 mean key position cost in file 1gramme.txt ( 54.5839889 )
# 11.981695503090155 % finger repeats in file 2gramme.txt ( 57.8405205662433 )
# 14.615429226034212 million keystrokes disbalance of the fingers ( 21.92314383905132 )
# 0.39044478947510414 % finger repeats top to bottom or vice versa ( 7.853482933541161 )
# 5.0720172189583215 % of trigrams have no handswitching (after direction change counted x 1 ) ( 22.43512763166957 )
# 8.583606252206348 billion (rows²/dist)² to cross ( 111.58688127868253 )
# 0.022254957124204056 hand disbalance. Left: 0.47774504287579594 %, Right: 0.5222549571242041 % ( 0.651577242102455 )
# 0.7319461889614385 badly positioned shortcut keys (weighted).
# 6.940839147927252 no handswitching after unbalancing key (weighted).
# 23.421151589448538 movement pattern cost (weighted).
# 0.8658321639337716 asymmetric bigram cost (weighted).
# 10.515177135851498 irregularity cost (weighted).
# 22.24694780117698 manually assigned bigram penalty (weighted)
# 9.087205764296664 unbalancing key after neighboring finger (weighted)
# 0.8658321639337716 asymmetrc bigrams (weighted)
# 13.762319797904528 inconsistent symmetries of similar keys (weighted)
# 10.515177135851498 irregularity cost for randomly sampled words (weighted).
# Finger load %: 11.9 7.6 8.5 12.3 - 16.1 9.3 6.6 12.0
 
