
# Evolved Layout
ßwugq öäldbzj
hnesm oartc⇘
vfüky xi,.p
┌───┬───┬───┬───┬───┬───┬───┬───┬───┬───┬───┬───┬───┬──────┐
│ ^ │ 1 │ 2 │ 3 │ 4 │ 5 │ 6 │ 7 │ 8 │ 9 │ 0 │ - │ ` │ ←    │
├───┴─┬─┴─┬─┴─┬─┴─┬─┴─┬─┴─┬─┴─┬─┴─┬─┴─┬─┴─┬─┴─┬─┴─┬─┴─┬────┤
│   ⇥ │ ß │ w │ u │ g │ q │ ö │ ä │ l │ d │ b │ z │ j │ Ret│
├─────┴┬──┴┬──┴┬──┴┬──┴┬──┴┬──┴┬──┴┬──┴┬──┴┬──┴┬──┴┬──┴┐   │
│    ⇩ │ h │ n │ e │ s │ m │ o │ a │ r │ t │ c │ ⇘ │ ´ │   │
├────┬─┴─┬─┴─┬─┴─┬─┴─┬─┴─┬─┴─┬─┴─┬─┴─┬─┴─┬─┴─┬─┴─┬─┴───┴───┤
│  ⇧ │ ⇚ │ v │ f │ ü │ k │ y │ x │ i │ , │ . │ p │ ⇗       │
├────┼───┴┬──┴─┬─┴───┴───┴───┴───┴───┴─┬─┴──┬┴───┼────┬────┤
│Strg│ Fe │ Alt│      Leerzeichen      │ M4 │ Fe │ Me │Strg│
└────┴────┴────┴───────────────────────┴────┴────┴────┴────┘
# 9.523030741911553 x100 total penalty per letter
# 34.85173029452391 x10 billion total penalty compared to notime-noeffort
# 7.454018929644892 mean key position cost in file 1gramme.txt ( 54.55940748 )
# 10.936672244553076 % finger repeats in file 2gramme.txt ( 52.7957679882774 )
# 10.631538701471642 million keystrokes disbalance of the fingers ( 15.947308052207463 )
# 0.3287473547602711 % finger repeats top to bottom or vice versa ( 6.612488653075531 )
# 4.235745433851747 % of trigrams have no handswitching (after direction change counted x 1 ) ( 18.73603446544341 )
# 8.627405979789348 billion (rows²/dist)² to cross ( 112.15627773726153 )
# 0.0010599506496676847 hand disbalance. Left: 0.5010599506496677 %, Right: 0.49894004935033226 % ( 0.03103307354045851 )
# 1.0979192834421578 badly positioned shortcut keys (weighted).
# 9.150334956819703 no handswitching after unbalancing key (weighted).
# 35.00550616488144 movement pattern cost (weighted).
# 0.8619515516290607 asymmetric bigram cost (weighted).
# 2.750629742737274 irregularity cost (weighted).
# 16.17444199965727 manually assigned bigram penalty (weighted)
# 16.362500924871583 unbalancing key after neighboring finger (weighted)
# 0.8619515516290607 asymmetrc bigrams (weighted)
# 6.275700871394754 inconsistent symmetries of similar keys (weighted)
# 2.750629742737274 irregularity cost for randomly sampled words (weighted).
# Finger load %: 9.3 9.2 13.6 10.2 - 14.1 9.1 9.5 9.4
 

# Evolved Layout
ßlpdy äfaoöüj
hrntb wsiec⇘
kzxgq vm,.u
┌───┬───┬───┬───┬───┬───┬───┬───┬───┬───┬───┬───┬───┬──────┐
│ ^ │ 1 │ 2 │ 3 │ 4 │ 5 │ 6 │ 7 │ 8 │ 9 │ 0 │ - │ ` │ ←    │
├───┴─┬─┴─┬─┴─┬─┴─┬─┴─┬─┴─┬─┴─┬─┴─┬─┴─┬─┴─┬─┴─┬─┴─┬─┴─┬────┤
│   ⇥ │ ß │ l │ p │ d │ y │ ä │ f │ a │ o │ ö │ ü │ j │ Ret│
├─────┴┬──┴┬──┴┬──┴┬──┴┬──┴┬──┴┬──┴┬──┴┬──┴┬──┴┬──┴┬──┴┐   │
│    ⇩ │ h │ r │ n │ t │ b │ w │ s │ i │ e │ c │ ⇘ │ ´ │   │
├────┬─┴─┬─┴─┬─┴─┬─┴─┬─┴─┬─┴─┬─┴─┬─┴─┬─┴─┬─┴─┬─┴─┬─┴───┴───┤
│  ⇧ │ ⇚ │ k │ z │ x │ g │ q │ v │ m │ , │ . │ u │ ⇗       │
├────┼───┴┬──┴─┬─┴───┴───┴───┴───┴───┴─┬─┴──┬┴───┼────┬────┤
│Strg│ Fe │ Alt│      Leerzeichen      │ M4 │ Fe │ Me │Strg│
└────┴────┴────┴───────────────────────┴────┴────┴────┴────┘
# 9.369208173959365 x100 total penalty per letter
# 34.288781082579575 x10 billion total penalty compared to notime-noeffort
# 7.526038896132862 mean key position cost in file 1gramme.txt ( 55.08655488 )
# 10.191419318193006 % finger repeats in file 2gramme.txt ( 49.19812880582069 )
# 11.676214702987783 million keystrokes disbalance of the fingers ( 17.514322054481674 )
# 0.4159897175785307 % finger repeats top to bottom or vice versa ( 8.367298618387402 )
# 2.842764564402983 % of trigrams have no handswitching (after direction change counted x 1 ) ( 12.574441898733735 )
# 8.59195171770376 billion (rows²/dist)² to cross ( 111.69537233014888 )
# 0.046458689566276745 hand disbalance. Left: 0.45354131043372325 %, Right: 0.5464586895662767 % ( 1.3602104308871525 )
# 0.7319461889614385 badly positioned shortcut keys (weighted).
# 8.461280919424404 no handswitching after unbalancing key (weighted).
# 29.73058797379304 movement pattern cost (weighted).
# 0.8429687988686706 asymmetric bigram cost (weighted).
# 4.343950742702199 irregularity cost (weighted).
# 17.08231546907608 manually assigned bigram penalty (weighted)
# 11.098364629173314 unbalancing key after neighboring finger (weighted)
# 0.8429687988686706 asymmetrc bigrams (weighted)
# 14.80006708533716 inconsistent symmetries of similar keys (weighted)
# 4.343950742702199 irregularity cost for randomly sampled words (weighted).
# Finger load %: 9.8 8.7 7.6 12.1 - 11.0 11.1 14.9 9.1
 
