
# Evolved Layout
jbdfz äöühvqß
rntmg xaeus⇘
lpkcy oi,.w
┌───┬───┬───┬───┬───┬───┬───┬───┬───┬───┬───┬───┬───┬──────┐
│ ^ │ 1 │ 2 │ 3 │ 4 │ 5 │ 6 │ 7 │ 8 │ 9 │ 0 │ - │ ` │ ←    │
├───┴─┬─┴─┬─┴─┬─┴─┬─┴─┬─┴─┬─┴─┬─┴─┬─┴─┬─┴─┬─┴─┬─┴─┬─┴─┬────┤
│   ⇥ │ j │ b │ d │ f │ z │ ä │ ö │ ü │ h │ v │ q │ ß │ Ret│
├─────┴┬──┴┬──┴┬──┴┬──┴┬──┴┬──┴┬──┴┬──┴┬──┴┬──┴┬──┴┬──┴┐   │
│    ⇩ │ r │ n │ t │ m │ g │ x │ a │ e │ u │ s │ ⇘ │ ´ │   │
├────┬─┴─┬─┴─┬─┴─┬─┴─┬─┴─┬─┴─┬─┴─┬─┴─┬─┴─┬─┴─┬─┴─┬─┴───┴───┤
│  ⇧ │ ⇚ │ l │ p │ k │ c │ y │ o │ i │ , │ . │ w │ ⇗       │
├────┼───┴┬──┴─┬─┴───┴───┴───┴───┴───┴─┬─┴──┬┴───┼────┬────┤
│Strg│ Fe │ Alt│      Leerzeichen      │ M4 │ Fe │ Me │Strg│
└────┴────┴────┴───────────────────────┴────┴────┴────┴────┘
# 9.443913793496726 x100 total penalty per letter
# 34.56218355015145 x10 billion total penalty compared to notime-noeffort
# 7.993380188646951 mean key position cost in file 1gramme.txt ( 58.50724166 )
# 9.69207953571987 % finger repeats in file 2gramme.txt ( 46.787612451918015 )
# 14.479762260082781 million keystrokes disbalance of the fingers ( 21.719643390124173 )
# 0.32042037326646905 % finger repeats top to bottom or vice versa ( 6.444998117121901 )
# 1.9137524710163079 % of trigrams have no handswitching (after direction change counted x 1 ) ( 8.465129176255406 )
# 8.83739717092835 billion (rows²/dist)² to cross ( 114.88616322206856 )
# 0.025765909179322755 hand disbalance. Left: 0.47423409082067725 %, Right: 0.5257659091793228 % ( 0.7543703611572734 )
# 1.463892377922877 badly positioned shortcut keys (weighted).
# 7.749425228660569 no handswitching after unbalancing key (weighted).
# 29.69604734422205 movement pattern cost (weighted).
# 0.8820424180616168 asymmetric bigram cost (weighted).
# 2.9722419722361355 irregularity cost (weighted).
# 23.95553718651292 manually assigned bigram penalty (weighted)
# 10.965329868357077 unbalancing key after neighboring finger (weighted)
# 0.8820424180616168 asymmetrc bigrams (weighted)
# 10.372160726895887 inconsistent symmetries of similar keys (weighted)
# 2.9722419722361355 irregularity cost for randomly sampled words (weighted).
# Finger load %: 13.2 9.0 9.1 8.7 - 14.1 12.3 7.1 10.8
 
