
# Evolved Layout
jcüöä qpbwfzß
rueio mhtns⇘
lvyax gd,.k
┌───┬───┬───┬───┬───┬───┬───┬───┬───┬───┬───┬───┬───┬──────┐
│ ^ │ 1 │ 2 │ 3 │ 4 │ 5 │ 6 │ 7 │ 8 │ 9 │ 0 │ - │ ` │ ←    │
├───┴─┬─┴─┬─┴─┬─┴─┬─┴─┬─┴─┬─┴─┬─┴─┬─┴─┬─┴─┬─┴─┬─┴─┬─┴─┬────┤
│   ⇥ │ j │ c │ ü │ ö │ ä │ q │ p │ b │ w │ f │ z │ ß │ Ret│
├─────┴┬──┴┬──┴┬──┴┬──┴┬──┴┬──┴┬──┴┬──┴┬──┴┬──┴┬──┴┬──┴┐   │
│    ⇩ │ r │ u │ e │ i │ o │ m │ h │ t │ n │ s │ ⇘ │ ´ │   │
├────┬─┴─┬─┴─┬─┴─┬─┴─┬─┴─┬─┴─┬─┴─┬─┴─┬─┴─┬─┴─┬─┴─┬─┴───┴───┤
│  ⇧ │ ⇚ │ l │ v │ y │ a │ x │ g │ d │ , │ . │ k │ ⇗       │
├────┼───┴┬──┴─┬─┴───┴───┴───┴───┴───┴─┬─┴──┬┴───┼────┬────┤
│Strg│ Fe │ Alt│      Leerzeichen      │ M4 │ Fe │ Me │Strg│
└────┴────┴────┴───────────────────────┴────┴────┴────┴────┘
# 9.121038358904432 x100 total penalty per letter
# 33.380546330855964 x10 billion total penalty compared to notime-noeffort
# 7.707705521364796 mean key position cost in file 1gramme.txt ( 56.41625682 )
# 9.820003111120972 % finger repeats in file 2gramme.txt ( 47.40515161338198 )
# 15.589723781319325 million keystrokes disbalance of the fingers ( 23.38458567197899 )
# 0.28115896636231424 % finger repeats top to bottom or vice versa ( 5.655286492379486 )
# 3.249951939644531 % of trigrams have no handswitching (after direction change counted x 1 ) ( 14.375559745771493 )
# 7.898089417220545 billion (rows²/dist)² to cross ( 102.67516242386708 )
# 0.026432282428811682 hand disbalance. Left: 0.5264322824288117 %, Right: 0.4735677175711883 % ( 0.7738803355728443 )
# 0.7319461889614385 badly positioned shortcut keys (weighted).
# 9.615072406518756 no handswitching after unbalancing key (weighted).
# 26.261509770181803 movement pattern cost (weighted).
# 0.8716613811791476 asymmetric bigram cost (weighted).
# 2.6284152759205774 irregularity cost (weighted).
# 25.46167666431772 manually assigned bigram penalty (weighted)
# 10.879324951897313 unbalancing key after neighboring finger (weighted)
# 0.8716613811791476 asymmetrc bigrams (weighted)
# 6.669973566630987 inconsistent symmetries of similar keys (weighted)
# 2.6284152759205774 irregularity cost for randomly sampled words (weighted).
# Finger load %: 14.0 5.6 11.5 13.4 - 12.4 7.5 9.0 11.1
 
