
# Evolved Layout
öoäzj vwfpkqß
iaerc gtsnm⇘
uüylx bd,.h
┌───┬───┬───┬───┬───┬───┬───┬───┬───┬───┬───┬───┬───┬──────┐
│ ^ │ 1 │ 2 │ 3 │ 4 │ 5 │ 6 │ 7 │ 8 │ 9 │ 0 │ - │ ` │ ←    │
├───┴─┬─┴─┬─┴─┬─┴─┬─┴─┬─┴─┬─┴─┬─┴─┬─┴─┬─┴─┬─┴─┬─┴─┬─┴─┬────┤
│   ⇥ │ ö │ o │ ä │ z │ j │ v │ w │ f │ p │ k │ q │ ß │ Ret│
├─────┴┬──┴┬──┴┬──┴┬──┴┬──┴┬──┴┬──┴┬──┴┬──┴┬──┴┬──┴┬──┴┐   │
│    ⇩ │ i │ a │ e │ r │ c │ g │ t │ s │ n │ m │ ⇘ │ ´ │   │
├────┬─┴─┬─┴─┬─┴─┬─┴─┬─┴─┬─┴─┬─┴─┬─┴─┬─┴─┬─┴─┬─┴─┬─┴───┴───┤
│  ⇧ │ ⇚ │ u │ ü │ y │ l │ x │ b │ d │ , │ . │ h │ ⇗       │
├────┼───┴┬──┴─┬─┴───┴───┴───┴───┴───┴─┬─┴──┬┴───┼────┬────┤
│Strg│ Fe │ Alt│      Leerzeichen      │ M4 │ Fe │ Me │Strg│
└────┴────┴────┴───────────────────────┴────┴────┴────┴────┘
# 8.67983814303053 x100 total penalty per letter
# 31.765872247966634 x10 billion total penalty compared to notime-noeffort
# 7.744926989842768 mean key position cost in file 1gramme.txt ( 56.68869794 )
# 8.270620287936252 % finger repeats in file 2gramme.txt ( 39.92565014997998 )
# 14.771351424020065 million keystrokes disbalance of the fingers ( 22.1570271360301 )
# 0.35722465790968866 % finger repeats top to bottom or vice versa ( 7.1852867036728725 )
# 2.9012919064286593 % of trigrams have no handswitching (after direction change counted x 1 ) ( 12.833326743087259 )
# 8.04633073587491 billion (rows²/dist)² to cross ( 104.60229956637384 )
# 0.026440092412844063 hand disbalance. Left: 0.5264400924128441 %, Right: 0.4735599075871559 % ( 0.7741089950947783 )
# 1.0979192834421578 badly positioned shortcut keys (weighted).
# 8.519842350999651 no handswitching after unbalancing key (weighted).
# 22.4650362481379 movement pattern cost (weighted).
# 0.8717509023039021 asymmetric bigram cost (weighted).
# 3.3588714763741994 irregularity cost (weighted).
# 19.8976600446037 manually assigned bigram penalty (weighted)
# 11.391135207685066 unbalancing key after neighboring finger (weighted)
# 0.8717509023039021 asymmetrc bigrams (weighted)
# 5.890109731880965 inconsistent symmetries of similar keys (weighted)
# 3.3588714763741994 irregularity cost for randomly sampled words (weighted).
# Finger load %: 14.1 7.7 11.5 11.2 - 14.3 7.3 8.8 9.6
 
