
# Evolved Layout
öciüä pfmdkvß
ruaej lnsth⇘
zyxoq bw,.g
┌───┬───┬───┬───┬───┬───┬───┬───┬───┬───┬───┬───┬───┬──────┐
│ ^ │ 1 │ 2 │ 3 │ 4 │ 5 │ 6 │ 7 │ 8 │ 9 │ 0 │ - │ ` │ ←    │
├───┴─┬─┴─┬─┴─┬─┴─┬─┴─┬─┴─┬─┴─┬─┴─┬─┴─┬─┴─┬─┴─┬─┴─┬─┴─┬────┤
│   ⇥ │ ö │ c │ i │ ü │ ä │ p │ f │ m │ d │ k │ v │ ß │ Ret│
├─────┴┬──┴┬──┴┬──┴┬──┴┬──┴┬──┴┬──┴┬──┴┬──┴┬──┴┬──┴┬──┴┐   │
│    ⇩ │ r │ u │ a │ e │ j │ l │ n │ s │ t │ h │ ⇘ │ ´ │   │
├────┬─┴─┬─┴─┬─┴─┬─┴─┬─┴─┬─┴─┬─┴─┬─┴─┬─┴─┬─┴─┬─┴─┬─┴───┴───┤
│  ⇧ │ ⇚ │ z │ y │ x │ o │ q │ b │ w │ , │ . │ g │ ⇗       │
├────┼───┴┬──┴─┬─┴───┴───┴───┴───┴───┴─┬─┴──┬┴───┼────┬────┤
│Strg│ Fe │ Alt│      Leerzeichen      │ M4 │ Fe │ Me │Strg│
└────┴────┴────┴───────────────────────┴────┴────┴────┴────┘
# 9.123960163529581 x100 total penalty per letter
# 33.391239349657305 x10 billion total penalty compared to notime-noeffort
# 7.457380715028995 mean key position cost in file 1gramme.txt ( 54.58401394 )
# 11.93352313598246 % finger repeats in file 2gramme.txt ( 57.60797294477365 )
# 13.674709927924226 million keystrokes disbalance of the fingers ( 20.51206489188634 )
# 0.3671939745040688 % finger repeats top to bottom or vice versa ( 7.385811489362259 )
# 2.292286103230163 % of trigrams have no handswitching (after direction change counted x 1 ) ( 10.13950250445587 )
# 8.2511606860631 billion (rows²/dist)² to cross ( 107.26508891882031 )
# 0.0044760465046761455 hand disbalance. Left: 0.49552395349532385 %, Right: 0.5044760465046761 % ( 0.1310490072284749 )
# 0.36597309448071924 badly positioned shortcut keys (weighted).
# 9.635330581401272 no handswitching after unbalancing key (weighted).
# 26.44597908820381 movement pattern cost (weighted).
# 0.8597077538589678 asymmetric bigram cost (weighted).
# 4.6539805524931355 irregularity cost (weighted).
# 17.5803467579476 manually assigned bigram penalty (weighted)
# 9.690007265515952 unbalancing key after neighboring finger (weighted)
# 0.8597077538589678 asymmetrc bigrams (weighted)
# 7.055564706144776 inconsistent symmetries of similar keys (weighted)
# 4.6539805524931355 irregularity cost for randomly sampled words (weighted).
# Finger load %: 11.9 5.3 10.1 14.5 - 15.1 7.8 9.5 10.1
 
