
# Evolved Layout
jguaö qzfwkvß
ctieo mrnsd⇘
bpxüä yl,.h
┌───┬───┬───┬───┬───┬───┬───┬───┬───┬───┬───┬───┬───┬──────┐
│ ^ │ 1 │ 2 │ 3 │ 4 │ 5 │ 6 │ 7 │ 8 │ 9 │ 0 │ - │ ` │ ←    │
├───┴─┬─┴─┬─┴─┬─┴─┬─┴─┬─┴─┬─┴─┬─┴─┬─┴─┬─┴─┬─┴─┬─┴─┬─┴─┬────┤
│   ⇥ │ j │ g │ u │ a │ ö │ q │ z │ f │ w │ k │ v │ ß │ Ret│
├─────┴┬──┴┬──┴┬──┴┬──┴┬──┴┬──┴┬──┴┬──┴┬──┴┬──┴┬──┴┬──┴┐   │
│    ⇩ │ c │ t │ i │ e │ o │ m │ r │ n │ s │ d │ ⇘ │ ´ │   │
├────┬─┴─┬─┴─┬─┴─┬─┴─┬─┴─┬─┴─┬─┴─┬─┴─┬─┴─┬─┴─┬─┴─┬─┴───┴───┤
│  ⇧ │ ⇚ │ b │ p │ x │ ü │ ä │ y │ l │ , │ . │ h │ ⇗       │
├────┼───┴┬──┴─┬─┴───┴───┴───┴───┴───┴─┬─┴──┬┴───┼────┬────┤
│Strg│ Fe │ Alt│      Leerzeichen      │ M4 │ Fe │ Me │Strg│
└────┴────┴────┴───────────────────────┴────┴────┴────┴────┘
# 9.488447018874488 x100 total penalty per letter
# 34.72516317313852 x10 billion total penalty compared to notime-noeffort
# 7.715600462396184 mean key position cost in file 1gramme.txt ( 56.47404354 )
# 12.303514146981113 % finger repeats in file 2gramme.txt ( 59.39407013573243 )
# 13.563759603509208 million keystrokes disbalance of the fingers ( 20.345639405263814 )
# 0.33124457961544174 % finger repeats top to bottom or vice versa ( 6.662718322698381 )
# 2.8595988451847547 % of trigrams have no handswitching (after direction change counted x 1 ) ( 12.648905218084211 )
# 8.656200498113371 billion (rows²/dist)² to cross ( 112.53060647547382 )
# 0.025681027526939015 hand disbalance. Left: 0.525681027526939 %, Right: 0.474318972473061 % ( 0.7518852090782724 )
# 0.7319461889614385 badly positioned shortcut keys (weighted).
# 8.420444354440528 no handswitching after unbalancing key (weighted).
# 24.11502192305067 movement pattern cost (weighted).
# 0.862244664396693 asymmetric bigram cost (weighted).
# 4.46000429659545 irregularity cost (weighted).
# 16.38846392348275 manually assigned bigram penalty (weighted)
# 9.748781357073465 unbalancing key after neighboring finger (weighted)
# 0.862244664396693 asymmetrc bigrams (weighted)
# 13.716856717053322 inconsistent symmetries of similar keys (weighted)
# 4.46000429659545 irregularity cost for randomly sampled words (weighted).
# Finger load %: 9.4 8.0 8.2 18.8 - 11.8 9.1 7.2 11.9
 
