
# Evolved Layout
juoyq kflmvzß
aienp gtrsh⇘
äüöcx wd,.b
┌───┬───┬───┬───┬───┬───┬───┬───┬───┬───┬───┬───┬───┬──────┐
│ ^ │ 1 │ 2 │ 3 │ 4 │ 5 │ 6 │ 7 │ 8 │ 9 │ 0 │ - │ ` │ ←    │
├───┴─┬─┴─┬─┴─┬─┴─┬─┴─┬─┴─┬─┴─┬─┴─┬─┴─┬─┴─┬─┴─┬─┴─┬─┴─┬────┤
│   ⇥ │ j │ u │ o │ y │ q │ k │ f │ l │ m │ v │ z │ ß │ Ret│
├─────┴┬──┴┬──┴┬──┴┬──┴┬──┴┬──┴┬──┴┬──┴┬──┴┬──┴┬──┴┬──┴┐   │
│    ⇩ │ a │ i │ e │ n │ p │ g │ t │ r │ s │ h │ ⇘ │ ´ │   │
├────┬─┴─┬─┴─┬─┴─┬─┴─┬─┴─┬─┴─┬─┴─┬─┴─┬─┴─┬─┴─┬─┴─┬─┴───┴───┤
│  ⇧ │ ⇚ │ ä │ ü │ ö │ c │ x │ w │ d │ , │ . │ b │ ⇗       │
├────┼───┴┬──┴─┬─┴───┴───┴───┴───┴───┴─┬─┴──┬┴───┼────┬────┤
│Strg│ Fe │ Alt│      Leerzeichen      │ M4 │ Fe │ Me │Strg│
└────┴────┴────┴───────────────────────┴────┴────┴────┴────┘
# 8.811442474755104 x100 total penalty per letter
# 32.24750869324973 x10 billion total penalty compared to notime-noeffort
# 7.199707669053294 mean key position cost in file 1gramme.txt ( 52.6979859 )
# 9.86736789492581 % finger repeats in file 2gramme.txt ( 47.63380070157429 )
# 11.733463050993286 million keystrokes disbalance of the fingers ( 17.60019457648993 )
# 0.3361096526358665 % finger repeats top to bottom or vice versa ( 6.7605753538748035 )
# 3.1361751288679636 % of trigrams have no handswitching (after direction change counted x 1 ) ( 13.87228912165858 )
# 8.00532115811131 billion (rows²/dist)² to cross ( 104.06917505544703 )
# 0.015113481381595628 hand disbalance. Left: 0.5151134813815956 %, Right: 0.48488651861840437 % ( 0.4424902039679431 )
# 1.463892377922877 badly positioned shortcut keys (weighted).
# 9.871853710750608 no handswitching after unbalancing key (weighted).
# 26.15316188535369 movement pattern cost (weighted).
# 0.8614978562316864 asymmetric bigram cost (weighted).
# 2.59984626777788 irregularity cost (weighted).
# 16.460979836175774 manually assigned bigram penalty (weighted)
# 11.63027505376167 unbalancing key after neighboring finger (weighted)
# 0.8614978562316864 asymmetrc bigrams (weighted)
# 10.357069031510475 inconsistent symmetries of similar keys (weighted)
# 2.59984626777788 irregularity cost for randomly sampled words (weighted).
# Finger load %: 10.9 8.5 13.6 10.4 - 14.6 9.1 8.0 9.3
 
