
# Evolved Layout
öoäkj qwclvzß
iaehm ptnrs⇘
uüygx bd,.f
┌───┬───┬───┬───┬───┬───┬───┬───┬───┬───┬───┬───┬───┬──────┐
│ ^ │ 1 │ 2 │ 3 │ 4 │ 5 │ 6 │ 7 │ 8 │ 9 │ 0 │ - │ ` │ ←    │
├───┴─┬─┴─┬─┴─┬─┴─┬─┴─┬─┴─┬─┴─┬─┴─┬─┴─┬─┴─┬─┴─┬─┴─┬─┴─┬────┤
│   ⇥ │ ö │ o │ ä │ k │ j │ q │ w │ c │ l │ v │ z │ ß │ Ret│
├─────┴┬──┴┬──┴┬──┴┬──┴┬──┴┬──┴┬──┴┬──┴┬──┴┬──┴┬──┴┬──┴┐   │
│    ⇩ │ i │ a │ e │ h │ m │ p │ t │ n │ r │ s │ ⇘ │ ´ │   │
├────┬─┴─┬─┴─┬─┴─┬─┴─┬─┴─┬─┴─┬─┴─┬─┴─┬─┴─┬─┴─┬─┴─┬─┴───┴───┤
│  ⇧ │ ⇚ │ u │ ü │ y │ g │ x │ b │ d │ , │ . │ f │ ⇗       │
├────┼───┴┬──┴─┬─┴───┴───┴───┴───┴───┴─┬─┴──┬┴───┼────┬────┤
│Strg│ Fe │ Alt│      Leerzeichen      │ M4 │ Fe │ Me │Strg│
└────┴────┴────┴───────────────────────┴────┴────┴────┴────┘
# 8.804389533456659 x100 total penalty per letter
# 32.221696825727896 x10 billion total penalty compared to notime-noeffort
# 7.568016364508776 mean key position cost in file 1gramme.txt ( 55.39380736 )
# 7.740445829647816 % finger repeats in file 2gramme.txt ( 37.36628226665993 )
# 14.982383895411399 million keystrokes disbalance of the fingers ( 22.473575843117096 )
# 0.33156399623121824 % finger repeats top to bottom or vice versa ( 6.669143131040842 )
# 2.594438548779722 % of trigrams have no handswitching (after direction change counted x 1 ) ( 11.476017817295771 )
# 7.995498295769434 billion (rows²/dist)² to cross ( 103.94147784500264 )
# 0.007506710323874122 hand disbalance. Left: 0.4924932896761259 %, Right: 0.5075067103238742 % ( 0.219780320527886 )
# 1.463892377922877 badly positioned shortcut keys (weighted).
# 7.589006240359706 no handswitching after unbalancing key (weighted).
# 27.002305000497948 movement pattern cost (weighted).
# 0.8603137379546201 asymmetric bigram cost (weighted).
# 3.3330810162983466 irregularity cost (weighted).
# 22.095728260029137 manually assigned bigram penalty (weighted)
# 12.309205928061418 unbalancing key after neighboring finger (weighted)
# 0.8603137379546201 asymmetrc bigrams (weighted)
# 10.023351112510861 inconsistent symmetries of similar keys (weighted)
# 3.3330810162983466 irregularity cost for randomly sampled words (weighted).
# Finger load %: 13.8 7.7 11.5 8.6 - 12.7 9.8 9.3 11.1
 
