
# Evolved Layout
ßolmy vpuhkzj
aernc btigs⇘
äöxüq wd,.f
┌───┬───┬───┬───┬───┬───┬───┬───┬───┬───┬───┬───┬───┬──────┐
│ ^ │ 1 │ 2 │ 3 │ 4 │ 5 │ 6 │ 7 │ 8 │ 9 │ 0 │ - │ ` │ ←    │
├───┴─┬─┴─┬─┴─┬─┴─┬─┴─┬─┴─┬─┴─┬─┴─┬─┴─┬─┴─┬─┴─┬─┴─┬─┴─┬────┤
│   ⇥ │ ß │ o │ l │ m │ y │ v │ p │ u │ h │ k │ z │ j │ Ret│
├─────┴┬──┴┬──┴┬──┴┬──┴┬──┴┬──┴┬──┴┬──┴┬──┴┬──┴┬──┴┬──┴┐   │
│    ⇩ │ a │ e │ r │ n │ c │ b │ t │ i │ g │ s │ ⇘ │ ´ │   │
├────┬─┴─┬─┴─┬─┴─┬─┴─┬─┴─┬─┴─┬─┴─┬─┴─┬─┴─┬─┴─┬─┴─┬─┴───┴───┤
│  ⇧ │ ⇚ │ ä │ ö │ x │ ü │ q │ w │ d │ , │ . │ f │ ⇗       │
├────┼───┴┬──┴─┬─┴───┴───┴───┴───┴───┴─┬─┴──┬┴───┼────┬────┤
│Strg│ Fe │ Alt│      Leerzeichen      │ M4 │ Fe │ Me │Strg│
└────┴────┴────┴───────────────────────┴────┴────┴────┴────┘
# 9.48604944664497 x100 total penalty per letter
# 34.71638870385774 x10 billion total penalty compared to notime-noeffort
# 7.293171214641347 mean key position cost in file 1gramme.txt ( 53.38208876 )
# 8.825609828156566 % finger repeats in file 2gramme.txt ( 42.60481053315647 )
# 13.4090284353914 million keystrokes disbalance of the fingers ( 20.1135426530871 )
# 0.33461510445496184 % finger repeats top to bottom or vice versa ( 6.730513719173855 )
# 4.7475372918858465 % of trigrams have no handswitching (after direction change counted x 1 ) ( 20.999850844639873 )
# 7.783597660941927 billion (rows²/dist)² to cross ( 101.18676959224506 )
# 0.02346274031787865 hand disbalance. Left: 0.5234627403178786 %, Right: 0.47653725968212135 % ( 0.6869385343305268 )
# 1.0979192834421578 badly positioned shortcut keys (weighted).
# 10.388399691693568 no handswitching after unbalancing key (weighted).
# 35.421582639739015 movement pattern cost (weighted).
# 0.8863236149308144 asymmetric bigram cost (weighted).
# 11.067248768290431 irregularity cost (weighted).
# 19.490082903322616 manually assigned bigram penalty (weighted)
# 11.964472494602546 unbalancing key after neighboring finger (weighted)
# 0.8863236149308144 asymmetrc bigrams (weighted)
# 11.143343005923466 inconsistent symmetries of similar keys (weighted)
# 11.067248768290431 irregularity cost for randomly sampled words (weighted).
# Finger load %: 10.9 13.8 8.0 11.5 - 13.3 9.2 6.6 11.1
 
