
# Evolved Layout
ölckj qfäoyßx
hnrsm pteai⇘
büzgv wd,.u
┌───┬───┬───┬───┬───┬───┬───┬───┬───┬───┬───┬───┬───┬──────┐
│ ^ │ 1 │ 2 │ 3 │ 4 │ 5 │ 6 │ 7 │ 8 │ 9 │ 0 │ - │ ` │ ←    │
├───┴─┬─┴─┬─┴─┬─┴─┬─┴─┬─┴─┬─┴─┬─┴─┬─┴─┬─┴─┬─┴─┬─┴─┬─┴─┬────┤
│   ⇥ │ ö │ l │ c │ k │ j │ q │ f │ ä │ o │ y │ ß │ x │ Ret│
├─────┴┬──┴┬──┴┬──┴┬──┴┬──┴┬──┴┬──┴┬──┴┬──┴┬──┴┬──┴┬──┴┐   │
│    ⇩ │ h │ n │ r │ s │ m │ p │ t │ e │ a │ i │ ⇘ │ ´ │   │
├────┬─┴─┬─┴─┬─┴─┬─┴─┬─┴─┬─┴─┬─┴─┬─┴─┬─┴─┬─┴─┬─┴─┬─┴───┴───┤
│  ⇧ │ ⇚ │ b │ ü │ z │ g │ v │ w │ d │ , │ . │ u │ ⇗       │
├────┼───┴┬──┴─┬─┴───┴───┴───┴───┴───┴─┬─┴──┬┴───┼────┬────┤
│Strg│ Fe │ Alt│      Leerzeichen      │ M4 │ Fe │ Me │Strg│
└────┴────┴────┴───────────────────────┴────┴────┴────┴────┘
# 9.1465570812408 x100 total penalty per letter
# 33.473937988662314 x10 billion total penalty compared to notime-noeffort
# 7.608660707561114 mean key position cost in file 1gramme.txt ( 55.69130208 )
# 9.23962056865543 % finger repeats in file 2gramme.txt ( 44.603408873791494 )
# 13.420852089532598 million keystrokes disbalance of the fingers ( 20.131278134298896 )
# 0.38004447978327 % finger repeats top to bottom or vice versa ( 7.644289068313335 )
# 3.722028261562223 % of trigrams have no handswitching (after direction change counted x 1 ) ( 16.463701815661338 )
# 8.13678743063513 billion (rows²/dist)² to cross ( 105.77823659825668 )
# 0.047254562431579106 hand disbalance. Left: 0.4527454375684209 %, Right: 0.5472545624315791 % ( 1.383511875313388 )
# 0.7319461889614385 badly positioned shortcut keys (weighted).
# 7.282467289221486 no handswitching after unbalancing key (weighted).
# 26.26967156234595 movement pattern cost (weighted).
# 0.8644308476436573 asymmetric bigram cost (weighted).
# 2.803142701056136 irregularity cost (weighted).
# 18.187280893013664 manually assigned bigram penalty (weighted)
# 11.673590653043453 unbalancing key after neighboring finger (weighted)
# 0.8644308476436573 asymmetrc bigrams (weighted)
# 15.231121305702159 inconsistent symmetries of similar keys (weighted)
# 2.803142701056136 irregularity cost for randomly sampled words (weighted).
# Finger load %: 10.0 9.7 7.9 10.5 - 12.7 12.3 8.6 12.7
 
