
# Evolved Layout
jukoä zfpwvßq
hireü lmnts⇘
gxyaö cd,.b
┌───┬───┬───┬───┬───┬───┬───┬───┬───┬───┬───┬───┬───┬──────┐
│ ^ │ 1 │ 2 │ 3 │ 4 │ 5 │ 6 │ 7 │ 8 │ 9 │ 0 │ - │ ` │ ←    │
├───┴─┬─┴─┬─┴─┬─┴─┬─┴─┬─┴─┬─┴─┬─┴─┬─┴─┬─┴─┬─┴─┬─┴─┬─┴─┬────┤
│   ⇥ │ j │ u │ k │ o │ ä │ z │ f │ p │ w │ v │ ß │ q │ Ret│
├─────┴┬──┴┬──┴┬──┴┬──┴┬──┴┬──┴┬──┴┬──┴┬──┴┬──┴┬──┴┬──┴┐   │
│    ⇩ │ h │ i │ r │ e │ ü │ l │ m │ n │ t │ s │ ⇘ │ ´ │   │
├────┬─┴─┬─┴─┬─┴─┬─┴─┬─┴─┬─┴─┬─┴─┬─┴─┬─┴─┬─┴─┬─┴─┬─┴───┴───┤
│  ⇧ │ ⇚ │ g │ x │ y │ a │ ö │ c │ d │ , │ . │ b │ ⇗       │
├────┼───┴┬──┴─┬─┴───┴───┴───┴───┴───┴─┬─┴──┬┴───┼────┬────┤
│Strg│ Fe │ Alt│      Leerzeichen      │ M4 │ Fe │ Me │Strg│
└────┴────┴────┴───────────────────────┴────┴────┴────┴────┘
# 9.566568857703963 x100 total penalty per letter
# 35.011068084167995 x10 billion total penalty compared to notime-noeffort
# 7.68563271841336 mean key position cost in file 1gramme.txt ( 56.25469578 )
# 12.905929122062068 % finger repeats in file 2gramme.txt ( 62.302172394431665 )
# 13.721286892416682 million keystrokes disbalance of the fingers ( 20.58193033862502 )
# 0.422263608577722 % finger repeats top to bottom or vice versa ( 8.49349289019542 )
# 3.199236970011337 % of trigrams have no handswitching (after direction change counted x 1 ) ( 14.151231481998243 )
# 8.10244481637791 billion (rows²/dist)² to cross ( 105.33178261291283 )
# 0.030728616920370544 hand disbalance. Left: 0.5307286169203705 %, Right: 0.4692713830796295 % ( 0.8996677618768478 )
# 1.0979192834421578 badly positioned shortcut keys (weighted).
# 7.01489174876286 no handswitching after unbalancing key (weighted).
# 28.217459794532104 movement pattern cost (weighted).
# 0.8805908227747666 asymmetric bigram cost (weighted).
# 6.519755258509521 irregularity cost (weighted).
# 22.02971794184474 manually assigned bigram penalty (weighted)
# 9.628617640013971 unbalancing key after neighboring finger (weighted)
# 0.8805908227747666 asymmetrc bigrams (weighted)
# 6.706755091759751 inconsistent symmetries of similar keys (weighted)
# 6.519755258509521 irregularity cost for randomly sampled words (weighted).
# Finger load %: 11.2 8.4 6.5 18.8 - 13.1 8.7 7.4 10.4
 
