
# Evolved Layout
äulzj kgwoöqß
airnm bdtes⇘
vüxcy ph,.f
┌───┬───┬───┬───┬───┬───┬───┬───┬───┬───┬───┬───┬───┬──────┐
│ ^ │ 1 │ 2 │ 3 │ 4 │ 5 │ 6 │ 7 │ 8 │ 9 │ 0 │ - │ ` │ ←    │
├───┴─┬─┴─┬─┴─┬─┴─┬─┴─┬─┴─┬─┴─┬─┴─┬─┴─┬─┴─┬─┴─┬─┴─┬─┴─┬────┤
│   ⇥ │ ä │ u │ l │ z │ j │ k │ g │ w │ o │ ö │ q │ ß │ Ret│
├─────┴┬──┴┬──┴┬──┴┬──┴┬──┴┬──┴┬──┴┬──┴┬──┴┬──┴┬──┴┬──┴┐   │
│    ⇩ │ a │ i │ r │ n │ m │ b │ d │ t │ e │ s │ ⇘ │ ´ │   │
├────┬─┴─┬─┴─┬─┴─┬─┴─┬─┴─┬─┴─┬─┴─┬─┴─┬─┴─┬─┴─┬─┴─┬─┴───┴───┤
│  ⇧ │ ⇚ │ v │ ü │ x │ c │ y │ p │ h │ , │ . │ f │ ⇗       │
├────┼───┴┬──┴─┬─┴───┴───┴───┴───┴───┴─┬─┴──┬┴───┼────┬────┤
│Strg│ Fe │ Alt│      Leerzeichen      │ M4 │ Fe │ Me │Strg│
└────┴────┴────┴───────────────────────┴────┴────┴────┴────┘
# 9.584588873046362 x100 total penalty per letter
# 35.077016491942466 x10 billion total penalty compared to notime-noeffort
# 7.354099912232188 mean key position cost in file 1gramme.txt ( 53.82805404 )
# 9.234063820715312 % finger repeats in file 2gramme.txt ( 44.57658418997034 )
# 13.186223505667364 million keystrokes disbalance of the fingers ( 19.779335258501046 )
# 0.4250900354008641 % finger repeats top to bottom or vice versa ( 8.550344192650476 )
# 4.640770193750772 % of trigrams have no handswitching (after direction change counted x 1 ) ( 20.527586384541028 )
# 8.282425996720066 billion (rows²/dist)² to cross ( 107.67153795736087 )
# 0.030193448647079846 hand disbalance. Left: 0.46980655135292015 %, Right: 0.5301934486470798 % ( 0.8839991867533199 )
# 0.36597309448071924 badly positioned shortcut keys (weighted).
# 7.7587206253589684 no handswitching after unbalancing key (weighted).
# 40.51705222309992 movement pattern cost (weighted).
# 0.8562658360149775 asymmetric bigram cost (weighted).
# 4.461788827242349 irregularity cost (weighted).
# 19.461039500733445 manually assigned bigram penalty (weighted)
# 10.819594817158826 unbalancing key after neighboring finger (weighted)
# 0.8562658360149775 asymmetrc bigrams (weighted)
# 10.712288785558473 inconsistent symmetries of similar keys (weighted)
# 4.461788827242349 irregularity cost for randomly sampled words (weighted).
# Finger load %: 11.2 8.5 8.0 11.9 - 12.8 7.2 14.9 9.8
 

# Evolved Layout
zpuäö qgrlfvj
haieß wtsnm⇘
küxoy bd,.c
┌───┬───┬───┬───┬───┬───┬───┬───┬───┬───┬───┬───┬───┬──────┐
│ ^ │ 1 │ 2 │ 3 │ 4 │ 5 │ 6 │ 7 │ 8 │ 9 │ 0 │ - │ ` │ ←    │
├───┴─┬─┴─┬─┴─┬─┴─┬─┴─┬─┴─┬─┴─┬─┴─┬─┴─┬─┴─┬─┴─┬─┴─┬─┴─┬────┤
│   ⇥ │ z │ p │ u │ ä │ ö │ q │ g │ r │ l │ f │ v │ j │ Ret│
├─────┴┬──┴┬──┴┬──┴┬──┴┬──┴┬──┴┬──┴┬──┴┬──┴┬──┴┬──┴┬──┴┐   │
│    ⇩ │ h │ a │ i │ e │ ß │ w │ t │ s │ n │ m │ ⇘ │ ´ │   │
├────┬─┴─┬─┴─┬─┴─┬─┴─┬─┴─┬─┴─┬─┴─┬─┴─┬─┴─┬─┴─┬─┴─┬─┴───┴───┤
│  ⇧ │ ⇚ │ k │ ü │ x │ o │ y │ b │ d │ , │ . │ c │ ⇗       │
├────┼───┴┬──┴─┬─┴───┴───┴───┴───┴───┴─┬─┴──┬┴───┼────┬────┤
│Strg│ Fe │ Alt│      Leerzeichen      │ M4 │ Fe │ Me │Strg│
└────┴────┴────┴───────────────────────┴────┴────┴────┴────┘
# 9.331750157703404 x100 total penalty per letter
# 34.15169482135655 x10 billion total penalty compared to notime-noeffort
# 7.499090191026564 mean key position cost in file 1gramme.txt ( 54.88930486 )
# 12.830358732962377 % finger repeats in file 2gramme.txt ( 61.93736337021699 )
# 12.308155614979775 million keystrokes disbalance of the fingers ( 18.462233422469662 )
# 0.44506685162624693 % finger repeats top to bottom or vice versa ( 8.952161785103034 )
# 1.5987807628380777 % of trigrams have no handswitching (after direction change counted x 1 ) ( 7.071910232334931 )
# 8.28682277886952 billion (rows²/dist)² to cross ( 107.72869612530376 )
# 0.03205117499527166 hand disbalance. Left: 0.46794882500472834 %, Right: 0.5320511749952717 % ( 0.9383894155810097 )
# 0.7319461889614385 badly positioned shortcut keys (weighted).
# 6.991963234188649 no handswitching after unbalancing key (weighted).
# 22.94919574681061 movement pattern cost (weighted).
# 0.8773694612530254 asymmetric bigram cost (weighted).
# 10.078709217721489 irregularity cost (weighted).
# 17.130738497333162 manually assigned bigram penalty (weighted)
# 10.4985400615662 unbalancing key after neighboring finger (weighted)
# 0.8773694612530254 asymmetrc bigrams (weighted)
# 12.278426594721486 inconsistent symmetries of similar keys (weighted)
# 10.078709217721489 irregularity cost for randomly sampled words (weighted).
# Finger load %: 10.8 5.9 8.2 14.6 - 13.7 10.9 10.6 9.7
 
