
# Evolved Layout
ßoyvö qclwfzj
haeiu dtrns⇘
küxpä bg,.m
┌───┬───┬───┬───┬───┬───┬───┬───┬───┬───┬───┬───┬───┬──────┐
│ ^ │ 1 │ 2 │ 3 │ 4 │ 5 │ 6 │ 7 │ 8 │ 9 │ 0 │ - │ ` │ ←    │
├───┴─┬─┴─┬─┴─┬─┴─┬─┴─┬─┴─┬─┴─┬─┴─┬─┴─┬─┴─┬─┴─┬─┴─┬─┴─┬────┤
│   ⇥ │ ß │ o │ y │ v │ ö │ q │ c │ l │ w │ f │ z │ j │ Ret│
├─────┴┬──┴┬──┴┬──┴┬──┴┬──┴┬──┴┬──┴┬──┴┬──┴┬──┴┬──┴┬──┴┐   │
│    ⇩ │ h │ a │ e │ i │ u │ d │ t │ r │ n │ s │ ⇘ │ ´ │   │
├────┬─┴─┬─┴─┬─┴─┬─┴─┬─┴─┬─┴─┬─┴─┬─┴─┬─┴─┬─┴─┬─┴─┬─┴───┴───┤
│  ⇧ │ ⇚ │ k │ ü │ x │ p │ ä │ b │ g │ , │ . │ m │ ⇗       │
├────┼───┴┬──┴─┬─┴───┴───┴───┴───┴───┴─┬─┴──┬┴───┼────┬────┤
│Strg│ Fe │ Alt│      Leerzeichen      │ M4 │ Fe │ Me │Strg│
└────┴────┴────┴───────────────────────┴────┴────┴────┴────┘
# 8.777920595330848 x100 total penalty per letter
# 32.124827633792684 x10 billion total penalty compared to notime-noeffort
# 7.346465820977572 mean key position cost in file 1gramme.txt ( 53.7721766 )
# 8.890445508533164 % finger repeats in file 2gramme.txt ( 42.917798749497116 )
# 13.213342545576543 million keystrokes disbalance of the fingers ( 19.820013818364814 )
# 0.3171801190631634 % finger repeats top to bottom or vice versa ( 6.3798230097265485 )
# 1.7940390045839554 % of trigrams have no handswitching (after direction change counted x 1 ) ( 7.935598856720919 )
# 7.91263197361693 billion (rows²/dist)² to cross ( 102.8642156570201 )
# 0.032058980107801394 hand disbalance. Left: 0.4679410198921986 %, Right: 0.5320589801078014 % ( 0.9386179324758319 )
# 0.7319461889614385 badly positioned shortcut keys (weighted).
# 8.236091645057012 no handswitching after unbalancing key (weighted).
# 23.14099576061659 movement pattern cost (weighted).
# 0.8615341895796004 asymmetric bigram cost (weighted).
# 7.048473964740487 irregularity cost (weighted).
# 21.163601169877882 manually assigned bigram penalty (weighted)
# 13.975607560445797 unbalancing key after neighboring finger (weighted)
# 0.8615341895796004 asymmetrc bigrams (weighted)
# 11.461781234842698 inconsistent symmetries of similar keys (weighted)
# 7.048473964740487 irregularity cost for randomly sampled words (weighted).
# Finger load %: 10.2 7.7 11.4 10.2 - 14.7 9.1 9.0 12.1
 
