
# Evolved Layout
ölbkv qdaozßj
srnum ftiec⇘
üxphä wg,.y
┌───┬───┬───┬───┬───┬───┬───┬───┬───┬───┬───┬───┬───┬──────┐
│ ^ │ 1 │ 2 │ 3 │ 4 │ 5 │ 6 │ 7 │ 8 │ 9 │ 0 │ - │ ` │ ←    │
├───┴─┬─┴─┬─┴─┬─┴─┬─┴─┬─┴─┬─┴─┬─┴─┬─┴─┬─┴─┬─┴─┬─┴─┬─┴─┬────┤
│   ⇥ │ ö │ l │ b │ k │ v │ q │ d │ a │ o │ z │ ß │ j │ Ret│
├─────┴┬──┴┬──┴┬──┴┬──┴┬──┴┬──┴┬──┴┬──┴┬──┴┬──┴┬──┴┬──┴┐   │
│    ⇩ │ s │ r │ n │ u │ m │ f │ t │ i │ e │ c │ ⇘ │ ´ │   │
├────┬─┴─┬─┴─┬─┴─┬─┴─┬─┴─┬─┴─┬─┴─┬─┴─┬─┴─┬─┴─┬─┴─┬─┴───┴───┤
│  ⇧ │ ⇚ │ ü │ x │ p │ h │ ä │ w │ g │ , │ . │ y │ ⇗       │
├────┼───┴┬──┴─┬─┴───┴───┴───┴───┴───┴─┬─┴──┬┴───┼────┬────┤
│Strg│ Fe │ Alt│      Leerzeichen      │ M4 │ Fe │ Me │Strg│
└────┴────┴────┴───────────────────────┴────┴────┴────┴────┘
# 9.493843536758872 x100 total penalty per letter
# 34.744912976634204 x10 billion total penalty compared to notime-noeffort
# 7.373865414420987 mean key position cost in file 1gramme.txt ( 53.97272688 )
# 11.128024876312937 % finger repeats in file 2gramme.txt ( 53.71950501947275 )
# 11.54428425086158 million keystrokes disbalance of the fingers ( 17.31642637629237 )
# 0.34969073230274206 % finger repeats top to bottom or vice versa ( 7.0337478490853504 )
# 3.4301425340497578 % of trigrams have no handswitching (after direction change counted x 1 ) ( 15.172599426235735 )
# 8.029851273985571 billion (rows²/dist)² to cross ( 104.38806656181242 )
# 0.05754920936225544 hand disbalance. Left: 0.44245079063774456 %, Right: 0.5575492093622554 % ( 1.6849169788178724 )
# 1.0979192834421578 badly positioned shortcut keys (weighted).
# 8.38708747783405 no handswitching after unbalancing key (weighted).
# 31.01788598853226 movement pattern cost (weighted).
# 0.861961455682102 asymmetric bigram cost (weighted).
# 4.018777266004458 irregularity cost (weighted).
# 17.899375920749677 manually assigned bigram penalty (weighted)
# 14.193490158961366 unbalancing key after neighboring finger (weighted)
# 0.861961455682102 asymmetrc bigrams (weighted)
# 16.684643123419406 inconsistent symmetries of similar keys (weighted)
# 4.018777266004458 irregularity cost for randomly sampled words (weighted).
# Finger load %: 10.5 8.2 8.8 9.7 - 13.7 11.1 14.9 7.4
 
