
# Evolved Layout
jöuäü wclpfzß
haiey mtrns⇘
gvxoq bd,.k
┌───┬───┬───┬───┬───┬───┬───┬───┬───┬───┬───┬───┬───┬──────┐
│ ^ │ 1 │ 2 │ 3 │ 4 │ 5 │ 6 │ 7 │ 8 │ 9 │ 0 │ - │ ` │ ←    │
├───┴─┬─┴─┬─┴─┬─┴─┬─┴─┬─┴─┬─┴─┬─┴─┬─┴─┬─┴─┬─┴─┬─┴─┬─┴─┬────┤
│   ⇥ │ j │ ö │ u │ ä │ ü │ w │ c │ l │ p │ f │ z │ ß │ Ret│
├─────┴┬──┴┬──┴┬──┴┬──┴┬──┴┬──┴┬──┴┬──┴┬──┴┬──┴┬──┴┬──┴┐   │
│    ⇩ │ h │ a │ i │ e │ y │ m │ t │ r │ n │ s │ ⇘ │ ´ │   │
├────┬─┴─┬─┴─┬─┴─┬─┴─┬─┴─┬─┴─┬─┴─┬─┴─┬─┴─┬─┴─┬─┴─┬─┴───┴───┤
│  ⇧ │ ⇚ │ g │ v │ x │ o │ q │ b │ d │ , │ . │ k │ ⇗       │
├────┼───┴┬──┴─┬─┴───┴───┴───┴───┴───┴─┬─┴──┬┴───┼────┬────┤
│Strg│ Fe │ Alt│      Leerzeichen      │ M4 │ Fe │ Me │Strg│
└────┴────┴────┴───────────────────────┴────┴────┴────┴────┘
# 8.896375493905476 x100 total penalty per letter
# 32.558340691670246 x10 billion total penalty compared to notime-noeffort
# 7.481660434314391 mean key position cost in file 1gramme.txt ( 54.76172842 )
# 9.845670368036957 % finger repeats in file 2gramme.txt ( 47.52905790870931 )
# 13.841791575636407 million keystrokes disbalance of the fingers ( 20.762687363454614 )
# 0.4075748580701465 % finger repeats top to bottom or vice versa ( 8.198040486844437 )
# 1.976756938003566 % of trigrams have no handswitching (after direction change counted x 1 ) ( 8.74381775265475 )
# 8.103335366224695 billion (rows²/dist)² to cross ( 105.34335976092103 )
# 0.02999664957188619 hand disbalance. Left: 0.4700033504281138 %, Right: 0.5299966495718862 % ( 0.8782373334301545 )
# 0.7319461889614385 badly positioned shortcut keys (weighted).
# 9.341262507611342 no handswitching after unbalancing key (weighted).
# 22.53950223610292 movement pattern cost (weighted).
# 0.8814376990210778 asymmetric bigram cost (weighted).
# 4.733051944720946 irregularity cost (weighted).
# 20.324469159460097 manually assigned bigram penalty (weighted)
# 11.18572973753568 unbalancing key after neighboring finger (weighted)
# 0.8814376990210778 asymmetrc bigrams (weighted)
# 9.629078417274629 inconsistent symmetries of similar keys (weighted)
# 4.733051944720946 irregularity cost for randomly sampled words (weighted).
# Finger load %: 11.3 5.4 8.2 14.7 - 15.7 9.1 8.8 11.1
 
