
# Evolved Layout
jyrdq ügufbzß
teclm oaisn⇘
vöxhk äw,.p
┌───┬───┬───┬───┬───┬───┬───┬───┬───┬───┬───┬───┬───┬──────┐
│ ^ │ 1 │ 2 │ 3 │ 4 │ 5 │ 6 │ 7 │ 8 │ 9 │ 0 │ - │ ` │ ←    │
├───┴─┬─┴─┬─┴─┬─┴─┬─┴─┬─┴─┬─┴─┬─┴─┬─┴─┬─┴─┬─┴─┬─┴─┬─┴─┬────┤
│   ⇥ │ j │ y │ r │ d │ q │ ü │ g │ u │ f │ b │ z │ ß │ Ret│
├─────┴┬──┴┬──┴┬──┴┬──┴┬──┴┬──┴┬──┴┬──┴┬──┴┬──┴┬──┴┬──┴┐   │
│    ⇩ │ t │ e │ c │ l │ m │ o │ a │ i │ s │ n │ ⇘ │ ´ │   │
├────┬─┴─┬─┴─┬─┴─┬─┴─┬─┴─┬─┴─┬─┴─┬─┴─┬─┴─┬─┴─┬─┴─┬─┴───┴───┤
│  ⇧ │ ⇚ │ v │ ö │ x │ h │ k │ ä │ w │ , │ . │ p │ ⇗       │
├────┼───┴┬──┴─┬─┴───┴───┴───┴───┴───┴─┬─┴──┬┴───┼────┬────┤
│Strg│ Fe │ Alt│      Leerzeichen      │ M4 │ Fe │ Me │Strg│
└────┴────┴────┴───────────────────────┴────┴────┴────┴────┘
# 10.709285198879828 x100 total penalty per letter
# 39.193102439106156 x10 billion total penalty compared to notime-noeffort
# 7.556874755845479 mean key position cost in file 1gramme.txt ( 55.31225678 )
# 11.74374650258577 % finger repeats in file 2gramme.txt ( 56.69184389908536 )
# 14.95920386300664 million keystrokes disbalance of the fingers ( 22.43880579450996 )
# 0.3700399334687132 % finger repeats top to bottom or vice versa ( 7.443055665135334 )
# 6.534820264694785 % of trigrams have no handswitching (after direction change counted x 1 ) ( 28.905565647617916 )
# 8.471534464956294 billion (rows²/dist)² to cross ( 110.12994804443183 )
# 0.004920750795217477 hand disbalance. Left: 0.5049207507952175 %, Right: 0.4950792492047825 % ( 0.144068991655536 )
# 0.36597309448071924 badly positioned shortcut keys (weighted).
# 10.330311662550645 no handswitching after unbalancing key (weighted).
# 42.50874142205813 movement pattern cost (weighted).
# 0.8774070116199724 asymmetric bigram cost (weighted).
# 3.864097166602888 irregularity cost (weighted).
# 22.625775462511893 manually assigned bigram penalty (weighted)
# 12.59247316769261 unbalancing key after neighboring finger (weighted)
# 0.8774070116199724 asymmetrc bigrams (weighted)
# 17.70070058110869 inconsistent symmetries of similar keys (weighted)
# 3.864097166602888 irregularity cost for randomly sampled words (weighted).
# Finger load %: 11.3 11.5 7.4 12.4 - 11.8 9.2 7.5 13.3
 
