
# Evolved Layout
jbypü qzoufxß
gtelw ksaih⇘
cvänö mr,.d
┌───┬───┬───┬───┬───┬───┬───┬───┬───┬───┬───┬───┬───┬──────┐
│ ^ │ 1 │ 2 │ 3 │ 4 │ 5 │ 6 │ 7 │ 8 │ 9 │ 0 │ - │ ` │ ←    │
├───┴─┬─┴─┬─┴─┬─┴─┬─┴─┬─┴─┬─┴─┬─┴─┬─┴─┬─┴─┬─┴─┬─┴─┬─┴─┬────┤
│   ⇥ │ j │ b │ y │ p │ ü │ q │ z │ o │ u │ f │ x │ ß │ Ret│
├─────┴┬──┴┬──┴┬──┴┬──┴┬──┴┬──┴┬──┴┬──┴┬──┴┬──┴┬──┴┬──┴┐   │
│    ⇩ │ g │ t │ e │ l │ w │ k │ s │ a │ i │ h │ ⇘ │ ´ │   │
├────┬─┴─┬─┴─┬─┴─┬─┴─┬─┴─┬─┴─┬─┴─┬─┴─┬─┴─┬─┴─┬─┴─┬─┴───┴───┤
│  ⇧ │ ⇚ │ c │ v │ ä │ n │ ö │ m │ r │ , │ . │ d │ ⇗       │
├────┼───┴┬──┴─┬─┴───┴───┴───┴───┴───┴─┬─┴──┬┴───┼────┬────┤
│Strg│ Fe │ Alt│      Leerzeichen      │ M4 │ Fe │ Me │Strg│
└────┴────┴────┴───────────────────────┴────┴────┴────┴────┘
# 9.879440563245298 x100 total penalty per letter
# 36.15609434669222 x10 billion total penalty compared to notime-noeffort
# 7.97226155966422 mean key position cost in file 1gramme.txt ( 58.35266466 )
# 10.716163690989921 % finger repeats in file 2gramme.txt ( 51.731283456508685 )
# 12.787268788141258 million keystrokes disbalance of the fingers ( 19.18090318221189 )
# 0.47729424719146046 % finger repeats top to bottom or vice versa ( 9.60038992871365 )
# 4.1050642728451265 % of trigrams have no handswitching (after direction change counted x 1 ) ( 18.157990582768967 )
# 8.510038794952788 billion (rows²/dist)² to cross ( 110.63050433438623 )
# 0.018972529410458072 hand disbalance. Left: 0.48102747058954193 %, Right: 0.518972529410458 % ( 0.5554748238777437 )
# 0.7319461889614385 badly positioned shortcut keys (weighted).
# 6.713339600066711 no handswitching after unbalancing key (weighted).
# 34.879597874478186 movement pattern cost (weighted).
# 0.9083299896921719 asymmetric bigram cost (weighted).
# 4.316366666426902 irregularity cost (weighted).
# 17.66430461194237 manually assigned bigram penalty (weighted)
# 11.92104018896156 unbalancing key after neighboring finger (weighted)
# 0.9083299896921719 asymmetrc bigrams (weighted)
# 16.216807377925647 inconsistent symmetries of similar keys (weighted)
# 4.316366666426902 irregularity cost for randomly sampled words (weighted).
# Finger load %: 10.0 7.1 11.5 12.0 - 14.2 8.4 9.4 11.8
 
