
# Evolved Layout
äüczj vbudgöß
aenrm wsith⇘
oyxlq fk,.p
┌───┬───┬───┬───┬───┬───┬───┬───┬───┬───┬───┬───┬───┬──────┐
│ ^ │ 1 │ 2 │ 3 │ 4 │ 5 │ 6 │ 7 │ 8 │ 9 │ 0 │ - │ ` │ ←    │
├───┴─┬─┴─┬─┴─┬─┴─┬─┴─┬─┴─┬─┴─┬─┴─┬─┴─┬─┴─┬─┴─┬─┴─┬─┴─┬────┤
│   ⇥ │ ä │ ü │ c │ z │ j │ v │ b │ u │ d │ g │ ö │ ß │ Ret│
├─────┴┬──┴┬──┴┬──┴┬──┴┬──┴┬──┴┬──┴┬──┴┬──┴┬──┴┬──┴┬──┴┐   │
│    ⇩ │ a │ e │ n │ r │ m │ w │ s │ i │ t │ h │ ⇘ │ ´ │   │
├────┬─┴─┬─┴─┬─┴─┬─┴─┬─┴─┬─┴─┬─┴─┬─┴─┬─┴─┬─┴─┬─┴─┬─┴───┴───┤
│  ⇧ │ ⇚ │ o │ y │ x │ l │ q │ f │ k │ , │ . │ p │ ⇗       │
├────┼───┴┬──┴─┬─┴───┴───┴───┴───┴───┴─┬─┴──┬┴───┼────┬────┤
│Strg│ Fe │ Alt│      Leerzeichen      │ M4 │ Fe │ Me │Strg│
└────┴────┴────┴───────────────────────┴────┴────┴────┴────┘
# 9.263475633636544 x100 total penalty per letter
# 33.90182843288708 x10 billion total penalty compared to notime-noeffort
# 7.413566494142752 mean key position cost in file 1gramme.txt ( 54.26331742 )
# 7.840209332095267 % finger repeats in file 2gramme.txt ( 37.84788129524349 )
# 13.945968826572717 million keystrokes disbalance of the fingers ( 20.918953239859075 )
# 0.36275159596292783 % finger repeats top to bottom or vice versa ( 7.2964566176937655 )
# 4.907272387709139 % of trigrams have no handswitching (after direction change counted x 1 ) ( 21.706409420320053 )
# 7.747635916238298 billion (rows²/dist)² to cross ( 100.71926691109789 )
# 0.028447184999667696 hand disbalance. Left: 0.5284471849996677 %, Right: 0.47155281500033225 % ( 0.8328723458875109 )
# 0.36597309448071924 badly positioned shortcut keys (weighted).
# 7.067796922157176 no handswitching after unbalancing key (weighted).
# 36.491843112401845 movement pattern cost (weighted).
# 0.8759614083163563 asymmetric bigram cost (weighted).
# 10.672623132569313 irregularity cost (weighted).
# 18.369252194404943 manually assigned bigram penalty (weighted)
# 11.293350953859726 unbalancing key after neighboring finger (weighted)
# 0.8759614083163563 asymmetrc bigrams (weighted)
# 10.29632626057889 inconsistent symmetries of similar keys (weighted)
# 10.672623132569313 irregularity cost for randomly sampled words (weighted).
# Finger load %: 13.3 11.7 8.8 10.8 - 11.2 9.2 9.5 9.8
 
