
# Evolved Layout
zyamq xbodpjß
hnirk fsetu⇘
vüälö wg,.c
┌───┬───┬───┬───┬───┬───┬───┬───┬───┬───┬───┬───┬───┬──────┐
│ ^ │ 1 │ 2 │ 3 │ 4 │ 5 │ 6 │ 7 │ 8 │ 9 │ 0 │ - │ ` │ ←    │
├───┴─┬─┴─┬─┴─┬─┴─┬─┴─┬─┴─┬─┴─┬─┴─┬─┴─┬─┴─┬─┴─┬─┴─┬─┴─┬────┤
│   ⇥ │ z │ y │ a │ m │ q │ x │ b │ o │ d │ p │ j │ ß │ Ret│
├─────┴┬──┴┬──┴┬──┴┬──┴┬──┴┬──┴┬──┴┬──┴┬──┴┬──┴┬──┴┬──┴┐   │
│    ⇩ │ h │ n │ i │ r │ k │ f │ s │ e │ t │ u │ ⇘ │ ´ │   │
├────┬─┴─┬─┴─┬─┴─┬─┴─┬─┴─┬─┴─┬─┴─┬─┴─┬─┴─┬─┴─┬─┴─┬─┴───┴───┤
│  ⇧ │ ⇚ │ v │ ü │ ä │ l │ ö │ w │ g │ , │ . │ c │ ⇗       │
├────┼───┴┬──┴─┬─┴───┴───┴───┴───┴───┴─┬─┴──┬┴───┼────┬────┤
│Strg│ Fe │ Alt│      Leerzeichen      │ M4 │ Fe │ Me │Strg│
└────┴────┴────┴───────────────────────┴────┴────┴────┴────┘
# 9.827932729133053 x100 total penalty per letter
# 35.96758953229164 x10 billion total penalty compared to notime-noeffort
# 7.275340518619119 mean key position cost in file 1gramme.txt ( 53.25157766 )
# 11.549651590352626 % finger repeats in file 2gramme.txt ( 55.7548687639779 )
# 11.3649044926721 million keystrokes disbalance of the fingers ( 17.047356739008148 )
# 0.5304102234998458 % finger repeats top to bottom or vice versa ( 10.668775074785318 )
# 4.085235199342636 % of trigrams have no handswitching (after direction change counted x 1 ) ( 18.070280353161838 )
# 8.380938285518734 billion (rows²/dist)² to cross ( 108.95219771174357 )
# 0.038809973574328305 hand disbalance. Left: 0.4611900264256717 %, Right: 0.5388099735743284 % ( 1.1362724900569496 )
# 0.7319461889614385 badly positioned shortcut keys (weighted).
# 6.935779539149097 no handswitching after unbalancing key (weighted).
# 38.449387726992946 movement pattern cost (weighted).
# 0.8882260463200453 asymmetric bigram cost (weighted).
# 5.660944738398529 irregularity cost (weighted).
# 17.31438191909221 manually assigned bigram penalty (weighted)
# 11.13382517934387 unbalancing key after neighboring finger (weighted)
# 0.8882260463200453 asymmetrc bigrams (weighted)
# 13.680075191924558 inconsistent symmetries of similar keys (weighted)
# 5.660944738398529 irregularity cost for randomly sampled words (weighted).
# Finger load %: 10.3 7.4 10.2 11.1 - 11.7 14.7 9.5 9.5
 
