
# Evolved Layout
juovq wbdlgzß
aieny mstrh⇘
äüöcx fk,.p
┌───┬───┬───┬───┬───┬───┬───┬───┬───┬───┬───┬───┬───┬──────┐
│ ^ │ 1 │ 2 │ 3 │ 4 │ 5 │ 6 │ 7 │ 8 │ 9 │ 0 │ - │ ` │ ←    │
├───┴─┬─┴─┬─┴─┬─┴─┬─┴─┬─┴─┬─┴─┬─┴─┬─┴─┬─┴─┬─┴─┬─┴─┬─┴─┬────┤
│   ⇥ │ j │ u │ o │ v │ q │ w │ b │ d │ l │ g │ z │ ß │ Ret│
├─────┴┬──┴┬──┴┬──┴┬──┴┬──┴┬──┴┬──┴┬──┴┬──┴┬──┴┬──┴┬──┴┐   │
│    ⇩ │ a │ i │ e │ n │ y │ m │ s │ t │ r │ h │ ⇘ │ ´ │   │
├────┬─┴─┬─┴─┬─┴─┬─┴─┬─┴─┬─┴─┬─┴─┬─┴─┬─┴─┬─┴─┬─┴─┬─┴───┴───┤
│  ⇧ │ ⇚ │ ä │ ü │ ö │ c │ x │ f │ k │ , │ . │ p │ ⇗       │
├────┼───┴┬──┴─┬─┴───┴───┴───┴───┴───┴─┬─┴──┬┴───┼────┬────┤
│Strg│ Fe │ Alt│      Leerzeichen      │ M4 │ Fe │ Me │Strg│
└────┴────┴────┴───────────────────────┴────┴────┴────┴────┘
# 8.833549446748197 x100 total penalty per letter
# 32.32841426274884 x10 billion total penalty compared to notime-noeffort
# 7.2497071670381485 mean key position cost in file 1gramme.txt ( 53.06395532 )
# 9.397686954441497 % finger repeats in file 2gramme.txt ( 45.36645964866161 )
# 12.105226618672432 million keystrokes disbalance of the fingers ( 18.15783992800865 )
# 0.3575945608026292 % finger repeats top to bottom or vice versa ( 7.192727002877994 )
# 3.1849954349330907 % of trigrams have no handswitching (after direction change counted x 1 ) ( 14.088236692477995 )
# 7.9919700425821985 billion (rows²/dist)² to cross ( 103.89561055356857 )
# 0.011846595107678382 hand disbalance. Left: 0.5118465951076784 %, Right: 0.48815340489232156 % ( 0.3468428056493766 )
# 1.0979192834421578 badly positioned shortcut keys (weighted).
# 10.076548844441117 no handswitching after unbalancing key (weighted).
# 30.664092000514454 movement pattern cost (weighted).
# 0.881545707728438 asymmetric bigram cost (weighted).
# 4.499577010196338 irregularity cost (weighted).
# 17.3014595404995 manually assigned bigram penalty (weighted)
# 11.079656786460392 unbalancing key after neighboring finger (weighted)
# 0.881545707728438 asymmetrc bigrams (weighted)
# 5.571671502961733 inconsistent symmetries of similar keys (weighted)
# 4.499577010196338 irregularity cost for randomly sampled words (weighted).
# Finger load %: 11.0 8.5 13.6 10.1 - 12.4 9.3 9.3 10.1
 
