
# Evolved Layout
jluvy öpofkzß
arinm wtesh⇘
äqxcü bd,.g
┌───┬───┬───┬───┬───┬───┬───┬───┬───┬───┬───┬───┬───┬──────┐
│ ^ │ 1 │ 2 │ 3 │ 4 │ 5 │ 6 │ 7 │ 8 │ 9 │ 0 │ - │ ` │ ←    │
├───┴─┬─┴─┬─┴─┬─┴─┬─┴─┬─┴─┬─┴─┬─┴─┬─┴─┬─┴─┬─┴─┬─┴─┬─┴─┬────┤
│   ⇥ │ j │ l │ u │ v │ y │ ö │ p │ o │ f │ k │ z │ ß │ Ret│
├─────┴┬──┴┬──┴┬──┴┬──┴┬──┴┬──┴┬──┴┬──┴┬──┴┬──┴┬──┴┬──┴┐   │
│    ⇩ │ a │ r │ i │ n │ m │ w │ t │ e │ s │ h │ ⇘ │ ´ │   │
├────┬─┴─┬─┴─┬─┴─┬─┴─┬─┴─┬─┴─┬─┴─┬─┴─┬─┴─┬─┴─┬─┴─┬─┴───┴───┤
│  ⇧ │ ⇚ │ ä │ q │ x │ c │ ü │ b │ d │ , │ . │ g │ ⇗       │
├────┼───┴┬──┴─┬─┴───┴───┴───┴───┴───┴─┬─┴──┬┴───┼────┬────┤
│Strg│ Fe │ Alt│      Leerzeichen      │ M4 │ Fe │ Me │Strg│
└────┴────┴────┴───────────────────────┴────┴────┴────┴────┘
# 9.364435506390288 x100 total penalty per letter
# 34.27131440338775 x10 billion total penalty compared to notime-noeffort
# 7.1881952079911535 mean key position cost in file 1gramme.txt ( 52.61372088 )
# 9.633239488491185 % finger repeats in file 2gramme.txt ( 46.503567596916334 )
# 12.399902808871381 million keystrokes disbalance of the fingers ( 18.599854213307072 )
# 0.3377578251469909 % finger repeats top to bottom or vice versa ( 6.793727018429089 )
# 4.4606994123634855 % of trigrams have no handswitching (after direction change counted x 1 ) ( 19.731076674743957 )
# 8.060415291409727 billion (rows²/dist)² to cross ( 104.78539878832645 )
# 0.036290072760341574 hand disbalance. Left: 0.4637099272396584 %, Right: 0.5362900727603416 % ( 1.062495218162613 )
# 0.7319461889614385 badly positioned shortcut keys (weighted).
# 9.161870664819755 no handswitching after unbalancing key (weighted).
# 35.99747208217176 movement pattern cost (weighted).
# 0.8766227583376592 asymmetric bigram cost (weighted).
# 8.686134910281368 irregularity cost (weighted).
# 16.717406330553587 manually assigned bigram penalty (weighted)
# 12.625103723694085 unbalancing key after neighboring finger (weighted)
# 0.8766227583376592 asymmetrc bigrams (weighted)
# 7.826746985172354 inconsistent symmetries of similar keys (weighted)
# 8.686134910281368 irregularity cost for randomly sampled words (weighted).
# Finger load %: 10.8 8.1 8.2 12.1 - 12.8 14.7 7.5 10.3
 

# Evolved Layout
ßoävü wbmlzjq
haeik ctsrn⇘
gxöuy fd,.p
┌───┬───┬───┬───┬───┬───┬───┬───┬───┬───┬───┬───┬───┬──────┐
│ ^ │ 1 │ 2 │ 3 │ 4 │ 5 │ 6 │ 7 │ 8 │ 9 │ 0 │ - │ ` │ ←    │
├───┴─┬─┴─┬─┴─┬─┴─┬─┴─┬─┴─┬─┴─┬─┴─┬─┴─┬─┴─┬─┴─┬─┴─┬─┴─┬────┤
│   ⇥ │ ß │ o │ ä │ v │ ü │ w │ b │ m │ l │ z │ j │ q │ Ret│
├─────┴┬──┴┬──┴┬──┴┬──┴┬──┴┬──┴┬──┴┬──┴┬──┴┬──┴┬──┴┬──┴┐   │
│    ⇩ │ h │ a │ e │ i │ k │ c │ t │ s │ r │ n │ ⇘ │ ´ │   │
├────┬─┴─┬─┴─┬─┴─┬─┴─┬─┴─┬─┴─┬─┴─┬─┴─┬─┴─┬─┴─┬─┴─┬─┴───┴───┤
│  ⇧ │ ⇚ │ g │ x │ ö │ u │ y │ f │ d │ , │ . │ p │ ⇗       │
├────┼───┴┬──┴─┬─┴───┴───┴───┴───┴───┴─┬─┴──┬┴───┼────┬────┤
│Strg│ Fe │ Alt│      Leerzeichen      │ M4 │ Fe │ Me │Strg│
└────┴────┴────┴───────────────────────┴────┴────┴────┴────┘
# 8.717785418306784 x100 total penalty per letter
# 31.904749065566254 x10 billion total penalty compared to notime-noeffort
# 7.541405176017396 mean key position cost in file 1gramme.txt ( 55.19902778 )
# 8.85938961784292 % finger repeats in file 2gramme.txt ( 42.767879325847204 )
# 13.572590597889908 million keystrokes disbalance of the fingers ( 20.358885896834863 )
# 0.3512030619264182 % finger repeats top to bottom or vice versa ( 7.064167143207308 )
# 1.959596537018528 % of trigrams have no handswitching (after direction change counted x 1 ) ( 8.667911901059666 )
# 7.934108958266322 billion (rows²/dist)² to cross ( 103.14341645746218 )
# 0.020595513549066913 hand disbalance. Left: 0.4794044864509331 %, Right: 0.520595513549067 % ( 0.6029923060777279 )
# 0.7319461889614385 badly positioned shortcut keys (weighted).
# 8.794918387050624 no handswitching after unbalancing key (weighted).
# 23.72825907963402 movement pattern cost (weighted).
# 0.8778127995082733 asymmetric bigram cost (weighted).
# 3.7408693069736643 irregularity cost (weighted).
# 20.565337898311515 manually assigned bigram penalty (weighted)
# 12.4405870135607 unbalancing key after neighboring finger (weighted)
# 0.8778127995082733 asymmetrc bigrams (weighted)
# 10.363479171173445 inconsistent symmetries of similar keys (weighted)
# 3.7408693069736643 irregularity cost for randomly sampled words (weighted).
# Finger load %: 11.2 7.5 11.2 10.5 - 15.2 7.8 9.3 11.7
 
