
# Evolved Layout
jbcüö kwmiäzß
ltney ghsar⇘
uvpoq fd,.x
┌───┬───┬───┬───┬───┬───┬───┬───┬───┬───┬───┬───┬───┬──────┐
│ ^ │ 1 │ 2 │ 3 │ 4 │ 5 │ 6 │ 7 │ 8 │ 9 │ 0 │ - │ ` │ ←    │
├───┴─┬─┴─┬─┴─┬─┴─┬─┴─┬─┴─┬─┴─┬─┴─┬─┴─┬─┴─┬─┴─┬─┴─┬─┴─┬────┤
│   ⇥ │ j │ b │ c │ ü │ ö │ k │ w │ m │ i │ ä │ z │ ß │ Ret│
├─────┴┬──┴┬──┴┬──┴┬──┴┬──┴┬──┴┬──┴┬──┴┬──┴┬──┴┬──┴┬──┴┐   │
│    ⇩ │ l │ t │ n │ e │ y │ g │ h │ s │ a │ r │ ⇘ │ ´ │   │
├────┬─┴─┬─┴─┬─┴─┬─┴─┬─┴─┬─┴─┬─┴─┬─┴─┬─┴─┬─┴─┬─┴─┬─┴───┴───┤
│  ⇧ │ ⇚ │ u │ v │ p │ o │ q │ f │ d │ , │ . │ x │ ⇗       │
├────┼───┴┬──┴─┬─┴───┴───┴───┴───┴───┴─┬─┴──┬┴───┼────┬────┤
│Strg│ Fe │ Alt│      Leerzeichen      │ M4 │ Fe │ Me │Strg│
└────┴────┴────┴───────────────────────┴────┴────┴────┴────┘
# 9.405354804190406 x100 total penalty per letter
# 34.421068023786624 x10 billion total penalty compared to notime-noeffort
# 7.698049076524187 mean key position cost in file 1gramme.txt ( 56.34557684 )
# 10.294002807465743 % finger repeats in file 2gramme.txt ( 49.693341058502824 )
# 12.63045070307545 million keystrokes disbalance of the fingers ( 18.945676054613173 )
# 0.3550858891353991 % finger repeats top to bottom or vice versa ( 7.1422670898364204 )
# 4.683055722741323 % of trigrams have no handswitching (after direction change counted x 1 ) ( 20.714628580756308 )
# 7.739216279034459 billion (rows²/dist)² to cross ( 100.60981162744797 )
# 0.005462013536072563 hand disbalance. Left: 0.5054620135360726 %, Right: 0.49453798646392744 % ( 0.15991599967136413 )
# 0.7319461889614385 badly positioned shortcut keys (weighted).
# 7.7597588461562825 no handswitching after unbalancing key (weighted).
# 32.4600148712809 movement pattern cost (weighted).
# 0.9031240239662875 asymmetric bigram cost (weighted).
# 3.6042436129314552 irregularity cost (weighted).
# 21.758203468889526 manually assigned bigram penalty (weighted)
# 10.369344626231884 unbalancing key after neighboring finger (weighted)
# 0.9031240239662875 asymmetrc bigrams (weighted)
# 13.012827348620299 inconsistent symmetries of similar keys (weighted)
# 3.6042436129314552 irregularity cost for randomly sampled words (weighted).
# Finger load %: 11.3 7.1 9.6 14.6 - 12.9 7.8 11.3 9.7
 
