
# Evolved Layout
ßklpq öäofwjx
hsrnm üeait⇘
gvzcb yu,.d
┌───┬───┬───┬───┬───┬───┬───┬───┬───┬───┬───┬───┬───┬──────┐
│ ^ │ 1 │ 2 │ 3 │ 4 │ 5 │ 6 │ 7 │ 8 │ 9 │ 0 │ - │ ` │ ←    │
├───┴─┬─┴─┬─┴─┬─┴─┬─┴─┬─┴─┬─┴─┬─┴─┬─┴─┬─┴─┬─┴─┬─┴─┬─┴─┬────┤
│   ⇥ │ ß │ k │ l │ p │ q │ ö │ ä │ o │ f │ w │ j │ x │ Ret│
├─────┴┬──┴┬──┴┬──┴┬──┴┬──┴┬──┴┬──┴┬──┴┬──┴┬──┴┬──┴┬──┴┐   │
│    ⇩ │ h │ s │ r │ n │ m │ ü │ e │ a │ i │ t │ ⇘ │ ´ │   │
├────┬─┴─┬─┴─┬─┴─┬─┴─┬─┴─┬─┴─┬─┴─┬─┴─┬─┴─┬─┴─┬─┴─┬─┴───┴───┤
│  ⇧ │ ⇚ │ g │ v │ z │ c │ b │ y │ u │ , │ . │ d │ ⇗       │
├────┼───┴┬──┴─┬─┴───┴───┴───┴───┴───┴─┬─┴──┬┴───┼────┬────┤
│Strg│ Fe │ Alt│      Leerzeichen      │ M4 │ Fe │ Me │Strg│
└────┴────┴────┴───────────────────────┴────┴────┴────┴────┘
# 9.708450621969416 x100 total penalty per letter
# 35.530317167354106 x10 billion total penalty compared to notime-noeffort
# 7.788123151632833 mean key position cost in file 1gramme.txt ( 57.0048706 )
# 10.647125869772784 % finger repeats in file 2gramme.txt ( 51.3980097961216 )
# 15.068036226405845 million keystrokes disbalance of the fingers ( 22.602054339608763 )
# 0.3894561948132917 % finger repeats top to bottom or vice versa ( 7.833598146974612 )
# 3.1670606169587328 % of trigrams have no handswitching (after direction change counted x 1 ) ( 14.008905350935722 )
# 8.570354417747147 billion (rows²/dist)² to cross ( 111.41460743071292 )
# 0.04212295988819581 hand disbalance. Left: 0.4578770401118042 %, Right: 0.5421229598881958 % ( 1.2332695983176185 )
# 0.7319461889614385 badly positioned shortcut keys (weighted).
# 7.540402657704671 no handswitching after unbalancing key (weighted).
# 29.08467960932164 movement pattern cost (weighted).
# 0.8652084374991238 asymmetric bigram cost (weighted).
# 10.327362758068258 irregularity cost (weighted).
# 19.187298849088844 manually assigned bigram penalty (weighted)
# 10.92761490430239 unbalancing key after neighboring finger (weighted)
# 0.8652084374991238 asymmetrc bigrams (weighted)
# 11.143343005923468 inconsistent symmetries of similar keys (weighted)
# 10.327362758068258 irregularity cost for randomly sampled words (weighted).
# Finger load %: 10.5 6.5 8.5 13.1 - 15.4 8.4 8.3 13.7
 

# Evolved Layout
ädlbz jwouvxß
htrsg cneia⇘
üpökq fm,.y
┌───┬───┬───┬───┬───┬───┬───┬───┬───┬───┬───┬───┬───┬──────┐
│ ^ │ 1 │ 2 │ 3 │ 4 │ 5 │ 6 │ 7 │ 8 │ 9 │ 0 │ - │ ` │ ←    │
├───┴─┬─┴─┬─┴─┬─┴─┬─┴─┬─┴─┬─┴─┬─┴─┬─┴─┬─┴─┬─┴─┬─┴─┬─┴─┬────┤
│   ⇥ │ ä │ d │ l │ b │ z │ j │ w │ o │ u │ v │ x │ ß │ Ret│
├─────┴┬──┴┬──┴┬──┴┬──┴┬──┴┬──┴┬──┴┬──┴┬──┴┬──┴┬──┴┬──┴┐   │
│    ⇩ │ h │ t │ r │ s │ g │ c │ n │ e │ i │ a │ ⇘ │ ´ │   │
├────┬─┴─┬─┴─┬─┴─┬─┴─┬─┴─┬─┴─┬─┴─┬─┴─┬─┴─┬─┴─┬─┴─┬─┴───┴───┤
│  ⇧ │ ⇚ │ ü │ p │ ö │ k │ q │ f │ m │ , │ . │ y │ ⇗       │
├────┼───┴┬──┴─┬─┴───┴───┴───┴───┴───┴─┬─┴──┬┴───┼────┬────┤
│Strg│ Fe │ Alt│      Leerzeichen      │ M4 │ Fe │ Me │Strg│
└────┴────┴────┴───────────────────────┴────┴────┴────┴────┘
# 9.813655620898379 x100 total penalty per letter
# 35.91533915748284 x10 billion total penalty compared to notime-noeffort
# 7.107011018639318 mean key position cost in file 1gramme.txt ( 52.0194963 )
# 11.204778481638604 % finger repeats in file 2gramme.txt ( 54.0900259099617 )
# 11.123338967358064 million keystrokes disbalance of the fingers ( 16.685008451037096 )
# 0.3272436026226434 % finger repeats top to bottom or vice versa ( 6.5822418881871805 )
# 4.316697853411115 % of trigrams have no handswitching (after direction change counted x 1 ) ( 19.09411248184255 )
# 8.669188427716492 billion (rows²/dist)² to cross ( 112.69944956031439 )
# 0.06984725788173979 hand disbalance. Left: 0.4301527421182602 %, Right: 0.5698472578817398 % ( 2.0449773686378494 )
# 1.463892377922877 badly positioned shortcut keys (weighted).
# 7.512638991920019 no handswitching after unbalancing key (weighted).
# 30.36073392462693 movement pattern cost (weighted).
# 0.862336969310224 asymmetric bigram cost (weighted).
# 13.03855589586315 irregularity cost (weighted).
# 16.98576641338428 manually assigned bigram penalty (weighted)
# 13.90356419259226 unbalancing key after neighboring finger (weighted)
# 0.862336969310224 asymmetrc bigrams (weighted)
# 11.810590849227724 inconsistent symmetries of similar keys (weighted)
# 13.03855589586315 irregularity cost for randomly sampled words (weighted).
# Finger load %: 9.1 9.3 8.0 9.9 - 14.2 14.7 9.4 9.8
 
