
# Evolved Layout
ßübcj ögäozxq
isnrl fteah⇘
uvpmy wd,.k
┌───┬───┬───┬───┬───┬───┬───┬───┬───┬───┬───┬───┬───┬──────┐
│ ^ │ 1 │ 2 │ 3 │ 4 │ 5 │ 6 │ 7 │ 8 │ 9 │ 0 │ - │ ` │ ←    │
├───┴─┬─┴─┬─┴─┬─┴─┬─┴─┬─┴─┬─┴─┬─┴─┬─┴─┬─┴─┬─┴─┬─┴─┬─┴─┬────┤
│   ⇥ │ ß │ ü │ b │ c │ j │ ö │ g │ ä │ o │ z │ x │ q │ Ret│
├─────┴┬──┴┬──┴┬──┴┬──┴┬──┴┬──┴┬──┴┬──┴┬──┴┬──┴┬──┴┬──┴┐   │
│    ⇩ │ i │ s │ n │ r │ l │ f │ t │ e │ a │ h │ ⇘ │ ´ │   │
├────┬─┴─┬─┴─┬─┴─┬─┴─┬─┴─┬─┴─┬─┴─┬─┴─┬─┴─┬─┴─┬─┴─┬─┴───┴───┤
│  ⇧ │ ⇚ │ u │ v │ p │ m │ y │ w │ d │ , │ . │ k │ ⇗       │
├────┼───┴┬──┴─┬─┴───┴───┴───┴───┴───┴─┬─┴──┬┴───┼────┬────┤
│Strg│ Fe │ Alt│      Leerzeichen      │ M4 │ Fe │ Me │Strg│
└────┴────┴────┴───────────────────────┴────┴────┴────┴────┘
# 9.49509181730901 x100 total penalty per letter
# 34.74948134759134 x10 billion total penalty compared to notime-noeffort
# 7.655301401255332 mean key position cost in file 1gramme.txt ( 56.03268686 )
# 9.444417123389803 % finger repeats in file 2gramme.txt ( 45.592045192662574 )
# 13.925294129862932 million keystrokes disbalance of the fingers ( 20.8879411947944 )
# 0.4001708408977775 % finger repeats top to bottom or vice versa ( 8.049114635942402 )
# 4.282696765151603 % of trigrams have no handswitching (after direction change counted x 1 ) ( 18.943714972964518 )
# 8.63460590568712 billion (rows²/dist)² to cross ( 112.24987677393257 )
# 0.015811916643722057 hand disbalance. Left: 0.48418808335627794 %, Right: 0.5158119166437221 % ( 0.462938885101932 )
# 0.7319461889614385 badly positioned shortcut keys (weighted).
# 7.428064667279533 no handswitching after unbalancing key (weighted).
# 28.23902350886836 movement pattern cost (weighted).
# 0.8699163056915942 asymmetric bigram cost (weighted).
# 4.325845973032812 irregularity cost (weighted).
# 17.519137048585026 manually assigned bigram penalty (weighted)
# 12.096894936657948 unbalancing key after neighboring finger (weighted)
# 0.8699163056915942 asymmetrc bigrams (weighted)
# 14.065666331438347 inconsistent symmetries of similar keys (weighted)
# 4.325845973032812 irregularity cost for randomly sampled words (weighted).
# Finger load %: 13.5 5.9 8.8 12.7 - 13.7 12.3 8.6 9.0
 
