
# Evolved Layout
öägüß xwldzqj
aehik cnrts⇘
oypuv mb,.f
┌───┬───┬───┬───┬───┬───┬───┬───┬───┬───┬───┬───┬───┬──────┐
│ ^ │ 1 │ 2 │ 3 │ 4 │ 5 │ 6 │ 7 │ 8 │ 9 │ 0 │ - │ ` │ ←    │
├───┴─┬─┴─┬─┴─┬─┴─┬─┴─┬─┴─┬─┴─┬─┴─┬─┴─┬─┴─┬─┴─┬─┴─┬─┴─┬────┤
│   ⇥ │ ö │ ä │ g │ ü │ ß │ x │ w │ l │ d │ z │ q │ j │ Ret│
├─────┴┬──┴┬──┴┬──┴┬──┴┬──┴┬──┴┬──┴┬──┴┬──┴┬──┴┬──┴┬──┴┐   │
│    ⇩ │ a │ e │ h │ i │ k │ c │ n │ r │ t │ s │ ⇘ │ ´ │   │
├────┬─┴─┬─┴─┬─┴─┬─┴─┬─┴─┬─┴─┬─┴─┬─┴─┬─┴─┬─┴─┬─┴─┬─┴───┴───┤
│  ⇧ │ ⇚ │ o │ y │ p │ u │ v │ m │ b │ , │ . │ f │ ⇗       │
├────┼───┴┬──┴─┬─┴───┴───┴───┴───┴───┴─┬─┴──┬┴───┼────┬────┤
│Strg│ Fe │ Alt│      Leerzeichen      │ M4 │ Fe │ Me │Strg│
└────┴────┴────┴───────────────────────┴────┴────┴────┴────┘
# 9.296102195457426 x100 total penalty per letter
# 34.02123287080562 x10 billion total penalty compared to notime-noeffort
# 7.589944069362016 mean key position cost in file 1gramme.txt ( 55.55430636 )
# 10.14027001881218 % finger repeats in file 2gramme.txt ( 48.95121032070123 )
# 14.438764470895054 million keystrokes disbalance of the fingers ( 21.658146706342578 )
# 0.37073163853199076 % finger repeats top to bottom or vice versa ( 7.456968756194371 )
# 2.254196012345098 % of trigrams have no handswitching (after direction change counted x 1 ) ( 9.971018050713454 )
# 8.029323139852147 billion (rows²/dist)² to cross ( 104.38120081807791 )
# 0.012728876401198297 hand disbalance. Left: 0.4872711235988017 %, Right: 0.5127288764011984 % ( 0.37267410286473135 )
# 1.463892377922877 badly positioned shortcut keys (weighted).
# 7.324294284878843 no handswitching after unbalancing key (weighted).
# 32.28912312075565 movement pattern cost (weighted).
# 0.8738081270605687 asymmetric bigram cost (weighted).
# 5.066859789795822 irregularity cost (weighted).
# 21.166194620081296 manually assigned bigram penalty (weighted)
# 10.73695683464116 unbalancing key after neighboring finger (weighted)
# 0.8738081270605687 asymmetrc bigrams (weighted)
# 12.945674438025742 inconsistent symmetries of similar keys (weighted)
# 5.066859789795822 irregularity cost for randomly sampled words (weighted).
# Finger load %: 13.0 11.7 6.2 10.2 - 14.2 9.1 9.5 10.5
 
