
# Evolved Layout
ülmkß öpaofäj
nrsug wtiec⇘
xzvhy bd,.q
┌───┬───┬───┬───┬───┬───┬───┬───┬───┬───┬───┬───┬───┬──────┐
│ ^ │ 1 │ 2 │ 3 │ 4 │ 5 │ 6 │ 7 │ 8 │ 9 │ 0 │ - │ ` │ ←    │
├───┴─┬─┴─┬─┴─┬─┴─┬─┴─┬─┴─┬─┴─┬─┴─┬─┴─┬─┴─┬─┴─┬─┴─┬─┴─┬────┤
│   ⇥ │ ü │ l │ m │ k │ ß │ ö │ p │ a │ o │ f │ ä │ j │ Ret│
├─────┴┬──┴┬──┴┬──┴┬──┴┬──┴┬──┴┬──┴┬──┴┬──┴┬──┴┬──┴┬──┴┐   │
│    ⇩ │ n │ r │ s │ u │ g │ w │ t │ i │ e │ c │ ⇘ │ ´ │   │
├────┬─┴─┬─┴─┬─┴─┬─┴─┬─┴─┬─┴─┬─┴─┬─┴─┬─┴─┬─┴─┬─┴─┬─┴───┴───┤
│  ⇧ │ ⇚ │ x │ z │ v │ h │ y │ b │ d │ , │ . │ q │ ⇗       │
├────┼───┴┬──┴─┬─┴───┴───┴───┴───┴───┴─┬─┴──┬┴───┼────┬────┤
│Strg│ Fe │ Alt│      Leerzeichen      │ M4 │ Fe │ Me │Strg│
└────┴────┴────┴───────────────────────┴────┴────┴────┴────┘
# 9.487460012838504 x100 total penalty per letter
# 34.72155099660591 x10 billion total penalty compared to notime-noeffort
# 7.3212146259051245 mean key position cost in file 1gramme.txt ( 53.58735144 )
# 11.559024527343256 % finger repeats in file 2gramme.txt ( 55.80011574547838 )
# 13.300882919168416 million keystrokes disbalance of the fingers ( 19.951324378752624 )
# 0.36985210433841975 % finger repeats top to bottom or vice versa ( 7.4392776332369825 )
# 3.5569716736359767 % of trigrams have no handswitching (after direction change counted x 1 ) ( 15.733604606461848 )
# 8.0901834953993 billion (rows²/dist)² to cross ( 105.1723854401909 )
# 0.051944744158844536 hand disbalance. Left: 0.44805525584115546 %, Right: 0.5519447441588445 % ( 1.520830300945728 )
# 0.36597309448071924 badly positioned shortcut keys (weighted).
# 8.041567066757782 no handswitching after unbalancing key (weighted).
# 30.65958487213537 movement pattern cost (weighted).
# 0.8719001955935082 asymmetric bigram cost (weighted).
# 4.971013488137778 irregularity cost (weighted).
# 19.098462157707402 manually assigned bigram penalty (weighted)
# 14.409822654034217 unbalancing key after neighboring finger (weighted)
# 0.8719001955935082 asymmetrc bigrams (weighted)
# 9.592296892145868 inconsistent symmetries of similar keys (weighted)
# 4.971013488137778 irregularity cost for randomly sampled words (weighted).
# Finger load %: 12.5 8.7 7.2 9.4 - 12.8 11.1 14.9 7.8
 
