
# Evolved Layout
ßlcgk öyofwqj
hrntd äeais⇘
zxpbv üu,.m
┌───┬───┬───┬───┬───┬───┬───┬───┬───┬───┬───┬───┬───┬──────┐
│ ^ │ 1 │ 2 │ 3 │ 4 │ 5 │ 6 │ 7 │ 8 │ 9 │ 0 │ - │ ` │ ←    │
├───┴─┬─┴─┬─┴─┬─┴─┬─┴─┬─┴─┬─┴─┬─┴─┬─┴─┬─┴─┬─┴─┬─┴─┬─┴─┬────┤
│   ⇥ │ ß │ l │ c │ g │ k │ ö │ y │ o │ f │ w │ q │ j │ Ret│
├─────┴┬──┴┬──┴┬──┴┬──┴┬──┴┬──┴┬──┴┬──┴┬──┴┬──┴┬──┴┬──┴┐   │
│    ⇩ │ h │ r │ n │ t │ d │ ä │ e │ a │ i │ s │ ⇘ │ ´ │   │
├────┬─┴─┬─┴─┬─┴─┬─┴─┬─┴─┬─┴─┬─┴─┬─┴─┬─┴─┬─┴─┬─┴─┬─┴───┴───┤
│  ⇧ │ ⇚ │ z │ x │ p │ b │ v │ ü │ u │ , │ . │ m │ ⇗       │
├────┼───┴┬──┴─┬─┴───┴───┴───┴───┴───┴─┬─┴──┬┴───┼────┬────┤
│Strg│ Fe │ Alt│      Leerzeichen      │ M4 │ Fe │ Me │Strg│
└────┴────┴────┴───────────────────────┴────┴────┴────┴────┘
# 9.812678742118367 x100 total penalty per letter
# 35.91176404398231 x10 billion total penalty compared to notime-noeffort
# 7.423417166376226 mean key position cost in file 1gramme.txt ( 54.33541904 )
# 10.965484240912366 % finger repeats in file 2gramme.txt ( 52.93485522076 )
# 12.74771805726617 million keystrokes disbalance of the fingers ( 19.121577085899254 )
# 0.4298897464239419 % finger repeats top to bottom or vice versa ( 8.646886519816235 )
# 2.6818213203809207 % of trigrams have no handswitching (after direction change counted x 1 ) ( 11.862539303530896 )
# 8.888205270586306 billion (rows²/dist)² to cross ( 115.54666851762198 )
# 0.020284627548868728 hand disbalance. Left: 0.47971537245113127 %, Right: 0.5202846275488687 % ( 0.5938902331558669 )
# 0.36597309448071924 badly positioned shortcut keys (weighted).
# 8.960732997290147 no handswitching after unbalancing key (weighted).
# 27.576039254246304 movement pattern cost (weighted).
# 0.8822556349120486 asymmetric bigram cost (weighted).
# 16.019588354499028 irregularity cost (weighted).
# 19.32723335202482 manually assigned bigram penalty (weighted)
# 15.154016371542165 unbalancing key after neighboring finger (weighted)
# 0.8822556349120486 asymmetrc bigrams (weighted)
# 7.789965460043591 inconsistent symmetries of similar keys (weighted)
# 16.019588354499028 irregularity cost for randomly sampled words (weighted).
# Finger load %: 9.3 8.2 9.6 13.3 - 15.4 8.4 8.3 11.9
 

# Evolved Layout
öoypj xflwzvß
iaetc mhrns⇘
uüäbq gd,.k
┌───┬───┬───┬───┬───┬───┬───┬───┬───┬───┬───┬───┬───┬──────┐
│ ^ │ 1 │ 2 │ 3 │ 4 │ 5 │ 6 │ 7 │ 8 │ 9 │ 0 │ - │ ` │ ←    │
├───┴─┬─┴─┬─┴─┬─┴─┬─┴─┬─┴─┬─┴─┬─┴─┬─┴─┬─┴─┬─┴─┬─┴─┬─┴─┬────┤
│   ⇥ │ ö │ o │ y │ p │ j │ x │ f │ l │ w │ z │ v │ ß │ Ret│
├─────┴┬──┴┬──┴┬──┴┬──┴┬──┴┬──┴┬──┴┬──┴┬──┴┬──┴┬──┴┬──┴┐   │
│    ⇩ │ i │ a │ e │ t │ c │ m │ h │ r │ n │ s │ ⇘ │ ´ │   │
├────┬─┴─┬─┴─┬─┴─┬─┴─┬─┴─┬─┴─┬─┴─┬─┴─┬─┴─┬─┴─┬─┴─┬─┴───┴───┤
│  ⇧ │ ⇚ │ u │ ü │ ä │ b │ q │ g │ d │ , │ . │ k │ ⇗       │
├────┼───┴┬──┴─┬─┴───┴───┴───┴───┴───┴─┬─┴──┬┴───┼────┬────┤
│Strg│ Fe │ Alt│      Leerzeichen      │ M4 │ Fe │ Me │Strg│
└────┴────┴────┴───────────────────────┴────┴────┴────┴────┘
# 8.978683058180632 x100 total penalty per letter
# 32.85956423163974 x10 billion total penalty compared to notime-noeffort
# 7.453483846593834 mean key position cost in file 1gramme.txt ( 54.55549096 )
# 8.36368423571475 % finger repeats in file 2gramme.txt ( 40.374907701556864 )
# 14.80619876830574 million keystrokes disbalance of the fingers ( 22.20929815245861 )
# 0.32922707556986597 % finger repeats top to bottom or vice versa ( 6.62213785135548 )
# 2.6017551822341116 % of trigrams have no handswitching (after direction change counted x 1 ) ( 11.508381588611414 )
# 8.474185951603584 billion (rows²/dist)² to cross ( 110.16441737084659 )
# 0.0076426812238667985 hand disbalance. Left: 0.5076426812238668 %, Right: 0.4923573187761332 % ( 0.22376125581025785 )
# 1.463892377922877 badly positioned shortcut keys (weighted).
# 7.884474211403937 no handswitching after unbalancing key (weighted).
# 24.384637957123495 movement pattern cost (weighted).
# 0.8643177642409313 asymmetric bigram cost (weighted).
# 3.8672353448678383 irregularity cost (weighted).
# 22.018721832261235 manually assigned bigram penalty (weighted)
# 11.726587466993994 unbalancing key after neighboring finger (weighted)
# 0.8643177642409313 asymmetrc bigrams (weighted)
# 10.727380480943884 inconsistent symmetries of similar keys (weighted)
# 3.8672353448678383 irregularity cost for randomly sampled words (weighted).
# Finger load %: 13.9 7.7 11.5 9.8 - 12.9 9.1 9.0 10.6
 
