
# Evolved Layout
üzgäö xpldfßj
uiseo wnrtc⇘
vykaq bh,.m
┌───┬───┬───┬───┬───┬───┬───┬───┬───┬───┬───┬───┬───┬──────┐
│ ^ │ 1 │ 2 │ 3 │ 4 │ 5 │ 6 │ 7 │ 8 │ 9 │ 0 │ - │ ` │ ←    │
├───┴─┬─┴─┬─┴─┬─┴─┬─┴─┬─┴─┬─┴─┬─┴─┬─┴─┬─┴─┬─┴─┬─┴─┬─┴─┬────┤
│   ⇥ │ ü │ z │ g │ ä │ ö │ x │ p │ l │ d │ f │ ß │ j │ Ret│
├─────┴┬──┴┬──┴┬──┴┬──┴┬──┴┬──┴┬──┴┬──┴┬──┴┬──┴┬──┴┬──┴┐   │
│    ⇩ │ u │ i │ s │ e │ o │ w │ n │ r │ t │ c │ ⇘ │ ´ │   │
├────┬─┴─┬─┴─┬─┴─┬─┴─┬─┴─┬─┴─┬─┴─┬─┴─┬─┴─┬─┴─┬─┴─┬─┴───┴───┤
│  ⇧ │ ⇚ │ v │ y │ k │ a │ q │ b │ h │ , │ . │ m │ ⇗       │
├────┼───┴┬──┴─┬─┴───┴───┴───┴───┴───┴─┬─┴──┬┴───┼────┬────┤
│Strg│ Fe │ Alt│      Leerzeichen      │ M4 │ Fe │ Me │Strg│
└────┴────┴────┴───────────────────────┴────┴────┴────┴────┘
# 9.340412120667425 x100 total penalty per letter
# 34.183395275258746 x10 billion total penalty compared to notime-noeffort
# 7.353541209958487 mean key position cost in file 1gramme.txt ( 53.82396464 )
# 14.084250477822819 % finger repeats in file 2gramme.txt ( 67.99040913804996 )
# 11.98798449538528 million keystrokes disbalance of the fingers ( 17.98197674307792 )
# 0.3811494805254874 % finger repeats top to bottom or vice versa ( 7.666515269570166 )
# 2.7005049246613653 % of trigrams have no handswitching (after direction change counted x 1 ) ( 11.945182762445942 )
# 8.552750973988216 billion (rows²/dist)² to cross ( 111.1857626618468 )
# 0.0022615644813925306 hand disbalance. Left: 0.49773843551860747 %, Right: 0.5022615644813925 % ( 0.0662137401298326 )
# 0.7319461889614385 badly positioned shortcut keys (weighted).
# 7.558393425465331 no handswitching after unbalancing key (weighted).
# 22.521714631894028 movement pattern cost (weighted).
# 0.8677602524288783 asymmetric bigram cost (weighted).
# 2.9095838972423684 irregularity cost (weighted).
# 16.380426733688193 manually assigned bigram penalty (weighted)
# 11.279053618944987 unbalancing key after neighboring finger (weighted)
# 0.8677602524288783 asymmetrc bigrams (weighted)
# 8.925049048841608 inconsistent symmetries of similar keys (weighted)
# 2.9095838972423684 irregularity cost for randomly sampled words (weighted).
# Finger load %: 9.1 6.7 7.7 18.5 - 14.3 9.1 9.5 9.5
 
