
# Evolved Layout
jpbcq öüufwxß
rntld äaesh⇘
yvkgz oi,.m
┌───┬───┬───┬───┬───┬───┬───┬───┬───┬───┬───┬───┬───┬──────┐
│ ^ │ 1 │ 2 │ 3 │ 4 │ 5 │ 6 │ 7 │ 8 │ 9 │ 0 │ - │ ` │ ←    │
├───┴─┬─┴─┬─┴─┬─┴─┬─┴─┬─┴─┬─┴─┬─┴─┬─┴─┬─┴─┬─┴─┬─┴─┬─┴─┬────┤
│   ⇥ │ j │ p │ b │ c │ q │ ö │ ü │ u │ f │ w │ x │ ß │ Ret│
├─────┴┬──┴┬──┴┬──┴┬──┴┬──┴┬──┴┬──┴┬──┴┬──┴┬──┴┬──┴┬──┴┐   │
│    ⇩ │ r │ n │ t │ l │ d │ ä │ a │ e │ s │ h │ ⇘ │ ´ │   │
├────┬─┴─┬─┴─┬─┴─┬─┴─┬─┴─┬─┴─┬─┴─┬─┴─┬─┴─┬─┴─┬─┴─┬─┴───┴───┤
│  ⇧ │ ⇚ │ y │ v │ k │ g │ z │ o │ i │ , │ . │ m │ ⇗       │
├────┼───┴┬──┴─┬─┴───┴───┴───┴───┴───┴─┬─┴──┬┴───┼────┬────┤
│Strg│ Fe │ Alt│      Leerzeichen      │ M4 │ Fe │ Me │Strg│
└────┴────┴────┴───────────────────────┴────┴────┴────┴────┘
# 9.491069326925428 x100 total penalty per letter
# 34.734760115059366 x10 billion total penalty compared to notime-noeffort
# 7.592276456668277 mean key position cost in file 1gramme.txt ( 55.57137818 )
# 12.660234669047071 % finger repeats in file 2gramme.txt ( 61.11610527572039 )
# 12.752006791950759 million keystrokes disbalance of the fingers ( 19.128010187926137 )
# 0.28813209004834445 % finger repeats top to bottom or vice versa ( 5.795545267340552 )
# 2.454038942533321 % of trigrams have no handswitching (after direction change counted x 1 ) ( 10.854986194256234 )
# 8.43044133242282 billion (rows²/dist)² to cross ( 109.59573732149664 )
# 0.05305063310981345 hand disbalance. Left: 0.44694936689018655 %, Right: 0.5530506331098135 % ( 1.5532083490687785 )
# 0.7319461889614385 badly positioned shortcut keys (weighted).
# 8.133518343302168 no handswitching after unbalancing key (weighted).
# 27.75267972032585 movement pattern cost (weighted).
# 0.890234670555167 asymmetric bigram cost (weighted).
# 5.563966253755874 irregularity cost (weighted).
# 17.717676185625635 manually assigned bigram penalty (weighted)
# 10.746427023517285 unbalancing key after neighboring finger (weighted)
# 0.890234670555167 asymmetrc bigrams (weighted)
# 12.196181988741515 inconsistent symmetries of similar keys (weighted)
# 5.563966253755874 irregularity cost for randomly sampled words (weighted).
# Finger load %: 11.0 8.3 7.3 11.1 - 14.3 14.5 7.5 10.4
 
