
# Evolved Layout
ßplgk öüoufvj
mnrtb äaehs⇘
czxdq yi,.w
┌───┬───┬───┬───┬───┬───┬───┬───┬───┬───┬───┬───┬───┬──────┐
│ ^ │ 1 │ 2 │ 3 │ 4 │ 5 │ 6 │ 7 │ 8 │ 9 │ 0 │ - │ ` │ ←    │
├───┴─┬─┴─┬─┴─┬─┴─┬─┴─┬─┴─┬─┴─┬─┴─┬─┴─┬─┴─┬─┴─┬─┴─┬─┴─┬────┤
│   ⇥ │ ß │ p │ l │ g │ k │ ö │ ü │ o │ u │ f │ v │ j │ Ret│
├─────┴┬──┴┬──┴┬──┴┬──┴┬──┴┬──┴┬──┴┬──┴┬──┴┬──┴┬──┴┬──┴┐   │
│    ⇩ │ m │ n │ r │ t │ b │ ä │ a │ e │ h │ s │ ⇘ │ ´ │   │
├────┬─┴─┬─┴─┬─┴─┬─┴─┬─┴─┬─┴─┬─┴─┬─┴─┬─┴─┬─┴─┬─┴─┬─┴───┴───┤
│  ⇧ │ ⇚ │ c │ z │ x │ d │ q │ y │ i │ , │ . │ w │ ⇗       │
├────┼───┴┬──┴─┬─┴───┴───┴───┴───┴───┴─┬─┴──┬┴───┼────┬────┤
│Strg│ Fe │ Alt│      Leerzeichen      │ M4 │ Fe │ Me │Strg│
└────┴────┴────┴───────────────────────┴────┴────┴────┴────┘
# 9.341675879925486 x100 total penalty per letter
# 34.18802029412227 x10 billion total penalty compared to notime-noeffort
# 7.625028492762645 mean key position cost in file 1gramme.txt ( 55.81110546 )
# 9.89797370298848 % finger repeats in file 2gramme.txt ( 47.78154739320393 )
# 12.91208181861417 million keystrokes disbalance of the fingers ( 19.368122727921254 )
# 0.3108448664807168 % finger repeats top to bottom or vice versa ( 6.25239449902007 )
# 2.11352776881823 % of trigrams have no handswitching (after direction change counted x 1 ) ( 9.34879816047889 )
# 8.689294647214846 billion (rows²/dist)² to cross ( 112.960830413793 )
# 0.042631869225895014 hand disbalance. Left: 0.457368130774105 %, Right: 0.542631869225895 % ( 1.2481693683278516 )
# 0.36597309448071924 badly positioned shortcut keys (weighted).
# 8.40712098600518 no handswitching after unbalancing key (weighted).
# 25.26720339861405 movement pattern cost (weighted).
# 0.8713583891725435 asymmetric bigram cost (weighted).
# 11.35003079238864 irregularity cost (weighted).
# 20.515683801613058 manually assigned bigram penalty (weighted)
# 11.188521450280017 unbalancing key after neighboring finger (weighted)
# 0.8713583891725435 asymmetrc bigrams (weighted)
# 11.143343005923466 inconsistent symmetries of similar keys (weighted)
# 11.35003079238864 irregularity cost for randomly sampled words (weighted).
# Finger load %: 9.6 8.3 8.0 12.7 - 12.0 14.7 7.1 12.0
 
