
# Evolved Layout
jgdvq öüfuyxß
rctnb oesih⇘
zmklp äa,.w
┌───┬───┬───┬───┬───┬───┬───┬───┬───┬───┬───┬───┬───┬──────┐
│ ^ │ 1 │ 2 │ 3 │ 4 │ 5 │ 6 │ 7 │ 8 │ 9 │ 0 │ - │ ` │ ←    │
├───┴─┬─┴─┬─┴─┬─┴─┬─┴─┬─┴─┬─┴─┬─┴─┬─┴─┬─┴─┬─┴─┬─┴─┬─┴─┬────┤
│   ⇥ │ j │ g │ d │ v │ q │ ö │ ü │ f │ u │ y │ x │ ß │ Ret│
├─────┴┬──┴┬──┴┬──┴┬──┴┬──┴┬──┴┬──┴┬──┴┬──┴┬──┴┬──┴┬──┴┐   │
│    ⇩ │ r │ c │ t │ n │ b │ o │ e │ s │ i │ h │ ⇘ │ ´ │   │
├────┬─┴─┬─┴─┬─┴─┬─┴─┬─┴─┬─┴─┬─┴─┬─┴─┬─┴─┬─┴─┬─┴─┬─┴───┴───┤
│  ⇧ │ ⇚ │ z │ m │ k │ l │ p │ ä │ a │ , │ . │ w │ ⇗       │
├────┼───┴┬──┴─┬─┴───┴───┴───┴───┴───┴─┬─┴──┬┴───┼────┬────┤
│Strg│ Fe │ Alt│      Leerzeichen      │ M4 │ Fe │ Me │Strg│
└────┴────┴────┴───────────────────────┴────┴────┴────┴────┘
# 9.905502385287717 x100 total penalty per letter
# 36.25147360329891 x10 billion total penalty compared to notime-noeffort
# 7.6811594278226325 mean key position cost in file 1gramme.txt ( 56.2219537 )
# 12.538242370635095 % finger repeats in file 2gramme.txt ( 60.52719880222495 )
# 13.227053115542112 million keystrokes disbalance of the fingers ( 19.84057967331317 )
# 0.35131258917849617 % finger repeats top to bottom or vice versa ( 7.06637019579794 )
# 2.409518818865354 % of trigrams have no handswitching (after direction change counted x 1 ) ( 10.6580596828605 )
# 8.526157218248036 billion (rows²/dist)² to cross ( 110.84004383722447 )
# 0.03808748313655724 hand disbalance. Left: 0.46191251686344276 %, Right: 0.5380874831365573 % ( 1.1151195251574453 )
# 0.36597309448071924 badly positioned shortcut keys (weighted).
# 9.044708633583195 no handswitching after unbalancing key (weighted).
# 23.789661656700602 movement pattern cost (weighted).
# 0.8662484380485723 asymmetric bigram cost (weighted).
# 20.800120244115785 irregularity cost (weighted).
# 16.828311220025547 manually assigned bigram penalty (weighted)
# 10.87031213753161 unbalancing key after neighboring finger (weighted)
# 0.8662484380485723 asymmetrc bigrams (weighted)
# 13.680075191924557 inconsistent symmetries of similar keys (weighted)
# 20.800120244115785 irregularity cost for randomly sampled words (weighted).
# Finger load %: 11.0 6.3 9.1 12.5 - 19.6 7.3 9.4 9.2
 

# Evolved Layout
ßgäöü wdlbzqj
uheio ctrns⇘
kvxay pf,.m
┌───┬───┬───┬───┬───┬───┬───┬───┬───┬───┬───┬───┬───┬──────┐
│ ^ │ 1 │ 2 │ 3 │ 4 │ 5 │ 6 │ 7 │ 8 │ 9 │ 0 │ - │ ` │ ←    │
├───┴─┬─┴─┬─┴─┬─┴─┬─┴─┬─┴─┬─┴─┬─┴─┬─┴─┬─┴─┬─┴─┬─┴─┬─┴─┬────┤
│   ⇥ │ ß │ g │ ä │ ö │ ü │ w │ d │ l │ b │ z │ q │ j │ Ret│
├─────┴┬──┴┬──┴┬──┴┬──┴┬──┴┬──┴┬──┴┬──┴┬──┴┬──┴┬──┴┬──┴┐   │
│    ⇩ │ u │ h │ e │ i │ o │ c │ t │ r │ n │ s │ ⇘ │ ´ │   │
├────┬─┴─┬─┴─┬─┴─┬─┴─┬─┴─┬─┴─┬─┴─┬─┴─┬─┴─┬─┴─┬─┴─┬─┴───┴───┤
│  ⇧ │ ⇚ │ k │ v │ x │ a │ y │ p │ f │ , │ . │ m │ ⇗       │
├────┼───┴┬──┴─┬─┴───┴───┴───┴───┴───┴─┬─┴──┬┴───┼────┬────┤
│Strg│ Fe │ Alt│      Leerzeichen      │ M4 │ Fe │ Me │Strg│
└────┴────┴────┴───────────────────────┴────┴────┴────┴────┘
# 9.123856723700614 x100 total penalty per letter
# 33.39086078771431 x10 billion total penalty compared to notime-noeffort
# 7.660145929519126 mean key position cost in file 1gramme.txt ( 56.0681462 )
# 11.384483367443972 % finger repeats in file 2gramme.txt ( 54.95753453097439 )
# 12.098715993815805 million keystrokes disbalance of the fingers ( 18.14807399072371 )
# 0.3446260325743286 % finger repeats top to bottom or vice versa ( 6.931875487223182 )
# 2.1821036290074964 % of trigrams have no handswitching (after direction change counted x 1 ) ( 9.652130761568458 )
# 7.917952923738701 billion (rows²/dist)² to cross ( 102.93338800860312 )
# 0.020595513549066913 hand disbalance. Left: 0.4794044864509331 %, Right: 0.520595513549067 % ( 0.6029923060777279 )
# 0.7319461889614385 badly positioned shortcut keys (weighted).
# 9.558283325410558 no handswitching after unbalancing key (weighted).
# 22.96873273013013 movement pattern cost (weighted).
# 0.8656468790362043 asymmetric bigram cost (weighted).
# 10.307656082555592 irregularity cost (weighted).
# 20.19868540736933 manually assigned bigram penalty (weighted)
# 12.193550518465692 unbalancing key after neighboring finger (weighted)
# 0.8656468790362043 asymmetrc bigrams (weighted)
# 7.789965460043591 inconsistent symmetries of similar keys (weighted)
# 10.307656082555592 irregularity cost for randomly sampled words (weighted).
# Finger load %: 9.5 6.1 11.2 13.6 - 14.8 9.1 9.2 10.8
 
