
# Evolved Layout
üuozj qfpmkxß
aierc wtnsh⇘
vyälö bd,.g
┌───┬───┬───┬───┬───┬───┬───┬───┬───┬───┬───┬───┬───┬──────┐
│ ^ │ 1 │ 2 │ 3 │ 4 │ 5 │ 6 │ 7 │ 8 │ 9 │ 0 │ - │ ` │ ←    │
├───┴─┬─┴─┬─┴─┬─┴─┬─┴─┬─┴─┬─┴─┬─┴─┬─┴─┬─┴─┬─┴─┬─┴─┬─┴─┬────┤
│   ⇥ │ ü │ u │ o │ z │ j │ q │ f │ p │ m │ k │ x │ ß │ Ret│
├─────┴┬──┴┬──┴┬──┴┬──┴┬──┴┬──┴┬──┴┬──┴┬──┴┬──┴┬──┴┬──┴┐   │
│    ⇩ │ a │ i │ e │ r │ c │ w │ t │ n │ s │ h │ ⇘ │ ´ │   │
├────┬─┴─┬─┴─┬─┴─┬─┴─┬─┴─┬─┴─┬─┴─┬─┴─┬─┴─┬─┴─┬─┴─┬─┴───┴───┤
│  ⇧ │ ⇚ │ v │ y │ ä │ l │ ö │ b │ d │ , │ . │ g │ ⇗       │
├────┼───┴┬──┴─┬─┴───┴───┴───┴───┴───┴─┬─┴──┬┴───┼────┬────┤
│Strg│ Fe │ Alt│      Leerzeichen      │ M4 │ Fe │ Me │Strg│
└────┴────┴────┴───────────────────────┴────┴────┴────┴────┘
# 9.349088912258521 x100 total penalty per letter
# 34.21514999794633 x10 billion total penalty compared to notime-noeffort
# 7.2531022608817635 mean key position cost in file 1gramme.txt ( 53.08880558 )
# 10.196261768910635 % finger repeats in file 2gramme.txt ( 49.221505286240486 )
# 12.250530638566957 million keystrokes disbalance of the fingers ( 18.375795957850436 )
# 0.3746354713517443 % finger repeats top to bottom or vice versa ( 7.535491213790869 )
# 3.0848075759462796 % of trigrams have no handswitching (after direction change counted x 1 ) ( 13.645074276721362 )
# 8.138721599671042 billion (rows²/dist)² to cross ( 105.80338079572356 )
# 0.031039831349629288 hand disbalance. Left: 0.5310398313496293 %, Right: 0.4689601686503707 % ( 0.9087794504946777 )
# 0.7319461889614385 badly positioned shortcut keys (weighted).
# 6.594765143010791 no handswitching after unbalancing key (weighted).
# 27.24303110356162 movement pattern cost (weighted).
# 0.8573924015674862 asymmetric bigram cost (weighted).
# 21.724833718266105 irregularity cost (weighted).
# 17.22532786476179 manually assigned bigram penalty (weighted)
# 10.270321949671033 unbalancing key after neighboring finger (weighted)
# 0.8573924015674862 asymmetrc bigrams (weighted)
# 8.925049048841608 inconsistent symmetries of similar keys (weighted)
# 21.724833718266105 irregularity cost for randomly sampled words (weighted).
# Finger load %: 11.3 8.6 13.8 11.1 - 13.1 8.7 8.0 9.9
 
