
# Evolved Layout
ßlyüö kfmupvj
crneo gtsih⇘
zxäaq wd,.b
┌───┬───┬───┬───┬───┬───┬───┬───┬───┬───┬───┬───┬───┬──────┐
│ ^ │ 1 │ 2 │ 3 │ 4 │ 5 │ 6 │ 7 │ 8 │ 9 │ 0 │ - │ ` │ ←    │
├───┴─┬─┴─┬─┴─┬─┴─┬─┴─┬─┴─┬─┴─┬─┴─┬─┴─┬─┴─┬─┴─┬─┴─┬─┴─┬────┤
│   ⇥ │ ß │ l │ y │ ü │ ö │ k │ f │ m │ u │ p │ v │ j │ Ret│
├─────┴┬──┴┬──┴┬──┴┬──┴┬──┴┬──┴┬──┴┬──┴┬──┴┬──┴┬──┴┬──┴┐   │
│    ⇩ │ c │ r │ n │ e │ o │ g │ t │ s │ i │ h │ ⇘ │ ´ │   │
├────┬─┴─┬─┴─┬─┴─┬─┴─┬─┴─┬─┴─┬─┴─┬─┴─┬─┴─┬─┴─┬─┴─┬─┴───┴───┤
│  ⇧ │ ⇚ │ z │ x │ ä │ a │ q │ w │ d │ , │ . │ b │ ⇗       │
├────┼───┴┬──┴─┬─┴───┴───┴───┴───┴───┴─┬─┴──┬┴───┼────┬────┤
│Strg│ Fe │ Alt│      Leerzeichen      │ M4 │ Fe │ Me │Strg│
└────┴────┴────┴───────────────────────┴────┴────┴────┴────┘
# 9.140924362479566 x100 total penalty per letter
# 33.45332375350843 x10 billion total penalty compared to notime-noeffort
# 7.417361838721213 mean key position cost in file 1gramme.txt ( 54.2910973 )
# 11.19260711411675 % finger repeats in file 2gramme.txt ( 54.031269765367185 )
# 12.076872824457961 million keystrokes disbalance of the fingers ( 18.115309236686944 )
# 0.330094025769067 % finger repeats top to bottom or vice versa ( 6.639575857386521 )
# 4.420926951614631 % of trigrams have no handswitching (after direction change counted x 1 ) ( 19.555150569881604 )
# 7.76866898159057 billion (rows²/dist)² to cross ( 100.9926967606774 )
# 0.010326374237717095 hand disbalance. Left: 0.5103263742377171 %, Right: 0.48967362576228285 % ( 0.30233401076346433 )
# 0.36597309448071924 badly positioned shortcut keys (weighted).
# 8.599101061170975 no handswitching after unbalancing key (weighted).
# 25.24587209268722 movement pattern cost (weighted).
# 0.8727027986753324 asymmetric bigram cost (weighted).
# 3.9426841202476206 irregularity cost (weighted).
# 15.80821817136004 manually assigned bigram penalty (weighted)
# 12.825578257673456 unbalancing key after neighboring finger (weighted)
# 0.8727027986753324 asymmetrc bigrams (weighted)
# 12.945674438025744 inconsistent symmetries of similar keys (weighted)
# 3.9426841202476206 irregularity cost for randomly sampled words (weighted).
# Finger load %: 9.1 8.2 7.1 18.6 - 14.6 7.8 9.4 9.5
 
