
# Evolved Layout
jkupß xfhyäqö
rsinb wtmea⇘
lzücv gd,.o
┌───┬───┬───┬───┬───┬───┬───┬───┬───┬───┬───┬───┬───┬──────┐
│ ^ │ 1 │ 2 │ 3 │ 4 │ 5 │ 6 │ 7 │ 8 │ 9 │ 0 │ - │ ` │ ←    │
├───┴─┬─┴─┬─┴─┬─┴─┬─┴─┬─┴─┬─┴─┬─┴─┬─┴─┬─┴─┬─┴─┬─┴─┬─┴─┬────┤
│   ⇥ │ j │ k │ u │ p │ ß │ x │ f │ h │ y │ ä │ q │ ö │ Ret│
├─────┴┬──┴┬──┴┬──┴┬──┴┬──┴┬──┴┬──┴┬──┴┬──┴┬──┴┬──┴┬──┴┐   │
│    ⇩ │ r │ s │ i │ n │ b │ w │ t │ m │ e │ a │ ⇘ │ ´ │   │
├────┬─┴─┬─┴─┬─┴─┬─┴─┬─┴─┬─┴─┬─┴─┬─┴─┬─┴─┬─┴─┬─┴─┬─┴───┴───┤
│  ⇧ │ ⇚ │ l │ z │ ü │ c │ v │ g │ d │ , │ . │ o │ ⇗       │
├────┼───┴┬──┴─┬─┴───┴───┴───┴───┴───┴─┬─┴──┬┴───┼────┬────┤
│Strg│ Fe │ Alt│      Leerzeichen      │ M4 │ Fe │ Me │Strg│
└────┴────┴────┴───────────────────────┴────┴────┴────┴────┘
# 9.464814037857376 x100 total penalty per letter
# 34.63867282119216 x10 billion total penalty compared to notime-noeffort
# 7.746188959662312 mean key position cost in file 1gramme.txt ( 56.69793488 )
# 8.931486856286906 % finger repeats in file 2gramme.txt ( 43.11592203832585 )
# 15.65652395075447 million keystrokes disbalance of the fingers ( 23.484785926131707 )
# 0.36641365037359536 % finger repeats top to bottom or vice versa ( 7.370115897036538 )
# 4.149319089176452 % of trigrams have no handswitching (after direction change counted x 1 ) ( 18.353743556358694 )
# 8.48188328390142 billion (rows²/dist)² to cross ( 110.26448269071844 )
# 0.023872376080670166 hand disbalance. Left: 0.47612762391932983 %, Right: 0.5238723760806702 % ( 0.6989317877480292 )
# 1.0979192834421578 badly positioned shortcut keys (weighted).
# 6.875861260631382 no handswitching after unbalancing key (weighted).
# 28.919731341670936 movement pattern cost (weighted).
# 0.8809769113739148 asymmetric bigram cost (weighted).
# 2.802971371184407 irregularity cost (weighted).
# 22.612097728620462 manually assigned bigram penalty (weighted)
# 9.879987961139491 unbalancing key after neighboring finger (weighted)
# 0.8809769113739148 asymmetrc bigrams (weighted)
# 13.331265577539531 inconsistent symmetries of similar keys (weighted)
# 2.802971371184407 irregularity cost for randomly sampled words (weighted).
# Finger load %: 13.4 6.5 8.3 11.9 - 13.8 6.3 12.6 11.5
 
