
# Evolved Layout
ömdvß xfoayzj
urtnl kseih⇘
cäbpq wg,.ü
┌───┬───┬───┬───┬───┬───┬───┬───┬───┬───┬───┬───┬───┬──────┐
│ ^ │ 1 │ 2 │ 3 │ 4 │ 5 │ 6 │ 7 │ 8 │ 9 │ 0 │ - │ ` │ ←    │
├───┴─┬─┴─┬─┴─┬─┴─┬─┴─┬─┴─┬─┴─┬─┴─┬─┴─┬─┴─┬─┴─┬─┴─┬─┴─┬────┤
│   ⇥ │ ö │ m │ d │ v │ ß │ x │ f │ o │ a │ y │ z │ j │ Ret│
├─────┴┬──┴┬──┴┬──┴┬──┴┬──┴┬──┴┬──┴┬──┴┬──┴┬──┴┬──┴┬──┴┐   │
│    ⇩ │ u │ r │ t │ n │ l │ k │ s │ e │ i │ h │ ⇘ │ ´ │   │
├────┬─┴─┬─┴─┬─┴─┬─┴─┬─┴─┬─┴─┬─┴─┬─┴─┬─┴─┬─┴─┬─┴─┬─┴───┴───┤
│  ⇧ │ ⇚ │ c │ ä │ b │ p │ q │ w │ g │ , │ . │ ü │ ⇗       │
├────┼───┴┬──┴─┬─┴───┴───┴───┴───┴───┴─┬─┴──┬┴───┼────┬────┤
│Strg│ Fe │ Alt│      Leerzeichen      │ M4 │ Fe │ Me │Strg│
└────┴────┴────┴───────────────────────┴────┴────┴────┴────┘
# 9.713462478362379 x100 total penalty per letter
# 35.54865921328636 x10 billion total penalty compared to notime-noeffort
# 7.39390749158627 mean key position cost in file 1gramme.txt ( 54.1194241 )
# 11.772223898238954 % finger repeats in file 2gramme.txt ( 56.829315877782044 )
# 11.04003627613942 million keystrokes disbalance of the fingers ( 16.56005441420913 )
# 0.35560988219612427 % finger repeats top to bottom or vice versa ( 7.152806788842857 )
# 3.427083082651629 % of trigrams have no handswitching (after direction change counted x 1 ) ( 15.159066510309636 )
# 8.43428806495815 billion (rows²/dist)² to cross ( 109.64574484445595 )
# 0.04250198117577364 hand disbalance. Left: 0.45749801882422636 %, Right: 0.5425019811757736 % ( 1.2443665257967327 )
# 0.7319461889614385 badly positioned shortcut keys (weighted).
# 7.393455043848505 no handswitching after unbalancing key (weighted).
# 35.81272994849269 movement pattern cost (weighted).
# 0.8940042258729132 asymmetric bigram cost (weighted).
# 3.723823945751606 irregularity cost (weighted).
# 17.064762927885933 manually assigned bigram penalty (weighted)
# 13.21994011651903 unbalancing key after neighboring finger (weighted)
# 0.8940042258729132 asymmetrc bigrams (weighted)
# 15.93515067413518 inconsistent symmetries of similar keys (weighted)
# 3.723823945751606 irregularity cost for randomly sampled words (weighted).
# Finger load %: 10.4 7.4 9.5 11.2 - 11.3 14.7 11.3 8.5
 
