
# Evolved Layout
ßuyäö vdmlwzj
gheio ftsrn⇘
küqax bc,.p
┌───┬───┬───┬───┬───┬───┬───┬───┬───┬───┬───┬───┬───┬──────┐
│ ^ │ 1 │ 2 │ 3 │ 4 │ 5 │ 6 │ 7 │ 8 │ 9 │ 0 │ - │ ` │ ←    │
├───┴─┬─┴─┬─┴─┬─┴─┬─┴─┬─┴─┬─┴─┬─┴─┬─┴─┬─┴─┬─┴─┬─┴─┬─┴─┬────┤
│   ⇥ │ ß │ u │ y │ ä │ ö │ v │ d │ m │ l │ w │ z │ j │ Ret│
├─────┴┬──┴┬──┴┬──┴┬──┴┬──┴┬──┴┬──┴┬──┴┬──┴┬──┴┬──┴┬──┴┐   │
│    ⇩ │ g │ h │ e │ i │ o │ f │ t │ s │ r │ n │ ⇘ │ ´ │   │
├────┬─┴─┬─┴─┬─┴─┬─┴─┬─┴─┬─┴─┬─┴─┬─┴─┬─┴─┬─┴─┬─┴─┬─┴───┴───┤
│  ⇧ │ ⇚ │ k │ ü │ q │ a │ x │ b │ c │ , │ . │ p │ ⇗       │
├────┼───┴┬──┴─┬─┴───┴───┴───┴───┴───┴─┬─┴──┬┴───┼────┬────┤
│Strg│ Fe │ Alt│      Leerzeichen      │ M4 │ Fe │ Me │Strg│
└────┴────┴────┴───────────────────────┴────┴────┴────┴────┘
# 8.982750357731769 x100 total penalty per letter
# 32.87444945366884 x10 billion total penalty compared to notime-noeffort
# 7.591260330057857 mean key position cost in file 1gramme.txt ( 55.56394068 )
# 11.232485900088996 % finger repeats in file 2gramme.txt ( 54.223780895331174 )
# 13.379092901930697 million keystrokes disbalance of the fingers ( 20.068639352896046 )
# 0.38567547041825706 % finger repeats top to bottom or vice versa ( 7.757551916334055 )
# 2.0123852445806367 % of trigrams have no handswitching (after direction change counted x 1 ) ( 8.901412960015064 )
# 7.877585065748732 billion (rows²/dist)² to cross ( 102.40860585473351 )
# 0.026684338245111072 hand disbalance. Left: 0.47331566175488893 %, Right: 0.5266843382451111 % ( 0.7812599873386804 )
# 1.463892377922877 badly positioned shortcut keys (weighted).
# 9.37399663040089 no handswitching after unbalancing key (weighted).
# 22.11652044674213 movement pattern cost (weighted).
# 0.8787975999588215 asymmetric bigram cost (weighted).
# 5.108189755628104 irregularity cost (weighted).
# 20.30041574480448 manually assigned bigram penalty (weighted)
# 10.138040531842037 unbalancing key after neighboring finger (weighted)
# 0.8787975999588215 asymmetrc bigrams (weighted)
# 9.659449802740426 inconsistent symmetries of similar keys (weighted)
# 5.108189755628104 irregularity cost for randomly sampled words (weighted).
# Finger load %: 9.1 6.2 11.3 13.4 - 14.7 7.8 9.3 12.7
 
