
# Evolved Layout
ßugäö vwmlzjq
hiteo bnsrd⇘
kxyaü fp,.c
┌───┬───┬───┬───┬───┬───┬───┬───┬───┬───┬───┬───┬───┬──────┐
│ ^ │ 1 │ 2 │ 3 │ 4 │ 5 │ 6 │ 7 │ 8 │ 9 │ 0 │ - │ ` │ ←    │
├───┴─┬─┴─┬─┴─┬─┴─┬─┴─┬─┴─┬─┴─┬─┴─┬─┴─┬─┴─┬─┴─┬─┴─┬─┴─┬────┤
│   ⇥ │ ß │ u │ g │ ä │ ö │ v │ w │ m │ l │ z │ j │ q │ Ret│
├─────┴┬──┴┬──┴┬──┴┬──┴┬──┴┬──┴┬──┴┬──┴┬──┴┬──┴┬──┴┬──┴┐   │
│    ⇩ │ h │ i │ t │ e │ o │ b │ n │ s │ r │ d │ ⇘ │ ´ │   │
├────┬─┴─┬─┴─┬─┴─┬─┴─┬─┴─┬─┴─┬─┴─┬─┴─┬─┴─┬─┴─┬─┴─┬─┴───┴───┤
│  ⇧ │ ⇚ │ k │ x │ y │ a │ ü │ f │ p │ , │ . │ c │ ⇗       │
├────┼───┴┬──┴─┬─┴───┴───┴───┴───┴───┴─┬─┴──┬┴───┼────┬────┤
│Strg│ Fe │ Alt│      Leerzeichen      │ M4 │ Fe │ Me │Strg│
└────┴────┴────┴───────────────────────┴────┴────┴────┴────┘
# 9.156871709678672 x100 total penalty per letter
# 33.51168675354058 x10 billion total penalty compared to notime-noeffort
# 7.375524683938768 mean key position cost in file 1gramme.txt ( 53.98487184 )
# 11.70594249058634 % finger repeats in file 2gramme.txt ( 56.50934854749045 )
# 12.69094238839243 million keystrokes disbalance of the fingers ( 19.036413582588647 )
# 0.26318342142272616 % finger repeats top to bottom or vice versa ( 5.293722862361679 )
# 3.263616851003491 % of trigrams have no handswitching (after direction change counted x 1 ) ( 14.436003947196484 )
# 7.9461289555087715 billion (rows²/dist)² to cross ( 103.29967642161402 )
# 0.027977187163778283 hand disbalance. Left: 0.5279771871637783 %, Right: 0.4720228128362218 % ( 0.8191118208955357 )
# 1.0979192834421578 badly positioned shortcut keys (weighted).
# 7.860338090392767 no handswitching after unbalancing key (weighted).
# 27.77637198279793 movement pattern cost (weighted).
# 0.8740103762261993 asymmetric bigram cost (weighted).
# 3.3909418962300677 irregularity cost (weighted).
# 16.19192200025789 manually assigned bigram penalty (weighted)
# 10.435085471622523 unbalancing key after neighboring finger (weighted)
# 0.8740103762261993 asymmetrc bigrams (weighted)
# 14.111129412289552 inconsistent symmetries of similar keys (weighted)
# 3.3909418962300677 irregularity cost for randomly sampled words (weighted).
# Finger load %: 10.1 8.4 7.3 18.8 - 13.0 7.8 9.3 9.8
 
