
# Evolved Layout
ßglpq öäufwxj
htrnb üeisd⇘
kyzcv oa,.m
┌───┬───┬───┬───┬───┬───┬───┬───┬───┬───┬───┬───┬───┬──────┐
│ ^ │ 1 │ 2 │ 3 │ 4 │ 5 │ 6 │ 7 │ 8 │ 9 │ 0 │ - │ ` │ ←    │
├───┴─┬─┴─┬─┴─┬─┴─┬─┴─┬─┴─┬─┴─┬─┴─┬─┴─┬─┴─┬─┴─┬─┴─┬─┴─┬────┤
│   ⇥ │ ß │ g │ l │ p │ q │ ö │ ä │ u │ f │ w │ x │ j │ Ret│
├─────┴┬──┴┬──┴┬──┴┬──┴┬──┴┬──┴┬──┴┬──┴┬──┴┬──┴┬──┴┬──┴┐   │
│    ⇩ │ h │ t │ r │ n │ b │ ü │ e │ i │ s │ d │ ⇘ │ ´ │   │
├────┬─┴─┬─┴─┬─┴─┬─┴─┬─┴─┬─┴─┬─┴─┬─┴─┬─┴─┬─┴─┬─┴─┬─┴───┴───┤
│  ⇧ │ ⇚ │ k │ y │ z │ c │ v │ o │ a │ , │ . │ m │ ⇗       │
├────┼───┴┬──┴─┬─┴───┴───┴───┴───┴───┴─┬─┴──┬┴───┼────┬────┤
│Strg│ Fe │ Alt│      Leerzeichen      │ M4 │ Fe │ Me │Strg│
└────┴────┴────┴───────────────────────┴────┴────┴────┴────┘
# 9.283918289421127 x100 total penalty per letter
# 33.976643052855955 x10 billion total penalty compared to notime-noeffort
# 7.437829668496045 mean key position cost in file 1gramme.txt ( 54.4409108 )
# 12.460160983165109 % finger repeats in file 2gramme.txt ( 60.15026816693766 )
# 12.914443162467718 million keystrokes disbalance of the fingers ( 19.371664743701576 )
# 0.322312785636567 % finger repeats top to bottom or vice versa ( 6.483062470014833 )
# 3.738794453592107 % of trigrams have no handswitching (after direction change counted x 1 ) ( 16.53786395704397 )
# 7.880127147704321 billion (rows²/dist)² to cross ( 102.44165292015617 )
# 0.05230107574645154 hand disbalance. Left: 0.44769892425354846 %, Right: 0.5523010757464516 % ( 1.5312629228479493 )
# 1.0979192834421578 badly positioned shortcut keys (weighted).
# 7.969942265977647 no handswitching after unbalancing key (weighted).
# 24.680264747502395 movement pattern cost (weighted).
# 0.8721887042413583 asymmetric bigram cost (weighted).
# 3.8029891542294836 irregularity cost (weighted).
# 16.280511643688357 manually assigned bigram penalty (weighted)
# 9.994799336486448 unbalancing key after neighboring finger (weighted)
# 0.8721887042413583 asymmetrc bigrams (weighted)
# 14.111129412289552 inconsistent symmetries of similar keys (weighted)
# 3.8029891542294836 irregularity cost for randomly sampled words (weighted).
# Finger load %: 9.9 7.5 8.5 11.9 - 19.6 9.2 7.5 10.4
 
