
# Evolved Layout
jkucß ögoäzxq
rsinp ftaem⇘
lvüby wd,.h
┌───┬───┬───┬───┬───┬───┬───┬───┬───┬───┬───┬───┬───┬──────┐
│ ^ │ 1 │ 2 │ 3 │ 4 │ 5 │ 6 │ 7 │ 8 │ 9 │ 0 │ - │ ` │ ←    │
├───┴─┬─┴─┬─┴─┬─┴─┬─┴─┬─┴─┬─┴─┬─┴─┬─┴─┬─┴─┬─┴─┬─┴─┬─┴─┬────┤
│   ⇥ │ j │ k │ u │ c │ ß │ ö │ g │ o │ ä │ z │ x │ q │ Ret│
├─────┴┬──┴┬──┴┬──┴┬──┴┬──┴┬──┴┬──┴┬──┴┬──┴┬──┴┬──┴┬──┴┐   │
│    ⇩ │ r │ s │ i │ n │ p │ f │ t │ a │ e │ m │ ⇘ │ ´ │   │
├────┬─┴─┬─┴─┬─┴─┬─┴─┬─┴─┬─┴─┬─┴─┬─┴─┬─┴─┬─┴─┬─┴─┬─┴───┴───┤
│  ⇧ │ ⇚ │ l │ v │ ü │ b │ y │ w │ d │ , │ . │ h │ ⇗       │
├────┼───┴┬──┴─┬─┴───┴───┴───┴───┴───┴─┬─┴──┬┴───┼────┬────┤
│Strg│ Fe │ Alt│      Leerzeichen      │ M4 │ Fe │ Me │Strg│
└────┴────┴────┴───────────────────────┴────┴────┴────┴────┘
# 9.452825737130825 x100 total penalty per letter
# 34.59479886604754 x10 billion total penalty compared to notime-noeffort
# 7.757913059233315 mean key position cost in file 1gramme.txt ( 56.78374898 )
# 8.155297748561267 % finger repeats in file 2gramme.txt ( 39.36894131784934 )
# 14.539065203707949 million keystrokes disbalance of the fingers ( 21.808597805561924 )
# 0.34604420063763514 % finger repeats top to bottom or vice versa ( 6.960400797285697 )
# 3.956588545490027 % of trigrams have no handswitching (after direction change counted x 1 ) ( 17.501235735611576 )
# 8.4484183784717 billion (rows²/dist)² to cross ( 109.82943892013209 )
# 0.02569912367593019 hand disbalance. Left: 0.4743008763240698 %, Right: 0.5256991236759302 % ( 0.7524150253698311 )
# 0.7319461889614385 badly positioned shortcut keys (weighted).
# 6.718852803058014 no handswitching after unbalancing key (weighted).
# 32.93616162899133 movement pattern cost (weighted).
# 0.8893704129108051 asymmetric bigram cost (weighted).
# 3.936766555049493 irregularity cost (weighted).
# 22.014673004945998 manually assigned bigram penalty (weighted)
# 11.049678220599787 unbalancing key after neighboring finger (weighted)
# 0.8893704129108051 asymmetrc bigrams (weighted)
# 14.665761264148047 inconsistent symmetries of similar keys (weighted)
# 3.936766555049493 irregularity cost for randomly sampled words (weighted).
# Finger load %: 13.5 6.5 8.3 11.7 - 13.7 8.4 12.5 9.8
 

# Evolved Layout
äöczj qpufkvß
aenrm wtish⇘
oüylx gd,.b
┌───┬───┬───┬───┬───┬───┬───┬───┬───┬───┬───┬───┬───┬──────┐
│ ^ │ 1 │ 2 │ 3 │ 4 │ 5 │ 6 │ 7 │ 8 │ 9 │ 0 │ - │ ` │ ←    │
├───┴─┬─┴─┬─┴─┬─┴─┬─┴─┬─┴─┬─┴─┬─┴─┬─┴─┬─┴─┬─┴─┬─┴─┬─┴─┬────┤
│   ⇥ │ ä │ ö │ c │ z │ j │ q │ p │ u │ f │ k │ v │ ß │ Ret│
├─────┴┬──┴┬──┴┬──┴┬──┴┬──┴┬──┴┬──┴┬──┴┬──┴┬──┴┬──┴┬──┴┐   │
│    ⇩ │ a │ e │ n │ r │ m │ w │ t │ i │ s │ h │ ⇘ │ ´ │   │
├────┬─┴─┬─┴─┬─┴─┬─┴─┬─┴─┬─┴─┬─┴─┬─┴─┬─┴─┬─┴─┬─┴─┬─┴───┴───┤
│  ⇧ │ ⇚ │ o │ ü │ y │ l │ x │ g │ d │ , │ . │ b │ ⇗       │
├────┼───┴┬──┴─┬─┴───┴───┴───┴───┴───┴─┬─┴──┬┴───┼────┬────┤
│Strg│ Fe │ Alt│      Leerzeichen      │ M4 │ Fe │ Me │Strg│
└────┴────┴────┴───────────────────────┴────┴────┴────┴────┘
# 8.884166193872083 x100 total penalty per letter
# 32.5136579385236 x10 billion total penalty compared to notime-noeffort
# 7.420574402753189 mean key position cost in file 1gramme.txt ( 54.31461154 )
# 7.779040203972784 % finger repeats in file 2gramme.txt ( 37.552593018865984 )
# 14.006716984821162 million keystrokes disbalance of the fingers ( 21.010075477231744 )
# 0.3352519833704408 % finger repeats top to bottom or vice versa ( 6.743324026362665 )
# 4.929422416635742 % of trigrams have no handswitching (after direction change counted x 1 ) ( 21.804385965856216 )
# 7.7405297637094215 billion (rows²/dist)² to cross ( 100.62688692822248 )
# 0.029504013460560752 hand disbalance. Left: 0.5295040134605608 %, Right: 0.47049598653943925 % ( 0.8638140084609771 )
# 0.7319461889614385 badly positioned shortcut keys (weighted).
# 7.402784002862312 no handswitching after unbalancing key (weighted).
# 32.064914661770956 movement pattern cost (weighted).
# 0.8747969147073115 asymmetric bigram cost (weighted).
# 2.3620705960787265 irregularity cost (weighted).
# 17.769983329615663 manually assigned bigram penalty (weighted)
# 11.036504694579843 unbalancing key after neighboring finger (weighted)
# 0.8747969147073115 asymmetrc bigrams (weighted)
# 9.977888031659656 inconsistent symmetries of similar keys (weighted)
# 2.3620705960787265 irregularity cost for randomly sampled words (weighted).
# Finger load %: 13.3 11.4 9.0 10.9 - 13.3 9.2 7.5 9.7
 
