
# Evolved Layout
äolcj vpfükqß
iarnm gtseu⇘
öxzby wd,.h
┌───┬───┬───┬───┬───┬───┬───┬───┬───┬───┬───┬───┬───┬──────┐
│ ^ │ 1 │ 2 │ 3 │ 4 │ 5 │ 6 │ 7 │ 8 │ 9 │ 0 │ - │ ` │ ←    │
├───┴─┬─┴─┬─┴─┬─┴─┬─┴─┬─┴─┬─┴─┬─┴─┬─┴─┬─┴─┬─┴─┬─┴─┬─┴─┬────┤
│   ⇥ │ ä │ o │ l │ c │ j │ v │ p │ f │ ü │ k │ q │ ß │ Ret│
├─────┴┬──┴┬──┴┬──┴┬──┴┬──┴┬──┴┬──┴┬──┴┬──┴┬──┴┬──┴┬──┴┐   │
│    ⇩ │ i │ a │ r │ n │ m │ g │ t │ s │ e │ u │ ⇘ │ ´ │   │
├────┬─┴─┬─┴─┬─┴─┬─┴─┬─┴─┬─┴─┬─┴─┬─┴─┬─┴─┬─┴─┬─┴─┬─┴───┴───┤
│  ⇧ │ ⇚ │ ö │ x │ z │ b │ y │ w │ d │ , │ . │ h │ ⇗       │
├────┼───┴┬──┴─┬─┴───┴───┴───┴───┴───┴─┬─┴──┬┴───┼────┬────┤
│Strg│ Fe │ Alt│      Leerzeichen      │ M4 │ Fe │ Me │Strg│
└────┴────┴────┴───────────────────────┴────┴────┴────┴────┘
# 9.39593085087023 x100 total penalty per letter
# 34.38657889019835 x10 billion total penalty compared to notime-noeffort
# 7.467848626626255 mean key position cost in file 1gramme.txt ( 54.66063342 )
# 9.115424147021592 % finger repeats in file 2gramme.txt ( 44.00386220045856 )
# 13.45327952777307 million keystrokes disbalance of the fingers ( 20.179919291659605 )
# 0.36253022811601004 % finger repeats top to bottom or vice versa ( 7.292003981483301 )
# 5.261672982275348 % of trigrams have no handswitching (after direction change counted x 1 ) ( 23.274034731628724 )
# 8.422014167101796 billion (rows²/dist)² to cross ( 109.48618417232336 )
# 0.022584822908114754 hand disbalance. Left: 0.47741517709188525 %, Right: 0.5225848229081147 % ( 0.6612350022385435 )
# 0.36597309448071924 badly positioned shortcut keys (weighted).
# 7.871015459040392 no handswitching after unbalancing key (weighted).
# 32.06723130912087 movement pattern cost (weighted).
# 0.8995448164885835 asymmetric bigram cost (weighted).
# 4.842354863743639 irregularity cost (weighted).
# 17.21267905615084 manually assigned bigram penalty (weighted)
# 12.191221364919329 unbalancing key after neighboring finger (weighted)
# 0.8995448164885835 asymmetrc bigrams (weighted)
# 8.857896138247051 inconsistent symmetries of similar keys (weighted)
# 4.842354863743639 irregularity cost for randomly sampled words (weighted).
# Finger load %: 11.6 7.5 8.5 12.7 - 13.9 7.3 12.5 10.4
 
