
# Evolved Layout
jmuxq vwiokzß
rsenc ftagh⇘
yäölü bd,.p
┌───┬───┬───┬───┬───┬───┬───┬───┬───┬───┬───┬───┬───┬──────┐
│ ^ │ 1 │ 2 │ 3 │ 4 │ 5 │ 6 │ 7 │ 8 │ 9 │ 0 │ - │ ` │ ←    │
├───┴─┬─┴─┬─┴─┬─┴─┬─┴─┬─┴─┬─┴─┬─┴─┬─┴─┬─┴─┬─┴─┬─┴─┬─┴─┬────┤
│   ⇥ │ j │ m │ u │ x │ q │ v │ w │ i │ o │ k │ z │ ß │ Ret│
├─────┴┬──┴┬──┴┬──┴┬──┴┬──┴┬──┴┬──┴┬──┴┬──┴┬──┴┬──┴┬──┴┐   │
│    ⇩ │ r │ s │ e │ n │ c │ f │ t │ a │ g │ h │ ⇘ │ ´ │   │
├────┬─┴─┬─┴─┬─┴─┬─┴─┬─┴─┬─┴─┬─┴─┬─┴─┬─┴─┬─┴─┬─┴─┬─┴───┴───┤
│  ⇧ │ ⇚ │ y │ ä │ ö │ l │ ü │ b │ d │ , │ . │ p │ ⇗       │
├────┼───┴┬──┴─┬─┴───┴───┴───┴───┴───┴─┬─┴──┬┴───┼────┬────┤
│Strg│ Fe │ Alt│      Leerzeichen      │ M4 │ Fe │ Me │Strg│
└────┴────┴────┴───────────────────────┴────┴────┴────┴────┘
# 9.791602806245637 x100 total penalty per letter
# 35.834631789278106 x10 billion total penalty compared to notime-noeffort
# 7.263314200109981 mean key position cost in file 1gramme.txt ( 53.16355148 )
# 12.817947430095254 % finger repeats in file 2gramme.txt ( 61.87744896006072 )
# 12.450875467170711 million keystrokes disbalance of the fingers ( 18.67631320075607 )
# 0.37071961326867187 % finger repeats top to bottom or vice versa ( 7.456726877693767 )
# 3.916479327871619 % of trigrams have no handswitching (after direction change counted x 1 ) ( 17.323820049183723 )
# 7.926553863451697 billion (rows²/dist)² to cross ( 103.04520022487208 )
# 0.02216878177876691 hand disbalance. Left: 0.5221687817787669 %, Right: 0.47783121822123303 % ( 0.6490542134754489 )
# 1.0979192834421578 badly positioned shortcut keys (weighted).
# 8.28926864708385 no handswitching after unbalancing key (weighted).
# 30.229632584122562 movement pattern cost (weighted).
# 0.8987674303813787 asymmetric bigram cost (weighted).
# 11.681942639987726 irregularity cost (weighted).
# 16.94907791264541 manually assigned bigram penalty (weighted)
# 12.59311844325276 unbalancing key after neighboring finger (weighted)
# 0.8987674303813787 asymmetrc bigrams (weighted)
# 14.414475945823371 inconsistent symmetries of similar keys (weighted)
# 11.681942639987726 irregularity cost for randomly sampled words (weighted).
# Finger load %: 11.5 7.0 13.4 12.1 - 13.7 11.1 6.1 9.4
 
