
# Evolved Layout
äoyzj vdilgqß
saenm wturh⇘
kxücö fb,.p
┌───┬───┬───┬───┬───┬───┬───┬───┬───┬───┬───┬───┬───┬──────┐
│ ^ │ 1 │ 2 │ 3 │ 4 │ 5 │ 6 │ 7 │ 8 │ 9 │ 0 │ - │ ` │ ←    │
├───┴─┬─┴─┬─┴─┬─┴─┬─┴─┬─┴─┬─┴─┬─┴─┬─┴─┬─┴─┬─┴─┬─┴─┬─┴─┬────┤
│   ⇥ │ ä │ o │ y │ z │ j │ v │ d │ i │ l │ g │ q │ ß │ Ret│
├─────┴┬──┴┬──┴┬──┴┬──┴┬──┴┬──┴┬──┴┬──┴┬──┴┬──┴┬──┴┬──┴┐   │
│    ⇩ │ s │ a │ e │ n │ m │ w │ t │ u │ r │ h │ ⇘ │ ´ │   │
├────┬─┴─┬─┴─┬─┴─┬─┴─┬─┴─┬─┴─┬─┴─┬─┴─┬─┴─┬─┴─┬─┴─┬─┴───┴───┤
│  ⇧ │ ⇚ │ k │ x │ ü │ c │ ö │ f │ b │ , │ . │ p │ ⇗       │
├────┼───┴┬──┴─┬─┴───┴───┴───┴───┴───┴─┬─┴──┬┴───┼────┬────┤
│Strg│ Fe │ Alt│      Leerzeichen      │ M4 │ Fe │ Me │Strg│
└────┴────┴────┴───────────────────────┴────┴────┴────┴────┘
# 9.232426816941777 x100 total penalty per letter
# 33.78819811762959 x10 billion total penalty compared to notime-noeffort
# 7.458580666628232 mean key position cost in file 1gramme.txt ( 54.59279694 )
# 7.544077359735104 % finger repeats in file 2gramme.txt ( 36.41833174332885 )
# 12.52948826345708 million keystrokes disbalance of the fingers ( 18.79423239518562 )
# 0.40426881399388104 % finger repeats top to bottom or vice versa ( 8.131542069064576 )
# 3.7361542826137373 % of trigrams have no handswitching (after direction change counted x 1 ) ( 16.52618565030484 )
# 8.215862893226882 billion (rows²/dist)² to cross ( 106.80621761194948 )
# 0.0003419183087755018 hand disbalance. Left: 0.5003419183087755 %, Right: 0.49965808169122455 % ( 0.010010632121774757 )
# 0.7319461889614385 badly positioned shortcut keys (weighted).
# 7.188312242584583 no handswitching after unbalancing key (weighted).
# 32.03621368368375 movement pattern cost (weighted).
# 0.904893839849882 asymmetric bigram cost (weighted).
# 3.5127812546412702 irregularity cost (weighted).
# 20.440434681496846 manually assigned bigram penalty (weighted)
# 14.821782415913157 unbalancing key after neighboring finger (weighted)
# 0.904893839849882 asymmetrc bigrams (weighted)
# 16.966299827209877 inconsistent symmetries of similar keys (weighted)
# 3.5127812546412702 irregularity cost for randomly sampled words (weighted).
# Finger load %: 11.6 7.5 11.5 11.6 - 13.7 9.2 9.3 10.0
 
