
# Evolved Layout
ßfpxj qbduüäö
cterl gshia⇘
vkynz wm,.o
┌───┬───┬───┬───┬───┬───┬───┬───┬───┬───┬───┬───┬───┬──────┐
│ ^ │ 1 │ 2 │ 3 │ 4 │ 5 │ 6 │ 7 │ 8 │ 9 │ 0 │ - │ ` │ ←    │
├───┴─┬─┴─┬─┴─┬─┴─┬─┴─┬─┴─┬─┴─┬─┴─┬─┴─┬─┴─┬─┴─┬─┴─┬─┴─┬────┤
│   ⇥ │ ß │ f │ p │ x │ j │ q │ b │ d │ u │ ü │ ä │ ö │ Ret│
├─────┴┬──┴┬──┴┬──┴┬──┴┬──┴┬──┴┬──┴┬──┴┬──┴┬──┴┬──┴┬──┴┐   │
│    ⇩ │ c │ t │ e │ r │ l │ g │ s │ h │ i │ a │ ⇘ │ ´ │   │
├────┬─┴─┬─┴─┬─┴─┬─┴─┬─┴─┬─┴─┬─┴─┬─┴─┬─┴─┬─┴─┬─┴─┬─┴───┴───┤
│  ⇧ │ ⇚ │ v │ k │ y │ n │ z │ w │ m │ , │ . │ o │ ⇗       │
├────┼───┴┬──┴─┬─┴───┴───┴───┴───┴───┴─┬─┴──┬┴───┼────┬────┤
│Strg│ Fe │ Alt│      Leerzeichen      │ M4 │ Fe │ Me │Strg│
└────┴────┴────┴───────────────────────┴────┴────┴────┴────┘
# 9.76338157136945 x100 total penalty per letter
# 35.73134966270105 x10 billion total penalty compared to notime-noeffort
# 7.695648454693649 mean key position cost in file 1gramme.txt ( 56.32800558 )
# 12.79893098550868 % finger repeats in file 2gramme.txt ( 61.785648842629676 )
# 12.080950458524862 million keystrokes disbalance of the fingers ( 18.121425687787294 )
# 0.3940484597226748 % finger repeats top to bottom or vice versa ( 7.925967862397437 )
# 4.613262863549309 % of trigrams have no handswitching (after direction change counted x 1 ) ( 20.405912810253945 )
# 7.968823997968179 billion (rows²/dist)² to cross ( 103.59471197358631 )
# 0.01839265944497126 hand disbalance. Left: 0.5183926594449713 %, Right: 0.4816073405550287 % ( 0.5384974794244929 )
# 0.36597309448071924 badly positioned shortcut keys (weighted).
# 7.499074092588786 no handswitching after unbalancing key (weighted).
# 28.46170817475538 movement pattern cost (weighted).
# 0.8964969169324705 asymmetric bigram cost (weighted).
# 8.778626303922879 irregularity cost (weighted).
# 16.563850562261237 manually assigned bigram penalty (weighted)
# 14.169853486167625 unbalancing key after neighboring finger (weighted)
# 0.8964969169324705 asymmetrc bigrams (weighted)
# 11.877743759822282 inconsistent symmetries of similar keys (weighted)
# 8.778626303922879 irregularity cost for randomly sampled words (weighted).
# Finger load %: 8.7 7.4 12.2 15.4 - 12.1 7.7 9.4 11.4
 
