
# Evolved Layout
julvq öpofkzß
airnm gtesh⇘
äüxcy wd,.b
┌───┬───┬───┬───┬───┬───┬───┬───┬───┬───┬───┬───┬───┬──────┐
│ ^ │ 1 │ 2 │ 3 │ 4 │ 5 │ 6 │ 7 │ 8 │ 9 │ 0 │ - │ ` │ ←    │
├───┴─┬─┴─┬─┴─┬─┴─┬─┴─┬─┴─┬─┴─┬─┴─┬─┴─┬─┴─┬─┴─┬─┴─┬─┴─┬────┤
│   ⇥ │ j │ u │ l │ v │ q │ ö │ p │ o │ f │ k │ z │ ß │ Ret│
├─────┴┬──┴┬──┴┬──┴┬──┴┬──┴┬──┴┬──┴┬──┴┬──┴┬──┴┬──┴┬──┴┐   │
│    ⇩ │ a │ i │ r │ n │ m │ g │ t │ e │ s │ h │ ⇘ │ ´ │   │
├────┬─┴─┬─┴─┬─┴─┬─┴─┬─┴─┬─┴─┬─┴─┬─┴─┬─┴─┬─┴─┬─┴─┬─┴───┴───┤
│  ⇧ │ ⇚ │ ä │ ü │ x │ c │ y │ w │ d │ , │ . │ b │ ⇗       │
├────┼───┴┬──┴─┬─┴───┴───┴───┴───┴───┴─┬─┴──┬┴───┼────┬────┤
│Strg│ Fe │ Alt│      Leerzeichen      │ M4 │ Fe │ Me │Strg│
└────┴────┴────┴───────────────────────┴────┴────┴────┴────┘
# 9.053450230929252 x100 total penalty per letter
# 33.13319196740361 x10 billion total penalty compared to notime-noeffort
# 7.124779076177063 mean key position cost in file 1gramme.txt ( 52.14954892 )
# 9.788794981110124 % finger repeats in file 2gramme.txt ( 47.25449726857235 )
# 12.002338365283846 million keystrokes disbalance of the fingers ( 18.003507547925764 )
# 0.3105772252086726 % finger repeats top to bottom or vice versa ( 6.247011110077586 )
# 4.809034410747323 % of trigrams have no handswitching (after direction change counted x 1 ) ( 21.271871946121962 )
# 7.966696165706813 billion (rows²/dist)² to cross ( 103.56705015418858 )
# 0.036290072760341574 hand disbalance. Left: 0.4637099272396584 %, Right: 0.5362900727603416 % ( 1.062495218162613 )
# 0.7319461889614385 badly positioned shortcut keys (weighted).
# 8.313275930240465 no handswitching after unbalancing key (weighted).
# 30.396715383750358 movement pattern cost (weighted).
# 0.8602836194556543 asymmetric bigram cost (weighted).
# 3.159929907784636 irregularity cost (weighted).
# 16.39000345323187 manually assigned bigram penalty (weighted)
# 13.748226426005566 unbalancing key after neighboring finger (weighted)
# 0.8602836194556543 asymmetrc bigrams (weighted)
# 8.17555659955738 inconsistent symmetries of similar keys (weighted)
# 3.159929907784636 irregularity cost for randomly sampled words (weighted).
# Finger load %: 10.8 8.5 8.0 11.8 - 13.3 14.7 7.5 9.7
 
