
# Evolved Layout
ßkofö qwluäüj
hsenp mtria⇘
gzxcy bd,.v
┌───┬───┬───┬───┬───┬───┬───┬───┬───┬───┬───┬───┬───┬──────┐
│ ^ │ 1 │ 2 │ 3 │ 4 │ 5 │ 6 │ 7 │ 8 │ 9 │ 0 │ - │ ` │ ←    │
├───┴─┬─┴─┬─┴─┬─┴─┬─┴─┬─┴─┬─┴─┬─┴─┬─┴─┬─┴─┬─┴─┬─┴─┬─┴─┬────┤
│   ⇥ │ ß │ k │ o │ f │ ö │ q │ w │ l │ u │ ä │ ü │ j │ Ret│
├─────┴┬──┴┬──┴┬──┴┬──┴┬──┴┬──┴┬──┴┬──┴┬──┴┬──┴┬──┴┬──┴┐   │
│    ⇩ │ h │ s │ e │ n │ p │ m │ t │ r │ i │ a │ ⇘ │ ´ │   │
├────┬─┴─┬─┴─┬─┴─┬─┴─┬─┴─┬─┴─┬─┴─┬─┴─┬─┴─┬─┴─┬─┴─┬─┴───┴───┤
│  ⇧ │ ⇚ │ g │ z │ x │ c │ y │ b │ d │ , │ . │ v │ ⇗       │
├────┼───┴┬──┴─┬─┴───┴───┴───┴───┴───┴─┬─┴──┬┴───┼────┬────┤
│Strg│ Fe │ Alt│      Leerzeichen      │ M4 │ Fe │ Me │Strg│
└────┴────┴────┴───────────────────────┴────┴────┴────┴────┘
# 9.56767029406816 x100 total penalty per letter
# 35.01509904491378 x10 billion total penalty compared to notime-noeffort
# 7.300528960444549 mean key position cost in file 1gramme.txt ( 53.4359435 )
# 8.876462399866723 % finger repeats in file 2gramme.txt ( 42.85029659304583 )
# 11.9918938531361 million keystrokes disbalance of the fingers ( 17.98784077970415 )
# 0.32680712868573425 % finger repeats top to bottom or vice versa ( 6.573462565970947 )
# 5.811944011693573 % of trigrams have no handswitching (after direction change counted x 1 ) ( 25.70805659000552 )
# 7.972683195358244 billion (rows²/dist)² to cross ( 103.64488153965716 )
# 0.006668851575464041 hand disbalance. Left: 0.506668851575464 %, Right: 0.493331148424536 % ( 0.19524961981641561 )
# 0.7319461889614385 badly positioned shortcut keys (weighted).
# 7.711876167264302 no handswitching after unbalancing key (weighted).
# 29.770038786873577 movement pattern cost (weighted).
# 0.8704758052168649 asymmetric bigram cost (weighted).
# 18.9583225486654 irregularity cost (weighted).
# 16.63875242312091 manually assigned bigram penalty (weighted)
# 10.1915356495182 unbalancing key after neighboring finger (weighted)
# 0.8704758052168649 asymmetrc bigrams (weighted)
# 14.882311691317133 inconsistent symmetries of similar keys (weighted)
# 18.9583225486654 irregularity cost for randomly sampled words (weighted).
# Finger load %: 10.9 6.5 13.7 11.7 - 13.6 9.1 9.4 9.6
 
