
# Evolved Layout
jlpgö äüifkvß
crntb ueash⇘
mzxdq yo,.w
┌───┬───┬───┬───┬───┬───┬───┬───┬───┬───┬───┬───┬───┬──────┐
│ ^ │ 1 │ 2 │ 3 │ 4 │ 5 │ 6 │ 7 │ 8 │ 9 │ 0 │ - │ ` │ ←    │
├───┴─┬─┴─┬─┴─┬─┴─┬─┴─┬─┴─┬─┴─┬─┴─┬─┴─┬─┴─┬─┴─┬─┴─┬─┴─┬────┤
│   ⇥ │ j │ l │ p │ g │ ö │ ä │ ü │ i │ f │ k │ v │ ß │ Ret│
├─────┴┬──┴┬──┴┬──┴┬──┴┬──┴┬──┴┬──┴┬──┴┬──┴┬──┴┬──┴┬──┴┐   │
│    ⇩ │ c │ r │ n │ t │ b │ u │ e │ a │ s │ h │ ⇘ │ ´ │   │
├────┬─┴─┬─┴─┬─┴─┬─┴─┬─┴─┬─┴─┬─┴─┬─┴─┬─┴─┬─┴─┬─┴─┬─┴───┴───┤
│  ⇧ │ ⇚ │ m │ z │ x │ d │ q │ y │ o │ , │ . │ w │ ⇗       │
├────┼───┴┬──┴─┬─┴───┴───┴───┴───┴───┴─┬─┴──┬┴───┼────┬────┤
│Strg│ Fe │ Alt│      Leerzeichen      │ M4 │ Fe │ Me │Strg│
└────┴────┴────┴───────────────────────┴────┴────┴────┴────┘
# 9.323336616019574 x100 total penalty per letter
# 34.12090352250081 x10 billion total penalty compared to notime-noeffort
# 7.405504559960988 mean key position cost in file 1gramme.txt ( 54.2043084 )
# 11.415873283361602 % finger repeats in file 2gramme.txt ( 55.109066430340235 )
# 12.107819646052963 million keystrokes disbalance of the fingers ( 18.161729469079447 )
# 0.33904103641318223 % finger repeats top to bottom or vice versa ( 6.819537781053708 )
# 2.9586533274356692 % of trigrams have no handswitching (after direction change counted x 1 ) ( 13.08705435201886 )
# 8.557437059294033 billion (rows²/dist)² to cross ( 111.24668177082243 )
# 0.05097620470647474 hand disbalance. Left: 0.44902379529352526 %, Right: 0.5509762047064748 % ( 1.4924735505048934 )
# 0.36597309448071924 badly positioned shortcut keys (weighted).
# 8.280902994326578 no handswitching after unbalancing key (weighted).
# 23.734035116176795 movement pattern cost (weighted).
# 0.8758441453094491 asymmetric bigram cost (weighted).
# 4.293827635539315 irregularity cost (weighted).
# 17.269629132148054 manually assigned bigram penalty (weighted)
# 10.39997358966698 unbalancing key after neighboring finger (weighted)
# 0.8758441453094491 asymmetrc bigrams (weighted)
# 15.867997763540624 inconsistent symmetries of similar keys (weighted)
# 4.293827635539315 irregularity cost for randomly sampled words (weighted).
# Finger load %: 9.7 8.7 7.6 11.9 - 18.0 11.1 7.5 10.0
 
