
# Evolved Layout
ßüwkq äödlbzj
uensm xitrh⇘
cyfgv oa,.p
┌───┬───┬───┬───┬───┬───┬───┬───┬───┬───┬───┬───┬───┬──────┐
│ ^ │ 1 │ 2 │ 3 │ 4 │ 5 │ 6 │ 7 │ 8 │ 9 │ 0 │ - │ ` │ ←    │
├───┴─┬─┴─┬─┴─┬─┴─┬─┴─┬─┴─┬─┴─┬─┴─┬─┴─┬─┴─┬─┴─┬─┴─┬─┴─┬────┤
│   ⇥ │ ß │ ü │ w │ k │ q │ ä │ ö │ d │ l │ b │ z │ j │ Ret│
├─────┴┬──┴┬──┴┬──┴┬──┴┬──┴┬──┴┬──┴┬──┴┬──┴┬──┴┬──┴┬──┴┐   │
│    ⇩ │ u │ e │ n │ s │ m │ x │ i │ t │ r │ h │ ⇘ │ ´ │   │
├────┬─┴─┬─┴─┬─┴─┬─┴─┬─┴─┬─┴─┬─┴─┬─┴─┬─┴─┬─┴─┬─┴─┬─┴───┴───┤
│  ⇧ │ ⇚ │ c │ y │ f │ g │ v │ o │ a │ , │ . │ p │ ⇗       │
├────┼───┴┬──┴─┬─┴───┴───┴───┴───┴───┴─┬─┴──┬┴───┼────┬────┤
│Strg│ Fe │ Alt│      Leerzeichen      │ M4 │ Fe │ Me │Strg│
└────┴────┴────┴───────────────────────┴────┴────┴────┴────┘
# 9.438095297939187 x100 total penalty per letter
# 34.54088942190731 x10 billion total penalty compared to notime-noeffort
# 7.692193361903852 mean key position cost in file 1gramme.txt ( 56.30271616 )
# 9.256208240341332 % finger repeats in file 2gramme.txt ( 44.68348431595634 )
# 11.890475091158391 million keystrokes disbalance of the fingers ( 17.835712636737586 )
# 0.3132743191985595 % finger repeats top to bottom or vice versa ( 6.30126098660484 )
# 5.2404764358453875 % of trigrams have no handswitching (after direction change counted x 1 ) ( 23.180275739106133 )
# 8.54284696555727 billion (rows²/dist)² to cross ( 111.0570105522445 )
# 0.01007634754646125 hand disbalance. Left: 0.48992365245353875 %, Right: 0.5100763475464613 % ( 0.2950137674113302 )
# 1.0979192834421578 badly positioned shortcut keys (weighted).
# 8.394193932408399 no handswitching after unbalancing key (weighted).
# 34.73841999569369 movement pattern cost (weighted).
# 0.8740459409487129 asymmetric bigram cost (weighted).
# 4.093656292556365 irregularity cost (weighted).
# 18.09231369669721 manually assigned bigram penalty (weighted)
# 12.891199416304051 unbalancing key after neighboring finger (weighted)
# 0.8740459409487129 asymmetrc bigrams (weighted)
# 5.571671502961734 inconsistent symmetries of similar keys (weighted)
# 4.093656292556365 irregularity cost for randomly sampled words (weighted).
# Finger load %: 10.2 11.7 9.0 10.4 - 14.1 9.3 9.3 10.3
 
