
# Evolved Layout
ßmlzj kfouvüö
gtnry pheia⇘
cwxsq bd,.ä
┌───┬───┬───┬───┬───┬───┬───┬───┬───┬───┬───┬───┬───┬──────┐
│ ^ │ 1 │ 2 │ 3 │ 4 │ 5 │ 6 │ 7 │ 8 │ 9 │ 0 │ - │ ` │ ←    │
├───┴─┬─┴─┬─┴─┬─┴─┬─┴─┬─┴─┬─┴─┬─┴─┬─┴─┬─┴─┬─┴─┬─┴─┬─┴─┬────┤
│   ⇥ │ ß │ m │ l │ z │ j │ k │ f │ o │ u │ v │ ü │ ö │ Ret│
├─────┴┬──┴┬──┴┬──┴┬──┴┬──┴┬──┴┬──┴┬──┴┬──┴┬──┴┬──┴┬──┴┐   │
│    ⇩ │ g │ t │ n │ r │ y │ p │ h │ e │ i │ a │ ⇘ │ ´ │   │
├────┬─┴─┬─┴─┬─┴─┬─┴─┬─┴─┬─┴─┬─┴─┬─┴─┬─┴─┬─┴─┬─┴─┬─┴───┴───┤
│  ⇧ │ ⇚ │ c │ w │ x │ s │ q │ b │ d │ , │ . │ ä │ ⇗       │
├────┼───┴┬──┴─┬─┴───┴───┴───┴───┴───┴─┬─┴──┬┴───┼────┬────┤
│Strg│ Fe │ Alt│      Leerzeichen      │ M4 │ Fe │ Me │Strg│
└────┴────┴────┴───────────────────────┴────┴────┴────┴────┘
# 9.652986484864996 x100 total penalty per letter
# 35.327333348466034 x10 billion total penalty compared to notime-noeffort
# 7.593070881188508 mean key position cost in file 1gramme.txt ( 55.57719294 )
# 11.931845833430726 % finger repeats in file 2gramme.txt ( 57.5998759227191 )
# 11.111131693888455 million keystrokes disbalance of the fingers ( 16.66669754083268 )
# 0.36079168816290946 % finger repeats top to bottom or vice versa ( 7.25703464850972 )
# 2.9942051156296445 % of trigrams have no handswitching (after direction change counted x 1 ) ( 13.244311094500844 )
# 8.715907906232113 billion (rows²/dist)² to cross ( 113.30680278101747 )
# 0.04362843546209644 hand disbalance. Left: 0.45637156453790356 %, Right: 0.5436284354620964 % ( 1.2773466826732627 )
# 0.36597309448071924 badly positioned shortcut keys (weighted).
# 8.947185344229817 no handswitching after unbalancing key (weighted).
# 27.77849686745803 movement pattern cost (weighted).
# 0.8686048027250245 asymmetric bigram cost (weighted).
# 9.013352800361094 irregularity cost (weighted).
# 16.491085322054055 manually assigned bigram penalty (weighted)
# 13.068782793870765 unbalancing key after neighboring finger (weighted)
# 0.8686048027250245 asymmetrc bigrams (weighted)
# 11.810590849227724 inconsistent symmetries of similar keys (weighted)
# 9.013352800361094 irregularity cost for randomly sampled words (weighted).
# Finger load %: 9.8 8.1 9.4 11.1 - 12.2 14.7 9.4 9.6
 
