
# Evolved Layout
ßlüöä vgmpfzq
ureio btsnh⇘
cjxay wd,.k
┌───┬───┬───┬───┬───┬───┬───┬───┬───┬───┬───┬───┬───┬──────┐
│ ^ │ 1 │ 2 │ 3 │ 4 │ 5 │ 6 │ 7 │ 8 │ 9 │ 0 │ - │ ` │ ←    │
├───┴─┬─┴─┬─┴─┬─┴─┬─┴─┬─┴─┬─┴─┬─┴─┬─┴─┬─┴─┬─┴─┬─┴─┬─┴─┬────┤
│   ⇥ │ ß │ l │ ü │ ö │ ä │ v │ g │ m │ p │ f │ z │ q │ Ret│
├─────┴┬──┴┬──┴┬──┴┬──┴┬──┴┬──┴┬──┴┬──┴┬──┴┬──┴┬──┴┬──┴┐   │
│    ⇩ │ u │ r │ e │ i │ o │ b │ t │ s │ n │ h │ ⇘ │ ´ │   │
├────┬─┴─┬─┴─┬─┴─┬─┴─┬─┴─┬─┴─┬─┴─┬─┴─┬─┴─┬─┴─┬─┴─┬─┴───┴───┤
│  ⇧ │ ⇚ │ c │ j │ x │ a │ y │ w │ d │ , │ . │ k │ ⇗       │
├────┼───┴┬──┴─┬─┴───┴───┴───┴───┴───┴─┬─┴──┬┴───┼────┬────┤
│Strg│ Fe │ Alt│      Leerzeichen      │ M4 │ Fe │ Me │Strg│
└────┴────┴────┴───────────────────────┴────┴────┴────┴────┘
# 8.957071465112211 x100 total penalty per letter
# 32.78047161572066 x10 billion total penalty compared to notime-noeffort
# 7.591441152093678 mean key position cost in file 1gramme.txt ( 55.5652642 )
# 9.685079308714702 % finger repeats in file 2gramme.txt ( 46.75381950717523 )
# 11.894694678862447 million keystrokes disbalance of the fingers ( 17.84204201829367 )
# 0.33932009234252064 % finger repeats top to bottom or vice versa ( 6.825150766647675 )
# 2.8817519940126424 % of trigrams have no handswitching (after direction change counted x 1 ) ( 12.746895563925172 )
# 8.004792670229993 billion (rows²/dist)² to cross ( 104.06230471298991 )
# 0.021002324583079712 hand disbalance. Left: 0.5210023245830797 %, Right: 0.47899767541692023 % ( 0.6149028575166532 )
# 0.7319461889614385 badly positioned shortcut keys (weighted).
# 9.322320328274031 no handswitching after unbalancing key (weighted).
# 31.26872023612388 movement pattern cost (weighted).
# 0.8730084527188412 asymmetric bigram cost (weighted).
# 5.480221491126948 irregularity cost (weighted).
# 18.517360592715523 manually assigned bigram penalty (weighted)
# 9.759603395079015 unbalancing key after neighboring finger (weighted)
# 0.8730084527188412 asymmetrc bigrams (weighted)
# 7.441155845658565 inconsistent symmetries of similar keys (weighted)
# 5.480221491126948 irregularity cost for randomly sampled words (weighted).
# Finger load %: 10.9 8.2 11.3 13.6 - 14.3 7.8 8.8 9.5
 
