
# Evolved Layout
üibzq ökocvßj
hanrä fsegt⇘
uxply wm,.d
┌───┬───┬───┬───┬───┬───┬───┬───┬───┬───┬───┬───┬───┬──────┐
│ ^ │ 1 │ 2 │ 3 │ 4 │ 5 │ 6 │ 7 │ 8 │ 9 │ 0 │ - │ ` │ ←    │
├───┴─┬─┴─┬─┴─┬─┴─┬─┴─┬─┴─┬─┴─┬─┴─┬─┴─┬─┴─┬─┴─┬─┴─┬─┴─┬────┤
│   ⇥ │ ü │ i │ b │ z │ q │ ö │ k │ o │ c │ v │ ß │ j │ Ret│
├─────┴┬──┴┬──┴┬──┴┬──┴┬──┴┬──┴┬──┴┬──┴┬──┴┬──┴┬──┴┬──┴┐   │
│    ⇩ │ h │ a │ n │ r │ ä │ f │ s │ e │ g │ t │ ⇘ │ ´ │   │
├────┬─┴─┬─┴─┬─┴─┬─┴─┬─┴─┬─┴─┬─┴─┬─┴─┬─┴─┬─┴─┬─┴─┬─┴───┴───┤
│  ⇧ │ ⇚ │ u │ x │ p │ l │ y │ w │ m │ , │ . │ d │ ⇗       │
├────┼───┴┬──┴─┬─┴───┴───┴───┴───┴───┴─┬─┴──┬┴───┼────┬────┤
│Strg│ Fe │ Alt│      Leerzeichen      │ M4 │ Fe │ Me │Strg│
└────┴────┴────┴───────────────────────┴────┴────┴────┴────┘
# 9.837769657428584 x100 total penalty per letter
# 36.003590043176644 x10 billion total penalty compared to notime-noeffort
# 7.9711268614957955 mean key position cost in file 1gramme.txt ( 58.34435928 )
# 10.13136967778223 % finger repeats in file 2gramme.txt ( 48.908244752242524 )
# 14.898728134524932 million keystrokes disbalance of the fingers ( 22.3480922017874 )
# 0.42146490764284084 % finger repeats top to bottom or vice versa ( 8.477427663228184 )
# 4.051520035218718 % of trigrams have no handswitching (after direction change counted x 1 ) ( 17.921147576676876 )
# 8.400031521151114 billion (rows²/dist)² to cross ( 109.20040977496448 )
# 0.022471233730806783 hand disbalance. Left: 0.4775287662691932 %, Right: 0.5224712337308068 % ( 0.6579093556210301 )
# 0.7319461889614385 badly positioned shortcut keys (weighted).
# 6.969915570292717 no handswitching after unbalancing key (weighted).
# 36.363901916239236 movement pattern cost (weighted).
# 0.8658198848137084 asymmetric bigram cost (weighted).
# 3.983533071171113 irregularity cost (weighted).
# 20.702392401439823 manually assigned bigram penalty (weighted)
# 10.531915988018309 unbalancing key after neighboring finger (weighted)
# 0.8658198848137084 asymmetrc bigrams (weighted)
# 14.028884806309584 inconsistent symmetries of similar keys (weighted)
# 3.983533071171113 irregularity cost for randomly sampled words (weighted).
# Finger load %: 11.8 10.3 8.8 9.4 - 11.2 14.7 5.6 12.6
 

# Evolved Layout
ßfwgv öäulzxj
dtnsk üeirh⇘
cbpmq oa,.y
┌───┬───┬───┬───┬───┬───┬───┬───┬───┬───┬───┬───┬───┬──────┐
│ ^ │ 1 │ 2 │ 3 │ 4 │ 5 │ 6 │ 7 │ 8 │ 9 │ 0 │ - │ ` │ ←    │
├───┴─┬─┴─┬─┴─┬─┴─┬─┴─┬─┴─┬─┴─┬─┴─┬─┴─┬─┴─┬─┴─┬─┴─┬─┴─┬────┤
│   ⇥ │ ß │ f │ w │ g │ v │ ö │ ä │ u │ l │ z │ x │ j │ Ret│
├─────┴┬──┴┬──┴┬──┴┬──┴┬──┴┬──┴┬──┴┬──┴┬──┴┬──┴┬──┴┬──┴┐   │
│    ⇩ │ d │ t │ n │ s │ k │ ü │ e │ i │ r │ h │ ⇘ │ ´ │   │
├────┬─┴─┬─┴─┬─┴─┬─┴─┬─┴─┬─┴─┬─┴─┬─┴─┬─┴─┬─┴─┬─┴─┬─┴───┴───┤
│  ⇧ │ ⇚ │ c │ b │ p │ m │ q │ o │ a │ , │ . │ y │ ⇗       │
├────┼───┴┬──┴─┬─┴───┴───┴───┴───┴───┴─┬─┴──┬┴───┼────┬────┤
│Strg│ Fe │ Alt│      Leerzeichen      │ M4 │ Fe │ Me │Strg│
└────┴────┴────┴───────────────────────┴────┴────┴────┴────┘
# 9.626276474935844 x100 total penalty per letter
# 35.229581898592215 x10 billion total penalty compared to notime-noeffort
# 7.649255358435873 mean key position cost in file 1gramme.txt ( 55.98843308 )
# 11.978311259372811 % finger repeats in file 2gramme.txt ( 57.82418344448256 )
# 12.346366911477414 million keystrokes disbalance of the fingers ( 18.519550367216123 )
# 0.31690625656897137 % finger repeats top to bottom or vice versa ( 6.374314485903845 )
# 3.4743026031552646 % of trigrams have no handswitching (after direction change counted x 1 ) ( 15.367933303041632 )
# 9.338233873672767 billion (rows²/dist)² to cross ( 121.39704035774596 )
# 0.05758861985289382 hand disbalance. Left: 0.4424113801471062 %, Right: 0.5575886198528939 % ( 1.686070833154987 )
# 1.0979192834421578 badly positioned shortcut keys (weighted).
# 8.325754610200896 no handswitching after unbalancing key (weighted).
# 21.882902012770227 movement pattern cost (weighted).
# 0.8689645315638782 asymmetric bigram cost (weighted).
# 9.013826917737028 irregularity cost (weighted).
# 16.383313070272532 manually assigned bigram penalty (weighted)
# 9.37496439344755 unbalancing key after neighboring finger (weighted)
# 0.8689645315638782 asymmetrc bigrams (weighted)
# 8.190648294942793 inconsistent symmetries of similar keys (weighted)
# 9.013826917737028 irregularity cost for randomly sampled words (weighted).
# Finger load %: 10.4 7.9 8.6 10.4 - 19.6 9.2 9.3 9.0
 
