
# Evolved Layout
joupy kmlbzßq
iaenc gsrtd⇘
xäüvö wf,.h
┌───┬───┬───┬───┬───┬───┬───┬───┬───┬───┬───┬───┬───┬──────┐
│ ^ │ 1 │ 2 │ 3 │ 4 │ 5 │ 6 │ 7 │ 8 │ 9 │ 0 │ - │ ` │ ←    │
├───┴─┬─┴─┬─┴─┬─┴─┬─┴─┬─┴─┬─┴─┬─┴─┬─┴─┬─┴─┬─┴─┬─┴─┬─┴─┬────┤
│   ⇥ │ j │ o │ u │ p │ y │ k │ m │ l │ b │ z │ ß │ q │ Ret│
├─────┴┬──┴┬──┴┬──┴┬──┴┬──┴┬──┴┬──┴┬──┴┬──┴┬──┴┬──┴┬──┴┐   │
│    ⇩ │ i │ a │ e │ n │ c │ g │ s │ r │ t │ d │ ⇘ │ ´ │   │
├────┬─┴─┬─┴─┬─┴─┬─┴─┬─┴─┬─┴─┬─┴─┬─┴─┬─┴─┬─┴─┬─┴─┬─┴───┴───┤
│  ⇧ │ ⇚ │ x │ ä │ ü │ v │ ö │ w │ f │ , │ . │ h │ ⇗       │
├────┼───┴┬──┴─┬─┴───┴───┴───┴───┴───┴─┬─┴──┬┴───┼────┬────┤
│Strg│ Fe │ Alt│      Leerzeichen      │ M4 │ Fe │ Me │Strg│
└────┴────┴────┴───────────────────────┴────┴────┴────┴────┘
# 9.149216371825508 x100 total penalty per letter
# 33.483670276706405 x10 billion total penalty compared to notime-noeffort
# 7.357650900049596 mean key position cost in file 1gramme.txt ( 53.85404536 )
# 10.541213135573189 % finger repeats in file 2gramme.txt ( 50.88672592322408 )
# 13.066938789466096 million keystrokes disbalance of the fingers ( 19.600408184199143 )
# 0.30090305528457423 % finger repeats top to bottom or vice versa ( 6.052422962295612 )
# 3.405835310480681 % of trigrams have no handswitching (after direction change counted x 1 ) ( 15.065080930220894 )
# 8.102957464463593 billion (rows²/dist)² to cross ( 105.33844703802671 )
# 0.021202294020857493 hand disbalance. Left: 0.5212022940208575 %, Right: 0.4787977059791425 % ( 0.6207575322322614 )
# 1.0979192834421578 badly positioned shortcut keys (weighted).
# 9.898550151777316 no handswitching after unbalancing key (weighted).
# 24.176134584413422 movement pattern cost (weighted).
# 0.8636815372084585 asymmetric bigram cost (weighted).
# 5.273536188075649 irregularity cost (weighted).
# 16.34797519222482 manually assigned bigram penalty (weighted)
# 12.784972076231973 unbalancing key after neighboring finger (weighted)
# 0.8636815372084585 asymmetrc bigrams (weighted)
# 12.976045823491535 inconsistent symmetries of similar keys (weighted)
# 5.273536188075649 irregularity cost for randomly sampled words (weighted).
# Finger load %: 11.8 7.6 13.6 11.0 - 13.0 9.1 7.7 10.6
 
