
# Evolved Layout
ßklfz qpuoäöj
hsrnm wteai⇘
gvxcy bd,.ü
┌───┬───┬───┬───┬───┬───┬───┬───┬───┬───┬───┬───┬───┬──────┐
│ ^ │ 1 │ 2 │ 3 │ 4 │ 5 │ 6 │ 7 │ 8 │ 9 │ 0 │ - │ ` │ ←    │
├───┴─┬─┴─┬─┴─┬─┴─┬─┴─┬─┴─┬─┴─┬─┴─┬─┴─┬─┴─┬─┴─┬─┴─┬─┴─┬────┤
│   ⇥ │ ß │ k │ l │ f │ z │ q │ p │ u │ o │ ä │ ö │ j │ Ret│
├─────┴┬──┴┬──┴┬──┴┬──┴┬──┴┬──┴┬──┴┬──┴┬──┴┬──┴┬──┴┬──┴┐   │
│    ⇩ │ h │ s │ r │ n │ m │ w │ t │ e │ a │ i │ ⇘ │ ´ │   │
├────┬─┴─┬─┴─┬─┴─┬─┴─┬─┴─┬─┴─┬─┴─┬─┴─┬─┴─┬─┴─┬─┴─┬─┴───┴───┤
│  ⇧ │ ⇚ │ g │ v │ x │ c │ y │ b │ d │ , │ . │ ü │ ⇗       │
├────┼───┴┬──┴─┬─┴───┴───┴───┴───┴───┴─┬─┴──┬┴───┼────┬────┤
│Strg│ Fe │ Alt│      Leerzeichen      │ M4 │ Fe │ Me │Strg│
└────┴────┴────┴───────────────────────┴────┴────┴────┴────┘
# 9.032805647865626 x100 total penalty per letter
# 33.05763834792301 x10 billion total penalty compared to notime-noeffort
# 7.316466268645513 mean key position cost in file 1gramme.txt ( 53.55259602 )
# 10.449867059775668 % finger repeats in file 2gramme.txt ( 50.44576123884786 )
# 12.380213587900633 million keystrokes disbalance of the fingers ( 18.570320381850948 )
# 0.31451354409632626 % finger repeats top to bottom or vice versa ( 6.32618699880368 )
# 3.9302445732110756 % of trigrams have no handswitching (after direction change counted x 1 ) ( 17.384708059365863 )
# 8.20624047628994 billion (rows²/dist)² to cross ( 106.68112619176922 )
# 0.04473477710687118 hand disbalance. Left: 0.4552652228931288 %, Right: 0.5447347771068712 % ( 1.309737984696551 )
# 0.7319461889614385 badly positioned shortcut keys (weighted).
# 7.6099900860593594 no handswitching after unbalancing key (weighted).
# 22.44070561954362 movement pattern cost (weighted).
# 0.8744405870165393 asymmetric bigram cost (weighted).
# 3.834229630487576 irregularity cost (weighted).
# 16.377358613913685 manually assigned bigram penalty (weighted)
# 12.241093889172245 unbalancing key after neighboring finger (weighted)
# 0.8744405870165393 asymmetrc bigrams (weighted)
# 12.196181988741515 inconsistent symmetries of similar keys (weighted)
# 3.834229630487576 irregularity cost for randomly sampled words (weighted).
# Finger load %: 10.7 6.5 8.0 13.1 - 12.7 14.5 8.6 10.3
 
