
# Evolved Layout
öoyvj qpflkzß
iaenm wtsrh⇘
uüäcx bd,.g
┌───┬───┬───┬───┬───┬───┬───┬───┬───┬───┬───┬───┬───┬──────┐
│ ^ │ 1 │ 2 │ 3 │ 4 │ 5 │ 6 │ 7 │ 8 │ 9 │ 0 │ - │ ` │ ←    │
├───┴─┬─┴─┬─┴─┬─┴─┬─┴─┬─┴─┬─┴─┬─┴─┬─┴─┬─┴─┬─┴─┬─┴─┬─┴─┬────┤
│   ⇥ │ ö │ o │ y │ v │ j │ q │ p │ f │ l │ k │ z │ ß │ Ret│
├─────┴┬──┴┬──┴┬──┴┬──┴┬──┴┬──┴┬──┴┬──┴┬──┴┬──┴┬──┴┬──┴┐   │
│    ⇩ │ i │ a │ e │ n │ m │ w │ t │ s │ r │ h │ ⇘ │ ´ │   │
├────┬─┴─┬─┴─┬─┴─┬─┴─┬─┴─┬─┴─┬─┴─┬─┴─┬─┴─┬─┴─┬─┴─┬─┴───┴───┤
│  ⇧ │ ⇚ │ u │ ü │ ä │ c │ x │ b │ d │ , │ . │ g │ ⇗       │
├────┼───┴┬──┴─┬─┴───┴───┴───┴───┴───┴─┬─┴──┬┴───┼────┬────┤
│Strg│ Fe │ Alt│      Leerzeichen      │ M4 │ Fe │ Me │Strg│
└────┴────┴────┴───────────────────────┴────┴────┴────┴────┘
# 8.730293083106433 x100 total penalty per letter
# 31.950523753480805 x10 billion total penalty compared to notime-noeffort
# 7.586488484732784 mean key position cost in file 1gramme.txt ( 55.52901334 )
# 7.413369258465057 % finger repeats in file 2gramme.txt ( 35.787350542234655 )
# 14.85933146242235 million keystrokes disbalance of the fingers ( 22.288997193633527 )
# 0.3393387610071072 % finger repeats top to bottom or vice versa ( 6.825526271821963 )
# 3.948245421874237 % of trigrams have no handswitching (after direction change counted x 1 ) ( 17.464331475415573 )
# 8.058617740587085 billion (rows²/dist)² to cross ( 104.76203062763211 )
# 0.031079592213601903 hand disbalance. Left: 0.5310795922136019 %, Right: 0.46892040778639804 % ( 0.9099435630088605 )
# 1.0979192834421578 badly positioned shortcut keys (weighted).
# 7.759655768702508 no handswitching after unbalancing key (weighted).
# 25.55790278414654 movement pattern cost (weighted).
# 0.8796172603121081 asymmetric bigram cost (weighted).
# 5.212914420859466 irregularity cost (weighted).
# 19.368065788226264 manually assigned bigram penalty (weighted)
# 11.974190915593642 unbalancing key after neighboring finger (weighted)
# 0.8796172603121081 asymmetrc bigrams (weighted)
# 4.08777829977869 inconsistent symmetries of similar keys (weighted)
# 5.212914420859466 irregularity cost for randomly sampled words (weighted).
# Finger load %: 14.0 7.7 11.5 11.7 - 12.7 7.3 9.3 10.3
 

# Evolved Layout
ßmpfy qkäoöüj
rsntc wheai⇘
lxzgv bd,.u
┌───┬───┬───┬───┬───┬───┬───┬───┬───┬───┬───┬───┬───┬──────┐
│ ^ │ 1 │ 2 │ 3 │ 4 │ 5 │ 6 │ 7 │ 8 │ 9 │ 0 │ - │ ` │ ←    │
├───┴─┬─┴─┬─┴─┬─┴─┬─┴─┬─┴─┬─┴─┬─┴─┬─┴─┬─┴─┬─┴─┬─┴─┬─┴─┬────┤
│   ⇥ │ ß │ m │ p │ f │ y │ q │ k │ ä │ o │ ö │ ü │ j │ Ret│
├─────┴┬──┴┬──┴┬──┴┬──┴┬──┴┬──┴┬──┴┬──┴┬──┴┬──┴┬──┴┬──┴┐   │
│    ⇩ │ r │ s │ n │ t │ c │ w │ h │ e │ a │ i │ ⇘ │ ´ │   │
├────┬─┴─┬─┴─┬─┴─┬─┴─┬─┴─┬─┴─┬─┴─┬─┴─┬─┴─┬─┴─┬─┴─┬─┴───┴───┤
│  ⇧ │ ⇚ │ l │ x │ z │ g │ v │ b │ d │ , │ . │ u │ ⇗       │
├────┼───┴┬──┴─┬─┴───┴───┴───┴───┴───┴─┬─┴──┬┴───┼────┬────┤
│Strg│ Fe │ Alt│      Leerzeichen      │ M4 │ Fe │ Me │Strg│
└────┴────┴────┴───────────────────────┴────┴────┴────┴────┘
# 9.24699350896613 x100 total penalty per letter
# 33.84150829119459 x10 billion total penalty compared to notime-noeffort
# 7.838568545784541 mean key position cost in file 1gramme.txt ( 57.37410374 )
# 8.68278217985137 % finger repeats in file 2gramme.txt ( 41.91532334604725 )
# 15.597564208460735 million keystrokes disbalance of the fingers ( 23.3963463126911 )
# 0.363784959092117 % finger repeats top to bottom or vice versa ( 7.31724188597753 )
# 2.773486569749953 % of trigrams have no handswitching (after direction change counted x 1 ) ( 12.268003536044962 )
# 8.652464259351554 billion (rows²/dist)² to cross ( 112.48203537157019 )
# 0.025554599297755776 hand disbalance. Left: 0.4744454007022442 %, Right: 0.5255545992977558 % ( 0.7481836626571596 )
# 0.7319461889614385 badly positioned shortcut keys (weighted).
# 9.961887194038058 no handswitching after unbalancing key (weighted).
# 24.076649881276058 movement pattern cost (weighted).
# 0.8677821771225981 asymmetric bigram cost (weighted).
# 5.1089241937970575 irregularity cost (weighted).
# 22.090983987311134 manually assigned bigram penalty (weighted)
# 12.270614279022308 unbalancing key after neighboring finger (weighted)
# 0.8677821771225981 asymmetrc bigrams (weighted)
# 7.805057155429004 inconsistent symmetries of similar keys (weighted)
# 5.1089241937970575 irregularity cost for randomly sampled words (weighted).
# Finger load %: 13.3 6.9 8.1 11.7 - 11.0 12.3 8.6 12.5
 

# Evolved Layout
öäkpq xwmlüjß
aehnf btsri⇘
oyzcv gd,.u
┌───┬───┬───┬───┬───┬───┬───┬───┬───┬───┬───┬───┬───┬──────┐
│ ^ │ 1 │ 2 │ 3 │ 4 │ 5 │ 6 │ 7 │ 8 │ 9 │ 0 │ - │ ` │ ←    │
├───┴─┬─┴─┬─┴─┬─┴─┬─┴─┬─┴─┬─┴─┬─┴─┬─┴─┬─┴─┬─┴─┬─┴─┬─┴─┬────┤
│   ⇥ │ ö │ ä │ k │ p │ q │ x │ w │ m │ l │ ü │ j │ ß │ Ret│
├─────┴┬──┴┬──┴┬──┴┬──┴┬──┴┬──┴┬──┴┬──┴┬──┴┬──┴┬──┴┬──┴┐   │
│    ⇩ │ a │ e │ h │ n │ f │ b │ t │ s │ r │ i │ ⇘ │ ´ │   │
├────┬─┴─┬─┴─┬─┴─┬─┴─┬─┴─┬─┴─┬─┴─┬─┴─┬─┴─┬─┴─┬─┴─┬─┴───┴───┤
│  ⇧ │ ⇚ │ o │ y │ z │ c │ v │ g │ d │ , │ . │ u │ ⇗       │
├────┼───┴┬──┴─┬─┴───┴───┴───┴───┴───┴─┬─┴──┬┴───┼────┬────┤
│Strg│ Fe │ Alt│      Leerzeichen      │ M4 │ Fe │ Me │Strg│
└────┴────┴────┴───────────────────────┴────┴────┴────┴────┘
# 9.17038410366418 x100 total penalty per letter
# 33.56113847994777 x10 billion total penalty compared to notime-noeffort
# 7.740644918227029 mean key position cost in file 1gramme.txt ( 56.65735548 )
# 8.14589583139572 % finger repeats in file 2gramme.txt ( 39.323554437250046 )
# 15.737257992513218 million keystrokes disbalance of the fingers ( 23.605886988769825 )
# 0.4075061754671382 % finger repeats top to bottom or vice versa ( 8.196658991521417 )
# 5.1630787617898575 % of trigrams have no handswitching (after direction change counted x 1 ) ( 22.837921480264164 )
# 7.805189630178662 billion (rows²/dist)² to cross ( 101.4674651923226 )
# 0.0090066062746878 hand disbalance. Left: 0.4909933937253122 %, Right: 0.5090066062746879 % ( 0.2636940455293566 )
# 1.0979192834421578 badly positioned shortcut keys (weighted).
# 8.016218703577502 no handswitching after unbalancing key (weighted).
# 31.347637514603093 movement pattern cost (weighted).
# 0.8799575968961988 asymmetric bigram cost (weighted).
# 2.009571370189453 irregularity cost (weighted).
# 18.507435889776183 manually assigned bigram penalty (weighted)
# 9.89286350964182 unbalancing key after neighboring finger (weighted)
# 0.8799575968961988 asymmetrc bigrams (weighted)
# 11.507244315693905 inconsistent symmetries of similar keys (weighted)
# 2.009571370189453 irregularity cost for randomly sampled words (weighted).
# Finger load %: 13.0 11.7 4.9 11.9 - 13.8 7.8 9.3 12.1
 
