
# Evolved Layout
zlcgq äöühwjß
mrntb oaeus⇘
kxpdv yi,.f
┌───┬───┬───┬───┬───┬───┬───┬───┬───┬───┬───┬───┬───┬──────┐
│ ^ │ 1 │ 2 │ 3 │ 4 │ 5 │ 6 │ 7 │ 8 │ 9 │ 0 │ - │ ` │ ←    │
├───┴─┬─┴─┬─┴─┬─┴─┬─┴─┬─┴─┬─┴─┬─┴─┬─┴─┬─┴─┬─┴─┬─┴─┬─┴─┬────┤
│   ⇥ │ z │ l │ c │ g │ q │ ä │ ö │ ü │ h │ w │ j │ ß │ Ret│
├─────┴┬──┴┬──┴┬──┴┬──┴┬──┴┬──┴┬──┴┬──┴┬──┴┬──┴┬──┴┬──┴┐   │
│    ⇩ │ m │ r │ n │ t │ b │ o │ a │ e │ u │ s │ ⇘ │ ´ │   │
├────┬─┴─┬─┴─┬─┴─┬─┴─┬─┴─┬─┴─┬─┴─┬─┴─┬─┴─┬─┴─┬─┴─┬─┴───┴───┤
│  ⇧ │ ⇚ │ k │ x │ p │ d │ v │ y │ i │ , │ . │ f │ ⇗       │
├────┼───┴┬──┴─┬─┴───┴───┴───┴───┴───┴─┬─┴──┬┴───┼────┬────┤
│Strg│ Fe │ Alt│      Leerzeichen      │ M4 │ Fe │ Me │Strg│
└────┴────┴────┴───────────────────────┴────┴────┴────┴────┘
# 9.288124520960645 x100 total penalty per letter
# 33.99203672858216 x10 billion total penalty compared to notime-noeffort
# 7.6783489479936184 mean key position cost in file 1gramme.txt ( 56.2013825 )
# 10.863239137244264 % finger repeats in file 2gramme.txt ( 52.44127649310937 )
# 11.931660176821369 million keystrokes disbalance of the fingers ( 17.897490265232054 )
# 0.35769611517208244 % finger repeats top to bottom or vice versa ( 7.194769687346649 )
# 2.002186060621775 % of trigrams have no handswitching (after direction change counted x 1 ) ( 8.85629876107255 )
# 8.892137488117445 billion (rows²/dist)² to cross ( 115.59778734552678 )
# 0.037201877618178725 hand disbalance. Left: 0.4627981223818213 %, Right: 0.5372018776181787 % ( 1.0891909017934303 )
# 0.36597309448071924 badly positioned shortcut keys (weighted).
# 9.935160516881874 no handswitching after unbalancing key (weighted).
# 24.103137228817182 movement pattern cost (weighted).
# 0.8725640917218307 asymmetric bigram cost (weighted).
# 4.760111573472432 irregularity cost (weighted).
# 20.120455353333327 manually assigned bigram penalty (weighted)
# 10.892472580887564 unbalancing key after neighboring finger (weighted)
# 0.8725640917218307 asymmetrc bigrams (weighted)
# 9.592296892145868 inconsistent symmetries of similar keys (weighted)
# 4.760111573472432 irregularity cost for randomly sampled words (weighted).
# Finger load %: 8.8 8.2 9.6 12.4 - 14.4 12.3 7.1 11.5
 
