
# Evolved Layout
jplky öüihfqß
mnrtb äeuds⇘
czxgv oa,.w
┌───┬───┬───┬───┬───┬───┬───┬───┬───┬───┬───┬───┬───┬──────┐
│ ^ │ 1 │ 2 │ 3 │ 4 │ 5 │ 6 │ 7 │ 8 │ 9 │ 0 │ - │ ` │ ←    │
├───┴─┬─┴─┬─┴─┬─┴─┬─┴─┬─┴─┬─┴─┬─┴─┬─┴─┬─┴─┬─┴─┬─┴─┬─┴─┬────┤
│   ⇥ │ j │ p │ l │ k │ y │ ö │ ü │ i │ h │ f │ q │ ß │ Ret│
├─────┴┬──┴┬──┴┬──┴┬──┴┬──┴┬──┴┬──┴┬──┴┬──┴┬──┴┬──┴┬──┴┐   │
│    ⇩ │ m │ n │ r │ t │ b │ ä │ e │ u │ d │ s │ ⇘ │ ´ │   │
├────┬─┴─┬─┴─┬─┴─┬─┴─┬─┴─┬─┴─┬─┴─┬─┴─┬─┴─┬─┴─┬─┴─┬─┴───┴───┤
│  ⇧ │ ⇚ │ c │ z │ x │ g │ v │ o │ a │ , │ . │ w │ ⇗       │
├────┼───┴┬──┴─┬─┴───┴───┴───┴───┴───┴─┬─┴──┬┴───┼────┬────┤
│Strg│ Fe │ Alt│      Leerzeichen      │ M4 │ Fe │ Me │Strg│
└────┴────┴────┴───────────────────────┴────┴────┴────┴────┘
# 9.154142779737816 x100 total penalty per letter
# 33.50169960418982 x10 billion total penalty compared to notime-noeffort
# 7.6337928993498325 mean key position cost in file 1gramme.txt ( 55.8752562 )
# 11.078733403208323 % finger repeats in file 2gramme.txt ( 53.48155501789637 )
# 13.333129753636833 million keystrokes disbalance of the fingers ( 19.99969463045525 )
# 0.31995019367916366 % finger repeats top to bottom or vice versa ( 6.4355408328549855 )
# 3.119414870689409 % of trigrams have no handswitching (after direction change counted x 1 ) ( 13.79815322756695 )
# 8.01878706285786 billion (rows²/dist)² to cross ( 104.2442318171522 )
# 0.06712572927454269 hand disbalance. Left: 0.4328742707254573 %, Right: 0.5671257292745427 % ( 1.9652968689503514 )
# 0.36597309448071924 badly positioned shortcut keys (weighted).
# 9.197221295908653 no handswitching after unbalancing key (weighted).
# 22.421607287733764 movement pattern cost (weighted).
# 0.8870559754780121 asymmetric bigram cost (weighted).
# 4.722570623755202 irregularity cost (weighted).
# 20.16646435542075 manually assigned bigram penalty (weighted)
# 10.380184718916052 unbalancing key after neighboring finger (weighted)
# 0.8870559754780121 asymmetrc bigrams (weighted)
# 11.07619009532891 inconsistent symmetries of similar keys (weighted)
# 4.722570623755202 irregularity cost for randomly sampled words (weighted).
# Finger load %: 9.7 8.3 8.0 10.5 - 19.6 9.2 7.9 11.2
 
