
# Evolved Layout
ügmxj vwaoäöß
bhsnl ytiec⇘
upkrz fd,.q
┌───┬───┬───┬───┬───┬───┬───┬───┬───┬───┬───┬───┬───┬──────┐
│ ^ │ 1 │ 2 │ 3 │ 4 │ 5 │ 6 │ 7 │ 8 │ 9 │ 0 │ - │ ` │ ←    │
├───┴─┬─┴─┬─┴─┬─┴─┬─┴─┬─┴─┬─┴─┬─┴─┬─┴─┬─┴─┬─┴─┬─┴─┬─┴─┬────┤
│   ⇥ │ ü │ g │ m │ x │ j │ v │ w │ a │ o │ ä │ ö │ ß │ Ret│
├─────┴┬──┴┬──┴┬──┴┬──┴┬──┴┬──┴┬──┴┬──┴┬──┴┬──┴┬──┴┬──┴┐   │
│    ⇩ │ b │ h │ s │ n │ l │ y │ t │ i │ e │ c │ ⇘ │ ´ │   │
├────┬─┴─┬─┴─┬─┴─┬─┴─┬─┴─┬─┴─┬─┴─┬─┴─┬─┴─┬─┴─┬─┴─┬─┴───┴───┤
│  ⇧ │ ⇚ │ u │ p │ k │ r │ z │ f │ d │ , │ . │ q │ ⇗       │
├────┼───┴┬──┴─┬─┴───┴───┴───┴───┴───┴─┬─┴──┬┴───┼────┬────┤
│Strg│ Fe │ Alt│      Leerzeichen      │ M4 │ Fe │ Me │Strg│
└────┴────┴────┴───────────────────────┴────┴────┴────┴────┘
# 9.823076581150275 x100 total penalty per letter
# 35.9498173372465 x10 billion total penalty compared to notime-noeffort
# 7.7758845743506555 mean key position cost in file 1gramme.txt ( 56.9152908 )
# 13.765555364021106 % finger repeats in file 2gramme.txt ( 66.45193811953214 )
# 11.312642801611684 million keystrokes disbalance of the fingers ( 16.968964202417528 )
# 0.41609728259057965 % finger repeats top to bottom or vice versa ( 8.369462202097939 )
# 3.185128264270177 % of trigrams have no handswitching (after direction change counted x 1 ) ( 14.088824238419209 )
# 8.537342800672059 billion (rows²/dist)² to cross ( 110.98545640873677 )
# 0.03984760285174099 hand disbalance. Left: 0.460152397148259 %, Right: 0.539847602851741 % ( 1.1666520418632307 )
# 1.0979192834421578 badly positioned shortcut keys (weighted).
# 8.146383919830058 no handswitching after unbalancing key (weighted).
# 26.823461104496523 movement pattern cost (weighted).
# 0.8885747429875955 asymmetric bigram cost (weighted).
# 4.162107273226282 irregularity cost (weighted).
# 17.595440627700984 manually assigned bigram penalty (weighted)
# 12.824871059094317 unbalancing key after neighboring finger (weighted)
# 0.8885747429875955 asymmetrc bigrams (weighted)
# 13.0128273486203 inconsistent symmetries of similar keys (weighted)
# 4.162107273226282 irregularity cost for randomly sampled words (weighted).
# Finger load %: 9.4 6.4 7.6 15.4 - 12.7 11.1 14.9 6.9
 
