
# Evolved Layout
jumwq öäldgzß
hesnf xirtb⇘
küvpy oa,.c
┌───┬───┬───┬───┬───┬───┬───┬───┬───┬───┬───┬───┬───┬──────┐
│ ^ │ 1 │ 2 │ 3 │ 4 │ 5 │ 6 │ 7 │ 8 │ 9 │ 0 │ - │ ` │ ←    │
├───┴─┬─┴─┬─┴─┬─┴─┬─┴─┬─┴─┬─┴─┬─┴─┬─┴─┬─┴─┬─┴─┬─┴─┬─┴─┬────┤
│   ⇥ │ j │ u │ m │ w │ q │ ö │ ä │ l │ d │ g │ z │ ß │ Ret│
├─────┴┬──┴┬──┴┬──┴┬──┴┬──┴┬──┴┬──┴┬──┴┬──┴┬──┴┬──┴┬──┴┐   │
│    ⇩ │ h │ e │ s │ n │ f │ x │ i │ r │ t │ b │ ⇘ │ ´ │   │
├────┬─┴─┬─┴─┬─┴─┬─┴─┬─┴─┬─┴─┬─┴─┬─┴─┬─┴─┬─┴─┬─┴─┬─┴───┴───┤
│  ⇧ │ ⇚ │ k │ ü │ v │ p │ y │ o │ a │ , │ . │ c │ ⇗       │
├────┼───┴┬──┴─┬─┴───┴───┴───┴───┴───┴─┬─┴──┬┴───┼────┬────┤
│Strg│ Fe │ Alt│      Leerzeichen      │ M4 │ Fe │ Me │Strg│
└────┴────┴────┴───────────────────────┴────┴────┴────┴────┘
# 9.507598052892853 x100 total penalty per letter
# 34.79525080496058 x10 billion total penalty compared to notime-noeffort
# 7.572744802271272 mean key position cost in file 1gramme.txt ( 55.42841698 )
# 10.661585714998262 % finger repeats in file 2gramme.txt ( 51.467813353968076 )
# 12.219496451499896 million keystrokes disbalance of the fingers ( 18.329244677249843 )
# 0.3110788174974907 % finger repeats top to bottom or vice versa ( 6.257100235572448 )
# 3.949267956351224 % of trigrams have no handswitching (after direction change counted x 1 ) ( 17.468854467059458 )
# 8.633209660119823 billion (rows²/dist)² to cross ( 112.23172558155771 )
# 0.01045889667689237 hand disbalance. Left: 0.48954110332310763 %, Right: 0.5104588966768924 % ( 0.306213982535713 )
# 1.0979192834421578 badly positioned shortcut keys (weighted).
# 7.794763596197546 no handswitching after unbalancing key (weighted).
# 32.84643557555663 movement pattern cost (weighted).
# 0.8844122654503895 asymmetric bigram cost (weighted).
# 3.4524074581037016 irregularity cost (weighted).
# 17.12814549557329 manually assigned bigram penalty (weighted)
# 11.797273862496162 unbalancing key after neighboring finger (weighted)
# 0.8844122654503895 asymmetrc bigrams (weighted)
# 11.461781234842698 inconsistent symmetries of similar keys (weighted)
# 3.4524074581037016 irregularity cost for randomly sampled words (weighted).
# Finger load %: 9.7 13.8 7.2 10.6 - 14.1 9.1 9.5 10.3
 

# Evolved Layout
zplkß äfaoüöj
hnrtg msieu⇘
vyxdq wb,.c
┌───┬───┬───┬───┬───┬───┬───┬───┬───┬───┬───┬───┬───┬──────┐
│ ^ │ 1 │ 2 │ 3 │ 4 │ 5 │ 6 │ 7 │ 8 │ 9 │ 0 │ - │ ` │ ←    │
├───┴─┬─┴─┬─┴─┬─┴─┬─┴─┬─┴─┬─┴─┬─┴─┬─┴─┬─┴─┬─┴─┬─┴─┬─┴─┬────┤
│   ⇥ │ z │ p │ l │ k │ ß │ ä │ f │ a │ o │ ü │ ö │ j │ Ret│
├─────┴┬──┴┬──┴┬──┴┬──┴┬──┴┬──┴┬──┴┬──┴┬──┴┬──┴┬──┴┬──┴┐   │
│    ⇩ │ h │ n │ r │ t │ g │ m │ s │ i │ e │ u │ ⇘ │ ´ │   │
├────┬─┴─┬─┴─┬─┴─┬─┴─┬─┴─┬─┴─┬─┴─┬─┴─┬─┴─┬─┴─┬─┴─┬─┴───┴───┤
│  ⇧ │ ⇚ │ v │ y │ x │ d │ q │ w │ b │ , │ . │ c │ ⇗       │
├────┼───┴┬──┴─┬─┴───┴───┴───┴───┴───┴─┬─┴──┬┴───┼────┬────┤
│Strg│ Fe │ Alt│      Leerzeichen      │ M4 │ Fe │ Me │Strg│
└────┴────┴────┴───────────────────────┴────┴────┴────┴────┘
# 9.227150998270806 x100 total penalty per letter
# 33.76889004078025 x10 billion total penalty compared to notime-noeffort
# 7.2069717003170455 mean key position cost in file 1gramme.txt ( 52.7511547 )
# 10.206090045138444 % finger repeats in file 2gramme.txt ( 49.26895037555516 )
# 11.870149718957144 million keystrokes disbalance of the fingers ( 17.80522457843572 )
# 0.4267957608904447 % finger repeats top to bottom or vice versa ( 8.584653489080674 )
# 3.2711270236407004 % of trigrams have no handswitching (after direction change counted x 1 ) ( 14.46922380319813 )
# 8.486517824628672 billion (rows²/dist)² to cross ( 110.32473172017275 )
# 0.05352540629079261 hand disbalance. Left: 0.4464745937092074 %, Right: 0.5535254062907926 % ( 1.5671086858863303 )
# 0.36597309448071924 badly positioned shortcut keys (weighted).
# 7.048555063385524 no handswitching after unbalancing key (weighted).
# 29.153509887670392 movement pattern cost (weighted).
# 0.8665416764645031 asymmetric bigram cost (weighted).
# 3.3631529130679 irregularity cost (weighted).
# 16.289985172633116 manually assigned bigram penalty (weighted)
# 14.301201102334408 unbalancing key after neighboring finger (weighted)
# 0.8665416764645031 asymmetrc bigrams (weighted)
# 11.528934145437256 inconsistent symmetries of similar keys (weighted)
# 3.3631529130679 irregularity cost for randomly sampled words (weighted).
# Finger load %: 10.2 8.0 8.0 11.4 - 11.7 11.1 14.9 9.0
 
