
# Evolved Layout
jmgzß xwuüäöq
rstnp fhiea⇘
lkvcy bd,.o
┌───┬───┬───┬───┬───┬───┬───┬───┬───┬───┬───┬───┬───┬──────┐
│ ^ │ 1 │ 2 │ 3 │ 4 │ 5 │ 6 │ 7 │ 8 │ 9 │ 0 │ - │ ` │ ←    │
├───┴─┬─┴─┬─┴─┬─┴─┬─┴─┬─┴─┬─┴─┬─┴─┬─┴─┬─┴─┬─┴─┬─┴─┬─┴─┬────┤
│   ⇥ │ j │ m │ g │ z │ ß │ x │ w │ u │ ü │ ä │ ö │ q │ Ret│
├─────┴┬──┴┬──┴┬──┴┬──┴┬──┴┬──┴┬──┴┬──┴┬──┴┬──┴┬──┴┬──┴┐   │
│    ⇩ │ r │ s │ t │ n │ p │ f │ h │ i │ e │ a │ ⇘ │ ´ │   │
├────┬─┴─┬─┴─┬─┴─┬─┴─┬─┴─┬─┴─┬─┴─┬─┴─┬─┴─┬─┴─┬─┴─┬─┴───┴───┤
│  ⇧ │ ⇚ │ l │ k │ v │ c │ y │ b │ d │ , │ . │ o │ ⇗       │
├────┼───┴┬──┴─┬─┴───┴───┴───┴───┴───┴─┬─┴──┬┴───┼────┬────┤
│Strg│ Fe │ Alt│      Leerzeichen      │ M4 │ Fe │ Me │Strg│
└────┴────┴────┴───────────────────────┴────┴────┴────┴────┘
# 9.207335693723595 x100 total penalty per letter
# 33.69637135754804 x10 billion total penalty compared to notime-noeffort
# 7.726085804236531 mean key position cost in file 1gramme.txt ( 56.5507906 )
# 8.539101601627992 % finger repeats in file 2gramme.txt ( 41.221718719093104 )
# 15.207455528589739 million keystrokes disbalance of the fingers ( 22.81118329288461 )
# 0.36039113273129053 % finger repeats top to bottom or vice versa ( 7.248977798140721 )
# 2.728219587001933 % of trigrams have no handswitching (after direction change counted x 1 ) ( 12.06777343200344 )
# 8.363026469661692 billion (rows²/dist)² to cross ( 108.719344105602 )
# 0.031234889454969772 hand disbalance. Left: 0.46876511054503023 %, Right: 0.5312348894549698 % ( 0.914490331967878 )
# 0.7319461889614385 badly positioned shortcut keys (weighted).
# 6.57118929687183 no handswitching after unbalancing key (weighted).
# 29.489317435875265 movement pattern cost (weighted).
# 0.8786095589414923 asymmetric bigram cost (weighted).
# 3.812854808904708 irregularity cost (weighted).
# 22.53770303939442 manually assigned bigram penalty (weighted)
# 9.994304783320008 unbalancing key after neighboring finger (weighted)
# 0.8786095589414923 asymmetrc bigrams (weighted)
# 13.4135101835195 inconsistent symmetries of similar keys (weighted)
# 3.812854808904708 irregularity cost for randomly sampled words (weighted).
# Finger load %: 13.3 7.7 7.5 10.9 - 11.5 9.2 12.5 11.6
 
