
# Evolved Layout
ßyuxq wcrdvzj
heiao mnlts⇘
käögü fp,.b
┌───┬───┬───┬───┬───┬───┬───┬───┬───┬───┬───┬───┬───┬──────┐
│ ^ │ 1 │ 2 │ 3 │ 4 │ 5 │ 6 │ 7 │ 8 │ 9 │ 0 │ - │ ` │ ←    │
├───┴─┬─┴─┬─┴─┬─┴─┬─┴─┬─┴─┬─┴─┬─┴─┬─┴─┬─┴─┬─┴─┬─┴─┬─┴─┬────┤
│   ⇥ │ ß │ y │ u │ x │ q │ w │ c │ r │ d │ v │ z │ j │ Ret│
├─────┴┬──┴┬──┴┬──┴┬──┴┬──┴┬──┴┬──┴┬──┴┬──┴┬──┴┬──┴┬──┴┐   │
│    ⇩ │ h │ e │ i │ a │ o │ m │ n │ l │ t │ s │ ⇘ │ ´ │   │
├────┬─┴─┬─┴─┬─┴─┬─┴─┬─┴─┬─┴─┬─┴─┬─┴─┬─┴─┬─┴─┬─┴─┬─┴───┴───┤
│  ⇧ │ ⇚ │ k │ ä │ ö │ g │ ü │ f │ p │ , │ . │ b │ ⇗       │
├────┼───┴┬──┴─┬─┴───┴───┴───┴───┴───┴─┬─┴──┬┴───┼────┬────┤
│Strg│ Fe │ Alt│      Leerzeichen      │ M4 │ Fe │ Me │Strg│
└────┴────┴────┴───────────────────────┴────┴────┴────┴────┘
# 9.035335479032858 x100 total penalty per letter
# 33.066896849330874 x10 billion total penalty compared to notime-noeffort
# 7.375297555220145 mean key position cost in file 1gramme.txt ( 53.98320938 )
# 10.389850504809093 % finger repeats in file 2gramme.txt ( 50.156036902174144 )
# 12.594746293695799 million keystrokes disbalance of the fingers ( 18.8921194405437 )
# 0.3712205092382943 % finger repeats top to bottom or vice versa ( 7.466801997288008 )
# 1.803294539773054 % of trigrams have no handswitching (after direction change counted x 1 ) ( 7.976539000317174 )
# 7.914717393002074 billion (rows²/dist)² to cross ( 102.89132610902696 )
# 0.026684338245111072 hand disbalance. Left: 0.47331566175488893 %, Right: 0.5266843382451111 % ( 0.7812599873386804 )
# 1.0979192834421578 badly positioned shortcut keys (weighted).
# 9.952009841477896 no handswitching after unbalancing key (weighted).
# 35.861864314879526 movement pattern cost (weighted).
# 0.8783388999620394 asymmetric bigram cost (weighted).
# 3.333799237098493 irregularity cost (weighted).
# 19.553866058040974 manually assigned bigram penalty (weighted)
# 12.62101615314224 unbalancing key after neighboring finger (weighted)
# 0.8783388999620394 asymmetrc bigrams (weighted)
# 5.222861888576708 inconsistent symmetries of similar keys (weighted)
# 3.333799237098493 irregularity cost for randomly sampled words (weighted).
# Finger load %: 10.3 11.7 8.1 9.8 - 15.0 9.1 9.5 10.9
 
