
# Evolved Layout
öäowq vdrbüjß
geatl mhnsi⇘
cyzkx pf,.u
┌───┬───┬───┬───┬───┬───┬───┬───┬───┬───┬───┬───┬───┬──────┐
│ ^ │ 1 │ 2 │ 3 │ 4 │ 5 │ 6 │ 7 │ 8 │ 9 │ 0 │ - │ ` │ ←    │
├───┴─┬─┴─┬─┴─┬─┴─┬─┴─┬─┴─┬─┴─┬─┴─┬─┴─┬─┴─┬─┴─┬─┴─┬─┴─┬────┤
│   ⇥ │ ö │ ä │ o │ w │ q │ v │ d │ r │ b │ ü │ j │ ß │ Ret│
├─────┴┬──┴┬──┴┬──┴┬──┴┬──┴┬──┴┬──┴┬──┴┬──┴┬──┴┬──┴┬──┴┐   │
│    ⇩ │ g │ e │ a │ t │ l │ m │ h │ n │ s │ i │ ⇘ │ ´ │   │
├────┬─┴─┬─┴─┬─┴─┬─┴─┬─┴─┬─┴─┬─┴─┬─┴─┬─┴─┬─┴─┬─┴─┬─┴───┴───┤
│  ⇧ │ ⇚ │ c │ y │ z │ k │ x │ p │ f │ , │ . │ u │ ⇗       │
├────┼───┴┬──┴─┬─┴───┴───┴───┴───┴───┴─┬─┴──┬┴───┼────┬────┤
│Strg│ Fe │ Alt│      Leerzeichen      │ M4 │ Fe │ Me │Strg│
└────┴────┴────┴───────────────────────┴────┴────┴────┴────┘
# 9.760067018709382 x100 total penalty per letter
# 35.719219291762805 x10 billion total penalty compared to notime-noeffort
# 7.609312222668634 mean key position cost in file 1gramme.txt ( 55.69607082 )
# 11.805154964222288 % finger repeats in file 2gramme.txt ( 56.98828753574032 )
# 13.254100398008262 million keystrokes disbalance of the fingers ( 19.881150597012393 )
# 0.42825112655513004 % finger repeats top to bottom or vice versa ( 8.61392699897956 )
# 3.8792774992985297 % of trigrams have no handswitching (after direction change counted x 1 ) ( 17.1592646590622 )
# 8.174927497496856 billion (rows²/dist)² to cross ( 106.27405746745912 )
# 0.029088056026103648 hand disbalance. Left: 0.47091194397389635 %, Right: 0.5290880560261036 % ( 0.8516356701041349 )
# 0.7319461889614385 badly positioned shortcut keys (weighted).
# 9.038266329102818 no handswitching after unbalancing key (weighted).
# 33.01285029343068 movement pattern cost (weighted).
# 0.8847715949231844 asymmetric bigram cost (weighted).
# 4.023236106140947 irregularity cost (weighted).
# 17.817524588407043 manually assigned bigram penalty (weighted)
# 15.892506422259586 unbalancing key after neighboring finger (weighted)
# 0.8847715949231844 asymmetrc bigrams (weighted)
# 10.326697646044682 inconsistent symmetries of similar keys (weighted)
# 4.023236106140947 irregularity cost for randomly sampled words (weighted).
# Finger load %: 10.1 11.7 7.8 10.2 - 12.4 12.7 7.5 12.1
 
