
# Evolved Layout
ßlubö qwüayzj
srinp mteog⇘
kxvhä fd,.c
┌───┬───┬───┬───┬───┬───┬───┬───┬───┬───┬───┬───┬───┬──────┐
│ ^ │ 1 │ 2 │ 3 │ 4 │ 5 │ 6 │ 7 │ 8 │ 9 │ 0 │ - │ ` │ ←    │
├───┴─┬─┴─┬─┴─┬─┴─┬─┴─┬─┴─┬─┴─┬─┴─┬─┴─┬─┴─┬─┴─┬─┴─┬─┴─┬────┤
│   ⇥ │ ß │ l │ u │ b │ ö │ q │ w │ ü │ a │ y │ z │ j │ Ret│
├─────┴┬──┴┬──┴┬──┴┬──┴┬──┴┬──┴┬──┴┬──┴┬──┴┬──┴┬──┴┬──┴┐   │
│    ⇩ │ s │ r │ i │ n │ p │ m │ t │ e │ o │ g │ ⇘ │ ´ │   │
├────┬─┴─┬─┴─┬─┴─┬─┴─┬─┴─┬─┴─┬─┴─┬─┴─┬─┴─┬─┴─┬─┴─┬─┴───┴───┤
│  ⇧ │ ⇚ │ k │ x │ v │ h │ ä │ f │ d │ , │ . │ c │ ⇗       │
├────┼───┴┬──┴─┬─┴───┴───┴───┴───┴───┴─┬─┴──┬┴───┼────┬────┤
│Strg│ Fe │ Alt│      Leerzeichen      │ M4 │ Fe │ Me │Strg│
└────┴────┴────┴───────────────────────┴────┴────┴────┴────┘
# 9.465254680124847 x100 total penalty per letter
# 34.64028545333401 x10 billion total penalty compared to notime-noeffort
# 7.618487492792697 mean key position cost in file 1gramme.txt ( 55.76322886 )
# 10.660713172429448 % finger repeats in file 2gramme.txt ( 51.463601235876496 )
# 11.87690292375027 million keystrokes disbalance of the fingers ( 17.815354385625405 )
# 0.3965283987127918 % finger repeats top to bottom or vice versa ( 7.975849840746513 )
# 3.1087453225417696 % of trigrams have no handswitching (after direction change counted x 1 ) ( 13.750958459858001 )
# 8.406436115316685 billion (rows²/dist)² to cross ( 109.28366949911691 )
# 0.017440958562936426 hand disbalance. Left: 0.4825590414370636 %, Right: 0.5174409585629365 % ( 0.5106337260790275 )
# 0.7319461889614385 badly positioned shortcut keys (weighted).
# 6.954356819474177 no handswitching after unbalancing key (weighted).
# 28.622210529153985 movement pattern cost (weighted).
# 0.8812905603557218 asymmetric bigram cost (weighted).
# 2.2418131717655045 irregularity cost (weighted).
# 19.615012863599436 manually assigned bigram penalty (weighted)
# 13.055446286490064 unbalancing key after neighboring finger (weighted)
# 0.8812905603557218 asymmetrc bigrams (weighted)
# 17.737482106237454 inconsistent symmetries of similar keys (weighted)
# 2.2418131717655045 irregularity cost for randomly sampled words (weighted).
# Finger load %: 11.2 8.2 8.7 12.6 - 13.6 12.3 8.6 9.2
 
