
# Evolved Layout
ßhycj qwloäzx
suenm gtrai⇘
kvüpf bd,.ö
┌───┬───┬───┬───┬───┬───┬───┬───┬───┬───┬───┬───┬───┬──────┐
│ ^ │ 1 │ 2 │ 3 │ 4 │ 5 │ 6 │ 7 │ 8 │ 9 │ 0 │ - │ ` │ ←    │
├───┴─┬─┴─┬─┴─┬─┴─┬─┴─┬─┴─┬─┴─┬─┴─┬─┴─┬─┴─┬─┴─┬─┴─┬─┴─┬────┤
│   ⇥ │ ß │ h │ y │ c │ j │ q │ w │ l │ o │ ä │ z │ x │ Ret│
├─────┴┬──┴┬──┴┬──┴┬──┴┬──┴┬──┴┬──┴┬──┴┬──┴┬──┴┬──┴┬──┴┐   │
│    ⇩ │ s │ u │ e │ n │ m │ g │ t │ r │ a │ i │ ⇘ │ ´ │   │
├────┬─┴─┬─┴─┬─┴─┬─┴─┬─┴─┬─┴─┬─┴─┬─┴─┬─┴─┬─┴─┬─┴─┬─┴───┴───┤
│  ⇧ │ ⇚ │ k │ v │ ü │ p │ f │ b │ d │ , │ . │ ö │ ⇗       │
├────┼───┴┬──┴─┬─┴───┴───┴───┴───┴───┴─┬─┴──┬┴───┼────┬────┤
│Strg│ Fe │ Alt│      Leerzeichen      │ M4 │ Fe │ Me │Strg│
└────┴────┴────┴───────────────────────┴────┴────┴────┴────┘
# 9.59759551314506 x100 total penalty per letter
# 35.12461729519965 x10 billion total penalty compared to notime-noeffort
# 7.650136502445811 mean key position cost in file 1gramme.txt ( 55.99488258 )
# 9.002980468093712 % finger repeats in file 2gramme.txt ( 43.46105079935972 )
# 12.75592621769191 million keystrokes disbalance of the fingers ( 19.133889326537865 )
# 0.36431108554667246 % finger repeats top to bottom or vice versa ( 7.3278244964851265 )
# 5.419172736530471 % of trigrams have no handswitching (after direction change counted x 1 ) ( 23.9707056883957 )
# 8.36454319552993 billion (rows²/dist)² to cross ( 108.7390615418891 )
# 0.00364734655239074 hand disbalance. Left: 0.5036473465523907 %, Right: 0.49635265344760926 % ( 0.10678645635376176 )
# 0.7319461889614385 badly positioned shortcut keys (weighted).
# 7.909954095111731 no handswitching after unbalancing key (weighted).
# 28.47648869597915 movement pattern cost (weighted).
# 0.8702222237761437 asymmetric bigram cost (weighted).
# 8.234625763191353 irregularity cost (weighted).
# 20.030676434695422 manually assigned bigram penalty (weighted)
# 15.500306794850323 unbalancing key after neighboring finger (weighted)
# 0.8702222237761437 asymmetrc bigrams (weighted)
# 10.757751866409677 inconsistent symmetries of similar keys (weighted)
# 8.234625763191353 irregularity cost for randomly sampled words (weighted).
# Finger load %: 11.2 6.6 11.5 13.2 - 13.7 9.1 8.6 10.6
 
