
# Evolved Layout
jkuäö xplmfqß
hgieo cnrst⇘
zvüay wb,.d
┌───┬───┬───┬───┬───┬───┬───┬───┬───┬───┬───┬───┬───┬──────┐
│ ^ │ 1 │ 2 │ 3 │ 4 │ 5 │ 6 │ 7 │ 8 │ 9 │ 0 │ - │ ` │ ←    │
├───┴─┬─┴─┬─┴─┬─┴─┬─┴─┬─┴─┬─┴─┬─┴─┬─┴─┬─┴─┬─┴─┬─┴─┬─┴─┬────┤
│   ⇥ │ j │ k │ u │ ä │ ö │ x │ p │ l │ m │ f │ q │ ß │ Ret│
├─────┴┬──┴┬──┴┬──┴┬──┴┬──┴┬──┴┬──┴┬──┴┬──┴┬──┴┬──┴┬──┴┐   │
│    ⇩ │ h │ g │ i │ e │ o │ c │ n │ r │ s │ t │ ⇘ │ ´ │   │
├────┬─┴─┬─┴─┬─┴─┬─┴─┬─┴─┬─┴─┬─┴─┬─┴─┬─┴─┬─┴─┬─┴─┬─┴───┴───┤
│  ⇧ │ ⇚ │ z │ v │ ü │ a │ y │ w │ b │ , │ . │ d │ ⇗       │
├────┼───┴┬──┴─┬─┴───┴───┴───┴───┴───┴─┬─┴──┬┴───┼────┬────┤
│Strg│ Fe │ Alt│      Leerzeichen      │ M4 │ Fe │ Me │Strg│
└────┴────┴────┴───────────────────────┴────┴────┴────┴────┘
# 9.118242449679212 x100 total penalty per letter
# 33.37031405534556 x10 billion total penalty compared to notime-noeffort
# 7.481038997920761 mean key position cost in file 1gramme.txt ( 54.75717984 )
# 12.967743111036379 % finger repeats in file 2gramme.txt ( 62.60057367658977 )
# 15.351394813102896 million keystrokes disbalance of the fingers ( 23.027092219654342 )
# 0.30471753424276316 % finger repeats top to bottom or vice versa ( 6.129148138827642 )
# 2.2003769497287182 % of trigrams have no handswitching (after direction change counted x 1 ) ( 9.732959407240772 )
# 8.0423744743167 billion (rows²/dist)² to cross ( 104.5508681661171 )
# 0.01604333215314141 hand disbalance. Left: 0.4839566678468586 %, Right: 0.5160433321531415 % ( 0.4697142331093746 )
# 0.7319461889614385 badly positioned shortcut keys (weighted).
# 8.089516204001603 no handswitching after unbalancing key (weighted).
# 23.198607967957543 movement pattern cost (weighted).
# 0.8689004595973774 asymmetric bigram cost (weighted).
# 4.006393244174933 irregularity cost (weighted).
# 18.607457333970146 manually assigned bigram penalty (weighted)
# 9.877218767108765 unbalancing key after neighboring finger (weighted)
# 0.8689004595973774 asymmetrc bigrams (weighted)
# 7.055564706144776 inconsistent symmetries of similar keys (weighted)
# 4.006393244174933 irregularity cost for randomly sampled words (weighted).
# Finger load %: 9.8 3.9 8.3 18.9 - 13.3 9.1 8.0 13.2
 
