
# Evolved Layout
ölcgä qbouvjß
hrnsm wteia⇘
üxzky fd,.p
┌───┬───┬───┬───┬───┬───┬───┬───┬───┬───┬───┬───┬───┬──────┐
│ ^ │ 1 │ 2 │ 3 │ 4 │ 5 │ 6 │ 7 │ 8 │ 9 │ 0 │ - │ ` │ ←    │
├───┴─┬─┴─┬─┴─┬─┴─┬─┴─┬─┴─┬─┴─┬─┴─┬─┴─┬─┴─┬─┴─┬─┴─┬─┴─┬────┤
│   ⇥ │ ö │ l │ c │ g │ ä │ q │ b │ o │ u │ v │ j │ ß │ Ret│
├─────┴┬──┴┬──┴┬──┴┬──┴┬──┴┬──┴┬──┴┬──┴┬──┴┬──┴┬──┴┬──┴┐   │
│    ⇩ │ h │ r │ n │ s │ m │ w │ t │ e │ i │ a │ ⇘ │ ´ │   │
├────┬─┴─┬─┴─┬─┴─┬─┴─┬─┴─┬─┴─┬─┴─┬─┴─┬─┴─┬─┴─┬─┴─┬─┴───┴───┤
│  ⇧ │ ⇚ │ ü │ x │ z │ k │ y │ f │ d │ , │ . │ p │ ⇗       │
├────┼───┴┬──┴─┬─┴───┴───┴───┴───┴───┴─┬─┴──┬┴───┼────┬────┤
│Strg│ Fe │ Alt│      Leerzeichen      │ M4 │ Fe │ Me │Strg│
└────┴────┴────┴───────────────────────┴────┴────┴────┴────┘
# 9.083773733303914 x100 total penalty per letter
# 33.24416782739909 x10 billion total penalty compared to notime-noeffort
# 7.187607189354687 mean key position cost in file 1gramme.txt ( 52.6094169 )
# 10.918497160230185 % finger repeats in file 2gramme.txt ( 52.70802945926035 )
# 11.141577386199105 million keystrokes disbalance of the fingers ( 16.712366079298654 )
# 0.31785986455155385 % finger repeats top to bottom or vice versa ( 6.393495543554962 )
# 4.03718254197803 % of trigrams have no handswitching (after direction change counted x 1 ) ( 17.8577283340192 )
# 7.814412381871964 billion (rows²/dist)² to cross ( 101.58736096433555 )
# 0.05867137169459263 hand disbalance. Left: 0.44132862830540737 %, Right: 0.5586713716945926 % ( 1.717771476519884 )
# 0.36597309448071924 badly positioned shortcut keys (weighted).
# 6.985647991285036 no handswitching after unbalancing key (weighted).
# 29.158825048104912 movement pattern cost (weighted).
# 0.8692067006863885 asymmetric bigram cost (weighted).
# 2.116313926163448 irregularity cost (weighted).
# 17.370363315815528 manually assigned bigram penalty (weighted)
# 12.443410069730799 unbalancing key after neighboring finger (weighted)
# 0.8692067006863885 asymmetrc bigrams (weighted)
# 13.54576937073544 inconsistent symmetries of similar keys (weighted)
# 2.116313926163448 irregularity cost for randomly sampled words (weighted).
# Finger load %: 9.3 8.2 9.3 10.4 - 13.1 14.7 9.4 10.0
 
