
# Evolved Layout
ßugäq wbrdvzj
ciheo mnlts⇘
yükaö fp,.x
┌───┬───┬───┬───┬───┬───┬───┬───┬───┬───┬───┬───┬───┬──────┐
│ ^ │ 1 │ 2 │ 3 │ 4 │ 5 │ 6 │ 7 │ 8 │ 9 │ 0 │ - │ ` │ ←    │
├───┴─┬─┴─┬─┴─┬─┴─┬─┴─┬─┴─┬─┴─┬─┴─┬─┴─┬─┴─┬─┴─┬─┴─┬─┴─┬────┤
│   ⇥ │ ß │ u │ g │ ä │ q │ w │ b │ r │ d │ v │ z │ j │ Ret│
├─────┴┬──┴┬──┴┬──┴┬──┴┬──┴┬──┴┬──┴┬──┴┬──┴┬──┴┬──┴┬──┴┐   │
│    ⇩ │ c │ i │ h │ e │ o │ m │ n │ l │ t │ s │ ⇘ │ ´ │   │
├────┬─┴─┬─┴─┬─┴─┬─┴─┬─┴─┬─┴─┬─┴─┬─┴─┬─┴─┬─┴─┬─┴─┬─┴───┴───┤
│  ⇧ │ ⇚ │ y │ ü │ k │ a │ ö │ f │ p │ , │ . │ x │ ⇗       │
├────┼───┴┬──┴─┬─┴───┴───┴───┴───┴───┴─┬─┴──┬┴───┼────┬────┤
│Strg│ Fe │ Alt│      Leerzeichen      │ M4 │ Fe │ Me │Strg│
└────┴────┴────┴───────────────────────┴────┴────┴────┴────┘
# 9.111403149273933 x100 total penalty per letter
# 33.345284056011515 x10 billion total penalty compared to notime-noeffort
# 7.40996193134867 mean key position cost in file 1gramme.txt ( 54.23693396 )
# 11.963658637487042 % finger repeats in file 2gramme.txt ( 57.75344927523959 )
# 11.966126890119158 million keystrokes disbalance of the fingers ( 17.949190335178738 )
# 0.3642829049939606 % finger repeats top to bottom or vice versa ( 7.327257667330925 )
# 3.0194861836504057 % of trigrams have no handswitching (after direction change counted x 1 ) ( 13.356137210861544 )
# 8.005050303154995 billion (rows²/dist)² to cross ( 104.06565394101494 )
# 0.0038183932098104223 hand disbalance. Left: 0.4961816067901896 %, Right: 0.5038183932098104 % ( 0.11179433431507893 )
# 1.0979192834421578 badly positioned shortcut keys (weighted).
# 9.505226648190813 no handswitching after unbalancing key (weighted).
# 29.929379884171258 movement pattern cost (weighted).
# 0.8646195368944865 asymmetric bigram cost (weighted).
# 2.8774290331627013 irregularity cost (weighted).
# 17.89969844130067 manually assigned bigram penalty (weighted)
# 13.124773463132403 unbalancing key after neighboring finger (weighted)
# 0.8646195368944865 asymmetrc bigrams (weighted)
# 3.3533775458798756 inconsistent symmetries of similar keys (weighted)
# 2.8774290331627013 irregularity cost for randomly sampled words (weighted).
# Finger load %: 8.6 8.5 6.2 18.5 - 14.2 9.1 9.5 9.7
 
