
# Evolved Layout
älbxö qdowvßj
urniü mgets⇘
czpay fh,.k
┌───┬───┬───┬───┬───┬───┬───┬───┬───┬───┬───┬───┬───┬──────┐
│ ^ │ 1 │ 2 │ 3 │ 4 │ 5 │ 6 │ 7 │ 8 │ 9 │ 0 │ - │ ` │ ←    │
├───┴─┬─┴─┬─┴─┬─┴─┬─┴─┬─┴─┬─┴─┬─┴─┬─┴─┬─┴─┬─┴─┬─┴─┬─┴─┬────┤
│   ⇥ │ ä │ l │ b │ x │ ö │ q │ d │ o │ w │ v │ ß │ j │ Ret│
├─────┴┬──┴┬──┴┬──┴┬──┴┬──┴┬──┴┬──┴┬──┴┬──┴┬──┴┬──┴┬──┴┐   │
│    ⇩ │ u │ r │ n │ i │ ü │ m │ g │ e │ t │ s │ ⇘ │ ´ │   │
├────┬─┴─┬─┴─┬─┴─┬─┴─┬─┴─┬─┴─┬─┴─┬─┴─┬─┴─┬─┴─┬─┴─┬─┴───┴───┤
│  ⇧ │ ⇚ │ c │ z │ p │ a │ y │ f │ h │ , │ . │ k │ ⇗       │
├────┼───┴┬──┴─┬─┴───┴───┴───┴───┴───┴─┬─┴──┬┴───┼────┬────┤
│Strg│ Fe │ Alt│      Leerzeichen      │ M4 │ Fe │ Me │Strg│
└────┴────┴────┴───────────────────────┴────┴────┴────┴────┘
# 9.767858126706283 x100 total penalty per letter
# 35.7477326507934 x10 billion total penalty compared to notime-noeffort
# 7.792536981568316 mean key position cost in file 1gramme.txt ( 57.03717746 )
# 9.686146273028731 % finger repeats in file 2gramme.txt ( 46.75897017815774 )
# 12.166886758015094 million keystrokes disbalance of the fingers ( 18.25033013702264 )
# 0.3849082114693635 % finger repeats top to bottom or vice versa ( 7.742119119628423 )
# 4.179914287031423 % of trigrams have no handswitching (after direction change counted x 1 ) ( 18.489075740608147 )
# 8.182089214059397 billion (rows²/dist)² to cross ( 106.36715978277218 )
# 0.032550682074386494 hand disbalance. Left: 0.4674493179256135 %, Right: 0.5325506820743865 % ( 0.9530139076977043 )
# 0.36597309448071924 badly positioned shortcut keys (weighted).
# 7.347435979143049 no handswitching after unbalancing key (weighted).
# 34.352963347999776 movement pattern cost (weighted).
# 0.8646803496278097 asymmetric bigram cost (weighted).
# 12.374942054553179 irregularity cost (weighted).
# 20.936879473997116 manually assigned bigram penalty (weighted)
# 13.373270982909492 unbalancing key after neighboring finger (weighted)
# 0.8646803496278097 asymmetrc bigrams (weighted)
# 12.263334899336073 inconsistent symmetries of similar keys (weighted)
# 12.374942054553179 irregularity cost for randomly sampled words (weighted).
# Finger load %: 10.8 8.7 8.8 11.1 - 12.8 14.7 7.4 10.1
 
