
# Evolved Layout
ßuyaq vdrbfjz
sheio gtlnm⇘
kxüöä pw,.c
┌───┬───┬───┬───┬───┬───┬───┬───┬───┬───┬───┬───┬───┬──────┐
│ ^ │ 1 │ 2 │ 3 │ 4 │ 5 │ 6 │ 7 │ 8 │ 9 │ 0 │ - │ ` │ ←    │
├───┴─┬─┴─┬─┴─┬─┴─┬─┴─┬─┴─┬─┴─┬─┴─┬─┴─┬─┴─┬─┴─┬─┴─┬─┴─┬────┤
│   ⇥ │ ß │ u │ y │ a │ q │ v │ d │ r │ b │ f │ j │ z │ Ret│
├─────┴┬──┴┬──┴┬──┴┬──┴┬──┴┬──┴┬──┴┬──┴┬──┴┬──┴┬──┴┬──┴┐   │
│    ⇩ │ s │ h │ e │ i │ o │ g │ t │ l │ n │ m │ ⇘ │ ´ │   │
├────┬─┴─┬─┴─┬─┴─┬─┴─┬─┴─┬─┴─┬─┴─┬─┴─┬─┴─┬─┴─┬─┴─┬─┴───┴───┤
│  ⇧ │ ⇚ │ k │ x │ ü │ ö │ ä │ p │ w │ , │ . │ c │ ⇗       │
├────┼───┴┬──┴─┬─┴───┴───┴───┴───┴───┴─┬─┴──┬┴───┼────┬────┤
│Strg│ Fe │ Alt│      Leerzeichen      │ M4 │ Fe │ Me │Strg│
└────┴────┴────┴───────────────────────┴────┴────┴────┴────┘
# 9.157273281333833 x100 total penalty per letter
# 33.51315639775353 x10 billion total penalty compared to notime-noeffort
# 7.899346306050116 mean key position cost in file 1gramme.txt ( 57.81896424 )
# 9.769647538890952 % finger repeats in file 2gramme.txt ( 47.162064772254666 )
# 12.657039730292468 million keystrokes disbalance of the fingers ( 18.9855595954387 )
# 0.34338199599933367 % finger repeats top to bottom or vice versa ( 6.9068526920065825 )
# 1.9090108461482238 % of trigrams have no handswitching (after direction change counted x 1 ) ( 8.444155477921074 )
# 8.306811564353648 billion (rows²/dist)² to cross ( 107.98855033659743 )
# 0.002373044473583108 hand disbalance. Left: 0.5023730444735831 %, Right: 0.4976269555264169 % ( 0.06947763434700636 )
# 1.0979192834421578 badly positioned shortcut keys (weighted).
# 9.719733348461082 no handswitching after unbalancing key (weighted).
# 23.531828226541524 movement pattern cost (weighted).
# 0.8924548090576919 asymmetric bigram cost (weighted).
# 8.210994406636182 irregularity cost (weighted).
# 20.446474873434216 manually assigned bigram penalty (weighted)
# 13.165935325581888 unbalancing key after neighboring finger (weighted)
# 0.8924548090576919 asymmetrc bigrams (weighted)
# 10.69059895581512 inconsistent symmetries of similar keys (weighted)
# 8.210994406636182 irregularity cost for randomly sampled words (weighted).
# Finger load %: 11.5 6.1 11.5 13.2 - 13.9 9.1 9.2 9.8
 
