
# Evolved Layout
jghpß äüiwfxq
rsunl öeatd⇘
zmkbv yo,.c
┌───┬───┬───┬───┬───┬───┬───┬───┬───┬───┬───┬───┬───┬──────┐
│ ^ │ 1 │ 2 │ 3 │ 4 │ 5 │ 6 │ 7 │ 8 │ 9 │ 0 │ - │ ` │ ←    │
├───┴─┬─┴─┬─┴─┬─┴─┬─┴─┬─┴─┬─┴─┬─┴─┬─┴─┬─┴─┬─┴─┬─┴─┬─┴─┬────┤
│   ⇥ │ j │ g │ h │ p │ ß │ ä │ ü │ i │ w │ f │ x │ q │ Ret│
├─────┴┬──┴┬──┴┬──┴┬──┴┬──┴┬──┴┬──┴┬──┴┬──┴┬──┴┬──┴┬──┴┐   │
│    ⇩ │ r │ s │ u │ n │ l │ ö │ e │ a │ t │ d │ ⇘ │ ´ │   │
├────┬─┴─┬─┴─┬─┴─┬─┴─┬─┴─┬─┴─┬─┴─┬─┴─┬─┴─┬─┴─┬─┴─┬─┴───┴───┤
│  ⇧ │ ⇚ │ z │ m │ k │ b │ v │ y │ o │ , │ . │ c │ ⇗       │
├────┼───┴┬──┴─┬─┴───┴───┴───┴───┴───┴─┬─┴──┬┴───┼────┬────┤
│Strg│ Fe │ Alt│      Leerzeichen      │ M4 │ Fe │ Me │Strg│
└────┴────┴────┴───────────────────────┴────┴────┴────┴────┘
# 9.414395806457726 x100 total penalty per letter
# 34.454155659556406 x10 billion total penalty compared to notime-noeffort
# 7.6649864820808205 mean key position cost in file 1gramme.txt ( 56.10357644 )
# 11.68485972498373 % finger repeats in file 2gramme.txt ( 56.40757345755293 )
# 13.336861200379209 million keystrokes disbalance of the fingers ( 20.005291800568813 )
# 0.35110232610613373 % finger repeats top to bottom or vice versa ( 7.062140923196885 )
# 3.0192355186081388 % of trigrams have no handswitching (after direction change counted x 1 ) ( 13.35502844052949 )
# 8.4556807444596 billion (rows²/dist)² to cross ( 109.92384967797483 )
# 0.03781168457996653 hand disbalance. Left: 0.46218831542003347 %, Right: 0.5378116845799665 % ( 1.1070447370607397 )
# 1.0979192834421578 badly positioned shortcut keys (weighted).
# 6.783969450021217 no handswitching after unbalancing key (weighted).
# 26.614586578858344 movement pattern cost (weighted).
# 0.8719511654229076 asymmetric bigram cost (weighted).
# 3.542521417060737 irregularity cost (weighted).
# 17.72923398913865 manually assigned bigram penalty (weighted)
# 9.522393288913042 unbalancing key after neighboring finger (weighted)
# 0.8719511654229076 asymmetrc bigrams (weighted)
# 14.414475945823371 inconsistent symmetries of similar keys (weighted)
# 3.542521417060737 irregularity cost for randomly sampled words (weighted).
# Finger load %: 11.0 8.7 6.7 12.6 - 15.6 11.1 7.4 11.3
 
