
# Evolved Layout
ßoyvö wbrdgzj
haeiä lnstm⇘
kxüuq fp,.c
┌───┬───┬───┬───┬───┬───┬───┬───┬───┬───┬───┬───┬───┬──────┐
│ ^ │ 1 │ 2 │ 3 │ 4 │ 5 │ 6 │ 7 │ 8 │ 9 │ 0 │ - │ ` │ ←    │
├───┴─┬─┴─┬─┴─┬─┴─┬─┴─┬─┴─┬─┴─┬─┴─┬─┴─┬─┴─┬─┴─┬─┴─┬─┴─┬────┤
│   ⇥ │ ß │ o │ y │ v │ ö │ w │ b │ r │ d │ g │ z │ j │ Ret│
├─────┴┬──┴┬──┴┬──┴┬──┴┬──┴┬──┴┬──┴┬──┴┬──┴┬──┴┬──┴┬──┴┐   │
│    ⇩ │ h │ a │ e │ i │ ä │ l │ n │ s │ t │ m │ ⇘ │ ´ │   │
├────┬─┴─┬─┴─┬─┴─┬─┴─┬─┴─┬─┴─┬─┴─┬─┴─┬─┴─┬─┴─┬─┴─┬─┴───┴───┤
│  ⇧ │ ⇚ │ k │ x │ ü │ u │ q │ f │ p │ , │ . │ c │ ⇗       │
├────┼───┴┬──┴─┬─┴───┴───┴───┴───┴───┴─┬─┴──┬┴───┼────┬────┤
│Strg│ Fe │ Alt│      Leerzeichen      │ M4 │ Fe │ Me │Strg│
└────┴────┴────┴───────────────────────┴────┴────┴────┴────┘
# 8.911888033230577 x100 total penalty per letter
# 32.615112411870854 x10 billion total penalty compared to notime-noeffort
# 7.570814646719803 mean key position cost in file 1gramme.txt ( 55.41428928 )
# 11.462780919225217 % finger repeats in file 2gramme.txt ( 55.33550867936781 )
# 11.875075367665032 million keystrokes disbalance of the fingers ( 17.812613051497546 )
# 0.33901197300824415 % finger repeats top to bottom or vice versa ( 6.818953194036991 )
# 1.3623978847845353 % of trigrams have no handswitching (after direction change counted x 1 ) ( 6.026314405244701 )
# 7.961099237834403 billion (rows²/dist)² to cross ( 103.49429009184725 )
# 0.041414693829287086 hand disbalance. Left: 0.4585853061707129 %, Right: 0.5414146938292871 % ( 1.2125330926140594 )
# 0.7319461889614385 badly positioned shortcut keys (weighted).
# 9.06944182480592 no handswitching after unbalancing key (weighted).
# 27.062232966318046 movement pattern cost (weighted).
# 0.875164099618501 asymmetric bigram cost (weighted).
# 4.499162411146914 irregularity cost (weighted).
# 17.619760413884975 manually assigned bigram penalty (weighted)
# 13.123349713219671 unbalancing key after neighboring finger (weighted)
# 0.875164099618501 asymmetrc bigrams (weighted)
# 7.055564706144776 inconsistent symmetries of similar keys (weighted)
# 4.499162411146914 irregularity cost for randomly sampled words (weighted).
# Finger load %: 10.4 7.5 11.5 9.3 - 15.1 10.9 9.5 10.1
 
