
# Evolved Layout
ßpdvü qzfäxöj
hntik mrsea⇘
bwguy cl,.o
┌───┬───┬───┬───┬───┬───┬───┬───┬───┬───┬───┬───┬───┬──────┐
│ ^ │ 1 │ 2 │ 3 │ 4 │ 5 │ 6 │ 7 │ 8 │ 9 │ 0 │ - │ ` │ ←    │
├───┴─┬─┴─┬─┴─┬─┴─┬─┴─┬─┴─┬─┴─┬─┴─┬─┴─┬─┴─┬─┴─┬─┴─┬─┴─┬────┤
│   ⇥ │ ß │ p │ d │ v │ ü │ q │ z │ f │ ä │ x │ ö │ j │ Ret│
├─────┴┬──┴┬──┴┬──┴┬──┴┬──┴┬──┴┬──┴┬──┴┬──┴┬──┴┬──┴┬──┴┐   │
│    ⇩ │ h │ n │ t │ i │ k │ m │ r │ s │ e │ a │ ⇘ │ ´ │   │
├────┬─┴─┬─┴─┬─┴─┬─┴─┬─┴─┬─┴─┬─┴─┬─┴─┬─┴─┬─┴─┬─┴─┬─┴───┴───┤
│  ⇧ │ ⇚ │ b │ w │ g │ u │ y │ c │ l │ , │ . │ o │ ⇗       │
├────┼───┴┬──┴─┬─┴───┴───┴───┴───┴───┴─┬─┴──┬┴───┼────┬────┤
│Strg│ Fe │ Alt│      Leerzeichen      │ M4 │ Fe │ Me │Strg│
└────┴────┴────┴───────────────────────┴────┴────┴────┴────┘
# 9.890920106887272 x100 total penalty per letter
# 36.198106387791015 x10 billion total penalty compared to notime-noeffort
# 7.706671292330727 mean key position cost in file 1gramme.txt ( 56.40868682 )
# 10.584364743684112 % finger repeats in file 2gramme.txt ( 51.09503629764167 )
# 12.984200068698206 million keystrokes disbalance of the fingers ( 19.476300103047308 )
# 0.321601884927059 % finger repeats top to bottom or vice versa ( 6.46876327396955 )
# 5.480218589500744 % of trigrams have no handswitching (after direction change counted x 1 ) ( 24.240730698889156 )
# 9.16078198969271 billion (rows²/dist)² to cross ( 119.09016586600525 )
# 0.03224177228619329 hand disbalance. Left: 0.4677582277138067 %, Right: 0.5322417722861933 % ( 0.9439696940096683 )
# 1.0979192834421578 badly positioned shortcut keys (weighted).
# 7.324634044449245 no handswitching after unbalancing key (weighted).
# 28.075226439535697 movement pattern cost (weighted).
# 0.8694836953067459 asymmetric bigram cost (weighted).
# 4.263428624492121 irregularity cost (weighted).
# 17.893335647090026 manually assigned bigram penalty (weighted)
# 12.989945451398425 unbalancing key after neighboring finger (weighted)
# 0.8694836953067459 asymmetrc bigrams (weighted)
# 11.743437938633168 inconsistent symmetries of similar keys (weighted)
# 4.263428624492121 irregularity cost for randomly sampled words (weighted).
# Finger load %: 10.0 8.8 10.1 10.5 - 13.6 7.3 12.5 11.6
 
