
# Evolved Layout
öoüfq vdulzjß
haenm btirs⇘
pxäcy wg,.k
┌───┬───┬───┬───┬───┬───┬───┬───┬───┬───┬───┬───┬───┬──────┐
│ ^ │ 1 │ 2 │ 3 │ 4 │ 5 │ 6 │ 7 │ 8 │ 9 │ 0 │ - │ ` │ ←    │
├───┴─┬─┴─┬─┴─┬─┴─┬─┴─┬─┴─┬─┴─┬─┴─┬─┴─┬─┴─┬─┴─┬─┴─┬─┴─┬────┤
│   ⇥ │ ö │ o │ ü │ f │ q │ v │ d │ u │ l │ z │ j │ ß │ Ret│
├─────┴┬──┴┬──┴┬──┴┬──┴┬──┴┬──┴┬──┴┬──┴┬──┴┬──┴┬──┴┬──┴┐   │
│    ⇩ │ h │ a │ e │ n │ m │ b │ t │ i │ r │ s │ ⇘ │ ´ │   │
├────┬─┴─┬─┴─┬─┴─┬─┴─┬─┴─┬─┴─┬─┴─┬─┴─┬─┴─┬─┴─┬─┴─┬─┴───┴───┤
│  ⇧ │ ⇚ │ p │ x │ ä │ c │ y │ w │ g │ , │ . │ k │ ⇗       │
├────┼───┴┬──┴─┬─┴───┴───┴───┴───┴───┴─┬─┴──┬┴───┼────┬────┤
│Strg│ Fe │ Alt│      Leerzeichen      │ M4 │ Fe │ Me │Strg│
└────┴────┴────┴───────────────────────┴────┴────┴────┴────┘
# 9.068913242529462 x100 total penalty per letter
# 33.189782429456805 x10 billion total penalty compared to notime-noeffort
# 7.429383017508256 mean key position cost in file 1gramme.txt ( 54.37908586 )
# 7.488281554697003 % finger repeats in file 2gramme.txt ( 36.14898268434267 )
# 11.619240441991245 million keystrokes disbalance of the fingers ( 17.42886066298687 )
# 0.3613224227496715 % finger repeats top to bottom or vice versa ( 7.267709947890662 )
# 4.967603473123691 % of trigrams have no handswitching (after direction change counted x 1 ) ( 21.973272789074667 )
# 7.93121598362945 billion (rows²/dist)² to cross ( 103.10580778718284 )
# 0.006593084413283878 hand disbalance. Left: 0.4934069155867161 %, Right: 0.5065930844132839 % ( 0.19303132039216786 )
# 1.0979192834421578 badly positioned shortcut keys (weighted).
# 8.249468866398706 no handswitching after unbalancing key (weighted).
# 28.06057589505567 movement pattern cost (weighted).
# 0.8821564678105825 asymmetric bigram cost (weighted).
# 3.559765501094477 irregularity cost (weighted).
# 19.967507658041495 manually assigned bigram penalty (weighted)
# 13.61174737159114 unbalancing key after neighboring finger (weighted)
# 0.8821564678105825 asymmetrc bigrams (weighted)
# 15.971932199263943 inconsistent symmetries of similar keys (weighted)
# 3.559765501094477 irregularity cost for randomly sampled words (weighted).
# Finger load %: 10.2 7.5 11.4 12.5 - 14.3 9.2 9.3 10.0
 
