
# Evolved Layout
jlpkß üöhifxq
crntm äeuas⇘
gzbdv yo,.w
┌───┬───┬───┬───┬───┬───┬───┬───┬───┬───┬───┬───┬───┬──────┐
│ ^ │ 1 │ 2 │ 3 │ 4 │ 5 │ 6 │ 7 │ 8 │ 9 │ 0 │ - │ ` │ ←    │
├───┴─┬─┴─┬─┴─┬─┴─┬─┴─┬─┴─┬─┴─┬─┴─┬─┴─┬─┴─┬─┴─┬─┴─┬─┴─┬────┤
│   ⇥ │ j │ l │ p │ k │ ß │ ü │ ö │ h │ i │ f │ x │ q │ Ret│
├─────┴┬──┴┬──┴┬──┴┬──┴┬──┴┬──┴┬──┴┬──┴┬──┴┬──┴┬──┴┬──┴┐   │
│    ⇩ │ c │ r │ n │ t │ m │ ä │ e │ u │ a │ s │ ⇘ │ ´ │   │
├────┬─┴─┬─┴─┬─┴─┬─┴─┬─┴─┬─┴─┬─┴─┬─┴─┬─┴─┬─┴─┬─┴─┬─┴───┴───┤
│  ⇧ │ ⇚ │ g │ z │ b │ d │ v │ y │ o │ , │ . │ w │ ⇗       │
├────┼───┴┬──┴─┬─┴───┴───┴───┴───┴───┴─┬─┴──┬┴───┼────┬────┤
│Strg│ Fe │ Alt│      Leerzeichen      │ M4 │ Fe │ Me │Strg│
└────┴────┴────┴───────────────────────┴────┴────┴────┴────┘
# 9.600535990822438 x100 total penalty per letter
# 35.13537865234806 x10 billion total penalty compared to notime-noeffort
# 7.829283141881224 mean key position cost in file 1gramme.txt ( 57.30613958 )
# 10.323215270427431 % finger repeats in file 2gramme.txt ( 49.83436150625918 )
# 12.867095686779255 million keystrokes disbalance of the fingers ( 19.300643530168884 )
# 0.35119046271994503 % finger repeats top to bottom or vice versa ( 7.063913720301739 )
# 2.3154957905171614 % of trigrams have no handswitching (after direction change counted x 1 ) ( 10.242166252250065 )
# 8.815083516937197 billion (rows²/dist)² to cross ( 114.59608572018357 )
# 0.037428621898136394 hand disbalance. Left: 0.4625713781018636 %, Right: 0.5374286218981364 % ( 1.095829486256783 )
# 0.7319461889614385 badly positioned shortcut keys (weighted).
# 6.799299016014251 no handswitching after unbalancing key (weighted).
# 34.649254528039506 movement pattern cost (weighted).
# 0.8783308733075825 asymmetric bigram cost (weighted).
# 6.906609526777038 irregularity cost (weighted).
# 20.781820412425933 manually assigned bigram penalty (weighted)
# 10.871059921955824 unbalancing key after neighboring finger (weighted)
# 0.8783308733075825 asymmetrc bigrams (weighted)
# 10.29632626057889 inconsistent symmetries of similar keys (weighted)
# 6.906609526777038 irregularity cost for randomly sampled words (weighted).
# Finger load %: 9.6 8.7 8.8 11.9 - 15.6 6.9 11.3 11.5
 
