
# Evolved Layout
zoäkj qpfdvüß
haerm cnsti⇘
gxöly wb,.u
┌───┬───┬───┬───┬───┬───┬───┬───┬───┬───┬───┬───┬───┬──────┐
│ ^ │ 1 │ 2 │ 3 │ 4 │ 5 │ 6 │ 7 │ 8 │ 9 │ 0 │ - │ ` │ ←    │
├───┴─┬─┴─┬─┴─┬─┴─┬─┴─┬─┴─┬─┴─┬─┴─┬─┴─┬─┴─┬─┴─┬─┴─┬─┴─┬────┤
│   ⇥ │ z │ o │ ä │ k │ j │ q │ p │ f │ d │ v │ ü │ ß │ Ret│
├─────┴┬──┴┬──┴┬──┴┬──┴┬──┴┬──┴┬──┴┬──┴┬──┴┬──┴┬──┴┬──┴┐   │
│    ⇩ │ h │ a │ e │ r │ m │ c │ n │ s │ t │ i │ ⇘ │ ´ │   │
├────┬─┴─┬─┴─┬─┴─┬─┴─┬─┴─┬─┴─┬─┴─┬─┴─┬─┴─┬─┴─┬─┴─┬─┴───┴───┤
│  ⇧ │ ⇚ │ g │ x │ ö │ l │ y │ w │ b │ , │ . │ u │ ⇗       │
├────┼───┴┬──┴─┬─┴───┴───┴───┴───┴───┴─┬─┴──┬┴───┼────┬────┤
│Strg│ Fe │ Alt│      Leerzeichen      │ M4 │ Fe │ Me │Strg│
└────┴────┴────┴───────────────────────┴────┴────┴────┴────┘
# 9.659716641810947 x100 total penalty per letter
# 35.351963912104544 x10 billion total penalty compared to notime-noeffort
# 7.580522540697751 mean key position cost in file 1gramme.txt ( 55.48534584 )
# 8.573992041754714 % finger repeats in file 2gramme.txt ( 41.39014907347779 )
# 14.505474387294553 million keystrokes disbalance of the fingers ( 21.75821158094183 )
# 0.5047109696197192 % finger repeats top to bottom or vice versa ( 10.151855251053915 )
# 5.510502261085896 % of trigrams have no handswitching (after direction change counted x 1 ) ( 24.37468490445236 )
# 8.138695363761217 billion (rows²/dist)² to cross ( 105.80303972889581 )
# 0.006216173239212086 hand disbalance. Left: 0.4937838267607879 %, Right: 0.5062161732392121 % ( 0.1819961724946147 )
# 0.7319461889614385 badly positioned shortcut keys (weighted).
# 7.214315402285827 no handswitching after unbalancing key (weighted).
# 35.585540687616096 movement pattern cost (weighted).
# 0.8784561450077604 asymmetric bigram cost (weighted).
# 7.256910466470129 irregularity cost (weighted).
# 19.14903958201115 manually assigned bigram penalty (weighted)
# 13.149205845352007 unbalancing key after neighboring finger (weighted)
# 0.8784561450077604 asymmetrc bigrams (weighted)
# 10.40894225202465 inconsistent symmetries of similar keys (weighted)
# 7.256910466470129 irregularity cost for randomly sampled words (weighted).
# Finger load %: 11.5 7.5 11.2 11.5 - 13.2 7.3 9.5 12.7
 

# Evolved Layout
ämoxj vpafkzß
ucenl gtish⇘
üyörq wd,.b
┌───┬───┬───┬───┬───┬───┬───┬───┬───┬───┬───┬───┬───┬──────┐
│ ^ │ 1 │ 2 │ 3 │ 4 │ 5 │ 6 │ 7 │ 8 │ 9 │ 0 │ - │ ` │ ←    │
├───┴─┬─┴─┬─┴─┬─┴─┬─┴─┬─┴─┬─┴─┬─┴─┬─┴─┬─┴─┬─┴─┬─┴─┬─┴─┬────┤
│   ⇥ │ ä │ m │ o │ x │ j │ v │ p │ a │ f │ k │ z │ ß │ Ret│
├─────┴┬──┴┬──┴┬──┴┬──┴┬──┴┬──┴┬──┴┬──┴┬──┴┬──┴┬──┴┬──┴┐   │
│    ⇩ │ u │ c │ e │ n │ l │ g │ t │ i │ s │ h │ ⇘ │ ´ │   │
├────┬─┴─┬─┴─┬─┴─┬─┴─┬─┴─┬─┴─┬─┴─┬─┴─┬─┴─┬─┴─┬─┴─┬─┴───┴───┤
│  ⇧ │ ⇚ │ ü │ y │ ö │ r │ q │ w │ d │ , │ . │ b │ ⇗       │
├────┼───┴┬──┴─┬─┴───┴───┴───┴───┴───┴─┬─┴──┬┴───┼────┬────┤
│Strg│ Fe │ Alt│      Leerzeichen      │ M4 │ Fe │ Me │Strg│
└────┴────┴────┴───────────────────────┴────┴────┴────┴────┘
# 9.210432774389544 x100 total penalty per letter
# 33.70770583949978 x10 billion total penalty compared to notime-noeffort
# 7.2885468938223505 mean key position cost in file 1gramme.txt ( 53.34824122 )
# 11.90676795053463 % finger repeats in file 2gramme.txt ( 57.47881477565228 )
# 11.55516962775087 million keystrokes disbalance of the fingers ( 17.332754441626303 )
# 0.3496677178549445 % finger repeats top to bottom or vice versa ( 7.033284931976772 )
# 4.684266633295407 % of trigrams have no handswitching (after direction change counted x 1 ) ( 20.71998481904546 )
# 7.582826692766582 billion (rows²/dist)² to cross ( 98.57674700596556 )
# 0.00306286931354538 hand disbalance. Left: 0.5030628693135454 %, Right: 0.4969371306864546 % ( 0.08967422085345914 )
# 0.7319461889614385 badly positioned shortcut keys (weighted).
# 8.351286822597894 no handswitching after unbalancing key (weighted).
# 27.31190955662822 movement pattern cost (weighted).
# 0.8814928442023489 asymmetric bigram cost (weighted).
# 3.081378863119035 irregularity cost (weighted).
# 15.315057745350883 manually assigned bigram penalty (weighted)
# 16.02995156747974 unbalancing key after neighboring finger (weighted)
# 0.8814928442023489 asymmetrc bigrams (weighted)
# 10.794533391538442 inconsistent symmetries of similar keys (weighted)
# 3.081378863119035 irregularity cost for randomly sampled words (weighted).
# Finger load %: 9.3 4.7 13.6 14.8 - 13.9 11.1 7.5 9.5
 
