
# Evolved Layout
öäopk wflrvßj
ueahg ctnsi⇘
üyzbq md,.x
┌───┬───┬───┬───┬───┬───┬───┬───┬───┬───┬───┬───┬───┬──────┐
│ ^ │ 1 │ 2 │ 3 │ 4 │ 5 │ 6 │ 7 │ 8 │ 9 │ 0 │ - │ ` │ ←    │
├───┴─┬─┴─┬─┴─┬─┴─┬─┴─┬─┴─┬─┴─┬─┴─┬─┴─┬─┴─┬─┴─┬─┴─┬─┴─┬────┤
│   ⇥ │ ö │ ä │ o │ p │ k │ w │ f │ l │ r │ v │ ß │ j │ Ret│
├─────┴┬──┴┬──┴┬──┴┬──┴┬──┴┬──┴┬──┴┬──┴┬──┴┬──┴┬──┴┬──┴┐   │
│    ⇩ │ u │ e │ a │ h │ g │ c │ t │ n │ s │ i │ ⇘ │ ´ │   │
├────┬─┴─┬─┴─┬─┴─┬─┴─┬─┴─┬─┴─┬─┴─┬─┴─┬─┴─┬─┴─┬─┴─┬─┴───┴───┤
│  ⇧ │ ⇚ │ ü │ y │ z │ b │ q │ m │ d │ , │ . │ x │ ⇗       │
├────┼───┴┬──┴─┬─┴───┴───┴───┴───┴───┴─┬─┴──┬┴───┼────┬────┤
│Strg│ Fe │ Alt│      Leerzeichen      │ M4 │ Fe │ Me │Strg│
└────┴────┴────┴───────────────────────┴────┴────┴────┴────┘
# 9.655309506024864 x100 total penalty per letter
# 35.33583498089024 x10 billion total penalty compared to notime-noeffort
# 7.330609595239903 mean key position cost in file 1gramme.txt ( 53.65611756 )
# 13.164807897078497 % finger repeats in file 2gramme.txt ( 63.55188560126786 )
# 11.486201712345109 million keystrokes disbalance of the fingers ( 17.229302568517664 )
# 0.40022204516062077 % finger repeats top to bottom or vice versa ( 8.050144568509577 )
# 4.256872869788692 % of trigrams have no handswitching (after direction change counted x 1 ) ( 18.829487760515747 )
# 7.871553986576402 billion (rows²/dist)² to cross ( 102.33020182549323 )
# 0.06212946915110201 hand disbalance. Left: 0.437870530848898 %, Right: 0.5621294691511021 % ( 1.8190171266938553 )
# 1.0979192834421578 badly positioned shortcut keys (weighted).
# 10.395226095986855 no handswitching after unbalancing key (weighted).
# 27.59471493175115 movement pattern cost (weighted).
# 0.8843848945148383 asymmetric bigram cost (weighted).
# 3.2059157236214713 irregularity cost (weighted).
# 15.466207976162778 manually assigned bigram penalty (weighted)
# 15.983711225480247 unbalancing key after neighboring finger (weighted)
# 0.8843848945148383 asymmetrc bigrams (weighted)
# 13.264112666944973 inconsistent symmetries of similar keys (weighted)
# 3.2059157236214713 irregularity cost for randomly sampled words (weighted).
# Finger load %: 8.7 11.7 7.8 8.8 - 15.7 10.5 11.1 10.2
 
