
# Evolved Layout
jtuüä kgmlwzß
cpieo bhsrn⇘
vqyaö fd,.x
┌───┬───┬───┬───┬───┬───┬───┬───┬───┬───┬───┬───┬───┬──────┐
│ ^ │ 1 │ 2 │ 3 │ 4 │ 5 │ 6 │ 7 │ 8 │ 9 │ 0 │ - │ ` │ ←    │
├───┴─┬─┴─┬─┴─┬─┴─┬─┴─┬─┴─┬─┴─┬─┴─┬─┴─┬─┴─┬─┴─┬─┴─┬─┴─┬────┤
│   ⇥ │ j │ t │ u │ ü │ ä │ k │ g │ m │ l │ w │ z │ ß │ Ret│
├─────┴┬──┴┬──┴┬──┴┬──┴┬──┴┬──┴┬──┴┬──┴┬──┴┬──┴┬──┴┬──┴┐   │
│    ⇩ │ c │ p │ i │ e │ o │ b │ h │ s │ r │ n │ ⇘ │ ´ │   │
├────┬─┴─┬─┴─┬─┴─┬─┴─┬─┴─┬─┴─┬─┴─┬─┴─┬─┴─┬─┴─┬─┴─┬─┴───┴───┤
│  ⇧ │ ⇚ │ v │ q │ y │ a │ ö │ f │ d │ , │ . │ x │ ⇗       │
├────┼───┴┬──┴─┬─┴───┴───┴───┴───┴───┴─┬─┴──┬┴───┼────┬────┤
│Strg│ Fe │ Alt│      Leerzeichen      │ M4 │ Fe │ Me │Strg│
└────┴────┴────┴───────────────────────┴────┴────┴────┴────┘
# 9.24434532734228 x100 total penalty per letter
# 33.831816658958324 x10 billion total penalty compared to notime-noeffort
# 7.6223340269265725 mean key position cost in file 1gramme.txt ( 55.79138342 )
# 11.132320105909649 % finger repeats in file 2gramme.txt ( 53.74023984083098 )
# 13.59743368118409 million keystrokes disbalance of the fingers ( 20.396150521776136 )
# 0.40718623894496525 % finger repeats top to bottom or vice versa ( 8.190223725679916 )
# 2.0508932402441076 % of trigrams have no handswitching (after direction change counted x 1 ) ( 9.071745938050022 )
# 8.397385805195166 billion (rows²/dist)² to cross ( 109.16601546753714 )
# 0.00057600158647797 hand disbalance. Left: 0.500576001586478 %, Right: 0.499423998413522 % ( 0.016864086642331706 )
# 0.7319461889614385 badly positioned shortcut keys (weighted).
# 9.319212607393505 no handswitching after unbalancing key (weighted).
# 22.15473331628358 movement pattern cost (weighted).
# 0.889482965839283 asymmetric bigram cost (weighted).
# 3.804357189093257 irregularity cost (weighted).
# 18.864518742377697 manually assigned bigram penalty (weighted)
# 11.062787264861546 unbalancing key after neighboring finger (weighted)
# 0.889482965839283 asymmetrc bigrams (weighted)
# 15.118505314256396 inconsistent symmetries of similar keys (weighted)
# 3.804357189093257 irregularity cost for randomly sampled words (weighted).
# Finger load %: 8.9 6.1 8.4 18.8 - 13.2 7.8 9.3 11.9
 
