
# Evolved Layout
öäuky qwlpfjß
aeihm ctrns⇘
oüxgv bd,.z
┌───┬───┬───┬───┬───┬───┬───┬───┬───┬───┬───┬───┬───┬──────┐
│ ^ │ 1 │ 2 │ 3 │ 4 │ 5 │ 6 │ 7 │ 8 │ 9 │ 0 │ - │ ` │ ←    │
├───┴─┬─┴─┬─┴─┬─┴─┬─┴─┬─┴─┬─┴─┬─┴─┬─┴─┬─┴─┬─┴─┬─┴─┬─┴─┬────┤
│   ⇥ │ ö │ ä │ u │ k │ y │ q │ w │ l │ p │ f │ j │ ß │ Ret│
├─────┴┬──┴┬──┴┬──┴┬──┴┬──┴┬──┴┬──┴┬──┴┬──┴┬──┴┬──┴┬──┴┐   │
│    ⇩ │ a │ e │ i │ h │ m │ c │ t │ r │ n │ s │ ⇘ │ ´ │   │
├────┬─┴─┬─┴─┬─┴─┬─┴─┬─┴─┬─┴─┬─┴─┬─┴─┬─┴─┬─┴─┬─┴─┬─┴───┴───┤
│  ⇧ │ ⇚ │ o │ ü │ x │ g │ v │ b │ d │ , │ . │ z │ ⇗       │
├────┼───┴┬──┴─┬─┴───┴───┴───┴───┴───┴─┬─┴──┬┴───┼────┬────┤
│Strg│ Fe │ Alt│      Leerzeichen      │ M4 │ Fe │ Me │Strg│
└────┴────┴────┴───────────────────────┴────┴────┴────┴────┘
# 8.898664872928656 x100 total penalty per letter
# 32.56671920292576 x10 billion total penalty compared to notime-noeffort
# 7.378484784056339 mean key position cost in file 1gramme.txt ( 54.00653818 )
# 8.38713883510657 % finger repeats in file 2gramme.txt ( 40.48813259849618 )
# 14.275669074768125 million keystrokes disbalance of the fingers ( 21.413503612152187 )
# 0.3381109516171412 % finger repeats top to bottom or vice versa ( 6.800829873381861 )
# 2.931224613100028 % of trigrams have no handswitching (after direction change counted x 1 ) ( 12.965728520435999 )
# 7.995563927803165 billion (rows²/dist)² to cross ( 103.94233106144114 )
# 0.002021370489648122 hand disbalance. Left: 0.4979786295103519 %, Right: 0.5020213704896481 % ( 0.0591813770550824 )
# 1.0979192834421578 badly positioned shortcut keys (weighted).
# 9.516582188539884 no handswitching after unbalancing key (weighted).
# 26.420140813601243 movement pattern cost (weighted).
# 0.8675836256428818 asymmetric bigram cost (weighted).
# 3.156924699505934 irregularity cost (weighted).
# 20.88869015579071 manually assigned bigram penalty (weighted)
# 13.248572648233976 unbalancing key after neighboring finger (weighted)
# 0.8675836256428818 asymmetrc bigrams (weighted)
# 10.79453339153844 inconsistent symmetries of similar keys (weighted)
# 3.156924699505934 irregularity cost for randomly sampled words (weighted).
# Finger load %: 12.9 11.6 8.2 9.3 - 13.9 9.1 8.8 10.6
 
