
# Evolved Layout
jmufq öäbdkxß
rcenp oisth⇘
lvüwy za,.g
┌───┬───┬───┬───┬───┬───┬───┬───┬───┬───┬───┬───┬───┬──────┐
│ ^ │ 1 │ 2 │ 3 │ 4 │ 5 │ 6 │ 7 │ 8 │ 9 │ 0 │ - │ ` │ ←    │
├───┴─┬─┴─┬─┴─┬─┴─┬─┴─┬─┴─┬─┴─┬─┴─┬─┴─┬─┴─┬─┴─┬─┴─┬─┴─┬────┤
│   ⇥ │ j │ m │ u │ f │ q │ ö │ ä │ b │ d │ k │ x │ ß │ Ret│
├─────┴┬──┴┬──┴┬──┴┬──┴┬──┴┬──┴┬──┴┬──┴┬──┴┬──┴┬──┴┬──┴┐   │
│    ⇩ │ r │ c │ e │ n │ p │ o │ i │ s │ t │ h │ ⇘ │ ´ │   │
├────┬─┴─┬─┴─┬─┴─┬─┴─┬─┴─┬─┴─┬─┴─┬─┴─┬─┴─┬─┴─┬─┴─┬─┴───┴───┤
│  ⇧ │ ⇚ │ l │ v │ ü │ w │ y │ z │ a │ , │ . │ g │ ⇗       │
├────┼───┴┬──┴─┬─┴───┴───┴───┴───┴───┴─┬─┴──┬┴───┼────┬────┤
│Strg│ Fe │ Alt│      Leerzeichen      │ M4 │ Fe │ Me │Strg│
└────┴────┴────┴───────────────────────┴────┴────┴────┴────┘
# 9.539425401902399 x100 total penalty per letter
# 34.911730339022 x10 billion total penalty compared to notime-noeffort
# 7.664858759576885 mean key position cost in file 1gramme.txt ( 56.10264158 )
# 11.162549811762034 % finger repeats in file 2gramme.txt ( 53.886170934023546 )
# 15.072828270752524 million keystrokes disbalance of the fingers ( 22.609242406128786 )
# 0.32163069991313326 % finger repeats top to bottom or vice versa ( 6.469342864240606 )
# 4.16069178288402 % of trigrams have no handswitching (after direction change counted x 1 ) ( 18.404048558063238 )
# 8.236211973852669 billion (rows²/dist)² to cross ( 107.07075566008469 )
# 0.007566932431637863 hand disbalance. Left: 0.5075669324316379 %, Right: 0.4924330675683621 % ( 0.22154349421864178 )
# 0.7319461889614385 badly positioned shortcut keys (weighted).
# 8.289913456429993 no handswitching after unbalancing key (weighted).
# 28.797146069938446 movement pattern cost (weighted).
# 0.8841246589242309 asymmetric bigram cost (weighted).
# 3.179888759385157 irregularity cost (weighted).
# 21.55625967695423 manually assigned bigram penalty (weighted)
# 10.505336830842394 unbalancing key after neighboring finger (weighted)
# 0.8841246589242309 asymmetrc bigrams (weighted)
# 10.40894225202465 inconsistent symmetries of similar keys (weighted)
# 3.179888759385157 irregularity cost for randomly sampled words (weighted).
# Finger load %: 13.7 5.0 13.6 10.6 - 14.6 7.3 9.5 10.1
 
