
# Evolved Layout
öolüq vwuhfkß
raneä pdigs⇘
czxyj bt,.m
┌───┬───┬───┬───┬───┬───┬───┬───┬───┬───┬───┬───┬───┬──────┐
│ ^ │ 1 │ 2 │ 3 │ 4 │ 5 │ 6 │ 7 │ 8 │ 9 │ 0 │ - │ ` │ ←    │
├───┴─┬─┴─┬─┴─┬─┴─┬─┴─┬─┴─┬─┴─┬─┴─┬─┴─┬─┴─┬─┴─┬─┴─┬─┴─┬────┤
│   ⇥ │ ö │ o │ l │ ü │ q │ v │ w │ u │ h │ f │ k │ ß │ Ret│
├─────┴┬──┴┬──┴┬──┴┬──┴┬──┴┬──┴┬──┴┬──┴┬──┴┬──┴┬──┴┬──┴┐   │
│    ⇩ │ r │ a │ n │ e │ ä │ p │ d │ i │ g │ s │ ⇘ │ ´ │   │
├────┬─┴─┬─┴─┬─┴─┬─┴─┬─┴─┬─┴─┬─┴─┬─┴─┬─┴─┬─┴─┬─┴─┬─┴───┴───┤
│  ⇧ │ ⇚ │ c │ z │ x │ y │ j │ b │ t │ , │ . │ m │ ⇗       │
├────┼───┴┬──┴─┬─┴───┴───┴───┴───┴───┴─┬─┴──┬┴───┼────┬────┤
│Strg│ Fe │ Alt│      Leerzeichen      │ M4 │ Fe │ Me │Strg│
└────┴────┴────┴───────────────────────┴────┴────┴────┴────┘
# 9.613749309100733 x100 total penalty per letter
# 35.18373584213472 x10 billion total penalty compared to notime-noeffort
# 7.785643242552938 mean key position cost in file 1gramme.txt ( 56.986719 )
# 7.855631850251846 % finger repeats in file 2gramme.txt ( 37.92233206712205 )
# 15.656794162636778 million keystrokes disbalance of the fingers ( 23.48519124395517 )
# 0.5125629454852401 % finger repeats top to bottom or vice versa ( 10.30979143080764 )
# 3.435715895689065 % of trigrams have no handswitching (after direction change counted x 1 ) ( 15.197252157943337 )
# 8.101323278368994 billion (rows²/dist)² to cross ( 105.31720261879693 )
# 0.01027101366381844 hand disbalance. Left: 0.5102710136638184 %, Right: 0.4897289863361815 % ( 0.30071317232011074 )
# 0.36597309448071924 badly positioned shortcut keys (weighted).
# 7.524371840021287 no handswitching after unbalancing key (weighted).
# 36.025968951639925 movement pattern cost (weighted).
# 0.8749322959455401 asymmetric bigram cost (weighted).
# 10.492406895559123 irregularity cost (weighted).
# 25.35286131147242 manually assigned bigram penalty (weighted)
# 8.818212509237156 unbalancing key after neighboring finger (weighted)
# 0.8749322959455401 asymmetrc bigrams (weighted)
# 12.863429832045773 inconsistent symmetries of similar keys (weighted)
# 10.492406895559123 irregularity cost for randomly sampled words (weighted).
# Finger load %: 13.5 8.0 9.4 12.2 - 13.3 9.2 6.6 12.2
 
