
# Evolved Layout
ßkuzj pfcäxöq
hsinl wtmea⇘
gvüry bd,.o
┌───┬───┬───┬───┬───┬───┬───┬───┬───┬───┬───┬───┬───┬──────┐
│ ^ │ 1 │ 2 │ 3 │ 4 │ 5 │ 6 │ 7 │ 8 │ 9 │ 0 │ - │ ` │ ←    │
├───┴─┬─┴─┬─┴─┬─┴─┬─┴─┬─┴─┬─┴─┬─┴─┬─┴─┬─┴─┬─┴─┬─┴─┬─┴─┬────┤
│   ⇥ │ ß │ k │ u │ z │ j │ p │ f │ c │ ä │ x │ ö │ q │ Ret│
├─────┴┬──┴┬──┴┬──┴┬──┴┬──┴┬──┴┬──┴┬──┴┬──┴┬──┴┬──┴┬──┴┐   │
│    ⇩ │ h │ s │ i │ n │ l │ w │ t │ m │ e │ a │ ⇘ │ ´ │   │
├────┬─┴─┬─┴─┬─┴─┬─┴─┬─┴─┬─┴─┬─┴─┬─┴─┬─┴─┬─┴─┬─┴─┬─┴───┴───┤
│  ⇧ │ ⇚ │ g │ v │ ü │ r │ y │ b │ d │ , │ . │ o │ ⇗       │
├────┼───┴┬──┴─┬─┴───┴───┴───┴───┴───┴─┬─┴──┬┴───┼────┬────┤
│Strg│ Fe │ Alt│      Leerzeichen      │ M4 │ Fe │ Me │Strg│
└────┴────┴────┴───────────────────────┴────┴────┴────┴────┘
# 9.4398386369369 x100 total penalty per letter
# 34.54726957358452 x10 billion total penalty compared to notime-noeffort
# 7.751423440089673 mean key position cost in file 1gramme.txt ( 56.73624846 )
# 10.827992577105816 % finger repeats in file 2gramme.txt ( 52.27112700249249 )
# 14.157239193786287 million keystrokes disbalance of the fingers ( 21.235858790679433 )
# 0.3889872697414068 % finger repeats top to bottom or vice versa ( 7.824166096276461 )
# 4.173771015477303 % of trigrams have no handswitching (after direction change counted x 1 ) ( 18.46190211807439 )
# 8.380811001694369 billion (rows²/dist)² to cross ( 108.95054302202679 )
# 0.010158254349078022 hand disbalance. Left: 0.489841745650922 %, Right: 0.510158254349078 % ( 0.2974118222923447 )
# 0.7319461889614385 badly positioned shortcut keys (weighted).
# 10.13321702113085 no handswitching after unbalancing key (weighted).
# 24.568133942480465 movement pattern cost (weighted).
# 0.8907652866989707 asymmetric bigram cost (weighted).
# 3.6190167908826254 irregularity cost (weighted).
# 17.741712668955582 manually assigned bigram penalty (weighted)
# 12.314415197024088 unbalancing key after neighboring finger (weighted)
# 0.8907652866989707 asymmetrc bigrams (weighted)
# 9.696231327869189 inconsistent symmetries of similar keys (weighted)
# 3.6190167908826254 irregularity cost for randomly sampled words (weighted).
# Finger load %: 10.8 6.5 8.3 15.6 - 14.0 5.3 12.5 11.3
 
