
# Evolved Layout
äüupq xflmkzß
aeinb gtrsh⇘
oöycj wd,.v
┌───┬───┬───┬───┬───┬───┬───┬───┬───┬───┬───┬───┬───┬──────┐
│ ^ │ 1 │ 2 │ 3 │ 4 │ 5 │ 6 │ 7 │ 8 │ 9 │ 0 │ - │ ` │ ←    │
├───┴─┬─┴─┬─┴─┬─┴─┬─┴─┬─┴─┬─┴─┬─┴─┬─┴─┬─┴─┬─┴─┬─┴─┬─┴─┬────┤
│   ⇥ │ ä │ ü │ u │ p │ q │ x │ f │ l │ m │ k │ z │ ß │ Ret│
├─────┴┬──┴┬──┴┬──┴┬──┴┬──┴┬──┴┬──┴┬──┴┬──┴┬──┴┬──┴┬──┴┐   │
│    ⇩ │ a │ e │ i │ n │ b │ g │ t │ r │ s │ h │ ⇘ │ ´ │   │
├────┬─┴─┬─┴─┬─┴─┬─┴─┬─┴─┬─┴─┬─┴─┬─┴─┬─┴─┬─┴─┬─┴─┬─┴───┴───┤
│  ⇧ │ ⇚ │ o │ ö │ y │ c │ j │ w │ d │ , │ . │ v │ ⇗       │
├────┼───┴┬──┴─┬─┴───┴───┴───┴───┴───┴─┬─┴──┬┴───┼────┬────┤
│Strg│ Fe │ Alt│      Leerzeichen      │ M4 │ Fe │ Me │Strg│
└────┴────┴────┴───────────────────────┴────┴────┴────┴────┘
# 8.860993195481315 x100 total penalty per letter
# 32.428850999228935 x10 billion total penalty compared to notime-noeffort
# 7.307254028590589 mean key position cost in file 1gramme.txt ( 53.48516738 )
# 8.577510220931648 % finger repeats in file 2gramme.txt ( 41.40713275621173 )
# 13.667456471127737 million keystrokes disbalance of the fingers ( 20.501184706691603 )
# 0.3502386046256051 % finger repeats top to bottom or vice versa ( 7.04476786024531 )
# 3.4537423650088015 % of trigrams have no handswitching (after direction change counted x 1 ) ( 15.276988902216402 )
# 8.105044714301279 billion (rows²/dist)² to cross ( 105.3655812859166 )
# 0.02677990229247995 hand disbalance. Left: 0.52677990229248 %, Right: 0.47322009770752005 % ( 0.7840578969496157 )
# 1.463892377922877 badly positioned shortcut keys (weighted).
# 7.832556304317479 no handswitching after unbalancing key (weighted).
# 26.03132854821388 movement pattern cost (weighted).
# 0.8819156268298619 asymmetric bigram cost (weighted).
# 3.168977764443078 irregularity cost (weighted).
# 17.564079765672407 manually assigned bigram penalty (weighted)
# 11.217543917322399 unbalancing key after neighboring finger (weighted)
# 0.8819156268298619 asymmetrc bigrams (weighted)
# 12.263334899336071 inconsistent symmetries of similar keys (weighted)
# 3.168977764443078 irregularity cost for randomly sampled words (weighted).
# Finger load %: 13.2 11.4 8.4 11.4 - 13.8 9.1 8.0 9.1
 
