
# Evolved Layout
ßpgzj qfäoöüx
hnsrm cteai⇘
bvkly wd,.u
┌───┬───┬───┬───┬───┬───┬───┬───┬───┬───┬───┬───┬───┬──────┐
│ ^ │ 1 │ 2 │ 3 │ 4 │ 5 │ 6 │ 7 │ 8 │ 9 │ 0 │ - │ ` │ ←    │
├───┴─┬─┴─┬─┴─┬─┴─┬─┴─┬─┴─┬─┴─┬─┴─┬─┴─┬─┴─┬─┴─┬─┴─┬─┴─┬────┤
│   ⇥ │ ß │ p │ g │ z │ j │ q │ f │ ä │ o │ ö │ ü │ x │ Ret│
├─────┴┬──┴┬──┴┬──┴┬──┴┬──┴┬──┴┬──┴┬──┴┬──┴┬──┴┬──┴┬──┴┐   │
│    ⇩ │ h │ n │ s │ r │ m │ c │ t │ e │ a │ i │ ⇘ │ ´ │   │
├────┬─┴─┬─┴─┬─┴─┬─┴─┬─┴─┬─┴─┬─┴─┬─┴─┬─┴─┬─┴─┬─┴─┬─┴───┴───┤
│  ⇧ │ ⇚ │ b │ v │ k │ l │ y │ w │ d │ , │ . │ u │ ⇗       │
├────┼───┴┬──┴─┬─┴───┴───┴───┴───┴───┴─┬─┴──┬┴───┼────┬────┤
│Strg│ Fe │ Alt│      Leerzeichen      │ M4 │ Fe │ Me │Strg│
└────┴────┴────┴───────────────────────┴────┴────┴────┴────┘
# 8.950447080698394 x100 total penalty per letter
# 32.756228151091115 x10 billion total penalty compared to notime-noeffort
# 7.60582812228194 mean key position cost in file 1gramme.txt ( 55.67056908 )
# 9.321084036349143 % finger repeats in file 2gramme.txt ( 44.99666618677533 )
# 13.493412241261733 million keystrokes disbalance of the fingers ( 20.240118361892602 )
# 0.3479280506457128 % finger repeats top to bottom or vice versa ( 6.9982929251526835 )
# 3.2465126763731655 % of trigrams have no handswitching (after direction change counted x 1 ) ( 14.360346802455059 )
# 8.311516662331401 billion (rows²/dist)² to cross ( 108.04971661030821 )
# 0.06160463326020116 hand disbalance. Left: 0.43839536673979884 %, Right: 0.5616046332602012 % ( 1.8036510614868526 )
# 0.7319461889614385 badly positioned shortcut keys (weighted).
# 7.546759253870862 no handswitching after unbalancing key (weighted).
# 24.339648194353465 movement pattern cost (weighted).
# 0.8872691138037606 asymmetric bigram cost (weighted).
# 3.607813109949865 irregularity cost (weighted).
# 16.88473114732992 manually assigned bigram penalty (weighted)
# 11.466865442911457 unbalancing key after neighboring finger (weighted)
# 0.8872691138037606 asymmetrc bigrams (weighted)
# 9.977888031659656 inconsistent symmetries of similar keys (weighted)
# 3.607813109949865 irregularity cost for randomly sampled words (weighted).
# Finger load %: 9.9 8.3 7.7 11.1 - 13.9 12.3 8.6 12.7
 
