
# Evolved Layout
ßlwbq üäduxjö
grnsm yetih⇘
czpfk oa,.v
┌───┬───┬───┬───┬───┬───┬───┬───┬───┬───┬───┬───┬───┬──────┐
│ ^ │ 1 │ 2 │ 3 │ 4 │ 5 │ 6 │ 7 │ 8 │ 9 │ 0 │ - │ ` │ ←    │
├───┴─┬─┴─┬─┴─┬─┴─┬─┴─┬─┴─┬─┴─┬─┴─┬─┴─┬─┴─┬─┴─┬─┴─┬─┴─┬────┤
│   ⇥ │ ß │ l │ w │ b │ q │ ü │ ä │ d │ u │ x │ j │ ö │ Ret│
├─────┴┬──┴┬──┴┬──┴┬──┴┬──┴┬──┴┬──┴┬──┴┬──┴┬──┴┬──┴┬──┴┐   │
│    ⇩ │ g │ r │ n │ s │ m │ y │ e │ t │ i │ h │ ⇘ │ ´ │   │
├────┬─┴─┬─┴─┬─┴─┬─┴─┬─┴─┬─┴─┬─┴─┬─┴─┬─┴─┬─┴─┬─┴─┬─┴───┴───┤
│  ⇧ │ ⇚ │ c │ z │ p │ f │ k │ o │ a │ , │ . │ v │ ⇗       │
├────┼───┴┬──┴─┬─┴───┴───┴───┴───┴───┴─┬─┴──┬┴───┼────┬────┤
│Strg│ Fe │ Alt│      Leerzeichen      │ M4 │ Fe │ Me │Strg│
└────┴────┴────┴───────────────────────┴────┴────┴────┴────┘
# 9.412087845274367 x100 total penalty per letter
# 34.445709142594254 x10 billion total penalty compared to notime-noeffort
# 7.697295245151989 mean key position cost in file 1gramme.txt ( 56.3400592 )
# 11.105222687838648 % finger repeats in file 2gramme.txt ( 53.609429575553946 )
# 11.64456595764342 million keystrokes disbalance of the fingers ( 17.466848936465134 )
# 0.3130442550408384 % finger repeats top to bottom or vice versa ( 6.296633431096385 )
# 3.2641907676768382 % of trigrams have no handswitching (after direction change counted x 1 ) ( 14.438542561176018 )
# 8.80957197891303 billion (rows²/dist)² to cross ( 114.5244357258694 )
# 0.0586549816107928 hand disbalance. Left: 0.4413450183892072 %, Right: 0.5586549816107927 % ( 1.717291610144922 )
# 0.7319461889614385 badly positioned shortcut keys (weighted).
# 8.096389196966433 no handswitching after unbalancing key (weighted).
# 26.64668988698791 movement pattern cost (weighted).
# 0.8945687911516245 asymmetric bigram cost (weighted).
# 5.5880343259764915 irregularity cost (weighted).
# 16.553875646821513 manually assigned bigram penalty (weighted)
# 10.491247948827862 unbalancing key after neighboring finger (weighted)
# 0.8945687911516245 asymmetrc bigrams (weighted)
# 11.061098399943496 inconsistent symmetries of similar keys (weighted)
# 5.5880343259764915 irregularity cost for randomly sampled words (weighted).
# Finger load %: 9.4 8.7 8.6 10.6 - 19.9 9.3 9.4 8.6
 
