
# Evolved Layout
öbpmä jgowzxß
ihnrl fteas⇘
uvüyq cd,.k
┌───┬───┬───┬───┬───┬───┬───┬───┬───┬───┬───┬───┬───┬──────┐
│ ^ │ 1 │ 2 │ 3 │ 4 │ 5 │ 6 │ 7 │ 8 │ 9 │ 0 │ - │ ` │ ←    │
├───┴─┬─┴─┬─┴─┬─┴─┬─┴─┬─┴─┬─┴─┬─┴─┬─┴─┬─┴─┬─┴─┬─┴─┬─┴─┬────┤
│   ⇥ │ ö │ b │ p │ m │ ä │ j │ g │ o │ w │ z │ x │ ß │ Ret│
├─────┴┬──┴┬──┴┬──┴┬──┴┬──┴┬──┴┬──┴┬──┴┬──┴┬──┴┬──┴┬──┴┐   │
│    ⇩ │ i │ h │ n │ r │ l │ f │ t │ e │ a │ s │ ⇘ │ ´ │   │
├────┬─┴─┬─┴─┬─┴─┬─┴─┬─┴─┬─┴─┬─┴─┬─┴─┬─┴─┬─┴─┬─┴─┬─┴───┴───┤
│  ⇧ │ ⇚ │ u │ v │ ü │ y │ q │ c │ d │ , │ . │ k │ ⇗       │
├────┼───┴┬──┴─┬─┴───┴───┴───┴───┴───┴─┬─┴──┬┴───┼────┬────┤
│Strg│ Fe │ Alt│      Leerzeichen      │ M4 │ Fe │ Me │Strg│
└────┴────┴────┴───────────────────────┴────┴────┴────┴────┘
# 9.677883742373677 x100 total penalty per letter
# 35.41845061221138 x10 billion total penalty compared to notime-noeffort
# 7.481711306906615 mean key position cost in file 1gramme.txt ( 54.76210078 )
# 11.831350008936543 % finger repeats in file 2gramme.txt ( 57.11474167757173 )
# 15.330826151045509 million keystrokes disbalance of the fingers ( 22.996239226568264 )
# 0.30441027145766325 % finger repeats top to bottom or vice versa ( 6.122967795014786 )
# 3.936923614048766 % of trigrams have no handswitching (after direction change counted x 1 ) ( 17.414251557974392 )
# 7.975714321016653 billion (rows²/dist)² to cross ( 103.68428617321649 )
# 0.05208562389349547 hand disbalance. Left: 0.44791437610650453 %, Right: 0.5520856238934955 % ( 1.524954956340914 )
# 1.0979192834421578 badly positioned shortcut keys (weighted).
# 7.033625023974341 no handswitching after unbalancing key (weighted).
# 28.22924017590855 movement pattern cost (weighted).
# 0.8720881837955325 asymmetric bigram cost (weighted).
# 4.576753987968841 irregularity cost (weighted).
# 20.618111377963746 manually assigned bigram penalty (weighted)
# 11.853265633853862 unbalancing key after neighboring finger (weighted)
# 0.8720881837955325 asymmetrc bigrams (weighted)
# 16.283960288520205 inconsistent symmetries of similar keys (weighted)
# 4.576753987968841 irregularity cost for randomly sampled words (weighted).
# Finger load %: 13.9 5.5 7.8 10.7 - 14.8 14.7 7.0 10.1
 
