
# Evolved Layout
ügdzä qcauvjß
hotrö fneis⇘
kyblx pm,.w
┌───┬───┬───┬───┬───┬───┬───┬───┬───┬───┬───┬───┬───┬──────┐
│ ^ │ 1 │ 2 │ 3 │ 4 │ 5 │ 6 │ 7 │ 8 │ 9 │ 0 │ - │ ` │ ←    │
├───┴─┬─┴─┬─┴─┬─┴─┬─┴─┬─┴─┬─┴─┬─┴─┬─┴─┬─┴─┬─┴─┬─┴─┬─┴─┬────┤
│   ⇥ │ ü │ g │ d │ z │ ä │ q │ c │ a │ u │ v │ j │ ß │ Ret│
├─────┴┬──┴┬──┴┬──┴┬──┴┬──┴┬──┴┬──┴┬──┴┬──┴┬──┴┬──┴┬──┴┐   │
│    ⇩ │ h │ o │ t │ r │ ö │ f │ n │ e │ i │ s │ ⇘ │ ´ │   │
├────┬─┴─┬─┴─┬─┴─┬─┴─┬─┴─┬─┴─┬─┴─┬─┴─┬─┴─┬─┴─┬─┴─┬─┴───┴───┤
│  ⇧ │ ⇚ │ k │ y │ b │ l │ x │ p │ m │ , │ . │ w │ ⇗       │
├────┼───┴┬──┴─┬─┴───┴───┴───┴───┴───┴─┬─┴──┬┴───┼────┬────┤
│Strg│ Fe │ Alt│      Leerzeichen      │ M4 │ Fe │ Me │Strg│
└────┴────┴────┴───────────────────────┴────┴────┴────┴────┘
# 10.172574493300896 x100 total penalty per letter
# 37.22888566148964 x10 billion total penalty compared to notime-noeffort
# 7.398470447238432 mean key position cost in file 1gramme.txt ( 54.15282248 )
# 12.77035464199475 % finger repeats in file 2gramme.txt ( 61.647699202338856 )
# 12.565509058837405 million keystrokes disbalance of the fingers ( 18.848263588256106 )
# 0.5043151414255524 % finger repeats top to bottom or vice versa ( 10.143893485264488 )
# 5.476599090824551 % of trigrams have no handswitching (after direction change counted x 1 ) ( 24.22472051768166 )
# 8.257302900378884 billion (rows²/dist)² to cross ( 107.34493770492547 )
# 0.09255002008136165 hand disbalance. Left: 0.40744997991863835 %, Right: 0.5925500200813617 % ( 2.709665379474291 )
# 1.0979192834421578 badly positioned shortcut keys (weighted).
# 7.160590043408783 no handswitching after unbalancing key (weighted).
# 35.28407435198757 movement pattern cost (weighted).
# 0.8932379414464126 asymmetric bigram cost (weighted).
# 4.112606131550838 irregularity cost (weighted).
# 18.991843571799972 manually assigned bigram penalty (weighted)
# 11.247015292110984 unbalancing key after neighboring finger (weighted)
# 0.8932379414464126 asymmetrc bigrams (weighted)
# 14.429567641208784 inconsistent symmetries of similar keys (weighted)
# 4.112606131550838 irregularity cost for randomly sampled words (weighted).
# Finger load %: 10.2 5.3 9.5 9.2 - 13.9 16.4 9.4 10.3
 
