
# Evolved Layout
ßouzj vkgfwxq
iaerc mdtsn⇘
üäylö bh,.p
┌───┬───┬───┬───┬───┬───┬───┬───┬───┬───┬───┬───┬───┬──────┐
│ ^ │ 1 │ 2 │ 3 │ 4 │ 5 │ 6 │ 7 │ 8 │ 9 │ 0 │ - │ ` │ ←    │
├───┴─┬─┴─┬─┴─┬─┴─┬─┴─┬─┴─┬─┴─┬─┴─┬─┴─┬─┴─┬─┴─┬─┴─┬─┴─┬────┤
│   ⇥ │ ß │ o │ u │ z │ j │ v │ k │ g │ f │ w │ x │ q │ Ret│
├─────┴┬──┴┬──┴┬──┴┬──┴┬──┴┬──┴┬──┴┬──┴┬──┴┬──┴┬──┴┬──┴┐   │
│    ⇩ │ i │ a │ e │ r │ c │ m │ d │ t │ s │ n │ ⇘ │ ´ │   │
├────┬─┴─┬─┴─┬─┴─┬─┴─┬─┴─┬─┴─┬─┴─┬─┴─┬─┴─┬─┴─┬─┴─┬─┴───┴───┤
│  ⇧ │ ⇚ │ ü │ ä │ y │ l │ ö │ b │ h │ , │ . │ p │ ⇗       │
├────┼───┴┬──┴─┬─┴───┴───┴───┴───┴───┴─┬─┴──┬┴───┼────┬────┤
│Strg│ Fe │ Alt│      Leerzeichen      │ M4 │ Fe │ Me │Strg│
└────┴────┴────┴───────────────────────┴────┴────┴────┴────┘
# 9.003238428303254 x100 total penalty per letter
# 32.94943027953869 x10 billion total penalty compared to notime-noeffort
# 7.188314670325023 mean key position cost in file 1gramme.txt ( 52.61459528 )
# 10.677642232444576 % finger repeats in file 2gramme.txt ( 51.54532469844652 )
# 14.335708275929438 million keystrokes disbalance of the fingers ( 21.50356241389416 )
# 0.3988227929772661 % finger repeats top to bottom or vice versa ( 8.021999736159607 )
# 3.0272952743437087 % of trigrams have no handswitching (after direction change counted x 1 ) ( 13.390679275454042 )
# 8.275715429135646 billion (rows²/dist)² to cross ( 107.58430057876342 )
# 0.025609873571603048 hand disbalance. Left: 0.525609873571603 %, Right: 0.47439012642839695 % ( 0.7498019744207646 )
# 1.0979192834421578 badly positioned shortcut keys (weighted).
# 7.461115938729683 no handswitching after unbalancing key (weighted).
# 23.18257171558008 movement pattern cost (weighted).
# 0.8658422525731476 asymmetric bigram cost (weighted).
# 3.3159683964968867 irregularity cost (weighted).
# 19.846538583721898 manually assigned bigram penalty (weighted)
# 10.940079732640545 unbalancing key after neighboring finger (weighted)
# 0.8658422525731476 asymmetrc bigrams (weighted)
# 7.374002935064008 inconsistent symmetries of similar keys (weighted)
# 3.3159683964968867 irregularity cost for randomly sampled words (weighted).
# Finger load %: 11.9 7.6 13.7 11.1 - 12.4 8.1 7.5 12.1
 
