
# Evolved Layout
ßogpj xmawbvq
uetnf ärisd⇘
küycö zl,.h
┌───┬───┬───┬───┬───┬───┬───┬───┬───┬───┬───┬───┬───┬──────┐
│ ^ │ 1 │ 2 │ 3 │ 4 │ 5 │ 6 │ 7 │ 8 │ 9 │ 0 │ - │ ` │ ←    │
├───┴─┬─┴─┬─┴─┬─┴─┬─┴─┬─┴─┬─┴─┬─┴─┬─┴─┬─┴─┬─┴─┬─┴─┬─┴─┬────┤
│   ⇥ │ ß │ o │ g │ p │ j │ x │ m │ a │ w │ b │ v │ q │ Ret│
├─────┴┬──┴┬──┴┬──┴┬──┴┬──┴┬──┴┬──┴┬──┴┬──┴┬──┴┬──┴┬──┴┐   │
│    ⇩ │ u │ e │ t │ n │ f │ ä │ r │ i │ s │ d │ ⇘ │ ´ │   │
├────┬─┴─┬─┴─┬─┴─┬─┴─┬─┴─┬─┴─┬─┴─┬─┴─┬─┴─┬─┴─┬─┴─┬─┴───┴───┤
│  ⇧ │ ⇚ │ k │ ü │ y │ c │ ö │ z │ l │ , │ . │ h │ ⇗       │
├────┼───┴┬──┴─┬─┴───┴───┴───┴───┴───┴─┬─┴──┬┴───┼────┬────┤
│Strg│ Fe │ Alt│      Leerzeichen      │ M4 │ Fe │ Me │Strg│
└────┴────┴────┴───────────────────────┴────┴────┴────┴────┘
# 9.80054422363468 x100 total penalty per letter
# 35.86735497118722 x10 billion total penalty compared to notime-noeffort
# 7.497027916473101 mean key position cost in file 1gramme.txt ( 54.87421012 )
# 10.657901071140111 % finger repeats in file 2gramme.txt ( 51.45002607846924 )
# 13.34903546550718 million keystrokes disbalance of the fingers ( 20.023553198260768 )
# 0.5469990621518781 % finger repeats top to bottom or vice versa ( 11.002446223057385 )
# 4.8977985142894696 % of trigrams have no handswitching (after direction change counted x 1 ) ( 21.664503498048706 )
# 8.295029680449545 billion (rows²/dist)² to cross ( 107.8353858458441 )
# 0.0002658122530962981 hand disbalance. Left: 0.5002658122530963 %, Right: 0.49973418774690376 % ( 0.007782410625323549 )
# 1.463892377922877 badly positioned shortcut keys (weighted).
# 5.943656690564548 no handswitching after unbalancing key (weighted).
# 37.064260906926 movement pattern cost (weighted).
# 0.8973366621450924 asymmetric bigram cost (weighted).
# 4.453271285496814 irregularity cost (weighted).
# 17.847349972702315 manually assigned bigram penalty (weighted)
# 9.480113177660977 unbalancing key after neighboring finger (weighted)
# 0.8973366621450924 asymmetrc bigrams (weighted)
# 14.665761264148047 inconsistent symmetries of similar keys (weighted)
# 4.453271285496814 irregularity cost for randomly sampled words (weighted).
# Finger load %: 9.5 14.0 7.3 11.5 - 11.8 11.1 7.2 12.1
 
