
# Evolved Layout
öoyzq vmulkjß
haenp fsirt⇘
bxäcü wg,.d
┌───┬───┬───┬───┬───┬───┬───┬───┬───┬───┬───┬───┬───┬──────┐
│ ^ │ 1 │ 2 │ 3 │ 4 │ 5 │ 6 │ 7 │ 8 │ 9 │ 0 │ - │ ` │ ←    │
├───┴─┬─┴─┬─┴─┬─┴─┬─┴─┬─┴─┬─┴─┬─┴─┬─┴─┬─┴─┬─┴─┬─┴─┬─┴─┬────┤
│   ⇥ │ ö │ o │ y │ z │ q │ v │ m │ u │ l │ k │ j │ ß │ Ret│
├─────┴┬──┴┬──┴┬──┴┬──┴┬──┴┬──┴┬──┴┬──┴┬──┴┬──┴┬──┴┬──┴┐   │
│    ⇩ │ h │ a │ e │ n │ p │ f │ s │ i │ r │ t │ ⇘ │ ´ │   │
├────┬─┴─┬─┴─┬─┴─┬─┴─┬─┴─┬─┴─┬─┴─┬─┴─┬─┴─┬─┴─┬─┴─┬─┴───┴───┤
│  ⇧ │ ⇚ │ b │ x │ ä │ c │ ü │ w │ g │ , │ . │ d │ ⇗       │
├────┼───┴┬──┴─┬─┴───┴───┴───┴───┴───┴─┬─┴──┬┴───┼────┬────┤
│Strg│ Fe │ Alt│      Leerzeichen      │ M4 │ Fe │ Me │Strg│
└────┴────┴────┴───────────────────────┴────┴────┴────┴────┘
# 9.152591254105367 x100 total penalty per letter
# 33.496021437821085 x10 billion total penalty compared to notime-noeffort
# 7.6021514421644865 mean key position cost in file 1gramme.txt ( 55.64365776 )
# 7.522495206849244 % finger repeats in file 2gramme.txt ( 36.31414590773184 )
# 13.823316777332664 million keystrokes disbalance of the fingers ( 20.734975165998996 )
# 0.3665898124061767 % finger repeats top to bottom or vice versa ( 7.373659254647419 )
# 4.25240659416742 % of trigrams have no handswitching (after direction change counted x 1 ) ( 18.80973201851492 )
# 7.92764116600965 billion (rows²/dist)² to cross ( 103.05933515812546 )
# 0.020714375056739787 hand disbalance. Left: 0.4792856249432602 %, Right: 0.5207143750567398 % ( 0.6064723151799427 )
# 0.7319461889614385 badly positioned shortcut keys (weighted).
# 7.391927401276698 no handswitching after unbalancing key (weighted).
# 34.37874465437994 movement pattern cost (weighted).
# 0.8783818676468048 asymmetric bigram cost (weighted).
# 3.9402251828917905 irregularity cost (weighted).
# 19.82063721441986 manually assigned bigram penalty (weighted)
# 11.529146185916613 unbalancing key after neighboring finger (weighted)
# 0.8783818676468048 asymmetrc bigrams (weighted)
# 13.747228102519115 inconsistent symmetries of similar keys (weighted)
# 3.9402251828917905 irregularity cost for randomly sampled words (weighted).
# Finger load %: 10.7 7.5 11.5 10.8 - 12.7 9.2 9.3 12.8
 
