
# Evolved Layout
ßwgcq übodöjx
sntrl uieha⇘
kfvmz yp,.ä
┌───┬───┬───┬───┬───┬───┬───┬───┬───┬───┬───┬───┬───┬──────┐
│ ^ │ 1 │ 2 │ 3 │ 4 │ 5 │ 6 │ 7 │ 8 │ 9 │ 0 │ - │ ` │ ←    │
├───┴─┬─┴─┬─┴─┬─┴─┬─┴─┬─┴─┬─┴─┬─┴─┬─┴─┬─┴─┬─┴─┬─┴─┬─┴─┬────┤
│   ⇥ │ ß │ w │ g │ c │ q │ ü │ b │ o │ d │ ö │ j │ x │ Ret│
├─────┴┬──┴┬──┴┬──┴┬──┴┬──┴┬──┴┬──┴┬──┴┬──┴┬──┴┬──┴┬──┴┐   │
│    ⇩ │ s │ n │ t │ r │ l │ u │ i │ e │ h │ a │ ⇘ │ ´ │   │
├────┬─┴─┬─┴─┬─┴─┬─┴─┬─┴─┬─┴─┬─┴─┬─┴─┬─┴─┬─┴─┬─┴─┬─┴───┴───┤
│  ⇧ │ ⇚ │ k │ f │ v │ m │ z │ y │ p │ , │ . │ ä │ ⇗       │
├────┼───┴┬──┴─┬─┴───┴───┴───┴───┴───┴─┬─┴──┬┴───┼────┬────┤
│Strg│ Fe │ Alt│      Leerzeichen      │ M4 │ Fe │ Me │Strg│
└────┴────┴────┴───────────────────────┴────┴────┴────┴────┘
# 10.084522693730243 x100 total penalty per letter
# 36.906639765854955 x10 billion total penalty compared to notime-noeffort
# 7.4335275653530966 mean key position cost in file 1gramme.txt ( 54.40942172 )
# 12.76071274354923 % finger repeats in file 2gramme.txt ( 61.60115383443229 )
# 11.964712612353622 million keystrokes disbalance of the fingers ( 17.947068918530434 )
# 0.37931398686629614 % finger repeats top to bottom or vice versa ( 7.629595790771484 )
# 2.5874051944469287 % of trigrams have no handswitching (after direction change counted x 1 ) ( 11.444907078644261 )
# 8.708449097393341 billion (rows²/dist)² to cross ( 113.20983826611344 )
# 0.02041585350935249 hand disbalance. Left: 0.4795841464906475 %, Right: 0.5204158535093525 % ( 0.5977322468226225 )
# 0.7319461889614385 badly positioned shortcut keys (weighted).
# 8.465042549776996 no handswitching after unbalancing key (weighted).
# 32.17704303417552 movement pattern cost (weighted).
# 0.8876336619979988 asymmetric bigram cost (weighted).
# 16.5778596016618 irregularity cost (weighted).
# 19.12040887799431 manually assigned bigram penalty (weighted)
# 11.706662590155101 unbalancing key after neighboring finger (weighted)
# 0.8876336619979988 asymmetrc bigrams (weighted)
# 12.560083298511952 inconsistent symmetries of similar keys (weighted)
# 16.5778596016618 irregularity cost for randomly sampled words (weighted).
# Finger load %: 11.0 9.2 7.5 12.8 - 12.1 14.7 7.9 9.3
 
