
# Evolved Layout
ölmkq vbiüäjß
rnsog wtaeu⇘
yxfhz pd,.c
┌───┬───┬───┬───┬───┬───┬───┬───┬───┬───┬───┬───┬───┬──────┐
│ ^ │ 1 │ 2 │ 3 │ 4 │ 5 │ 6 │ 7 │ 8 │ 9 │ 0 │ - │ ` │ ←    │
├───┴─┬─┴─┬─┴─┬─┴─┬─┴─┬─┴─┬─┴─┬─┴─┬─┴─┬─┴─┬─┴─┬─┴─┬─┴─┬────┤
│   ⇥ │ ö │ l │ m │ k │ q │ v │ b │ i │ ü │ ä │ j │ ß │ Ret│
├─────┴┬──┴┬──┴┬──┴┬──┴┬──┴┬──┴┬──┴┬──┴┬──┴┬──┴┬──┴┬──┴┐   │
│    ⇩ │ r │ n │ s │ o │ g │ w │ t │ a │ e │ u │ ⇘ │ ´ │   │
├────┬─┴─┬─┴─┬─┴─┬─┴─┬─┴─┬─┴─┬─┴─┬─┴─┬─┴─┬─┴─┬─┴─┬─┴───┴───┤
│  ⇧ │ ⇚ │ y │ x │ f │ h │ z │ p │ d │ , │ . │ c │ ⇗       │
├────┼───┴┬──┴─┬─┴───┴───┴───┴───┴───┴─┬─┴──┬┴───┼────┬────┤
│Strg│ Fe │ Alt│      Leerzeichen      │ M4 │ Fe │ Me │Strg│
└────┴────┴────┴───────────────────────┴────┴────┴────┴────┘
# 9.44698759045914 x100 total penalty per letter
# 34.57343282001285 x10 billion total penalty compared to notime-noeffort
# 7.560605707712139 mean key position cost in file 1gramme.txt ( 55.33956534 )
# 10.7713279047242 % finger repeats in file 2gramme.txt ( 51.99758356722301 )
# 12.022741298146455 million keystrokes disbalance of the fingers ( 18.03411194721968 )
# 0.3527125352434028 % finger repeats top to bottom or vice versa ( 7.094528985017289 )
# 3.5939090392843878 % of trigrams have no handswitching (after direction change counted x 1 ) ( 15.896990193877095 )
# 8.166840321029241 billion (rows²/dist)² to cross ( 106.16892417338013 )
# 0.04401002462182585 hand disbalance. Left: 0.45598997537817415 %, Right: 0.5440100246218259 % ( 1.2885187919217804 )
# 1.0979192834421578 badly positioned shortcut keys (weighted).
# 7.968706727036566 no handswitching after unbalancing key (weighted).
# 28.003333261086656 movement pattern cost (weighted).
# 0.8758070358091874 asymmetric bigram cost (weighted).
# 6.5532403300352415 irregularity cost (weighted).
# 17.892751513917712 manually assigned bigram penalty (weighted)
# 13.138242489804378 unbalancing key after neighboring finger (weighted)
# 0.8758070358091874 asymmetrc bigrams (weighted)
# 14.384104560357578 inconsistent symmetries of similar keys (weighted)
# 6.5532403300352415 irregularity cost for randomly sampled words (weighted).
# Finger load %: 11.1 9.6 8.0 9.8 - 13.3 11.1 12.5 9.0
 
