
# Evolved Layout
älocö qwüuvjß
rnatg mseih⇘
kxzdy fb,.p
┌───┬───┬───┬───┬───┬───┬───┬───┬───┬───┬───┬───┬───┬──────┐
│ ^ │ 1 │ 2 │ 3 │ 4 │ 5 │ 6 │ 7 │ 8 │ 9 │ 0 │ - │ ` │ ←    │
├───┴─┬─┴─┬─┴─┬─┴─┬─┴─┬─┴─┬─┴─┬─┴─┬─┴─┬─┴─┬─┴─┬─┴─┬─┴─┬────┤
│   ⇥ │ ä │ l │ o │ c │ ö │ q │ w │ ü │ u │ v │ j │ ß │ Ret│
├─────┴┬──┴┬──┴┬──┴┬──┴┬──┴┬──┴┬──┴┬──┴┬──┴┬──┴┬──┴┬──┴┐   │
│    ⇩ │ r │ n │ a │ t │ g │ m │ s │ e │ i │ h │ ⇘ │ ´ │   │
├────┬─┴─┬─┴─┬─┴─┬─┴─┬─┴─┬─┴─┬─┴─┬─┴─┬─┴─┬─┴─┬─┴─┬─┴───┴───┤
│  ⇧ │ ⇚ │ k │ x │ z │ d │ y │ f │ b │ , │ . │ p │ ⇗       │
├────┼───┴┬──┴─┬─┴───┴───┴───┴───┴───┴─┬─┴──┬┴───┼────┬────┤
│Strg│ Fe │ Alt│      Leerzeichen      │ M4 │ Fe │ Me │Strg│
└────┴────┴────┴───────────────────────┴────┴────┴────┴────┘
# 9.427357981097598 x100 total penalty per letter
# 34.50159373119794 x10 billion total penalty compared to notime-noeffort
# 7.339804984329297 mean key position cost in file 1gramme.txt ( 53.72342286 )
# 9.769627222617157 % finger repeats in file 2gramme.txt ( 47.161966697332645 )
# 12.289704143166414 million keystrokes disbalance of the fingers ( 18.43455621474962 )
# 0.37545061687606057 % finger repeats top to bottom or vice versa ( 7.551887210449388 )
# 4.413344081797002 % of trigrams have no handswitching (after direction change counted x 1 ) ( 19.52160915138307 )
# 8.210003410987401 billion (rows²/dist)² to cross ( 106.7300443428362 )
# 0.0021419774910061973 hand disbalance. Left: 0.5021419774910062 %, Right: 0.4978580225089938 % ( 0.0627124904553268 )
# 0.36597309448071924 badly positioned shortcut keys (weighted).
# 7.43492451948568 no handswitching after unbalancing key (weighted).
# 35.415226372749224 movement pattern cost (weighted).
# 0.8875877363687261 asymmetric bigram cost (weighted).
# 3.0598173689779795 irregularity cost (weighted).
# 18.319092567779677 manually assigned bigram penalty (weighted)
# 13.76534355667598 unbalancing key after neighboring finger (weighted)
# 0.8875877363687261 asymmetrc bigrams (weighted)
# 12.581773128255305 inconsistent symmetries of similar keys (weighted)
# 3.0598173689779795 irregularity cost for randomly sampled words (weighted).
# Finger load %: 12.0 9.6 7.8 13.0 - 11.5 12.3 9.4 8.8
 
