
# Evolved Layout
öucäü kflhzqß
ainej btrgs⇘
vxpoy wd,.m
┌───┬───┬───┬───┬───┬───┬───┬───┬───┬───┬───┬───┬───┬──────┐
│ ^ │ 1 │ 2 │ 3 │ 4 │ 5 │ 6 │ 7 │ 8 │ 9 │ 0 │ - │ ` │ ←    │
├───┴─┬─┴─┬─┴─┬─┴─┬─┴─┬─┴─┬─┴─┬─┴─┬─┴─┬─┴─┬─┴─┬─┴─┬─┴─┬────┤
│   ⇥ │ ö │ u │ c │ ä │ ü │ k │ f │ l │ h │ z │ q │ ß │ Ret│
├─────┴┬──┴┬──┴┬──┴┬──┴┬──┴┬──┴┬──┴┬──┴┬──┴┬──┴┬──┴┬──┴┐   │
│    ⇩ │ a │ i │ n │ e │ j │ b │ t │ r │ g │ s │ ⇘ │ ´ │   │
├────┬─┴─┬─┴─┬─┴─┬─┴─┬─┴─┬─┴─┬─┴─┬─┴─┬─┴─┬─┴─┬─┴─┬─┴───┴───┤
│  ⇧ │ ⇚ │ v │ x │ p │ o │ y │ w │ d │ , │ . │ m │ ⇗       │
├────┼───┴┬──┴─┬─┴───┴───┴───┴───┴───┴─┬─┴──┬┴───┼────┬────┤
│Strg│ Fe │ Alt│      Leerzeichen      │ M4 │ Fe │ Me │Strg│
└────┴────┴────┴───────────────────────┴────┴────┴────┴────┘
# 9.108724259643822 x100 total penalty per letter
# 33.33548004073448 x10 billion total penalty compared to notime-noeffort
# 7.543181721916003 mean key position cost in file 1gramme.txt ( 55.21203114 )
# 9.694962500048513 % finger repeats in file 2gramme.txt ( 46.80152969405621 )
# 12.9881118380527 million keystrokes disbalance of the fingers ( 19.482167757079047 )
# 0.3912278604211043 % finger repeats top to bottom or vice versa ( 7.869233775852137 )
# 3.007483909109565 % of trigrams have no handswitching (after direction change counted x 1 ) ( 13.303047375088195 )
# 8.151528163382022 billion (rows²/dist)² to cross ( 105.96986612396628 )
# 0.021202294020857493 hand disbalance. Left: 0.5212022940208575 %, Right: 0.4787977059791425 % ( 0.6207575322322614 )
# 0.36597309448071924 badly positioned shortcut keys (weighted).
# 8.429883442996926 no handswitching after unbalancing key (weighted).
# 26.7858622497929 movement pattern cost (weighted).
# 0.8824432771565843 asymmetric bigram cost (weighted).
# 2.860137768101387 irregularity cost (weighted).
# 20.466412050034638 manually assigned bigram penalty (weighted)
# 10.276570320197958 unbalancing key after neighboring finger (weighted)
# 0.8824432771565843 asymmetrc bigrams (weighted)
# 14.028884806309584 inconsistent symmetries of similar keys (weighted)
# 2.860137768101387 irregularity cost for randomly sampled words (weighted).
# Finger load %: 11.2 8.4 9.6 14.8 - 14.0 9.1 6.6 10.7
 
