
# Evolved Layout
ölmäq vpufkjß
arney gtish⇘
zxcoü wd,.b
┌───┬───┬───┬───┬───┬───┬───┬───┬───┬───┬───┬───┬───┬──────┐
│ ^ │ 1 │ 2 │ 3 │ 4 │ 5 │ 6 │ 7 │ 8 │ 9 │ 0 │ - │ ` │ ←    │
├───┴─┬─┴─┬─┴─┬─┴─┬─┴─┬─┴─┬─┴─┬─┴─┬─┴─┬─┴─┬─┴─┬─┴─┬─┴─┬────┤
│   ⇥ │ ö │ l │ m │ ä │ q │ v │ p │ u │ f │ k │ j │ ß │ Ret│
├─────┴┬──┴┬──┴┬──┴┬──┴┬──┴┬──┴┬──┴┬──┴┬──┴┬──┴┬──┴┬──┴┐   │
│    ⇩ │ a │ r │ n │ e │ y │ g │ t │ i │ s │ h │ ⇘ │ ´ │   │
├────┬─┴─┬─┴─┬─┴─┬─┴─┬─┴─┬─┴─┬─┴─┬─┴─┬─┴─┬─┴─┬─┴─┬─┴───┴───┤
│  ⇧ │ ⇚ │ z │ x │ c │ o │ ü │ w │ d │ , │ . │ b │ ⇗       │
├────┼───┴┬──┴─┬─┴───┴───┴───┴───┴───┴─┬─┴──┬┴───┼────┬────┤
│Strg│ Fe │ Alt│      Leerzeichen      │ M4 │ Fe │ Me │Strg│
└────┴────┴────┴───────────────────────┴────┴────┴────┴────┘
# 8.985182434931486 x100 total penalty per letter
# 32.8833502018568 x10 billion total penalty compared to notime-noeffort
# 7.450456391798086 mean key position cost in file 1gramme.txt ( 54.53333162 )
# 9.270098316329017 % finger repeats in file 2gramme.txt ( 44.75053736580436 )
# 12.055256836735257 million keystrokes disbalance of the fingers ( 18.082885255102887 )
# 0.38558158106600565 % finger repeats top to bottom or vice versa ( 7.755663407521992 )
# 4.635762771853607 % of trigrams have no handswitching (after direction change counted x 1 ) ( 20.505436982336995 )
# 7.802363732338845 billion (rows²/dist)² to cross ( 101.43072852040498 )
# 0.028900510680458735 hand disbalance. Left: 0.5289005106804587 %, Right: 0.47109948931954126 % ( 0.8461447460640449 )
# 0.36597309448071924 badly positioned shortcut keys (weighted).
# 7.193019582269822 no handswitching after unbalancing key (weighted).
# 30.509054922390614 movement pattern cost (weighted).
# 0.8751190148789283 asymmetric bigram cost (weighted).
# 4.135985138455301 irregularity cost (weighted).
# 16.497305868166286 manually assigned bigram penalty (weighted)
# 11.692866697950693 unbalancing key after neighboring finger (weighted)
# 0.8751190148789283 asymmetrc bigrams (weighted)
# 9.659449802740424 inconsistent symmetries of similar keys (weighted)
# 4.135985138455301 irregularity cost for randomly sampled words (weighted).
# Finger load %: 11.2 8.2 10.5 14.7 - 13.9 9.2 7.5 9.2
 
