
# Evolved Layout
ßünbö vdamzjq
helou wtirs⇘
pyxcä fg,.k
┌───┬───┬───┬───┬───┬───┬───┬───┬───┬───┬───┬───┬───┬──────┐
│ ^ │ 1 │ 2 │ 3 │ 4 │ 5 │ 6 │ 7 │ 8 │ 9 │ 0 │ - │ ` │ ←    │
├───┴─┬─┴─┬─┴─┬─┴─┬─┴─┬─┴─┬─┴─┬─┴─┬─┴─┬─┴─┬─┴─┬─┴─┬─┴─┬────┤
│   ⇥ │ ß │ ü │ n │ b │ ö │ v │ d │ a │ m │ z │ j │ q │ Ret│
├─────┴┬──┴┬──┴┬──┴┬──┴┬──┴┬──┴┬──┴┬──┴┬──┴┬──┴┬──┴┬──┴┐   │
│    ⇩ │ h │ e │ l │ o │ u │ w │ t │ i │ r │ s │ ⇘ │ ´ │   │
├────┬─┴─┬─┴─┬─┴─┬─┴─┬─┴─┬─┴─┬─┴─┬─┴─┬─┴─┬─┴─┬─┴─┬─┴───┴───┤
│  ⇧ │ ⇚ │ p │ y │ x │ c │ ä │ f │ g │ , │ . │ k │ ⇗       │
├────┼───┴┬──┴─┬─┴───┴───┴───┴───┴───┴─┬─┴──┬┴───┼────┬────┤
│Strg│ Fe │ Alt│      Leerzeichen      │ M4 │ Fe │ Me │Strg│
└────┴────┴────┴───────────────────────┴────┴────┴────┴────┘
# 9.712202518655925 x100 total penalty per letter
# 35.54404809975945 x10 billion total penalty compared to notime-noeffort
# 7.383007091911643 mean key position cost in file 1gramme.txt ( 54.03963904 )
# 10.902111934309724 % finger repeats in file 2gramme.txt ( 52.62893130519773 )
# 11.722154110580513 million keystrokes disbalance of the fingers ( 17.58323116587077 )
# 0.36524243547275986 % finger repeats top to bottom or vice versa ( 7.346557851230403 )
# 4.931608907804055 % of trigrams have no handswitching (after direction change counted x 1 ) ( 21.814057504084296 )
# 7.578244293217635 billion (rows²/dist)² to cross ( 98.51717581182925 )
# 0.015580500538925734 hand disbalance. Left: 0.48441949946107427 %, Right: 0.5155805005389258 % ( 0.4561635196631332 )
# 1.0979192834421578 badly positioned shortcut keys (weighted).
# 8.113106515115009 no handswitching after unbalancing key (weighted).
# 40.169834162482964 movement pattern cost (weighted).
# 0.8708228841021268 asymmetric bigram cost (weighted).
# 5.302595098508012 irregularity cost (weighted).
# 19.049042431357694 manually assigned bigram penalty (weighted)
# 15.052985936576935 unbalancing key after neighboring finger (weighted)
# 0.8708228841021268 asymmetrc bigrams (weighted)
# 13.398418488134089 inconsistent symmetries of similar keys (weighted)
# 5.302595098508012 irregularity cost for randomly sampled words (weighted).
# Finger load %: 10.4 11.7 9.4 9.4 - 14.3 11.1 8.4 9.8
 
