
# Evolved Layout
zlbdw äömüqjß
hrntg yaseu⇘
kxpfv oi,.c
┌───┬───┬───┬───┬───┬───┬───┬───┬───┬───┬───┬───┬───┬──────┐
│ ^ │ 1 │ 2 │ 3 │ 4 │ 5 │ 6 │ 7 │ 8 │ 9 │ 0 │ - │ ` │ ←    │
├───┴─┬─┴─┬─┴─┬─┴─┬─┴─┬─┴─┬─┴─┬─┴─┬─┴─┬─┴─┬─┴─┬─┴─┬─┴─┬────┤
│   ⇥ │ z │ l │ b │ d │ w │ ä │ ö │ m │ ü │ q │ j │ ß │ Ret│
├─────┴┬──┴┬──┴┬──┴┬──┴┬──┴┬──┴┬──┴┬──┴┬──┴┬──┴┬──┴┬──┴┐   │
│    ⇩ │ h │ r │ n │ t │ g │ y │ a │ s │ e │ u │ ⇘ │ ´ │   │
├────┬─┴─┬─┴─┬─┴─┬─┴─┬─┴─┬─┴─┬─┴─┬─┴─┬─┴─┬─┴─┬─┴─┬─┴───┴───┤
│  ⇧ │ ⇚ │ k │ x │ p │ f │ v │ o │ i │ , │ . │ c │ ⇗       │
├────┼───┴┬──┴─┬─┴───┴───┴───┴───┴───┴─┬─┴──┬┴───┼────┬────┤
│Strg│ Fe │ Alt│      Leerzeichen      │ M4 │ Fe │ Me │Strg│
└────┴────┴────┴───────────────────────┴────┴────┴────┴────┘
# 9.372660009808333 x100 total penalty per letter
# 34.30141387305244 x10 billion total penalty compared to notime-noeffort
# 7.799342391686056 mean key position cost in file 1gramme.txt ( 57.0869894 )
# 10.52505857422513 % finger repeats in file 2gramme.txt ( 50.808741280929496 )
# 11.535834564830033 million keystrokes disbalance of the fingers ( 17.30375184724505 )
# 0.3092778214794878 % finger repeats top to bottom or vice versa ( 6.22087464908229 )
# 1.9467921099021803 % of trigrams have no handswitching (after direction change counted x 1 ) ( 8.61127389211681 )
# 9.283964745887292 billion (rows²/dist)² to cross ( 120.6915416965348 )
# 0.020250393639759223 hand disbalance. Left: 0.4797496063602408 %, Right: 0.5202503936397592 % ( 0.5928879379836287 )
# 0.7319461889614385 badly positioned shortcut keys (weighted).
# 9.821754435053741 no handswitching after unbalancing key (weighted).
# 27.120386538215836 movement pattern cost (weighted).
# 0.8724575614191789 asymmetric bigram cost (weighted).
# 2.9351261217850415 irregularity cost (weighted).
# 17.260207167929725 manually assigned bigram penalty (weighted)
# 14.817424938838684 unbalancing key after neighboring finger (weighted)
# 0.8724575614191789 asymmetrc bigrams (weighted)
# 8.138775074428617 inconsistent symmetries of similar keys (weighted)
# 2.9351261217850415 irregularity cost for randomly sampled words (weighted).
# Finger load %: 9.9 8.2 8.8 13.5 - 14.4 7.8 12.5 9.2
 
