
# Evolved Layout
ßkläö wbciüvj
harey ftnus⇘
gzxoq pd,.m
┌───┬───┬───┬───┬───┬───┬───┬───┬───┬───┬───┬───┬───┬──────┐
│ ^ │ 1 │ 2 │ 3 │ 4 │ 5 │ 6 │ 7 │ 8 │ 9 │ 0 │ - │ ` │ ←    │
├───┴─┬─┴─┬─┴─┬─┴─┬─┴─┬─┴─┬─┴─┬─┴─┬─┴─┬─┴─┬─┴─┬─┴─┬─┴─┬────┤
│   ⇥ │ ß │ k │ l │ ä │ ö │ w │ b │ c │ i │ ü │ v │ j │ Ret│
├─────┴┬──┴┬──┴┬──┴┬──┴┬──┴┬──┴┬──┴┬──┴┬──┴┬──┴┬──┴┬──┴┐   │
│    ⇩ │ h │ a │ r │ e │ y │ f │ t │ n │ u │ s │ ⇘ │ ´ │   │
├────┬─┴─┬─┴─┬─┴─┬─┴─┬─┴─┬─┴─┬─┴─┬─┴─┬─┴─┬─┴─┬─┴─┬─┴───┴───┤
│  ⇧ │ ⇚ │ g │ z │ x │ o │ q │ p │ d │ , │ . │ m │ ⇗       │
├────┼───┴┬──┴─┬─┴───┴───┴───┴───┴───┴─┬─┴──┬┴───┼────┬────┤
│Strg│ Fe │ Alt│      Leerzeichen      │ M4 │ Fe │ Me │Strg│
└────┴────┴────┴───────────────────────┴────┴────┴────┴────┘
# 9.394277654436916 x100 total penalty per letter
# 34.38052863605351 x10 billion total penalty compared to notime-noeffort
# 7.7253604175783215 mean key position cost in file 1gramme.txt ( 56.54548116 )
# 9.867773015732723 % finger repeats in file 2gramme.txt ( 47.635756384587424 )
# 13.434701710524964 million keystrokes disbalance of the fingers ( 20.152052565787447 )
# 0.35662253315116027 % finger repeats top to bottom or vice versa ( 7.173175448400847 )
# 4.519565635007141 % of trigrams have no handswitching (after direction change counted x 1 ) ( 19.991460494670328 )
# 7.632475260141862 billion (rows²/dist)² to cross ( 99.2221783818442 )
# 0.025393799341604073 hand disbalance. Left: 0.4746062006583959 %, Right: 0.5253937993416041 % ( 0.7434757860535436 )
# 0.7319461889614385 badly positioned shortcut keys (weighted).
# 7.566279752245411 no handswitching after unbalancing key (weighted).
# 37.372823881889445 movement pattern cost (weighted).
# 0.8812504064687996 asymmetric bigram cost (weighted).
# 6.111684160390526 irregularity cost (weighted).
# 20.590235116860164 manually assigned bigram penalty (weighted)
# 9.042445690121331 unbalancing key after neighboring finger (weighted)
# 0.8812504064687996 asymmetrc bigrams (weighted)
# 10.045040942254213 inconsistent symmetries of similar keys (weighted)
# 6.111684160390526 irregularity cost for randomly sampled words (weighted).
# Finger load %: 11.2 6.2 8.0 14.5 - 14.0 9.8 9.4 11.1
 
