
# Evolved Layout
öunmv qfpokjß
rilhb cteas⇘
äüxgy wd,.z
┌───┬───┬───┬───┬───┬───┬───┬───┬───┬───┬───┬───┬───┬──────┐
│ ^ │ 1 │ 2 │ 3 │ 4 │ 5 │ 6 │ 7 │ 8 │ 9 │ 0 │ - │ ` │ ←    │
├───┴─┬─┴─┬─┴─┬─┴─┬─┴─┬─┴─┬─┴─┬─┴─┬─┴─┬─┴─┬─┴─┬─┴─┬─┴─┬────┤
│   ⇥ │ ö │ u │ n │ m │ v │ q │ f │ p │ o │ k │ j │ ß │ Ret│
├─────┴┬──┴┬──┴┬──┴┬──┴┬──┴┬──┴┬──┴┬──┴┬──┴┬──┴┬──┴┬──┴┐   │
│    ⇩ │ r │ i │ l │ h │ b │ c │ t │ e │ a │ s │ ⇘ │ ´ │   │
├────┬─┴─┬─┴─┬─┴─┬─┴─┬─┴─┬─┴─┬─┴─┬─┴─┬─┴─┬─┴─┬─┴─┬─┴───┴───┤
│  ⇧ │ ⇚ │ ä │ ü │ x │ g │ y │ w │ d │ , │ . │ z │ ⇗       │
├────┼───┴┬──┴─┬─┴───┴───┴───┴───┴───┴─┬─┴──┬┴───┼────┬────┤
│Strg│ Fe │ Alt│      Leerzeichen      │ M4 │ Fe │ Me │Strg│
└────┴────┴────┴───────────────────────┴────┴────┴────┴────┘
# 9.746307462268808 x100 total penalty per letter
# 35.66886301727042 x10 billion total penalty compared to notime-noeffort
# 7.305517947415273 mean key position cost in file 1gramme.txt ( 53.4724602 )
# 10.797697286451962 % finger repeats in file 2gramme.txt ( 52.12487930477121 )
# 12.334589523841128 million keystrokes disbalance of the fingers ( 18.50188428576169 )
# 0.355384420998649 % finger repeats top to bottom or vice versa ( 7.148271818177918 )
# 3.7883808552149936 % of trigrams have no handswitching (after direction change counted x 1 ) ( 16.757200209501164 )
# 8.041275687287783 billion (rows²/dist)² to cross ( 104.53658393474117 )
# 0.03913309552211619 hand disbalance. Left: 0.4608669044778838 %, Right: 0.5391330955221162 % ( 1.1457328051870752 )
# 1.0979192834421578 badly positioned shortcut keys (weighted).
# 9.1223457626829 no handswitching after unbalancing key (weighted).
# 34.90044856559732 movement pattern cost (weighted).
# 0.9009050481763983 asymmetric bigram cost (weighted).
# 9.581886156374681 irregularity cost (weighted).
# 19.497786646368134 manually assigned bigram penalty (weighted)
# 12.699576231685898 unbalancing key after neighboring finger (weighted)
# 0.9009050481763983 asymmetrc bigrams (weighted)
# 15.200749920236364 inconsistent symmetries of similar keys (weighted)
# 9.581886156374681 irregularity cost for randomly sampled words (weighted).
# Finger load %: 11.2 8.5 9.4 9.7 - 13.9 13.0 8.6 10.1
 
