
# Evolved Layout
ßdmfp xyäuköj
rtsnc oaeih⇘
lvbwq üg,.z
┌───┬───┬───┬───┬───┬───┬───┬───┬───┬───┬───┬───┬───┬──────┐
│ ^ │ 1 │ 2 │ 3 │ 4 │ 5 │ 6 │ 7 │ 8 │ 9 │ 0 │ - │ ` │ ←    │
├───┴─┬─┴─┬─┴─┬─┴─┬─┴─┬─┴─┬─┴─┬─┴─┬─┴─┬─┴─┬─┴─┬─┴─┬─┴─┬────┤
│   ⇥ │ ß │ d │ m │ f │ p │ x │ y │ ä │ u │ k │ ö │ j │ Ret│
├─────┴┬──┴┬──┴┬──┴┬──┴┬──┴┬──┴┬──┴┬──┴┬──┴┬──┴┬──┴┬──┴┐   │
│    ⇩ │ r │ t │ s │ n │ c │ o │ a │ e │ i │ h │ ⇘ │ ´ │   │
├────┬─┴─┬─┴─┬─┴─┬─┴─┬─┴─┬─┴─┬─┴─┬─┴─┬─┴─┬─┴─┬─┴─┬─┴───┴───┤
│  ⇧ │ ⇚ │ l │ v │ b │ w │ q │ ü │ g │ , │ . │ z │ ⇗       │
├────┼───┴┬──┴─┬─┴───┴───┴───┴───┴───┴─┬─┴──┬┴───┼────┬────┤
│Strg│ Fe │ Alt│      Leerzeichen      │ M4 │ Fe │ Me │Strg│
└────┴────┴────┴───────────────────────┴────┴────┴────┴────┘
# 10.00212568856639 x100 total penalty per letter
# 36.60508889629736 x10 billion total penalty compared to notime-noeffort
# 7.618793742081758 mean key position cost in file 1gramme.txt ( 55.76547044 )
# 10.576573762216558 % finger repeats in file 2gramme.txt ( 51.05742605928358 )
# 13.358069493322406 million keystrokes disbalance of the fingers ( 20.03710423998361 )
# 0.30925668504886117 % finger repeats top to bottom or vice versa ( 6.220449506778753 )
# 1.6003895355991435 % of trigrams have no handswitching (after direction change counted x 1 ) ( 7.0790263403185465 )
# 9.573838078625707 billion (rows²/dist)² to cross ( 124.4598950221342 )
# 0.0006311223013834022 hand disbalance. Left: 0.5006311223013834 %, Right: 0.49936887769861654 % ( 0.018477902530646146 )
# 1.0979192834421578 badly positioned shortcut keys (weighted).
# 10.074107192287508 no handswitching after unbalancing key (weighted).
# 38.27974854603981 movement pattern cost (weighted).
# 0.8772615344299155 asymmetric bigram cost (weighted).
# 6.000420714447538 irregularity cost (weighted).
# 21.622581484922925 manually assigned bigram penalty (weighted)
# 13.134303050329802 unbalancing key after neighboring finger (weighted)
# 0.8772615344299155 asymmetrc bigrams (weighted)
# 10.326697646044682 inconsistent symmetries of similar keys (weighted)
# 6.000420714447538 irregularity cost for randomly sampled words (weighted).
# Finger load %: 12.9 9.0 8.0 12.4 - 11.0 12.3 9.4 9.5
 
