
# Evolved Layout
ülagö qfouzjß
tridm pnehs⇘
vxäcy wb,.k
┌───┬───┬───┬───┬───┬───┬───┬───┬───┬───┬───┬───┬───┬──────┐
│ ^ │ 1 │ 2 │ 3 │ 4 │ 5 │ 6 │ 7 │ 8 │ 9 │ 0 │ - │ ` │ ←    │
├───┴─┬─┴─┬─┴─┬─┴─┬─┴─┬─┴─┬─┴─┬─┴─┬─┴─┬─┴─┬─┴─┬─┴─┬─┴─┬────┤
│   ⇥ │ ü │ l │ a │ g │ ö │ q │ f │ o │ u │ z │ j │ ß │ Ret│
├─────┴┬──┴┬──┴┬──┴┬──┴┬──┴┬──┴┬──┴┬──┴┬──┴┬──┴┬──┴┬──┴┐   │
│    ⇩ │ t │ r │ i │ d │ m │ p │ n │ e │ h │ s │ ⇘ │ ´ │   │
├────┬─┴─┬─┴─┬─┴─┬─┴─┬─┴─┬─┴─┬─┴─┬─┴─┬─┴─┬─┴─┬─┴─┬─┴───┴───┤
│  ⇧ │ ⇚ │ v │ x │ ä │ c │ y │ w │ b │ , │ . │ k │ ⇗       │
├────┼───┴┬──┴─┬─┴───┴───┴───┴───┴───┴─┬─┴──┬┴───┼────┬────┤
│Strg│ Fe │ Alt│      Leerzeichen      │ M4 │ Fe │ Me │Strg│
└────┴────┴────┴───────────────────────┴────┴────┴────┴────┘
# 9.874598254122112 x100 total penalty per letter
# 36.138372798149774 x10 billion total penalty compared to notime-noeffort
# 7.222802006116493 mean key position cost in file 1gramme.txt ( 52.86702402 )
# 10.172142031319087 % finger repeats in file 2gramme.txt ( 49.10506949650969 )
# 12.725639694112933 million keystrokes disbalance of the fingers ( 19.088459541169403 )
# 0.290026163709137 % finger repeats top to bottom or vice versa ( 5.8336430357597475 )
# 3.9570392784297104 % of trigrams have no handswitching (after direction change counted x 1 ) ( 17.503229469187993 )
# 8.775412767313979 billion (rows²/dist)² to cross ( 114.0803659750817 )
# 0.02742038193100027 hand disbalance. Left: 0.47257961806899973 %, Right: 0.5274203819310003 % ( 0.8028097621705096 )
# 0.7319461889614385 badly positioned shortcut keys (weighted).
# 7.035671185528013 no handswitching after unbalancing key (weighted).
# 37.01007248120283 movement pattern cost (weighted).
# 0.876497007566595 asymmetric bigram cost (weighted).
# 2.8321077986733947 irregularity cost (weighted).
# 21.192326261682133 manually assigned bigram penalty (weighted)
# 13.603813283482985 unbalancing key after neighboring finger (weighted)
# 0.876497007566595 asymmetrc bigrams (weighted)
# 18.820692474521298 inconsistent symmetries of similar keys (weighted)
# 2.8321077986733947 irregularity cost for randomly sampled words (weighted).
# Finger load %: 11.4 8.2 10.2 10.0 - 12.4 14.7 7.1 10.3
 
