
# Evolved Layout
äyovq pfazkjß
mnelu gtirs⇘
cxöhü bd,.w
┌───┬───┬───┬───┬───┬───┬───┬───┬───┬───┬───┬───┬───┬──────┐
│ ^ │ 1 │ 2 │ 3 │ 4 │ 5 │ 6 │ 7 │ 8 │ 9 │ 0 │ - │ ` │ ←    │
├───┴─┬─┴─┬─┴─┬─┴─┬─┴─┬─┴─┬─┴─┬─┴─┬─┴─┬─┴─┬─┴─┬─┴─┬─┴─┬────┤
│   ⇥ │ ä │ y │ o │ v │ q │ p │ f │ a │ z │ k │ j │ ß │ Ret│
├─────┴┬──┴┬──┴┬──┴┬──┴┬──┴┬──┴┬──┴┬──┴┬──┴┬──┴┬──┴┬──┴┐   │
│    ⇩ │ m │ n │ e │ l │ u │ g │ t │ i │ r │ s │ ⇘ │ ´ │   │
├────┬─┴─┬─┴─┬─┴─┬─┴─┬─┴─┬─┴─┬─┴─┬─┴─┬─┴─┬─┴─┬─┴─┬─┴───┴───┤
│  ⇧ │ ⇚ │ c │ x │ ö │ h │ ü │ b │ d │ , │ . │ w │ ⇗       │
├────┼───┴┬──┴─┬─┴───┴───┴───┴───┴───┴─┬─┴──┬┴───┼────┬────┤
│Strg│ Fe │ Alt│      Leerzeichen      │ M4 │ Fe │ Me │Strg│
└────┴────┴────┴───────────────────────┴────┴────┴────┴────┘
# 9.426302864460295 x100 total penalty per letter
# 34.49773228819003 x10 billion total penalty compared to notime-noeffort
# 7.39098333400163 mean key position cost in file 1gramme.txt ( 54.09802084 )
# 10.409169781915931 % finger repeats in file 2gramme.txt ( 50.24929891542884 )
# 12.135080367176126 million keystrokes disbalance of the fingers ( 18.20262055076419 )
# 0.34422415425373726 % finger repeats top to bottom or vice versa ( 6.923792028006406 )
# 5.252628724645894 % of trigrams have no handswitching (after direction change counted x 1 ) ( 23.234029135139014 )
# 7.678981155981121 billion (rows²/dist)² to cross ( 99.82675502775457 )
# 0.013428773112323933 hand disbalance. Left: 0.48657122688767607 %, Right: 0.5134287731123239 % ( 0.39316557207973357 )
# 0.36597309448071924 badly positioned shortcut keys (weighted).
# 9.556043203500789 no handswitching after unbalancing key (weighted).
# 35.03695164343329 movement pattern cost (weighted).
# 0.8923464350110447 asymmetric bigram cost (weighted).
# 2.748069492254486 irregularity cost (weighted).
# 19.823325348421562 manually assigned bigram penalty (weighted)
# 14.31629140727024 unbalancing key after neighboring finger (weighted)
# 0.8923464350110447 asymmetrc bigrams (weighted)
# 9.3106401883554 inconsistent symmetries of similar keys (weighted)
# 2.748069492254486 irregularity cost for randomly sampled words (weighted).
# Finger load %: 10.5 7.2 13.6 9.7 - 14.9 11.1 7.1 10.3
 
