
# Evolved Layout
jclkp üäifvöß
rmntg yeush⇘
zbxdq oa,.w
┌───┬───┬───┬───┬───┬───┬───┬───┬───┬───┬───┬───┬───┬──────┐
│ ^ │ 1 │ 2 │ 3 │ 4 │ 5 │ 6 │ 7 │ 8 │ 9 │ 0 │ - │ ` │ ←    │
├───┴─┬─┴─┬─┴─┬─┴─┬─┴─┬─┴─┬─┴─┬─┴─┬─┴─┬─┴─┬─┴─┬─┴─┬─┴─┬────┤
│   ⇥ │ j │ c │ l │ k │ p │ ü │ ä │ i │ f │ v │ ö │ ß │ Ret│
├─────┴┬──┴┬──┴┬──┴┬──┴┬──┴┬──┴┬──┴┬──┴┬──┴┬──┴┬──┴┬──┴┐   │
│    ⇩ │ r │ m │ n │ t │ g │ y │ e │ u │ s │ h │ ⇘ │ ´ │   │
├────┬─┴─┬─┴─┬─┴─┬─┴─┬─┴─┬─┴─┬─┴─┬─┴─┬─┴─┬─┴─┬─┴─┬─┴───┴───┤
│  ⇧ │ ⇚ │ z │ b │ x │ d │ q │ o │ a │ , │ . │ w │ ⇗       │
├────┼───┴┬──┴─┬─┴───┴───┴───┴───┴───┴─┬─┴──┬┴───┼────┬────┤
│Strg│ Fe │ Alt│      Leerzeichen      │ M4 │ Fe │ Me │Strg│
└────┴────┴────┴───────────────────────┴────┴────┴────┴────┘
# 9.322531263994398 x100 total penalty per letter
# 34.117956150772805 x10 billion total penalty compared to notime-noeffort
# 7.543965181149275 mean key position cost in file 1gramme.txt ( 55.21776564 )
# 12.314535674642668 % finger repeats in file 2gramme.txt ( 59.447275535353484 )
# 13.375244261199525 million keystrokes disbalance of the fingers ( 20.062866391799286 )
# 0.33708812066111316 % finger repeats top to bottom or vice versa ( 6.780256451290961 )
# 2.449549041857721 % of trigrams have no handswitching (after direction change counted x 1 ) ( 10.83512595120854 )
# 8.777161376266532 billion (rows²/dist)² to cross ( 114.10309789146494 )
# 0.04268725523962824 hand disbalance. Left: 0.45731274476037176 %, Right: 0.5426872552396282 % ( 1.2497909515948036 )
# 0.36597309448071924 badly positioned shortcut keys (weighted).
# 9.638477384648013 no handswitching after unbalancing key (weighted).
# 20.912093840376247 movement pattern cost (weighted).
# 0.8839116743918416 asymmetric bigram cost (weighted).
# 4.242321346510239 irregularity cost (weighted).
# 16.68205469582731 manually assigned bigram penalty (weighted)
# 11.597307987000884 unbalancing key after neighboring finger (weighted)
# 0.8839116743918416 asymmetrc bigrams (weighted)
# 9.16124267178087 inconsistent symmetries of similar keys (weighted)
# 4.242321346510239 irregularity cost for randomly sampled words (weighted).
# Finger load %: 11.1 5.7 9.4 12.3 - 19.9 9.2 7.5 9.3
 
