
# Evolved Layout
öblcü xmoäkjß
itrnp dhaes⇘
uyzvq wg,.f
┌───┬───┬───┬───┬───┬───┬───┬───┬───┬───┬───┬───┬───┬──────┐
│ ^ │ 1 │ 2 │ 3 │ 4 │ 5 │ 6 │ 7 │ 8 │ 9 │ 0 │ - │ ` │ ←    │
├───┴─┬─┴─┬─┴─┬─┴─┬─┴─┬─┴─┬─┴─┬─┴─┬─┴─┬─┴─┬─┴─┬─┴─┬─┴─┬────┤
│   ⇥ │ ö │ b │ l │ c │ ü │ x │ m │ o │ ä │ k │ j │ ß │ Ret│
├─────┴┬──┴┬──┴┬──┴┬──┴┬──┴┬──┴┬──┴┬──┴┬──┴┬──┴┬──┴┬──┴┐   │
│    ⇩ │ i │ t │ r │ n │ p │ d │ h │ a │ e │ s │ ⇘ │ ´ │   │
├────┬─┴─┬─┴─┬─┴─┬─┴─┬─┴─┬─┴─┬─┴─┬─┴─┬─┴─┬─┴─┬─┴─┬─┴───┴───┤
│  ⇧ │ ⇚ │ u │ y │ z │ v │ q │ w │ g │ , │ . │ f │ ⇗       │
├────┼───┴┬──┴─┬─┴───┴───┴───┴───┴───┴─┬─┴──┬┴───┼────┬────┤
│Strg│ Fe │ Alt│      Leerzeichen      │ M4 │ Fe │ Me │Strg│
└────┴────┴────┴───────────────────────┴────┴────┴────┴────┘
# 9.724259897078051 x100 total penalty per letter
# 35.58817486068415 x10 billion total penalty compared to notime-noeffort
# 7.453766678860908 mean key position cost in file 1gramme.txt ( 54.55756114 )
# 7.828701596182943 % finger repeats in file 2gramme.txt ( 37.79232877051642 )
# 15.38844958788091 million keystrokes disbalance of the fingers ( 23.082674381821366 )
# 0.34545150035965927 % finger repeats top to bottom or vice versa ( 6.9484791078605515 )
# 3.7557827817957756 % of trigrams have no handswitching (after direction change counted x 1 ) ( 16.613008676599215 )
# 8.149008070020194 billion (rows²/dist)² to cross ( 105.93710491026253 )
# 0.024368816756562772 hand disbalance. Left: 0.47563118324343723 %, Right: 0.5243688167565628 % ( 0.7134665021786306 )
# 0.7319461889614385 badly positioned shortcut keys (weighted).
# 8.193261543846942 no handswitching after unbalancing key (weighted).
# 39.64343700134302 movement pattern cost (weighted).
# 0.8804519129661659 asymmetric bigram cost (weighted).
# 6.461541320186829 irregularity cost (weighted).
# 21.89393797239269 manually assigned bigram penalty (weighted)
# 15.080658211182097 unbalancing key after neighboring finger (weighted)
# 0.8804519129661659 asymmetrc bigrams (weighted)
# 17.351890966723662 inconsistent symmetries of similar keys (weighted)
# 6.461541320186829 irregularity cost for randomly sampled words (weighted).
# Finger load %: 13.9 6.9 8.5 10.8 - 12.6 8.4 12.5 10.8
 
