
# Evolved Layout
zmndv qücaößj
hsltb äeriu⇘
kfxgp yo,.w
┌───┬───┬───┬───┬───┬───┬───┬───┬───┬───┬───┬───┬───┬──────┐
│ ^ │ 1 │ 2 │ 3 │ 4 │ 5 │ 6 │ 7 │ 8 │ 9 │ 0 │ - │ ` │ ←    │
├───┴─┬─┴─┬─┴─┬─┴─┬─┴─┬─┴─┬─┴─┬─┴─┬─┴─┬─┴─┬─┴─┬─┴─┬─┴─┬────┤
│   ⇥ │ z │ m │ n │ d │ v │ q │ ü │ c │ a │ ö │ ß │ j │ Ret│
├─────┴┬──┴┬──┴┬──┴┬──┴┬──┴┬──┴┬──┴┬──┴┬──┴┬──┴┬──┴┬──┴┐   │
│    ⇩ │ h │ s │ l │ t │ b │ ä │ e │ r │ i │ u │ ⇘ │ ´ │   │
├────┬─┴─┬─┴─┬─┴─┬─┴─┬─┴─┬─┴─┬─┴─┬─┴─┬─┴─┬─┴─┬─┴─┬─┴───┴───┤
│  ⇧ │ ⇚ │ k │ f │ x │ g │ p │ y │ o │ , │ . │ w │ ⇗       │
├────┼───┴┬──┴─┬─┴───┴───┴───┴───┴───┴─┬─┴──┬┴───┼────┬────┤
│Strg│ Fe │ Alt│      Leerzeichen      │ M4 │ Fe │ Me │Strg│
└────┴────┴────┴───────────────────────┴────┴────┴────┴────┘
# 9.553390007501148 x100 total penalty per letter
# 34.96283703826378 x10 billion total penalty compared to notime-noeffort
# 7.791300456242206 mean key position cost in file 1gramme.txt ( 57.02812676 )
# 11.702539131347534 % finger repeats in file 2gramme.txt ( 56.492919147327875 )
# 10.952637133016223 million keystrokes disbalance of the fingers ( 16.428955699524334 )
# 0.33698844601930533 % finger repeats top to bottom or vice versa ( 6.778251576032164 )
# 2.3585018172673147 % of trigrams have no handswitching (after direction change counted x 1 ) ( 10.432395436698465 )
# 9.57368732556973 billion (rows²/dist)² to cross ( 124.4579352324065 )
# 0.019516790903290393 hand disbalance. Left: 0.4804832090967096 %, Right: 0.5195167909032904 % ( 0.571409628896827 )
# 0.7319461889614385 badly positioned shortcut keys (weighted).
# 8.089670998040031 no handswitching after unbalancing key (weighted).
# 27.145041487672497 movement pattern cost (weighted).
# 0.8749066989293194 asymmetric bigram cost (weighted).
# 2.642798514905662 irregularity cost (weighted).
# 16.185107199848776 manually assigned bigram penalty (weighted)
# 10.625562807470443 unbalancing key after neighboring finger (weighted)
# 0.8749066989293194 asymmetrc bigrams (weighted)
# 11.143343005923466 inconsistent symmetries of similar keys (weighted)
# 2.642798514905662 irregularity cost for randomly sampled words (weighted).
# Finger load %: 9.6 8.2 9.4 13.3 - 15.5 8.5 11.3 8.6
 
