
# Evolved Layout
öoufq whclzßj
iaetk gdnrs⇘
üxäpy vb,.m
┌───┬───┬───┬───┬───┬───┬───┬───┬───┬───┬───┬───┬───┬──────┐
│ ^ │ 1 │ 2 │ 3 │ 4 │ 5 │ 6 │ 7 │ 8 │ 9 │ 0 │ - │ ` │ ←    │
├───┴─┬─┴─┬─┴─┬─┴─┬─┴─┬─┴─┬─┴─┬─┴─┬─┴─┬─┴─┬─┴─┬─┴─┬─┴─┬────┤
│   ⇥ │ ö │ o │ u │ f │ q │ w │ h │ c │ l │ z │ ß │ j │ Ret│
├─────┴┬──┴┬──┴┬──┴┬──┴┬──┴┬──┴┬──┴┬──┴┬──┴┬──┴┬──┴┬──┴┐   │
│    ⇩ │ i │ a │ e │ t │ k │ g │ d │ n │ r │ s │ ⇘ │ ´ │   │
├────┬─┴─┬─┴─┬─┴─┬─┴─┬─┴─┬─┴─┬─┴─┬─┴─┬─┴─┬─┴─┬─┴─┬─┴───┴───┤
│  ⇧ │ ⇚ │ ü │ x │ ä │ p │ y │ v │ b │ , │ . │ m │ ⇗       │
├────┼───┴┬──┴─┬─┴───┴───┴───┴───┴───┴─┬─┴──┬┴───┼────┬────┤
│Strg│ Fe │ Alt│      Leerzeichen      │ M4 │ Fe │ Me │Strg│
└────┴────┴────┴───────────────────────┴────┴────┴────┴────┘
# 9.257977748624374 x100 total penalty per letter
# 33.88170765297704 x10 billion total penalty compared to notime-noeffort
# 7.476263209682885 mean key position cost in file 1gramme.txt ( 54.72222364 )
# 10.925087212745922 % finger repeats in file 2gramme.txt ( 52.739842324807704 )
# 13.308190661516596 million keystrokes disbalance of the fingers ( 19.962285992274893 )
# 0.45288288625684525 % finger repeats top to bottom or vice versa ( 9.109375035821248 )
# 2.479119268021197 % of trigrams have no handswitching (after direction change counted x 1 ) ( 10.96592436324768 )
# 8.335650789183946 billion (rows²/dist)² to cross ( 108.36346025939132 )
# 0.005495983814153893 hand disbalance. Left: 0.4945040161858461 %, Right: 0.505495983814154 % ( 0.16091057629454775 )
# 1.0979192834421578 badly positioned shortcut keys (weighted).
# 8.58545657795451 no handswitching after unbalancing key (weighted).
# 22.960493513575514 movement pattern cost (weighted).
# 0.8694782397633525 asymmetric bigram cost (weighted).
# 4.093355805807503 irregularity cost (weighted).
# 19.703071181809346 manually assigned bigram penalty (weighted)
# 14.339936729657179 unbalancing key after neighboring finger (weighted)
# 0.8694782397633525 asymmetrc bigrams (weighted)
# 11.143343005923466 inconsistent symmetries of similar keys (weighted)
# 4.093355805807503 irregularity cost for randomly sampled words (weighted).
# Finger load %: 11.8 7.5 13.6 8.9 - 12.6 9.8 9.3 10.9
 
