
# Evolved Layout
ämozö qpakxjß
huenf btisr⇘
vwücy gd,.l
┌───┬───┬───┬───┬───┬───┬───┬───┬───┬───┬───┬───┬───┬──────┐
│ ^ │ 1 │ 2 │ 3 │ 4 │ 5 │ 6 │ 7 │ 8 │ 9 │ 0 │ - │ ` │ ←    │
├───┴─┬─┴─┬─┴─┬─┴─┬─┴─┬─┴─┬─┴─┬─┴─┬─┴─┬─┴─┬─┴─┬─┴─┬─┴─┬────┤
│   ⇥ │ ä │ m │ o │ z │ ö │ q │ p │ a │ k │ x │ j │ ß │ Ret│
├─────┴┬──┴┬──┴┬──┴┬──┴┬──┴┬──┴┬──┴┬──┴┬──┴┬──┴┬──┴┬──┴┐   │
│    ⇩ │ h │ u │ e │ n │ f │ b │ t │ i │ s │ r │ ⇘ │ ´ │   │
├────┬─┴─┬─┴─┬─┴─┬─┴─┬─┴─┬─┴─┬─┴─┬─┴─┬─┴─┬─┴─┬─┴─┬─┴───┴───┤
│  ⇧ │ ⇚ │ v │ w │ ü │ c │ y │ g │ d │ , │ . │ l │ ⇗       │
├────┼───┴┬──┴─┬─┴───┴───┴───┴───┴───┴─┬─┴──┬┴───┼────┬────┤
│Strg│ Fe │ Alt│      Leerzeichen      │ M4 │ Fe │ Me │Strg│
└────┴────┴────┴───────────────────────┴────┴────┴────┴────┘
# 9.404037128177734 x100 total penalty per letter
# 34.41624568410782 x10 billion total penalty compared to notime-noeffort
# 7.4739294889452665 mean key position cost in file 1gramme.txt ( 54.70514206 )
# 10.754822898256599 % finger repeats in file 2gramme.txt ( 51.917907183710426 )
# 13.03454642160209 million keystrokes disbalance of the fingers ( 19.551819632403138 )
# 0.29289644281709926 % finger repeats top to bottom or vice versa ( 5.891376391656712 )
# 5.123100097487455 % of trigrams have no handswitching (after direction change counted x 1 ) ( 22.661083272220328 )
# 7.978111144765383 billion (rows²/dist)² to cross ( 103.71544488194998 )
# 0.014689286979520821 hand disbalance. Left: 0.4853107130204792 %, Right: 0.5146892869795208 % ( 0.4300707049288458 )
# 0.7319461889614385 badly positioned shortcut keys (weighted).
# 6.878681934154185 no handswitching after unbalancing key (weighted).
# 28.11959502486096 movement pattern cost (weighted).
# 0.8865463680300638 asymmetric bigram cost (weighted).
# 3.527860189779208 irregularity cost (weighted).
# 20.129173944003007 manually assigned bigram penalty (weighted)
# 12.070134626394164 unbalancing key after neighboring finger (weighted)
# 0.8865463680300638 asymmetrc bigrams (weighted)
# 12.945674438025744 inconsistent symmetries of similar keys (weighted)
# 3.527860189779208 irregularity cost for randomly sampled words (weighted).
# Finger load %: 10.0 5.7 13.8 11.4 - 13.5 11.1 7.1 11.7
 
