
# Evolved Layout
ßyovö pfulkqj
heanm gtirs⇘
züäcx bd,.w
┌───┬───┬───┬───┬───┬───┬───┬───┬───┬───┬───┬───┬───┬──────┐
│ ^ │ 1 │ 2 │ 3 │ 4 │ 5 │ 6 │ 7 │ 8 │ 9 │ 0 │ - │ ` │ ←    │
├───┴─┬─┴─┬─┴─┬─┴─┬─┴─┬─┴─┬─┴─┬─┴─┬─┴─┬─┴─┬─┴─┬─┴─┬─┴─┬────┤
│   ⇥ │ ß │ y │ o │ v │ ö │ p │ f │ u │ l │ k │ q │ j │ Ret│
├─────┴┬──┴┬──┴┬──┴┬──┴┬──┴┬──┴┬──┴┬──┴┬──┴┬──┴┬──┴┬──┴┐   │
│    ⇩ │ h │ e │ a │ n │ m │ g │ t │ i │ r │ s │ ⇘ │ ´ │   │
├────┬─┴─┬─┴─┬─┴─┬─┴─┬─┴─┬─┴─┬─┴─┬─┴─┬─┴─┬─┴─┬─┴─┬─┴───┴───┤
│  ⇧ │ ⇚ │ z │ ü │ ä │ c │ x │ b │ d │ , │ . │ w │ ⇗       │
├────┼───┴┬──┴─┬─┴───┴───┴───┴───┴───┴─┬─┴──┬┴───┼────┬────┤
│Strg│ Fe │ Alt│      Leerzeichen      │ M4 │ Fe │ Me │Strg│
└────┴────┴────┴───────────────────────┴────┴────┴────┴────┘
# 9.036298994364333 x100 total penalty per letter
# 33.070423056205264 x10 billion total penalty compared to notime-noeffort
# 7.1693440981580965 mean key position cost in file 1gramme.txt ( 52.4757409 )
# 7.995111243475113 % finger repeats in file 2gramme.txt ( 38.595655864260515 )
# 12.074086505446449 million keystrokes disbalance of the fingers ( 18.111129758169675 )
# 0.34994548094280875 % finger repeats top to bottom or vice versa ( 7.038871913104225 )
# 5.334674841060988 % of trigrams have no handswitching (after direction change counted x 1 ) ( 23.596944916768297 )
# 7.811582482390761 billion (rows²/dist)² to cross ( 101.55057227107989 )
# 0.01724493815193856 hand disbalance. Left: 0.48275506184806144 %, Right: 0.5172449381519385 % ( 0.5048946703674857 )
# 0.7319461889614385 badly positioned shortcut keys (weighted).
# 9.754931849293152 no handswitching after unbalancing key (weighted).
# 30.149645015251238 movement pattern cost (weighted).
# 0.8783275587405648 asymmetric bigram cost (weighted).
# 3.676340644858396 irregularity cost (weighted).
# 18.662495283197117 manually assigned bigram penalty (weighted)
# 14.998845696341029 unbalancing key after neighboring finger (weighted)
# 0.8783275587405648 asymmetrc bigrams (weighted)
# 9.977888031659656 inconsistent symmetries of similar keys (weighted)
# 3.676340644858396 irregularity cost for randomly sampled words (weighted).
# Finger load %: 9.9 11.7 7.4 11.6 - 14.9 9.2 9.3 10.3
 
