
# Evolved Layout
ßplgq öfouüxj
knrtc mseia⇘
hvzdy wb,.ä
┌───┬───┬───┬───┬───┬───┬───┬───┬───┬───┬───┬───┬───┬──────┐
│ ^ │ 1 │ 2 │ 3 │ 4 │ 5 │ 6 │ 7 │ 8 │ 9 │ 0 │ - │ ` │ ←    │
├───┴─┬─┴─┬─┴─┬─┴─┬─┴─┬─┴─┬─┴─┬─┴─┬─┴─┬─┴─┬─┴─┬─┴─┬─┴─┬────┤
│   ⇥ │ ß │ p │ l │ g │ q │ ö │ f │ o │ u │ ü │ x │ j │ Ret│
├─────┴┬──┴┬──┴┬──┴┬──┴┬──┴┬──┴┬──┴┬──┴┬──┴┬──┴┬──┴┬──┴┐   │
│    ⇩ │ k │ n │ r │ t │ c │ m │ s │ e │ i │ a │ ⇘ │ ´ │   │
├────┬─┴─┬─┴─┬─┴─┬─┴─┬─┴─┬─┴─┬─┴─┬─┴─┬─┴─┬─┴─┬─┴─┬─┴───┴───┤
│  ⇧ │ ⇚ │ h │ v │ z │ d │ y │ w │ b │ , │ . │ ä │ ⇗       │
├────┼───┴┬──┴─┬─┴───┴───┴───┴───┴───┴─┬─┴──┬┴───┼────┬────┤
│Strg│ Fe │ Alt│      Leerzeichen      │ M4 │ Fe │ Me │Strg│
└────┴────┴────┴───────────────────────┴────┴────┴────┴────┘
# 9.276830849569006 x100 total penalty per letter
# 33.95070492990968 x10 billion total penalty compared to notime-noeffort
# 7.548851589540956 mean key position cost in file 1gramme.txt ( 55.25353152 )
# 9.857163168721664 % finger repeats in file 2gramme.txt ( 47.58453833501426 )
# 10.893656560950808 million keystrokes disbalance of the fingers ( 16.340484841426214 )
# 0.3181485170667176 % finger repeats top to bottom or vice versa ( 6.399301556754957 )
# 2.82918947895872 % of trigrams have no handswitching (after direction change counted x 1 ) ( 12.51439502558542 )
# 8.077527776811488 billion (rows²/dist)² to cross ( 105.00786109854933 )
# 0.030659375386962506 hand disbalance. Left: 0.4693406246130375 %, Right: 0.5306593753869625 % ( 0.8976405188170135 )
# 0.7319461889614385 badly positioned shortcut keys (weighted).
# 9.143811671435477 no handswitching after unbalancing key (weighted).
# 25.465883599553027 movement pattern cost (weighted).
# 0.8552616691146184 asymmetric bigram cost (weighted).
# 14.2449582785942 irregularity cost (weighted).
# 16.76542745382113 manually assigned bigram penalty (weighted)
# 14.303494120626063 unbalancing key after neighboring finger (weighted)
# 0.8552616691146184 asymmetrc bigrams (weighted)
# 13.998513420843787 inconsistent symmetries of similar keys (weighted)
# 14.2449582785942 irregularity cost for randomly sampled words (weighted).
# Finger load %: 9.9 8.3 8.5 12.9 - 11.6 14.7 9.4 9.1
 
