
# Evolved Layout
mlgyö wbdojqß
hrseä cntai⇘
xzkuü pf,.v
┌───┬───┬───┬───┬───┬───┬───┬───┬───┬───┬───┬───┬───┬──────┐
│ ^ │ 1 │ 2 │ 3 │ 4 │ 5 │ 6 │ 7 │ 8 │ 9 │ 0 │ - │ ` │ ←    │
├───┴─┬─┴─┬─┴─┬─┴─┬─┴─┬─┴─┬─┴─┬─┴─┬─┴─┬─┴─┬─┴─┬─┴─┬─┴─┬────┤
│   ⇥ │ m │ l │ g │ y │ ö │ w │ b │ d │ o │ j │ q │ ß │ Ret│
├─────┴┬──┴┬──┴┬──┴┬──┴┬──┴┬──┴┬──┴┬──┴┬──┴┬──┴┬──┴┬──┴┐   │
│    ⇩ │ h │ r │ s │ e │ ä │ c │ n │ t │ a │ i │ ⇘ │ ´ │   │
├────┬─┴─┬─┴─┬─┴─┬─┴─┬─┴─┬─┴─┬─┴─┬─┴─┬─┴─┬─┴─┬─┴─┬─┴───┴───┤
│  ⇧ │ ⇚ │ x │ z │ k │ u │ ü │ p │ f │ , │ . │ v │ ⇗       │
├────┼───┴┬──┴─┬─┴───┴───┴───┴───┴───┴─┬─┴──┬┴───┼────┬────┤
│Strg│ Fe │ Alt│      Leerzeichen      │ M4 │ Fe │ Me │Strg│
└────┴────┴────┴───────────────────────┴────┴────┴────┴────┘
# 9.450082961494047 x100 total penalty per letter
# 34.584761045174965 x10 billion total penalty compared to notime-noeffort
# 7.455721344410884 mean key position cost in file 1gramme.txt ( 54.57186824 )
# 10.46227542040742 % finger repeats in file 2gramme.txt ( 50.50566144563655 )
# 12.453328998667162 million keystrokes disbalance of the fingers ( 18.679993498000744 )
# 0.40375244020888384 % finger repeats top to bottom or vice versa ( 8.12115562566177 )
# 5.993994462389726 % of trigrams have no handswitching (after direction change counted x 1 ) ( 26.513322999887706 )
# 8.319140773681855 billion (rows²/dist)² to cross ( 108.14883005786412 )
# 0.004835563935651155 hand disbalance. Left: 0.49516443606434885 %, Right: 0.5048355639356511 % ( 0.1415749037671695 )
# 0.7319461889614385 badly positioned shortcut keys (weighted).
# 8.673192181855496 no handswitching after unbalancing key (weighted).
# 25.07865212686132 movement pattern cost (weighted).
# 0.8595419533494599 asymmetric bigram cost (weighted).
# 3.442736607378924 irregularity cost (weighted).
# 17.281703797220644 manually assigned bigram penalty (weighted)
# 11.568496679867136 unbalancing key after neighboring finger (weighted)
# 0.8595419533494599 asymmetrc bigrams (weighted)
# 11.528934145437258 inconsistent symmetries of similar keys (weighted)
# 3.442736607378924 irregularity cost for randomly sampled words (weighted).
# Finger load %: 10.9 8.7 7.7 14.6 - 14.5 9.3 8.6 10.2
 
