
# Evolved Layout
jwufq öälgkzß
mtenp oirsd⇘
cvüby xa,.h
┌───┬───┬───┬───┬───┬───┬───┬───┬───┬───┬───┬───┬───┬──────┐
│ ^ │ 1 │ 2 │ 3 │ 4 │ 5 │ 6 │ 7 │ 8 │ 9 │ 0 │ - │ ` │ ←    │
├───┴─┬─┴─┬─┴─┬─┴─┬─┴─┬─┴─┬─┴─┬─┴─┬─┴─┬─┴─┬─┴─┬─┴─┬─┴─┬────┤
│   ⇥ │ j │ w │ u │ f │ q │ ö │ ä │ l │ g │ k │ z │ ß │ Ret│
├─────┴┬──┴┬──┴┬──┴┬──┴┬──┴┬──┴┬──┴┬──┴┬──┴┬──┴┬──┴┬──┴┐   │
│    ⇩ │ m │ t │ e │ n │ p │ o │ i │ r │ s │ d │ ⇘ │ ´ │   │
├────┬─┴─┬─┴─┬─┴─┬─┴─┬─┴─┬─┴─┬─┴─┬─┴─┬─┴─┬─┴─┬─┴─┬─┴───┴───┤
│  ⇧ │ ⇚ │ c │ v │ ü │ b │ y │ x │ a │ , │ . │ h │ ⇗       │
├────┼───┴┬──┴─┬─┴───┴───┴───┴───┴───┴─┬─┴──┬┴───┼────┬────┤
│Strg│ Fe │ Alt│      Leerzeichen      │ M4 │ Fe │ Me │Strg│
└────┴────┴────┴───────────────────────┴────┴────┴────┴────┘
# 9.48723928160339 x100 total penalty per letter
# 34.72074317967429 x10 billion total penalty compared to notime-noeffort
# 7.632354055872152 mean key position cost in file 1gramme.txt ( 55.86472464 )
# 10.89707854454975 % finger repeats in file 2gramme.txt ( 52.60463308431114 )
# 12.902202264713996 million keystrokes disbalance of the fingers ( 19.35330339707099 )
# 0.2994742148627721 % finger repeats top to bottom or vice versa ( 6.023682986324969 )
# 3.7572134707260743 % of trigrams have no handswitching (after direction change counted x 1 ) ( 16.619337063780645 )
# 8.508676096595247 billion (rows²/dist)² to cross ( 110.61278925573822 )
# 0.013000496117655358 hand disbalance. Left: 0.48699950388234464 %, Right: 0.5130004961176554 % ( 0.3806265435170327 )
# 0.7319461889614385 badly positioned shortcut keys (weighted).
# 8.535496456705904 no handswitching after unbalancing key (weighted).
# 27.57236605355192 movement pattern cost (weighted).
# 0.8498295515339607 asymmetric bigram cost (weighted).
# 4.473412011623815 irregularity cost (weighted).
# 17.655998965862903 manually assigned bigram penalty (weighted)
# 12.59802002022042 unbalancing key after neighboring finger (weighted)
# 0.8498295515339607 asymmetrc bigrams (weighted)
# 13.331265577539531 inconsistent symmetries of similar keys (weighted)
# 4.473412011623815 irregularity cost for randomly sampled words (weighted).
# Finger load %: 9.7 6.9 13.6 10.9 - 14.1 9.1 8.1 12.0
 
