
# Evolved Layout
ökyäü xhlpfzß
cteio mgrns⇘
uvjaq bd,.w
┌───┬───┬───┬───┬───┬───┬───┬───┬───┬───┬───┬───┬───┬──────┐
│ ^ │ 1 │ 2 │ 3 │ 4 │ 5 │ 6 │ 7 │ 8 │ 9 │ 0 │ - │ ` │ ←    │
├───┴─┬─┴─┬─┴─┬─┴─┬─┴─┬─┴─┬─┴─┬─┴─┬─┴─┬─┴─┬─┴─┬─┴─┬─┴─┬────┤
│   ⇥ │ ö │ k │ y │ ä │ ü │ x │ h │ l │ p │ f │ z │ ß │ Ret│
├─────┴┬──┴┬──┴┬──┴┬──┴┬──┴┬──┴┬──┴┬──┴┬──┴┬──┴┬──┴┬──┴┐   │
│    ⇩ │ c │ t │ e │ i │ o │ m │ g │ r │ n │ s │ ⇘ │ ´ │   │
├────┬─┴─┬─┴─┬─┴─┬─┴─┬─┴─┬─┴─┬─┴─┬─┴─┬─┴─┬─┴─┬─┴─┬─┴───┴───┤
│  ⇧ │ ⇚ │ u │ v │ j │ a │ q │ b │ d │ , │ . │ w │ ⇗       │
├────┼───┴┬──┴─┬─┴───┴───┴───┴───┴───┴─┬─┴──┬┴───┼────┬────┤
│Strg│ Fe │ Alt│      Leerzeichen      │ M4 │ Fe │ Me │Strg│
└────┴────┴────┴───────────────────────┴────┴────┴────┴────┘
# 9.41772533393546 x100 total penalty per letter
# 34.46634083429826 x10 billion total penalty compared to notime-noeffort
# 7.7020917398300766 mean key position cost in file 1gramme.txt ( 56.37516696 )
# 9.148150373113339 % finger repeats in file 2gramme.txt ( 44.16184501289333 )
# 12.838963274229346 million keystrokes disbalance of the fingers ( 19.258444911344018 )
# 0.4467218877451586 % finger repeats top to bottom or vice versa ( 8.98545150560805 )
# 2.1027566423581496 % of trigrams have no handswitching (after direction change counted x 1 ) ( 9.301154079941169 )
# 8.332726277432382 billion (rows²/dist)² to cross ( 108.32544160662096 )
# 0.0005660990329067195 hand disbalance. Left: 0.5005660990329067 %, Right: 0.4994339009670933 % ( 0.016574161188433172 )
# 0.7319461889614385 badly positioned shortcut keys (weighted).
# 8.827620694345812 no handswitching after unbalancing key (weighted).
# 26.497417461988075 movement pattern cost (weighted).
# 0.8696146253088578 asymmetric bigram cost (weighted).
# 18.347493281747955 irregularity cost (weighted).
# 22.167746119815366 manually assigned bigram penalty (weighted)
# 11.13804193047869 unbalancing key after neighboring finger (weighted)
# 0.8696146253088578 asymmetrc bigrams (weighted)
# 9.659449802740424 inconsistent symmetries of similar keys (weighted)
# 18.347493281747955 irregularity cost for randomly sampled words (weighted).
# Finger load %: 10.7 6.7 11.4 13.4 - 12.9 9.1 8.8 11.3
 
