
# Evolved Layout
zlfyß vdmuüäö
rntej bhsia⇘
cxkpq wg,.o
┌───┬───┬───┬───┬───┬───┬───┬───┬───┬───┬───┬───┬───┬──────┐
│ ^ │ 1 │ 2 │ 3 │ 4 │ 5 │ 6 │ 7 │ 8 │ 9 │ 0 │ - │ ` │ ←    │
├───┴─┬─┴─┬─┴─┬─┴─┬─┴─┬─┴─┬─┴─┬─┴─┬─┴─┬─┴─┬─┴─┬─┴─┬─┴─┬────┤
│   ⇥ │ z │ l │ f │ y │ ß │ v │ d │ m │ u │ ü │ ä │ ö │ Ret│
├─────┴┬──┴┬──┴┬──┴┬──┴┬──┴┬──┴┬──┴┬──┴┬──┴┬──┴┬──┴┬──┴┐   │
│    ⇩ │ r │ n │ t │ e │ j │ b │ h │ s │ i │ a │ ⇘ │ ´ │   │
├────┬─┴─┬─┴─┬─┴─┬─┴─┬─┴─┬─┴─┬─┴─┬─┴─┬─┴─┬─┴─┬─┴─┬─┴───┴───┤
│  ⇧ │ ⇚ │ c │ x │ k │ p │ q │ w │ g │ , │ . │ o │ ⇗       │
├────┼───┴┬──┴─┬─┴───┴───┴───┴───┴───┴─┬─┴──┬┴───┼────┬────┤
│Strg│ Fe │ Alt│      Leerzeichen      │ M4 │ Fe │ Me │Strg│
└────┴────┴────┴───────────────────────┴────┴────┴────┴────┘
# 9.61374827699331 x100 total penalty per letter
# 35.183732064899246 x10 billion total penalty compared to notime-noeffort
# 7.808610892707458 mean key position cost in file 1gramme.txt ( 57.15482984 )
# 10.072277521591511 % finger repeats in file 2gramme.txt ( 48.62298286467648 )
# 15.282909683748674 million keystrokes disbalance of the fingers ( 22.92436452562301 )
# 0.37909981317210256 % finger repeats top to bottom or vice versa ( 7.625287859157326 )
# 5.1777739965449845 % of trigrams have no handswitching (after direction change counted x 1 ) ( 22.90292312617268 )
# 8.177355272555998 billion (rows²/dist)² to cross ( 106.30561854322796 )
# 0.012303836877993524 hand disbalance. Left: 0.5123038368779935 %, Right: 0.48769616312200653 % ( 0.3602298604980226 )
# 0.36597309448071924 badly positioned shortcut keys (weighted).
# 6.976019517802969 no handswitching after unbalancing key (weighted).
# 27.426314253517752 movement pattern cost (weighted).
# 0.8793568222227203 asymmetric bigram cost (weighted).
# 5.868173936216712 irregularity cost (weighted).
# 21.109891370450665 manually assigned bigram penalty (weighted)
# 8.484916564142418 unbalancing key after neighboring finger (weighted)
# 0.8793568222227203 asymmetrc bigrams (weighted)
# 14.830438470802955 inconsistent symmetries of similar keys (weighted)
# 5.868173936216712 irregularity cost for randomly sampled words (weighted).
# Finger load %: 13.7 9.6 7.3 12.7 - 12.6 7.8 9.4 11.3
 

# Evolved Layout
öoäkü xvclfßj
haetm pinrs⇘
gzydq bu,.w
┌───┬───┬───┬───┬───┬───┬───┬───┬───┬───┬───┬───┬───┬──────┐
│ ^ │ 1 │ 2 │ 3 │ 4 │ 5 │ 6 │ 7 │ 8 │ 9 │ 0 │ - │ ` │ ←    │
├───┴─┬─┴─┬─┴─┬─┴─┬─┴─┬─┴─┬─┴─┬─┴─┬─┴─┬─┴─┬─┴─┬─┴─┬─┴─┬────┤
│   ⇥ │ ö │ o │ ä │ k │ ü │ x │ v │ c │ l │ f │ ß │ j │ Ret│
├─────┴┬──┴┬──┴┬──┴┬──┴┬──┴┬──┴┬──┴┬──┴┬──┴┬──┴┬──┴┬──┴┐   │
│    ⇩ │ h │ a │ e │ t │ m │ p │ i │ n │ r │ s │ ⇘ │ ´ │   │
├────┬─┴─┬─┴─┬─┴─┬─┴─┬─┴─┬─┴─┬─┴─┬─┴─┬─┴─┬─┴─┬─┴─┬─┴───┴───┤
│  ⇧ │ ⇚ │ g │ z │ y │ d │ q │ b │ u │ , │ . │ w │ ⇗       │
├────┼───┴┬──┴─┬─┴───┴───┴───┴───┴───┴─┬─┴──┬┴───┼────┬────┤
│Strg│ Fe │ Alt│      Leerzeichen      │ M4 │ Fe │ Me │Strg│
└────┴────┴────┴───────────────────────┴────┴────┴────┴────┘
# 9.528050429898284 x100 total penalty per letter
# 34.87010100198223 x10 billion total penalty compared to notime-noeffort
# 7.448893285087164 mean key position cost in file 1gramme.txt ( 54.52189052 )
# 10.13247138853397 % finger repeats in file 2gramme.txt ( 48.91356315842115 )
# 12.568236359763983 million keystrokes disbalance of the fingers ( 18.852354539645976 )
# 0.3724157100855306 % finger repeats top to bottom or vice versa ( 7.490842501115818 )
# 4.355598891673401 % of trigrams have no handswitching (after direction change counted x 1 ) ( 19.26618401092898 )
# 8.596984695248407 billion (rows²/dist)² to cross ( 111.76080103822929 )
# 0.004011641064579796 hand disbalance. Left: 0.4959883589354202 %, Right: 0.5040116410645799 % ( 0.11745221554801559 )
# 1.0979192834421578 badly positioned shortcut keys (weighted).
# 7.425582943854221 no handswitching after unbalancing key (weighted).
# 28.08803446013168 movement pattern cost (weighted).
# 0.8645877203360598 asymmetric bigram cost (weighted).
# 3.5563254935896826 irregularity cost (weighted).
# 21.131398170167664 manually assigned bigram penalty (weighted)
# 12.282808386871983 unbalancing key after neighboring finger (weighted)
# 0.8645877203360598 asymmetrc bigrams (weighted)
# 13.331265577539531 inconsistent symmetries of similar keys (weighted)
# 3.5563254935896826 irregularity cost for randomly sampled words (weighted).
# Finger load %: 10.9 8.0 11.5 11.5 - 12.2 9.8 9.3 11.3
 
