
# Evolved Layout
jäcfz qpluüvß
aensm gtrih⇘
oöxky bd,.w
┌───┬───┬───┬───┬───┬───┬───┬───┬───┬───┬───┬───┬───┬──────┐
│ ^ │ 1 │ 2 │ 3 │ 4 │ 5 │ 6 │ 7 │ 8 │ 9 │ 0 │ - │ ` │ ←    │
├───┴─┬─┴─┬─┴─┬─┴─┬─┴─┬─┴─┬─┴─┬─┴─┬─┴─┬─┴─┬─┴─┬─┴─┬─┴─┬────┤
│   ⇥ │ j │ ä │ c │ f │ z │ q │ p │ l │ u │ ü │ v │ ß │ Ret│
├─────┴┬──┴┬──┴┬──┴┬──┴┬──┴┬──┴┬──┴┬──┴┬──┴┬──┴┬──┴┬──┴┐   │
│    ⇩ │ a │ e │ n │ s │ m │ g │ t │ r │ i │ h │ ⇘ │ ´ │   │
├────┬─┴─┬─┴─┬─┴─┬─┴─┬─┴─┬─┴─┬─┴─┬─┴─┬─┴─┬─┴─┬─┴─┬─┴───┴───┤
│  ⇧ │ ⇚ │ o │ ö │ x │ k │ y │ b │ d │ , │ . │ w │ ⇗       │
├────┼───┴┬──┴─┬─┴───┴───┴───┴───┴───┴─┬─┴──┬┴───┼────┬────┤
│Strg│ Fe │ Alt│      Leerzeichen      │ M4 │ Fe │ Me │Strg│
└────┴────┴────┴───────────────────────┴────┴────┴────┴────┘
# 9.23493548140072 x100 total penalty per letter
# 33.79737915458013 x10 billion total penalty compared to notime-noeffort
# 7.386687499079036 mean key position cost in file 1gramme.txt ( 54.06657764 )
# 7.637673236539642 % finger repeats in file 2gramme.txt ( 36.87015713280167 )
# 13.273210932986178 million keystrokes disbalance of the fingers ( 19.90981639947927 )
# 0.34173173270807855 % finger repeats top to bottom or vice versa ( 6.873658973091432 )
# 4.119414583808855 % of trigrams have no handswitching (after direction change counted x 1 ) ( 18.221466522247646 )
# 8.430127384800336 billion (rows²/dist)² to cross ( 109.59165600240438 )
# 0.01125968892666307 hand disbalance. Left: 0.5112596889266631 %, Right: 0.4887403110733369 % ( 0.32965945595049373 )
# 0.7319461889614385 badly positioned shortcut keys (weighted).
# 7.841608444613832 no handswitching after unbalancing key (weighted).
# 34.889540607558935 movement pattern cost (weighted).
# 0.8855652412637811 asymmetric bigram cost (weighted).
# 5.5266203930443245 irregularity cost (weighted).
# 17.827354304789296 manually assigned bigram penalty (weighted)
# 12.560791865238311 unbalancing key after neighboring finger (weighted)
# 0.8855652412637811 asymmetrc bigrams (weighted)
# 11.847372374356489 inconsistent symmetries of similar keys (weighted)
# 5.5266203930443245 irregularity cost for randomly sampled words (weighted).
# Finger load %: 12.8 11.4 8.8 10.2 - 13.5 9.1 9.4 9.2
 

# Evolved Layout
öukoü pfwlzßj
citeq hdnrs⇘
vyxaä bg,.m
┌───┬───┬───┬───┬───┬───┬───┬───┬───┬───┬───┬───┬───┬──────┐
│ ^ │ 1 │ 2 │ 3 │ 4 │ 5 │ 6 │ 7 │ 8 │ 9 │ 0 │ - │ ` │ ←    │
├───┴─┬─┴─┬─┴─┬─┴─┬─┴─┬─┴─┬─┴─┬─┴─┬─┴─┬─┴─┬─┴─┬─┴─┬─┴─┬────┤
│   ⇥ │ ö │ u │ k │ o │ ü │ p │ f │ w │ l │ z │ ß │ j │ Ret│
├─────┴┬──┴┬──┴┬──┴┬──┴┬──┴┬──┴┬──┴┬──┴┬──┴┬──┴┬──┴┬──┴┐   │
│    ⇩ │ c │ i │ t │ e │ q │ h │ d │ n │ r │ s │ ⇘ │ ´ │   │
├────┬─┴─┬─┴─┬─┴─┬─┴─┬─┴─┬─┴─┬─┴─┬─┴─┬─┴─┬─┴─┬─┴─┬─┴───┴───┤
│  ⇧ │ ⇚ │ v │ y │ x │ a │ ä │ b │ g │ , │ . │ m │ ⇗       │
├────┼───┴┬──┴─┬─┴───┴───┴───┴───┴───┴─┬─┴──┬┴───┼────┬────┤
│Strg│ Fe │ Alt│      Leerzeichen      │ M4 │ Fe │ Me │Strg│
└────┴────┴────┴───────────────────────┴────┴────┴────┴────┘
# 9.28979556584085 x100 total penalty per letter
# 33.9981523032404 x10 billion total penalty compared to notime-noeffort
# 7.655225215326856 mean key position cost in file 1gramme.txt ( 56.03212922 )
# 11.34152098299126 % finger repeats in file 2gramme.txt ( 54.75013761616622 )
# 12.791733212549737 million keystrokes disbalance of the fingers ( 19.187599818824605 )
# 0.5150790511001673 % finger repeats top to bottom or vice versa ( 10.360400871728553 )
# 2.2144635164425983 % of trigrams have no handswitching (after direction change counted x 1 ) ( 9.795268722938015 )
# 8.186700668035014 billion (rows²/dist)² to cross ( 106.42710868445519 )
# 0.0014516832890876241 hand disbalance. Left: 0.5014516832890876 %, Right: 0.4985483167109123 % ( 0.042502162041067715 )
# 0.36597309448071924 badly positioned shortcut keys (weighted).
# 10.03032698094199 no handswitching after unbalancing key (weighted).
# 25.832915012477155 movement pattern cost (weighted).
# 0.8855276589809457 asymmetric bigram cost (weighted).
# 3.1659256432357785 irregularity cost (weighted).
# 19.177604723200496 manually assigned bigram penalty (weighted)
# 10.529684334799185 unbalancing key after neighboring finger (weighted)
# 0.8855276589809457 asymmetrc bigrams (weighted)
# 13.398418488134087 inconsistent symmetries of similar keys (weighted)
# 3.1659256432357785 irregularity cost for randomly sampled words (weighted).
# Finger load %: 9.0 8.6 6.0 18.7 - 13.2 8.8 9.3 10.8
 
