
# Evolved Layout
öoyxj vwmdgzß
iaerc bnsth⇘
uüälq pf,.k
┌───┬───┬───┬───┬───┬───┬───┬───┬───┬───┬───┬───┬───┬──────┐
│ ^ │ 1 │ 2 │ 3 │ 4 │ 5 │ 6 │ 7 │ 8 │ 9 │ 0 │ - │ ` │ ←    │
├───┴─┬─┴─┬─┴─┬─┴─┬─┴─┬─┴─┬─┴─┬─┴─┬─┴─┬─┴─┬─┴─┬─┴─┬─┴─┬────┤
│   ⇥ │ ö │ o │ y │ x │ j │ v │ w │ m │ d │ g │ z │ ß │ Ret│
├─────┴┬──┴┬──┴┬──┴┬──┴┬──┴┬──┴┬──┴┬──┴┬──┴┬──┴┬──┴┬──┴┐   │
│    ⇩ │ i │ a │ e │ r │ c │ b │ n │ s │ t │ h │ ⇘ │ ´ │   │
├────┬─┴─┬─┴─┬─┴─┬─┴─┬─┴─┬─┴─┬─┴─┬─┴─┬─┴─┬─┴─┬─┴─┬─┴───┴───┤
│  ⇧ │ ⇚ │ u │ ü │ ä │ l │ q │ p │ f │ , │ . │ k │ ⇗       │
├────┼───┴┬──┴─┬─┴───┴───┴───┴───┴───┴─┬─┴──┬┴───┼────┬────┤
│Strg│ Fe │ Alt│      Leerzeichen      │ M4 │ Fe │ Me │Strg│
└────┴────┴────┴───────────────────────┴────┴────┴────┴────┘
# 8.6505839181931 x100 total penalty per letter
# 31.658809656062736 x10 billion total penalty compared to notime-noeffort
# 7.536138146749207 mean key position cost in file 1gramme.txt ( 55.16047596 )
# 8.42692455892085 % finger repeats in file 2gramme.txt ( 40.68019447954875 )
# 14.903445954339775 million keystrokes disbalance of the fingers ( 22.355168931509663 )
# 0.30104514725456855 % finger repeats top to bottom or vice versa ( 6.055281027997664 )
# 2.7181027966548594 % of trigrams have no handswitching (after direction change counted x 1 ) ( 12.023023685923901 )
# 7.96005193777856 billion (rows²/dist)² to cross ( 103.48067519112128 )
# 0.02034347018981264 hand disbalance. Left: 0.5203434701898126 %, Right: 0.4796565298101874 % ( 0.5956130190273599 )
# 1.0979192834421578 badly positioned shortcut keys (weighted).
# 8.13913680952784 no handswitching after unbalancing key (weighted).
# 27.246767923963997 movement pattern cost (weighted).
# 0.8779953469570831 asymmetric bigram cost (weighted).
# 2.3798378327458294 irregularity cost (weighted).
# 19.58839770213595 manually assigned bigram penalty (weighted)
# 11.33593786376414 unbalancing key after neighboring finger (weighted)
# 0.8779953469570831 asymmetrc bigrams (weighted)
# 5.571671502961733 inconsistent symmetries of similar keys (weighted)
# 2.3798378327458294 irregularity cost for randomly sampled words (weighted).
# Finger load %: 14.2 7.7 11.5 10.6 - 13.0 7.8 9.5 10.2
 
