
# Evolved Layout
ßhlkq öpoaäxj
runsm fteic⇘
yvügz wd,.b
┌───┬───┬───┬───┬───┬───┬───┬───┬───┬───┬───┬───┬───┬──────┐
│ ^ │ 1 │ 2 │ 3 │ 4 │ 5 │ 6 │ 7 │ 8 │ 9 │ 0 │ - │ ` │ ←    │
├───┴─┬─┴─┬─┴─┬─┴─┬─┴─┬─┴─┬─┴─┬─┴─┬─┴─┬─┴─┬─┴─┬─┴─┬─┴─┬────┤
│   ⇥ │ ß │ h │ l │ k │ q │ ö │ p │ o │ a │ ä │ x │ j │ Ret│
├─────┴┬──┴┬──┴┬──┴┬──┴┬──┴┬──┴┬──┴┬──┴┬──┴┬──┴┬──┴┬──┴┐   │
│    ⇩ │ r │ u │ n │ s │ m │ f │ t │ e │ i │ c │ ⇘ │ ´ │   │
├────┬─┴─┬─┴─┬─┴─┬─┴─┬─┴─┬─┴─┬─┴─┬─┴─┬─┴─┬─┴─┬─┴─┬─┴───┴───┤
│  ⇧ │ ⇚ │ y │ v │ ü │ g │ z │ w │ d │ , │ . │ b │ ⇗       │
├────┼───┴┬──┴─┬─┴───┴───┴───┴───┴───┴─┬─┴──┬┴───┼────┬────┤
│Strg│ Fe │ Alt│      Leerzeichen      │ M4 │ Fe │ Me │Strg│
└────┴────┴────┴───────────────────────┴────┴────┴────┴────┘
# 9.632005931145365 x100 total penalty per letter
# 35.25055016677911 x10 billion total penalty compared to notime-noeffort
# 7.421840829184503 mean key position cost in file 1gramme.txt ( 54.3238811 )
# 11.70373595403444 % finger repeats in file 2gramme.txt ( 56.49869669752671 )
# 11.544090158076672 million keystrokes disbalance of the fingers ( 17.31613523711501 )
# 0.3576124342043072 % finger repeats top to bottom or vice versa ( 7.1930865119784535 )
# 3.7314987977093517 % of trigrams have no handswitching (after direction change counted x 1 ) ( 16.505592976126447 )
# 7.913832608483846 billion (rows²/dist)² to cross ( 102.87982391029 )
# 0.053433821295388595 hand disbalance. Left: 0.4465661787046114 %, Right: 0.5534338212953885 % ( 1.5644272743522496 )
# 1.0979192834421578 badly positioned shortcut keys (weighted).
# 7.499490097082716 no handswitching after unbalancing key (weighted).
# 35.74696924239179 movement pattern cost (weighted).
# 0.8734418319579663 asymmetric bigram cost (weighted).
# 12.175218400828353 irregularity cost (weighted).
# 16.735838411200433 manually assigned bigram penalty (weighted)
# 11.686038441474157 unbalancing key after neighboring finger (weighted)
# 0.8734418319579663 asymmetrc bigrams (weighted)
# 10.408942252024653 inconsistent symmetries of similar keys (weighted)
# 12.175218400828353 irregularity cost for randomly sampled words (weighted).
# Finger load %: 11.1 6.6 9.6 10.4 - 12.7 14.7 11.3 8.0
 
