
# Evolved Layout
ßlcky öpouüjx
hrnsm fteia⇘
bqzgv wd,.ä
┌───┬───┬───┬───┬───┬───┬───┬───┬───┬───┬───┬───┬───┬──────┐
│ ^ │ 1 │ 2 │ 3 │ 4 │ 5 │ 6 │ 7 │ 8 │ 9 │ 0 │ - │ ` │ ←    │
├───┴─┬─┴─┬─┴─┬─┴─┬─┴─┬─┴─┬─┴─┬─┴─┬─┴─┬─┴─┬─┴─┬─┴─┬─┴─┬────┤
│   ⇥ │ ß │ l │ c │ k │ y │ ö │ p │ o │ u │ ü │ j │ x │ Ret│
├─────┴┬──┴┬──┴┬──┴┬──┴┬──┴┬──┴┬──┴┬──┴┬──┴┬──┴┬──┴┬──┴┐   │
│    ⇩ │ h │ r │ n │ s │ m │ f │ t │ e │ i │ a │ ⇘ │ ´ │   │
├────┬─┴─┬─┴─┬─┴─┬─┴─┬─┴─┬─┴─┬─┴─┬─┴─┬─┴─┬─┴─┬─┴─┬─┴───┴───┤
│  ⇧ │ ⇚ │ b │ q │ z │ g │ v │ w │ d │ , │ . │ ä │ ⇗       │
├────┼───┴┬──┴─┬─┴───┴───┴───┴───┴───┴─┬─┴──┬┴───┼────┬────┤
│Strg│ Fe │ Alt│      Leerzeichen      │ M4 │ Fe │ Me │Strg│
└────┴────┴────┴───────────────────────┴────┴────┴────┴────┘
# 9.322631022567279 x100 total penalty per letter
# 34.118321240308994 x10 billion total penalty compared to notime-noeffort
# 7.2485229624981535 mean key position cost in file 1gramme.txt ( 53.05528758 )
# 10.272426078135004 % finger repeats in file 2gramme.txt ( 49.58918140461368 )
# 11.149608531183024 million keystrokes disbalance of the fingers ( 16.724412796774534 )
# 0.2945305657419929 % finger repeats top to bottom or vice versa ( 5.92424546008304 )
# 3.2782443357109283 % of trigrams have no handswitching (after direction change counted x 1 ) ( 14.500705913332363 )
# 8.117128389393201 billion (rows²/dist)² to cross ( 105.52266906211162 )
# 0.04720879052946847 hand disbalance. Left: 0.45279120947053153 %, Right: 0.5472087905294685 % ( 1.382171772540932 )
# 0.7319461889614385 badly positioned shortcut keys (weighted).
# 9.385596572616695 no handswitching after unbalancing key (weighted).
# 28.24780256889331 movement pattern cost (weighted).
# 0.8699954767556161 asymmetric bigram cost (weighted).
# 13.270633645431884 irregularity cost (weighted).
# 17.019000686465034 manually assigned bigram penalty (weighted)
# 11.34664099317981 unbalancing key after neighboring finger (weighted)
# 0.8699954767556161 asymmetrc bigrams (weighted)
# 13.61292228133 inconsistent symmetries of similar keys (weighted)
# 13.270633645431884 irregularity cost for randomly sampled words (weighted).
# Finger load %: 10.0 8.1 9.3 10.8 - 12.7 14.7 9.4 9.3
 
