
# Evolved Layout
ödkpq äüilxßj
ctsmf uearh⇘
gbwnv yo,.z
┌───┬───┬───┬───┬───┬───┬───┬───┬───┬───┬───┬───┬───┬──────┐
│ ^ │ 1 │ 2 │ 3 │ 4 │ 5 │ 6 │ 7 │ 8 │ 9 │ 0 │ - │ ` │ ←    │
├───┴─┬─┴─┬─┴─┬─┴─┬─┴─┬─┴─┬─┴─┬─┴─┬─┴─┬─┴─┬─┴─┬─┴─┬─┴─┬────┤
│   ⇥ │ ö │ d │ k │ p │ q │ ä │ ü │ i │ l │ x │ ß │ j │ Ret│
├─────┴┬──┴┬──┴┬──┴┬──┴┬──┴┬──┴┬──┴┬──┴┬──┴┬──┴┬──┴┬──┴┐   │
│    ⇩ │ c │ t │ s │ m │ f │ u │ e │ a │ r │ h │ ⇘ │ ´ │   │
├────┬─┴─┬─┴─┬─┴─┬─┴─┬─┴─┬─┴─┬─┴─┬─┴─┬─┴─┬─┴─┬─┴─┬─┴───┴───┤
│  ⇧ │ ⇚ │ g │ b │ w │ n │ v │ y │ o │ , │ . │ z │ ⇗       │
├────┼───┴┬──┴─┬─┴───┴───┴───┴───┴───┴─┬─┴──┬┴───┼────┬────┤
│Strg│ Fe │ Alt│      Leerzeichen      │ M4 │ Fe │ Me │Strg│
└────┴────┴────┴───────────────────────┴────┴────┴────┴────┘
# 9.801419498246968 x100 total penalty per letter
# 35.87055824077102 x10 billion total penalty compared to notime-noeffort
# 7.935752938671308 mean key position cost in file 1gramme.txt ( 58.0854412 )
# 12.481041400231927 % finger repeats in file 2gramme.txt ( 60.25106643814005 )
# 11.221726907011742 million keystrokes disbalance of the fingers ( 16.832590360517614 )
# 0.36030237653814745 % finger repeats top to bottom or vice versa ( 7.24719253869589 )
# 3.507216075208309 % of trigrams have no handswitching (after direction change counted x 1 ) ( 15.51351994331394 )
# 9.191652831780424 billion (rows²/dist)² to cross ( 119.49148681314551 )
# 0.057190667832177966 hand disbalance. Left: 0.44280933216782203 %, Right: 0.557190667832178 % ( 1.674419654556888 )
# 1.0979192834421578 badly positioned shortcut keys (weighted).
# 8.096718623727595 no handswitching after unbalancing key (weighted).
# 26.17183612124951 movement pattern cost (weighted).
# 0.8671069900418161 asymmetric bigram cost (weighted).
# 6.675188725741695 irregularity cost (weighted).
# 15.457172452840439 manually assigned bigram penalty (weighted)
# 9.782142027454332 unbalancing key after neighboring finger (weighted)
# 0.8671069900418161 asymmetrc bigrams (weighted)
# 11.461781234842698 inconsistent symmetries of similar keys (weighted)
# 6.675188725741695 irregularity cost for randomly sampled words (weighted).
# Finger load %: 9.2 9.7 6.8 11.6 - 18.0 11.1 9.3 8.7
 
