
# Evolved Layout
jwüvq äöldgzß
mneub xirts⇘
cfyhp oa,.k
┌───┬───┬───┬───┬───┬───┬───┬───┬───┬───┬───┬───┬───┬──────┐
│ ^ │ 1 │ 2 │ 3 │ 4 │ 5 │ 6 │ 7 │ 8 │ 9 │ 0 │ - │ ` │ ←    │
├───┴─┬─┴─┬─┴─┬─┴─┬─┴─┬─┴─┬─┴─┬─┴─┬─┴─┬─┴─┬─┴─┬─┴─┬─┴─┬────┤
│   ⇥ │ j │ w │ ü │ v │ q │ ä │ ö │ l │ d │ g │ z │ ß │ Ret│
├─────┴┬──┴┬──┴┬──┴┬──┴┬──┴┬──┴┬──┴┬──┴┬──┴┬──┴┬──┴┬──┴┐   │
│    ⇩ │ m │ n │ e │ u │ b │ x │ i │ r │ t │ s │ ⇘ │ ´ │   │
├────┬─┴─┬─┴─┬─┴─┬─┴─┬─┴─┬─┴─┬─┴─┬─┴─┬─┴─┬─┴─┬─┴─┬─┴───┴───┤
│  ⇧ │ ⇚ │ c │ f │ y │ h │ p │ o │ a │ , │ . │ k │ ⇗       │
├────┼───┴┬──┴─┬─┴───┴───┴───┴───┴───┴─┬─┴──┬┴───┼────┬────┤
│Strg│ Fe │ Alt│      Leerzeichen      │ M4 │ Fe │ Me │Strg│
└────┴────┴────┴───────────────────────┴────┴────┴────┴────┘
# 9.655076747739788 x100 total penalty per letter
# 35.3349831481917 x10 billion total penalty compared to notime-noeffort
# 7.981333928781166 mean key position cost in file 1gramme.txt ( 58.41906952 )
# 9.406594461024113 % finger repeats in file 2gramme.txt ( 45.40945980815932 )
# 12.933418146612821 million keystrokes disbalance of the fingers ( 19.40012721991923 )
# 0.3265450364855482 % finger repeats top to bottom or vice versa ( 6.568190792146169 )
# 4.680397548304565 % of trigrams have no handswitching (after direction change counted x 1 ) ( 20.702870639057487 )
# 8.532171585922876 billion (rows²/dist)² to cross ( 110.91823061699739 )
# 0.03217070616534118 hand disbalance. Left: 0.4678292938346588 %, Right: 0.5321707061653411 % ( 0.9418890309567892 )
# 0.7319461889614385 badly positioned shortcut keys (weighted).
# 8.681494635866503 no handswitching after unbalancing key (weighted).
# 36.65632991926838 movement pattern cost (weighted).
# 0.8749080953636366 asymmetric bigram cost (weighted).
# 2.0217013200707665 irregularity cost (weighted).
# 21.300573576920627 manually assigned bigram penalty (weighted)
# 15.536959754781224 unbalancing key after neighboring finger (weighted)
# 0.8749080953636366 asymmetrc bigrams (weighted)
# 5.186080363447943 inconsistent symmetries of similar keys (weighted)
# 2.0217013200707665 irregularity cost for randomly sampled words (weighted).
# Finger load %: 9.8 9.2 11.5 9.0 - 14.1 9.1 9.5 12.2
 
