
# Evolved Layout
jwbzö äüidkqß
ctnrm yeuhs⇘
gvplx oa,.f
┌───┬───┬───┬───┬───┬───┬───┬───┬───┬───┬───┬───┬───┬──────┐
│ ^ │ 1 │ 2 │ 3 │ 4 │ 5 │ 6 │ 7 │ 8 │ 9 │ 0 │ - │ ` │ ←    │
├───┴─┬─┴─┬─┴─┬─┴─┬─┴─┬─┴─┬─┴─┬─┴─┬─┴─┬─┴─┬─┴─┬─┴─┬─┴─┬────┤
│   ⇥ │ j │ w │ b │ z │ ö │ ä │ ü │ i │ d │ k │ q │ ß │ Ret│
├─────┴┬──┴┬──┴┬──┴┬──┴┬──┴┬──┴┬──┴┬──┴┬──┴┬──┴┬──┴┬──┴┐   │
│    ⇩ │ c │ t │ n │ r │ m │ y │ e │ u │ h │ s │ ⇘ │ ´ │   │
├────┬─┴─┬─┴─┬─┴─┬─┴─┬─┴─┬─┴─┬─┴─┬─┴─┬─┴─┬─┴─┬─┴─┬─┴───┴───┤
│  ⇧ │ ⇚ │ g │ v │ p │ l │ x │ o │ a │ , │ . │ f │ ⇗       │
├────┼───┴┬──┴─┬─┴───┴───┴───┴───┴───┴─┬─┴──┬┴───┼────┬────┤
│Strg│ Fe │ Alt│      Leerzeichen      │ M4 │ Fe │ Me │Strg│
└────┴────┴────┴───────────────────────┴────┴────┴────┴────┘
# 9.154607092859608 x100 total penalty per letter
# 33.503398865289725 x10 billion total penalty compared to notime-noeffort
# 7.6298062756826734 mean key position cost in file 1gramme.txt ( 55.84607626 )
# 11.145155179442794 % finger repeats in file 2gramme.txt ( 53.80219996446053 )
# 13.318728555326482 million keystrokes disbalance of the fingers ( 19.978092832989724 )
# 0.36508548896666915 % finger repeats top to bottom or vice versa ( 7.343400998481211 )
# 2.93827758590448 % of trigrams have no handswitching (after direction change counted x 1 ) ( 12.996926037758913 )
# 8.398604495053407 billion (rows²/dist)² to cross ( 109.1818584356943 )
# 0.06877684184800076 hand disbalance. Left: 0.43122315815199924 %, Right: 0.5687768418480008 % ( 2.0136378911779094 )
# 0.36597309448071924 badly positioned shortcut keys (weighted).
# 7.999760105422333 no handswitching after unbalancing key (weighted).
# 21.997092058722263 movement pattern cost (weighted).
# 0.8697711592404841 asymmetric bigram cost (weighted).
# 2.3095216707061437 irregularity cost (weighted).
# 19.282474427276334 manually assigned bigram penalty (weighted)
# 8.918174638339462 unbalancing key after neighboring finger (weighted)
# 0.8697711592404841 asymmetrc bigrams (weighted)
# 12.129029078146957 inconsistent symmetries of similar keys (weighted)
# 2.3095216707061437 irregularity cost for randomly sampled words (weighted).
# Finger load %: 9.8 6.9 8.8 10.8 - 19.9 9.2 7.9 11.1
 
