
# Evolved Layout
äulbö vwmyzßj
airnp gdseh⇘
oüxcq ft,.k
┌───┬───┬───┬───┬───┬───┬───┬───┬───┬───┬───┬───┬───┬──────┐
│ ^ │ 1 │ 2 │ 3 │ 4 │ 5 │ 6 │ 7 │ 8 │ 9 │ 0 │ - │ ` │ ←    │
├───┴─┬─┴─┬─┴─┬─┴─┬─┴─┬─┴─┬─┴─┬─┴─┬─┴─┬─┴─┬─┴─┬─┴─┬─┴─┬────┤
│   ⇥ │ ä │ u │ l │ b │ ö │ v │ w │ m │ y │ z │ ß │ j │ Ret│
├─────┴┬──┴┬──┴┬──┴┬──┴┬──┴┬──┴┬──┴┬──┴┬──┴┬──┴┬──┴┬──┴┐   │
│    ⇩ │ a │ i │ r │ n │ p │ g │ d │ s │ e │ h │ ⇘ │ ´ │   │
├────┬─┴─┬─┴─┬─┴─┬─┴─┬─┴─┬─┴─┬─┴─┬─┴─┬─┴─┬─┴─┬─┴─┬─┴───┴───┤
│  ⇧ │ ⇚ │ o │ ü │ x │ c │ q │ f │ t │ , │ . │ k │ ⇗       │
├────┼───┴┬──┴─┬─┴───┴───┴───┴───┴───┴─┬─┴──┬┴───┼────┬────┤
│Strg│ Fe │ Alt│      Leerzeichen      │ M4 │ Fe │ Me │Strg│
└────┴────┴────┴───────────────────────┴────┴────┴────┴────┘
# 9.343671059150278 x100 total penalty per letter
# 34.19532211327167 x10 billion total penalty compared to notime-noeffort
# 7.480445017097366 mean key position cost in file 1gramme.txt ( 54.75283222 )
# 8.733525355573486 % finger repeats in file 2gramme.txt ( 42.16028130697978 )
# 13.826187486897544 million keystrokes disbalance of the fingers ( 20.739281230346315 )
# 0.39507924527977684 % finger repeats top to bottom or vice versa ( 7.946701284891624 )
# 4.788233110957039 % of trigrams have no handswitching (after direction change counted x 1 ) ( 21.179861253816885 )
# 8.14212899874209 billion (rows²/dist)² to cross ( 105.84767698364718 )
# 0.012146593845281772 hand disbalance. Left: 0.4878534061547182 %, Right: 0.5121465938452818 % ( 0.35562612295665835 )
# 1.0979192834421578 badly positioned shortcut keys (weighted).
# 7.553072535284514 no handswitching after unbalancing key (weighted).
# 33.77692251107281 movement pattern cost (weighted).
# 0.8703846639554417 asymmetric bigram cost (weighted).
# 4.437126975971793 irregularity cost (weighted).
# 18.525582331356457 manually assigned bigram penalty (weighted)
# 10.832208669172834 unbalancing key after neighboring finger (weighted)
# 0.8703846639554417 asymmetrc bigrams (weighted)
# 11.877743759822282 inconsistent symmetries of similar keys (weighted)
# 4.437126975971793 irregularity cost for randomly sampled words (weighted).
# Finger load %: 13.2 8.5 8.0 11.4 - 14.3 7.8 12.6 8.6
 

# Evolved Layout
öäfpq xgluüjß
aesnb mdrit⇘
oykcz wh,.v
┌───┬───┬───┬───┬───┬───┬───┬───┬───┬───┬───┬───┬───┬──────┐
│ ^ │ 1 │ 2 │ 3 │ 4 │ 5 │ 6 │ 7 │ 8 │ 9 │ 0 │ - │ ` │ ←    │
├───┴─┬─┴─┬─┴─┬─┴─┬─┴─┬─┴─┬─┴─┬─┴─┬─┴─┬─┴─┬─┴─┬─┴─┬─┴─┬────┤
│   ⇥ │ ö │ ä │ f │ p │ q │ x │ g │ l │ u │ ü │ j │ ß │ Ret│
├─────┴┬──┴┬──┴┬──┴┬──┴┬──┴┬──┴┬──┴┬──┴┬──┴┬──┴┬──┴┬──┴┐   │
│    ⇩ │ a │ e │ s │ n │ b │ m │ d │ r │ i │ t │ ⇘ │ ´ │   │
├────┬─┴─┬─┴─┬─┴─┬─┴─┬─┴─┬─┴─┬─┴─┬─┴─┬─┴─┬─┴─┬─┴─┬─┴───┴───┤
│  ⇧ │ ⇚ │ o │ y │ k │ c │ z │ w │ h │ , │ . │ v │ ⇗       │
├────┼───┴┬──┴─┬─┴───┴───┴───┴───┴───┴─┬─┴──┬┴───┼────┬────┤
│Strg│ Fe │ Alt│      Leerzeichen      │ M4 │ Fe │ Me │Strg│
└────┴────┴────┴───────────────────────┴────┴────┴────┴────┘
# 9.284676656695733 x100 total penalty per letter
# 33.979418473038365 x10 billion total penalty compared to notime-noeffort
# 7.551222343055585 mean key position cost in file 1gramme.txt ( 55.27088416 )
# 7.204992794909764 % finger repeats in file 2gramme.txt ( 34.78143254651506 )
# 13.667350643527412 million keystrokes disbalance of the fingers ( 20.501025965291113 )
# 0.4074852610231077 % finger repeats top to bottom or vice versa ( 8.196238314299734 )
# 4.2213049194216135 % of trigrams have no handswitching (after direction change counted x 1 ) ( 18.672159527658092 )
# 8.231499779741913 billion (rows²/dist)² to cross ( 107.00949713664487 )
# 0.012445333232981914 hand disbalance. Left: 0.5124453332329819 %, Right: 0.48755466676701814 % ( 0.36437256920945005 )
# 1.463892377922877 badly positioned shortcut keys (weighted).
# 7.333130470305952 no handswitching after unbalancing key (weighted).
# 34.91433854688574 movement pattern cost (weighted).
# 0.8688855650097169 asymmetric bigram cost (weighted).
# 5.854568272308152 irregularity cost (weighted).
# 19.009835532165955 manually assigned bigram penalty (weighted)
# 11.072294889749047 unbalancing key after neighboring finger (weighted)
# 0.8688855650097169 asymmetrc bigrams (weighted)
# 14.481628856417931 inconsistent symmetries of similar keys (weighted)
# 5.854568272308152 irregularity cost for randomly sampled words (weighted).
# Finger load %: 12.7 11.7 7.1 11.9 - 12.6 9.1 9.4 10.0
 
