
# Evolved Layout
üupzj öfäowxß
hinrl mseat⇘
kyvcq bg,.d
┌───┬───┬───┬───┬───┬───┬───┬───┬───┬───┬───┬───┬───┬──────┐
│ ^ │ 1 │ 2 │ 3 │ 4 │ 5 │ 6 │ 7 │ 8 │ 9 │ 0 │ - │ ` │ ←    │
├───┴─┬─┴─┬─┴─┬─┴─┬─┴─┬─┴─┬─┴─┬─┴─┬─┴─┬─┴─┬─┴─┬─┴─┬─┴─┬────┤
│   ⇥ │ ü │ u │ p │ z │ j │ ö │ f │ ä │ o │ w │ x │ ß │ Ret│
├─────┴┬──┴┬──┴┬──┴┬──┴┬──┴┬──┴┬──┴┬──┴┬──┴┬──┴┬──┴┬──┴┐   │
│    ⇩ │ h │ i │ n │ r │ l │ m │ s │ e │ a │ t │ ⇘ │ ´ │   │
├────┬─┴─┬─┴─┬─┴─┬─┴─┬─┴─┬─┴─┬─┴─┬─┴─┬─┴─┬─┴─┬─┴─┬─┴───┴───┤
│  ⇧ │ ⇚ │ k │ y │ v │ c │ q │ b │ g │ , │ . │ d │ ⇗       │
├────┼───┴┬──┴─┬─┴───┴───┴───┴───┴───┴─┬─┴──┬┴───┼────┬────┤
│Strg│ Fe │ Alt│      Leerzeichen      │ M4 │ Fe │ Me │Strg│
└────┴────┴────┴───────────────────────┴────┴────┴────┴────┘
# 9.633520747788051 x100 total penalty per letter
# 35.25609398812206 x10 billion total penalty compared to notime-noeffort
# 7.523035576991165 mean key position cost in file 1gramme.txt ( 55.0645722 )
# 8.541397605511307 % finger repeats in file 2gramme.txt ( 41.232802464277476 )
# 13.821841509728717 million keystrokes disbalance of the fingers ( 20.732762264593074 )
# 0.4225746447498156 % finger repeats top to bottom or vice versa ( 8.49974913265299 )
# 5.28075733013269 % of trigrams have no handswitching (after direction change counted x 1 ) ( 23.358450805443745 )
# 8.068736945902012 billion (rows²/dist)² to cross ( 104.89358029672616 )
# 0.04780212886088808 hand disbalance. Left: 0.4521978711391119 %, Right: 0.5478021288608881 % ( 1.3995434417588248 )
# 0.7319461889614385 badly positioned shortcut keys (weighted).
# 7.4958232601437915 no handswitching after unbalancing key (weighted).
# 36.85837707105717 movement pattern cost (weighted).
# 0.8780032254845472 asymmetric bigram cost (weighted).
# 3.8987895464542737 irregularity cost (weighted).
# 19.14677020118817 manually assigned bigram penalty (weighted)
# 14.585760154830965 unbalancing key after neighboring finger (weighted)
# 0.8780032254845472 asymmetrc bigrams (weighted)
# 13.784009627647878 inconsistent symmetries of similar keys (weighted)
# 3.8987895464542737 irregularity cost for randomly sampled words (weighted).
# Finger load %: 10.4 8.6 8.1 11.1 - 12.4 12.3 8.6 13.0
 
