
# Evolved Layout
jgdzq ybouvßx
actnl wseih⇘
äpkrö fm,.ü
┌───┬───┬───┬───┬───┬───┬───┬───┬───┬───┬───┬───┬───┬──────┐
│ ^ │ 1 │ 2 │ 3 │ 4 │ 5 │ 6 │ 7 │ 8 │ 9 │ 0 │ - │ ` │ ←    │
├───┴─┬─┴─┬─┴─┬─┴─┬─┴─┬─┴─┬─┴─┬─┴─┬─┴─┬─┴─┬─┴─┬─┴─┬─┴─┬────┤
│   ⇥ │ j │ g │ d │ z │ q │ y │ b │ o │ u │ v │ ß │ x │ Ret│
├─────┴┬──┴┬──┴┬──┴┬──┴┬──┴┬──┴┬──┴┬──┴┬──┴┬──┴┬──┴┬──┴┐   │
│    ⇩ │ a │ c │ t │ n │ l │ w │ s │ e │ i │ h │ ⇘ │ ´ │   │
├────┬─┴─┬─┴─┬─┴─┬─┴─┬─┴─┬─┴─┬─┴─┬─┴─┬─┴─┬─┴─┬─┴─┬─┴───┴───┤
│  ⇧ │ ⇚ │ ä │ p │ k │ r │ ö │ f │ m │ , │ . │ ü │ ⇗       │
├────┼───┴┬──┴─┬─┴───┴───┴───┴───┴───┴─┬─┴──┬┴───┼────┬────┤
│Strg│ Fe │ Alt│      Leerzeichen      │ M4 │ Fe │ Me │Strg│
└────┴────┴────┴───────────────────────┴────┴────┴────┴────┘
# 9.848544826909226 x100 total penalty per letter
# 36.04302426436049 x10 billion total penalty compared to notime-noeffort
# 7.34653183949195 mean key position cost in file 1gramme.txt ( 53.77265982 )
# 12.371978737211183 % finger repeats in file 2gramme.txt ( 59.72457657684841 )
# 11.469794938148583 million keystrokes disbalance of the fingers ( 17.204692407222872 )
# 0.44265491536384693 % finger repeats top to bottom or vice versa ( 8.903647626932266 )
# 4.550069636858204 % of trigrams have no handswitching (after direction change counted x 1 ) ( 20.126389290307543 )
# 8.592282398517312 billion (rows²/dist)² to cross ( 111.69967118072506 )
# 0.02442853043846105 hand disbalance. Left: 0.47557146956153895 %, Right: 0.524428530438461 % ( 0.7152147902544025 )
# 0.7319461889614385 badly positioned shortcut keys (weighted).
# 7.733554712862824 no handswitching after unbalancing key (weighted).
# 29.894624262075244 movement pattern cost (weighted).
# 0.8879682037350073 asymmetric bigram cost (weighted).
# 7.186096477951612 irregularity cost (weighted).
# 15.468858633606331 manually assigned bigram penalty (weighted)
# 13.434668034096196 unbalancing key after neighboring finger (weighted)
# 0.8879682037350073 asymmetrc bigrams (weighted)
# 12.945674438025742 inconsistent symmetries of similar keys (weighted)
# 7.186096477951612 irregularity cost for randomly sampled words (weighted).
# Finger load %: 10.4 5.4 9.1 15.3 - 11.9 14.7 9.4 8.3
 
