
# Evolved Layout
ßlckz qfouüjö
rnthg mseia⇘
yxpdv wb,.ä
┌───┬───┬───┬───┬───┬───┬───┬───┬───┬───┬───┬───┬───┬──────┐
│ ^ │ 1 │ 2 │ 3 │ 4 │ 5 │ 6 │ 7 │ 8 │ 9 │ 0 │ - │ ` │ ←    │
├───┴─┬─┴─┬─┴─┬─┴─┬─┴─┬─┴─┬─┴─┬─┴─┬─┴─┬─┴─┬─┴─┬─┴─┬─┴─┬────┤
│   ⇥ │ ß │ l │ c │ k │ z │ q │ f │ o │ u │ ü │ j │ ö │ Ret│
├─────┴┬──┴┬──┴┬──┴┬──┴┬──┴┬──┴┬──┴┬──┴┬──┴┬──┴┬──┴┬──┴┐   │
│    ⇩ │ r │ n │ t │ h │ g │ m │ s │ e │ i │ a │ ⇘ │ ´ │   │
├────┬─┴─┬─┴─┬─┴─┬─┴─┬─┴─┬─┴─┬─┴─┬─┴─┬─┴─┬─┴─┬─┴─┬─┴───┴───┤
│  ⇧ │ ⇚ │ y │ x │ p │ d │ v │ w │ b │ , │ . │ ä │ ⇗       │
├────┼───┴┬──┴─┬─┴───┴───┴───┴───┴───┴─┬─┴──┬┴───┼────┬────┤
│Strg│ Fe │ Alt│      Leerzeichen      │ M4 │ Fe │ Me │Strg│
└────┴────┴────┴───────────────────────┴────┴────┴────┴────┘
# 9.338309920494696 x100 total penalty per letter
# 34.175701788234434 x10 billion total penalty compared to notime-noeffort
# 7.263066550757155 mean key position cost in file 1gramme.txt ( 53.16173882 )
# 10.877135566463044 % finger repeats in file 2gramme.txt ( 52.50836021258955 )
# 11.830425210392045 million keystrokes disbalance of the fingers ( 17.745637815588065 )
# 0.3272425514059071 % finger repeats top to bottom or vice versa ( 6.582220743807946 )
# 2.771838067362447 % of trigrams have no handswitching (after direction change counted x 1 ) ( 12.260711691426108 )
# 8.262726174984644 billion (rows²/dist)² to cross ( 107.41544027480039 )
# 0.029170293694690708 hand disbalance. Left: 0.4708297063053093 %, Right: 0.5291702936946907 % ( 0.8540434120285897 )
# 0.7319461889614385 badly positioned shortcut keys (weighted).
# 7.8924593487590915 no handswitching after unbalancing key (weighted).
# 27.040955696539516 movement pattern cost (weighted).
# 0.8738897984279737 asymmetric bigram cost (weighted).
# 9.913601343672113 irregularity cost (weighted).
# 17.141484141168288 manually assigned bigram penalty (weighted)
# 13.939361507265373 unbalancing key after neighboring finger (weighted)
# 0.8738897984279737 asymmetrc bigrams (weighted)
# 13.695166887309968 inconsistent symmetries of similar keys (weighted)
# 9.913601343672113 irregularity cost for randomly sampled words (weighted).
# Finger load %: 11.1 9.6 8.1 10.9 - 11.5 14.7 9.4 9.1
 
