
# Evolved Layout
öoyxj wbrdgvß
haeuk lnstm⇘
züäiq pf,.c
┌───┬───┬───┬───┬───┬───┬───┬───┬───┬───┬───┬───┬───┬──────┐
│ ^ │ 1 │ 2 │ 3 │ 4 │ 5 │ 6 │ 7 │ 8 │ 9 │ 0 │ - │ ` │ ←    │
├───┴─┬─┴─┬─┴─┬─┴─┬─┴─┬─┴─┬─┴─┬─┴─┬─┴─┬─┴─┬─┴─┬─┴─┬─┴─┬────┤
│   ⇥ │ ö │ o │ y │ x │ j │ w │ b │ r │ d │ g │ v │ ß │ Ret│
├─────┴┬──┴┬──┴┬──┴┬──┴┬──┴┬──┴┬──┴┬──┴┬──┴┬──┴┬──┴┬──┴┐   │
│    ⇩ │ h │ a │ e │ u │ k │ l │ n │ s │ t │ m │ ⇘ │ ´ │   │
├────┬─┴─┬─┴─┬─┴─┬─┴─┬─┴─┬─┴─┬─┴─┬─┴─┬─┴─┬─┴─┬─┴─┬─┴───┴───┤
│  ⇧ │ ⇚ │ z │ ü │ ä │ i │ q │ p │ f │ , │ . │ c │ ⇗       │
├────┼───┴┬──┴─┬─┴───┴───┴───┴───┴───┴─┬─┴──┬┴───┼────┬────┤
│Strg│ Fe │ Alt│      Leerzeichen      │ M4 │ Fe │ Me │Strg│
└────┴────┴────┴───────────────────────┴────┴────┴────┴────┘
# 9.209336080113655 x100 total penalty per letter
# 33.703692233521316 x10 billion total penalty compared to notime-noeffort
# 7.684757746988332 mean key position cost in file 1gramme.txt ( 56.24829146 )
# 11.878986290591259 % finger repeats in file 2gramme.txt ( 57.34470139638101 )
# 11.537598909864862 million keystrokes disbalance of the fingers ( 17.306398364797293 )
# 0.35560826086779324 % finger repeats top to bottom or vice versa ( 7.152774177127395 )
# 1.42012091923989 % of trigrams have no handswitching (after direction change counted x 1 ) ( 6.281641544208775 )
# 8.092208704550734 billion (rows²/dist)² to cross ( 105.19871315915952 )
# 0.04146227469163488 hand disbalance. Left: 0.4585377253083651 %, Right: 0.5414622746916349 % ( 1.2139261578485783 )
# 0.7319461889614385 badly positioned shortcut keys (weighted).
# 9.696195417877638 no handswitching after unbalancing key (weighted).
# 25.736931083785272 movement pattern cost (weighted).
# 0.8837434943610547 asymmetric bigram cost (weighted).
# 9.19598171709223 irregularity cost (weighted).
# 16.60705300290642 manually assigned bigram penalty (weighted)
# 13.779175367966058 unbalancing key after neighboring finger (weighted)
# 0.8837434943610547 asymmetrc bigrams (weighted)
# 9.659449802740424 inconsistent symmetries of similar keys (weighted)
# 9.19598171709223 irregularity cost for randomly sampled words (weighted).
# Finger load %: 10.0 7.7 11.5 9.5 - 15.1 10.9 9.5 10.1
 
