
# Evolved Layout
äkpzj qfyoüxö
hsnrm wteai⇘
gvblß cd,.u
┌───┬───┬───┬───┬───┬───┬───┬───┬───┬───┬───┬───┬───┬──────┐
│ ^ │ 1 │ 2 │ 3 │ 4 │ 5 │ 6 │ 7 │ 8 │ 9 │ 0 │ - │ ` │ ←    │
├───┴─┬─┴─┬─┴─┬─┴─┬─┴─┬─┴─┬─┴─┬─┴─┬─┴─┬─┴─┬─┴─┬─┴─┬─┴─┬────┤
│   ⇥ │ ä │ k │ p │ z │ j │ q │ f │ y │ o │ ü │ x │ ö │ Ret│
├─────┴┬──┴┬──┴┬──┴┬──┴┬──┴┬──┴┬──┴┬──┴┬──┴┬──┴┬──┴┬──┴┐   │
│    ⇩ │ h │ s │ n │ r │ m │ w │ t │ e │ a │ i │ ⇘ │ ´ │   │
├────┬─┴─┬─┴─┬─┴─┬─┴─┬─┴─┬─┴─┬─┴─┬─┴─┬─┴─┬─┴─┬─┴─┬─┴───┴───┤
│  ⇧ │ ⇚ │ g │ v │ b │ l │ ß │ c │ d │ , │ . │ u │ ⇗       │
├────┼───┴┬──┴─┬─┴───┴───┴───┴───┴───┴─┬─┴──┬┴───┼────┬────┤
│Strg│ Fe │ Alt│      Leerzeichen      │ M4 │ Fe │ Me │Strg│
└────┴────┴────┴───────────────────────┴────┴────┴────┴────┘
# 9.066873506114007 x100 total penalty per letter
# 33.18231754297792 x10 billion total penalty compared to notime-noeffort
# 7.7160357184365935 mean key position cost in file 1gramme.txt ( 56.47722938 )
# 8.85003894798633 % finger repeats in file 2gramme.txt ( 42.72273983686514 )
# 13.962235968047153 million keystrokes disbalance of the fingers ( 20.94335395207073 )
# 0.38502940492838933 % finger repeats top to bottom or vice versa ( 7.744556828589518 )
# 3.307392430978284 % of trigrams have no handswitching (after direction change counted x 1 ) ( 14.62963710763093 )
# 8.379655766650169 billion (rows²/dist)² to cross ( 108.9355249664522 )
# 0.06320246613417185 hand disbalance. Left: 0.43679753386582815 %, Right: 0.5632024661341719 % ( 1.8504321687948588 )
# 0.7319461889614385 badly positioned shortcut keys (weighted).
# 6.613695846453356 no handswitching after unbalancing key (weighted).
# 24.761503535325236 movement pattern cost (weighted).
# 0.8777411824966257 asymmetric bigram cost (weighted).
# 3.8657587527493757 irregularity cost (weighted).
# 17.89769230104681 manually assigned bigram penalty (weighted)
# 11.189590254087573 unbalancing key after neighboring finger (weighted)
# 0.8777411824966257 asymmetrc bigrams (weighted)
# 12.581773128255305 inconsistent symmetries of similar keys (weighted)
# 3.8657587527493757 irregularity cost for randomly sampled words (weighted).
# Finger load %: 10.7 6.5 8.8 10.8 - 13.9 12.4 8.6 12.7
 
