
# Evolved Layout
joczq vpudkßx
aenrm fsith⇘
üäylö wb,.g
┌───┬───┬───┬───┬───┬───┬───┬───┬───┬───┬───┬───┬───┬──────┐
│ ^ │ 1 │ 2 │ 3 │ 4 │ 5 │ 6 │ 7 │ 8 │ 9 │ 0 │ - │ ` │ ←    │
├───┴─┬─┴─┬─┴─┬─┴─┬─┴─┬─┴─┬─┴─┬─┴─┬─┴─┬─┴─┬─┴─┬─┴─┬─┴─┬────┤
│   ⇥ │ j │ o │ c │ z │ q │ v │ p │ u │ d │ k │ ß │ x │ Ret│
├─────┴┬──┴┬──┴┬──┴┬──┴┬──┴┬──┴┬──┴┬──┴┬──┴┬──┴┬──┴┬──┴┐   │
│    ⇩ │ a │ e │ n │ r │ m │ f │ s │ i │ t │ h │ ⇘ │ ´ │   │
├────┬─┴─┬─┴─┬─┴─┬─┴─┬─┴─┬─┴─┬─┴─┬─┴─┬─┴─┬─┴─┬─┴─┬─┴───┴───┤
│  ⇧ │ ⇚ │ ü │ ä │ y │ l │ ö │ w │ b │ , │ . │ g │ ⇗       │
├────┼───┴┬──┴─┬─┴───┴───┴───┴───┴───┴─┬─┴──┬┴───┼────┬────┤
│Strg│ Fe │ Alt│      Leerzeichen      │ M4 │ Fe │ Me │Strg│
└────┴────┴────┴───────────────────────┴────┴────┴────┴────┘
# 9.279126568603909 x100 total penalty per letter
# 33.95910664390231 x10 billion total penalty compared to notime-noeffort
# 7.2355251354126695 mean key position cost in file 1gramme.txt ( 52.96015048 )
# 9.580608310115412 % finger repeats in file 2gramme.txt ( 46.24949547878545 )
# 12.412048508111036 million keystrokes disbalance of the fingers ( 18.618072762166552 )
# 0.3319068642029743 % finger repeats top to bottom or vice versa ( 6.676039644548588 )
# 4.739782791821753 % of trigrams have no handswitching (after direction change counted x 1 ) ( 20.965550251572594 )
# 7.885049984250612 billion (rows²/dist)² to cross ( 102.50564979525797 )
# 0.028014939192592236 hand disbalance. Left: 0.5280149391925922 %, Right: 0.4719850608074078 % ( 0.820217119040173 )
# 0.7319461889614385 badly positioned shortcut keys (weighted).
# 7.167191989695301 no handswitching after unbalancing key (weighted).
# 37.71441719835611 movement pattern cost (weighted).
# 0.8758036400224507 asymmetric bigram cost (weighted).
# 6.960766000678835 irregularity cost (weighted).
# 16.334841859038395 manually assigned bigram penalty (weighted)
# 11.418627138753383 unbalancing key after neighboring finger (weighted)
# 0.8758036400224507 asymmetrc bigrams (weighted)
# 9.592296892145868 inconsistent symmetries of similar keys (weighted)
# 6.960766000678835 irregularity cost for randomly sampled words (weighted).
# Finger load %: 10.8 14.0 9.0 10.7 - 11.2 9.2 9.5 9.8
 
