
# Evolved Layout
zflüä övcdmßj
hsney pirtg⇘
kwxoq ua,.b
┌───┬───┬───┬───┬───┬───┬───┬───┬───┬───┬───┬───┬───┬──────┐
│ ^ │ 1 │ 2 │ 3 │ 4 │ 5 │ 6 │ 7 │ 8 │ 9 │ 0 │ - │ ` │ ←    │
├───┴─┬─┴─┬─┴─┬─┴─┬─┴─┬─┴─┬─┴─┬─┴─┬─┴─┬─┴─┬─┴─┬─┴─┬─┴─┬────┤
│   ⇥ │ z │ f │ l │ ü │ ä │ ö │ v │ c │ d │ m │ ß │ j │ Ret│
├─────┴┬──┴┬──┴┬──┴┬──┴┬──┴┬──┴┬──┴┬──┴┬──┴┬──┴┬──┴┬──┴┐   │
│    ⇩ │ h │ s │ n │ e │ y │ p │ i │ r │ t │ g │ ⇘ │ ´ │   │
├────┬─┴─┬─┴─┬─┴─┬─┴─┬─┴─┬─┴─┬─┴─┬─┴─┬─┴─┬─┴─┬─┴─┬─┴───┴───┤
│  ⇧ │ ⇚ │ k │ w │ x │ o │ q │ u │ a │ , │ . │ b │ ⇗       │
├────┼───┴┬──┴─┬─┴───┴───┴───┴───┴───┴─┬─┴──┬┴───┼────┬────┤
│Strg│ Fe │ Alt│      Leerzeichen      │ M4 │ Fe │ Me │Strg│
└────┴────┴────┴───────────────────────┴────┴────┴────┴────┘
# 9.804194638550122 x100 total penalty per letter
# 35.880714507614655 x10 billion total penalty compared to notime-noeffort
# 7.452422558193518 mean key position cost in file 1gramme.txt ( 54.5477229 )
# 14.81649571677945 % finger repeats in file 2gramme.txt ( 71.52525491947391 )
# 11.74184790488747 million keystrokes disbalance of the fingers ( 17.612771857331204 )
# 0.3835361336320109 % finger repeats top to bottom or vice versa ( 7.714520877393907 )
# 4.622171500748542 % of trigrams have no handswitching (after direction change counted x 1 ) ( 20.445318514919528 )
# 8.394875720961869 billion (rows²/dist)² to cross ( 109.13338437250428 )
# 0.0018581581924310142 hand disbalance. Left: 0.498141841807569 %, Right: 0.5018581581924311 % ( 0.05440287229749425 )
# 0.7319461889614385 badly positioned shortcut keys (weighted).
# 8.349608982738422 no handswitching after unbalancing key (weighted).
# 22.63666458402036 movement pattern cost (weighted).
# 0.8900467034307176 asymmetric bigram cost (weighted).
# 4.781986743478 irregularity cost (weighted).
# 16.545760237022485 manually assigned bigram penalty (weighted)
# 10.47611835956954 unbalancing key after neighboring finger (weighted)
# 0.8900467034307176 asymmetrc bigrams (weighted)
# 13.361636963005324 inconsistent symmetries of similar keys (weighted)
# 4.781986743478 irregularity cost for randomly sampled words (weighted).
# Finger load %: 10.5 7.4 9.4 14.7 - 15.2 8.5 9.5 9.2
 
