
# Evolved Layout
äülzj vfudkqß
aernp msith⇘
oyxcö wb,.g
┌───┬───┬───┬───┬───┬───┬───┬───┬───┬───┬───┬───┬───┬──────┐
│ ^ │ 1 │ 2 │ 3 │ 4 │ 5 │ 6 │ 7 │ 8 │ 9 │ 0 │ - │ ` │ ←    │
├───┴─┬─┴─┬─┴─┬─┴─┬─┴─┬─┴─┬─┴─┬─┴─┬─┴─┬─┴─┬─┴─┬─┴─┬─┴─┬────┤
│   ⇥ │ ä │ ü │ l │ z │ j │ v │ f │ u │ d │ k │ q │ ß │ Ret│
├─────┴┬──┴┬──┴┬──┴┬──┴┬──┴┬──┴┬──┴┬──┴┬──┴┬──┴┬──┴┬──┴┐   │
│    ⇩ │ a │ e │ r │ n │ p │ m │ s │ i │ t │ h │ ⇘ │ ´ │   │
├────┬─┴─┬─┴─┬─┴─┬─┴─┬─┴─┬─┴─┬─┴─┬─┴─┬─┴─┬─┴─┬─┴─┬─┴───┴───┤
│  ⇧ │ ⇚ │ o │ y │ x │ c │ ö │ w │ b │ , │ . │ g │ ⇗       │
├────┼───┴┬──┴─┬─┴───┴───┴───┴───┴───┴─┬─┴──┬┴───┼────┬────┤
│Strg│ Fe │ Alt│      Leerzeichen      │ M4 │ Fe │ Me │Strg│
└────┴────┴────┴───────────────────────┴────┴────┴────┴────┘
# 9.170531428945397 x100 total penalty per letter
# 33.56167765083839 x10 billion total penalty compared to notime-noeffort
# 7.4574215295047726 mean key position cost in file 1gramme.txt ( 54.58431268 )
# 7.768661851538865 % finger repeats in file 2gramme.txt ( 37.502492487831546 )
# 14.014490341185285 million keystrokes disbalance of the fingers ( 21.021735511777926 )
# 0.3304559371239792 % finger repeats top to bottom or vice versa ( 6.646855413231224 )
# 4.244300394678328 % of trigrams have no handswitching (after direction change counted x 1 ) ( 18.773875748259027 )
# 7.629382267100709 billion (rows²/dist)² to cross ( 99.18196947230922 )
# 0.019626714492683606 hand disbalance. Left: 0.5196267144926836 %, Right: 0.48037328550731634 % ( 0.57462795499016 )
# 0.7319461889614385 badly positioned shortcut keys (weighted).
# 6.813286100056847 no handswitching after unbalancing key (weighted).
# 39.01576583139074 movement pattern cost (weighted).
# 0.8872821800753452 asymmetric bigram cost (weighted).
# 4.653750544765965 irregularity cost (weighted).
# 18.10116751649108 manually assigned bigram penalty (weighted)
# 11.578149343622025 unbalancing key after neighboring finger (weighted)
# 0.8872821800753452 asymmetrc bigrams (weighted)
# 15.549559534621388 inconsistent symmetries of similar keys (weighted)
# 4.653750544765965 irregularity cost for randomly sampled words (weighted).
# Finger load %: 13.4 11.7 8.0 10.7 - 12.1 9.2 9.5 9.7
 
