
# Evolved Layout
jbrgq öüiwzxß
mnltk äeusd⇘
cfypv oa,.h
┌───┬───┬───┬───┬───┬───┬───┬───┬───┬───┬───┬───┬───┬──────┐
│ ^ │ 1 │ 2 │ 3 │ 4 │ 5 │ 6 │ 7 │ 8 │ 9 │ 0 │ - │ ` │ ←    │
├───┴─┬─┴─┬─┴─┬─┴─┬─┴─┬─┴─┬─┴─┬─┴─┬─┴─┬─┴─┬─┴─┬─┴─┬─┴─┬────┤
│   ⇥ │ j │ b │ r │ g │ q │ ö │ ü │ i │ w │ z │ x │ ß │ Ret│
├─────┴┬──┴┬──┴┬──┴┬──┴┬──┴┬──┴┬──┴┬──┴┬──┴┬──┴┬──┴┬──┴┐   │
│    ⇩ │ m │ n │ l │ t │ k │ ä │ e │ u │ s │ d │ ⇘ │ ´ │   │
├────┬─┴─┬─┴─┬─┴─┬─┴─┬─┴─┬─┴─┬─┴─┬─┴─┬─┴─┬─┴─┬─┴─┬─┴───┴───┤
│  ⇧ │ ⇚ │ c │ f │ y │ p │ v │ o │ a │ , │ . │ h │ ⇗       │
├────┼───┴┬──┴─┬─┴───┴───┴───┴───┴───┴─┬─┴──┬┴───┼────┬────┤
│Strg│ Fe │ Alt│      Leerzeichen      │ M4 │ Fe │ Me │Strg│
└────┴────┴────┴───────────────────────┴────┴────┴────┴────┘
# 9.349501298173209 x100 total penalty per letter
# 34.216659219439514 x10 billion total penalty compared to notime-noeffort
# 7.998774809261893 mean key position cost in file 1gramme.txt ( 58.54672738 )
# 11.722031010128914 % finger repeats in file 2gramme.txt ( 56.58701437911192 )
# 13.332138719485808 million keystrokes disbalance of the fingers ( 19.998208079228714 )
# 0.35251404509866957 % finger repeats top to bottom or vice versa ( 7.090536515387371 )
# 3.0228881879489027 % of trigrams have no handswitching (after direction change counted x 1 ) ( 13.371185346020662 )
# 8.310828418763531 billion (rows²/dist)² to cross ( 108.04076944392591 )
# 0.06057098435221547 hand disbalance. Left: 0.4394290156477845 %, Right: 0.5605709843522155 % ( 1.7733880463298817 )
# 1.0979192834421578 badly positioned shortcut keys (weighted).
# 7.914784817990888 no handswitching after unbalancing key (weighted).
# 23.542472497441363 movement pattern cost (weighted).
# 0.8839736662395429 asymmetric bigram cost (weighted).
# 3.035006790821008 irregularity cost (weighted).
# 16.732686841144417 manually assigned bigram penalty (weighted)
# 9.902215300852554 unbalancing key after neighboring finger (weighted)
# 0.8839736662395429 asymmetrc bigrams (weighted)
# 13.649703806458765 inconsistent symmetries of similar keys (weighted)
# 3.035006790821008 irregularity cost for randomly sampled words (weighted).
# Finger load %: 9.6 9.4 8.3 9.7 - 19.6 9.2 7.2 11.3
 

# Evolved Layout
ülmgj öboäzqß
irstd wnaeh⇘
uxkcy pf,.v
┌───┬───┬───┬───┬───┬───┬───┬───┬───┬───┬───┬───┬───┬──────┐
│ ^ │ 1 │ 2 │ 3 │ 4 │ 5 │ 6 │ 7 │ 8 │ 9 │ 0 │ - │ ` │ ←    │
├───┴─┬─┴─┬─┴─┬─┴─┬─┴─┬─┴─┬─┴─┬─┴─┬─┴─┬─┴─┬─┴─┬─┴─┬─┴─┬────┤
│   ⇥ │ ü │ l │ m │ g │ j │ ö │ b │ o │ ä │ z │ q │ ß │ Ret│
├─────┴┬──┴┬──┴┬──┴┬──┴┬──┴┬──┴┬──┴┬──┴┬──┴┬──┴┬──┴┬──┴┐   │
│    ⇩ │ i │ r │ s │ t │ d │ w │ n │ a │ e │ h │ ⇘ │ ´ │   │
├────┬─┴─┬─┴─┬─┴─┬─┴─┬─┴─┬─┴─┬─┴─┬─┴─┬─┴─┬─┴─┬─┴─┬─┴───┴───┤
│  ⇧ │ ⇚ │ u │ x │ k │ c │ y │ p │ f │ , │ . │ v │ ⇗       │
├────┼───┴┬──┴─┬─┴───┴───┴───┴───┴───┴─┬─┴──┬┴───┼────┬────┤
│Strg│ Fe │ Alt│      Leerzeichen      │ M4 │ Fe │ Me │Strg│
└────┴────┴────┴───────────────────────┴────┴────┴────┴────┘
# 9.543003153627991 x100 total penalty per letter
# 34.92482394772499 x10 billion total penalty compared to notime-noeffort
# 7.440378230163737 mean key position cost in file 1gramme.txt ( 54.4595649 )
# 8.419036937638802 % finger repeats in file 2gramme.txt ( 40.64211772147513 )
# 14.081897657025175 million keystrokes disbalance of the fingers ( 21.12284648553776 )
# 0.3362381359789596 % finger repeats top to bottom or vice versa ( 6.763159692991181 )
# 4.421465749091132 % of trigrams have no handswitching (after direction change counted x 1 ) ( 19.557533840606265 )
# 9.079306591826864 billion (rows²/dist)² to cross ( 118.03098569374924 )
# 0.002243353592383923 hand disbalance. Left: 0.5022433535923839 %, Right: 0.4977566464076161 % ( 0.06568056449753461 )
# 1.0979192834421578 badly positioned shortcut keys (weighted).
# 7.489946454649606 no handswitching after unbalancing key (weighted).
# 32.69130615868392 movement pattern cost (weighted).
# 0.8720236044079217 asymmetric bigram cost (weighted).
# 3.528445332015213 irregularity cost (weighted).
# 18.16120964397298 manually assigned bigram penalty (weighted)
# 12.569318112479486 unbalancing key after neighboring finger (weighted)
# 0.8720236044079217 asymmetrc bigrams (weighted)
# 12.196181988741516 inconsistent symmetries of similar keys (weighted)
# 3.528445332015213 irregularity cost for randomly sampled words (weighted).
# Finger load %: 13.6 8.2 7.6 13.0 - 12.5 8.4 12.5 8.7
 
