
# Evolved Layout
öäkpz qfulvxß
aesnb gtirm⇘
oüycj wd,.h
┌───┬───┬───┬───┬───┬───┬───┬───┬───┬───┬───┬───┬───┬──────┐
│ ^ │ 1 │ 2 │ 3 │ 4 │ 5 │ 6 │ 7 │ 8 │ 9 │ 0 │ - │ ` │ ←    │
├───┴─┬─┴─┬─┴─┬─┴─┬─┴─┬─┴─┬─┴─┬─┴─┬─┴─┬─┴─┬─┴─┬─┴─┬─┴─┬────┤
│   ⇥ │ ö │ ä │ k │ p │ z │ q │ f │ u │ l │ v │ x │ ß │ Ret│
├─────┴┬──┴┬──┴┬──┴┬──┴┬──┴┬──┴┬──┴┬──┴┬──┴┬──┴┬──┴┬──┴┐   │
│    ⇩ │ a │ e │ s │ n │ b │ g │ t │ i │ r │ m │ ⇘ │ ´ │   │
├────┬─┴─┬─┴─┬─┴─┬─┴─┬─┴─┬─┴─┬─┴─┬─┴─┬─┴─┬─┴─┬─┴─┬─┴───┴───┤
│  ⇧ │ ⇚ │ o │ ü │ y │ c │ j │ w │ d │ , │ . │ h │ ⇗       │
├────┼───┴┬──┴─┬─┴───┴───┴───┴───┴───┴─┬─┴──┬┴───┼────┬────┤
│Strg│ Fe │ Alt│      Leerzeichen      │ M4 │ Fe │ Me │Strg│
└────┴────┴────┴───────────────────────┴────┴────┴────┴────┘
# 9.54673619969353 x100 total penalty per letter
# 34.93848589192943 x10 billion total penalty compared to notime-noeffort
# 7.651818738132763 mean key position cost in file 1gramme.txt ( 56.00719564 )
# 7.850932836412342 % finger repeats in file 2gramme.txt ( 37.89964801488964 )
# 13.853800787079798 million keystrokes disbalance of the fingers ( 20.780701180619698 )
# 0.3420394471487259 % finger repeats top to bottom or vice versa ( 6.879848401592391 )
# 4.324076253230078 % of trigrams have no handswitching (after direction change counted x 1 ) ( 19.12674946521815 )
# 8.14702245995155 billion (rows²/dist)² to cross ( 105.91129197937015 )
# 0.0021310677706281034 hand disbalance. Left: 0.5021310677706281 %, Right: 0.49786893222937195 % ( 0.06239307732519157 )
# 1.463892377922877 badly positioned shortcut keys (weighted).
# 6.659874793189449 no handswitching after unbalancing key (weighted).
# 28.585870826680594 movement pattern cost (weighted).
# 0.8750206461906558 asymmetric bigram cost (weighted).
# 18.97997268347268 irregularity cost (weighted).
# 17.977995301235076 manually assigned bigram penalty (weighted)
# 12.30640676804715 unbalancing key after neighboring finger (weighted)
# 0.8750206461906558 asymmetrc bigrams (weighted)
# 15.867997763540624 inconsistent symmetries of similar keys (weighted)
# 18.97997268347268 irregularity cost for randomly sampled words (weighted).
# Finger load %: 12.7 11.6 6.1 12.0 - 13.7 9.2 9.3 9.9
 
