
# Evolved Layout
ßuyoq wcldvxj
hiega bnrts⇘
köäzü pf,.m
┌───┬───┬───┬───┬───┬───┬───┬───┬───┬───┬───┬───┬───┬──────┐
│ ^ │ 1 │ 2 │ 3 │ 4 │ 5 │ 6 │ 7 │ 8 │ 9 │ 0 │ - │ ` │ ←    │
├───┴─┬─┴─┬─┴─┬─┴─┬─┴─┬─┴─┬─┴─┬─┴─┬─┴─┬─┴─┬─┴─┬─┴─┬─┴─┬────┤
│   ⇥ │ ß │ u │ y │ o │ q │ w │ c │ l │ d │ v │ x │ j │ Ret│
├─────┴┬──┴┬──┴┬──┴┬──┴┬──┴┬──┴┬──┴┬──┴┬──┴┬──┴┬──┴┬──┴┐   │
│    ⇩ │ h │ i │ e │ g │ a │ b │ n │ r │ t │ s │ ⇘ │ ´ │   │
├────┬─┴─┬─┴─┬─┴─┬─┴─┬─┴─┬─┴─┬─┴─┬─┴─┬─┴─┬─┴─┬─┴─┬─┴───┴───┤
│  ⇧ │ ⇚ │ k │ ö │ ä │ z │ ü │ p │ f │ , │ . │ m │ ⇗       │
├────┼───┴┬──┴─┬─┴───┴───┴───┴───┴───┴─┬─┴──┬┴───┼────┬────┤
│Strg│ Fe │ Alt│      Leerzeichen      │ M4 │ Fe │ Me │Strg│
└────┴────┴────┴───────────────────────┴────┴────┴────┴────┘
# 9.497669900025734 x100 total penalty per letter
# 34.75891643668802 x10 billion total penalty compared to notime-noeffort
# 7.612675286835268 mean key position cost in file 1gramme.txt ( 55.72068664 )
# 9.75726165580073 % finger repeats in file 2gramme.txt ( 47.102273073706975 )
# 12.23113619313439 million keystrokes disbalance of the fingers ( 18.346704289701584 )
# 0.38445388404183156 % finger repeats top to bottom or vice versa ( 7.732980688806595 )
# 2.0571836027550097 % of trigrams have no handswitching (after direction change counted x 1 ) ( 9.099570190155092 )
# 7.987521011996959 billion (rows²/dist)² to cross ( 103.83777315596046 )
# 0.022076783433841174 hand disbalance. Left: 0.4779232165661588 %, Right: 0.5220767834338411 % ( 0.6463606999570828 )
# 1.463892377922877 badly positioned shortcut keys (weighted).
# 10.974568517751637 no handswitching after unbalancing key (weighted).
# 33.66741221278019 movement pattern cost (weighted).
# 0.8651350705579641 asymmetric bigram cost (weighted).
# 17.264714662175063 irregularity cost (weighted).
# 20.038586972211384 manually assigned bigram penalty (weighted)
# 13.0017588300209 unbalancing key after neighboring finger (weighted)
# 0.8651350705579641 asymmetrc bigrams (weighted)
# 7.826746985172357 inconsistent symmetries of similar keys (weighted)
# 17.264714662175063 irregularity cost for randomly sampled words (weighted).
# Finger load %: 10.2 8.3 11.5 10.3 - 14.5 9.1 9.5 10.9
 
