
# Evolved Layout
ödägü wcilxßj
hteao bnurs⇘
kvyzq pf,.m
┌───┬───┬───┬───┬───┬───┬───┬───┬───┬───┬───┬───┬───┬──────┐
│ ^ │ 1 │ 2 │ 3 │ 4 │ 5 │ 6 │ 7 │ 8 │ 9 │ 0 │ - │ ` │ ←    │
├───┴─┬─┴─┬─┴─┬─┴─┬─┴─┬─┴─┬─┴─┬─┴─┬─┴─┬─┴─┬─┴─┬─┴─┬─┴─┬────┤
│   ⇥ │ ö │ d │ ä │ g │ ü │ w │ c │ i │ l │ x │ ß │ j │ Ret│
├─────┴┬──┴┬──┴┬──┴┬──┴┬──┴┬──┴┬──┴┬──┴┬──┴┬──┴┬──┴┬──┴┐   │
│    ⇩ │ h │ t │ e │ a │ o │ b │ n │ u │ r │ s │ ⇘ │ ´ │   │
├────┬─┴─┬─┴─┬─┴─┬─┴─┬─┴─┬─┴─┬─┴─┬─┴─┬─┴─┬─┴─┬─┴─┬─┴───┴───┤
│  ⇧ │ ⇚ │ k │ v │ y │ z │ q │ p │ f │ , │ . │ m │ ⇗       │
├────┼───┴┬──┴─┬─┴───┴───┴───┴───┴───┴─┬─┴──┬┴───┼────┬────┤
│Strg│ Fe │ Alt│      Leerzeichen      │ M4 │ Fe │ Me │Strg│
└────┴────┴────┴───────────────────────┴────┴────┴────┴────┘
# 9.518593972624044 x100 total penalty per letter
# 34.83549291266744 x10 billion total penalty compared to notime-noeffort
# 7.623262748204519 mean key position cost in file 1gramme.txt ( 55.79818116 )
# 9.406929147941163 % finger repeats in file 2gramme.txt ( 45.41107547812054 )
# 11.84638130337287 million keystrokes disbalance of the fingers ( 17.769571955059305 )
# 0.43924183907320546 % finger repeats top to bottom or vice versa ( 8.834996342238565 )
# 3.6549783675437557 % of trigrams have no handswitching (after direction change counted x 1 ) ( 16.167119042958692 )
# 8.368676355863734 billion (rows²/dist)² to cross ( 108.79279262622853 )
# 0.017155874652398706 hand disbalance. Left: 0.4828441253476013 %, Right: 0.5171558746523988 % ( 0.5022870828049351 )
# 1.0979192834421578 badly positioned shortcut keys (weighted).
# 9.194070327090493 no handswitching after unbalancing key (weighted).
# 34.55003207915694 movement pattern cost (weighted).
# 0.8925293700847711 asymmetric bigram cost (weighted).
# 2.7201258929596954 irregularity cost (weighted).
# 19.975277236872042 manually assigned bigram penalty (weighted)
# 13.399930278098143 unbalancing key after neighboring finger (weighted)
# 0.8925293700847711 asymmetrc bigrams (weighted)
# 13.249020971559563 inconsistent symmetries of similar keys (weighted)
# 2.7201258929596954 irregularity cost for randomly sampled words (weighted).
# Finger load %: 10.0 9.0 11.5 10.3 - 14.5 9.2 9.3 10.7
 
