
# Evolved Layout
üufoö vdmlzjß
cineq btsrh⇘
pxyaä wg,.k
┌───┬───┬───┬───┬───┬───┬───┬───┬───┬───┬───┬───┬───┬──────┐
│ ^ │ 1 │ 2 │ 3 │ 4 │ 5 │ 6 │ 7 │ 8 │ 9 │ 0 │ - │ ` │ ←    │
├───┴─┬─┴─┬─┴─┬─┴─┬─┴─┬─┴─┬─┴─┬─┴─┬─┴─┬─┴─┬─┴─┬─┴─┬─┴─┬────┤
│   ⇥ │ ü │ u │ f │ o │ ö │ v │ d │ m │ l │ z │ j │ ß │ Ret│
├─────┴┬──┴┬──┴┬──┴┬──┴┬──┴┬──┴┬──┴┬──┴┬──┴┬──┴┬──┴┬──┴┐   │
│    ⇩ │ c │ i │ n │ e │ q │ b │ t │ s │ r │ h │ ⇘ │ ´ │   │
├────┬─┴─┬─┴─┬─┴─┬─┴─┬─┴─┬─┴─┬─┴─┬─┴─┬─┴─┬─┴─┬─┴─┬─┴───┴───┤
│  ⇧ │ ⇚ │ p │ x │ y │ a │ ä │ w │ g │ , │ . │ k │ ⇗       │
├────┼───┴┬──┴─┬─┴───┴───┴───┴───┴───┴─┬─┴──┬┴───┼────┬────┤
│Strg│ Fe │ Alt│      Leerzeichen      │ M4 │ Fe │ Me │Strg│
└────┴────┴────┴───────────────────────┴────┴────┴────┴────┘
# 9.139650413934895 x100 total penalty per letter
# 33.4486614445974 x10 billion total penalty compared to notime-noeffort
# 7.607605419601906 mean key position cost in file 1gramme.txt ( 55.68357794 )
# 11.29969093242209 % finger repeats in file 2gramme.txt ( 54.54820693785704 )
# 11.618728464893817 million keystrokes disbalance of the fingers ( 17.428092697340723 )
# 0.44912991208834446 % finger repeats top to bottom or vice versa ( 9.033886978669905 )
# 3.0578621895238487 % of trigrams have no handswitching (after direction change counted x 1 ) ( 13.525886356536017 )
# 8.220948963491285 billion (rows²/dist)² to cross ( 106.8723365253867 )
# 0.02865042756426639 hand disbalance. Left: 0.5286504275642664 %, Right: 0.4713495724357336 % ( 0.8388228507112213 )
# 0.7319461889614385 badly positioned shortcut keys (weighted).
# 7.389515254776724 no handswitching after unbalancing key (weighted).
# 27.370321665302974 movement pattern cost (weighted).
# 0.8723715529585164 asymmetric bigram cost (weighted).
# 2.7816635699815784 irregularity cost (weighted).
# 16.090231568080966 manually assigned bigram penalty (weighted)
# 9.093200985202905 unbalancing key after neighboring finger (weighted)
# 0.8723715529585164 asymmetrc bigrams (weighted)
# 12.226553374207308 inconsistent symmetries of similar keys (weighted)
# 2.7816635699815784 irregularity cost for randomly sampled words (weighted).
# Finger load %: 9.5 8.4 8.3 18.5 - 14.3 7.8 9.3 8.4
 
