
# Evolved Layout
äpczj qfouyßx
atnrm kseih⇘
üvblö wg,.d
┌───┬───┬───┬───┬───┬───┬───┬───┬───┬───┬───┬───┬───┬──────┐
│ ^ │ 1 │ 2 │ 3 │ 4 │ 5 │ 6 │ 7 │ 8 │ 9 │ 0 │ - │ ` │ ←    │
├───┴─┬─┴─┬─┴─┬─┴─┬─┴─┬─┴─┬─┴─┬─┴─┬─┴─┬─┴─┬─┴─┬─┴─┬─┴─┬────┤
│   ⇥ │ ä │ p │ c │ z │ j │ q │ f │ o │ u │ y │ ß │ x │ Ret│
├─────┴┬──┴┬──┴┬──┴┬──┴┬──┴┬──┴┬──┴┬──┴┬──┴┬──┴┬──┴┬──┴┐   │
│    ⇩ │ a │ t │ n │ r │ m │ k │ s │ e │ i │ h │ ⇘ │ ´ │   │
├────┬─┴─┬─┴─┬─┴─┬─┴─┬─┴─┬─┴─┬─┴─┬─┴─┬─┴─┬─┴─┬─┴─┬─┴───┴───┤
│  ⇧ │ ⇚ │ ü │ v │ b │ l │ ö │ w │ g │ , │ . │ d │ ⇗       │
├────┼───┴┬──┴─┬─┴───┴───┴───┴───┴───┴─┬─┴──┬┴───┼────┬────┤
│Strg│ Fe │ Alt│      Leerzeichen      │ M4 │ Fe │ Me │Strg│
└────┴────┴────┴───────────────────────┴────┴────┴────┴────┘
# 9.52147138459583 x100 total penalty per letter
# 34.84602346630155 x10 billion total penalty compared to notime-noeffort
# 7.451144699227783 mean key position cost in file 1gramme.txt ( 54.53836966 )
# 10.14249138142695 % finger repeats in file 2gramme.txt ( 48.96193374210445 )
# 12.525549965796348 million keystrokes disbalance of the fingers ( 18.788324948694523 )
# 0.36094650633437847 % finger repeats top to bottom or vice versa ( 7.260148691519664 )
# 4.203202044252083 % of trigrams have no handswitching (after direction change counted x 1 ) ( 18.592084816276888 )
# 8.284283113852666 billion (rows²/dist)² to cross ( 107.69568048008468 )
# 0.047690696106747366 hand disbalance. Left: 0.45230930389325263 %, Right: 0.5476906961067474 % ( 1.3962809305700739 )
# 0.36597309448071924 badly positioned shortcut keys (weighted).
# 6.040212492711625 no handswitching after unbalancing key (weighted).
# 38.71156093497955 movement pattern cost (weighted).
# 0.8744639427541471 asymmetric bigram cost (weighted).
# 5.271858365680174 irregularity cost (weighted).
# 15.675829961886947 manually assigned bigram penalty (weighted)
# 11.341838163246337 unbalancing key after neighboring finger (weighted)
# 0.8744639427541471 asymmetrc bigrams (weighted)
# 12.945674438025742 inconsistent symmetries of similar keys (weighted)
# 5.271858365680174 irregularity cost for randomly sampled words (weighted).
# Finger load %: 10.5 6.7 10.0 10.8 - 11.2 14.7 9.4 10.9
 
