
# Evolved Layout
öldgß qbouüäj
hrtsm wneia⇘
pzxky fc,.v
┌───┬───┬───┬───┬───┬───┬───┬───┬───┬───┬───┬───┬───┬──────┐
│ ^ │ 1 │ 2 │ 3 │ 4 │ 5 │ 6 │ 7 │ 8 │ 9 │ 0 │ - │ ` │ ←    │
├───┴─┬─┴─┬─┴─┬─┴─┬─┴─┬─┴─┬─┴─┬─┴─┬─┴─┬─┴─┬─┴─┬─┴─┬─┴─┬────┤
│   ⇥ │ ö │ l │ d │ g │ ß │ q │ b │ o │ u │ ü │ ä │ j │ Ret│
├─────┴┬──┴┬──┴┬──┴┬──┴┬──┴┬──┴┬──┴┬──┴┬──┴┬──┴┬──┴┬──┴┐   │
│    ⇩ │ h │ r │ t │ s │ m │ w │ n │ e │ i │ a │ ⇘ │ ´ │   │
├────┬─┴─┬─┴─┬─┴─┬─┴─┬─┴─┬─┴─┬─┴─┬─┴─┬─┴─┬─┴─┬─┴─┬─┴───┴───┤
│  ⇧ │ ⇚ │ p │ z │ x │ k │ y │ f │ c │ , │ . │ v │ ⇗       │
├────┼───┴┬──┴─┬─┴───┴───┴───┴───┴───┴─┬─┴──┬┴───┼────┬────┤
│Strg│ Fe │ Alt│      Leerzeichen      │ M4 │ Fe │ Me │Strg│
└────┴────┴────┴───────────────────────┴────┴────┴────┴────┘
# 9.389913380430691 x100 total penalty per letter
# 34.36455656742131 x10 billion total penalty compared to notime-noeffort
# 7.222348767879853 mean key position cost in file 1gramme.txt ( 52.86370656 )
# 10.458883812356897 % finger repeats in file 2gramme.txt ( 50.48928877324236 )
# 11.263757917884995 million keystrokes disbalance of the fingers ( 16.895636876827492 )
# 0.34878874742878724 % finger repeats top to bottom or vice versa ( 7.015605148747514 )
# 4.139724557970423 % of trigrams have no handswitching (after direction change counted x 1 ) ( 18.311303926743733 )
# 8.719996955501182 billion (rows²/dist)² to cross ( 113.35996042151538 )
# 0.06324670821478873 hand disbalance. Left: 0.4367532917852113 %, Right: 0.5632467082147887 % ( 1.8517274816868285 )
# 0.7319461889614385 badly positioned shortcut keys (weighted).
# 7.127189474428894 no handswitching after unbalancing key (weighted).
# 29.37752379960023 movement pattern cost (weighted).
# 0.8820284478590068 asymmetric bigram cost (weighted).
# 2.5725137699872254 irregularity cost (weighted).
# 17.63552217119514 manually assigned bigram penalty (weighted)
# 11.20034705587839 unbalancing key after neighboring finger (weighted)
# 0.8820284478590068 asymmetrc bigrams (weighted)
# 13.331265577539531 inconsistent symmetries of similar keys (weighted)
# 2.5725137699872254 irregularity cost for randomly sampled words (weighted).
# Finger load %: 9.6 8.7 8.3 10.2 - 13.6 14.7 9.4 9.9
 
