
# Evolved Layout
jzäöü wgdhbvß
ureio mstln⇘
cxyaq fk,.p
┌───┬───┬───┬───┬───┬───┬───┬───┬───┬───┬───┬───┬───┬──────┐
│ ^ │ 1 │ 2 │ 3 │ 4 │ 5 │ 6 │ 7 │ 8 │ 9 │ 0 │ - │ ` │ ←    │
├───┴─┬─┴─┬─┴─┬─┴─┬─┴─┬─┴─┬─┴─┬─┴─┬─┴─┬─┴─┬─┴─┬─┴─┬─┴─┬────┤
│   ⇥ │ j │ z │ ä │ ö │ ü │ w │ g │ d │ h │ b │ v │ ß │ Ret│
├─────┴┬──┴┬──┴┬──┴┬──┴┬──┴┬──┴┬──┴┬──┴┬──┴┬──┴┬──┴┬──┴┐   │
│    ⇩ │ u │ r │ e │ i │ o │ m │ s │ t │ l │ n │ ⇘ │ ´ │   │
├────┬─┴─┬─┴─┬─┴─┬─┴─┬─┴─┬─┴─┬─┴─┬─┴─┬─┴─┬─┴─┬─┴─┬─┴───┴───┤
│  ⇧ │ ⇚ │ c │ x │ y │ a │ q │ f │ k │ , │ . │ p │ ⇗       │
├────┼───┴┬──┴─┬─┴───┴───┴───┴───┴───┴─┬─┴──┬┴───┼────┬────┤
│Strg│ Fe │ Alt│      Leerzeichen      │ M4 │ Fe │ Me │Strg│
└────┴────┴────┴───────────────────────┴────┴────┴────┴────┘
# 9.382697467567683 x100 total penalty per letter
# 34.33814826782153 x10 billion total penalty compared to notime-noeffort
# 7.6506368780274085 mean key position cost in file 1gramme.txt ( 55.99854506 )
# 10.652627666070433 % finger repeats in file 2gramme.txt ( 51.42456920600005 )
# 14.274074906047408 million keystrokes disbalance of the fingers ( 21.411112359071108 )
# 0.3686644372574971 % finger repeats top to bottom or vice versa ( 7.415388665059703 )
# 2.2280109699560535 % of trigrams have no handswitching (after direction change counted x 1 ) ( 9.855193371364367 )
# 8.084151877129097 billion (rows²/dist)² to cross ( 105.09397440267826 )
# 0.0044760465046761455 hand disbalance. Left: 0.49552395349532385 %, Right: 0.5044760465046761 % ( 0.1310490072284749 )
# 0.36597309448071924 badly positioned shortcut keys (weighted).
# 9.630160102492058 no handswitching after unbalancing key (weighted).
# 31.002350350641585 movement pattern cost (weighted).
# 0.8689108702788604 asymmetric bigram cost (weighted).
# 14.484207311897658 irregularity cost (weighted).
# 21.317931672157673 manually assigned bigram penalty (weighted)
# 10.294338905086176 unbalancing key after neighboring finger (weighted)
# 0.8689108702788604 asymmetrc bigrams (weighted)
# 4.08777829977869 inconsistent symmetries of similar keys (weighted)
# 14.484207311897658 irregularity cost for randomly sampled words (weighted).
# Finger load %: 11.0 6.1 11.5 13.3 - 13.0 9.3 7.4 12.8
 
