
# Evolved Layout
özovq pfaukjß
mreny gtihs⇘
cxälü bd,.w
┌───┬───┬───┬───┬───┬───┬───┬───┬───┬───┬───┬───┬───┬──────┐
│ ^ │ 1 │ 2 │ 3 │ 4 │ 5 │ 6 │ 7 │ 8 │ 9 │ 0 │ - │ ` │ ←    │
├───┴─┬─┴─┬─┴─┬─┴─┬─┴─┬─┴─┬─┴─┬─┴─┬─┴─┬─┴─┬─┴─┬─┴─┬─┴─┬────┤
│   ⇥ │ ö │ z │ o │ v │ q │ p │ f │ a │ u │ k │ j │ ß │ Ret│
├─────┴┬──┴┬──┴┬──┴┬──┴┬──┴┬──┴┬──┴┬──┴┬──┴┬──┴┬──┴┬──┴┐   │
│    ⇩ │ m │ r │ e │ n │ y │ g │ t │ i │ h │ s │ ⇘ │ ´ │   │
├────┬─┴─┬─┴─┬─┴─┬─┴─┬─┴─┬─┴─┬─┴─┬─┴─┬─┴─┬─┴─┬─┴─┬─┴───┴───┤
│  ⇧ │ ⇚ │ c │ x │ ä │ l │ ü │ b │ d │ , │ . │ w │ ⇗       │
├────┼───┴┬──┴─┬─┴───┴───┴───┴───┴───┴─┬─┴──┬┴───┼────┬────┤
│Strg│ Fe │ Alt│      Leerzeichen      │ M4 │ Fe │ Me │Strg│
└────┴────┴────┴───────────────────────┴────┴────┴────┴────┘
# 9.274329729714054 x100 total penalty per letter
# 33.941551504179856 x10 billion total penalty compared to notime-noeffort
# 7.441096323936102 mean key position cost in file 1gramme.txt ( 54.46482096 )
# 10.004065826883105 % finger repeats in file 2gramme.txt ( 48.29369725316831 )
# 12.17994147394692 million keystrokes disbalance of the fingers ( 18.26991221092038 )
# 0.37136523068073596 % finger repeats top to bottom or vice versa ( 7.469712952713641 )
# 4.574645603821637 % of trigrams have no handswitching (after direction change counted x 1 ) ( 20.235096522892526 )
# 7.53221705573059 billion (rows²/dist)² to cross ( 97.91882172449766 )
# 0.013417972370535602 hand disbalance. Left: 0.4865820276294644 %, Right: 0.5134179723705355 % ( 0.39284934960813656 )
# 0.0 badly positioned shortcut keys (weighted).
# 8.534694022355042 no handswitching after unbalancing key (weighted).
# 36.31375695285941 movement pattern cost (weighted).
# 0.8871532871135285 asymmetric bigram cost (weighted).
# 4.3969748710358525 irregularity cost (weighted).
# 19.695903807960658 manually assigned bigram penalty (weighted)
# 12.178641955499979 unbalancing key after neighboring finger (weighted)
# 0.8871532871135285 asymmetrc bigrams (weighted)
# 10.363479171173445 inconsistent symmetries of similar keys (weighted)
# 4.3969748710358525 irregularity cost for randomly sampled words (weighted).
# Finger load %: 10.4 6.1 13.8 10.9 - 14.9 11.1 7.1 10.2
 
