
# Evolved Layout
äülgö qwouvjß
hnrsm cteia⇘
kpzbx fd,.y
┌───┬───┬───┬───┬───┬───┬───┬───┬───┬───┬───┬───┬───┬──────┐
│ ^ │ 1 │ 2 │ 3 │ 4 │ 5 │ 6 │ 7 │ 8 │ 9 │ 0 │ - │ ` │ ←    │
├───┴─┬─┴─┬─┴─┬─┴─┬─┴─┬─┴─┬─┴─┬─┴─┬─┴─┬─┴─┬─┴─┬─┴─┬─┴─┬────┤
│   ⇥ │ ä │ ü │ l │ g │ ö │ q │ w │ o │ u │ v │ j │ ß │ Ret│
├─────┴┬──┴┬──┴┬──┴┬──┴┬──┴┬──┴┬──┴┬──┴┬──┴┬──┴┬──┴┬──┴┐   │
│    ⇩ │ h │ n │ r │ s │ m │ c │ t │ e │ i │ a │ ⇘ │ ´ │   │
├────┬─┴─┬─┴─┬─┴─┬─┴─┬─┴─┬─┴─┬─┴─┬─┴─┬─┴─┬─┴─┬─┴─┬─┴───┴───┤
│  ⇧ │ ⇚ │ k │ p │ z │ b │ x │ f │ d │ , │ . │ y │ ⇗       │
├────┼───┴┬──┴─┬─┴───┴───┴───┴───┴───┴─┬─┴──┬┴───┼────┬────┤
│Strg│ Fe │ Alt│      Leerzeichen      │ M4 │ Fe │ Me │Strg│
└────┴────┴────┴───────────────────────┴────┴────┴────┴────┘
# 9.12470636506282 x100 total penalty per letter
# 33.39397024649956 x10 billion total penalty compared to notime-noeffort
# 7.184803977819545 mean key position cost in file 1gramme.txt ( 52.5888989 )
# 10.74598010004662 % finger repeats in file 2gramme.txt ( 51.8752193978628 )
# 11.32619500316273 million keystrokes disbalance of the fingers ( 16.989292504744096 )
# 0.3863072305252814 % finger repeats top to bottom or vice versa ( 7.770259262807491 )
# 3.2898874888097733 % of trigrams have no handswitching (after direction change counted x 1 ) ( 14.552207242001218 )
# 7.929746310666552 billion (rows²/dist)² to cross ( 103.08670203866518 )
# 0.06478504962370074 hand disbalance. Left: 0.43521495037629926 %, Right: 0.5647850496237007 % ( 1.8967668069498174 )
# 1.0979192834421578 badly positioned shortcut keys (weighted).
# 7.944260387655758 no handswitching after unbalancing key (weighted).
# 26.64029215715996 movement pattern cost (weighted).
# 0.859310047615106 asymmetric bigram cost (weighted).
# 5.132449029288243 irregularity cost (weighted).
# 17.572030423127988 manually assigned bigram penalty (weighted)
# 13.07066515162992 unbalancing key after neighboring finger (weighted)
# 0.859310047615106 asymmetrc bigrams (weighted)
# 12.863429832045771 inconsistent symmetries of similar keys (weighted)
# 5.132449029288243 irregularity cost for randomly sampled words (weighted).
# Finger load %: 9.8 7.9 8.5 10.4 - 13.9 14.7 9.4 9.7
 
