
# Evolved Layout
ßlgpz öfuoüäj
hrtnb mseai⇘
kxvcq wd,.y
┌───┬───┬───┬───┬───┬───┬───┬───┬───┬───┬───┬───┬───┬──────┐
│ ^ │ 1 │ 2 │ 3 │ 4 │ 5 │ 6 │ 7 │ 8 │ 9 │ 0 │ - │ ` │ ←    │
├───┴─┬─┴─┬─┴─┬─┴─┬─┴─┬─┴─┬─┴─┬─┴─┬─┴─┬─┴─┬─┴─┬─┴─┬─┴─┬────┤
│   ⇥ │ ß │ l │ g │ p │ z │ ö │ f │ u │ o │ ü │ ä │ j │ Ret│
├─────┴┬──┴┬──┴┬──┴┬──┴┬──┴┬──┴┬──┴┬──┴┬──┴┬──┴┬──┴┬──┴┐   │
│    ⇩ │ h │ r │ t │ n │ b │ m │ s │ e │ a │ i │ ⇘ │ ´ │   │
├────┬─┴─┬─┴─┬─┴─┬─┴─┬─┴─┬─┴─┬─┴─┬─┴─┬─┴─┬─┴─┬─┴─┬─┴───┴───┤
│  ⇧ │ ⇚ │ k │ x │ v │ c │ q │ w │ d │ , │ . │ y │ ⇗       │
├────┼───┴┬──┴─┬─┴───┴───┴───┴───┴───┴─┬─┴──┬┴───┼────┬────┤
│Strg│ Fe │ Alt│      Leerzeichen      │ M4 │ Fe │ Me │Strg│
└────┴────┴────┴───────────────────────┴────┴────┴────┴────┘
# 9.175924398663904 x100 total penalty per letter
# 33.581414469001615 x10 billion total penalty compared to notime-noeffort
# 7.190068424930701 mean key position cost in file 1gramme.txt ( 52.62743182 )
# 11.81477508953872 % finger repeats in file 2gramme.txt ( 57.034727795891435 )
# 11.80887441316926 million keystrokes disbalance of the fingers ( 17.71331161975389 )
# 0.32677769537921564 % finger repeats top to bottom or vice versa ( 6.572870538681422 )
# 3.431543007163845 % of trigrams have no handswitching (after direction change counted x 1 ) ( 15.17879415935727 )
# 7.796710229948271 billion (rows²/dist)² to cross ( 101.35723298932751 )
# 0.055081882363050616 hand disbalance. Left: 0.4449181176369494 %, Right: 0.5550818823630507 % ( 1.612678955058287 )
# 0.7319461889614385 badly positioned shortcut keys (weighted).
# 7.521853604347411 no handswitching after unbalancing key (weighted).
# 24.530045644731757 movement pattern cost (weighted).
# 0.8880753830383067 asymmetric bigram cost (weighted).
# 6.922584550844491 irregularity cost (weighted).
# 16.042657413108653 manually assigned bigram penalty (weighted)
# 12.968804614624755 unbalancing key after neighboring finger (weighted)
# 0.8880753830383067 asymmetrc bigrams (weighted)
# 14.111129412289552 inconsistent symmetries of similar keys (weighted)
# 6.922584550844491 irregularity cost for randomly sampled words (weighted).
# Finger load %: 9.9 8.2 7.5 11.9 - 13.4 14.5 8.6 10.4
 
