
# Evolved Layout
öoycq vwulgjß
saenz mtirh⇘
küäfx bd,.p
┌───┬───┬───┬───┬───┬───┬───┬───┬───┬───┬───┬───┬───┬──────┐
│ ^ │ 1 │ 2 │ 3 │ 4 │ 5 │ 6 │ 7 │ 8 │ 9 │ 0 │ - │ ` │ ←    │
├───┴─┬─┴─┬─┴─┬─┴─┬─┴─┬─┴─┬─┴─┬─┴─┬─┴─┬─┴─┬─┴─┬─┴─┬─┴─┬────┤
│   ⇥ │ ö │ o │ y │ c │ q │ v │ w │ u │ l │ g │ j │ ß │ Ret│
├─────┴┬──┴┬──┴┬──┴┬──┴┬──┴┬──┴┬──┴┬──┴┬──┴┬──┴┬──┴┬──┴┐   │
│    ⇩ │ s │ a │ e │ n │ z │ m │ t │ i │ r │ h │ ⇘ │ ´ │   │
├────┬─┴─┬─┴─┬─┴─┬─┴─┬─┴─┬─┴─┬─┴─┬─┴─┬─┴─┬─┴─┬─┴─┬─┴───┴───┤
│  ⇧ │ ⇚ │ k │ ü │ ä │ f │ x │ b │ d │ , │ . │ p │ ⇗       │
├────┼───┴┬──┴─┬─┴───┴───┴───┴───┴───┴─┬─┴──┬┴───┼────┬────┤
│Strg│ Fe │ Alt│      Leerzeichen      │ M4 │ Fe │ Me │Strg│
└────┴────┴────┴───────────────────────┴────┴────┴────┴────┘
# 9.17523533850446 x100 total penalty per letter
# 33.578892694213266 x10 billion total penalty compared to notime-noeffort
# 7.371343138838653 mean key position cost in file 1gramme.txt ( 53.95426518 )
# 7.501881459160339 % finger repeats in file 2gramme.txt ( 36.21463495814712 )
# 12.53846154306114 million keystrokes disbalance of the fingers ( 18.807692314591712 )
# 0.41895825525952185 % finger repeats top to bottom or vice versa ( 8.427008366458516 )
# 3.4549938825610904 % of trigrams have no handswitching (after direction change counted x 1 ) ( 15.282524758032096 )
# 8.280608020702191 billion (rows²/dist)² to cross ( 107.64790426912847 )
# 0.0053541134258545675 hand disbalance. Left: 0.49464588657414543 %, Right: 0.5053541134258546 % ( 0.1567569166928609 )
# 1.0979192834421578 badly positioned shortcut keys (weighted).
# 8.842116982641583 no handswitching after unbalancing key (weighted).
# 31.95586000593831 movement pattern cost (weighted).
# 0.8883254687986983 asymmetric bigram cost (weighted).
# 3.1288852320443747 irregularity cost (weighted).
# 20.48275394024031 manually assigned bigram penalty (weighted)
# 12.96712859184123 unbalancing key after neighboring finger (weighted)
# 0.8883254687986983 asymmetrc bigrams (weighted)
# 15.93515067413518 inconsistent symmetries of similar keys (weighted)
# 3.1288852320443747 irregularity cost for randomly sampled words (weighted).
# Finger load %: 11.6 7.7 11.5 11.0 - 14.2 9.2 9.3 10.0
 

# Evolved Layout
jlcüq vdimfkß
urney ptash⇘
öxzoä wg,.b
┌───┬───┬───┬───┬───┬───┬───┬───┬───┬───┬───┬───┬───┬──────┐
│ ^ │ 1 │ 2 │ 3 │ 4 │ 5 │ 6 │ 7 │ 8 │ 9 │ 0 │ - │ ` │ ←    │
├───┴─┬─┴─┬─┴─┬─┴─┬─┴─┬─┴─┬─┴─┬─┴─┬─┴─┬─┴─┬─┴─┬─┴─┬─┴─┬────┤
│   ⇥ │ j │ l │ c │ ü │ q │ v │ d │ i │ m │ f │ k │ ß │ Ret│
├─────┴┬──┴┬──┴┬──┴┬──┴┬──┴┬──┴┬──┴┬──┴┬──┴┬──┴┬──┴┬──┴┐   │
│    ⇩ │ u │ r │ n │ e │ y │ p │ t │ a │ s │ h │ ⇘ │ ´ │   │
├────┬─┴─┬─┴─┬─┴─┬─┴─┬─┴─┬─┴─┬─┴─┬─┴─┬─┴─┬─┴─┬─┴─┬─┴───┴───┤
│  ⇧ │ ⇚ │ ö │ x │ z │ o │ ä │ w │ g │ , │ . │ b │ ⇗       │
├────┼───┴┬──┴─┬─┴───┴───┴───┴───┴───┴─┬─┴──┬┴───┼────┬────┤
│Strg│ Fe │ Alt│      Leerzeichen      │ M4 │ Fe │ Me │Strg│
└────┴────┴────┴───────────────────────┴────┴────┴────┴────┘
# 9.111722553508699 x100 total penalty per letter
# 33.34645298957339 x10 billion total penalty compared to notime-noeffort
# 7.468638089033075 mean key position cost in file 1gramme.txt ( 54.66641186 )
# 10.040651457649956 % finger repeats in file 2gramme.txt ( 48.470310982690414 )
# 11.108878355330562 million keystrokes disbalance of the fingers ( 16.663317532995844 )
# 0.33730713998329426 % finger repeats top to bottom or vice versa ( 6.784661848815095 )
# 4.6767083468419175 % of trigrams have no handswitching (after direction change counted x 1 ) ( 20.686552140499547 )
# 7.45906870775053 billion (rows²/dist)² to cross ( 96.96789320075689 )
# 0.010073487231866352 hand disbalance. Left: 0.48992651276813365 %, Right: 0.5100734872318664 % ( 0.2949300235566515 )
# 0.36597309448071924 badly positioned shortcut keys (weighted).
# 7.685194355663897 no handswitching after unbalancing key (weighted).
# 27.98135268016225 movement pattern cost (weighted).
# 0.8818553677891885 asymmetric bigram cost (weighted).
# 11.438727409648058 irregularity cost (weighted).
# 16.077529286365092 manually assigned bigram penalty (weighted)
# 10.88689783098035 unbalancing key after neighboring finger (weighted)
# 0.8818553677891885 asymmetrc bigrams (weighted)
# 13.61292228133 inconsistent symmetries of similar keys (weighted)
# 11.438727409648058 irregularity cost for randomly sampled words (weighted).
# Finger load %: 9.1 8.2 9.3 14.7 - 13.9 11.1 8.0 10.1
 
