
# Evolved Layout
jkuvö wboyzqß
rsinm gtaeh⇘
lxücä pd,.f
┌───┬───┬───┬───┬───┬───┬───┬───┬───┬───┬───┬───┬───┬──────┐
│ ^ │ 1 │ 2 │ 3 │ 4 │ 5 │ 6 │ 7 │ 8 │ 9 │ 0 │ - │ ` │ ←    │
├───┴─┬─┴─┬─┴─┬─┴─┬─┴─┬─┴─┬─┴─┬─┴─┬─┴─┬─┴─┬─┴─┬─┴─┬─┴─┬────┤
│   ⇥ │ j │ k │ u │ v │ ö │ w │ b │ o │ y │ z │ q │ ß │ Ret│
├─────┴┬──┴┬──┴┬──┴┬──┴┬──┴┬──┴┬──┴┬──┴┬──┴┬──┴┬──┴┬──┴┐   │
│    ⇩ │ r │ s │ i │ n │ m │ g │ t │ a │ e │ h │ ⇘ │ ´ │   │
├────┬─┴─┬─┴─┬─┴─┬─┴─┬─┴─┬─┴─┬─┴─┬─┴─┬─┴─┬─┴─┬─┴─┬─┴───┴───┤
│  ⇧ │ ⇚ │ l │ x │ ü │ c │ ä │ p │ d │ , │ . │ f │ ⇗       │
├────┼───┴┬──┴─┬─┴───┴───┴───┴───┴───┴─┬─┴──┬┴───┼────┬────┤
│Strg│ Fe │ Alt│      Leerzeichen      │ M4 │ Fe │ Me │Strg│
└────┴────┴────┴───────────────────────┴────┴────┴────┴────┘
# 9.467189044564975 x100 total penalty per letter
# 34.64736470673408 x10 billion total penalty compared to notime-noeffort
# 7.431655629928521 mean key position cost in file 1gramme.txt ( 54.39572016 )
# 8.736187624572437 % finger repeats in file 2gramme.txt ( 42.17313316294182 )
# 14.562039291948688 million keystrokes disbalance of the fingers ( 21.84305893792303 )
# 0.3188504421082235 % finger repeats top to bottom or vice versa ( 6.413420214456863 )
# 4.253045590314023 % of trigrams have no handswitching (after direction change counted x 1 ) ( 18.812558499476307 )
# 8.285173352196553 billion (rows²/dist)² to cross ( 107.7072535785552 )
# 0.028688170632288235 hand disbalance. Left: 0.47131182936771177 %, Right: 0.5286881706322882 % ( 0.8399278865031534 )
# 0.7319461889614385 badly positioned shortcut keys (weighted).
# 7.813239638391674 no handswitching after unbalancing key (weighted).
# 29.361050516409605 movement pattern cost (weighted).
# 0.888020781050495 asymmetric bigram cost (weighted).
# 3.236692907354025 irregularity cost (weighted).
# 21.508772499376942 manually assigned bigram penalty (weighted)
# 14.064208972520856 unbalancing key after neighboring finger (weighted)
# 0.888020781050495 asymmetrc bigrams (weighted)
# 16.684643123419406 inconsistent symmetries of similar keys (weighted)
# 3.236692907354025 irregularity cost for randomly sampled words (weighted).
# Finger load %: 13.7 6.0 8.3 11.7 - 14.6 8.4 12.6 9.1
 
