
# Evolved Layout
ßbloö wgmuüqj
rcney ktsih⇘
zpxaä fd,.v
┌───┬───┬───┬───┬───┬───┬───┬───┬───┬───┬───┬───┬───┬──────┐
│ ^ │ 1 │ 2 │ 3 │ 4 │ 5 │ 6 │ 7 │ 8 │ 9 │ 0 │ - │ ` │ ←    │
├───┴─┬─┴─┬─┴─┬─┴─┬─┴─┬─┴─┬─┴─┬─┴─┬─┴─┬─┴─┬─┴─┬─┴─┬─┴─┬────┤
│   ⇥ │ ß │ b │ l │ o │ ö │ w │ g │ m │ u │ ü │ q │ j │ Ret│
├─────┴┬──┴┬──┴┬──┴┬──┴┬──┴┬──┴┬──┴┬──┴┬──┴┬──┴┬──┴┬──┴┐   │
│    ⇩ │ r │ c │ n │ e │ y │ k │ t │ s │ i │ h │ ⇘ │ ´ │   │
├────┬─┴─┬─┴─┬─┴─┬─┴─┬─┴─┬─┴─┬─┴─┬─┴─┬─┴─┬─┴─┬─┴─┬─┴───┴───┤
│  ⇧ │ ⇚ │ z │ p │ x │ a │ ä │ f │ d │ , │ . │ v │ ⇗       │
├────┼───┴┬──┴─┬─┴───┴───┴───┴───┴───┴─┬─┴──┬┴───┼────┬────┤
│Strg│ Fe │ Alt│      Leerzeichen      │ M4 │ Fe │ Me │Strg│
└────┴────┴────┴───────────────────────┴────┴────┴────┴────┘
# 9.426121541197134 x100 total penalty per letter
# 34.497068693832816 x10 billion total penalty compared to notime-noeffort
# 7.6078290398658925 mean key position cost in file 1gramme.txt ( 55.68521472 )
# 12.011800709231899 % finger repeats in file 2gramme.txt ( 57.98585064866306 )
# 13.363574975027827 million keystrokes disbalance of the fingers ( 20.04536246254174 )
# 0.44343721325879487 % finger repeats top to bottom or vice versa ( 8.919382919943034 )
# 5.536576488953054 % of trigrams have no handswitching (after direction change counted x 1 ) ( 24.490019416312922 )
# 7.975607597051933 billion (rows²/dist)² to cross ( 103.68289876167513 )
# 0.02961485393478569 hand disbalance. Left: 0.5296148539347857 %, Right: 0.47038514606521425 % ( 0.8670591789686419 )
# 0.36597309448071924 badly positioned shortcut keys (weighted).
# 8.13237326368509 no handswitching after unbalancing key (weighted).
# 24.499672238032737 movement pattern cost (weighted).
# 0.8857985532357361 asymmetric bigram cost (weighted).
# 4.828296614744277 irregularity cost (weighted).
# 15.982828343194472 manually assigned bigram penalty (weighted)
# 9.326098059624092 unbalancing key after neighboring finger (weighted)
# 0.8857985532357361 asymmetrc bigrams (weighted)
# 9.273858663226635 inconsistent symmetries of similar keys (weighted)
# 4.828296614744277 irregularity cost for randomly sampled words (weighted).
# Finger load %: 11.6 4.8 9.4 18.9 - 14.6 7.8 9.4 7.9
 
