
# Evolved Layout
ömozq xbcdvjß
hsenw uirta⇘
gfälü kp,.y
┌───┬───┬───┬───┬───┬───┬───┬───┬───┬───┬───┬───┬───┬──────┐
│ ^ │ 1 │ 2 │ 3 │ 4 │ 5 │ 6 │ 7 │ 8 │ 9 │ 0 │ - │ ` │ ←    │
├───┴─┬─┴─┬─┴─┬─┴─┬─┴─┬─┴─┬─┴─┬─┴─┬─┴─┬─┴─┬─┴─┬─┴─┬─┴─┬────┤
│   ⇥ │ ö │ m │ o │ z │ q │ x │ b │ c │ d │ v │ j │ ß │ Ret│
├─────┴┬──┴┬──┴┬──┴┬──┴┬──┴┬──┴┬──┴┬──┴┬──┴┬──┴┬──┴┬──┴┐   │
│    ⇩ │ h │ s │ e │ n │ w │ u │ i │ r │ t │ a │ ⇘ │ ´ │   │
├────┬─┴─┬─┴─┬─┴─┬─┴─┬─┴─┬─┴─┬─┴─┬─┴─┬─┴─┬─┴─┬─┴─┬─┴───┴───┤
│  ⇧ │ ⇚ │ g │ f │ ä │ l │ ü │ k │ p │ , │ . │ y │ ⇗       │
├────┼───┴┬──┴─┬─┴───┴───┴───┴───┴───┴─┬─┴──┬┴───┼────┬────┤
│Strg│ Fe │ Alt│      Leerzeichen      │ M4 │ Fe │ Me │Strg│
└────┴────┴────┴───────────────────────┴────┴────┴────┴────┘
# 9.910410058034682 x100 total penalty per letter
# 36.26943436511797 x10 billion total penalty compared to notime-noeffort
# 7.390913976443977 mean key position cost in file 1gramme.txt ( 54.09751318 )
# 11.850577606024347 % finger repeats in file 2gramme.txt ( 57.20756111406213 )
# 11.766000090507445 million keystrokes disbalance of the fingers ( 17.64900013576117 )
# 0.35375152086941175 % finger repeats top to bottom or vice versa ( 7.115427345302812 )
# 4.582225436493794 % of trigrams have no handswitching (after direction change counted x 1 ) ( 20.268624507141258 )
# 8.45373652364163 billion (rows²/dist)² to cross ( 109.8985748073412 )
# 0.02414606210318504 hand disbalance. Left: 0.524146062103185 %, Right: 0.4758539378968149 % ( 0.7069447253941004 )
# 1.0979192834421578 badly positioned shortcut keys (weighted).
# 7.631870632408864 no handswitching after unbalancing key (weighted).
# 36.46496674437873 movement pattern cost (weighted).
# 0.8612035941002637 asymmetric bigram cost (weighted).
# 2.5656413140818692 irregularity cost (weighted).
# 17.75865991487995 manually assigned bigram penalty (weighted)
# 12.3369836150807 unbalancing key after neighboring finger (weighted)
# 0.8612035941002637 asymmetrc bigrams (weighted)
# 17.03345273780443 inconsistent symmetries of similar keys (weighted)
# 2.5656413140818692 irregularity cost for randomly sampled words (weighted).
# Finger load %: 10.8 8.2 13.8 11.5 - 12.5 8.5 9.5 9.6
 
