
# Evolved Layout
ßkoyq xwulmzj
haenp btirs⇘
gäücö fd,.v
┌───┬───┬───┬───┬───┬───┬───┬───┬───┬───┬───┬───┬───┬──────┐
│ ^ │ 1 │ 2 │ 3 │ 4 │ 5 │ 6 │ 7 │ 8 │ 9 │ 0 │ - │ ` │ ←    │
├───┴─┬─┴─┬─┴─┬─┴─┬─┴─┬─┴─┬─┴─┬─┴─┬─┴─┬─┴─┬─┴─┬─┴─┬─┴─┬────┤
│   ⇥ │ ß │ k │ o │ y │ q │ x │ w │ u │ l │ m │ z │ j │ Ret│
├─────┴┬──┴┬──┴┬──┴┬──┴┬──┴┬──┴┬──┴┬──┴┬──┴┬──┴┬──┴┬──┴┐   │
│    ⇩ │ h │ a │ e │ n │ p │ b │ t │ i │ r │ s │ ⇘ │ ´ │   │
├────┬─┴─┬─┴─┬─┴─┬─┴─┬─┴─┬─┴─┬─┴─┬─┴─┬─┴─┬─┴─┬─┴─┬─┴───┴───┤
│  ⇧ │ ⇚ │ g │ ä │ ü │ c │ ö │ f │ d │ , │ . │ v │ ⇗       │
├────┼───┴┬──┴─┬─┴───┴───┴───┴───┴───┴─┬─┴──┬┴───┼────┬────┤
│Strg│ Fe │ Alt│      Leerzeichen      │ M4 │ Fe │ Me │Strg│
└────┴────┴────┴───────────────────────┴────┴────┴────┴────┘
# 9.251778765780005 x100 total penalty per letter
# 33.85902104363518 x10 billion total penalty compared to notime-noeffort
# 7.280624303217393 mean key position cost in file 1gramme.txt ( 53.29025212 )
# 9.135253456410476 % finger repeats in file 2gramme.txt ( 44.0995863471143 )
# 13.455878423611011 million keystrokes disbalance of the fingers ( 20.183817635416517 )
# 0.34352849332421054 % finger repeats top to bottom or vice versa ( 6.909799367879185 )
# 4.985574973802087 % of trigrams have no handswitching (after direction change counted x 1 ) ( 22.052766389755945 )
# 7.664461390849645 billion (rows²/dist)² to cross ( 99.6379980810454 )
# 0.010631784054943083 hand disbalance. Left: 0.4893682159450569 %, Right: 0.510631784054943 % ( 0.31127575283506315 )
# 1.463892377922877 badly positioned shortcut keys (weighted).
# 7.822730061839129 no handswitching after unbalancing key (weighted).
# 29.725738647037566 movement pattern cost (weighted).
# 0.8824260603777666 asymmetric bigram cost (weighted).
# 4.8538602019834745 irregularity cost (weighted).
# 20.405311745961328 manually assigned bigram penalty (weighted)
# 11.43797763769075 unbalancing key after neighboring finger (weighted)
# 0.8824260603777666 asymmetrc bigrams (weighted)
# 15.512778009492624 inconsistent symmetries of similar keys (weighted)
# 4.8538602019834745 irregularity cost for randomly sampled words (weighted).
# Finger load %: 11.2 5.9 13.8 10.4 - 13.2 9.2 9.3 11.4
 
