
# Evolved Layout
öogkj vbmlzßq
aehiu dtsrn⇘
üäxpy fc,.w
┌───┬───┬───┬───┬───┬───┬───┬───┬───┬───┬───┬───┬───┬──────┐
│ ^ │ 1 │ 2 │ 3 │ 4 │ 5 │ 6 │ 7 │ 8 │ 9 │ 0 │ - │ ` │ ←    │
├───┴─┬─┴─┬─┴─┬─┴─┬─┴─┬─┴─┬─┴─┬─┴─┬─┴─┬─┴─┬─┴─┬─┴─┬─┴─┬────┤
│   ⇥ │ ö │ o │ g │ k │ j │ v │ b │ m │ l │ z │ ß │ q │ Ret│
├─────┴┬──┴┬──┴┬──┴┬──┴┬──┴┬──┴┬──┴┬──┴┬──┴┬──┴┬──┴┬──┴┐   │
│    ⇩ │ a │ e │ h │ i │ u │ d │ t │ s │ r │ n │ ⇘ │ ´ │   │
├────┬─┴─┬─┴─┬─┴─┬─┴─┬─┴─┬─┴─┬─┴─┬─┴─┬─┴─┬─┴─┬─┴─┬─┴───┴───┤
│  ⇧ │ ⇚ │ ü │ ä │ x │ p │ y │ f │ c │ , │ . │ w │ ⇗       │
├────┼───┴┬──┴─┬─┴───┴───┴───┴───┴───┴─┬─┴──┬┴───┼────┬────┤
│Strg│ Fe │ Alt│      Leerzeichen      │ M4 │ Fe │ Me │Strg│
└────┴────┴────┴───────────────────────┴────┴────┴────┴────┘
# 9.253230785806101 x100 total penalty per letter
# 33.86433504625717 x10 billion total penalty compared to notime-noeffort
# 7.208362403643808 mean key position cost in file 1gramme.txt ( 52.7613339 )
# 11.475268211506902 % finger repeats in file 2gramme.txt ( 55.39578992135474 )
# 14.398020687342923 million keystrokes disbalance of the fingers ( 21.597031031014385 )
# 0.3843035117221909 % finger repeats top to bottom or vice versa ( 7.729956070530699 )
# 1.9547812606446722 % of trigrams have no handswitching (after direction change counted x 1 ) ( 8.64661241894722 )
# 8.082549213394271 billion (rows²/dist)² to cross ( 105.07313977412554 )
# 0.0173839982936263 hand disbalance. Left: 0.4826160017063737 %, Right: 0.5173839982936262 % ( 0.5089660519972768 )
# 1.0979192834421578 badly positioned shortcut keys (weighted).
# 8.465950504823205 no handswitching after unbalancing key (weighted).
# 26.209733561653575 movement pattern cost (weighted).
# 0.8627974594741294 asymmetric bigram cost (weighted).
# 4.178914874252149 irregularity cost (weighted).
# 19.72899486225159 manually assigned bigram penalty (weighted)
# 12.238299811286753 unbalancing key after neighboring finger (weighted)
# 0.8627974594741294 asymmetrc bigrams (weighted)
# 14.147910937418317 inconsistent symmetries of similar keys (weighted)
# 4.178914874252149 irregularity cost for randomly sampled words (weighted).
# Finger load %: 10.7 14.0 5.4 10.7 - 14.7 7.8 9.3 11.9
 
