
# Evolved Layout
öougß qplfvzj
maetk wnrsi⇘
cüädy bh,.x
┌───┬───┬───┬───┬───┬───┬───┬───┬───┬───┬───┬───┬───┬──────┐
│ ^ │ 1 │ 2 │ 3 │ 4 │ 5 │ 6 │ 7 │ 8 │ 9 │ 0 │ - │ ` │ ←    │
├───┴─┬─┴─┬─┴─┬─┴─┬─┴─┬─┴─┬─┴─┬─┴─┬─┴─┬─┴─┬─┴─┬─┴─┬─┴─┬────┤
│   ⇥ │ ö │ o │ u │ g │ ß │ q │ p │ l │ f │ v │ z │ j │ Ret│
├─────┴┬──┴┬──┴┬──┴┬──┴┬──┴┬──┴┬──┴┬──┴┬──┴┬──┴┬──┴┬──┴┐   │
│    ⇩ │ m │ a │ e │ t │ k │ w │ n │ r │ s │ i │ ⇘ │ ´ │   │
├────┬─┴─┬─┴─┬─┴─┬─┴─┬─┴─┬─┴─┬─┴─┬─┴─┬─┴─┬─┴─┬─┴─┬─┴───┴───┤
│  ⇧ │ ⇚ │ c │ ü │ ä │ d │ y │ b │ h │ , │ . │ x │ ⇗       │
├────┼───┴┬──┴─┬─┴───┴───┴───┴───┴───┴─┬─┴──┬┴───┼────┬────┤
│Strg│ Fe │ Alt│      Leerzeichen      │ M4 │ Fe │ Me │Strg│
└────┴────┴────┴───────────────────────┴────┴────┴────┴────┘
# 9.420656445396537 x100 total penalty per letter
# 34.47706791361504 x10 billion total penalty compared to notime-noeffort
# 7.43156078142593 mean key position cost in file 1gramme.txt ( 54.39502592 )
# 11.554759388980841 % finger repeats in file 2gramme.txt ( 55.77952618675478 )
# 12.076795203353937 million keystrokes disbalance of the fingers ( 18.115192805030908 )
# 0.3503545330997924 % finger repeats top to bottom or vice versa ( 7.047099668270628 )
# 3.4027879329285424 % of trigrams have no handswitching (after direction change counted x 1 ) ( 15.0516014207136 )
# 8.465967374909543 billion (rows²/dist)² to cross ( 110.05757587382405 )
# 0.007477171713700215 hand disbalance. Left: 0.5074771717137002 %, Right: 0.49252282828629973 % ( 0.21891549360212562 )
# 1.0979192834421578 badly positioned shortcut keys (weighted).
# 7.271365131985315 no handswitching after unbalancing key (weighted).
# 29.089170434521765 movement pattern cost (weighted).
# 0.8787086955057398 asymmetric bigram cost (weighted).
# 5.684694099811614 irregularity cost (weighted).
# 19.341609518341226 manually assigned bigram penalty (weighted)
# 10.734015187221098 unbalancing key after neighboring finger (weighted)
# 0.8787086955057398 asymmetrc bigrams (weighted)
# 10.00825941712545 inconsistent symmetries of similar keys (weighted)
# 5.684694099811614 irregularity cost for randomly sampled words (weighted).
# Finger load %: 9.8 7.7 13.6 11.8 - 14.2 9.1 7.5 10.8
 
