
# Evolved Layout
üklvß pwyfäqö
irnhm ctesa⇘
uxjgz bd,.o
┌───┬───┬───┬───┬───┬───┬───┬───┬───┬───┬───┬───┬───┬──────┐
│ ^ │ 1 │ 2 │ 3 │ 4 │ 5 │ 6 │ 7 │ 8 │ 9 │ 0 │ - │ ` │ ←    │
├───┴─┬─┴─┬─┴─┬─┴─┬─┴─┬─┴─┬─┴─┬─┴─┬─┴─┬─┴─┬─┴─┬─┴─┬─┴─┬────┤
│   ⇥ │ ü │ k │ l │ v │ ß │ p │ w │ y │ f │ ä │ q │ ö │ Ret│
├─────┴┬──┴┬──┴┬──┴┬──┴┬──┴┬──┴┬──┴┬──┴┬──┴┬──┴┬──┴┬──┴┐   │
│    ⇩ │ i │ r │ n │ h │ m │ c │ t │ e │ s │ a │ ⇘ │ ´ │   │
├────┬─┴─┬─┴─┬─┴─┬─┴─┬─┴─┬─┴─┬─┴─┬─┴─┬─┴─┬─┴─┬─┴─┬─┴───┴───┤
│  ⇧ │ ⇚ │ u │ x │ j │ g │ z │ b │ d │ , │ . │ o │ ⇗       │
├────┼───┴┬──┴─┬─┴───┴───┴───┴───┴───┴─┬─┴──┬┴───┼────┬────┤
│Strg│ Fe │ Alt│      Leerzeichen      │ M4 │ Fe │ Me │Strg│
└────┴────┴────┴───────────────────────┴────┴────┴────┴────┘
# 9.63723847048948 x100 total penalty per letter
# 35.26969985293669 x10 billion total penalty compared to notime-noeffort
# 7.681093152458772 mean key position cost in file 1gramme.txt ( 56.2214686 )
# 9.709511728450117 % finger repeats in file 2gramme.txt ( 46.87176474087149 )
# 15.67389096066286 million keystrokes disbalance of the fingers ( 23.51083644099429 )
# 0.34126292506811007 % finger repeats top to bottom or vice versa ( 6.864229284441839 )
# 4.219379320241078 % of trigrams have no handswitching (after direction change counted x 1 ) ( 18.66364199675909 )
# 8.311346026289245 billion (rows²/dist)² to cross ( 108.04749834176019 )
# 0.04358266047314574 hand disbalance. Left: 0.45641733952685426 %, Right: 0.5435826604731457 % ( 1.276006489524774 )
# 0.7319461889614385 badly positioned shortcut keys (weighted).
# 8.601259205121055 no handswitching after unbalancing key (weighted).
# 32.95516526625879 movement pattern cost (weighted).
# 0.8830125087321711 asymmetric bigram cost (weighted).
# 7.382818911111246 irregularity cost (weighted).
# 19.586521778015292 manually assigned bigram penalty (weighted)
# 13.65967293115662 unbalancing key after neighboring finger (weighted)
# 0.8830125087321711 asymmetrc bigrams (weighted)
# 7.4411558456585665 inconsistent symmetries of similar keys (weighted)
# 7.382818911111246 irregularity cost for randomly sampled words (weighted).
# Finger load %: 14.0 6.4 9.4 8.7 - 14.8 12.4 7.5 11.2
 
