
# Evolved Layout
öogkq wfclzßj
iaheä dstrn⇘
uüvyx mb,.p
┌───┬───┬───┬───┬───┬───┬───┬───┬───┬───┬───┬───┬───┬──────┐
│ ^ │ 1 │ 2 │ 3 │ 4 │ 5 │ 6 │ 7 │ 8 │ 9 │ 0 │ - │ ` │ ←    │
├───┴─┬─┴─┬─┴─┬─┴─┬─┴─┬─┴─┬─┴─┬─┴─┬─┴─┬─┴─┬─┴─┬─┴─┬─┴─┬────┤
│   ⇥ │ ö │ o │ g │ k │ q │ w │ f │ c │ l │ z │ ß │ j │ Ret│
├─────┴┬──┴┬──┴┬──┴┬──┴┬──┴┬──┴┬──┴┬──┴┬──┴┬──┴┬──┴┬──┴┐   │
│    ⇩ │ i │ a │ h │ e │ ä │ d │ s │ t │ r │ n │ ⇘ │ ´ │   │
├────┬─┴─┬─┴─┬─┴─┬─┴─┬─┴─┬─┴─┬─┴─┬─┴─┬─┴─┬─┴─┬─┴─┬─┴───┴───┤
│  ⇧ │ ⇚ │ u │ ü │ v │ y │ x │ m │ b │ , │ . │ p │ ⇗       │
├────┼───┴┬──┴─┬─┴───┴───┴───┴───┴───┴─┬─┴──┬┴───┼────┬────┤
│Strg│ Fe │ Alt│      Leerzeichen      │ M4 │ Fe │ Me │Strg│
└────┴────┴────┴───────────────────────┴────┴────┴────┴────┘
# 9.345809442420443 x100 total penalty per letter
# 34.20314802069735 x10 billion total penalty compared to notime-noeffort
# 7.6193860369888675 mean key position cost in file 1gramme.txt ( 55.76980572 )
# 12.715022996896316 % finger repeats in file 2gramme.txt ( 61.380590832287666 )
# 16.11857054963133 million keystrokes disbalance of the fingers ( 24.17785582444699 )
# 0.3272956957023024 % finger repeats top to bottom or vice versa ( 6.583289698589791 )
# 1.7985289602166306 % of trigrams have no handswitching (after direction change counted x 1 ) ( 7.955459342861044 )
# 7.9358809346194885 billion (rows²/dist)² to cross ( 103.16645215005336 )
# 0.021254370826120028 hand disbalance. Left: 0.47874562917387997 %, Right: 0.52125437082612 % ( 0.6222822289980694 )
# 1.0979192834421578 badly positioned shortcut keys (weighted).
# 9.673097398427121 no handswitching after unbalancing key (weighted).
# 26.37998050483411 movement pattern cost (weighted).
# 0.8686616481996967 asymmetric bigram cost (weighted).
# 3.7141057280962806 irregularity cost (weighted).
# 22.44060974306447 manually assigned bigram penalty (weighted)
# 10.411404643629234 unbalancing key after neighboring finger (weighted)
# 0.8686616481996967 asymmetrc bigrams (weighted)
# 7.789965460043591 inconsistent symmetries of similar keys (weighted)
# 3.7141057280962806 irregularity cost for randomly sampled words (weighted).
# Finger load %: 14.0 7.7 5.9 12.8 - 14.7 8.3 9.3 11.7
 
