
# Evolved Layout
jouvq wgdayxß
cehnb fstir⇘
züölp mk,.ä
┌───┬───┬───┬───┬───┬───┬───┬───┬───┬───┬───┬───┬───┬──────┐
│ ^ │ 1 │ 2 │ 3 │ 4 │ 5 │ 6 │ 7 │ 8 │ 9 │ 0 │ - │ ` │ ←    │
├───┴─┬─┴─┬─┴─┬─┴─┬─┴─┬─┴─┬─┴─┬─┴─┬─┴─┬─┴─┬─┴─┬─┴─┬─┴─┬────┤
│   ⇥ │ j │ o │ u │ v │ q │ w │ g │ d │ a │ y │ x │ ß │ Ret│
├─────┴┬──┴┬──┴┬──┴┬──┴┬──┴┬──┴┬──┴┬──┴┬──┴┬──┴┬──┴┬──┴┐   │
│    ⇩ │ c │ e │ h │ n │ b │ f │ s │ t │ i │ r │ ⇘ │ ´ │   │
├────┬─┴─┬─┴─┬─┴─┬─┴─┬─┴─┬─┴─┬─┴─┬─┴─┬─┴─┬─┴─┬─┴─┬─┴───┴───┤
│  ⇧ │ ⇚ │ z │ ü │ ö │ l │ p │ m │ k │ , │ . │ ä │ ⇗       │
├────┼───┴┬──┴─┬─┴───┴───┴───┴───┴───┴─┬─┴──┬┴───┼────┬────┤
│Strg│ Fe │ Alt│      Leerzeichen      │ M4 │ Fe │ Me │Strg│
└────┴────┴────┴───────────────────────┴────┴────┴────┴────┘
# 9.648204512142287 x100 total penalty per letter
# 35.30983261491551 x10 billion total penalty compared to notime-noeffort
# 7.48324653725134 mean key position cost in file 1gramme.txt ( 54.77333784 )
# 11.19599253931207 % finger repeats in file 2gramme.txt ( 54.04761259060297 )
# 11.724908831143503 million keystrokes disbalance of the fingers ( 17.587363246715256 )
# 0.4003577790413059 % finger repeats top to bottom or vice versa ( 8.052874746358532 )
# 5.83186023496683 % of trigrams have no handswitching (after direction change counted x 1 ) ( 25.796152310462897 )
# 7.884064455078536 billion (rows²/dist)² to cross ( 102.49283791602096 )
# 0.011881429103586638 hand disbalance. Left: 0.48811857089641336 %, Right: 0.5118814291035867 % ( 0.34786267007143046 )
# 0.36597309448071924 badly positioned shortcut keys (weighted).
# 9.921512470895559 no handswitching after unbalancing key (weighted).
# 35.94356796158003 movement pattern cost (weighted).
# 0.8868317244001945 asymmetric bigram cost (weighted).
# 8.270403208155521 irregularity cost (weighted).
# 16.48485114609909 manually assigned bigram penalty (weighted)
# 12.206664105965189 unbalancing key after neighboring finger (weighted)
# 0.8868317244001945 asymmetrc bigrams (weighted)
# 5.920481117346759 inconsistent symmetries of similar keys (weighted)
# 8.270403208155521 irregularity cost for randomly sampled words (weighted).
# Finger load %: 8.8 14.0 5.9 12.5 - 13.0 9.3 11.3 9.5
 
