
# Evolved Layout
äzcpj üvofköß
irntb wlesh⇘
ayxgq um,.d
┌───┬───┬───┬───┬───┬───┬───┬───┬───┬───┬───┬───┬───┬──────┐
│ ^ │ 1 │ 2 │ 3 │ 4 │ 5 │ 6 │ 7 │ 8 │ 9 │ 0 │ - │ ` │ ←    │
├───┴─┬─┴─┬─┴─┬─┴─┬─┴─┬─┴─┬─┴─┬─┴─┬─┴─┬─┴─┬─┴─┬─┴─┬─┴─┬────┤
│   ⇥ │ ä │ z │ c │ p │ j │ ü │ v │ o │ f │ k │ ö │ ß │ Ret│
├─────┴┬──┴┬──┴┬──┴┬──┴┬──┴┬──┴┬──┴┬──┴┬──┴┬──┴┬──┴┬──┴┐   │
│    ⇩ │ i │ r │ n │ t │ b │ w │ l │ e │ s │ h │ ⇘ │ ´ │   │
├────┬─┴─┬─┴─┬─┴─┬─┴─┬─┴─┬─┴─┬─┴─┬─┴─┬─┴─┬─┴─┬─┴─┬─┴───┴───┤
│  ⇧ │ ⇚ │ a │ y │ x │ g │ q │ u │ m │ , │ . │ d │ ⇗       │
├────┼───┴┬──┴─┬─┴───┴───┴───┴───┴───┴─┬─┴──┬┴───┼────┬────┤
│Strg│ Fe │ Alt│      Leerzeichen      │ M4 │ Fe │ Me │Strg│
└────┴────┴────┴───────────────────────┴────┴────┴────┴────┘
# 10.18375727189706 x100 total penalty per letter
# 37.269811622366944 x10 billion total penalty compared to notime-noeffort
# 7.846505672977242 mean key position cost in file 1gramme.txt ( 57.43219924 )
# 12.562799281220546 % finger repeats in file 2gramme.txt ( 60.645745003920254 )
# 17.34663377217655 million keystrokes disbalance of the fingers ( 26.019950658264825 )
# 0.3530945240512373 % finger repeats top to bottom or vice versa ( 7.102212382680668 )
# 3.825164705741391 % of trigrams have no handswitching (after direction change counted x 1 ) ( 16.91990675124147 )
# 8.533126531147216 billion (rows²/dist)² to cross ( 110.9306449049138 )
# 0.019725035029810045 hand disbalance. Left: 0.48027496497018995 %, Right: 0.51972503502981 % ( 0.5775065686880135 )
# 0.36597309448071924 badly positioned shortcut keys (weighted).
# 7.158601673366495 no handswitching after unbalancing key (weighted).
# 33.03210703356815 movement pattern cost (weighted).
# 0.8777593573559312 asymmetric bigram cost (weighted).
# 5.92598129277564 irregularity cost (weighted).
# 22.2072248425615 manually assigned bigram penalty (weighted)
# 10.14066645684661 unbalancing key after neighboring finger (weighted)
# 0.8777593573559312 asymmetrc bigrams (weighted)
# 13.361636963005326 inconsistent symmetries of similar keys (weighted)
# 5.92598129277564 irregularity cost for randomly sampled words (weighted).
# Finger load %: 15.8 6.3 8.8 9.6 - 10.3 14.7 7.5 11.4
 
