
# Evolved Layout
üompk xäclfjß
uehtg vanrs⇘
yöbdq zi,.w
┌───┬───┬───┬───┬───┬───┬───┬───┬───┬───┬───┬───┬───┬──────┐
│ ^ │ 1 │ 2 │ 3 │ 4 │ 5 │ 6 │ 7 │ 8 │ 9 │ 0 │ - │ ` │ ←    │
├───┴─┬─┴─┬─┴─┬─┴─┬─┴─┬─┴─┬─┴─┬─┴─┬─┴─┬─┴─┬─┴─┬─┴─┬─┴─┬────┤
│   ⇥ │ ü │ o │ m │ p │ k │ x │ ä │ c │ l │ f │ j │ ß │ Ret│
├─────┴┬──┴┬──┴┬──┴┬──┴┬──┴┬──┴┬──┴┬──┴┬──┴┬──┴┬──┴┬──┴┐   │
│    ⇩ │ u │ e │ h │ t │ g │ v │ a │ n │ r │ s │ ⇘ │ ´ │   │
├────┬─┴─┬─┴─┬─┴─┬─┴─┬─┴─┬─┴─┬─┴─┬─┴─┬─┴─┬─┴─┬─┴─┬─┴───┴───┤
│  ⇧ │ ⇚ │ y │ ö │ b │ d │ q │ z │ i │ , │ . │ w │ ⇗       │
├────┼───┴┬──┴─┬─┴───┴───┴───┴───┴───┴─┬─┴──┬┴───┼────┬────┤
│Strg│ Fe │ Alt│      Leerzeichen      │ M4 │ Fe │ Me │Strg│
└────┴────┴────┴───────────────────────┴────┴────┴────┴────┘
# 9.746965200437812 x100 total penalty per letter
# 35.6712701620011 x10 billion total penalty compared to notime-noeffort
# 7.432450773080815 mean key position cost in file 1gramme.txt ( 54.40154018 )
# 11.256810494027528 % finger repeats in file 2gramme.txt ( 54.34120561002238 )
# 12.452170234296926 million keystrokes disbalance of the fingers ( 18.67825535144539 )
# 0.3835813467954587 % finger repeats top to bottom or vice versa ( 7.715430303814954 )
# 4.1915467323249995 % of trigrams have no handswitching (after direction change counted x 1 ) ( 18.540529705286012 )
# 8.94253372488526 billion (rows²/dist)² to cross ( 116.25293842350838 )
# 0.010613651893854437 hand disbalance. Left: 0.48938634810614556 %, Right: 0.5106136518938544 % ( 0.31074488218680435 )
# 1.463892377922877 badly positioned shortcut keys (weighted).
# 8.46724027130578 no handswitching after unbalancing key (weighted).
# 30.66723405398948 movement pattern cost (weighted).
# 0.8673244347627406 asymmetric bigram cost (weighted).
# 4.585960578450345 irregularity cost (weighted).
# 19.355261711653984 manually assigned bigram penalty (weighted)
# 12.525685826333982 unbalancing key after neighboring finger (weighted)
# 0.8673244347627406 asymmetrc bigrams (weighted)
# 8.539457909327819 inconsistent symmetries of similar keys (weighted)
# 4.585960578450345 irregularity cost for randomly sampled words (weighted).
# Finger load %: 8.6 13.8 6.5 12.3 - 12.6 9.8 9.3 11.4
 
