
# Evolved Layout
öutcj xfyokzß
rilnp gsead⇘
äüvbq wm,.h
┌───┬───┬───┬───┬───┬───┬───┬───┬───┬───┬───┬───┬───┬──────┐
│ ^ │ 1 │ 2 │ 3 │ 4 │ 5 │ 6 │ 7 │ 8 │ 9 │ 0 │ - │ ` │ ←    │
├───┴─┬─┴─┬─┴─┬─┴─┬─┴─┬─┴─┬─┴─┬─┴─┬─┴─┬─┴─┬─┴─┬─┴─┬─┴─┬────┤
│   ⇥ │ ö │ u │ t │ c │ j │ x │ f │ y │ o │ k │ z │ ß │ Ret│
├─────┴┬──┴┬──┴┬──┴┬──┴┬──┴┬──┴┬──┴┬──┴┬──┴┬──┴┬──┴┬──┴┐   │
│    ⇩ │ r │ i │ l │ n │ p │ g │ s │ e │ a │ d │ ⇘ │ ´ │   │
├────┬─┴─┬─┴─┬─┴─┬─┴─┬─┴─┬─┴─┬─┴─┬─┴─┬─┴─┬─┴─┬─┴─┬─┴───┴───┤
│  ⇧ │ ⇚ │ ä │ ü │ v │ b │ q │ w │ m │ , │ . │ h │ ⇗       │
├────┼───┴┬──┴─┬─┴───┴───┴───┴───┴───┴─┬─┴──┬┴───┼────┬────┤
│Strg│ Fe │ Alt│      Leerzeichen      │ M4 │ Fe │ Me │Strg│
└────┴────┴────┴───────────────────────┴────┴────┴────┴────┘
# 9.567309045440417 x100 total penalty per letter
# 35.01377697213206 x10 billion total penalty compared to notime-noeffort
# 7.533898621460707 mean key position cost in file 1gramme.txt ( 55.14408384 )
# 9.99581645922791 % finger repeats in file 2gramme.txt ( 48.25387419812608 )
# 13.36208333880259 million keystrokes disbalance of the fingers ( 20.043125008203884 )
# 0.39126066428025835 % finger repeats top to bottom or vice versa ( 7.869893599097228 )
# 3.6829199261330627 % of trigrams have no handswitching (after direction change counted x 1 ) ( 16.290713345997673 )
# 8.212267733403465 billion (rows²/dist)² to cross ( 106.75948053424506 )
# 0.0314597884916365 hand disbalance. Left: 0.4685402115083635 %, Right: 0.5314597884916364 % ( 0.9210748916794502 )
# 0.7319461889614385 badly positioned shortcut keys (weighted).
# 7.788729675639045 no handswitching after unbalancing key (weighted).
# 34.027010516450765 movement pattern cost (weighted).
# 0.8970437107794683 asymmetric bigram cost (weighted).
# 5.258789446166631 irregularity cost (weighted).
# 17.116942983485217 manually assigned bigram penalty (weighted)
# 14.21990300176605 unbalancing key after neighboring finger (weighted)
# 0.8970437107794683 asymmetrc bigrams (weighted)
# 14.815158780722577 inconsistent symmetries of similar keys (weighted)
# 5.258789446166631 irregularity cost for randomly sampled words (weighted).
# Finger load %: 11.3 8.5 8.3 11.4 - 12.2 12.4 8.6 11.7
 
