
# Evolved Layout
jplüö vfackqß
hnrey gsidt⇘
uzxoä wm,.b
┌───┬───┬───┬───┬───┬───┬───┬───┬───┬───┬───┬───┬───┬──────┐
│ ^ │ 1 │ 2 │ 3 │ 4 │ 5 │ 6 │ 7 │ 8 │ 9 │ 0 │ - │ ` │ ←    │
├───┴─┬─┴─┬─┴─┬─┴─┬─┴─┬─┴─┬─┴─┬─┴─┬─┴─┬─┴─┬─┴─┬─┴─┬─┴─┬────┤
│   ⇥ │ j │ p │ l │ ü │ ö │ v │ f │ a │ c │ k │ q │ ß │ Ret│
├─────┴┬──┴┬──┴┬──┴┬──┴┬──┴┬──┴┬──┴┬──┴┬──┴┬──┴┬──┴┬──┴┐   │
│    ⇩ │ h │ n │ r │ e │ y │ g │ s │ i │ d │ t │ ⇘ │ ´ │   │
├────┬─┴─┬─┴─┬─┴─┬─┴─┬─┴─┬─┴─┬─┴─┬─┴─┬─┴─┬─┴─┬─┴─┬─┴───┴───┤
│  ⇧ │ ⇚ │ u │ z │ x │ o │ ä │ w │ m │ , │ . │ b │ ⇗       │
├────┼───┴┬──┴─┬─┴───┴───┴───┴───┴───┴─┬─┴──┬┴───┼────┬────┤
│Strg│ Fe │ Alt│      Leerzeichen      │ M4 │ Fe │ Me │Strg│
└────┴────┴────┴───────────────────────┴────┴────┴────┴────┘
# 9.212912519907455 x100 total penalty per letter
# 33.71678104090693 x10 billion total penalty compared to notime-noeffort
# 7.451360428201281 mean key position cost in file 1gramme.txt ( 54.53994868 )
# 9.67827810652841 % finger repeats in file 2gramme.txt ( 46.720987336233314 )
# 13.5368599429821 million keystrokes disbalance of the fingers ( 20.30528991447315 )
# 0.3409991082005919 % finger repeats top to bottom or vice versa ( 6.8589228203207036 )
# 4.799428663983929 % of trigrams have no handswitching (after direction change counted x 1 ) ( 21.22938270656877 )
# 7.37797923194127 billion (rows²/dist)² to cross ( 95.91373001523651 )
# 0.01041849243827253 hand disbalance. Left: 0.5104184924382725 %, Right: 0.48958150756172747 % ( 0.3050310333966858 )
# 0.7319461889614385 badly positioned shortcut keys (weighted).
# 6.8231405472239075 no handswitching after unbalancing key (weighted).
# 29.295527968807118 movement pattern cost (weighted).
# 0.8709491965372582 asymmetric bigram cost (weighted).
# 3.5864423442329856 irregularity cost (weighted).
# 21.691799153852983 manually assigned bigram penalty (weighted)
# 11.194106854825591 unbalancing key after neighboring finger (weighted)
# 0.8709491965372582 asymmetrc bigrams (weighted)
# 17.10060564839899 inconsistent symmetries of similar keys (weighted)
# 3.5864423442329856 irregularity cost for randomly sampled words (weighted).
# Finger load %: 12.0 8.3 8.0 14.8 - 12.7 11.1 6.9 10.6
 
