
# Evolved Layout
jmgbü öäidwxß
rshnl yeutc⇘
zvkpq oa,.f
┌───┬───┬───┬───┬───┬───┬───┬───┬───┬───┬───┬───┬───┬──────┐
│ ^ │ 1 │ 2 │ 3 │ 4 │ 5 │ 6 │ 7 │ 8 │ 9 │ 0 │ - │ ` │ ←    │
├───┴─┬─┴─┬─┴─┬─┴─┬─┴─┬─┴─┬─┴─┬─┴─┬─┴─┬─┴─┬─┴─┬─┴─┬─┴─┬────┤
│   ⇥ │ j │ m │ g │ b │ ü │ ö │ ä │ i │ d │ w │ x │ ß │ Ret│
├─────┴┬──┴┬──┴┬──┴┬──┴┬──┴┬──┴┬──┴┬──┴┬──┴┬──┴┬──┴┬──┴┐   │
│    ⇩ │ r │ s │ h │ n │ l │ y │ e │ u │ t │ c │ ⇘ │ ´ │   │
├────┬─┴─┬─┴─┬─┴─┬─┴─┬─┴─┬─┴─┬─┴─┬─┴─┬─┴─┬─┴─┬─┴─┬─┴───┴───┤
│  ⇧ │ ⇚ │ z │ v │ k │ p │ q │ o │ a │ , │ . │ f │ ⇗       │
├────┼───┴┬──┴─┬─┴───┴───┴───┴───┴───┴─┬─┴──┬┴───┼────┬────┤
│Strg│ Fe │ Alt│      Leerzeichen      │ M4 │ Fe │ Me │Strg│
└────┴────┴────┴───────────────────────┴────┴────┴────┴────┘
# 9.341115770241236 x100 total penalty per letter
# 34.185970443378324 x10 billion total penalty compared to notime-noeffort
# 7.454487073348853 mean key position cost in file 1gramme.txt ( 54.56283404 )
# 12.792661438433772 % finger repeats in file 2gramme.txt ( 61.75538318728618 )
# 13.16350311302919 million keystrokes disbalance of the fingers ( 19.745254669543787 )
# 0.3518736554826463 % finger repeats top to bottom or vice versa ( 7.077655593280517 )
# 2.8547169118392506 % of trigrams have no handswitching (after direction change counted x 1 ) ( 12.627310891218306 )
# 8.393441455199175 billion (rows²/dist)² to cross ( 109.11473891758928 )
# 0.06331069490006064 hand disbalance. Left: 0.43668930509993936 %, Right: 0.5633106949000607 % ( 1.8536008741039907 )
# 0.7319461889614385 badly positioned shortcut keys (weighted).
# 7.7358024477221905 no handswitching after unbalancing key (weighted).
# 23.55023341999947 movement pattern cost (weighted).
# 0.8776125205935317 asymmetric bigram cost (weighted).
# 5.385990800845361 irregularity cost (weighted).
# 16.97282257952051 manually assigned bigram penalty (weighted)
# 9.890630271459097 unbalancing key after neighboring finger (weighted)
# 0.8776125205935317 asymmetrc bigrams (weighted)
# 9.977888031659656 inconsistent symmetries of similar keys (weighted)
# 5.385990800845361 irregularity cost for randomly sampled words (weighted).
# Finger load %: 11.0 7.4 6.2 12.2 - 19.7 9.2 9.5 9.1
 
