
# Evolved Layout
ülhpq öäywfjß
srunm zaetd⇘
gxkbv oi,.c
┌───┬───┬───┬───┬───┬───┬───┬───┬───┬───┬───┬───┬───┬──────┐
│ ^ │ 1 │ 2 │ 3 │ 4 │ 5 │ 6 │ 7 │ 8 │ 9 │ 0 │ - │ ` │ ←    │
├───┴─┬─┴─┬─┴─┬─┴─┬─┴─┬─┴─┬─┴─┬─┴─┬─┴─┬─┴─┬─┴─┬─┴─┬─┴─┬────┤
│   ⇥ │ ü │ l │ h │ p │ q │ ö │ ä │ y │ w │ f │ j │ ß │ Ret│
├─────┴┬──┴┬──┴┬──┴┬──┴┬──┴┬──┴┬──┴┬──┴┬──┴┬──┴┬──┴┬──┴┐   │
│    ⇩ │ s │ r │ u │ n │ m │ z │ a │ e │ t │ d │ ⇘ │ ´ │   │
├────┬─┴─┬─┴─┬─┴─┬─┴─┬─┴─┬─┴─┬─┴─┬─┴─┬─┴─┬─┴─┬─┴─┬─┴───┴───┤
│  ⇧ │ ⇚ │ g │ x │ k │ b │ v │ o │ i │ , │ . │ c │ ⇗       │
├────┼───┴┬──┴─┬─┴───┴───┴───┴───┴───┴─┬─┴──┬┴───┼────┬────┤
│Strg│ Fe │ Alt│      Leerzeichen      │ M4 │ Fe │ Me │Strg│
└────┴────┴────┴───────────────────────┴────┴────┴────┴────┘
# 9.648885731618007 x100 total penalty per letter
# 35.31232569491101 x10 billion total penalty compared to notime-noeffort
# 7.761943505794129 mean key position cost in file 1gramme.txt ( 56.81324968 )
# 11.403326746772047 % finger repeats in file 2gramme.txt ( 55.048499191967665 )
# 14.065071538717932 million keystrokes disbalance of the fingers ( 21.0976073080769 )
# 0.32944091909084294 % finger repeats top to bottom or vice versa ( 6.62643914180092 )
# 3.1693145744832263 % of trigrams have no handswitching (after direction change counted x 1 ) ( 14.018875314079647 )
# 8.25896449119584 billion (rows²/dist)² to cross ( 107.36653838554592 )
# 0.040458881379569045 hand disbalance. Left: 0.45954111862043096 %, Right: 0.5404588813795691 % ( 1.1845489614167388 )
# 1.0979192834421578 badly positioned shortcut keys (weighted).
# 8.026909206998237 no handswitching after unbalancing key (weighted).
# 28.08208907996749 movement pattern cost (weighted).
# 0.8982190730357958 asymmetric bigram cost (weighted).
# 9.048144501861657 irregularity cost (weighted).
# 21.95510116052269 manually assigned bigram penalty (weighted)
# 10.366964040085842 unbalancing key after neighboring finger (weighted)
# 0.8982190730357958 asymmetrc bigrams (weighted)
# 11.492152620308493 inconsistent symmetries of similar keys (weighted)
# 9.048144501861657 irregularity cost for randomly sampled words (weighted).
# Finger load %: 12.2 8.2 6.7 11.6 - 14.6 12.4 7.4 11.2
 

# Evolved Layout
jocyö pflmkvß
iareä btnsh⇘
üxzuq wd,.g
┌───┬───┬───┬───┬───┬───┬───┬───┬───┬───┬───┬───┬───┬──────┐
│ ^ │ 1 │ 2 │ 3 │ 4 │ 5 │ 6 │ 7 │ 8 │ 9 │ 0 │ - │ ` │ ←    │
├───┴─┬─┴─┬─┴─┬─┴─┬─┴─┬─┴─┬─┴─┬─┴─┬─┴─┬─┴─┬─┴─┬─┴─┬─┴─┬────┤
│   ⇥ │ j │ o │ c │ y │ ö │ p │ f │ l │ m │ k │ v │ ß │ Ret│
├─────┴┬──┴┬──┴┬──┴┬──┴┬──┴┬──┴┬──┴┬──┴┬──┴┬──┴┬──┴┬──┴┐   │
│    ⇩ │ i │ a │ r │ e │ ä │ b │ t │ n │ s │ h │ ⇘ │ ´ │   │
├────┬─┴─┬─┴─┬─┴─┬─┴─┬─┴─┬─┴─┬─┴─┬─┴─┬─┴─┬─┴─┬─┴─┬─┴───┴───┤
│  ⇧ │ ⇚ │ ü │ x │ z │ u │ q │ w │ d │ , │ . │ g │ ⇗       │
├────┼───┴┬──┴─┬─┴───┴───┴───┴───┴───┴─┬─┴──┬┴───┼────┬────┤
│Strg│ Fe │ Alt│      Leerzeichen      │ M4 │ Fe │ Me │Strg│
└────┴────┴────┴───────────────────────┴────┴────┴────┴────┘
# 8.922732379389181 x100 total penalty per letter
# 32.6547998010837 x10 billion total penalty compared to notime-noeffort
# 7.374015922752967 mean key position cost in file 1gramme.txt ( 53.97382852 )
# 11.181974934922994 % finger repeats in file 2gramme.txt ( 53.979943909259276 )
# 13.289622934601342 million keystrokes disbalance of the fingers ( 19.934434401902013 )
# 0.3862375147600168 % finger repeats top to bottom or vice versa ( 7.768856986256585 )
# 2.227241509048968 % of trigrams have no handswitching (after direction change counted x 1 ) ( 9.8517898037279 )
# 8.123033703401383 billion (rows²/dist)² to cross ( 105.59943814421798 )
# 0.0044760465046761455 hand disbalance. Left: 0.49552395349532385 %, Right: 0.5044760465046761 % ( 0.1310490072284749 )
# 0.36597309448071924 badly positioned shortcut keys (weighted).
# 8.450473125377624 no handswitching after unbalancing key (weighted).
# 24.147899742609635 movement pattern cost (weighted).
# 0.8770040154001355 asymmetric bigram cost (weighted).
# 9.922580193864125 irregularity cost (weighted).
# 16.474983762072597 manually assigned bigram penalty (weighted)
# 10.232472555377043 unbalancing key after neighboring finger (weighted)
# 0.8770040154001355 asymmetrc bigrams (weighted)
# 4.837270749062918 inconsistent symmetries of similar keys (weighted)
# 9.922580193864125 irregularity cost for randomly sampled words (weighted).
# Finger load %: 12.1 7.5 7.9 14.3 - 14.0 10.5 8.0 10.1
 
