
# Evolved Layout
zouyj vfldkqß
aeinp msrth⇘
äüöcx wb,.g
┌───┬───┬───┬───┬───┬───┬───┬───┬───┬───┬───┬───┬───┬──────┐
│ ^ │ 1 │ 2 │ 3 │ 4 │ 5 │ 6 │ 7 │ 8 │ 9 │ 0 │ - │ ` │ ←    │
├───┴─┬─┴─┬─┴─┬─┴─┬─┴─┬─┴─┬─┴─┬─┴─┬─┴─┬─┴─┬─┴─┬─┴─┬─┴─┬────┤
│   ⇥ │ z │ o │ u │ y │ j │ v │ f │ l │ d │ k │ q │ ß │ Ret│
├─────┴┬──┴┬──┴┬──┴┬──┴┬──┴┬──┴┬──┴┬──┴┬──┴┬──┴┬──┴┬──┴┐   │
│    ⇩ │ a │ e │ i │ n │ p │ m │ s │ r │ t │ h │ ⇘ │ ´ │   │
├────┬─┴─┬─┴─┬─┴─┬─┴─┬─┴─┬─┴─┬─┴─┬─┴─┬─┴─┬─┴─┬─┴─┬─┴───┴───┤
│  ⇧ │ ⇚ │ ä │ ü │ ö │ c │ x │ w │ b │ , │ . │ g │ ⇗       │
├────┼───┴┬──┴─┬─┴───┴───┴───┴───┴───┴─┬─┴──┬┴───┼────┬────┤
│Strg│ Fe │ Alt│      Leerzeichen      │ M4 │ Fe │ Me │Strg│
└────┴────┴────┴───────────────────────┴────┴────┴────┴────┘
# 8.97367529975889 x100 total penalty per letter
# 32.84123718317957 x10 billion total penalty compared to notime-noeffort
# 7.2286931331761455 mean key position cost in file 1gramme.txt ( 52.9101439 )
# 9.313236881494586 % finger repeats in file 2gramme.txt ( 44.95878477661643 )
# 12.78310925780999 million keystrokes disbalance of the fingers ( 19.174663886714985 )
# 0.3433634997767699 % finger repeats top to bottom or vice versa ( 6.906480655364897 )
# 2.9217463304553917 % of trigrams have no handswitching (after direction change counted x 1 ) ( 12.923803094775648 )
# 8.228345937531829 billion (rows²/dist)² to cross ( 106.96849718791377 )
# 0.021210103568276573 hand disbalance. Left: 0.5212101035682766 %, Right: 0.4787898964317234 % ( 0.6209861789710979 )
# 1.0979192834421578 badly positioned shortcut keys (weighted).
# 8.478087330838733 no handswitching after unbalancing key (weighted).
# 30.76804127162541 movement pattern cost (weighted).
# 0.8836888305386186 asymmetric bigram cost (weighted).
# 2.7984785519818574 irregularity cost (weighted).
# 16.761774985742235 manually assigned bigram penalty (weighted)
# 12.017678891346398 unbalancing key after neighboring finger (weighted)
# 0.8836888305386186 asymmetrc bigrams (weighted)
# 11.143343005923468 inconsistent symmetries of similar keys (weighted)
# 2.7984785519818574 irregularity cost for randomly sampled words (weighted).
# Finger load %: 11.3 14.0 8.1 10.5 - 12.1 9.1 9.5 9.7
 

# Evolved Layout
jfnoö vgdibzß
usreä wltah⇘
kyxüq cm,.p
┌───┬───┬───┬───┬───┬───┬───┬───┬───┬───┬───┬───┬───┬──────┐
│ ^ │ 1 │ 2 │ 3 │ 4 │ 5 │ 6 │ 7 │ 8 │ 9 │ 0 │ - │ ` │ ←    │
├───┴─┬─┴─┬─┴─┬─┴─┬─┴─┬─┴─┬─┴─┬─┴─┬─┴─┬─┴─┬─┴─┬─┴─┬─┴─┬────┤
│   ⇥ │ j │ f │ n │ o │ ö │ v │ g │ d │ i │ b │ z │ ß │ Ret│
├─────┴┬──┴┬──┴┬──┴┬──┴┬──┴┬──┴┬──┴┬──┴┬──┴┬──┴┬──┴┬──┴┐   │
│    ⇩ │ u │ s │ r │ e │ ä │ w │ l │ t │ a │ h │ ⇘ │ ´ │   │
├────┬─┴─┬─┴─┬─┴─┬─┴─┬─┴─┬─┴─┬─┴─┬─┴─┬─┴─┬─┴─┬─┴─┬─┴───┴───┤
│  ⇧ │ ⇚ │ k │ y │ x │ ü │ q │ c │ m │ , │ . │ p │ ⇗       │
├────┼───┴┬──┴─┬─┴───┴───┴───┴───┴───┴─┬─┴──┬┴───┼────┬────┤
│Strg│ Fe │ Alt│      Leerzeichen      │ M4 │ Fe │ Me │Strg│
└────┴────┴────┴───────────────────────┴────┴────┴────┴────┘
# 10.034437979904306 x100 total penalty per letter
# 36.723343188804364 x10 billion total penalty compared to notime-noeffort
# 7.588751044501488 mean key position cost in file 1gramme.txt ( 55.54557406 )
# 12.15899447229389 % finger repeats in file 2gramme.txt ( 58.69641484864744 )
# 11.306151998536716 million keystrokes disbalance of the fingers ( 16.959227997805076 )
# 0.3641816189075604 % finger repeats top to bottom or vice versa ( 7.325220379160122 )
# 6.693504245584693 % of trigrams have no handswitching (after direction change counted x 1 ) ( 29.60747481130519 )
# 7.937769894110558 billion (rows²/dist)² to cross ( 103.19100862343726 )
# 0.001921502745828696 hand disbalance. Left: 0.5019215027458287 %, Right: 0.49807849725417136 % ( 0.05625746447553015 )
# 1.0979192834421578 badly positioned shortcut keys (weighted).
# 7.669342144006616 no handswitching after unbalancing key (weighted).
# 37.0804228496844 movement pattern cost (weighted).
# 0.8826585010132683 asymmetric bigram cost (weighted).
# 3.3202220528459954 irregularity cost (weighted).
# 16.36078970467342 manually assigned bigram penalty (weighted)
# 11.703417061309734 unbalancing key after neighboring finger (weighted)
# 0.8826585010132683 asymmetrc bigrams (weighted)
# 17.73748210623745 inconsistent symmetries of similar keys (weighted)
# 3.3202220528459954 irregularity cost for randomly sampled words (weighted).
# Finger load %: 9.6 6.7 11.7 14.4 - 11.6 9.3 11.3 9.7
 
