
# Evolved Layout
ßoyvö wbulxqj
haenp gsirt⇘
kzäcü fm,.d
┌───┬───┬───┬───┬───┬───┬───┬───┬───┬───┬───┬───┬───┬──────┐
│ ^ │ 1 │ 2 │ 3 │ 4 │ 5 │ 6 │ 7 │ 8 │ 9 │ 0 │ - │ ` │ ←    │
├───┴─┬─┴─┬─┴─┬─┴─┬─┴─┬─┴─┬─┴─┬─┴─┬─┴─┬─┴─┬─┴─┬─┴─┬─┴─┬────┤
│   ⇥ │ ß │ o │ y │ v │ ö │ w │ b │ u │ l │ x │ q │ j │ Ret│
├─────┴┬──┴┬──┴┬──┴┬──┴┬──┴┬──┴┬──┴┬──┴┬──┴┬──┴┬──┴┬──┴┐   │
│    ⇩ │ h │ a │ e │ n │ p │ g │ s │ i │ r │ t │ ⇘ │ ´ │   │
├────┬─┴─┬─┴─┬─┴─┬─┴─┬─┴─┬─┴─┬─┴─┬─┴─┬─┴─┬─┴─┬─┴─┬─┴───┴───┤
│  ⇧ │ ⇚ │ k │ z │ ä │ c │ ü │ f │ m │ , │ . │ d │ ⇗       │
├────┼───┴┬──┴─┬─┴───┴───┴───┴───┴───┴─┬─┴──┬┴───┼────┬────┤
│Strg│ Fe │ Alt│      Leerzeichen      │ M4 │ Fe │ Me │Strg│
└────┴────┴────┴───────────────────────┴────┴────┴────┴────┘
# 9.21741478483815 x100 total penalty per letter
# 33.733258119195504 x10 billion total penalty compared to notime-noeffort
# 7.645701088956458 mean key position cost in file 1gramme.txt ( 55.96241774 )
# 7.4922178349014406 % finger repeats in file 2gramme.txt ( 36.1679847108973 )
# 12.852075658440043 million keystrokes disbalance of the fingers ( 19.278113487660065 )
# 0.37904252260805105 % finger repeats top to bottom or vice versa ( 7.624135505536124 )
# 4.496158567711105 % of trigrams have no handswitching (after direction change counted x 1 ) ( 19.887923673007585 )
# 7.843899260695404 billion (rows²/dist)² to cross ( 101.97069038904026 )
# 0.019265510934012686 hand disbalance. Left: 0.4807344890659873 %, Right: 0.5192655109340126 % ( 0.5640526922618204 )
# 0.7319461889614385 badly positioned shortcut keys (weighted).
# 8.147566830167989 no handswitching after unbalancing key (weighted).
# 32.65183266856067 movement pattern cost (weighted).
# 0.8786991776143679 asymmetric bigram cost (weighted).
# 3.67837643094665 irregularity cost (weighted).
# 18.776047659206377 manually assigned bigram penalty (weighted)
# 13.912188389695526 unbalancing key after neighboring finger (weighted)
# 0.8786991776143679 asymmetrc bigrams (weighted)
# 17.10060564839899 inconsistent symmetries of similar keys (weighted)
# 3.67837643094665 irregularity cost for randomly sampled words (weighted).
# Finger load %: 10.2 8.0 11.5 10.9 - 13.4 9.2 9.3 11.9
 
