
# Evolved Layout
äplüö qfogvjß
unriz kseht⇘
cbxay wm,.d
┌───┬───┬───┬───┬───┬───┬───┬───┬───┬───┬───┬───┬───┬──────┐
│ ^ │ 1 │ 2 │ 3 │ 4 │ 5 │ 6 │ 7 │ 8 │ 9 │ 0 │ - │ ` │ ←    │
├───┴─┬─┴─┬─┴─┬─┴─┬─┴─┬─┴─┬─┴─┬─┴─┬─┴─┬─┴─┬─┴─┬─┴─┬─┴─┬────┤
│   ⇥ │ ä │ p │ l │ ü │ ö │ q │ f │ o │ g │ v │ j │ ß │ Ret│
├─────┴┬──┴┬──┴┬──┴┬──┴┬──┴┬──┴┬──┴┬──┴┬──┴┬──┴┬──┴┬──┴┐   │
│    ⇩ │ u │ n │ r │ i │ z │ k │ s │ e │ h │ t │ ⇘ │ ´ │   │
├────┬─┴─┬─┴─┬─┴─┬─┴─┬─┴─┬─┴─┬─┴─┬─┴─┬─┴─┬─┴─┬─┴─┬─┴───┴───┤
│  ⇧ │ ⇚ │ c │ b │ x │ a │ y │ w │ m │ , │ . │ d │ ⇗       │
├────┼───┴┬──┴─┬─┴───┴───┴───┴───┴───┴─┬─┴──┬┴───┼────┬────┤
│Strg│ Fe │ Alt│      Leerzeichen      │ M4 │ Fe │ Me │Strg│
└────┴────┴────┴───────────────────────┴────┴────┴────┴────┘
# 9.443327311551114 x100 total penalty per letter
# 34.56003718402653 x10 billion total penalty compared to notime-noeffort
# 7.804612352863766 mean key position cost in file 1gramme.txt ( 57.12556268 )
# 9.807729817388296 % finger repeats in file 2gramme.txt ( 47.345903429485354 )
# 13.977722406818918 million keystrokes disbalance of the fingers ( 20.96658361022838 )
# 0.36253399205946507 % finger repeats top to bottom or vice versa ( 7.292079690178829 )
# 4.4102575515682805 % of trigrams have no handswitching (after direction change counted x 1 ) ( 19.507956457271245 )
# 8.15971799713563 billion (rows²/dist)² to cross ( 106.0763339627632 )
# 0.032550682074386494 hand disbalance. Left: 0.4674493179256135 %, Right: 0.5325506820743865 % ( 0.9530139076977043 )
# 0.7319461889614385 badly positioned shortcut keys (weighted).
# 6.5069852251234925 no handswitching after unbalancing key (weighted).
# 31.773090244438006 movement pattern cost (weighted).
# 0.8605545869643892 asymmetric bigram cost (weighted).
# 2.9173156525909962 irregularity cost (weighted).
# 19.84361121747029 manually assigned bigram penalty (weighted)
# 10.337798024086663 unbalancing key after neighboring finger (weighted)
# 0.8605545869643892 asymmetrc bigrams (weighted)
# 13.361636963005324 inconsistent symmetries of similar keys (weighted)
# 2.9173156525909962 irregularity cost for randomly sampled words (weighted).
# Finger load %: 10.8 9.0 8.0 11.6 - 11.1 14.7 6.6 12.5
 
