
# Evolved Layout
jcmgv äöülkxß
rnstd yaeuh⇘
zpfbq oi,.w
┌───┬───┬───┬───┬───┬───┬───┬───┬───┬───┬───┬───┬───┬──────┐
│ ^ │ 1 │ 2 │ 3 │ 4 │ 5 │ 6 │ 7 │ 8 │ 9 │ 0 │ - │ ` │ ←    │
├───┴─┬─┴─┬─┴─┬─┴─┬─┴─┬─┴─┬─┴─┬─┴─┬─┴─┬─┴─┬─┴─┬─┴─┬─┴─┬────┤
│   ⇥ │ j │ c │ m │ g │ v │ ä │ ö │ ü │ l │ k │ x │ ß │ Ret│
├─────┴┬──┴┬──┴┬──┴┬──┴┬──┴┬──┴┬──┴┬──┴┬──┴┬──┴┬──┴┬──┴┐   │
│    ⇩ │ r │ n │ s │ t │ d │ y │ a │ e │ u │ h │ ⇘ │ ´ │   │
├────┬─┴─┬─┴─┬─┴─┬─┴─┬─┴─┬─┴─┬─┴─┬─┴─┬─┴─┬─┴─┬─┴─┬─┴───┴───┤
│  ⇧ │ ⇚ │ z │ p │ f │ b │ q │ o │ i │ , │ . │ w │ ⇗       │
├────┼───┴┬──┴─┬─┴───┴───┴───┴───┴───┴─┬─┴──┬┴───┼────┬────┤
│Strg│ Fe │ Alt│      Leerzeichen      │ M4 │ Fe │ Me │Strg│
└────┴────┴────┴───────────────────────┴────┴────┴────┴────┘
# 9.514494036127719 x100 total penalty per letter
# 34.82048824820009 x10 billion total penalty compared to notime-noeffort
# 7.669050217974056 mean key position cost in file 1gramme.txt ( 56.1333208 )
# 11.357145216528794 % finger repeats in file 2gramme.txt ( 54.82556215028383 )
# 12.17212544131038 million keystrokes disbalance of the fingers ( 18.258188161965567 )
# 0.38905578670861507 % finger repeats top to bottom or vice versa ( 7.825544259968571 )
# 2.0270817511574726 % of trigrams have no handswitching (after direction change counted x 1 ) ( 8.966420231591066 )
# 9.390255948520915 billion (rows²/dist)² to cross ( 122.07332733077187 )
# 0.014332313470112656 hand disbalance. Left: 0.48566768652988734 %, Right: 0.5143323134701127 % ( 0.41961928893798595 )
# 0.7319461889614385 badly positioned shortcut keys (weighted).
# 8.989147314193513 no handswitching after unbalancing key (weighted).
# 23.247792256333785 movement pattern cost (weighted).
# 0.8823425293188023 asymmetric bigram cost (weighted).
# 10.446718506883384 irregularity cost (weighted).
# 16.812244345964043 manually assigned bigram penalty (weighted)
# 11.619389016662296 unbalancing key after neighboring finger (weighted)
# 0.8823425293188023 asymmetrc bigrams (weighted)
# 6.973320100164806 inconsistent symmetries of similar keys (weighted)
# 10.446718506883384 irregularity cost for randomly sampled words (weighted).
# Finger load %: 10.8 9.8 8.0 12.4 - 14.4 12.3 6.7 10.0
 
