
# Evolved Layout
jzohö qbadävß
rselu wnitg⇘
yküpx fm,.c
┌───┬───┬───┬───┬───┬───┬───┬───┬───┬───┬───┬───┬───┬──────┐
│ ^ │ 1 │ 2 │ 3 │ 4 │ 5 │ 6 │ 7 │ 8 │ 9 │ 0 │ - │ ` │ ←    │
├───┴─┬─┴─┬─┴─┬─┴─┬─┴─┬─┴─┬─┴─┬─┴─┬─┴─┬─┴─┬─┴─┬─┴─┬─┴─┬────┤
│   ⇥ │ j │ z │ o │ h │ ö │ q │ b │ a │ d │ ä │ v │ ß │ Ret│
├─────┴┬──┴┬──┴┬──┴┬──┴┬──┴┬──┴┬──┴┬──┴┬──┴┬──┴┬──┴┬──┴┐   │
│    ⇩ │ r │ s │ e │ l │ u │ w │ n │ i │ t │ g │ ⇘ │ ´ │   │
├────┬─┴─┬─┴─┬─┴─┬─┴─┬─┴─┬─┴─┬─┴─┬─┴─┬─┴─┬─┴─┬─┴─┬─┴───┴───┤
│  ⇧ │ ⇚ │ y │ k │ ü │ p │ x │ f │ m │ , │ . │ c │ ⇗       │
├────┼───┴┬──┴─┬─┴───┴───┴───┴───┴───┴─┬─┴──┬┴───┼────┬────┤
│Strg│ Fe │ Alt│      Leerzeichen      │ M4 │ Fe │ Me │Strg│
└────┴────┴────┴───────────────────────┴────┴────┴────┴────┘
# 9.777060312029873 x100 total penalty per letter
# 35.78141017318199 x10 billion total penalty compared to notime-noeffort
# 7.468162616921534 mean key position cost in file 1gramme.txt ( 54.66293166 )
# 11.640633026445451 % finger repeats in file 2gramme.txt ( 56.19407318409659 )
# 11.895717755347851 million keystrokes disbalance of the fingers ( 17.84357663302178 )
# 0.39732793338056605 % finger repeats top to bottom or vice versa ( 7.991931837580382 )
# 4.692792984854974 % of trigrams have no handswitching (after direction change counted x 1 ) ( 20.757699554073636 )
# 7.91150002558518 billion (rows²/dist)² to cross ( 102.84950033260735 )
# 0.006829948301229738 hand disbalance. Left: 0.49317005169877026 %, Right: 0.5068299483012297 % ( 0.19996618519555032 )
# 1.0979192834421578 badly positioned shortcut keys (weighted).
# 8.04112549287766 no handswitching after unbalancing key (weighted).
# 34.37168206997397 movement pattern cost (weighted).
# 0.8796957444122777 asymmetric bigram cost (weighted).
# 11.583193797990104 irregularity cost (weighted).
# 17.091770433926513 manually assigned bigram penalty (weighted)
# 12.371291762799581 unbalancing key after neighboring finger (weighted)
# 0.8796957444122777 asymmetrc bigrams (weighted)
# 11.877743759822282 inconsistent symmetries of similar keys (weighted)
# 11.583193797990104 irregularity cost for randomly sampled words (weighted).
# Finger load %: 11.3 6.5 13.8 10.0 - 13.3 11.1 9.5 8.8
 
