
# Evolved Layout
ßkopy qdilzxj
utenö fgars⇘
wväcü bh,.m
┌───┬───┬───┬───┬───┬───┬───┬───┬───┬───┬───┬───┬───┬──────┐
│ ^ │ 1 │ 2 │ 3 │ 4 │ 5 │ 6 │ 7 │ 8 │ 9 │ 0 │ - │ ` │ ←    │
├───┴─┬─┴─┬─┴─┬─┴─┬─┴─┬─┴─┬─┴─┬─┴─┬─┴─┬─┴─┬─┴─┬─┴─┬─┴─┬────┤
│   ⇥ │ ß │ k │ o │ p │ y │ q │ d │ i │ l │ z │ x │ j │ Ret│
├─────┴┬──┴┬──┴┬──┴┬──┴┬──┴┬──┴┬──┴┬──┴┬──┴┬──┴┬──┴┬──┴┐   │
│    ⇩ │ u │ t │ e │ n │ ö │ f │ g │ a │ r │ s │ ⇘ │ ´ │   │
├────┬─┴─┬─┴─┬─┴─┬─┴─┬─┴─┬─┴─┬─┴─┬─┴─┬─┴─┬─┴─┬─┴─┬─┴───┴───┤
│  ⇧ │ ⇚ │ w │ v │ ä │ c │ ü │ b │ h │ , │ . │ m │ ⇗       │
├────┼───┴┬──┴─┬─┴───┴───┴───┴───┴───┴─┬─┴──┬┴───┼────┬────┤
│Strg│ Fe │ Alt│      Leerzeichen      │ M4 │ Fe │ Me │Strg│
└────┴────┴────┴───────────────────────┴────┴────┴────┴────┘
# 9.447157406007285 x100 total penalty per letter
# 34.57405429922932 x10 billion total penalty compared to notime-noeffort
# 7.598744202619271 mean key position cost in file 1gramme.txt ( 55.6187186 )
# 9.735182133211424 % finger repeats in file 2gramme.txt ( 46.995686232129316 )
# 11.871531799536971 million keystrokes disbalance of the fingers ( 17.807297699305458 )
# 0.4024384672468013 % finger repeats top to bottom or vice versa ( 8.094726116263727 )
# 3.726523020839221 % of trigrams have no handswitching (after direction change counted x 1 ) ( 16.483583549831355 )
# 7.949101551963459 billion (rows²/dist)² to cross ( 103.33832017552497 )
# 0.015628794752710007 hand disbalance. Left: 0.48437120524729 %, Right: 0.5156287947527101 % ( 0.4575774702922647 )
# 1.0979192834421578 badly positioned shortcut keys (weighted).
# 8.168901772435614 no handswitching after unbalancing key (weighted).
# 35.82571934311288 movement pattern cost (weighted).
# 0.892949371238757 asymmetric bigram cost (weighted).
# 4.514879106380468 irregularity cost (weighted).
# 19.850185636485854 manually assigned bigram penalty (weighted)
# 10.762862397438484 unbalancing key after neighboring finger (weighted)
# 0.892949371238757 asymmetrc bigrams (weighted)
# 15.831216238411855 inconsistent symmetries of similar keys (weighted)
# 4.514879106380468 irregularity cost for randomly sampled words (weighted).
# Finger load %: 9.7 6.7 13.8 10.7 - 12.3 11.1 9.3 10.9
 
