
# Evolved Layout
öülyz vwifkßq
aernm gtush⇘
oäxcj pd,.b
┌───┬───┬───┬───┬───┬───┬───┬───┬───┬───┬───┬───┬───┬──────┐
│ ^ │ 1 │ 2 │ 3 │ 4 │ 5 │ 6 │ 7 │ 8 │ 9 │ 0 │ - │ ` │ ←    │
├───┴─┬─┴─┬─┴─┬─┴─┬─┴─┬─┴─┬─┴─┬─┴─┬─┴─┬─┴─┬─┴─┬─┴─┬─┴─┬────┤
│   ⇥ │ ö │ ü │ l │ y │ z │ v │ w │ i │ f │ k │ ß │ q │ Ret│
├─────┴┬──┴┬──┴┬──┴┬──┴┬──┴┬──┴┬──┴┬──┴┬──┴┬──┴┬──┴┬──┴┐   │
│    ⇩ │ a │ e │ r │ n │ m │ g │ t │ u │ s │ h │ ⇘ │ ´ │   │
├────┬─┴─┬─┴─┬─┴─┬─┴─┬─┴─┬─┴─┬─┴─┬─┴─┬─┴─┬─┴─┬─┴─┬─┴───┴───┤
│  ⇧ │ ⇚ │ o │ ä │ x │ c │ j │ p │ d │ , │ . │ b │ ⇗       │
├────┼───┴┬──┴─┬─┴───┴───┴───┴───┴───┴─┬─┴──┬┴───┼────┬────┤
│Strg│ Fe │ Alt│      Leerzeichen      │ M4 │ Fe │ Me │Strg│
└────┴────┴────┴───────────────────────┴────┴────┴────┴────┘
# 9.165232942814962 x100 total penalty per letter
# 33.54228661718621 x10 billion total penalty compared to notime-noeffort
# 7.404814686842424 mean key position cost in file 1gramme.txt ( 54.1992589 )
# 7.848798035738131 % finger repeats in file 2gramme.txt ( 37.88934246320294 )
# 13.762739605386013 million keystrokes disbalance of the fingers ( 20.64410940807902 )
# 0.33459709083469663 % finger repeats top to bottom or vice versa ( 6.730151389689283 )
# 4.804005750728024 % of trigrams have no handswitching (after direction change counted x 1 ) ( 21.249628601022984 )
# 7.827785609015271 billion (rows²/dist)² to cross ( 101.76121291719852 )
# 0.029504013460560752 hand disbalance. Left: 0.5295040134605608 %, Right: 0.47049598653943925 % ( 0.8638140084609771 )
# 1.0979192834421578 badly positioned shortcut keys (weighted).
# 7.18677991939487 no handswitching after unbalancing key (weighted).
# 34.291189544688834 movement pattern cost (weighted).
# 0.8803281537499159 asymmetric bigram cost (weighted).
# 5.085928561723886 irregularity cost (weighted).
# 17.674415450061264 manually assigned bigram penalty (weighted)
# 11.803121239708974 unbalancing key after neighboring finger (weighted)
# 0.8803281537499159 asymmetrc bigrams (weighted)
# 14.065666331438347 inconsistent symmetries of similar keys (weighted)
# 5.085928561723886 irregularity cost for randomly sampled words (weighted).
# Finger load %: 13.2 11.6 8.0 11.9 - 13.9 9.2 7.5 9.1
 
