
# Evolved Layout
ülckß qfovzäj
hrntg wseai⇘
uxpdy bm,.ö
┌───┬───┬───┬───┬───┬───┬───┬───┬───┬───┬───┬───┬───┬──────┐
│ ^ │ 1 │ 2 │ 3 │ 4 │ 5 │ 6 │ 7 │ 8 │ 9 │ 0 │ - │ ` │ ←    │
├───┴─┬─┴─┬─┴─┬─┴─┬─┴─┬─┴─┬─┴─┬─┴─┬─┴─┬─┴─┬─┴─┬─┴─┬─┴─┬────┤
│   ⇥ │ ü │ l │ c │ k │ ß │ q │ f │ o │ v │ z │ ä │ j │ Ret│
├─────┴┬──┴┬──┴┬──┴┬──┴┬──┴┬──┴┬──┴┬──┴┬──┴┬──┴┬──┴┬──┴┐   │
│    ⇩ │ h │ r │ n │ t │ g │ w │ s │ e │ a │ i │ ⇘ │ ´ │   │
├────┬─┴─┬─┴─┬─┴─┬─┴─┬─┴─┬─┴─┬─┴─┬─┴─┬─┴─┬─┴─┬─┴─┬─┴───┴───┤
│  ⇧ │ ⇚ │ u │ x │ p │ d │ y │ b │ m │ , │ . │ ö │ ⇗       │
├────┼───┴┬──┴─┬─┴───┴───┴───┴───┴───┴─┬─┴──┬┴───┼────┬────┤
│Strg│ Fe │ Alt│      Leerzeichen      │ M4 │ Fe │ Me │Strg│
└────┴────┴────┴───────────────────────┴────┴────┴────┴────┘
# 9.257417746524379 x100 total penalty per letter
# 33.879658195962534 x10 billion total penalty compared to notime-noeffort
# 7.424588383622697 mean key position cost in file 1gramme.txt ( 54.34399172 )
# 10.586168829165834 % finger repeats in file 2gramme.txt ( 51.10374535249804 )
# 12.95965907414969 million keystrokes disbalance of the fingers ( 19.439488611224533 )
# 0.33495912943193873 % finger repeats top to bottom or vice versa ( 6.737433504911122 )
# 3.3319722981423303 % of trigrams have no handswitching (after direction change counted x 1 ) ( 14.738361592030083 )
# 8.146925122916219 billion (rows²/dist)² to cross ( 105.91002659791084 )
# 0.010070155520789825 hand disbalance. Left: 0.4899298444792102 %, Right: 0.5100701555207898 % ( 0.29483247822764413 )
# 0.7319461889614385 badly positioned shortcut keys (weighted).
# 7.2374221968224175 no handswitching after unbalancing key (weighted).
# 24.98195769208999 movement pattern cost (weighted).
# 0.8656617002913082 asymmetric bigram cost (weighted).
# 3.5754004881635058 irregularity cost (weighted).
# 19.213344341526714 manually assigned bigram penalty (weighted)
# 14.74065780365059 unbalancing key after neighboring finger (weighted)
# 0.8656617002913082 asymmetrc bigrams (weighted)
# 14.88231169131713 inconsistent symmetries of similar keys (weighted)
# 3.5754004881635058 irregularity cost for randomly sampled words (weighted).
# Finger load %: 11.7 8.2 9.6 11.8 - 11.5 14.7 6.5 10.3
 
