
# Evolved Layout
juoyq wglmkzß
riaeü btnsh⇘
xväcö pd,.f
┌───┬───┬───┬───┬───┬───┬───┬───┬───┬───┬───┬───┬───┬──────┐
│ ^ │ 1 │ 2 │ 3 │ 4 │ 5 │ 6 │ 7 │ 8 │ 9 │ 0 │ - │ ` │ ←    │
├───┴─┬─┴─┬─┴─┬─┴─┬─┴─┬─┴─┬─┴─┬─┴─┬─┴─┬─┴─┬─┴─┬─┴─┬─┴─┬────┤
│   ⇥ │ j │ u │ o │ y │ q │ w │ g │ l │ m │ k │ z │ ß │ Ret│
├─────┴┬──┴┬──┴┬──┴┬──┴┬──┴┬──┴┬──┴┬──┴┬──┴┬──┴┬──┴┬──┴┐   │
│    ⇩ │ r │ i │ a │ e │ ü │ b │ t │ n │ s │ h │ ⇘ │ ´ │   │
├────┬─┴─┬─┴─┬─┴─┬─┴─┬─┴─┬─┴─┬─┴─┬─┴─┬─┴─┬─┴─┬─┴─┬─┴───┴───┤
│  ⇧ │ ⇚ │ x │ v │ ä │ c │ ö │ p │ d │ , │ . │ f │ ⇗       │
├────┼───┴┬──┴─┬─┴───┴───┴───┴───┴───┴─┬─┴──┬┴───┼────┬────┤
│Strg│ Fe │ Alt│      Leerzeichen      │ M4 │ Fe │ Me │Strg│
└────┴────┴────┴───────────────────────┴────┴────┴────┴────┘
# 8.878051430018264 x100 total penalty per letter
# 32.491279548027585 x10 billion total penalty compared to notime-noeffort
# 7.3556335085770135 mean key position cost in file 1gramme.txt ( 53.83927914 )
# 11.435237556199763 % finger repeats in file 2gramme.txt ( 55.202545656302625 )
# 12.510367078363887 million keystrokes disbalance of the fingers ( 18.76555061754583 )
# 0.34537792273663304 % finger repeats top to bottom or vice versa ( 6.946999153146585 )
# 2.6389274155958544 % of trigrams have no handswitching (after direction change counted x 1 ) ( 11.672806069803572 )
# 8.012923797735393 billion (rows²/dist)² to cross ( 104.16800937056011 )
# 0.004483853908418156 hand disbalance. Left: 0.49551614609158184 %, Right: 0.5044838539084182 % ( 0.1312775912050608 )
# 0.7319461889614385 badly positioned shortcut keys (weighted).
# 8.011066368530518 no handswitching after unbalancing key (weighted).
# 23.7542839084423 movement pattern cost (weighted).
# 0.8663974878526015 asymmetric bigram cost (weighted).
# 3.183150828101595 irregularity cost (weighted).
# 16.95289974323929 manually assigned bigram penalty (weighted)
# 9.625484956640797 unbalancing key after neighboring finger (weighted)
# 0.8663974878526015 asymmetrc bigrams (weighted)
# 11.061098399943496 inconsistent symmetries of similar keys (weighted)
# 3.183150828101595 irregularity cost for randomly sampled words (weighted).
# Finger load %: 11.5 8.8 7.4 14.0 - 14.6 10.5 8.0 9.5
 
