
# Evolved Layout
ßmdhw äüilzqj
nstub öearg⇘
pfvkx yo,.c
┌───┬───┬───┬───┬───┬───┬───┬───┬───┬───┬───┬───┬───┬──────┐
│ ^ │ 1 │ 2 │ 3 │ 4 │ 5 │ 6 │ 7 │ 8 │ 9 │ 0 │ - │ ` │ ←    │
├───┴─┬─┴─┬─┴─┬─┴─┬─┴─┬─┴─┬─┴─┬─┴─┬─┴─┬─┴─┬─┴─┬─┴─┬─┴─┬────┤
│   ⇥ │ ß │ m │ d │ h │ w │ ä │ ü │ i │ l │ z │ q │ j │ Ret│
├─────┴┬──┴┬──┴┬──┴┬──┴┬──┴┬──┴┬──┴┬──┴┬──┴┬──┴┬──┴┬──┴┐   │
│    ⇩ │ n │ s │ t │ u │ b │ ö │ e │ a │ r │ g │ ⇘ │ ´ │   │
├────┬─┴─┬─┴─┬─┴─┬─┴─┬─┴─┬─┴─┬─┴─┬─┴─┬─┴─┬─┴─┬─┴─┬─┴───┴───┤
│  ⇧ │ ⇚ │ p │ f │ v │ k │ x │ y │ o │ , │ . │ c │ ⇗       │
├────┼───┴┬──┴─┬─┴───┴───┴───┴───┴───┴─┬─┴──┬┴───┼────┬────┤
│Strg│ Fe │ Alt│      Leerzeichen      │ M4 │ Fe │ Me │Strg│
└────┴────┴────┴───────────────────────┴────┴────┴────┴────┘
# 9.780063524114881 x100 total penalty per letter
# 35.79240112138332 x10 billion total penalty compared to notime-noeffort
# 7.755912081535654 mean key position cost in file 1gramme.txt ( 56.7691029 )
# 10.323316796068267 % finger repeats in file 2gramme.txt ( 49.83485161184693 )
# 13.108064456978752 million keystrokes disbalance of the fingers ( 19.66209668546813 )
# 0.3419531163078032 % finger repeats top to bottom or vice versa ( 6.878111926156937 )
# 4.23195398172575 % of trigrams have no handswitching (after direction change counted x 1 ) ( 18.719263680037127 )
# 9.357224567693487 billion (rows²/dist)² to cross ( 121.64391938001533 )
# 0.037719536730408565 hand disbalance. Left: 0.46228046326959144 %, Right: 0.5377195367304085 % ( 1.104346846368542 )
# 1.0979192834421578 badly positioned shortcut keys (weighted).
# 8.829752464513899 no handswitching after unbalancing key (weighted).
# 29.573372875806754 movement pattern cost (weighted).
# 0.884928300683705 asymmetric bigram cost (weighted).
# 2.3750529694755342 irregularity cost (weighted).
# 20.296451246946962 manually assigned bigram penalty (weighted)
# 8.125811964924202 unbalancing key after neighboring finger (weighted)
# 0.884928300683705 asymmetrc bigrams (weighted)
# 12.129029078146957 inconsistent symmetries of similar keys (weighted)
# 2.3750529694755342 irregularity cost for randomly sampled words (weighted).
# Finger load %: 12.4 8.2 8.8 9.6 - 15.6 11.1 9.3 9.4
 

# Evolved Layout
öbcdß äülwjzq
itnhm yersa⇘
ukpgf xo,.v
┌───┬───┬───┬───┬───┬───┬───┬───┬───┬───┬───┬───┬───┬──────┐
│ ^ │ 1 │ 2 │ 3 │ 4 │ 5 │ 6 │ 7 │ 8 │ 9 │ 0 │ - │ ` │ ←    │
├───┴─┬─┴─┬─┴─┬─┴─┬─┴─┬─┴─┬─┴─┬─┴─┬─┴─┬─┴─┬─┴─┬─┴─┬─┴─┬────┤
│   ⇥ │ ö │ b │ c │ d │ ß │ ä │ ü │ l │ w │ j │ z │ q │ Ret│
├─────┴┬──┴┬──┴┬──┴┬──┴┬──┴┬──┴┬──┴┬──┴┬──┴┬──┴┬──┴┬──┴┐   │
│    ⇩ │ i │ t │ n │ h │ m │ y │ e │ r │ s │ a │ ⇘ │ ´ │   │
├────┬─┴─┬─┴─┬─┴─┬─┴─┬─┴─┬─┴─┬─┴─┬─┴─┬─┴─┬─┴─┬─┴─┬─┴───┴───┤
│  ⇧ │ ⇚ │ u │ k │ p │ g │ f │ x │ o │ , │ . │ v │ ⇗       │
├────┼───┴┬──┴─┬─┴───┴───┴───┴───┴───┴─┬─┴──┬┴───┼────┬────┤
│Strg│ Fe │ Alt│      Leerzeichen      │ M4 │ Fe │ Me │Strg│
└────┴────┴────┴───────────────────────┴────┴────┴────┴────┘
# 9.998276122353158 x100 total penalty per letter
# 36.59100051970272 x10 billion total penalty compared to notime-noeffort
# 7.872455424866723 mean key position cost in file 1gramme.txt ( 57.62213746 )
# 10.382391237061947 % finger repeats in file 2gramme.txt ( 50.120027980947036 )
# 14.36832985561034 million keystrokes disbalance of the fingers ( 21.552494783415508 )
# 0.3337863953077995 % finger repeats top to bottom or vice versa ( 6.713844901150037 )
# 4.543508241591916 % of trigrams have no handswitching (after direction change counted x 1 ) ( 20.097366175068352 )
# 9.337562012913034 billion (rows²/dist)² to cross ( 121.38830616786944 )
# 0.0020546107076406805 hand disbalance. Left: 0.5020546107076407 %, Right: 0.4979453892923594 % ( 0.060154579090278416 )
# 1.0979192834421578 badly positioned shortcut keys (weighted).
# 6.75660906267904 no handswitching after unbalancing key (weighted).
# 33.42635108994676 movement pattern cost (weighted).
# 0.8893742090999461 asymmetric bigram cost (weighted).
# 3.3807380854580344 irregularity cost (weighted).
# 19.832554281632667 manually assigned bigram penalty (weighted)
# 10.412043838715952 unbalancing key after neighboring finger (weighted)
# 0.8893742090999461 asymmetrc bigrams (weighted)
# 12.560083298511953 inconsistent symmetries of similar keys (weighted)
# 3.3807380854580344 irregularity cost for randomly sampled words (weighted).
# Finger load %: 13.3 7.5 9.6 12.0 - 15.6 9.1 7.2 10.1
 
