
# Evolved Layout
jflpq öüoubßx
rsntc yaehd⇘
mkzgv äi,.w
┌───┬───┬───┬───┬───┬───┬───┬───┬───┬───┬───┬───┬───┬──────┐
│ ^ │ 1 │ 2 │ 3 │ 4 │ 5 │ 6 │ 7 │ 8 │ 9 │ 0 │ - │ ` │ ←    │
├───┴─┬─┴─┬─┴─┬─┴─┬─┴─┬─┴─┬─┴─┬─┴─┬─┴─┬─┴─┬─┴─┬─┴─┬─┴─┬────┤
│   ⇥ │ j │ f │ l │ p │ q │ ö │ ü │ o │ u │ b │ ß │ x │ Ret│
├─────┴┬──┴┬──┴┬──┴┬──┴┬──┴┬──┴┬──┴┬──┴┬──┴┬──┴┬──┴┬──┴┐   │
│    ⇩ │ r │ s │ n │ t │ c │ y │ a │ e │ h │ d │ ⇘ │ ´ │   │
├────┬─┴─┬─┴─┬─┴─┬─┴─┬─┴─┬─┴─┬─┴─┬─┴─┬─┴─┬─┴─┬─┴─┬─┴───┴───┤
│  ⇧ │ ⇚ │ m │ k │ z │ g │ v │ ä │ i │ , │ . │ w │ ⇗       │
├────┼───┴┬──┴─┬─┴───┴───┴───┴───┴───┴─┬─┴──┬┴───┼────┬────┤
│Strg│ Fe │ Alt│      Leerzeichen      │ M4 │ Fe │ Me │Strg│
└────┴────┴────┴───────────────────────┴────┴────┴────┴────┘
# 9.366396423044097 x100 total penalty per letter
# 34.27849083074589 x10 billion total penalty compared to notime-noeffort
# 7.592397274293034 mean key position cost in file 1gramme.txt ( 55.5722625 )
# 12.520599530094698 % finger repeats in file 2gramme.txt ( 60.44202963056133 )
# 13.33941460339052 million keystrokes disbalance of the fingers ( 20.009121905085777 )
# 0.32243523348514086 % finger repeats top to bottom or vice versa ( 6.48552541001287 )
# 2.404407074550968 % of trigrams have no handswitching (after direction change counted x 1 ) ( 10.635448829789057 )
# 8.523248115878332 billion (rows²/dist)² to cross ( 110.80222550641832 )
# 0.022023169116995922 hand disbalance. Left: 0.4779768308830041 %, Right: 0.522023169116996 % ( 0.6447909881615366 )
# 1.0979192834421578 badly positioned shortcut keys (weighted).
# 7.64206156037672 no handswitching after unbalancing key (weighted).
# 24.469849969634204 movement pattern cost (weighted).
# 0.8694925795291824 asymmetric bigram cost (weighted).
# 2.8204051237176455 irregularity cost (weighted).
# 18.06562696885619 manually assigned bigram penalty (weighted)
# 10.600911842767323 unbalancing key after neighboring finger (weighted)
# 0.8694925795291824 asymmetrc bigrams (weighted)
# 12.62723620910651 inconsistent symmetries of similar keys (weighted)
# 2.8204051237176455 irregularity cost for randomly sampled words (weighted).
# Finger load %: 12.3 7.2 9.9 10.9 - 12.0 14.7 7.1 10.2
 
