
# Evolved Layout
öähzq pcfuvjß
oenrm gtsia⇘
üxkly bd,.w
┌───┬───┬───┬───┬───┬───┬───┬───┬───┬───┬───┬───┬───┬──────┐
│ ^ │ 1 │ 2 │ 3 │ 4 │ 5 │ 6 │ 7 │ 8 │ 9 │ 0 │ - │ ` │ ←    │
├───┴─┬─┴─┬─┴─┬─┴─┬─┴─┬─┴─┬─┴─┬─┴─┬─┴─┬─┴─┬─┴─┬─┴─┬─┴─┬────┤
│   ⇥ │ ö │ ä │ h │ z │ q │ p │ c │ f │ u │ v │ j │ ß │ Ret│
├─────┴┬──┴┬──┴┬──┴┬──┴┬──┴┬──┴┬──┴┬──┴┬──┴┬──┴┬──┴┬──┴┐   │
│    ⇩ │ o │ e │ n │ r │ m │ g │ t │ s │ i │ a │ ⇘ │ ´ │   │
├────┬─┴─┬─┴─┬─┴─┬─┴─┬─┴─┬─┴─┬─┴─┬─┴─┬─┴─┬─┴─┬─┴─┬─┴───┴───┤
│  ⇧ │ ⇚ │ ü │ x │ k │ l │ y │ b │ d │ , │ . │ w │ ⇗       │
├────┼───┴┬──┴─┬─┴───┴───┴───┴───┴───┴─┬─┴──┬┴───┼────┬────┤
│Strg│ Fe │ Alt│      Leerzeichen      │ M4 │ Fe │ Me │Strg│
└────┴────┴────┴───────────────────────┴────┴────┴────┴────┘
# 9.62612640359162 x100 total penalty per letter
# 35.22903267784982 x10 billion total penalty compared to notime-noeffort
# 7.308847530978592 mean key position cost in file 1gramme.txt ( 53.49683096 )
# 12.819811598848656 % finger repeats in file 2gramme.txt ( 61.88644806132249 )
# 11.362420586717587 million keystrokes disbalance of the fingers ( 17.04363088007638 )
# 0.38440551523342664 % finger repeats top to bottom or vice versa ( 7.732007789125095 )
# 5.6297776167834215 % of trigrams have no handswitching (after direction change counted x 1 ) ( 24.902277322392994 )
# 7.442684372547656 billion (rows²/dist)² to cross ( 96.75489684311952 )
# 0.0009752918163051794 hand disbalance. Left: 0.5009752918163052 %, Right: 0.4990247081836948 % ( 0.028554445122794217 )
# 0.7319461889614385 badly positioned shortcut keys (weighted).
# 9.063905223383044 no handswitching after unbalancing key (weighted).
# 32.82747653847039 movement pattern cost (weighted).
# 0.8843446437913549 asymmetric bigram cost (weighted).
# 5.007055816053541 irregularity cost (weighted).
# 17.119645752520007 manually assigned bigram penalty (weighted)
# 12.147288579923881 unbalancing key after neighboring finger (weighted)
# 0.8843446437913549 asymmetrc bigrams (weighted)
# 12.664017734235273 inconsistent symmetries of similar keys (weighted)
# 5.007055816053541 irregularity cost for randomly sampled words (weighted).
# Finger load %: 9.2 11.4 10.6 11.0 - 15.6 7.3 9.4 9.8
 
