
# Evolved Layout
öolvä qwadzjß
hersg fnitb⇘
uüxky pm,.c
┌───┬───┬───┬───┬───┬───┬───┬───┬───┬───┬───┬───┬───┬──────┐
│ ^ │ 1 │ 2 │ 3 │ 4 │ 5 │ 6 │ 7 │ 8 │ 9 │ 0 │ - │ ` │ ←    │
├───┴─┬─┴─┬─┴─┬─┴─┬─┴─┬─┴─┬─┴─┬─┴─┬─┴─┬─┴─┬─┴─┬─┴─┬─┴─┬────┤
│   ⇥ │ ö │ o │ l │ v │ ä │ q │ w │ a │ d │ z │ j │ ß │ Ret│
├─────┴┬──┴┬──┴┬──┴┬──┴┬──┴┬──┴┬──┴┬──┴┬──┴┬──┴┬──┴┬──┴┐   │
│    ⇩ │ h │ e │ r │ s │ g │ f │ n │ i │ t │ b │ ⇘ │ ´ │   │
├────┬─┴─┬─┴─┬─┴─┬─┴─┬─┴─┬─┴─┬─┴─┬─┴─┬─┴─┬─┴─┬─┴─┬─┴───┴───┤
│  ⇧ │ ⇚ │ u │ ü │ x │ k │ y │ p │ m │ , │ . │ c │ ⇗       │
├────┼───┴┬──┴─┬─┴───┴───┴───┴───┴───┴─┬─┴──┬┴───┼────┬────┤
│Strg│ Fe │ Alt│      Leerzeichen      │ M4 │ Fe │ Me │Strg│
└────┴────┴────┴───────────────────────┴────┴────┴────┴────┘
# 9.457974564635787 x100 total penalty per letter
# 34.61364218939693 x10 billion total penalty compared to notime-noeffort
# 7.469446714050768 mean key position cost in file 1gramme.txt ( 54.67233056 )
# 10.339489625631927 % finger repeats in file 2gramme.txt ( 49.912924442253114 )
# 12.34993429058136 million keystrokes disbalance of the fingers ( 18.52490143587204 )
# 0.28006083011597416 % finger repeats top to bottom or vice versa ( 5.633198364936605 )
# 4.862106510285572 % of trigrams have no handswitching (after direction change counted x 1 ) ( 21.506626536932643 )
# 7.597610155247302 billion (rows²/dist)² to cross ( 98.76893201821493 )
# 0.006694270641408595 hand disbalance. Left: 0.5066942706414086 %, Right: 0.49330572935859135 % ( 0.19599383535421863 )
# 0.7319461889614385 badly positioned shortcut keys (weighted).
# 7.0848588916828055 no handswitching after unbalancing key (weighted).
# 44.0370410883947 movement pattern cost (weighted).
# 0.8834020761248669 asymmetric bigram cost (weighted).
# 2.96152182281264 irregularity cost (weighted).
# 17.94428038004879 manually assigned bigram penalty (weighted)
# 12.135121246457 unbalancing key after neighboring finger (weighted)
# 0.8834020761248669 asymmetrc bigrams (weighted)
# 11.143343005923466 inconsistent symmetries of similar keys (weighted)
# 2.96152182281264 irregularity cost for randomly sampled words (weighted).
# Finger load %: 11.6 14.0 8.0 9.2 - 12.9 11.1 9.5 8.1
 
