
# Evolved Layout
ßplgz qwäoöüj
hnrtd fseai⇘
bvxcy km,.u
┌───┬───┬───┬───┬───┬───┬───┬───┬───┬───┬───┬───┬───┬──────┐
│ ^ │ 1 │ 2 │ 3 │ 4 │ 5 │ 6 │ 7 │ 8 │ 9 │ 0 │ - │ ` │ ←    │
├───┴─┬─┴─┬─┴─┬─┴─┬─┴─┬─┴─┬─┴─┬─┴─┬─┴─┬─┴─┬─┴─┬─┴─┬─┴─┬────┤
│   ⇥ │ ß │ p │ l │ g │ z │ q │ w │ ä │ o │ ö │ ü │ j │ Ret│
├─────┴┬──┴┬──┴┬──┴┬──┴┬──┴┬──┴┬──┴┬──┴┬──┴┬──┴┬──┴┬──┴┐   │
│    ⇩ │ h │ n │ r │ t │ d │ f │ s │ e │ a │ i │ ⇘ │ ´ │   │
├────┬─┴─┬─┴─┬─┴─┬─┴─┬─┴─┬─┴─┬─┴─┬─┴─┬─┴─┬─┴─┬─┴─┬─┴───┴───┤
│  ⇧ │ ⇚ │ b │ v │ x │ c │ y │ k │ m │ , │ . │ u │ ⇗       │
├────┼───┴┬──┴─┬─┴───┴───┴───┴───┴───┴─┬─┴──┬┴───┼────┬────┤
│Strg│ Fe │ Alt│      Leerzeichen      │ M4 │ Fe │ Me │Strg│
└────┴────┴────┴───────────────────────┴────┴────┴────┴────┘
# 8.988575123985573 x100 total penalty per letter
# 32.89576653097415 x10 billion total penalty compared to notime-noeffort
# 7.541714422794569 mean key position cost in file 1gramme.txt ( 55.2012913 )
# 8.466989967589162 % finger repeats in file 2gramme.txt ( 40.87360651321934 )
# 13.31500821654721 million keystrokes disbalance of the fingers ( 19.972512324820816 )
# 0.3136302246220811 % finger repeats top to bottom or vice versa ( 6.30841973796976 )
# 2.980072540922675 % of trigrams have no handswitching (after direction change counted x 1 ) ( 13.181798270977724 )
# 8.581483484282275 billion (rows²/dist)² to cross ( 111.55928529566957 )
# 0.025360528912247826 hand disbalance. Left: 0.4746394710877522 %, Right: 0.5253605289122478 % ( 0.742501699494647 )
# 0.7319461889614385 badly positioned shortcut keys (weighted).
# 8.607150886271722 no handswitching after unbalancing key (weighted).
# 22.339726071130016 movement pattern cost (weighted).
# 0.8612602593556942 asymmetric bigram cost (weighted).
# 4.003469814965756 irregularity cost (weighted).
# 17.11370218136548 manually assigned bigram penalty (weighted)
# 13.750548188149187 unbalancing key after neighboring finger (weighted)
# 0.8612602593556942 asymmetrc bigrams (weighted)
# 13.71044657739035 inconsistent symmetries of similar keys (weighted)
# 4.003469814965756 irregularity cost for randomly sampled words (weighted).
# Finger load %: 10.2 8.3 8.0 13.5 - 11.1 12.3 8.6 12.4
 

# Evolved Layout
ßdwfq öoluüjx
gtnsk yerih⇘
cbpmv äa,.z
┌───┬───┬───┬───┬───┬───┬───┬───┬───┬───┬───┬───┬───┬──────┐
│ ^ │ 1 │ 2 │ 3 │ 4 │ 5 │ 6 │ 7 │ 8 │ 9 │ 0 │ - │ ` │ ←    │
├───┴─┬─┴─┬─┴─┬─┴─┬─┴─┬─┴─┬─┴─┬─┴─┬─┴─┬─┴─┬─┴─┬─┴─┬─┴─┬────┤
│   ⇥ │ ß │ d │ w │ f │ q │ ö │ o │ l │ u │ ü │ j │ x │ Ret│
├─────┴┬──┴┬──┴┬──┴┬──┴┬──┴┬──┴┬──┴┬──┴┬──┴┬──┴┬──┴┬──┴┐   │
│    ⇩ │ g │ t │ n │ s │ k │ y │ e │ r │ i │ h │ ⇘ │ ´ │   │
├────┬─┴─┬─┴─┬─┴─┬─┴─┬─┴─┬─┴─┬─┴─┬─┴─┬─┴─┬─┴─┬─┴─┬─┴───┴───┤
│  ⇧ │ ⇚ │ c │ b │ p │ m │ v │ ä │ a │ , │ . │ z │ ⇗       │
├────┼───┴┬──┴─┬─┴───┴───┴───┴───┴───┴─┬─┴──┬┴───┼────┬────┤
│Strg│ Fe │ Alt│      Leerzeichen      │ M4 │ Fe │ Me │Strg│
└────┴────┴────┴───────────────────────┴────┴────┴────┴────┘
# 9.546317735027598 x100 total penalty per letter
# 34.93695442384221 x10 billion total penalty compared to notime-noeffort
# 7.868444897803025 mean key position cost in file 1gramme.txt ( 57.59278256 )
# 10.983653265456278 % finger repeats in file 2gramme.txt ( 53.02256449675769 )
# 11.604304620183022 million keystrokes disbalance of the fingers ( 17.406456930274533 )
# 0.45054495580870946 % finger repeats top to bottom or vice versa ( 9.062349445086836 )
# 3.170832914674928 % of trigrams have no handswitching (after direction change counted x 1 ) ( 14.025591410362168 )
# 9.485296709801737 billion (rows²/dist)² to cross ( 123.30885722742258 )
# 0.05758861985289382 hand disbalance. Left: 0.4424113801471062 %, Right: 0.5575886198528939 % ( 1.686070833154987 )
# 1.0979192834421578 badly positioned shortcut keys (weighted).
# 6.82080764582768 no handswitching after unbalancing key (weighted).
# 27.96891460060676 movement pattern cost (weighted).
# 0.8750318360919973 asymmetric bigram cost (weighted).
# 3.917328718083143 irregularity cost (weighted).
# 16.184557312195277 manually assigned bigram penalty (weighted)
# 8.99593761858655 unbalancing key after neighboring finger (weighted)
# 0.8750318360919973 asymmetrc bigrams (weighted)
# 7.404374320529802 inconsistent symmetries of similar keys (weighted)
# 3.917328718083143 irregularity cost for randomly sampled words (weighted).
# Finger load %: 9.2 9.7 8.6 9.8 - 19.7 9.1 9.4 8.9
 
