
# Evolved Layout
jluäö wgdbvqß
crieo mstnh⇘
zxüay kf,.p
┌───┬───┬───┬───┬───┬───┬───┬───┬───┬───┬───┬───┬───┬──────┐
│ ^ │ 1 │ 2 │ 3 │ 4 │ 5 │ 6 │ 7 │ 8 │ 9 │ 0 │ - │ ` │ ←    │
├───┴─┬─┴─┬─┴─┬─┴─┬─┴─┬─┴─┬─┴─┬─┴─┬─┴─┬─┴─┬─┴─┬─┴─┬─┴─┬────┤
│   ⇥ │ j │ l │ u │ ä │ ö │ w │ g │ d │ b │ v │ q │ ß │ Ret│
├─────┴┬──┴┬──┴┬──┴┬──┴┬──┴┬──┴┬──┴┬──┴┬──┴┬──┴┬──┴┬──┴┐   │
│    ⇩ │ c │ r │ i │ e │ o │ m │ s │ t │ n │ h │ ⇘ │ ´ │   │
├────┬─┴─┬─┴─┬─┴─┬─┴─┬─┴─┬─┴─┬─┴─┬─┴─┬─┴─┬─┴─┬─┴─┬─┴───┴───┤
│  ⇧ │ ⇚ │ z │ x │ ü │ a │ y │ k │ f │ , │ . │ p │ ⇗       │
├────┼───┴┬──┴─┬─┴───┴───┴───┴───┴───┴─┬─┴──┬┴───┼────┬────┤
│Strg│ Fe │ Alt│      Leerzeichen      │ M4 │ Fe │ Me │Strg│
└────┴────┴────┴───────────────────────┴────┴────┴────┴────┘
# 8.761550747325915 x100 total penalty per letter
# 32.064918394487236 x10 billion total penalty compared to notime-noeffort
# 7.287920418806952 mean key position cost in file 1gramme.txt ( 53.34365576 )
# 11.980948525542406 % finger repeats in file 2gramme.txt ( 57.83691460161151 )
# 11.065777026234889 million keystrokes disbalance of the fingers ( 16.598665539352336 )
# 0.34928865557573224 % finger repeats top to bottom or vice versa ( 7.025660399083031 )
# 3.0522676401951285 % of trigrams have no handswitching (after direction change counted x 1 ) ( 13.501139905013268 )
# 7.945796598976867 billion (rows²/dist)² to cross ( 103.29535578669926 )
# 0.026440092412844063 hand disbalance. Left: 0.5264400924128441 %, Right: 0.4735599075871559 % ( 0.7741089950947783 )
# 0.36597309448071924 badly positioned shortcut keys (weighted).
# 9.037887541543872 no handswitching after unbalancing key (weighted).
# 23.67465339486968 movement pattern cost (weighted).
# 0.8612155421522586 asymmetric bigram cost (weighted).
# 3.9224786398790616 irregularity cost (weighted).
# 15.129721966180684 manually assigned bigram penalty (weighted)
# 10.058890890335173 unbalancing key after neighboring finger (weighted)
# 0.8612155421522586 asymmetrc bigrams (weighted)
# 5.222861888576708 inconsistent symmetries of similar keys (weighted)
# 3.9224786398790616 irregularity cost for randomly sampled words (weighted).
# Finger load %: 9.0 8.2 8.3 18.9 - 13.0 9.3 9.2 8.3
 
