
# Evolved Layout
äglfö qüpdzxß
usrnw yaeth⇘
vkmcj oi,.b
┌───┬───┬───┬───┬───┬───┬───┬───┬───┬───┬───┬───┬───┬──────┐
│ ^ │ 1 │ 2 │ 3 │ 4 │ 5 │ 6 │ 7 │ 8 │ 9 │ 0 │ - │ ` │ ←    │
├───┴─┬─┴─┬─┴─┬─┴─┬─┴─┬─┴─┬─┴─┬─┴─┬─┴─┬─┴─┬─┴─┬─┴─┬─┴─┬────┤
│   ⇥ │ ä │ g │ l │ f │ ö │ q │ ü │ p │ d │ z │ x │ ß │ Ret│
├─────┴┬──┴┬──┴┬──┴┬──┴┬──┴┬──┴┬──┴┬──┴┬──┴┬──┴┬──┴┬──┴┐   │
│    ⇩ │ u │ s │ r │ n │ w │ y │ a │ e │ t │ h │ ⇘ │ ´ │   │
├────┬─┴─┬─┴─┬─┴─┬─┴─┬─┴─┬─┴─┬─┴─┬─┴─┬─┴─┬─┴─┬─┴─┬─┴───┴───┤
│  ⇧ │ ⇚ │ v │ k │ m │ c │ j │ o │ i │ , │ . │ b │ ⇗       │
├────┼───┴┬──┴─┬─┴───┴───┴───┴───┴───┴─┬─┴──┬┴───┼────┬────┤
│Strg│ Fe │ Alt│      Leerzeichen      │ M4 │ Fe │ Me │Strg│
└────┴────┴────┴───────────────────────┴────┴────┴────┴────┘
# 9.750509914729557 x100 total penalty per letter
# 35.6842428625851 x10 billion total penalty compared to notime-noeffort
# 7.64219529571824 mean key position cost in file 1gramme.txt ( 55.93675722 )
# 12.86703624347807 % finger repeats in file 2gramme.txt ( 62.11442064068045 )
# 10.387030610438519 million keystrokes disbalance of the fingers ( 15.580545915657778 )
# 0.5449750911143268 % finger repeats top to bottom or vice versa ( 10.961735673371836 )
# 4.131610480455884 % of trigrams have no handswitching (after direction change counted x 1 ) ( 18.27541280950314 )
# 8.505064204608406 billion (rows²/dist)² to cross ( 110.56583465990927 )
# 0.04943772077141412 hand disbalance. Left: 0.4505622792285859 %, Right: 0.5494377207714141 % ( 1.4474300523830526 )
# 1.0979192834421578 badly positioned shortcut keys (weighted).
# 6.305810132773764 no handswitching after unbalancing key (weighted).
# 31.20604505723507 movement pattern cost (weighted).
# 0.8647698973920246 asymmetric bigram cost (weighted).
# 3.4862055601534885 irregularity cost (weighted).
# 15.046968879124293 manually assigned bigram penalty (weighted)
# 10.168563216576777 unbalancing key after neighboring finger (weighted)
# 0.8647698973920246 asymmetrc bigrams (weighted)
# 13.784009627647878 inconsistent symmetries of similar keys (weighted)
# 3.4862055601534885 irregularity cost for randomly sampled words (weighted).
# Finger load %: 8.8 7.8 9.8 11.6 - 14.4 13.0 9.5 9.5
 
