
# Evolved Layout
öcpüä ßwilmzj
soney gturh⇘
vbxaq kd,.f
┌───┬───┬───┬───┬───┬───┬───┬───┬───┬───┬───┬───┬───┬──────┐
│ ^ │ 1 │ 2 │ 3 │ 4 │ 5 │ 6 │ 7 │ 8 │ 9 │ 0 │ - │ ` │ ←    │
├───┴─┬─┴─┬─┴─┬─┴─┬─┴─┬─┴─┬─┴─┬─┴─┬─┴─┬─┴─┬─┴─┬─┴─┬─┴─┬────┤
│   ⇥ │ ö │ c │ p │ ü │ ä │ ß │ w │ i │ l │ m │ z │ j │ Ret│
├─────┴┬──┴┬──┴┬──┴┬──┴┬──┴┬──┴┬──┴┬──┴┬──┴┬──┴┬──┴┬──┴┐   │
│    ⇩ │ s │ o │ n │ e │ y │ g │ t │ u │ r │ h │ ⇘ │ ´ │   │
├────┬─┴─┬─┴─┬─┴─┬─┴─┬─┴─┬─┴─┬─┴─┬─┴─┬─┴─┬─┴─┬─┴─┬─┴───┴───┤
│  ⇧ │ ⇚ │ v │ b │ x │ a │ q │ k │ d │ , │ . │ f │ ⇗       │
├────┼───┴┬──┴─┬─┴───┴───┴───┴───┴───┴─┬─┴──┬┴───┼────┬────┤
│Strg│ Fe │ Alt│      Leerzeichen      │ M4 │ Fe │ Me │Strg│
└────┴────┴────┴───────────────────────┴────┴────┴────┴────┘
# 9.96361667759978 x100 total penalty per letter
# 36.46415627720895 x10 billion total penalty compared to notime-noeffort
# 7.612440149331178 mean key position cost in file 1gramme.txt ( 55.71896556 )
# 11.106451127501984 % finger repeats in file 2gramme.txt ( 53.615359753765645 )
# 13.445893122332134 million keystrokes disbalance of the fingers ( 20.1688396834982 )
# 0.3912286497766881 % finger repeats top to bottom or vice versa ( 7.869249653104882 )
# 3.807209696693459 % of trigrams have no handswitching (after direction change counted x 1 ) ( 16.8404860982294 )
# 8.467463857743914 billion (rows²/dist)² to cross ( 110.07703015067088 )
# 0.006336952792091066 hand disbalance. Left: 0.49366304720790893 %, Right: 0.506336952792091 % ( 0.18553233783198414 )
# 0.36597309448071924 badly positioned shortcut keys (weighted).
# 7.126638626971497 no handswitching after unbalancing key (weighted).
# 28.296486991981766 movement pattern cost (weighted).
# 0.8882336357951459 asymmetric bigram cost (weighted).
# 17.37229411403964 irregularity cost (weighted).
# 20.486470680168228 manually assigned bigram penalty (weighted)
# 11.84599276390362 unbalancing key after neighboring finger (weighted)
# 0.8882336357951459 asymmetrc bigrams (weighted)
# 13.784009627647878 inconsistent symmetries of similar keys (weighted)
# 17.37229411403964 irregularity cost for randomly sampled words (weighted).
# Finger load %: 11.1 6.5 7.6 16.4 - 13.3 9.2 9.3 11.0
 
