
# Evolved Layout
öuofj qxzcwvß
hiesk mradt⇘
püägy ln,.b
┌───┬───┬───┬───┬───┬───┬───┬───┬───┬───┬───┬───┬───┬──────┐
│ ^ │ 1 │ 2 │ 3 │ 4 │ 5 │ 6 │ 7 │ 8 │ 9 │ 0 │ - │ ` │ ←    │
├───┴─┬─┴─┬─┴─┬─┴─┬─┴─┬─┴─┬─┴─┬─┴─┬─┴─┬─┴─┬─┴─┬─┴─┬─┴─┬────┤
│   ⇥ │ ö │ u │ o │ f │ j │ q │ x │ z │ c │ w │ v │ ß │ Ret│
├─────┴┬──┴┬──┴┬──┴┬──┴┬──┴┬──┴┬──┴┬──┴┬──┴┬──┴┬──┴┬──┴┐   │
│    ⇩ │ h │ i │ e │ s │ k │ m │ r │ a │ d │ t │ ⇘ │ ´ │   │
├────┬─┴─┬─┴─┬─┴─┬─┴─┬─┴─┬─┴─┬─┴─┬─┴─┬─┴─┬─┴─┬─┴─┬─┴───┴───┤
│  ⇧ │ ⇚ │ p │ ü │ ä │ g │ y │ l │ n │ , │ . │ b │ ⇗       │
├────┼───┴┬──┴─┬─┴───┴───┴───┴───┴───┴─┬─┴──┬┴───┼────┬────┤
│Strg│ Fe │ Alt│      Leerzeichen      │ M4 │ Fe │ Me │Strg│
└────┴────┴────┴───────────────────────┴────┴────┴────┴────┘
# 10.158105705572375 x100 total penalty per letter
# 37.17593379130572 x10 billion total penalty compared to notime-noeffort
# 7.527982547211937 mean key position cost in file 1gramme.txt ( 55.10078136 )
# 13.06762286786433 % finger repeats in file 2gramme.txt ( 63.082733912381826 )
# 13.821983913644647 million keystrokes disbalance of the fingers ( 20.732975870466973 )
# 0.3429748208121701 % finger repeats top to bottom or vice versa ( 6.898662690578598 )
# 3.138905434273197 % of trigrams have no handswitching (after direction change counted x 1 ) ( 13.884366121320742 )
# 8.63564924830851 billion (rows²/dist)² to cross ( 112.26344022801062 )
# 0.0032633905456526113 hand disbalance. Left: 0.4967366094543474 %, Right: 0.5032633905456526 % ( 0.09554505091932873 )
# 1.463892377922877 badly positioned shortcut keys (weighted).
# 7.998213873452754 no handswitching after unbalancing key (weighted).
# 27.280681929646402 movement pattern cost (weighted).
# 0.8960825558334512 asymmetric bigram cost (weighted).
# 13.091008013309212 irregularity cost (weighted).
# 19.276686056508762 manually assigned bigram penalty (weighted)
# 11.926414381002367 unbalancing key after neighboring finger (weighted)
# 0.8960825558334512 asymmetrc bigrams (weighted)
# 17.767853491703246 inconsistent symmetries of similar keys (weighted)
# 13.091008013309212 irregularity cost for randomly sampled words (weighted).
# Finger load %: 9.9 8.5 13.8 9.8 - 17.3 6.3 6.9 12.0
 
