
# Evolved Layout
öuovj qfldkxß
aienp msrth⇘
üyäcz wb,.g
┌───┬───┬───┬───┬───┬───┬───┬───┬───┬───┬───┬───┬───┬──────┐
│ ^ │ 1 │ 2 │ 3 │ 4 │ 5 │ 6 │ 7 │ 8 │ 9 │ 0 │ - │ ` │ ←    │
├───┴─┬─┴─┬─┴─┬─┴─┬─┴─┬─┴─┬─┴─┬─┴─┬─┴─┬─┴─┬─┴─┬─┴─┬─┴─┬────┤
│   ⇥ │ ö │ u │ o │ v │ j │ q │ f │ l │ d │ k │ x │ ß │ Ret│
├─────┴┬──┴┬──┴┬──┴┬──┴┬──┴┬──┴┬──┴┬──┴┬──┴┬──┴┬──┴┬──┴┐   │
│    ⇩ │ a │ i │ e │ n │ p │ m │ s │ r │ t │ h │ ⇘ │ ´ │   │
├────┬─┴─┬─┴─┬─┴─┬─┴─┬─┴─┬─┴─┬─┴─┬─┴─┬─┴─┬─┴─┬─┴─┬─┴───┴───┤
│  ⇧ │ ⇚ │ ü │ y │ ä │ c │ z │ w │ b │ , │ . │ g │ ⇗       │
├────┼───┴┬──┴─┬─┴───┴───┴───┴───┴───┴─┬─┴──┬┴───┼────┬────┤
│Strg│ Fe │ Alt│      Leerzeichen      │ M4 │ Fe │ Me │Strg│
└────┴────┴────┴───────────────────────┴────┴────┴────┴────┘
# 9.29709517750319 x100 total penalty per letter
# 34.02486691792614 x10 billion total penalty compared to notime-noeffort
# 7.269145322758568 mean key position cost in file 1gramme.txt ( 53.20623216 )
# 9.253457495659992 % finger repeats in file 2gramme.txt ( 44.67020535186712 )
# 11.7159169065771 million keystrokes disbalance of the fingers ( 17.57387535986565 )
# 0.3634844803517082 % finger repeats top to bottom or vice versa ( 7.311197997767714 )
# 3.5510369450797383 % of trigrams have no handswitching (after direction change counted x 1 ) ( 15.707353435207768 )
# 8.152007354055002 billion (rows²/dist)² to cross ( 105.976095602715 )
# 0.025809842820653017 hand disbalance. Left: 0.525809842820653 %, Right: 0.47419015717934704 % ( 0.7556566436108288 )
# 1.0979192834421578 badly positioned shortcut keys (weighted).
# 7.272916794557159 no handswitching after unbalancing key (weighted).
# 30.021793460897324 movement pattern cost (weighted).
# 0.8609177074005111 asymmetric bigram cost (weighted).
# 14.699549553422468 irregularity cost (weighted).
# 16.44242564463899 manually assigned bigram penalty (weighted)
# 11.639702835248395 unbalancing key after neighboring finger (weighted)
# 0.8609177074005111 asymmetrc bigrams (weighted)
# 13.012827348620299 inconsistent symmetries of similar keys (weighted)
# 14.699549553422468 irregularity cost for randomly sampled words (weighted).
# Finger load %: 10.8 8.6 13.8 11.2 - 11.5 9.1 9.5 9.9
 
