
# Evolved Layout
jnfüä vdihzqß
clseö wtaur⇘
mpkoy bg,.x
┌───┬───┬───┬───┬───┬───┬───┬───┬───┬───┬───┬───┬───┬──────┐
│ ^ │ 1 │ 2 │ 3 │ 4 │ 5 │ 6 │ 7 │ 8 │ 9 │ 0 │ - │ ` │ ←    │
├───┴─┬─┴─┬─┴─┬─┴─┬─┴─┬─┴─┬─┴─┬─┴─┬─┴─┬─┴─┬─┴─┬─┴─┬─┴─┬────┤
│   ⇥ │ j │ n │ f │ ü │ ä │ v │ d │ i │ h │ z │ q │ ß │ Ret│
├─────┴┬──┴┬──┴┬──┴┬──┴┬──┴┬──┴┬──┴┬──┴┬──┴┬──┴┬──┴┬──┴┐   │
│    ⇩ │ c │ l │ s │ e │ ö │ w │ t │ a │ u │ r │ ⇘ │ ´ │   │
├────┬─┴─┬─┴─┬─┴─┬─┴─┬─┴─┬─┴─┬─┴─┬─┴─┬─┴─┬─┴─┬─┴─┬─┴───┴───┤
│  ⇧ │ ⇚ │ m │ p │ k │ o │ y │ b │ g │ , │ . │ x │ ⇗       │
├────┼───┴┬──┴─┬─┴───┴───┴───┴───┴───┴─┬─┴──┬┴───┼────┬────┤
│Strg│ Fe │ Alt│      Leerzeichen      │ M4 │ Fe │ Me │Strg│
└────┴────┴────┴───────────────────────┴────┴────┴────┴────┘
# 9.429979559772905 x100 total penalty per letter
# 34.51118800380021 x10 billion total penalty compared to notime-noeffort
# 8.057488999796826 mean key position cost in file 1gramme.txt ( 58.97648366 )
# 9.637435686704704 % finger repeats in file 2gramme.txt ( 46.52382435348359 )
# 11.686585589569253 million keystrokes disbalance of the fingers ( 17.529878384353882 )
# 0.3949871119281917 % finger repeats top to bottom or vice versa ( 7.944848096620739 )
# 4.90951247428921 % of trigrams have no handswitching (after direction change counted x 1 ) ( 21.716318027913502 )
# 8.242566704521815 billion (rows²/dist)² to cross ( 107.15336715878358 )
# 0.0012387805690552978 hand disbalance. Left: 0.4987612194309447 %, Right: 0.5012387805690554 % ( 0.03626882865918029 )
# 1.0979192834421578 badly positioned shortcut keys (weighted).
# 7.568641390450243 no handswitching after unbalancing key (weighted).
# 26.79300906295656 movement pattern cost (weighted).
# 0.8998885097820141 asymmetric bigram cost (weighted).
# 3.616822307073002 irregularity cost (weighted).
# 17.80523367162532 manually assigned bigram penalty (weighted)
# 12.67100004726448 unbalancing key after neighboring finger (weighted)
# 0.8998885097820141 asymmetrc bigrams (weighted)
# 14.778377255593814 inconsistent symmetries of similar keys (weighted)
# 3.616822307073002 irregularity cost for randomly sampled words (weighted).
# Finger load %: 9.8 10.4 7.1 14.8 - 14.3 11.1 7.1 9.8
 
