
# Evolved Layout
joabq xzdwgvß
ueinc mrtsh⇘
üöäpy kl,.f
┌───┬───┬───┬───┬───┬───┬───┬───┬───┬───┬───┬───┬───┬──────┐
│ ^ │ 1 │ 2 │ 3 │ 4 │ 5 │ 6 │ 7 │ 8 │ 9 │ 0 │ - │ ` │ ←    │
├───┴─┬─┴─┬─┴─┬─┴─┬─┴─┬─┴─┬─┴─┬─┴─┬─┴─┬─┴─┬─┴─┬─┴─┬─┴─┬────┤
│   ⇥ │ j │ o │ a │ b │ q │ x │ z │ d │ w │ g │ v │ ß │ Ret│
├─────┴┬──┴┬──┴┬──┴┬──┴┬──┴┬──┴┬──┴┬──┴┬──┴┬──┴┬──┴┬──┴┐   │
│    ⇩ │ u │ e │ i │ n │ c │ m │ r │ t │ s │ h │ ⇘ │ ´ │   │
├────┬─┴─┬─┴─┬─┴─┬─┴─┬─┴─┬─┴─┬─┴─┬─┴─┬─┴─┬─┴─┬─┴─┬─┴───┴───┤
│  ⇧ │ ⇚ │ ü │ ö │ ä │ p │ y │ k │ l │ , │ . │ f │ ⇗       │
├────┼───┴┬──┴─┬─┴───┴───┴───┴───┴───┴─┬─┴──┬┴───┼────┬────┤
│Strg│ Fe │ Alt│      Leerzeichen      │ M4 │ Fe │ Me │Strg│
└────┴────┴────┴───────────────────────┴────┴────┴────┴────┘
# 9.314692303039369 x100 total penalty per letter
# 34.089267662790554 x10 billion total penalty compared to notime-noeffort
# 7.136784398607211 mean key position cost in file 1gramme.txt ( 52.23742142 )
# 10.954588074292838 % finger repeats in file 2gramme.txt ( 52.882254989908915 )
# 11.86657635955855 million keystrokes disbalance of the fingers ( 17.799864539337825 )
# 0.3641765376583083 % finger repeats top to bottom or vice versa ( 7.325118173917902 )
# 3.19545999966503 % of trigrams have no handswitching (after direction change counted x 1 ) ( 14.134524754058972 )
# 8.548669811063437 billion (rows²/dist)² to cross ( 111.13270754382468 )
# 0.02677990229247995 hand disbalance. Left: 0.52677990229248 %, Right: 0.47322009770752005 % ( 0.7840578969496157 )
# 1.463892377922877 badly positioned shortcut keys (weighted).
# 8.697113968920265 no handswitching after unbalancing key (weighted).
# 27.847815747257435 movement pattern cost (weighted).
# 0.8801383247168989 asymmetric bigram cost (weighted).
# 8.690289060796758 irregularity cost (weighted).
# 16.27093614369424 manually assigned bigram penalty (weighted)
# 13.773221586434344 unbalancing key after neighboring finger (weighted)
# 0.8801383247168989 asymmetrc bigrams (weighted)
# 6.973320100164806 inconsistent symmetries of similar keys (weighted)
# 8.690289060796758 irregularity cost for randomly sampled words (weighted).
# Finger load %: 8.8 13.8 10.2 11.7 - 12.5 9.3 7.2 10.9
 
