
# Evolved Layout
jgckv qyuazxß
rtnsm äeioh⇘
lpbfw üö,.d
┌───┬───┬───┬───┬───┬───┬───┬───┬───┬───┬───┬───┬───┬──────┐
│ ^ │ 1 │ 2 │ 3 │ 4 │ 5 │ 6 │ 7 │ 8 │ 9 │ 0 │ - │ ` │ ←    │
├───┴─┬─┴─┬─┴─┬─┴─┬─┴─┬─┴─┬─┴─┬─┴─┬─┴─┬─┴─┬─┴─┬─┴─┬─┴─┬────┤
│   ⇥ │ j │ g │ c │ k │ v │ q │ y │ u │ a │ z │ x │ ß │ Ret│
├─────┴┬──┴┬──┴┬──┴┬──┴┬──┴┬──┴┬──┴┬──┴┬──┴┬──┴┬──┴┬──┴┐   │
│    ⇩ │ r │ t │ n │ s │ m │ ä │ e │ i │ o │ h │ ⇘ │ ´ │   │
├────┬─┴─┬─┴─┬─┴─┬─┴─┬─┴─┬─┴─┬─┴─┬─┴─┬─┴─┬─┴─┬─┴─┬─┴───┴───┤
│  ⇧ │ ⇚ │ l │ p │ b │ f │ w │ ü │ ö │ , │ . │ d │ ⇗       │
├────┼───┴┬──┴─┬─┴───┴───┴───┴───┴───┴─┬─┴──┬┴───┼────┬────┤
│Strg│ Fe │ Alt│      Leerzeichen      │ M4 │ Fe │ Me │Strg│
└────┴────┴────┴───────────────────────┴────┴────┴────┴────┘
# 9.472670429772203 x100 total penalty per letter
# 34.667425101797384 x10 billion total penalty compared to notime-noeffort
# 8.167217885896992 mean key position cost in file 1gramme.txt ( 59.77964006 )
# 8.072362297791832 % finger repeats in file 2gramme.txt ( 38.96857814348367 )
# 14.587651840552079 million keystrokes disbalance of the fingers ( 21.88147776082812 )
# 0.32187551479564097 % finger repeats top to bottom or vice versa ( 6.474267118715191 )
# 1.9623947164466944 % of trigrams have no handswitching (after direction change counted x 1 ) ( 8.68028912887596 )
# 9.185031344345257 billion (rows²/dist)² to cross ( 119.40540747648834 )
# 0.0040566233826415665 hand disbalance. Left: 0.49594337661735843 %, Right: 0.5040566233826416 % ( 0.11876920099905416 )
# 1.0979192834421578 badly positioned shortcut keys (weighted).
# 8.077030332324817 no handswitching after unbalancing key (weighted).
# 33.67310549475803 movement pattern cost (weighted).
# 0.8768930131578226 asymmetric bigram cost (weighted).
# 5.489925350753516 irregularity cost (weighted).
# 21.363958447643842 manually assigned bigram penalty (weighted)
# 10.763639093992229 unbalancing key after neighboring finger (weighted)
# 0.8768930131578226 asymmetrc bigrams (weighted)
# 10.023351112510863 inconsistent symmetries of similar keys (weighted)
# 5.489925350753516 irregularity cost for randomly sampled words (weighted).
# Finger load %: 12.8 8.0 10.0 10.9 - 12.9 9.2 8.6 11.8
 
