
# Evolved Layout
ölnmq xpaofjß
urhsk wtiec⇘
äzygü bd,.v
┌───┬───┬───┬───┬───┬───┬───┬───┬───┬───┬───┬───┬───┬──────┐
│ ^ │ 1 │ 2 │ 3 │ 4 │ 5 │ 6 │ 7 │ 8 │ 9 │ 0 │ - │ ` │ ←    │
├───┴─┬─┴─┬─┴─┬─┴─┬─┴─┬─┴─┬─┴─┬─┴─┬─┴─┬─┴─┬─┴─┬─┴─┬─┴─┬────┤
│   ⇥ │ ö │ l │ n │ m │ q │ x │ p │ a │ o │ f │ j │ ß │ Ret│
├─────┴┬──┴┬──┴┬──┴┬──┴┬──┴┬──┴┬──┴┬──┴┬──┴┬──┴┬──┴┬──┴┐   │
│    ⇩ │ u │ r │ h │ s │ k │ w │ t │ i │ e │ c │ ⇘ │ ´ │   │
├────┬─┴─┬─┴─┬─┴─┬─┴─┬─┴─┬─┴─┬─┴─┬─┴─┬─┴─┬─┴─┬─┴─┬─┴───┴───┤
│  ⇧ │ ⇚ │ ä │ z │ y │ g │ ü │ b │ d │ , │ . │ v │ ⇗       │
├────┼───┴┬──┴─┬─┴───┴───┴───┴───┴───┴─┬─┴──┬┴───┼────┬────┤
│Strg│ Fe │ Alt│      Leerzeichen      │ M4 │ Fe │ Me │Strg│
└────┴────┴────┴───────────────────────┴────┴────┴────┴────┘
# 9.534477488848204 x100 total penalty per letter
# 34.89362230850535 x10 billion total penalty compared to notime-noeffort
# 7.279312824293838 mean key position cost in file 1gramme.txt ( 53.2806528 )
# 12.119561775235603 % finger repeats in file 2gramme.txt ( 58.506057171422725 )
# 10.443165812768743 million keystrokes disbalance of the fingers ( 15.664748719153117 )
# 0.4026766833290286 % finger repeats top to bottom or vice versa ( 8.099517641177613 )
# 3.8324873308173073 % of trigrams have no handswitching (after direction change counted x 1 ) ( 16.952297025383874 )
# 7.981971860108498 billion (rows²/dist)² to cross ( 103.76563418141046 )
# 0.05645264692694785 hand disbalance. Left: 0.44354735307305215 %, Right: 0.5564526469269478 % ( 1.6528119909986057 )
# 1.0979192834421578 badly positioned shortcut keys (weighted).
# 7.4791796685102145 no handswitching after unbalancing key (weighted).
# 34.121719699680504 movement pattern cost (weighted).
# 0.8645807511911677 asymmetric bigram cost (weighted).
# 6.586404510501308 irregularity cost (weighted).
# 15.113597664092483 manually assigned bigram penalty (weighted)
# 13.903729603732788 unbalancing key after neighboring finger (weighted)
# 0.8645807511911677 asymmetrc bigrams (weighted)
# 11.847372374356489 inconsistent symmetries of similar keys (weighted)
# 6.586404510501308 irregularity cost for randomly sampled words (weighted).
# Finger load %: 8.6 8.7 10.1 10.1 - 12.8 11.1 14.9 8.2
 
