
# Evolved Layout
üglpq öäyfkßj
utrnm zaesh⇘
cvxbw oi,.d
┌───┬───┬───┬───┬───┬───┬───┬───┬───┬───┬───┬───┬───┬──────┐
│ ^ │ 1 │ 2 │ 3 │ 4 │ 5 │ 6 │ 7 │ 8 │ 9 │ 0 │ - │ ` │ ←    │
├───┴─┬─┴─┬─┴─┬─┴─┬─┴─┬─┴─┬─┴─┬─┴─┬─┴─┬─┴─┬─┴─┬─┴─┬─┴─┬────┤
│   ⇥ │ ü │ g │ l │ p │ q │ ö │ ä │ y │ f │ k │ ß │ j │ Ret│
├─────┴┬──┴┬──┴┬──┴┬──┴┬──┴┬──┴┬──┴┬──┴┬──┴┬──┴┬──┴┬──┴┐   │
│    ⇩ │ u │ t │ r │ n │ m │ z │ a │ e │ s │ h │ ⇘ │ ´ │   │
├────┬─┴─┬─┴─┬─┴─┬─┴─┬─┴─┬─┴─┬─┴─┬─┴─┬─┴─┬─┴─┬─┴─┬─┴───┴───┤
│  ⇧ │ ⇚ │ c │ v │ x │ b │ w │ o │ i │ , │ . │ d │ ⇗       │
├────┼───┴┬──┴─┬─┴───┴───┴───┴───┴───┴─┬─┴──┬┴───┼────┬────┤
│Strg│ Fe │ Alt│      Leerzeichen      │ M4 │ Fe │ Me │Strg│
└────┴────┴────┴───────────────────────┴────┴────┴────┴────┘
# 9.394346859298336 x100 total penalty per letter
# 34.38078190722638 x10 billion total penalty compared to notime-noeffort
# 7.936159495880687 mean key position cost in file 1gramme.txt ( 58.08841698 )
# 10.6919151854408 % finger repeats in file 2gramme.txt ( 51.61422605144002 )
# 13.008447411673096 million keystrokes disbalance of the fingers ( 19.512671117509644 )
# 0.34403086278465256 % finger repeats top to bottom or vice versa ( 6.919904125556238 )
# 3.5212827151011714 % of trigrams have no handswitching (after direction change counted x 1 ) ( 15.575741116413573 )
# 8.4843239289516 billion (rows²/dist)² to cross ( 110.29621107637081 )
# 0.04524827506658069 hand disbalance. Left: 0.4547517249334193 %, Right: 0.5452482750665807 % ( 1.3247720996825048 )
# 0.36597309448071924 badly positioned shortcut keys (weighted).
# 8.386601004215153 no handswitching after unbalancing key (weighted).
# 28.39902394120732 movement pattern cost (weighted).
# 0.8725855249797763 asymmetric bigram cost (weighted).
# 4.268215050648985 irregularity cost (weighted).
# 17.639482727136148 manually assigned bigram penalty (weighted)
# 10.602888656091968 unbalancing key after neighboring finger (weighted)
# 0.8725855249797763 asymmetrc bigrams (weighted)
# 9.941106506530891 inconsistent symmetries of similar keys (weighted)
# 4.268215050648985 irregularity cost for randomly sampled words (weighted).
# Finger load %: 10.5 7.7 8.0 12.1 - 14.6 12.4 7.5 11.5
 
