
# Evolved Layout
ülbdv qöoaäjß
unthg mseiw⇘
cxpky zr,.f
┌───┬───┬───┬───┬───┬───┬───┬───┬───┬───┬───┬───┬───┬──────┐
│ ^ │ 1 │ 2 │ 3 │ 4 │ 5 │ 6 │ 7 │ 8 │ 9 │ 0 │ - │ ` │ ←    │
├───┴─┬─┴─┬─┴─┬─┴─┬─┴─┬─┴─┬─┴─┬─┴─┬─┴─┬─┴─┬─┴─┬─┴─┬─┴─┬────┤
│   ⇥ │ ü │ l │ b │ d │ v │ q │ ö │ o │ a │ ä │ j │ ß │ Ret│
├─────┴┬──┴┬──┴┬──┴┬──┴┬──┴┬──┴┬──┴┬──┴┬──┴┬──┴┬──┴┬──┴┐   │
│    ⇩ │ u │ n │ t │ h │ g │ m │ s │ e │ i │ w │ ⇘ │ ´ │   │
├────┬─┴─┬─┴─┬─┴─┬─┴─┬─┴─┬─┴─┬─┴─┬─┴─┬─┴─┬─┴─┬─┴─┬─┴───┴───┤
│  ⇧ │ ⇚ │ c │ x │ p │ k │ y │ z │ r │ , │ . │ f │ ⇗       │
├────┼───┴┬──┴─┬─┴───┴───┴───┴───┴───┴─┬─┴──┬┴───┼────┬────┤
│Strg│ Fe │ Alt│      Leerzeichen      │ M4 │ Fe │ Me │Strg│
└────┴────┴────┴───────────────────────┴────┴────┴────┴────┘
# 10.092849532040567 x100 total penalty per letter
# 36.93711375369166 x10 billion total penalty compared to notime-noeffort
# 7.759945815223357 mean key position cost in file 1gramme.txt ( 56.79862766 )
# 14.988195438384606 % finger repeats in file 2gramme.txt ( 72.35411935490879 )
# 10.970139394749278 million keystrokes disbalance of the fingers ( 16.455209092123916 )
# 0.43220712490349594 % finger repeats top to bottom or vice versa ( 8.6934987242311 )
# 3.253677887467748 % of trigrams have no handswitching (after direction change counted x 1 ) ( 14.392040785041306 )
# 8.579413181905112 billion (rows²/dist)² to cross ( 111.53237136476645 )
# 0.04895312619528347 hand disbalance. Left: 0.45104687380471653 %, Right: 0.5489531261952835 % ( 1.433242166255444 )
# 0.7319461889614385 badly positioned shortcut keys (weighted).
# 8.326040638713412 no handswitching after unbalancing key (weighted).
# 30.78194731059354 movement pattern cost (weighted).
# 0.8752454705016445 asymmetric bigram cost (weighted).
# 4.70131541389334 irregularity cost (weighted).
# 18.345805057041005 manually assigned bigram penalty (weighted)
# 13.904687367631054 unbalancing key after neighboring finger (weighted)
# 0.8752454705016445 asymmetrc bigrams (weighted)
# 10.045040942254213 inconsistent symmetries of similar keys (weighted)
# 4.70131541389334 irregularity cost for randomly sampled words (weighted).
# Finger load %: 10.5 9.6 7.3 10.7 - 13.4 14.7 11.3 7.0
 
