
# Evolved Layout
äüumj qpclvzß
aeihk btnrs⇘
oöxgy wd,.f
┌───┬───┬───┬───┬───┬───┬───┬───┬───┬───┬───┬───┬───┬──────┐
│ ^ │ 1 │ 2 │ 3 │ 4 │ 5 │ 6 │ 7 │ 8 │ 9 │ 0 │ - │ ` │ ←    │
├───┴─┬─┴─┬─┴─┬─┴─┬─┴─┬─┴─┬─┴─┬─┴─┬─┴─┬─┴─┬─┴─┬─┴─┬─┴─┬────┤
│   ⇥ │ ä │ ü │ u │ m │ j │ q │ p │ c │ l │ v │ z │ ß │ Ret│
├─────┴┬──┴┬──┴┬──┴┬──┴┬──┴┬──┴┬──┴┬──┴┬──┴┬──┴┬──┴┬──┴┐   │
│    ⇩ │ a │ e │ i │ h │ k │ b │ t │ n │ r │ s │ ⇘ │ ´ │   │
├────┬─┴─┬─┴─┬─┴─┬─┴─┬─┴─┬─┴─┬─┴─┬─┴─┬─┴─┬─┴─┬─┴─┬─┴───┴───┤
│  ⇧ │ ⇚ │ o │ ö │ x │ g │ y │ w │ d │ , │ . │ f │ ⇗       │
├────┼───┴┬──┴─┬─┴───┴───┴───┴───┴───┴─┬─┴──┬┴───┼────┬────┤
│Strg│ Fe │ Alt│      Leerzeichen      │ M4 │ Fe │ Me │Strg│
└────┴────┴────┴───────────────────────┴────┴────┴────┴────┘
# 9.112360195981866 x100 total penalty per letter
# 33.34878658946417 x10 billion total penalty compared to notime-noeffort
# 7.488090543618845 mean key position cost in file 1gramme.txt ( 54.80879336 )
# 8.332923245384585 % finger repeats in file 2gramme.txt ( 40.226411881965134 )
# 14.531227916143877 million keystrokes disbalance of the fingers ( 21.796841874215815 )
# 0.3597754740140368 % finger repeats top to bottom or vice versa ( 7.236594318173329 )
# 2.7879188259457957 % of trigrams have no handswitching (after direction change counted x 1 ) ( 12.33184194506227 )
# 8.077003218587624 billion (rows²/dist)² to cross ( 105.0010418416391 )
# 0.007506710323874122 hand disbalance. Left: 0.4924932896761259 %, Right: 0.5075067103238742 % ( 0.219780320527886 )
# 1.0979192834421578 badly positioned shortcut keys (weighted).
# 7.505946146128645 no handswitching after unbalancing key (weighted).
# 29.356805962610178 movement pattern cost (weighted).
# 0.8555957574928033 asymmetric bigram cost (weighted).
# 9.1751509191927 irregularity cost (weighted).
# 21.039584401475302 manually assigned bigram penalty (weighted)
# 10.208321673609893 unbalancing key after neighboring finger (weighted)
# 0.8555957574928033 asymmetrc bigrams (weighted)
# 12.62723620910651 inconsistent symmetries of similar keys (weighted)
# 9.1751509191927 irregularity cost for randomly sampled words (weighted).
# Finger load %: 13.1 11.4 8.2 8.8 - 12.7 9.8 9.3 11.1
 
