
# Evolved Layout
ßkaäö qwdbgvj
urieü mntsh⇘
czxoy pl,.f
┌───┬───┬───┬───┬───┬───┬───┬───┬───┬───┬───┬───┬───┬──────┐
│ ^ │ 1 │ 2 │ 3 │ 4 │ 5 │ 6 │ 7 │ 8 │ 9 │ 0 │ - │ ` │ ←    │
├───┴─┬─┴─┬─┴─┬─┴─┬─┴─┬─┴─┬─┴─┬─┴─┬─┴─┬─┴─┬─┴─┬─┴─┬─┴─┬────┤
│   ⇥ │ ß │ k │ a │ ä │ ö │ q │ w │ d │ b │ g │ v │ j │ Ret│
├─────┴┬──┴┬──┴┬──┴┬──┴┬──┴┬──┴┬──┴┬──┴┬──┴┬──┴┬──┴┬──┴┐   │
│    ⇩ │ u │ r │ i │ e │ ü │ m │ n │ t │ s │ h │ ⇘ │ ´ │   │
├────┬─┴─┬─┴─┬─┴─┬─┴─┬─┴─┬─┴─┬─┴─┬─┴─┬─┴─┬─┴─┬─┴─┬─┴───┴───┤
│  ⇧ │ ⇚ │ c │ z │ x │ o │ y │ p │ l │ , │ . │ f │ ⇗       │
├────┼───┴┬──┴─┬─┴───┴───┴───┴───┴───┴─┬─┴──┬┴───┼────┬────┤
│Strg│ Fe │ Alt│      Leerzeichen      │ M4 │ Fe │ Me │Strg│
└────┴────┴────┴───────────────────────┴────┴────┴────┴────┘
# 9.131053749884428 x100 total penalty per letter
# 33.4171999671498 x10 billion total penalty compared to notime-noeffort
# 7.443698662781124 mean key position cost in file 1gramme.txt ( 54.48386868 )
# 11.843683203726854 % finger repeats in file 2gramme.txt ( 57.17427902825239 )
# 12.76273474151191 million keystrokes disbalance of the fingers ( 19.144102112267863 )
# 0.3925921006662171 % finger repeats top to bottom or vice versa ( 7.896674371221963 )
# 2.4464218975830128 % of trigrams have no handswitching (after direction change counted x 1 ) ( 10.821293608395608 )
# 7.897725766612833 billion (rows²/dist)² to cross ( 102.67043496596683 )
# 0.004925122269542892 hand disbalance. Left: 0.5049251222695429 %, Right: 0.4950748777304571 % ( 0.14419697901444123 )
# 0.36597309448071924 badly positioned shortcut keys (weighted).
# 7.323085188192847 no handswitching after unbalancing key (weighted).
# 26.900257800480563 movement pattern cost (weighted).
# 0.8575633653995223 asymmetric bigram cost (weighted).
# 8.19810453237202 irregularity cost (weighted).
# 18.78419900984831 manually assigned bigram penalty (weighted)
# 8.999024683580208 unbalancing key after neighboring finger (weighted)
# 0.8575633653995223 asymmetrc bigrams (weighted)
# 10.408942252024653 inconsistent symmetries of similar keys (weighted)
# 8.19810453237202 irregularity cost for randomly sampled words (weighted).
# Finger load %: 10.9 6.9 10.1 14.8 - 14.3 9.3 7.5 10.7
 
