
# Evolved Layout
ßmngj qkäoöüx
rsltf wdeai⇘
zvpcy bh,.u
┌───┬───┬───┬───┬───┬───┬───┬───┬───┬───┬───┬───┬───┬──────┐
│ ^ │ 1 │ 2 │ 3 │ 4 │ 5 │ 6 │ 7 │ 8 │ 9 │ 0 │ - │ ` │ ←    │
├───┴─┬─┴─┬─┴─┬─┴─┬─┴─┬─┴─┬─┴─┬─┴─┬─┴─┬─┴─┬─┴─┬─┴─┬─┴─┬────┤
│   ⇥ │ ß │ m │ n │ g │ j │ q │ k │ ä │ o │ ö │ ü │ x │ Ret│
├─────┴┬──┴┬──┴┬──┴┬──┴┬──┴┬──┴┬──┴┬──┴┬──┴┬──┴┬──┴┬──┴┐   │
│    ⇩ │ r │ s │ l │ t │ f │ w │ d │ e │ a │ i │ ⇘ │ ´ │   │
├────┬─┴─┬─┴─┬─┴─┬─┴─┬─┴─┬─┴─┬─┴─┬─┴─┬─┴─┬─┴─┬─┴─┬─┴───┴───┤
│  ⇧ │ ⇚ │ z │ v │ p │ c │ y │ b │ h │ , │ . │ u │ ⇗       │
├────┼───┴┬──┴─┬─┴───┴───┴───┴───┴───┴─┬─┴──┬┴───┼────┬────┤
│Strg│ Fe │ Alt│      Leerzeichen      │ M4 │ Fe │ Me │Strg│
└────┴────┴────┴───────────────────────┴────┴────┴────┴────┘
# 9.229781946369728 x100 total penalty per letter
# 33.778518602952055 x10 billion total penalty compared to notime-noeffort
# 7.6939692520165455 mean key position cost in file 1gramme.txt ( 56.31571472 )
# 9.507945840809077 % finger repeats in file 2gramme.txt ( 45.898724166893636 )
# 13.832054015660447 million keystrokes disbalance of the fingers ( 20.74808102349067 )
# 0.3739359748128216 % finger repeats top to bottom or vice versa ( 7.521421403465352 )
# 2.9863973282501926 % of trigrams have no handswitching (after direction change counted x 1 ) ( 13.209774794875482 )
# 8.73314206039424 billion (rows²/dist)² to cross ( 113.5308467851251 )
# 0.02644019425382521 hand disbalance. Left: 0.4735598057461748 %, Right: 0.5264401942538253 % ( 0.7741119767794995 )
# 0.7319461889614385 badly positioned shortcut keys (weighted).
# 7.789657557591874 no handswitching after unbalancing key (weighted).
# 24.547061615147662 movement pattern cost (weighted).
# 0.8757624207864353 asymmetric bigram cost (weighted).
# 7.53645359090545 irregularity cost (weighted).
# 17.467387777204333 manually assigned bigram penalty (weighted)
# 12.262002573837123 unbalancing key after neighboring finger (weighted)
# 0.8757624207864353 asymmetrc bigrams (weighted)
# 8.576239434456584 inconsistent symmetries of similar keys (weighted)
# 7.53645359090545 irregularity cost for randomly sampled words (weighted).
# Finger load %: 11.1 7.4 10.2 11.2 - 11.0 12.3 8.6 12.6
 
