
# Evolved Layout
öäkgü wcilzjß
aehtd fnurs⇘
oyxvq pb,.m
┌───┬───┬───┬───┬───┬───┬───┬───┬───┬───┬───┬───┬───┬──────┐
│ ^ │ 1 │ 2 │ 3 │ 4 │ 5 │ 6 │ 7 │ 8 │ 9 │ 0 │ - │ ` │ ←    │
├───┴─┬─┴─┬─┴─┬─┴─┬─┴─┬─┴─┬─┴─┬─┴─┬─┴─┬─┴─┬─┴─┬─┴─┬─┴─┬────┤
│   ⇥ │ ö │ ä │ k │ g │ ü │ w │ c │ i │ l │ z │ j │ ß │ Ret│
├─────┴┬──┴┬──┴┬──┴┬──┴┬──┴┬──┴┬──┴┬──┴┬──┴┬──┴┬──┴┬──┴┐   │
│    ⇩ │ a │ e │ h │ t │ d │ f │ n │ u │ r │ s │ ⇘ │ ´ │   │
├────┬─┴─┬─┴─┬─┴─┬─┴─┬─┴─┬─┴─┬─┴─┬─┴─┬─┴─┬─┴─┬─┴─┬─┴───┴───┤
│  ⇧ │ ⇚ │ o │ y │ x │ v │ q │ p │ b │ , │ . │ m │ ⇗       │
├────┼───┴┬──┴─┬─┴───┴───┴───┴───┴───┴─┬─┴──┬┴───┼────┬────┤
│Strg│ Fe │ Alt│      Leerzeichen      │ M4 │ Fe │ Me │Strg│
└────┴────┴────┴───────────────────────┴────┴────┴────┴────┘
# 9.375706478530228 x100 total penalty per letter
# 34.31256312890635 x10 billion total penalty compared to notime-noeffort
# 7.685100651977503 mean key position cost in file 1gramme.txt ( 56.25080134 )
# 8.52263455412352 % finger repeats in file 2gramme.txt ( 41.14222557894428 )
# 15.118678766674032 million keystrokes disbalance of the fingers ( 22.67801815001105 )
# 0.38185762434989284 % finger repeats top to bottom or vice versa ( 7.680759013088775 )
# 3.7748775456965014 % of trigrams have no handswitching (after direction change counted x 1 ) ( 16.697470823850633 )
# 8.160185532344748 billion (rows²/dist)² to cross ( 106.08241192048172 )
# 0.021763449565257387 hand disbalance. Left: 0.4782365504347426 %, Right: 0.5217634495652573 % ( 0.6371869587177849 )
# 1.0979192834421578 badly positioned shortcut keys (weighted).
# 8.864177946332202 no handswitching after unbalancing key (weighted).
# 28.354267869773704 movement pattern cost (weighted).
# 0.8698267413753061 asymmetric bigram cost (weighted).
# 3.7260906627165147 irregularity cost (weighted).
# 21.40235587710722 manually assigned bigram penalty (weighted)
# 14.0291968418921 unbalancing key after neighboring finger (weighted)
# 0.8698267413753061 asymmetrc bigrams (weighted)
# 13.61292228133 inconsistent symmetries of similar keys (weighted)
# 3.7260906627165147 irregularity cost for randomly sampled words (weighted).
# Finger load %: 13.0 11.7 4.4 11.3 - 14.5 9.2 9.3 11.1
 
