
# Evolved Layout
ügudß äxawbjq
rtilm öeosn⇘
zpvhk yc,.f
┌───┬───┬───┬───┬───┬───┬───┬───┬───┬───┬───┬───┬───┬──────┐
│ ^ │ 1 │ 2 │ 3 │ 4 │ 5 │ 6 │ 7 │ 8 │ 9 │ 0 │ - │ ` │ ←    │
├───┴─┬─┴─┬─┴─┬─┴─┬─┴─┬─┴─┬─┴─┬─┴─┬─┴─┬─┴─┬─┴─┬─┴─┬─┴─┬────┤
│   ⇥ │ ü │ g │ u │ d │ ß │ ä │ x │ a │ w │ b │ j │ q │ Ret│
├─────┴┬──┴┬──┴┬──┴┬──┴┬──┴┬──┴┬──┴┬──┴┬──┴┬──┴┬──┴┬──┴┐   │
│    ⇩ │ r │ t │ i │ l │ m │ ö │ e │ o │ s │ n │ ⇘ │ ´ │   │
├────┬─┴─┬─┴─┬─┴─┬─┴─┬─┴─┬─┴─┬─┴─┬─┴─┬─┴─┬─┴─┬─┴─┬─┴───┴───┤
│  ⇧ │ ⇚ │ z │ p │ v │ h │ k │ y │ c │ , │ . │ f │ ⇗       │
├────┼───┴┬──┴─┬─┴───┴───┴───┴───┴───┴─┬─┴──┬┴───┼────┬────┤
│Strg│ Fe │ Alt│      Leerzeichen      │ M4 │ Fe │ Me │Strg│
└────┴────┴────┴───────────────────────┴────┴────┴────┴────┘
# 10.527377054460622 x100 total penalty per letter
# 38.52736757386273 x10 billion total penalty compared to notime-noeffort
# 7.693570241810051 mean key position cost in file 1gramme.txt ( 56.31279418 )
# 13.022885963030015 % finger repeats in file 2gramme.txt ( 62.866770665488104 )
# 15.198439011962408 million keystrokes disbalance of the fingers ( 22.79765851794361 )
# 0.392764891753387 % finger repeats top to bottom or vice versa ( 7.900149924976904 )
# 3.9560368643774217 % of trigrams have no handswitching (after direction change counted x 1 ) ( 17.498795476511702 )
# 9.245492407999965 billion (rows²/dist)² to cross ( 120.19140130399956 )
# 0.020659451271922646 hand disbalance. Left: 0.47934054872807735 %, Right: 0.5206594512719227 % ( 0.6048642649807331 )
# 0.7319461889614385 badly positioned shortcut keys (weighted).
# 7.776220103955392 no handswitching after unbalancing key (weighted).
# 31.748268186886936 movement pattern cost (weighted).
# 0.8798162307428792 asymmetric bigram cost (weighted).
# 14.286719067484354 irregularity cost (weighted).
# 22.227635197459662 manually assigned bigram penalty (weighted)
# 11.40938565086787 unbalancing key after neighboring finger (weighted)
# 0.8798162307428792 asymmetrc bigrams (weighted)
# 8.041250778368266 inconsistent symmetries of similar keys (weighted)
# 14.286719067484354 irregularity cost for randomly sampled words (weighted).
# Finger load %: 11.3 8.0 8.7 12.4 - 14.9 8.4 7.2 13.5
 

# Evolved Layout
ßligü wcmäjöq
hrutv bnsea⇘
kzxdy fp,.o
┌───┬───┬───┬───┬───┬───┬───┬───┬───┬───┬───┬───┬───┬──────┐
│ ^ │ 1 │ 2 │ 3 │ 4 │ 5 │ 6 │ 7 │ 8 │ 9 │ 0 │ - │ ` │ ←    │
├───┴─┬─┴─┬─┴─┬─┴─┬─┴─┬─┴─┬─┴─┬─┴─┬─┴─┬─┴─┬─┴─┬─┴─┬─┴─┬────┤
│   ⇥ │ ß │ l │ i │ g │ ü │ w │ c │ m │ ä │ j │ ö │ q │ Ret│
├─────┴┬──┴┬──┴┬──┴┬──┴┬──┴┬──┴┬──┴┬──┴┬──┴┬──┴┬──┴┬──┴┐   │
│    ⇩ │ h │ r │ u │ t │ v │ b │ n │ s │ e │ a │ ⇘ │ ´ │   │
├────┬─┴─┬─┴─┬─┴─┬─┴─┬─┴─┬─┴─┬─┴─┬─┴─┬─┴─┬─┴─┬─┴─┬─┴───┴───┤
│  ⇧ │ ⇚ │ k │ z │ x │ d │ y │ f │ p │ , │ . │ o │ ⇗       │
├────┼───┴┬──┴─┬─┴───┴───┴───┴───┴───┴─┬─┴──┬┴───┼────┬────┤
│Strg│ Fe │ Alt│      Leerzeichen      │ M4 │ Fe │ Me │Strg│
└────┴────┴────┴───────────────────────┴────┴────┴────┴────┘
# 9.459858999919224 x100 total penalty per letter
# 34.620538715517206 x10 billion total penalty compared to notime-noeffort
# 7.707294349062052 mean key position cost in file 1gramme.txt ( 56.41324726 )
# 8.64129681619132 % finger repeats in file 2gramme.txt ( 41.71505661173085 )
# 12.690621371780567 million keystrokes disbalance of the fingers ( 19.03593205767085 )
# 0.406871216062709 % finger repeats top to bottom or vice versa ( 8.18388729375365 )
# 4.944011824686852 % of trigrams have no handswitching (after direction change counted x 1 ) ( 21.868919506963636 )
# 8.749475310187922 billion (rows²/dist)² to cross ( 113.74317903244298 )
# 0.0434892840660428 hand disbalance. Left: 0.4565107159339572 %, Right: 0.5434892840660428 % ( 1.2732726293120578 )
# 0.7319461889614385 badly positioned shortcut keys (weighted).
# 9.113268394770138 no handswitching after unbalancing key (weighted).
# 28.808594445334975 movement pattern cost (weighted).
# 0.8759790946391002 asymmetric bigram cost (weighted).
# 3.9134028770268134 irregularity cost (weighted).
# 17.93615894346217 manually assigned bigram penalty (weighted)
# 10.714799059281143 unbalancing key after neighboring finger (weighted)
# 0.8759790946391002 asymmetrc bigrams (weighted)
# 11.877743759822282 inconsistent symmetries of similar keys (weighted)
# 3.9134028770268134 irregularity cost for randomly sampled words (weighted).
# Finger load %: 10.0 8.7 8.2 11.7 - 14.5 7.8 12.5 11.1
 
