
# Evolved Layout
ßhoyü qclfwvj
rueaz mdnst⇘
xkäiö bg,.p
┌───┬───┬───┬───┬───┬───┬───┬───┬───┬───┬───┬───┬───┬──────┐
│ ^ │ 1 │ 2 │ 3 │ 4 │ 5 │ 6 │ 7 │ 8 │ 9 │ 0 │ - │ ` │ ←    │
├───┴─┬─┴─┬─┴─┬─┴─┬─┴─┬─┴─┬─┴─┬─┴─┬─┴─┬─┴─┬─┴─┬─┴─┬─┴─┬────┤
│   ⇥ │ ß │ h │ o │ y │ ü │ q │ c │ l │ f │ w │ v │ j │ Ret│
├─────┴┬──┴┬──┴┬──┴┬──┴┬──┴┬──┴┬──┴┬──┴┬──┴┬──┴┬──┴┬──┴┐   │
│    ⇩ │ r │ u │ e │ a │ z │ m │ d │ n │ s │ t │ ⇘ │ ´ │   │
├────┬─┴─┬─┴─┬─┴─┬─┴─┬─┴─┬─┴─┬─┴─┬─┴─┬─┴─┬─┴─┬─┴─┬─┴───┴───┤
│  ⇧ │ ⇚ │ x │ k │ ä │ i │ ö │ b │ g │ , │ . │ p │ ⇗       │
├────┼───┴┬──┴─┬─┴───┴───┴───┴───┴───┴─┬─┴──┬┴───┼────┬────┤
│Strg│ Fe │ Alt│      Leerzeichen      │ M4 │ Fe │ Me │Strg│
└────┴────┴────┴───────────────────────┴────┴────┴────┴────┘
# 9.355736481167272 x100 total penalty per letter
# 34.239478311589416 x10 billion total penalty compared to notime-noeffort
# 7.5206270228835175 mean key position cost in file 1gramme.txt ( 55.04694288 )
# 10.64456111443084 % finger repeats in file 2gramme.txt ( 51.385628678268546 )
# 13.139492215853124 million keystrokes disbalance of the fingers ( 19.709238323779687 )
# 0.3523279151293912 % finger repeats top to bottom or vice versa ( 7.086792660746327 )
# 2.5503539302840346 % of trigrams have no handswitching (after direction change counted x 1 ) ( 11.281017682271123 )
# 7.976520130768876 billion (rows²/dist)² to cross ( 103.69476169999538 )
# 0.01606141677275208 hand disbalance. Left: 0.5160614167727521 %, Right: 0.483938583227248 % ( 0.47024371184548847 )
# 1.0979192834421578 badly positioned shortcut keys (weighted).
# 7.125679418392338 no handswitching after unbalancing key (weighted).
# 32.64784421286801 movement pattern cost (weighted).
# 0.86048121370787 asymmetric bigram cost (weighted).
# 10.795998418134374 irregularity cost (weighted).
# 19.655398731175506 manually assigned bigram penalty (weighted)
# 9.756616737505345 unbalancing key after neighboring finger (weighted)
# 0.86048121370787 asymmetrc bigrams (weighted)
# 11.780219463761933 inconsistent symmetries of similar keys (weighted)
# 10.795998418134374 irregularity cost for randomly sampled words (weighted).
# Finger load %: 11.3 6.9 13.8 11.6 - 11.7 10.5 7.5 11.2
 
