
# Evolved Layout
ökyüä pflmvßj
gheio cnrst⇘
zuxaq wb,.d
┌───┬───┬───┬───┬───┬───┬───┬───┬───┬───┬───┬───┬───┬──────┐
│ ^ │ 1 │ 2 │ 3 │ 4 │ 5 │ 6 │ 7 │ 8 │ 9 │ 0 │ - │ ` │ ←    │
├───┴─┬─┴─┬─┴─┬─┴─┬─┴─┬─┴─┬─┴─┬─┴─┬─┴─┬─┴─┬─┴─┬─┴─┬─┴─┬────┤
│   ⇥ │ ö │ k │ y │ ü │ ä │ p │ f │ l │ m │ v │ ß │ j │ Ret│
├─────┴┬──┴┬──┴┬──┴┬──┴┬──┴┬──┴┬──┴┬──┴┬──┴┬──┴┬──┴┬──┴┐   │
│    ⇩ │ g │ h │ e │ i │ o │ c │ n │ r │ s │ t │ ⇘ │ ´ │   │
├────┬─┴─┬─┴─┬─┴─┬─┴─┬─┴─┬─┴─┬─┴─┬─┴─┬─┴─┬─┴─┬─┴─┬─┴───┴───┤
│  ⇧ │ ⇚ │ z │ u │ x │ a │ q │ w │ b │ , │ . │ d │ ⇗       │
├────┼───┴┬──┴─┬─┴───┴───┴───┴───┴───┴─┬─┴──┬┴───┼────┬────┤
│Strg│ Fe │ Alt│      Leerzeichen      │ M4 │ Fe │ Me │Strg│
└────┴────┴────┴───────────────────────┴────┴────┴────┴────┘
# 9.180533302586797 x100 total penalty per letter
# 33.598281817309875 x10 billion total penalty compared to notime-noeffort
# 7.880460319336238 mean key position cost in file 1gramme.txt ( 57.68072898 )
# 10.853360543963808 % finger repeats in file 2gramme.txt ( 52.39358850290328 )
# 12.818106452842514 million keystrokes disbalance of the fingers ( 19.22715967926377 )
# 0.49765831457413323 % finger repeats top to bottom or vice versa ( 10.009996766756753 )
# 2.00820909047928 % of trigrams have no handswitching (after direction change counted x 1 ) ( 8.882940516758515 )
# 8.072351159953575 billion (rows²/dist)² to cross ( 104.94056507939648 )
# 0.02124656481136189 hand disbalance. Left: 0.4787534351886381 %, Right: 0.5212465648113619 % ( 0.6220536856879416 )
# 0.7319461889614385 badly positioned shortcut keys (weighted).
# 9.926423744055114 no handswitching after unbalancing key (weighted).
# 27.04863871712333 movement pattern cost (weighted).
# 0.8630616747053572 asymmetric bigram cost (weighted).
# 4.589755816624174 irregularity cost (weighted).
# 17.996090000310506 manually assigned bigram penalty (weighted)
# 13.347056271103162 unbalancing key after neighboring finger (weighted)
# 0.8630616747053572 asymmetrc bigrams (weighted)
# 7.722812549449034 inconsistent symmetries of similar keys (weighted)
# 4.589755816624174 irregularity cost for randomly sampled words (weighted).
# Finger load %: 8.7 6.9 11.4 13.4 - 14.5 9.1 8.0 12.4
 
