
# Evolved Layout
öolkä qfymvjß
iartg pnesh⇘
uüzdx wc,.b
┌───┬───┬───┬───┬───┬───┬───┬───┬───┬───┬───┬───┬───┬──────┐
│ ^ │ 1 │ 2 │ 3 │ 4 │ 5 │ 6 │ 7 │ 8 │ 9 │ 0 │ - │ ` │ ←    │
├───┴─┬─┴─┬─┴─┬─┴─┬─┴─┬─┴─┬─┴─┬─┴─┬─┴─┬─┴─┬─┴─┬─┴─┬─┴─┬────┤
│   ⇥ │ ö │ o │ l │ k │ ä │ q │ f │ y │ m │ v │ j │ ß │ Ret│
├─────┴┬──┴┬──┴┬──┴┬──┴┬──┴┬──┴┬──┴┬──┴┬──┴┬──┴┬──┴┬──┴┐   │
│    ⇩ │ i │ a │ r │ t │ g │ p │ n │ e │ s │ h │ ⇘ │ ´ │   │
├────┬─┴─┬─┴─┬─┴─┬─┴─┬─┴─┬─┴─┬─┴─┬─┴─┬─┴─┬─┴─┬─┴─┬─┴───┴───┤
│  ⇧ │ ⇚ │ u │ ü │ z │ d │ x │ w │ c │ , │ . │ b │ ⇗       │
├────┼───┴┬──┴─┬─┴───┴───┴───┴───┴───┴─┬─┴──┬┴───┼────┬────┤
│Strg│ Fe │ Alt│      Leerzeichen      │ M4 │ Fe │ Me │Strg│
└────┴────┴────┴───────────────────────┴────┴────┴────┴────┘
# 9.527789770300242 x100 total penalty per letter
# 34.86914705798521 x10 billion total penalty compared to notime-noeffort
# 7.499630277177653 mean key position cost in file 1gramme.txt ( 54.893258 )
# 8.945181154037208 % finger repeats in file 2gramme.txt ( 43.18202998694317 )
# 14.105876832231719 million keystrokes disbalance of the fingers ( 21.15881524834758 )
# 0.33393552696741513 % finger repeats top to bottom or vice versa ( 6.716844564547301 )
# 5.132796673651468 % of trigrams have no handswitching (after direction change counted x 1 ) ( 22.703974278784084 )
# 8.569579426420288 billion (rows²/dist)² to cross ( 111.40453254346374 )
# 0.007091154879089845 hand disbalance. Left: 0.49290884512091016 %, Right: 0.5070911548790898 % ( 0.2076137515634049 )
# 1.0979192834421578 badly positioned shortcut keys (weighted).
# 7.888169377359894 no handswitching after unbalancing key (weighted).
# 32.496636798592455 movement pattern cost (weighted).
# 0.8747168393424555 asymmetric bigram cost (weighted).
# 3.324966002396055 irregularity cost (weighted).
# 18.945943064226984 manually assigned bigram penalty (weighted)
# 10.86546809820245 unbalancing key after neighboring finger (weighted)
# 0.8747168393424555 asymmetrc bigrams (weighted)
# 12.930582742640329 inconsistent symmetries of similar keys (weighted)
# 3.324966002396055 irregularity cost for randomly sampled words (weighted).
# Finger load %: 13.7 7.7 8.5 11.7 - 13.2 12.4 8.0 9.3
 
