
# Evolved Layout
ßulmk öpoaäxj
rhnsf bteic⇘
yvügq wd,.z
┌───┬───┬───┬───┬───┬───┬───┬───┬───┬───┬───┬───┬───┬──────┐
│ ^ │ 1 │ 2 │ 3 │ 4 │ 5 │ 6 │ 7 │ 8 │ 9 │ 0 │ - │ ` │ ←    │
├───┴─┬─┴─┬─┴─┬─┴─┬─┴─┬─┴─┬─┴─┬─┴─┬─┴─┬─┴─┬─┴─┬─┴─┬─┴─┬────┤
│   ⇥ │ ß │ u │ l │ m │ k │ ö │ p │ o │ a │ ä │ x │ j │ Ret│
├─────┴┬──┴┬──┴┬──┴┬──┴┬──┴┬──┴┬──┴┬──┴┬──┴┬──┴┬──┴┬──┴┐   │
│    ⇩ │ r │ h │ n │ s │ f │ b │ t │ e │ i │ c │ ⇘ │ ´ │   │
├────┬─┴─┬─┴─┬─┴─┬─┴─┬─┴─┬─┴─┬─┴─┬─┴─┬─┴─┬─┴─┬─┴─┬─┴───┴───┤
│  ⇧ │ ⇚ │ y │ v │ ü │ g │ q │ w │ d │ , │ . │ z │ ⇗       │
├────┼───┴┬──┴─┬─┴───┴───┴───┴───┴───┴─┬─┴──┬┴───┼────┬────┤
│Strg│ Fe │ Alt│      Leerzeichen      │ M4 │ Fe │ Me │Strg│
└────┴────┴────┴───────────────────────┴────┴────┴────┴────┘
# 9.543467791689284 x100 total penalty per letter
# 34.926524398016035 x10 billion total penalty compared to notime-noeffort
# 7.296240298180381 mean key position cost in file 1gramme.txt ( 53.4045528 )
# 11.280794700839165 % finger repeats in file 2gramme.txt ( 54.45698713751953 )
# 11.280123018859898 million keystrokes disbalance of the fingers ( 16.920184528289848 )
# 0.37585496452490896 % finger repeats top to bottom or vice versa ( 7.560020338218149 )
# 3.7415471673405682 % of trigrams have no handswitching (after direction change counted x 1 ) ( 16.55004007585708 )
# 8.273113405154565 billion (rows²/dist)² to cross ( 107.55047426700933 )
# 0.04538999490320117 hand disbalance. Left: 0.45461000509679883 %, Right: 0.5453899949032012 % ( 1.3289213514550886 )
# 1.0979192834421578 badly positioned shortcut keys (weighted).
# 9.146887192806323 no handswitching after unbalancing key (weighted).
# 33.83066524269618 movement pattern cost (weighted).
# 0.8719724619284046 asymmetric bigram cost (weighted).
# 3.7150273074177433 irregularity cost (weighted).
# 16.25955754258276 manually assigned bigram penalty (weighted)
# 14.29360785621626 unbalancing key after neighboring finger (weighted)
# 0.8719724619284046 asymmetrc bigrams (weighted)
# 12.278426594721486 inconsistent symmetries of similar keys (weighted)
# 3.7150273074177433 irregularity cost for randomly sampled words (weighted).
# Finger load %: 11.0 6.6 9.6 11.2 - 12.8 14.7 11.3 7.3
 
