
# Evolved Layout
öuofk xglbzjß
aiehp ctnsr⇘
üyävq wd,.m
┌───┬───┬───┬───┬───┬───┬───┬───┬───┬───┬───┬───┬───┬──────┐
│ ^ │ 1 │ 2 │ 3 │ 4 │ 5 │ 6 │ 7 │ 8 │ 9 │ 0 │ - │ ` │ ←    │
├───┴─┬─┴─┬─┴─┬─┴─┬─┴─┬─┴─┬─┴─┬─┴─┬─┴─┬─┴─┬─┴─┬─┴─┬─┴─┬────┤
│   ⇥ │ ö │ u │ o │ f │ k │ x │ g │ l │ b │ z │ j │ ß │ Ret│
├─────┴┬──┴┬──┴┬──┴┬──┴┬──┴┬──┴┬──┴┬──┴┬──┴┬──┴┬──┴┬──┴┐   │
│    ⇩ │ a │ i │ e │ h │ p │ c │ t │ n │ s │ r │ ⇘ │ ´ │   │
├────┬─┴─┬─┴─┬─┴─┬─┴─┬─┴─┬─┴─┬─┴─┬─┴─┬─┴─┬─┴─┬─┴─┬─┴───┴───┤
│  ⇧ │ ⇚ │ ü │ y │ ä │ v │ q │ w │ d │ , │ . │ m │ ⇗       │
├────┼───┴┬──┴─┬─┴───┴───┴───┴───┴───┴─┬─┴──┬┴───┼────┬────┤
│Strg│ Fe │ Alt│      Leerzeichen      │ M4 │ Fe │ Me │Strg│
└────┴────┴────┴───────────────────────┴────┴────┴────┴────┘
# 9.288741241145152 x100 total penalty per letter
# 33.99429375852568 x10 billion total penalty compared to notime-noeffort
# 7.264202822811772 mean key position cost in file 1gramme.txt ( 53.17005572 )
# 11.927189394934645 % finger repeats in file 2gramme.txt ( 57.577397398996936 )
# 13.06814187273654 million keystrokes disbalance of the fingers ( 19.60221280910481 )
# 0.3696741252971616 % finger repeats top to bottom or vice versa ( 7.435697727957857 )
# 1.90113395722505 % of trigrams have no handswitching (after direction change counted x 1 ) ( 8.409313520430995 )
# 8.292556648695356 billion (rows²/dist)² to cross ( 107.80323643303963 )
# 0.02006645559180359 hand disbalance. Left: 0.4799335444081964 %, Right: 0.5200664555918035 % ( 0.5875026278553834 )
# 1.463892377922877 badly positioned shortcut keys (weighted).
# 8.800012982320979 no handswitching after unbalancing key (weighted).
# 25.606336161794832 movement pattern cost (weighted).
# 0.8606257327147391 asymmetric bigram cost (weighted).
# 3.7109211630170638 irregularity cost (weighted).
# 18.485258750868347 manually assigned bigram penalty (weighted)
# 13.068837216226967 unbalancing key after neighboring finger (weighted)
# 0.8606257327147391 asymmetrc bigrams (weighted)
# 13.361636963005326 inconsistent symmetries of similar keys (weighted)
# 3.7109211630170638 irregularity cost for randomly sampled words (weighted).
# Finger load %: 10.6 8.6 13.8 7.5 - 14.6 10.5 7.5 11.4
 
