
# Evolved Layout
ßkuäö vpfczqj
hleio wtsnr⇘
gxüay bd,.m
┌───┬───┬───┬───┬───┬───┬───┬───┬───┬───┬───┬───┬───┬──────┐
│ ^ │ 1 │ 2 │ 3 │ 4 │ 5 │ 6 │ 7 │ 8 │ 9 │ 0 │ - │ ` │ ←    │
├───┴─┬─┴─┬─┴─┬─┴─┬─┴─┬─┴─┬─┴─┬─┴─┬─┴─┬─┴─┬─┴─┬─┴─┬─┴─┬────┤
│   ⇥ │ ß │ k │ u │ ä │ ö │ v │ p │ f │ c │ z │ q │ j │ Ret│
├─────┴┬──┴┬──┴┬──┴┬──┴┬──┴┬──┴┬──┴┬──┴┬──┴┬──┴┬──┴┬──┴┐   │
│    ⇩ │ h │ l │ e │ i │ o │ w │ t │ s │ n │ r │ ⇘ │ ´ │   │
├────┬─┴─┬─┴─┬─┴─┬─┴─┬─┴─┬─┴─┬─┴─┬─┴─┬─┴─┬─┴─┬─┴─┬─┴───┴───┤
│  ⇧ │ ⇚ │ g │ x │ ü │ a │ y │ b │ d │ , │ . │ m │ ⇗       │
├────┼───┴┬──┴─┬─┴───┴───┴───┴───┴───┴─┬─┴──┬┴───┼────┬────┤
│Strg│ Fe │ Alt│      Leerzeichen      │ M4 │ Fe │ Me │Strg│
└────┴────┴────┴───────────────────────┴────┴────┴────┴────┘
# 8.891229676353978 x100 total penalty per letter
# 32.53950838394069 x10 billion total penalty compared to notime-noeffort
# 7.515645063751831 mean key position cost in file 1gramme.txt ( 55.01047762 )
# 12.969205273400128 % finger repeats in file 2gramme.txt ( 62.60763212939804 )
# 13.85367778559953 million keystrokes disbalance of the fingers ( 20.780516678399295 )
# 0.3148576486607183 % finger repeats top to bottom or vice versa ( 6.3331083853777965 )
# 2.566357454262705 % of trigrams have no handswitching (after direction change counted x 1 ) ( 11.351806302955593 )
# 7.815231935506968 billion (rows²/dist)² to cross ( 101.59801516159058 )
# 0.004231843549812209 hand disbalance. Left: 0.5042318435498122 %, Right: 0.4957681564501878 % ( 0.12389927034264367 )
# 1.0979192834421578 badly positioned shortcut keys (weighted).
# 8.04915131409539 no handswitching after unbalancing key (weighted).
# 21.81216736202568 movement pattern cost (weighted).
# 0.8822643923788566 asymmetric bigram cost (weighted).
# 2.8942571269606634 irregularity cost (weighted).
# 18.54352951971633 manually assigned bigram penalty (weighted)
# 8.738667789762147 unbalancing key after neighboring finger (weighted)
# 0.8822643923788566 asymmetrc bigrams (weighted)
# 5.571671502961734 inconsistent symmetries of similar keys (weighted)
# 2.8942571269606634 irregularity cost for randomly sampled words (weighted).
# Finger load %: 11.2 4.2 13.6 13.6 - 13.3 7.3 10.0 11.2
 
