
# Evolved Layout
ßlckq övoäfxj
srntg piaeh⇘
mzydb üu,.w
┌───┬───┬───┬───┬───┬───┬───┬───┬───┬───┬───┬───┬───┬──────┐
│ ^ │ 1 │ 2 │ 3 │ 4 │ 5 │ 6 │ 7 │ 8 │ 9 │ 0 │ - │ ` │ ←    │
├───┴─┬─┴─┬─┴─┬─┴─┬─┴─┬─┴─┬─┴─┬─┴─┬─┴─┬─┴─┬─┴─┬─┴─┬─┴─┬────┤
│   ⇥ │ ß │ l │ c │ k │ q │ ö │ v │ o │ ä │ f │ x │ j │ Ret│
├─────┴┬──┴┬──┴┬──┴┬──┴┬──┴┬──┴┬──┴┬──┴┬──┴┬──┴┬──┴┬──┴┐   │
│    ⇩ │ s │ r │ n │ t │ g │ p │ i │ a │ e │ h │ ⇘ │ ´ │   │
├────┬─┴─┬─┴─┬─┴─┬─┴─┬─┴─┬─┴─┬─┴─┬─┴─┬─┴─┬─┴─┬─┴─┬─┴───┴───┤
│  ⇧ │ ⇚ │ m │ z │ y │ d │ b │ ü │ u │ , │ . │ w │ ⇗       │
├────┼───┴┬──┴─┬─┴───┴───┴───┴───┴───┴─┬─┴──┬┴───┼────┬────┤
│Strg│ Fe │ Alt│      Leerzeichen      │ M4 │ Fe │ Me │Strg│
└────┴────┴────┴───────────────────────┴────┴────┴────┴────┘
# 9.395412701157447 x100 total penalty per letter
# 34.38468260166044 x10 billion total penalty compared to notime-noeffort
# 7.599595470115975 mean key position cost in file 1gramme.txt ( 55.62494942 )
# 8.84201793911891 % finger repeats in file 2gramme.txt ( 42.68401916263015 )
# 13.133136769748416 million keystrokes disbalance of the fingers ( 19.699705154622624 )
# 0.30753903653211656 % finger repeats top to bottom or vice versa ( 6.185900388245987 )
# 2.1718146726078515 % of trigrams have no handswitching (after direction change counted x 1 ) ( 9.606619470881219 )
# 8.996944778869022 billion (rows²/dist)² to cross ( 116.96028212529728 )
# 0.0006699746173046695 hand disbalance. Left: 0.5006699746173047 %, Right: 0.4993300253826953 % ( 0.019615414713482042 )
# 0.7319461889614385 badly positioned shortcut keys (weighted).
# 8.443678321193568 no handswitching after unbalancing key (weighted).
# 27.871261850775596 movement pattern cost (weighted).
# 0.8588597618984934 asymmetric bigram cost (weighted).
# 7.918079089340526 irregularity cost (weighted).
# 21.296198225287473 manually assigned bigram penalty (weighted)
# 14.447148682785077 unbalancing key after neighboring finger (weighted)
# 0.8588597618984934 asymmetrc bigrams (weighted)
# 11.498562759971461 inconsistent symmetries of similar keys (weighted)
# 7.918079089340526 irregularity cost for randomly sampled words (weighted).
# Finger load %: 11.8 8.7 9.0 12.7 - 11.1 8.4 12.5 10.3
 
