
# Evolved Layout
juoky zbldvqß
aiesm wnrtg⇘
xöüfä pc,.h
┌───┬───┬───┬───┬───┬───┬───┬───┬───┬───┬───┬───┬───┬──────┐
│ ^ │ 1 │ 2 │ 3 │ 4 │ 5 │ 6 │ 7 │ 8 │ 9 │ 0 │ - │ ` │ ←    │
├───┴─┬─┴─┬─┴─┬─┴─┬─┴─┬─┴─┬─┴─┬─┴─┬─┴─┬─┴─┬─┴─┬─┴─┬─┴─┬────┤
│   ⇥ │ j │ u │ o │ k │ y │ z │ b │ l │ d │ v │ q │ ß │ Ret│
├─────┴┬──┴┬──┴┬──┴┬──┴┬──┴┬──┴┬──┴┬──┴┬──┴┬──┴┬──┴┬──┴┐   │
│    ⇩ │ a │ i │ e │ s │ m │ w │ n │ r │ t │ g │ ⇘ │ ´ │   │
├────┬─┴─┬─┴─┬─┴─┬─┴─┬─┴─┬─┴─┬─┴─┬─┴─┬─┴─┬─┴─┬─┴─┬─┴───┴───┤
│  ⇧ │ ⇚ │ x │ ö │ ü │ f │ ä │ p │ c │ , │ . │ h │ ⇗       │
├────┼───┴┬──┴─┬─┴───┴───┴───┴───┴───┴─┬─┴──┬┴───┼────┬────┤
│Strg│ Fe │ Alt│      Leerzeichen      │ M4 │ Fe │ Me │Strg│
└────┴────┴────┴───────────────────────┴────┴────┴────┴────┘
# 9.095328609783104 x100 total penalty per letter
# 33.286455566413416 x10 billion total penalty compared to notime-noeffort
# 7.353391310960918 mean key position cost in file 1gramme.txt ( 53.82286746 )
# 9.635426197890634 % finger repeats in file 2gramme.txt ( 46.514123733145865 )
# 11.586465320001825 million keystrokes disbalance of the fingers ( 17.379697980002735 )
# 0.33712329566008714 % finger repeats top to bottom or vice versa ( 6.780963968106593 )
# 2.590769187170086 % of trigrams have no handswitching (after direction change counted x 1 ) ( 11.459787076648594 )
# 8.715207508304855 billion (rows²/dist)² to cross ( 113.29769760796312 )
# 0.00019983221672037477 hand disbalance. Left: 0.5001998322167204 %, Right: 0.4998001677832796 % ( 0.005850657178407783 )
# 1.0979192834421578 badly positioned shortcut keys (weighted).
# 8.123376947044273 no handswitching after unbalancing key (weighted).
# 28.836353290288763 movement pattern cost (weighted).
# 0.8681072829178051 asymmetric bigram cost (weighted).
# 4.219707801342845 irregularity cost (weighted).
# 16.24326439746126 manually assigned bigram penalty (weighted)
# 12.753056943749062 unbalancing key after neighboring finger (weighted)
# 0.8681072829178051 asymmetrc bigrams (weighted)
# 11.461781234842698 inconsistent symmetries of similar keys (weighted)
# 4.219707801342845 irregularity cost for randomly sampled words (weighted).
# Finger load %: 10.3 8.3 13.8 9.8 - 13.7 9.1 9.5 9.8
 
