
# Evolved Layout
jmläö qwihkvß
urney ptags⇘
czxoü bd,.f
┌───┬───┬───┬───┬───┬───┬───┬───┬───┬───┬───┬───┬───┬──────┐
│ ^ │ 1 │ 2 │ 3 │ 4 │ 5 │ 6 │ 7 │ 8 │ 9 │ 0 │ - │ ` │ ←    │
├───┴─┬─┴─┬─┴─┬─┴─┬─┴─┬─┴─┬─┴─┬─┴─┬─┴─┬─┴─┬─┴─┬─┴─┬─┴─┬────┤
│   ⇥ │ j │ m │ l │ ä │ ö │ q │ w │ i │ h │ k │ v │ ß │ Ret│
├─────┴┬──┴┬──┴┬──┴┬──┴┬──┴┬──┴┬──┴┬──┴┬──┴┬──┴┬──┴┬──┴┐   │
│    ⇩ │ u │ r │ n │ e │ y │ p │ t │ a │ g │ s │ ⇘ │ ´ │   │
├────┬─┴─┬─┴─┬─┴─┬─┴─┬─┴─┬─┴─┬─┴─┬─┴─┬─┴─┬─┴─┬─┴─┬─┴───┴───┤
│  ⇧ │ ⇚ │ c │ z │ x │ o │ ü │ b │ d │ , │ . │ f │ ⇗       │
├────┼───┴┬──┴─┬─┴───┴───┴───┴───┴───┴─┬─┴──┬┴───┼────┬────┤
│Strg│ Fe │ Alt│      Leerzeichen      │ M4 │ Fe │ Me │Strg│
└────┴────┴────┴───────────────────────┴────┴────┴────┴────┘
# 9.054400360779107 x100 total penalty per letter
# 33.13666918701671 x10 billion total penalty compared to notime-noeffort
# 7.575888579825828 mean key position cost in file 1gramme.txt ( 55.45142774 )
# 9.638973106235078 % finger repeats in file 2gramme.txt ( 46.53124610326371 )
# 12.92637177932277 million keystrokes disbalance of the fingers ( 19.389557668984153 )
# 0.3372455447642944 % finger repeats top to bottom or vice versa ( 6.783422910521532 )
# 4.908664846060978 % of trigrams have no handswitching (after direction change counted x 1 ) ( 21.712568701627006 )
# 7.475627944863392 billion (rows²/dist)² to cross ( 97.18316328322409 )
# 0.009159496443907678 hand disbalance. Left: 0.5091594964439077 %, Right: 0.4908405035560923 % ( 0.26817034059696293 )
# 0.36597309448071924 badly positioned shortcut keys (weighted).
# 6.3523963287391565 no handswitching after unbalancing key (weighted).
# 27.24775910279035 movement pattern cost (weighted).
# 0.8778496896048453 asymmetric bigram cost (weighted).
# 6.190099154989458 irregularity cost (weighted).
# 20.767238737657788 manually assigned bigram penalty (weighted)
# 8.84740052555325 unbalancing key after neighboring finger (weighted)
# 0.8778496896048453 asymmetrc bigrams (weighted)
# 13.398418488134089 inconsistent symmetries of similar keys (weighted)
# 6.190099154989458 irregularity cost for randomly sampled words (weighted).
# Finger load %: 11.0 7.8 9.4 14.8 - 12.7 11.1 6.6 11.0
 
