
# Evolved Layout
ßfapq ölidkvj
geonw mruts⇘
cyxhü äz,.b
┌───┬───┬───┬───┬───┬───┬───┬───┬───┬───┬───┬───┬───┬──────┐
│ ^ │ 1 │ 2 │ 3 │ 4 │ 5 │ 6 │ 7 │ 8 │ 9 │ 0 │ - │ ` │ ←    │
├───┴─┬─┴─┬─┴─┬─┴─┬─┴─┬─┴─┬─┴─┬─┴─┬─┴─┬─┴─┬─┴─┬─┴─┬─┴─┬────┤
│   ⇥ │ ß │ f │ a │ p │ q │ ö │ l │ i │ d │ k │ v │ j │ Ret│
├─────┴┬──┴┬──┴┬──┴┬──┴┬──┴┬──┴┬──┴┬──┴┬──┴┬──┴┬──┴┬──┴┐   │
│    ⇩ │ g │ e │ o │ n │ w │ m │ r │ u │ t │ s │ ⇘ │ ´ │   │
├────┬─┴─┬─┴─┬─┴─┬─┴─┬─┴─┬─┴─┬─┴─┬─┴─┬─┴─┬─┴─┬─┴─┬─┴───┴───┤
│  ⇧ │ ⇚ │ c │ y │ x │ h │ ü │ ä │ z │ , │ . │ b │ ⇗       │
├────┼───┴┬──┴─┬─┴───┴───┴───┴───┴───┴─┬─┴──┬┴───┼────┬────┤
│Strg│ Fe │ Alt│      Leerzeichen      │ M4 │ Fe │ Me │Strg│
└────┴────┴────┴───────────────────────┴────┴────┴────┴────┘
# 10.210976439953962 x100 total penalty per letter
# 37.369426453996695 x10 billion total penalty compared to notime-noeffort
# 7.635900882181452 mean key position cost in file 1gramme.txt ( 55.8906855 )
# 11.189096838279054 % finger repeats in file 2gramme.txt ( 54.01432423526829 )
# 12.814649516174036 million keystrokes disbalance of the fingers ( 19.221974274261054 )
# 0.441698559571982 % finger repeats top to bottom or vice versa ( 8.884411299307299 )
# 4.757355859218845 % of trigrams have no handswitching (after direction change counted x 1 ) ( 21.043281456518038 )
# 8.464630897369158 billion (rows²/dist)² to cross ( 110.04020166579906 )
# 0.0028307241683427353 hand disbalance. Left: 0.5028307241683427 %, Right: 0.49716927583165726 % ( 0.08287751068078011 )
# 0.7319461889614385 badly positioned shortcut keys (weighted).
# 7.313903087758413 no handswitching after unbalancing key (weighted).
# 35.179365999799266 movement pattern cost (weighted).
# 0.8940946054637638 asymmetric bigram cost (weighted).
# 14.109273481023866 irregularity cost (weighted).
# 20.34952382464393 manually assigned bigram penalty (weighted)
# 11.123242629759307 unbalancing key after neighboring finger (weighted)
# 0.8940946054637638 asymmetrc bigrams (weighted)
# 14.815158780722577 inconsistent symmetries of similar keys (weighted)
# 14.109273481023866 irregularity cost for randomly sampled words (weighted).
# Finger load %: 10.0 12.8 7.3 12.3 - 11.7 9.2 9.5 11.5
 
