
# Evolved Layout
üplyß ögfoäxj
htrsb wdiea⇘
ukznq mc,.v
┌───┬───┬───┬───┬───┬───┬───┬───┬───┬───┬───┬───┬───┬──────┐
│ ^ │ 1 │ 2 │ 3 │ 4 │ 5 │ 6 │ 7 │ 8 │ 9 │ 0 │ - │ ` │ ←    │
├───┴─┬─┴─┬─┴─┬─┴─┬─┴─┬─┴─┬─┴─┬─┴─┬─┴─┬─┴─┬─┴─┬─┴─┬─┴─┬────┤
│   ⇥ │ ü │ p │ l │ y │ ß │ ö │ g │ f │ o │ ä │ x │ j │ Ret│
├─────┴┬──┴┬──┴┬──┴┬──┴┬──┴┬──┴┬──┴┬──┴┬──┴┬──┴┬──┴┬──┴┐   │
│    ⇩ │ h │ t │ r │ s │ b │ w │ d │ i │ e │ a │ ⇘ │ ´ │   │
├────┬─┴─┬─┴─┬─┴─┬─┴─┬─┴─┬─┴─┬─┴─┬─┴─┬─┴─┬─┴─┬─┴─┬─┴───┴───┤
│  ⇧ │ ⇚ │ u │ k │ z │ n │ q │ m │ c │ , │ . │ v │ ⇗       │
├────┼───┴┬──┴─┬─┴───┴───┴───┴───┴───┴─┬─┴──┬┴───┼────┬────┤
│Strg│ Fe │ Alt│      Leerzeichen      │ M4 │ Fe │ Me │Strg│
└────┴────┴────┴───────────────────────┴────┴────┴────┴────┘
# 10.002128673386183 x100 total penalty per letter
# 36.60509981993473 x10 billion total penalty compared to notime-noeffort
# 7.686770894979567 mean key position cost in file 1gramme.txt ( 56.26302662 )
# 13.796754998210213 % finger repeats in file 2gramme.txt ( 66.60255145155257 )
# 13.250441339032653 million keystrokes disbalance of the fingers ( 19.875662008548982 )
# 0.43140026770382595 % finger repeats top to bottom or vice versa ( 8.677269440557136 )
# 3.680953437406008 % of trigrams have no handswitching (after direction change counted x 1 ) ( 16.28201494777205 )
# 8.263066459066827 billion (rows²/dist)² to cross ( 107.41986396786875 )
# 0.022402041882400747 hand disbalance. Left: 0.47759795811759925 %, Right: 0.5224020418824007 % ( 0.6558835672311103 )
# 1.0979192834421578 badly positioned shortcut keys (weighted).
# 6.577829764485007 no handswitching after unbalancing key (weighted).
# 33.64001321331275 movement pattern cost (weighted).
# 0.8856663577314793 asymmetric bigram cost (weighted).
# 3.826281656089577 irregularity cost (weighted).
# 18.558678582155682 manually assigned bigram penalty (weighted)
# 11.941109236080889 unbalancing key after neighboring finger (weighted)
# 0.8856663577314793 asymmetrc bigrams (weighted)
# 13.747228102519113 inconsistent symmetries of similar keys (weighted)
# 3.826281656089577 irregularity cost for randomly sampled words (weighted).
# Finger load %: 11.5 7.1 8.5 13.2 - 11.6 8.1 14.9 9.5
 
