
# Evolved Layout
äöcgq vwufjxß
aenhk bdisr⇘
oüzmy pt,.l
┌───┬───┬───┬───┬───┬───┬───┬───┬───┬───┬───┬───┬───┬──────┐
│ ^ │ 1 │ 2 │ 3 │ 4 │ 5 │ 6 │ 7 │ 8 │ 9 │ 0 │ - │ ` │ ←    │
├───┴─┬─┴─┬─┴─┬─┴─┬─┴─┬─┴─┬─┴─┬─┴─┬─┴─┬─┴─┬─┴─┬─┴─┬─┴─┬────┤
│   ⇥ │ ä │ ö │ c │ g │ q │ v │ w │ u │ f │ j │ x │ ß │ Ret│
├─────┴┬──┴┬──┴┬──┴┬──┴┬──┴┬──┴┬──┴┬──┴┬──┴┬──┴┬──┴┬──┴┐   │
│    ⇩ │ a │ e │ n │ h │ k │ b │ d │ i │ s │ r │ ⇘ │ ´ │   │
├────┬─┴─┬─┴─┬─┴─┬─┴─┬─┴─┬─┴─┬─┴─┬─┴─┬─┴─┬─┴─┬─┴─┬─┴───┴───┤
│  ⇧ │ ⇚ │ o │ ü │ z │ m │ y │ p │ t │ , │ . │ l │ ⇗       │
├────┼───┴┬──┴─┬─┴───┴───┴───┴───┴───┴─┬─┴──┬┴───┼────┬────┤
│Strg│ Fe │ Alt│      Leerzeichen      │ M4 │ Fe │ Me │Strg│
└────┴────┴────┴───────────────────────┴────┴────┴────┴────┘
# 9.48651438175177 x100 total penalty per letter
# 34.718090241255425 x10 billion total penalty compared to notime-noeffort
# 7.793172104760444 mean key position cost in file 1gramme.txt ( 57.04182622 )
# 7.485939206505518 % finger repeats in file 2gramme.txt ( 36.137675216321306 )
# 15.127241762700443 million keystrokes disbalance of the fingers ( 22.690862644050664 )
# 0.39588613920879206 % finger repeats top to bottom or vice versa ( 7.96293130734683 )
# 5.428524088049635 % of trigrams have no handswitching (after direction change counted x 1 ) ( 24.01206965776016 )
# 7.89045024320121 billion (rows²/dist)² to cross ( 102.57585316161573 )
# 0.004683285245479785 hand disbalance. Left: 0.5046832852454798 %, Right: 0.49531671475452016 % ( 0.13711651148993054 )
# 0.7319461889614385 badly positioned shortcut keys (weighted).
# 8.074824516170205 no handswitching after unbalancing key (weighted).
# 35.23418994186934 movement pattern cost (weighted).
# 0.8767642830526561 asymmetric bigram cost (weighted).
# 6.335848476104877 irregularity cost (weighted).
# 21.64461146575868 manually assigned bigram penalty (weighted)
# 10.044307630127927 unbalancing key after neighboring finger (weighted)
# 0.8767642830526561 asymmetrc bigrams (weighted)
# 13.680075191924557 inconsistent symmetries of similar keys (weighted)
# 6.335848476104877 irregularity cost for randomly sampled words (weighted).
# Finger load %: 13.2 11.4 9.3 8.7 - 13.3 9.2 7.5 11.8
 
