
# Evolved Layout
öokzq vfruüßj
cetnp gdsia⇘
bxwly mh,.ä
┌───┬───┬───┬───┬───┬───┬───┬───┬───┬───┬───┬───┬───┬──────┐
│ ^ │ 1 │ 2 │ 3 │ 4 │ 5 │ 6 │ 7 │ 8 │ 9 │ 0 │ - │ ` │ ←    │
├───┴─┬─┴─┬─┴─┬─┴─┬─┴─┬─┴─┬─┴─┬─┴─┬─┴─┬─┴─┬─┴─┬─┴─┬─┴─┬────┤
│   ⇥ │ ö │ o │ k │ z │ q │ v │ f │ r │ u │ ü │ ß │ j │ Ret│
├─────┴┬──┴┬──┴┬──┴┬──┴┬──┴┬──┴┬──┴┬──┴┬──┴┬──┴┬──┴┬──┴┐   │
│    ⇩ │ c │ e │ t │ n │ p │ g │ d │ s │ i │ a │ ⇘ │ ´ │   │
├────┬─┴─┬─┴─┬─┴─┬─┴─┬─┴─┬─┴─┬─┴─┬─┴─┬─┴─┬─┴─┬─┴─┬─┴───┴───┤
│  ⇧ │ ⇚ │ b │ x │ w │ l │ y │ m │ h │ , │ . │ ä │ ⇗       │
├────┼───┴┬──┴─┬─┴───┴───┴───┴───┴───┴─┬─┴──┬┴───┼────┬────┤
│Strg│ Fe │ Alt│      Leerzeichen      │ M4 │ Fe │ Me │Strg│
└────┴────┴────┴───────────────────────┴────┴────┴────┴────┘
# 10.18389225766837 x100 total penalty per letter
# 37.27030563397132 x10 billion total penalty compared to notime-noeffort
# 7.43335797365104 mean key position cost in file 1gramme.txt ( 54.4081804 )
# 11.92954256268124 % finger repeats in file 2gramme.txt ( 57.588757097414216 )
# 11.185619153345595 million keystrokes disbalance of the fingers ( 16.77842873001839 )
# 0.4576481196842089 % finger repeats top to bottom or vice versa ( 9.205223873877076 )
# 4.7092015394092614 % of trigrams have no handswitching (after direction change counted x 1 ) ( 20.83027975240195 )
# 8.169408501094283 billion (rows²/dist)² to cross ( 106.20231051422567 )
# 0.004676645215839881 hand disbalance. Left: 0.4953233547841601 %, Right: 0.5046766452158399 % ( 0.13692210571434982 )
# 0.36597309448071924 badly positioned shortcut keys (weighted).
# 8.0785110790932 no handswitching after unbalancing key (weighted).
# 35.52483569378725 movement pattern cost (weighted).
# 0.8866077344961634 asymmetric bigram cost (weighted).
# 17.572727287528853 irregularity cost (weighted).
# 18.290299022426794 manually assigned bigram penalty (weighted)
# 12.72287054195893 unbalancing key after neighboring finger (weighted)
# 0.8866077344961634 asymmetrc bigrams (weighted)
# 14.111129412289552 inconsistent symmetries of similar keys (weighted)
# 17.572727287528853 irregularity cost for randomly sampled words (weighted).
# Finger load %: 9.4 13.9 7.0 11.5 - 13.4 10.9 9.4 8.9
 
