
# Evolved Layout
äulvz öpofkßj
airnm ctesg⇘
yüxhq wd,.b
┌───┬───┬───┬───┬───┬───┬───┬───┬───┬───┬───┬───┬───┬──────┐
│ ^ │ 1 │ 2 │ 3 │ 4 │ 5 │ 6 │ 7 │ 8 │ 9 │ 0 │ - │ ` │ ←    │
├───┴─┬─┴─┬─┴─┬─┴─┬─┴─┬─┴─┬─┴─┬─┴─┬─┴─┬─┴─┬─┴─┬─┴─┬─┴─┬────┤
│   ⇥ │ ä │ u │ l │ v │ z │ ö │ p │ o │ f │ k │ ß │ j │ Ret│
├─────┴┬──┴┬──┴┬──┴┬──┴┬──┴┬──┴┬──┴┬──┴┬──┴┬──┴┬──┴┬──┴┐   │
│    ⇩ │ a │ i │ r │ n │ m │ c │ t │ e │ s │ g │ ⇘ │ ´ │   │
├────┬─┴─┬─┴─┬─┴─┬─┴─┬─┴─┬─┴─┬─┴─┬─┴─┬─┴─┬─┴─┬─┴─┬─┴───┴───┤
│  ⇧ │ ⇚ │ y │ ü │ x │ h │ q │ w │ d │ , │ . │ b │ ⇗       │
├────┼───┴┬──┴─┬─┴───┴───┴───┴───┴───┴─┬─┴──┬┴───┼────┬────┤
│Strg│ Fe │ Alt│      Leerzeichen      │ M4 │ Fe │ Me │Strg│
└────┴────┴────┴───────────────────────┴────┴────┴────┴────┘
# 9.48074127745088 x100 total penalty per letter
# 34.696962232797866 x10 billion total penalty compared to notime-noeffort
# 7.117463918204047 mean key position cost in file 1gramme.txt ( 52.0960059 )
# 12.915014254270389 % finger repeats in file 2gramme.txt ( 62.34603002511564 )
# 11.467037127333622 million keystrokes disbalance of the fingers ( 17.200555691000435 )
# 0.31737261882953 % finger repeats top to bottom or vice versa ( 6.383694987713251 )
# 4.5131180094231755 % of trigrams have no handswitching (after direction change counted x 1 ) ( 19.962940618523852 )
# 8.025438700646381 billion (rows²/dist)² to cross ( 104.33070310840294 )
# 0.019660655757346657 hand disbalance. Left: 0.48033934424265334 %, Right: 0.5196606557573467 % ( 0.5756216821629061 )
# 0.7319461889614385 badly positioned shortcut keys (weighted).
# 7.676639606076634 no handswitching after unbalancing key (weighted).
# 27.829325265526546 movement pattern cost (weighted).
# 0.8659564031615 asymmetric bigram cost (weighted).
# 9.820939340912828 irregularity cost (weighted).
# 16.824801159439083 manually assigned bigram penalty (weighted)
# 11.830467522504946 unbalancing key after neighboring finger (weighted)
# 0.8659564031615 asymmetrc bigrams (weighted)
# 8.493994828476612 inconsistent symmetries of similar keys (weighted)
# 9.820939340912828 irregularity cost for randomly sampled words (weighted).
# Finger load %: 10.9 8.5 8.0 13.0 - 13.5 14.7 7.5 8.1
 
