
# Evolved Layout
jplzq öäiufxß
gtnsm yeahd⇘
cbvrk üo,.w
┌───┬───┬───┬───┬───┬───┬───┬───┬───┬───┬───┬───┬───┬──────┐
│ ^ │ 1 │ 2 │ 3 │ 4 │ 5 │ 6 │ 7 │ 8 │ 9 │ 0 │ - │ ` │ ←    │
├───┴─┬─┴─┬─┴─┬─┴─┬─┴─┬─┴─┬─┴─┬─┴─┬─┴─┬─┴─┬─┴─┬─┴─┬─┴─┬────┤
│   ⇥ │ j │ p │ l │ z │ q │ ö │ ä │ i │ u │ f │ x │ ß │ Ret│
├─────┴┬──┴┬──┴┬──┴┬──┴┬──┴┬──┴┬──┴┬──┴┬──┴┬──┴┬──┴┬──┴┐   │
│    ⇩ │ g │ t │ n │ s │ m │ y │ e │ a │ h │ d │ ⇘ │ ´ │   │
├────┬─┴─┬─┴─┬─┴─┬─┴─┬─┴─┬─┴─┬─┴─┬─┴─┬─┴─┬─┴─┬─┴─┬─┴───┴───┤
│  ⇧ │ ⇚ │ c │ b │ v │ r │ k │ ü │ o │ , │ . │ w │ ⇗       │
├────┼───┴┬──┴─┬─┴───┴───┴───┴───┴───┴─┬─┴──┬┴───┼────┬────┤
│Strg│ Fe │ Alt│      Leerzeichen      │ M4 │ Fe │ Me │Strg│
└────┴────┴────┴───────────────────────┴────┴────┴────┴────┘
# 9.553300552101598 x100 total penalty per letter
# 34.96250965556985 x10 billion total penalty compared to notime-noeffort
# 7.788668872077893 mean key position cost in file 1gramme.txt ( 57.00886498 )
# 14.027784449040896 % finger repeats in file 2gramme.txt ( 67.71782463628118 )
# 11.67380158380694 million keystrokes disbalance of the fingers ( 17.51070237571041 )
# 0.39570290522051704 % finger repeats top to bottom or vice versa ( 7.959245703034638 )
# 2.4906112109393024 % of trigrams have no handswitching (after direction change counted x 1 ) ( 11.016756841721895 )
# 8.50637353434559 billion (rows²/dist)² to cross ( 110.58285594649266 )
# 0.023008112193309505 hand disbalance. Left: 0.4769918878066905 %, Right: 0.5230081121933094 % ( 0.6736280014036039 )
# 0.36597309448071924 badly positioned shortcut keys (weighted).
# 7.384344680095561 no handswitching after unbalancing key (weighted).
# 22.960829263650243 movement pattern cost (weighted).
# 0.8719257144807014 asymmetric bigram cost (weighted).
# 4.027579263019207 irregularity cost (weighted).
# 16.508682362865134 manually assigned bigram penalty (weighted)
# 10.153572001145415 unbalancing key after neighboring finger (weighted)
# 0.8719257144807014 asymmetrc bigrams (weighted)
# 14.882311691317133 inconsistent symmetries of similar keys (weighted)
# 4.027579263019207 irregularity cost for randomly sampled words (weighted).
# Finger load %: 9.4 7.5 9.9 13.4 - 15.6 11.1 7.1 10.3
 
