
# Evolved Layout
öoiyq kgmlvjß
ceanp btsru⇘
zäxfü wd,.h
┌───┬───┬───┬───┬───┬───┬───┬───┬───┬───┬───┬───┬───┬──────┐
│ ^ │ 1 │ 2 │ 3 │ 4 │ 5 │ 6 │ 7 │ 8 │ 9 │ 0 │ - │ ` │ ←    │
├───┴─┬─┴─┬─┴─┬─┴─┬─┴─┬─┴─┬─┴─┬─┴─┬─┴─┬─┴─┬─┴─┬─┴─┬─┴─┬────┤
│   ⇥ │ ö │ o │ i │ y │ q │ k │ g │ m │ l │ v │ j │ ß │ Ret│
├─────┴┬──┴┬──┴┬──┴┬──┴┬──┴┬──┴┬──┴┬──┴┬──┴┬──┴┬──┴┬──┴┐   │
│    ⇩ │ c │ e │ a │ n │ p │ b │ t │ s │ r │ u │ ⇘ │ ´ │   │
├────┬─┴─┬─┴─┬─┴─┬─┴─┬─┴─┬─┴─┬─┴─┬─┴─┬─┴─┬─┴─┬─┴─┬─┴───┴───┤
│  ⇧ │ ⇚ │ z │ ä │ x │ f │ ü │ w │ d │ , │ . │ h │ ⇗       │
├────┼───┴┬──┴─┬─┴───┴───┴───┴───┴───┴─┬─┴──┬┴───┼────┬────┤
│Strg│ Fe │ Alt│      Leerzeichen      │ M4 │ Fe │ Me │Strg│
└────┴────┴────┴───────────────────────┴────┴────┴────┴────┘
# 9.29167847303217 x100 total penalty per letter
# 34.005043236954684 x10 billion total penalty compared to notime-noeffort
# 7.527811668530026 mean key position cost in file 1gramme.txt ( 55.09953062 )
# 10.179968440611052 % finger repeats in file 2gramme.txt ( 49.142850759394804 )
# 11.633001312504202 million keystrokes disbalance of the fingers ( 17.4495019687563 )
# 0.4118762523324701 % finger repeats top to bottom or vice versa ( 8.284559573128067 )
# 3.0794895295344786 % of trigrams have no handswitching (after direction change counted x 1 ) ( 13.621550884577907 )
# 8.3652535264343 billion (rows²/dist)² to cross ( 108.7482958436459 )
# 0.006684272907872546 hand disbalance. Left: 0.5066842729078725 %, Right: 0.4933157270921275 % ( 0.19570112323582012 )
# 0.36597309448071924 badly positioned shortcut keys (weighted).
# 8.445331414767479 no handswitching after unbalancing key (weighted).
# 30.577438249767177 movement pattern cost (weighted).
# 0.8708318200228297 asymmetric bigram cost (weighted).
# 4.3438961836214585 irregularity cost (weighted).
# 16.334780055101465 manually assigned bigram penalty (weighted)
# 10.938386638445625 unbalancing key after neighboring finger (weighted)
# 0.8708318200228297 asymmetrc bigrams (weighted)
# 15.63180414060136 inconsistent symmetries of similar keys (weighted)
# 4.3438961836214585 irregularity cost for randomly sampled words (weighted).
# Finger load %: 8.9 14.0 10.1 9.8 - 14.6 7.8 9.3 10.0
 
