
# Evolved Layout
jvfüö xplukßq
mnseo gtrih⇘
czyaä wd,.b
┌───┬───┬───┬───┬───┬───┬───┬───┬───┬───┬───┬───┬───┬──────┐
│ ^ │ 1 │ 2 │ 3 │ 4 │ 5 │ 6 │ 7 │ 8 │ 9 │ 0 │ - │ ` │ ←    │
├───┴─┬─┴─┬─┴─┬─┴─┬─┴─┬─┴─┬─┴─┬─┴─┬─┴─┬─┴─┬─┴─┬─┴─┬─┴─┬────┤
│   ⇥ │ j │ v │ f │ ü │ ö │ x │ p │ l │ u │ k │ ß │ q │ Ret│
├─────┴┬──┴┬──┴┬──┴┬──┴┬──┴┬──┴┬──┴┬──┴┬──┴┬──┴┬──┴┬──┴┐   │
│    ⇩ │ m │ n │ s │ e │ o │ g │ t │ r │ i │ h │ ⇘ │ ´ │   │
├────┬─┴─┬─┴─┬─┴─┬─┴─┬─┴─┬─┴─┬─┴─┬─┴─┬─┴─┬─┴─┬─┴─┬─┴───┴───┤
│  ⇧ │ ⇚ │ c │ z │ y │ a │ ä │ w │ d │ , │ . │ b │ ⇗       │
├────┼───┴┬──┴─┬─┴───┴───┴───┴───┴───┴─┬─┴──┬┴───┼────┬────┤
│Strg│ Fe │ Alt│      Leerzeichen      │ M4 │ Fe │ Me │Strg│
└────┴────┴────┴───────────────────────┴────┴────┴────┴────┘
# 9.253429103432065 x100 total penalty per letter
# 33.86506083540981 x10 billion total penalty compared to notime-noeffort
# 7.418291674835212 mean key position cost in file 1gramme.txt ( 54.2979032 )
# 10.429644691841819 % finger repeats in file 2gramme.txt ( 50.34813963862656 )
# 12.41126500330258 million keystrokes disbalance of the fingers ( 18.61689750495387 )
# 0.2909925923076602 % finger repeats top to bottom or vice versa ( 5.8530819697898115 )
# 4.3889957316341786 % of trigrams have no handswitching (after direction change counted x 1 ) ( 19.41390873950716 )
# 8.249312168798674 billion (rows²/dist)² to cross ( 107.24105819438275 )
# 0.00973631308515377 hand disbalance. Left: 0.5097363130851538 %, Right: 0.49026368691484623 % ( 0.2850582902885475 )
# 0.36597309448071924 badly positioned shortcut keys (weighted).
# 7.4974894626630935 no handswitching after unbalancing key (weighted).
# 24.73686736286832 movement pattern cost (weighted).
# 0.8852551697086445 asymmetric bigram cost (weighted).
# 6.35467051743077 irregularity cost (weighted).
# 16.27732682074147 manually assigned bigram penalty (weighted)
# 12.411312057218037 unbalancing key after neighboring finger (weighted)
# 0.8852551697086445 asymmetrc bigrams (weighted)
# 14.065666331438347 inconsistent symmetries of similar keys (weighted)
# 6.35467051743077 irregularity cost for randomly sampled words (weighted).
# Finger load %: 9.8 7.9 6.5 18.8 - 13.4 9.1 9.4 9.5
 
