
# Evolved Layout
üulbq jwäoözß
hirtg cneas⇘
pyxdk fm,.v
┌───┬───┬───┬───┬───┬───┬───┬───┬───┬───┬───┬───┬───┬──────┐
│ ^ │ 1 │ 2 │ 3 │ 4 │ 5 │ 6 │ 7 │ 8 │ 9 │ 0 │ - │ ` │ ←    │
├───┴─┬─┴─┬─┴─┬─┴─┬─┴─┬─┴─┬─┴─┬─┴─┬─┴─┬─┴─┬─┴─┬─┴─┬─┴─┬────┤
│   ⇥ │ ü │ u │ l │ b │ q │ j │ w │ ä │ o │ ö │ z │ ß │ Ret│
├─────┴┬──┴┬──┴┬──┴┬──┴┬──┴┬──┴┬──┴┬──┴┬──┴┬──┴┬──┴┬──┴┐   │
│    ⇩ │ h │ i │ r │ t │ g │ c │ n │ e │ a │ s │ ⇘ │ ´ │   │
├────┬─┴─┬─┴─┬─┴─┬─┴─┬─┴─┬─┴─┬─┴─┬─┴─┬─┴─┬─┴─┬─┴─┬─┴───┴───┤
│  ⇧ │ ⇚ │ p │ y │ x │ d │ k │ f │ m │ , │ . │ v │ ⇗       │
├────┼───┴┬──┴─┬─┴───┴───┴───┴───┴───┴─┬─┴──┬┴───┼────┬────┤
│Strg│ Fe │ Alt│      Leerzeichen      │ M4 │ Fe │ Me │Strg│
└────┴────┴────┴───────────────────────┴────┴────┴────┴────┘
# 9.393481475494962 x100 total penalty per letter
# 34.377614835342044 x10 billion total penalty compared to notime-noeffort
# 7.425536095367715 mean key position cost in file 1gramme.txt ( 54.35092846 )
# 9.100945207605056 % finger repeats in file 2gramme.txt ( 43.93396646718079 )
# 11.58699475998018 million keystrokes disbalance of the fingers ( 17.380492139970272 )
# 0.3490604827169735 % finger repeats top to bottom or vice versa ( 7.021070885532169 )
# 3.832533707064756 % of trigrams have no handswitching (after direction change counted x 1 ) ( 16.952502162114616 )
# 8.773362713753595 billion (rows²/dist)² to cross ( 114.05371527879674 )
# 0.033822330013659474 hand disbalance. Left: 0.4661776699863405 %, Right: 0.5338223300136595 % ( 0.9902450222117652 )
# 1.0979192834421578 badly positioned shortcut keys (weighted).
# 9.042422877375994 no handswitching after unbalancing key (weighted).
# 30.014701706560004 movement pattern cost (weighted).
# 0.8834585790271461 asymmetric bigram cost (weighted).
# 3.2623498020052684 irregularity cost (weighted).
# 19.47011576086615 manually assigned bigram penalty (weighted)
# 13.444516168515026 unbalancing key after neighboring finger (weighted)
# 0.8834585790271461 asymmetrc bigrams (weighted)
# 11.877743759822282 inconsistent symmetries of similar keys (weighted)
# 3.2623498020052684 irregularity cost for randomly sampled words (weighted).
# Finger load %: 10.0 8.6 8.0 12.7 - 14.2 12.3 8.6 10.1
 
