
# Evolved Layout
öoävü wbdlqßj
haeip gstrn⇘
kzxuy fm,.c
┌───┬───┬───┬───┬───┬───┬───┬───┬───┬───┬───┬───┬───┬──────┐
│ ^ │ 1 │ 2 │ 3 │ 4 │ 5 │ 6 │ 7 │ 8 │ 9 │ 0 │ - │ ` │ ←    │
├───┴─┬─┴─┬─┴─┬─┴─┬─┴─┬─┴─┬─┴─┬─┴─┬─┴─┬─┴─┬─┴─┬─┴─┬─┴─┬────┤
│   ⇥ │ ö │ o │ ä │ v │ ü │ w │ b │ d │ l │ q │ ß │ j │ Ret│
├─────┴┬──┴┬──┴┬──┴┬──┴┬──┴┬──┴┬──┴┬──┴┬──┴┬──┴┬──┴┬──┴┐   │
│    ⇩ │ h │ a │ e │ i │ p │ g │ s │ t │ r │ n │ ⇘ │ ´ │   │
├────┬─┴─┬─┴─┬─┴─┬─┴─┬─┴─┬─┴─┬─┴─┬─┴─┬─┴─┬─┴─┬─┴─┬─┴───┴───┤
│  ⇧ │ ⇚ │ k │ z │ x │ u │ y │ f │ m │ , │ . │ c │ ⇗       │
├────┼───┴┬──┴─┬─┴───┴───┴───┴───┴───┴─┬─┴──┬┴───┼────┬────┤
│Strg│ Fe │ Alt│      Leerzeichen      │ M4 │ Fe │ Me │Strg│
└────┴────┴────┴───────────────────────┴────┴────┴────┴────┘
# 8.770424170142006 x100 total penalty per letter
# 32.097392734553644 x10 billion total penalty compared to notime-noeffort
# 7.590508758414618 mean key position cost in file 1gramme.txt ( 55.55843958 )
# 9.022112175060508 % finger repeats in file 2gramme.txt ( 43.55340733521017 )
# 13.234003199262098 million keystrokes disbalance of the fingers ( 19.851004798893147 )
# 0.41082823889628445 % finger repeats top to bottom or vice versa ( 8.26347962570126 )
# 1.507406920116864 % of trigrams have no handswitching (after direction change counted x 1 ) ( 6.667734983090104 )
# 7.964989247046354 billion (rows²/dist)² to cross ( 103.5448602116026 )
# 0.02662120735190887 hand disbalance. Left: 0.47337879264809113 %, Right: 0.5266212073519089 % ( 0.779411650671277 )
# 0.36597309448071924 badly positioned shortcut keys (weighted).
# 9.161447968388929 no handswitching after unbalancing key (weighted).
# 26.70944954378588 movement pattern cost (weighted).
# 0.8787952097433099 asymmetric bigram cost (weighted).
# 2.3754976586995076 irregularity cost (weighted).
# 21.299284935625945 manually assigned bigram penalty (weighted)
# 10.821797743720085 unbalancing key after neighboring finger (weighted)
# 0.8787952097433099 asymmetrc bigrams (weighted)
# 11.143343005923468 inconsistent symmetries of similar keys (weighted)
# 2.3754976586995076 irregularity cost for randomly sampled words (weighted).
# Finger load %: 10.2 8.0 11.2 10.6 - 13.4 9.3 9.3 12.4
 
