
# Evolved Layout
ßulpj qfäokzö
mirnc gteas⇘
hyxbü wd,.v
┌───┬───┬───┬───┬───┬───┬───┬───┬───┬───┬───┬───┬───┬──────┐
│ ^ │ 1 │ 2 │ 3 │ 4 │ 5 │ 6 │ 7 │ 8 │ 9 │ 0 │ - │ ` │ ←    │
├───┴─┬─┴─┬─┴─┬─┴─┬─┴─┬─┴─┬─┴─┬─┴─┬─┴─┬─┴─┬─┴─┬─┴─┬─┴─┬────┤
│   ⇥ │ ß │ u │ l │ p │ j │ q │ f │ ä │ o │ k │ z │ ö │ Ret│
├─────┴┬──┴┬──┴┬──┴┬──┴┬──┴┬──┴┬──┴┬──┴┬──┴┬──┴┬──┴┬──┴┐   │
│    ⇩ │ m │ i │ r │ n │ c │ g │ t │ e │ a │ s │ ⇘ │ ´ │   │
├────┬─┴─┬─┴─┬─┴─┬─┴─┬─┴─┬─┴─┬─┴─┬─┴─┬─┴─┬─┴─┬─┴─┬─┴───┴───┤
│  ⇧ │ ⇚ │ h │ y │ x │ b │ ü │ w │ d │ , │ . │ v │ ⇗       │
├────┼───┴┬──┴─┬─┴───┴───┴───┴───┴───┴─┬─┴──┬┴───┼────┬────┤
│Strg│ Fe │ Alt│      Leerzeichen      │ M4 │ Fe │ Me │Strg│
└────┴────┴────┴───────────────────────┴────┴────┴────┴────┘
# 9.438270599299466 x100 total penalty per letter
# 34.541530977720186 x10 billion total penalty compared to notime-noeffort
# 7.562067681305469 mean key position cost in file 1gramme.txt ( 55.3502662 )
# 8.226233416055479 % finger repeats in file 2gramme.txt ( 39.711376654611236 )
# 12.442653515438423 million keystrokes disbalance of the fingers ( 18.663980273157634 )
# 0.32457334801155846 % finger repeats top to bottom or vice versa ( 6.528531864179541 )
# 4.703948123263096 % of trigrams have no handswitching (after direction change counted x 1 ) ( 20.807042240253743 )
# 8.206637229650942 billion (rows²/dist)² to cross ( 106.68628398546225 )
# 0.03479690415462289 hand disbalance. Left: 0.4652030958453771 %, Right: 0.5347969041546229 % ( 1.0187784553453068 )
# 1.0979192834421578 badly positioned shortcut keys (weighted).
# 9.225945912217107 no handswitching after unbalancing key (weighted).
# 33.982463727282266 movement pattern cost (weighted).
# 0.878093228830091 asymmetric bigram cost (weighted).
# 4.6864416676159495 irregularity cost (weighted).
# 22.029150844970275 manually assigned bigram penalty (weighted)
# 16.255040611357593 unbalancing key after neighboring finger (weighted)
# 0.878093228830091 asymmetrc bigrams (weighted)
# 8.493994828476612 inconsistent symmetries of similar keys (weighted)
# 4.6864416676159495 irregularity cost for randomly sampled words (weighted).
# Finger load %: 10.9 8.6 8.0 11.7 - 13.7 12.3 8.6 10.7
 
