
# Evolved Layout
öuovq kpcfzßj
aielm gtrsn⇘
yxähü wd,.b
┌───┬───┬───┬───┬───┬───┬───┬───┬───┬───┬───┬───┬───┬──────┐
│ ^ │ 1 │ 2 │ 3 │ 4 │ 5 │ 6 │ 7 │ 8 │ 9 │ 0 │ - │ ` │ ←    │
├───┴─┬─┴─┬─┴─┬─┴─┬─┴─┬─┴─┬─┴─┬─┴─┬─┴─┬─┴─┬─┴─┬─┴─┬─┴─┬────┤
│   ⇥ │ ö │ u │ o │ v │ q │ k │ p │ c │ f │ z │ ß │ j │ Ret│
├─────┴┬──┴┬──┴┬──┴┬──┴┬──┴┬──┴┬──┴┬──┴┬──┴┬──┴┬──┴┬──┴┐   │
│    ⇩ │ a │ i │ e │ l │ m │ g │ t │ r │ s │ n │ ⇘ │ ´ │   │
├────┬─┴─┬─┴─┬─┴─┬─┴─┬─┴─┬─┴─┬─┴─┬─┴─┬─┴─┬─┴─┬─┴─┬─┴───┴───┤
│  ⇧ │ ⇚ │ y │ x │ ä │ h │ ü │ w │ d │ , │ . │ b │ ⇗       │
├────┼───┴┬──┴─┬─┴───┴───┴───┴───┴───┴─┬─┴──┬┴───┼────┬────┤
│Strg│ Fe │ Alt│      Leerzeichen      │ M4 │ Fe │ Me │Strg│
└────┴────┴────┴───────────────────────┴────┴────┴────┴────┘
# 9.138149297348562 x100 total penalty per letter
# 33.44316776177463 x10 billion total penalty compared to notime-noeffort
# 7.275862089747923 mean key position cost in file 1gramme.txt ( 53.25539528 )
# 11.088979277435948 % finger repeats in file 2gramme.txt ( 53.531016022712365 )
# 13.785109780272414 million keystrokes disbalance of the fingers ( 20.67766467040862 )
# 0.3087849883200736 % finger repeats top to bottom or vice versa ( 6.210961706431051 )
# 2.7851659978980456 % of trigrams have no handswitching (after direction change counted x 1 ) ( 12.319665320667449 )
# 8.110860470578196 billion (rows²/dist)² to cross ( 105.44118611751655 )
# 0.0012701758823673859 hand disbalance. Left: 0.4987298241176326 %, Right: 0.5012701758823674 % ( 0.03718801585638162 )
# 0.7319461889614385 badly positioned shortcut keys (weighted).
# 7.737814149568351 no handswitching after unbalancing key (weighted).
# 26.74168156024882 movement pattern cost (weighted).
# 0.8615588694485099 asymmetric bigram cost (weighted).
# 3.2758064240158715 irregularity cost (weighted).
# 20.626668774538654 manually assigned bigram penalty (weighted)
# 13.672484329016886 unbalancing key after neighboring finger (weighted)
# 0.8615588694485099 asymmetrc bigrams (weighted)
# 9.310640188355398 inconsistent symmetries of similar keys (weighted)
# 3.2758064240158715 irregularity cost for randomly sampled words (weighted).
# Finger load %: 10.8 8.4 13.8 9.1 - 14.2 8.5 7.5 12.2
 
