
# Evolved Layout
üunvj qfawäzß
cirgl ksehd⇘
oöxty mb,.p
┌───┬───┬───┬───┬───┬───┬───┬───┬───┬───┬───┬───┬───┬──────┐
│ ^ │ 1 │ 2 │ 3 │ 4 │ 5 │ 6 │ 7 │ 8 │ 9 │ 0 │ - │ ` │ ←    │
├───┴─┬─┴─┬─┴─┬─┴─┬─┴─┬─┴─┬─┴─┬─┴─┬─┴─┬─┴─┬─┴─┬─┴─┬─┴─┬────┤
│   ⇥ │ ü │ u │ n │ v │ j │ q │ f │ a │ w │ ä │ z │ ß │ Ret│
├─────┴┬──┴┬──┴┬──┴┬──┴┬──┴┬──┴┬──┴┬──┴┬──┴┬──┴┬──┴┬──┴┐   │
│    ⇩ │ c │ i │ r │ g │ l │ k │ s │ e │ h │ d │ ⇘ │ ´ │   │
├────┬─┴─┬─┴─┬─┴─┬─┴─┬─┴─┬─┴─┬─┴─┬─┴─┬─┴─┬─┴─┬─┴─┬─┴───┴───┤
│  ⇧ │ ⇚ │ o │ ö │ x │ t │ y │ m │ b │ , │ . │ p │ ⇗       │
├────┼───┴┬──┴─┬─┴───┴───┴───┴───┴───┴─┬─┴──┬┴───┼────┬────┤
│Strg│ Fe │ Alt│      Leerzeichen      │ M4 │ Fe │ Me │Strg│
└────┴────┴────┴───────────────────────┴────┴────┴────┴────┘
# 10.179095909381815 x100 total penalty per letter
# 37.25275228972494 x10 billion total penalty compared to notime-noeffort
# 7.627389557040406 mean key position cost in file 1gramme.txt ( 55.82838718 )
# 17.460448689438884 % finger repeats in file 2gramme.txt ( 84.28869196824945 )
# 12.04011983201104 million keystrokes disbalance of the fingers ( 18.06017974801656 )
# 0.34218756904745934 % finger repeats top to bottom or vice versa ( 6.882827754461591 )
# 3.4502555903413166 % of trigrams have no handswitching (after direction change counted x 1 ) ( 15.261565801049574 )
# 8.124969972938613 billion (rows²/dist)² to cross ( 105.62460964820198 )
# 0.0007056600631057952 hand disbalance. Left: 0.5007056600631058 %, Right: 0.4992943399368942 % ( 0.020660207755703004 )
# 0.36597309448071924 badly positioned shortcut keys (weighted).
# 7.6579995662810765 no handswitching after unbalancing key (weighted).
# 32.20344902074192 movement pattern cost (weighted).
# 0.8733174631622784 asymmetric bigram cost (weighted).
# 4.1437898583133626 irregularity cost (weighted).
# 18.86596928718984 manually assigned bigram penalty (weighted)
# 12.441842882219943 unbalancing key after neighboring finger (weighted)
# 0.8733174631622784 asymmetrc bigrams (weighted)
# 10.00825941712545 inconsistent symmetries of similar keys (weighted)
# 4.1437898583133626 irregularity cost for randomly sampled words (weighted).
# Finger load %: 11.2 8.3 11.7 11.1 - 11.4 16.4 5.8 8.6
 
