
# Evolved Layout
juovq wbmdzxß
aielg cnstr⇘
üöähk fp,.y
┌───┬───┬───┬───┬───┬───┬───┬───┬───┬───┬───┬───┬───┬──────┐
│ ^ │ 1 │ 2 │ 3 │ 4 │ 5 │ 6 │ 7 │ 8 │ 9 │ 0 │ - │ ` │ ←    │
├───┴─┬─┴─┬─┴─┬─┴─┬─┴─┬─┴─┬─┴─┬─┴─┬─┴─┬─┴─┬─┴─┬─┴─┬─┴─┬────┤
│   ⇥ │ j │ u │ o │ v │ q │ w │ b │ m │ d │ z │ x │ ß │ Ret│
├─────┴┬──┴┬──┴┬──┴┬──┴┬──┴┬──┴┬──┴┬──┴┬──┴┬──┴┬──┴┬──┴┐   │
│    ⇩ │ a │ i │ e │ l │ g │ c │ n │ s │ t │ r │ ⇘ │ ´ │   │
├────┬─┴─┬─┴─┬─┴─┬─┴─┬─┴─┬─┴─┬─┴─┬─┴─┬─┴─┬─┴─┬─┴─┬─┴───┴───┤
│  ⇧ │ ⇚ │ ü │ ö │ ä │ h │ k │ f │ p │ , │ . │ y │ ⇗       │
├────┼───┴┬──┴─┬─┴───┴───┴───┴───┴───┴─┬─┴──┬┴───┼────┬────┤
│Strg│ Fe │ Alt│      Leerzeichen      │ M4 │ Fe │ Me │Strg│
└────┴────┴────┴───────────────────────┴────┴────┴────┴────┘
# 9.24218037767074 x100 total penalty per letter
# 33.823893525651435 x10 billion total penalty compared to notime-noeffort
# 7.351961066476025 mean key position cost in file 1gramme.txt ( 53.81239884 )
# 11.174403333176812 % finger repeats in file 2gramme.txt ( 53.943392706100546 )
# 12.029806394248196 million keystrokes disbalance of the fingers ( 18.044709591372293 )
# 0.2888245906393609 % finger repeats top to bottom or vice versa ( 5.809474359800273 )
# 2.8107235236858217 % of trigrams have no handswitching (after direction change counted x 1 ) ( 12.432714296695217 )
# 8.078002847440759 billion (rows²/dist)² to cross ( 105.01403701672987 )
# 0.004506346570688824 hand disbalance. Left: 0.5045063465706888 %, Right: 0.4954936534293112 % ( 0.1319361279422053 )
# 1.0979192834421578 badly positioned shortcut keys (weighted).
# 9.81401139154364 no handswitching after unbalancing key (weighted).
# 32.113545342008415 movement pattern cost (weighted).
# 0.880731516559143 asymmetric bigram cost (weighted).
# 5.823982774957134 irregularity cost (weighted).
# 17.233686635042137 manually assigned bigram penalty (weighted)
# 17.249124625258354 unbalancing key after neighboring finger (weighted)
# 0.880731516559143 asymmetrc bigrams (weighted)
# 4.837270749062918 inconsistent symmetries of similar keys (weighted)
# 5.823982774957134 irregularity cost for randomly sampled words (weighted).
# Finger load %: 10.6 8.3 13.8 9.9 - 14.5 7.8 9.5 10.0
 
