
# Evolved Layout
öoägq vbfdzßj
iaehk wnstr⇘
uüxmy pc,.l
┌───┬───┬───┬───┬───┬───┬───┬───┬───┬───┬───┬───┬───┬──────┐
│ ^ │ 1 │ 2 │ 3 │ 4 │ 5 │ 6 │ 7 │ 8 │ 9 │ 0 │ - │ ` │ ←    │
├───┴─┬─┴─┬─┴─┬─┴─┬─┴─┬─┴─┬─┴─┬─┴─┬─┴─┬─┴─┬─┴─┬─┴─┬─┴─┬────┤
│   ⇥ │ ö │ o │ ä │ g │ q │ v │ b │ f │ d │ z │ ß │ j │ Ret│
├─────┴┬──┴┬──┴┬──┴┬──┴┬──┴┬──┴┬──┴┬──┴┬──┴┬──┴┬──┴┬──┴┐   │
│    ⇩ │ i │ a │ e │ h │ k │ w │ n │ s │ t │ r │ ⇘ │ ´ │   │
├────┬─┴─┬─┴─┬─┴─┬─┴─┬─┴─┬─┴─┬─┴─┬─┴─┬─┴─┬─┴─┬─┴─┬─┴───┴───┤
│  ⇧ │ ⇚ │ u │ ü │ x │ m │ y │ p │ c │ , │ . │ l │ ⇗       │
├────┼───┴┬──┴─┬─┴───┴───┴───┴───┴───┴─┬─┴──┬┴───┼────┬────┤
│Strg│ Fe │ Alt│      Leerzeichen      │ M4 │ Fe │ Me │Strg│
└────┴────┴────┴───────────────────────┴────┴────┴────┴────┘
# 9.009629723776513 x100 total penalty per letter
# 32.97282070135958 x10 billion total penalty compared to notime-noeffort
# 7.851696748574468 mean key position cost in file 1gramme.txt ( 57.47019512 )
# 8.154711664202802 % finger repeats in file 2gramme.txt ( 39.36611205012338 )
# 16.110949475983308 million keystrokes disbalance of the fingers ( 24.166424213974963 )
# 0.35629132697928656 % finger repeats top to bottom or vice versa ( 7.166513502618985 )
# 2.1143247552088633 % of trigrams have no handswitching (after direction change counted x 1 ) ( 9.352323481987604 )
# 8.007574191610088 billion (rows²/dist)² to cross ( 104.09846449093114 )
# 0.008110198372927757 hand disbalance. Left: 0.49188980162707224 %, Right: 0.5081101983729277 % ( 0.23744915163142927 )
# 1.0979192834421578 badly positioned shortcut keys (weighted).
# 7.9838923047483465 no handswitching after unbalancing key (weighted).
# 30.910605369231046 movement pattern cost (weighted).
# 0.8861490918148561 asymmetric bigram cost (weighted).
# 3.066420599046063 irregularity cost (weighted).
# 23.39440287547112 manually assigned bigram penalty (weighted)
# 9.387992472651195 unbalancing key after neighboring finger (weighted)
# 0.8861490918148561 asymmetrc bigrams (weighted)
# 11.143343005923466 inconsistent symmetries of similar keys (weighted)
# 3.066420599046063 irregularity cost for randomly sampled words (weighted).
# Finger load %: 13.9 7.7 11.2 8.7 - 13.8 7.3 9.5 12.3
 
