
# Evolved Layout
öoäkj vpflzqß
iaehm cnsrt⇘
uüxgy wb,.d
┌───┬───┬───┬───┬───┬───┬───┬───┬───┬───┬───┬───┬───┬──────┐
│ ^ │ 1 │ 2 │ 3 │ 4 │ 5 │ 6 │ 7 │ 8 │ 9 │ 0 │ - │ ` │ ←    │
├───┴─┬─┴─┬─┴─┬─┴─┬─┴─┬─┴─┬─┴─┬─┴─┬─┴─┬─┴─┬─┴─┬─┴─┬─┴─┬────┤
│   ⇥ │ ö │ o │ ä │ k │ j │ v │ p │ f │ l │ z │ q │ ß │ Ret│
├─────┴┬──┴┬──┴┬──┴┬──┴┬──┴┬──┴┬──┴┬──┴┬──┴┬──┴┬──┴┬──┴┐   │
│    ⇩ │ i │ a │ e │ h │ m │ c │ n │ s │ r │ t │ ⇘ │ ´ │   │
├────┬─┴─┬─┴─┬─┴─┬─┴─┬─┴─┬─┴─┬─┴─┬─┴─┬─┴─┬─┴─┬─┴─┬─┴───┴───┤
│  ⇧ │ ⇚ │ u │ ü │ x │ g │ y │ w │ b │ , │ . │ d │ ⇗       │
├────┼───┴┬──┴─┬─┴───┴───┴───┴───┴───┴─┬─┴──┬┴───┼────┬────┤
│Strg│ Fe │ Alt│      Leerzeichen      │ M4 │ Fe │ Me │Strg│
└────┴────┴────┴───────────────────────┴────┴────┴────┴────┘
# 8.99568918191337 x100 total penalty per letter
# 32.92180206891565 x10 billion total penalty compared to notime-noeffort
# 7.768939927221319 mean key position cost in file 1gramme.txt ( 56.86445972 )
# 8.188242015033943 % finger repeats in file 2gramme.txt ( 39.52797669994207 )
# 16.146553528454035 million keystrokes disbalance of the fingers ( 24.21983029268105 )
# 0.30169262636381244 % finger repeats top to bottom or vice versa ( 6.0683045495590795 )
# 2.403704982667583 % of trigrams have no handswitching (after direction change counted x 1 ) ( 10.632343256536263 )
# 8.096301444183677 billion (rows²/dist)² to cross ( 105.2519187743878 )
# 0.007506710323874122 hand disbalance. Left: 0.4924932896761259 %, Right: 0.5075067103238742 % ( 0.219780320527886 )
# 1.0979192834421578 badly positioned shortcut keys (weighted).
# 7.546259874275295 no handswitching after unbalancing key (weighted).
# 29.657861357911525 movement pattern cost (weighted).
# 0.878783484722674 asymmetric bigram cost (weighted).
# 5.174888945405233 irregularity cost (weighted).
# 21.519830038110044 manually assigned bigram penalty (weighted)
# 13.502299385510725 unbalancing key after neighboring finger (weighted)
# 0.878783484722674 asymmetrc bigrams (weighted)
# 7.055564706144776 inconsistent symmetries of similar keys (weighted)
# 5.174888945405233 irregularity cost for randomly sampled words (weighted).
# Finger load %: 13.8 7.7 11.2 8.8 - 13.8 7.3 9.3 12.5
 
