
# Evolved Layout
äpücö qbimwxß
hnerl gtaso⇘
kvyzj fd,.u
┌───┬───┬───┬───┬───┬───┬───┬───┬───┬───┬───┬───┬───┬──────┐
│ ^ │ 1 │ 2 │ 3 │ 4 │ 5 │ 6 │ 7 │ 8 │ 9 │ 0 │ - │ ` │ ←    │
├───┴─┬─┴─┬─┴─┬─┴─┬─┴─┬─┴─┬─┴─┬─┴─┬─┴─┬─┴─┬─┴─┬─┴─┬─┴─┬────┤
│   ⇥ │ ä │ p │ ü │ c │ ö │ q │ b │ i │ m │ w │ x │ ß │ Ret│
├─────┴┬──┴┬──┴┬──┴┬──┴┬──┴┬──┴┬──┴┬──┴┬──┴┬──┴┬──┴┬──┴┐   │
│    ⇩ │ h │ n │ e │ r │ l │ g │ t │ a │ s │ o │ ⇘ │ ´ │   │
├────┬─┴─┬─┴─┬─┴─┬─┴─┬─┴─┬─┴─┬─┴─┬─┴─┬─┴─┬─┴─┬─┴─┬─┴───┴───┤
│  ⇧ │ ⇚ │ k │ v │ y │ z │ j │ f │ d │ , │ . │ u │ ⇗       │
├────┼───┴┬──┴─┬─┴───┴───┴───┴───┴───┴─┬─┴──┬┴───┼────┬────┤
│Strg│ Fe │ Alt│      Leerzeichen      │ M4 │ Fe │ Me │Strg│
└────┴────┴────┴───────────────────────┴────┴────┴────┴────┘
# 9.743422477063394 x100 total penalty per letter
# 35.65830474763885 x10 billion total penalty compared to notime-noeffort
# 7.432823385171858 mean key position cost in file 1gramme.txt ( 54.4042675 )
# 10.907865024495923 % finger repeats in file 2gramme.txt ( 52.656703812949104 )
# 11.522696600964672 million keystrokes disbalance of the fingers ( 17.284044901447007 )
# 0.40514084604632083 % finger repeats top to bottom or vice versa ( 8.149082292486543 )
# 5.264727902094931 % of trigrams have no handswitching (after direction change counted x 1 ) ( 23.287547602957446 )
# 7.686573685917165 billion (rows²/dist)² to cross ( 99.92545791692314 )
# 0.01011438725027275 hand disbalance. Left: 0.48988561274972725 %, Right: 0.5101143872502728 % ( 0.2961274880606921 )
# 0.7319461889614385 badly positioned shortcut keys (weighted).
# 7.380603044943728 no handswitching after unbalancing key (weighted).
# 38.370663757477274 movement pattern cost (weighted).
# 0.9039326100107261 asymmetric bigram cost (weighted).
# 4.325803812086049 irregularity cost (weighted).
# 18.917254354921162 manually assigned bigram penalty (weighted)
# 15.535136247340887 unbalancing key after neighboring finger (weighted)
# 0.9039326100107261 asymmetrc bigrams (weighted)
# 14.414475945823371 inconsistent symmetries of similar keys (weighted)
# 4.325803812086049 irregularity cost for randomly sampled words (weighted).
# Finger load %: 10.4 8.3 11.5 11.1 - 13.9 11.1 8.0 10.0
 
