
# Evolved Layout
öülbä qdaoxßj
hnrsm wtieu⇘
pyzkv fg,.c
┌───┬───┬───┬───┬───┬───┬───┬───┬───┬───┬───┬───┬───┬──────┐
│ ^ │ 1 │ 2 │ 3 │ 4 │ 5 │ 6 │ 7 │ 8 │ 9 │ 0 │ - │ ` │ ←    │
├───┴─┬─┴─┬─┴─┬─┴─┬─┴─┬─┴─┬─┴─┬─┴─┬─┴─┬─┴─┬─┴─┬─┴─┬─┴─┬────┤
│   ⇥ │ ö │ ü │ l │ b │ ä │ q │ d │ a │ o │ x │ ß │ j │ Ret│
├─────┴┬──┴┬──┴┬──┴┬──┴┬──┴┬──┴┬──┴┬──┴┬──┴┬──┴┬──┴┬──┴┐   │
│    ⇩ │ h │ n │ r │ s │ m │ w │ t │ i │ e │ u │ ⇘ │ ´ │   │
├────┬─┴─┬─┴─┬─┴─┬─┴─┬─┴─┬─┴─┬─┴─┬─┴─┬─┴─┬─┴─┬─┴─┬─┴───┴───┤
│  ⇧ │ ⇚ │ p │ y │ z │ k │ v │ f │ g │ , │ . │ c │ ⇗       │
├────┼───┴┬──┴─┬─┴───┴───┴───┴───┴───┴─┬─┴──┬┴───┼────┬────┤
│Strg│ Fe │ Alt│      Leerzeichen      │ M4 │ Fe │ Me │Strg│
└────┴────┴────┴───────────────────────┴────┴────┴────┴────┘
# 9.296996428016438 x100 total penalty per letter
# 34.02450552137369 x10 billion total penalty compared to notime-noeffort
# 7.488062175413213 mean key position cost in file 1gramme.txt ( 54.80858572 )
# 10.345127885115765 % finger repeats in file 2gramme.txt ( 49.9401426154698 )
# 11.706661284071924 million keystrokes disbalance of the fingers ( 17.559991926107887 )
# 0.3811115971821468 % finger repeats top to bottom or vice versa ( 7.6657532765857255 )
# 3.4450284523281147 % of trigrams have no handswitching (after direction change counted x 1 ) ( 15.238444525349601 )
# 7.991322555832522 billion (rows²/dist)² to cross ( 103.88719322582278 )
# 0.07673460141010646 hand disbalance. Left: 0.42326539858989354 %, Right: 0.5767346014101065 % ( 2.246623962544098 )
# 1.0979192834421578 badly positioned shortcut keys (weighted).
# 7.26542521281793 no handswitching after unbalancing key (weighted).
# 28.960902415717506 movement pattern cost (weighted).
# 0.8732730240764023 asymmetric bigram cost (weighted).
# 7.789412088292293 irregularity cost (weighted).
# 16.690674736170873 manually assigned bigram penalty (weighted)
# 13.942286606618321 unbalancing key after neighboring finger (weighted)
# 0.8732730240764023 asymmetrc bigrams (weighted)
# 12.278426594721486 inconsistent symmetries of similar keys (weighted)
# 7.789412088292293 irregularity cost for randomly sampled words (weighted).
# Finger load %: 9.8 7.4 8.5 10.1 - 13.7 11.1 14.9 9.0
 
