
# Evolved Layout
öoäzj vplfkßq
iaerm wtnsh⇘
uüycx bd,.g
┌───┬───┬───┬───┬───┬───┬───┬───┬───┬───┬───┬───┬───┬──────┐
│ ^ │ 1 │ 2 │ 3 │ 4 │ 5 │ 6 │ 7 │ 8 │ 9 │ 0 │ - │ ` │ ←    │
├───┴─┬─┴─┬─┴─┬─┴─┬─┴─┬─┴─┬─┴─┬─┴─┬─┴─┬─┴─┬─┴─┬─┴─┬─┴─┬────┤
│   ⇥ │ ö │ o │ ä │ z │ j │ v │ p │ l │ f │ k │ ß │ q │ Ret│
├─────┴┬──┴┬──┴┬──┴┬──┴┬──┴┬──┴┬──┴┬──┴┬──┴┬──┴┬──┴┬──┴┐   │
│    ⇩ │ i │ a │ e │ r │ m │ w │ t │ n │ s │ h │ ⇘ │ ´ │   │
├────┬─┴─┬─┴─┬─┴─┬─┴─┬─┴─┬─┴─┬─┴─┬─┴─┬─┴─┬─┴─┬─┴─┬─┴───┴───┤
│  ⇧ │ ⇚ │ u │ ü │ y │ c │ x │ b │ d │ , │ . │ g │ ⇗       │
├────┼───┴┬──┴─┬─┴───┴───┴───┴───┴───┴─┬─┴──┬┴───┼────┬────┤
│Strg│ Fe │ Alt│      Leerzeichen      │ M4 │ Fe │ Me │Strg│
└────┴────┴────┴───────────────────────┴────┴────┴────┴────┘
# 8.784908604465071 x100 total penalty per letter
# 32.15040186706379 x10 billion total penalty compared to notime-noeffort
# 7.544937135113554 mean key position cost in file 1gramme.txt ( 55.22487982 )
# 8.22390149892895 % finger repeats in file 2gramme.txt ( 39.7001195415857 )
# 14.486014777103494 million keystrokes disbalance of the fingers ( 21.729022165655238 )
# 0.34122853448052615 % finger repeats top to bottom or vice versa ( 6.863537545430472 )
# 2.7791466388114814 % of trigrams have no handswitching (after direction change counted x 1 ) ( 12.293039801956049 )
# 8.202588068722324 billion (rows²/dist)² to cross ( 106.6336448933902 )
# 0.014756940800745744 hand disbalance. Left: 0.5147569408007457 %, Right: 0.4852430591992542 % ( 0.43205146319341625 )
# 1.0979192834421578 badly positioned shortcut keys (weighted).
# 7.776354227433692 no handswitching after unbalancing key (weighted).
# 24.228320571760964 movement pattern cost (weighted).
# 0.8607177360454865 asymmetric bigram cost (weighted).
# 5.875608734822036 irregularity cost (weighted).
# 19.159054670798184 manually assigned bigram penalty (weighted)
# 11.839782755080753 unbalancing key after neighboring finger (weighted)
# 0.8607177360454865 asymmetrc bigrams (weighted)
# 7.789965460043591 inconsistent symmetries of similar keys (weighted)
# 5.875608734822036 irregularity cost for randomly sampled words (weighted).
# Finger load %: 14.0 7.7 11.5 10.3 - 13.3 10.5 7.5 9.7
 
