
# Evolved Layout
julvß kwmäzöq
girnp btsea⇘
cüxhy fd,.o
┌───┬───┬───┬───┬───┬───┬───┬───┬───┬───┬───┬───┬───┬──────┐
│ ^ │ 1 │ 2 │ 3 │ 4 │ 5 │ 6 │ 7 │ 8 │ 9 │ 0 │ - │ ` │ ←    │
├───┴─┬─┴─┬─┴─┬─┴─┬─┴─┬─┴─┬─┴─┬─┴─┬─┴─┬─┴─┬─┴─┬─┴─┬─┴─┬────┤
│   ⇥ │ j │ u │ l │ v │ ß │ k │ w │ m │ ä │ z │ ö │ q │ Ret│
├─────┴┬──┴┬──┴┬──┴┬──┴┬──┴┬──┴┬──┴┬──┴┬──┴┬──┴┬──┴┬──┴┐   │
│    ⇩ │ g │ i │ r │ n │ p │ b │ t │ s │ e │ a │ ⇘ │ ´ │   │
├────┬─┴─┬─┴─┬─┴─┬─┴─┬─┴─┬─┴─┬─┴─┬─┴─┬─┴─┬─┴─┬─┴─┬─┴───┴───┤
│  ⇧ │ ⇚ │ c │ ü │ x │ h │ y │ f │ d │ , │ . │ o │ ⇗       │
├────┼───┴┬──┴─┬─┴───┴───┴───┴───┴───┴─┬─┴──┬┴───┼────┬────┤
│Strg│ Fe │ Alt│      Leerzeichen      │ M4 │ Fe │ Me │Strg│
└────┴────┴────┴───────────────────────┴────┴────┴────┴────┘
# 9.548461450462328 x100 total penalty per letter
# 34.94479984555556 x10 billion total penalty compared to notime-noeffort
# 7.61620267182468 mean key position cost in file 1gramme.txt ( 55.7465052 )
# 9.19278283231126 % finger repeats in file 2gramme.txt ( 44.37730405819235 )
# 13.064429550436854 million keystrokes disbalance of the fingers ( 19.59664432565528 )
# 0.3396031147931994 % finger repeats top to bottom or vice versa ( 6.8308435356284125 )
# 5.328833025792673 % of trigrams have no handswitching (after direction change counted x 1 ) ( 23.571104730213847 )
# 8.029774110873392 billion (rows²/dist)² to cross ( 104.3870634413541 )
# 0.04027738072269332 hand disbalance. Left: 0.4597226192773067 %, Right: 0.5402773807226933 % ( 1.1792350128529716 )
# 0.36597309448071924 badly positioned shortcut keys (weighted).
# 8.149593519795106 no handswitching after unbalancing key (weighted).
# 33.63790498932401 movement pattern cost (weighted).
# 0.889157870456676 asymmetric bigram cost (weighted).
# 4.122310731708958 irregularity cost (weighted).
# 19.909928985930986 manually assigned bigram penalty (weighted)
# 11.104498039874914 unbalancing key after neighboring finger (weighted)
# 0.889157870456676 asymmetrc bigrams (weighted)
# 15.579930920087182 inconsistent symmetries of similar keys (weighted)
# 4.122310731708958 irregularity cost for randomly sampled words (weighted).
# Finger load %: 10.3 8.5 8.0 12.0 - 14.0 7.8 12.5 11.4
 
