
# Evolved Layout
öädgq xfluzßj
aetsk bnrih⇘
oüymv wc,.p
┌───┬───┬───┬───┬───┬───┬───┬───┬───┬───┬───┬───┬───┬──────┐
│ ^ │ 1 │ 2 │ 3 │ 4 │ 5 │ 6 │ 7 │ 8 │ 9 │ 0 │ - │ ` │ ←    │
├───┴─┬─┴─┬─┴─┬─┴─┬─┴─┬─┴─┬─┴─┬─┴─┬─┴─┬─┴─┬─┴─┬─┴─┬─┴─┬────┤
│   ⇥ │ ö │ ä │ d │ g │ q │ x │ f │ l │ u │ z │ ß │ j │ Ret│
├─────┴┬──┴┬──┴┬──┴┬──┴┬──┴┬──┴┬──┴┬──┴┬──┴┬──┴┬──┴┬──┴┐   │
│    ⇩ │ a │ e │ t │ s │ k │ b │ n │ r │ i │ h │ ⇘ │ ´ │   │
├────┬─┴─┬─┴─┬─┴─┬─┴─┬─┴─┬─┴─┬─┴─┬─┴─┬─┴─┬─┴─┬─┴─┬─┴───┴───┤
│  ⇧ │ ⇚ │ o │ ü │ y │ m │ v │ w │ c │ , │ . │ p │ ⇗       │
├────┼───┴┬──┴─┬─┴───┴───┴───┴───┴───┴─┬─┴──┬┴───┼────┬────┤
│Strg│ Fe │ Alt│      Leerzeichen      │ M4 │ Fe │ Me │Strg│
└────┴────┴────┴───────────────────────┴────┴────┴────┴────┘
# 9.640177110323362 x100 total penalty per letter
# 35.28045448407239 x10 billion total penalty compared to notime-noeffort
# 7.45507599369095 mean key position cost in file 1gramme.txt ( 54.56714462 )
# 8.142465811825197 % finger repeats in file 2gramme.txt ( 39.306996336815914 )
# 13.037458978486063 million keystrokes disbalance of the fingers ( 19.556188467729097 )
# 0.35608906689959885 % finger repeats top to bottom or vice versa ( 7.162445203779348 )
# 5.691214299405083 % of trigrams have no handswitching (after direction change counted x 1 ) ( 25.174031095375344 )
# 8.672573636549966 billion (rows²/dist)² to cross ( 112.74345727514957 )
# 0.01036587297287006 hand disbalance. Left: 0.5103658729728701 %, Right: 0.48963412702712994 % ( 0.30349044871002473 )
# 1.463892377922877 badly positioned shortcut keys (weighted).
# 8.161986361510852 no handswitching after unbalancing key (weighted).
# 35.63005354891819 movement pattern cost (weighted).
# 0.8836208612703518 asymmetric bigram cost (weighted).
# 4.2916107142998365 irregularity cost (weighted).
# 17.441450280203327 manually assigned bigram penalty (weighted)
# 10.954208853931553 unbalancing key after neighboring finger (weighted)
# 0.8836208612703518 asymmetrc bigrams (weighted)
# 15.163968395107599 inconsistent symmetries of similar keys (weighted)
# 4.2916107142998365 irregularity cost for randomly sampled words (weighted).
# Finger load %: 12.5 11.6 8.6 10.4 - 13.7 9.1 9.4 9.2
 
