
# Evolved Layout
jldbq äüifköß
rntcg oeush⇘
zxpmv ya,.w
┌───┬───┬───┬───┬───┬───┬───┬───┬───┬───┬───┬───┬───┬──────┐
│ ^ │ 1 │ 2 │ 3 │ 4 │ 5 │ 6 │ 7 │ 8 │ 9 │ 0 │ - │ ` │ ←    │
├───┴─┬─┴─┬─┴─┬─┴─┬─┴─┬─┴─┬─┴─┬─┴─┬─┴─┬─┴─┬─┴─┬─┴─┬─┴─┬────┤
│   ⇥ │ j │ l │ d │ b │ q │ ä │ ü │ i │ f │ k │ ö │ ß │ Ret│
├─────┴┬──┴┬──┴┬──┴┬──┴┬──┴┬──┴┬──┴┬──┴┬──┴┬──┴┬──┴┬──┴┐   │
│    ⇩ │ r │ n │ t │ c │ g │ o │ e │ u │ s │ h │ ⇘ │ ´ │   │
├────┬─┴─┬─┴─┬─┴─┬─┴─┬─┴─┬─┴─┬─┴─┬─┴─┬─┴─┬─┴─┬─┴─┬─┴───┴───┤
│  ⇧ │ ⇚ │ z │ x │ p │ m │ v │ y │ a │ , │ . │ w │ ⇗       │
├────┼───┴┬──┴─┬─┴───┴───┴───┴───┴───┴─┬─┴──┬┴───┼────┬────┤
│Strg│ Fe │ Alt│      Leerzeichen      │ M4 │ Fe │ Me │Strg│
└────┴────┴────┴───────────────────────┴────┴────┴────┴────┘
# 9.315094319442348 x100 total penalty per letter
# 34.090738934660855 x10 billion total penalty compared to notime-noeffort
# 7.385447121010686 mean key position cost in file 1gramme.txt ( 54.05749874 )
# 11.856083680388378 % finger repeats in file 2gramme.txt ( 57.234141175908135 )
# 13.364357674768033 million keystrokes disbalance of the fingers ( 20.04653651215205 )
# 0.3225253062828364 % finger repeats top to bottom or vice versa ( 6.487337151899422 )
# 2.421739837421202 % of trigrams have no handswitching (after direction change counted x 1 ) ( 10.712117092221142 )
# 8.516921182996247 billion (rows²/dist)² to cross ( 110.71997537895123 )
# 0.04594417323270655 hand disbalance. Left: 0.45405582676729345 %, Right: 0.5459441732327065 % ( 1.345146500106548 )
# 0.36597309448071924 badly positioned shortcut keys (weighted).
# 9.040983802191002 no handswitching after unbalancing key (weighted).
# 25.56622886396637 movement pattern cost (weighted).
# 0.8982924743820155 asymmetric bigram cost (weighted).
# 3.551901072190573 irregularity cost (weighted).
# 17.150006754192457 manually assigned bigram penalty (weighted)
# 10.332832245832908 unbalancing key after neighboring finger (weighted)
# 0.8982924743820155 asymmetrc bigrams (weighted)
# 13.398418488134087 inconsistent symmetries of similar keys (weighted)
# 3.551901072190573 irregularity cost for randomly sampled words (weighted).
# Finger load %: 11.2 9.6 9.1 8.4 - 19.9 9.2 7.5 9.5
 
