
# Evolved Layout
jmgpß äüibköx
rstnf yeuhd⇘
lzvcq oa,.w
┌───┬───┬───┬───┬───┬───┬───┬───┬───┬───┬───┬───┬───┬──────┐
│ ^ │ 1 │ 2 │ 3 │ 4 │ 5 │ 6 │ 7 │ 8 │ 9 │ 0 │ - │ ` │ ←    │
├───┴─┬─┴─┬─┴─┬─┴─┬─┴─┬─┴─┬─┴─┬─┴─┬─┴─┬─┴─┬─┴─┬─┴─┬─┴─┬────┤
│   ⇥ │ j │ m │ g │ p │ ß │ ä │ ü │ i │ b │ k │ ö │ x │ Ret│
├─────┴┬──┴┬──┴┬──┴┬──┴┬──┴┬──┴┬──┴┬──┴┬──┴┬──┴┬──┴┬──┴┐   │
│    ⇩ │ r │ s │ t │ n │ f │ y │ e │ u │ h │ d │ ⇘ │ ´ │   │
├────┬─┴─┬─┴─┬─┴─┬─┴─┬─┴─┬─┴─┬─┴─┬─┴─┬─┴─┬─┴─┬─┴─┬─┴───┴───┤
│  ⇧ │ ⇚ │ l │ z │ v │ c │ q │ o │ a │ , │ . │ w │ ⇗       │
├────┼───┴┬──┴─┬─┴───┴───┴───┴───┴───┴─┬─┴──┬┴───┼────┬────┤
│Strg│ Fe │ Alt│      Leerzeichen      │ M4 │ Fe │ Me │Strg│
└────┴────┴────┴───────────────────────┴────┴────┴────┴────┘
# 9.35635209471482 x100 total penalty per letter
# 34.24173129153943 x10 billion total penalty compared to notime-noeffort
# 7.6234005342897815 mean key position cost in file 1gramme.txt ( 55.79918968 )
# 12.866776763577263 % finger repeats in file 2gramme.txt ( 62.11316802559478 )
# 15.332964088735475 million keystrokes disbalance of the fingers ( 22.99944613310321 )
# 0.32941405583227823 % finger repeats top to bottom or vice versa ( 6.625898808959082 )
# 2.606257077425261 % of trigrams have no handswitching (after direction change counted x 1 ) ( 11.528294887174424 )
# 8.54040072538352 billion (rows²/dist)² to cross ( 111.02520942998578 )
# 0.030710071898701674 hand disbalance. Left: 0.4692899281012983 %, Right: 0.5307100718987017 % ( 0.8991248035594583 )
# 0.7319461889614385 badly positioned shortcut keys (weighted).
# 6.211959740864654 no handswitching after unbalancing key (weighted).
# 20.46509730637188 movement pattern cost (weighted).
# 0.8745691144005427 asymmetric bigram cost (weighted).
# 4.790245299621441 irregularity cost (weighted).
# 21.230185957552518 manually assigned bigram penalty (weighted)
# 7.448436041119395 unbalancing key after neighboring finger (weighted)
# 0.8745691144005427 asymmetrc bigrams (weighted)
# 9.674541498125835 inconsistent symmetries of similar keys (weighted)
# 4.790245299621441 irregularity cost for randomly sampled words (weighted).
# Finger load %: 13.3 7.4 7.5 11.3 - 19.9 9.2 6.0 9.7
 
