
# Evolved Layout
älckf qpouxjß
hrnsm wteia⇘
üözgv bd,.y
┌───┬───┬───┬───┬───┬───┬───┬───┬───┬───┬───┬───┬───┬──────┐
│ ^ │ 1 │ 2 │ 3 │ 4 │ 5 │ 6 │ 7 │ 8 │ 9 │ 0 │ - │ ` │ ←    │
├───┴─┬─┴─┬─┴─┬─┴─┬─┴─┬─┴─┬─┴─┬─┴─┬─┴─┬─┴─┬─┴─┬─┴─┬─┴─┬────┤
│   ⇥ │ ä │ l │ c │ k │ f │ q │ p │ o │ u │ x │ j │ ß │ Ret│
├─────┴┬──┴┬──┴┬──┴┬──┴┬──┴┬──┴┬──┴┬──┴┬──┴┬──┴┬──┴┬──┴┐   │
│    ⇩ │ h │ r │ n │ s │ m │ w │ t │ e │ i │ a │ ⇘ │ ´ │   │
├────┬─┴─┬─┴─┬─┴─┬─┴─┬─┴─┬─┴─┬─┴─┬─┴─┬─┴─┬─┴─┬─┴─┬─┴───┴───┤
│  ⇧ │ ⇚ │ ü │ ö │ z │ g │ v │ b │ d │ , │ . │ y │ ⇗       │
├────┼───┴┬──┴─┬─┴───┴───┴───┴───┴───┴─┬─┴──┬┴───┼────┬────┤
│Strg│ Fe │ Alt│      Leerzeichen      │ M4 │ Fe │ Me │Strg│
└────┴────┴────┴───────────────────────┴────┴────┴────┴────┘
# 9.287528909115272 x100 total penalty per letter
# 33.98985694948055 x10 billion total penalty compared to notime-noeffort
# 7.2326648595733065 mean key position cost in file 1gramme.txt ( 52.9392148 )
# 9.986359386389742 % finger repeats in file 2gramme.txt ( 48.20822105864749 )
# 10.462611713117639 million keystrokes disbalance of the fingers ( 15.693917569676458 )
# 0.3436117697783799 % finger repeats top to bottom or vice versa ( 6.9114744067815215 )
# 3.917824228218529 % of trigrams have no handswitching (after direction change counted x 1 ) ( 17.32976896647486 )
# 8.12617902712631 billion (rows²/dist)² to cross ( 105.64032735264203 )
# 0.04420104239820338 hand disbalance. Left: 0.4557989576017966 %, Right: 0.5442010423982034 % ( 1.2941113812595173 )
# 0.7319461889614385 badly positioned shortcut keys (weighted).
# 9.175500385288482 no handswitching after unbalancing key (weighted).
# 28.178881838248373 movement pattern cost (weighted).
# 0.8702381997785485 asymmetric bigram cost (weighted).
# 11.247220667305486 irregularity cost (weighted).
# 16.26034433014581 manually assigned bigram penalty (weighted)
# 13.570029975239008 unbalancing key after neighboring finger (weighted)
# 0.8702381997785485 asymmetrc bigrams (weighted)
# 11.847372374356489 inconsistent symmetries of similar keys (weighted)
# 11.247220667305486 irregularity cost for randomly sampled words (weighted).
# Finger load %: 9.2 8.2 9.3 11.8 - 12.7 14.7 9.4 9.2
 
