
# Evolved Layout
ßvolö phafkäj
utenm wgisr⇘
cyüzq bd,.x
┌───┬───┬───┬───┬───┬───┬───┬───┬───┬───┬───┬───┬───┬──────┐
│ ^ │ 1 │ 2 │ 3 │ 4 │ 5 │ 6 │ 7 │ 8 │ 9 │ 0 │ - │ ` │ ←    │
├───┴─┬─┴─┬─┴─┬─┴─┬─┴─┬─┴─┬─┴─┬─┴─┬─┴─┬─┴─┬─┴─┬─┴─┬─┴─┬────┤
│   ⇥ │ ß │ v │ o │ l │ ö │ p │ h │ a │ f │ k │ ä │ j │ Ret│
├─────┴┬──┴┬──┴┬──┴┬──┴┬──┴┬──┴┬──┴┬──┴┬──┴┬──┴┬──┴┬──┴┐   │
│    ⇩ │ u │ t │ e │ n │ m │ w │ g │ i │ s │ r │ ⇘ │ ´ │   │
├────┬─┴─┬─┴─┬─┴─┬─┴─┬─┴─┬─┴─┬─┴─┬─┴─┬─┴─┬─┴─┬─┴─┬─┴───┴───┤
│  ⇧ │ ⇚ │ c │ y │ ü │ z │ q │ b │ d │ , │ . │ x │ ⇗       │
├────┼───┴┬──┴─┬─┴───┴───┴───┴───┴───┴─┬─┴──┬┴───┼────┬────┤
│Strg│ Fe │ Alt│      Leerzeichen      │ M4 │ Fe │ Me │Strg│
└────┴────┴────┴───────────────────────┴────┴────┴────┴────┘
# 9.413917377936603 x100 total penalty per letter
# 34.45240473989277 x10 billion total penalty compared to notime-noeffort
# 7.564627194597912 mean key position cost in file 1gramme.txt ( 55.36900046 )
# 10.468219022982035 % finger repeats in file 2gramme.txt ( 50.53435363422254 )
# 12.17740460699063 million keystrokes disbalance of the fingers ( 18.26610691048594 )
# 0.38305176173553057 % finger repeats top to bottom or vice versa ( 7.704778126241794 )
# 4.095572984323559 % of trigrams have no handswitching (after direction change counted x 1 ) ( 18.116007628023773 )
# 7.917086106028816 billion (rows²/dist)² to cross ( 102.9221193783746 )
# 0.008335783437645405 hand disbalance. Left: 0.5083357834376454 %, Right: 0.49166421656235454 % ( 0.24405379676769734 )
# 0.7319461889614385 badly positioned shortcut keys (weighted).
# 9.170860367051178 no handswitching after unbalancing key (weighted).
# 32.76319245502895 movement pattern cost (weighted).
# 0.8882350018094468 asymmetric bigram cost (weighted).
# 3.181590209584344 irregularity cost (weighted).
# 18.49845362133088 manually assigned bigram penalty (weighted)
# 14.990006615121743 unbalancing key after neighboring finger (weighted)
# 0.8882350018094468 asymmetrc bigrams (weighted)
# 11.143343005923466 inconsistent symmetries of similar keys (weighted)
# 3.181590209584344 irregularity cost for randomly sampled words (weighted).
# Finger load %: 10.8 6.1 13.8 12.1 - 13.0 11.1 7.5 9.9
 
