
# Evolved Layout
ülhvq öäywfjß
srunm xaetd⇘
gzkbp oi,.c
┌───┬───┬───┬───┬───┬───┬───┬───┬───┬───┬───┬───┬───┬──────┐
│ ^ │ 1 │ 2 │ 3 │ 4 │ 5 │ 6 │ 7 │ 8 │ 9 │ 0 │ - │ ` │ ←    │
├───┴─┬─┴─┬─┴─┬─┴─┬─┴─┬─┴─┬─┴─┬─┴─┬─┴─┬─┴─┬─┴─┬─┴─┬─┴─┬────┤
│   ⇥ │ ü │ l │ h │ v │ q │ ö │ ä │ y │ w │ f │ j │ ß │ Ret│
├─────┴┬──┴┬──┴┬──┴┬──┴┬──┴┬──┴┬──┴┬──┴┬──┴┬──┴┬──┴┬──┴┐   │
│    ⇩ │ s │ r │ u │ n │ m │ x │ a │ e │ t │ d │ ⇘ │ ´ │   │
├────┬─┴─┬─┴─┬─┴─┬─┴─┬─┴─┬─┴─┬─┴─┬─┴─┬─┴─┬─┴─┬─┴─┬─┴───┴───┤
│  ⇧ │ ⇚ │ g │ z │ k │ b │ p │ o │ i │ , │ . │ c │ ⇗       │
├────┼───┴┬──┴─┬─┴───┴───┴───┴───┴───┴─┬─┴──┬┴───┼────┬────┤
│Strg│ Fe │ Alt│      Leerzeichen      │ M4 │ Fe │ Me │Strg│
└────┴────┴────┴───────────────────────┴────┴────┴────┴────┘
# 9.605405632235307 x100 total penalty per letter
# 35.15320022971685 x10 billion total penalty compared to notime-noeffort
# 7.915293527548137 mean key position cost in file 1gramme.txt ( 57.93568932 )
# 11.213396268980219 % finger repeats in file 2gramme.txt ( 54.13162747677165 )
# 13.995228327640014 million keystrokes disbalance of the fingers ( 20.99284249146002 )
# 0.3535482809154395 % finger repeats top to bottom or vice versa ( 7.111339337079983 )
# 3.0205615197267446 % of trigrams have no handswitching (after direction change counted x 1 ) ( 13.360893760588823 )
# 8.367792607824716 billion (rows²/dist)² to cross ( 108.7813039017213 )
# 0.03585132475427394 hand disbalance. Left: 0.46414867524572606 %, Right: 0.535851324754274 % ( 1.0496496209243877 )
# 0.7319461889614385 badly positioned shortcut keys (weighted).
# 8.497787909017784 no handswitching after unbalancing key (weighted).
# 28.38645002086969 movement pattern cost (weighted).
# 0.8987752788144165 asymmetric bigram cost (weighted).
# 6.631559396821669 irregularity cost (weighted).
# 22.310221835147342 manually assigned bigram penalty (weighted)
# 10.734027727330417 unbalancing key after neighboring finger (weighted)
# 0.8987752788144165 asymmetrc bigrams (weighted)
# 9.977888031659656 inconsistent symmetries of similar keys (weighted)
# 6.631559396821669 irregularity cost for randomly sampled words (weighted).
# Finger load %: 12.1 8.7 6.7 11.6 - 14.1 12.4 7.4 11.3
 
