
# Evolved Layout
ämlcq öyüofßj
hnrtg pueas⇘
kxzdv bi,.w
┌───┬───┬───┬───┬───┬───┬───┬───┬───┬───┬───┬───┬───┬──────┐
│ ^ │ 1 │ 2 │ 3 │ 4 │ 5 │ 6 │ 7 │ 8 │ 9 │ 0 │ - │ ` │ ←    │
├───┴─┬─┴─┬─┴─┬─┴─┬─┴─┬─┴─┬─┴─┬─┴─┬─┴─┬─┴─┬─┴─┬─┴─┬─┴─┬────┤
│   ⇥ │ ä │ m │ l │ c │ q │ ö │ y │ ü │ o │ f │ ß │ j │ Ret│
├─────┴┬──┴┬──┴┬──┴┬──┴┬──┴┬──┴┬──┴┬──┴┬──┴┬──┴┬──┴┬──┴┐   │
│    ⇩ │ h │ n │ r │ t │ g │ p │ u │ e │ a │ s │ ⇘ │ ´ │   │
├────┬─┴─┬─┴─┬─┴─┬─┴─┬─┴─┬─┴─┬─┴─┬─┴─┬─┴─┬─┴─┬─┴─┬─┴───┴───┤
│  ⇧ │ ⇚ │ k │ x │ z │ d │ v │ b │ i │ , │ . │ w │ ⇗       │
├────┼───┴┬──┴─┬─┴───┴───┴───┴───┴───┴─┬─┴──┬┴───┼────┬────┤
│Strg│ Fe │ Alt│      Leerzeichen      │ M4 │ Fe │ Me │Strg│
└────┴────┴────┴───────────────────────┴────┴────┴────┴────┘
# 9.66148501948404 x100 total penalty per letter
# 35.358435698596864 x10 billion total penalty compared to notime-noeffort
# 7.561350617663475 mean key position cost in file 1gramme.txt ( 55.34501768 )
# 10.154893268234249 % finger repeats in file 2gramme.txt ( 49.02180269710775 )
# 12.254444414654337 million keystrokes disbalance of the fingers ( 18.381666621981505 )
# 0.42347455394495 % finger repeats top to bottom or vice versa ( 8.517850082380674 )
# 3.089263656761501 % of trigrams have no handswitching (after direction change counted x 1 ) ( 13.664784923888101 )
# 8.360374541912696 billion (rows²/dist)² to cross ( 108.68486904486505 )
# 0.02154968328497131 hand disbalance. Left: 0.4784503167150287 %, Right: 0.5215496832849713 % ( 0.6309283421504306 )
# 0.36597309448071924 badly positioned shortcut keys (weighted).
# 8.665588981770075 no handswitching after unbalancing key (weighted).
# 27.04791784499282 movement pattern cost (weighted).
# 0.8630369169222907 asymmetric bigram cost (weighted).
# 11.348925506187125 irregularity cost (weighted).
# 19.624413672079886 manually assigned bigram penalty (weighted)
# 15.204774199236452 unbalancing key after neighboring finger (weighted)
# 0.8630369169222907 asymmetrc bigrams (weighted)
# 16.216807377925647 inconsistent symmetries of similar keys (weighted)
# 11.348925506187125 irregularity cost for randomly sampled words (weighted).
# Finger load %: 10.0 8.7 8.5 13.2 - 11.9 12.3 8.6 11.3
 
