
# Evolved Layout
jhoüö pfdlvzß
ugeiy cntrs⇘
kxqaä wb,.m
┌───┬───┬───┬───┬───┬───┬───┬───┬───┬───┬───┬───┬───┬──────┐
│ ^ │ 1 │ 2 │ 3 │ 4 │ 5 │ 6 │ 7 │ 8 │ 9 │ 0 │ - │ ` │ ←    │
├───┴─┬─┴─┬─┴─┬─┴─┬─┴─┬─┴─┬─┴─┬─┴─┬─┴─┬─┴─┬─┴─┬─┴─┬─┴─┬────┤
│   ⇥ │ j │ h │ o │ ü │ ö │ p │ f │ d │ l │ v │ z │ ß │ Ret│
├─────┴┬──┴┬──┴┬──┴┬──┴┬──┴┬──┴┬──┴┬──┴┬──┴┬──┴┬──┴┬──┴┐   │
│    ⇩ │ u │ g │ e │ i │ y │ c │ n │ t │ r │ s │ ⇘ │ ´ │   │
├────┬─┴─┬─┴─┬─┴─┬─┴─┬─┴─┬─┴─┬─┴─┬─┴─┬─┴─┬─┴─┬─┴─┬─┴───┴───┤
│  ⇧ │ ⇚ │ k │ x │ q │ a │ ä │ w │ b │ , │ . │ m │ ⇗       │
├────┼───┴┬──┴─┬─┴───┴───┴───┴───┴───┴─┬─┴──┬┴───┼────┬────┤
│Strg│ Fe │ Alt│      Leerzeichen      │ M4 │ Fe │ Me │Strg│
└────┴────┴────┴───────────────────────┴────┴────┴────┴────┘
# 9.062406160782746 x100 total penalty per letter
# 33.16596826102796 x10 billion total penalty compared to notime-noeffort
# 7.5251117405437835 mean key position cost in file 1gramme.txt ( 55.0797686 )
# 10.75096446947843 % finger repeats in file 2gramme.txt ( 51.899280977674756 )
# 12.47971784710866 million keystrokes disbalance of the fingers ( 18.71957677066299 )
# 0.3481527223855349 % finger repeats top to bottom or vice versa ( 7.002812016511834 )
# 2.0350842857696314 % of trigrams have no handswitching (after direction change counted x 1 ) ( 9.001817959487093 )
# 7.94137170159676 billion (rows²/dist)² to cross ( 103.23783212075789 )
# 0.026739716458607565 hand disbalance. Left: 0.47326028354139243 %, Right: 0.5267397164586076 % ( 0.7828813422314905 )
# 1.0979192834421578 badly positioned shortcut keys (weighted).
# 9.17777121756034 no handswitching after unbalancing key (weighted).
# 27.64730662609197 movement pattern cost (weighted).
# 0.8755303282459614 asymmetric bigram cost (weighted).
# 4.7820185275249685 irregularity cost (weighted).
# 20.034413415321797 manually assigned bigram penalty (weighted)
# 10.473381050409888 unbalancing key after neighboring finger (weighted)
# 0.8755303282459614 asymmetrc bigrams (weighted)
# 11.847372374356489 inconsistent symmetries of similar keys (weighted)
# 4.7820185275249685 irregularity cost for randomly sampled words (weighted).
# Finger load %: 9.6 5.6 13.6 11.2 - 14.5 9.3 9.3 11.3
 
