
# Evolved Layout
ßlpkq öfaozäj
hrnsm vtiec⇘
uxbgü wd,.y
┌───┬───┬───┬───┬───┬───┬───┬───┬───┬───┬───┬───┬───┬──────┐
│ ^ │ 1 │ 2 │ 3 │ 4 │ 5 │ 6 │ 7 │ 8 │ 9 │ 0 │ - │ ` │ ←    │
├───┴─┬─┴─┬─┴─┬─┴─┬─┴─┬─┴─┬─┴─┬─┴─┬─┴─┬─┴─┬─┴─┬─┴─┬─┴─┬────┤
│   ⇥ │ ß │ l │ p │ k │ q │ ö │ f │ a │ o │ z │ ä │ j │ Ret│
├─────┴┬──┴┬──┴┬──┴┬──┴┬──┴┬──┴┬──┴┬──┴┬──┴┬──┴┬──┴┬──┴┐   │
│    ⇩ │ h │ r │ n │ s │ m │ v │ t │ i │ e │ c │ ⇘ │ ´ │   │
├────┬─┴─┬─┴─┬─┴─┬─┴─┬─┴─┬─┴─┬─┴─┬─┴─┬─┴─┬─┴─┬─┴─┬─┴───┴───┤
│  ⇧ │ ⇚ │ u │ x │ b │ g │ ü │ w │ d │ , │ . │ y │ ⇗       │
├────┼───┴┬──┴─┬─┴───┴───┴───┴───┴───┴─┬─┴──┬┴───┼────┬────┤
│Strg│ Fe │ Alt│      Leerzeichen      │ M4 │ Fe │ Me │Strg│
└────┴────┴────┴───────────────────────┴────┴────┴────┴────┘
# 9.295082473171693 x100 total penalty per letter
# 34.017500961601414 x10 billion total penalty compared to notime-noeffort
# 7.513473431432445 mean key position cost in file 1gramme.txt ( 54.99458244 )
# 10.319101466580841 % finger repeats in file 2gramme.txt ( 49.81450250083439 )
# 12.041288640689581 million keystrokes disbalance of the fingers ( 18.061932961034373 )
# 0.37306506720186355 % finger repeats top to bottom or vice versa ( 7.503903797279482 )
# 2.8488496585497436 % of trigrams have no handswitching (after direction change counted x 1 ) ( 12.601358184294243 )
# 8.285146442783832 billion (rows²/dist)² to cross ( 107.7069037561898 )
# 0.04588885210802912 hand disbalance. Left: 0.4541111478919709 %, Right: 0.5458888521080291 % ( 1.3435268166514798 )
# 1.0979192834421578 badly positioned shortcut keys (weighted).
# 7.404728903913549 no handswitching after unbalancing key (weighted).
# 31.536041234908325 movement pattern cost (weighted).
# 0.8476231403053295 asymmetric bigram cost (weighted).
# 9.3217635885191 irregularity cost (weighted).
# 17.996023586500222 manually assigned bigram penalty (weighted)
# 12.15423396209803 unbalancing key after neighboring finger (weighted)
# 0.8476231403053295 asymmetrc bigrams (weighted)
# 7.789965460043591 inconsistent symmetries of similar keys (weighted)
# 9.3217635885191 irregularity cost for randomly sampled words (weighted).
# Finger load %: 11.2 8.2 8.8 10.1 - 12.4 11.1 14.9 7.7
 
