
# Evolved Layout
ölofq ügubvjß
irank wdetm⇘
äxzsy ph,.c
┌───┬───┬───┬───┬───┬───┬───┬───┬───┬───┬───┬───┬───┬──────┐
│ ^ │ 1 │ 2 │ 3 │ 4 │ 5 │ 6 │ 7 │ 8 │ 9 │ 0 │ - │ ` │ ←    │
├───┴─┬─┴─┬─┴─┬─┴─┬─┴─┬─┴─┬─┴─┬─┴─┬─┴─┬─┴─┬─┴─┬─┴─┬─┴─┬────┤
│   ⇥ │ ö │ l │ o │ f │ q │ ü │ g │ u │ b │ v │ j │ ß │ Ret│
├─────┴┬──┴┬──┴┬──┴┬──┴┬──┴┬──┴┬──┴┬──┴┬──┴┬──┴┬──┴┬──┴┐   │
│    ⇩ │ i │ r │ a │ n │ k │ w │ d │ e │ t │ m │ ⇘ │ ´ │   │
├────┬─┴─┬─┴─┬─┴─┬─┴─┬─┴─┬─┴─┬─┴─┬─┴─┬─┴─┬─┴─┬─┴─┬─┴───┴───┤
│  ⇧ │ ⇚ │ ä │ x │ z │ s │ y │ p │ h │ , │ . │ c │ ⇗       │
├────┼───┴┬──┴─┬─┴───┴───┴───┴───┴───┴─┬─┴──┬┴───┼────┬────┤
│Strg│ Fe │ Alt│      Leerzeichen      │ M4 │ Fe │ Me │Strg│
└────┴────┴────┴───────────────────────┴────┴────┴────┴────┘
# 9.973647681442376 x100 total penalty per letter
# 36.50086705237918 x10 billion total penalty compared to notime-noeffort
# 7.485378724048042 mean key position cost in file 1gramme.txt ( 54.7889443 )
# 13.151725836855217 % finger repeats in file 2gramme.txt ( 63.488733172365095 )
# 12.216416013032608 million keystrokes disbalance of the fingers ( 18.324624019548914 )
# 0.47000954968340114 % finger repeats top to bottom or vice versa ( 9.453864096898952 )
# 3.9672101542539493 % of trigrams have no handswitching (after direction change counted x 1 ) ( 17.548218452346358 )
# 8.440950674958389 billion (rows²/dist)² to cross ( 109.73235877445904 )
# 0.0065690407929105965 hand disbalance. Left: 0.4934309592070894 %, Right: 0.5065690407929107 % ( 0.1923273749401255 )
# 0.7319461889614385 badly positioned shortcut keys (weighted).
# 7.5921400261129675 no handswitching after unbalancing key (weighted).
# 36.7281654234466 movement pattern cost (weighted).
# 0.8888282017601492 asymmetric bigram cost (weighted).
# 4.843534390037936 irregularity cost (weighted).
# 16.464045431246998 manually assigned bigram penalty (weighted)
# 10.869303708661864 unbalancing key after neighboring finger (weighted)
# 0.8888282017601492 asymmetrc bigrams (weighted)
# 13.361636963005326 inconsistent symmetries of similar keys (weighted)
# 4.843534390037936 irregularity cost for randomly sampled words (weighted).
# Finger load %: 11.5 8.2 7.8 14.1 - 11.9 14.5 7.7 8.7
 
