
# Evolved Layout
ßclpy qfohöäj
snrik wtema⇘
bzxuü gd,.v
┌───┬───┬───┬───┬───┬───┬───┬───┬───┬───┬───┬───┬───┬──────┐
│ ^ │ 1 │ 2 │ 3 │ 4 │ 5 │ 6 │ 7 │ 8 │ 9 │ 0 │ - │ ` │ ←    │
├───┴─┬─┴─┬─┴─┬─┴─┬─┴─┬─┴─┬─┴─┬─┴─┬─┴─┬─┴─┬─┴─┬─┴─┬─┴─┬────┤
│   ⇥ │ ß │ c │ l │ p │ y │ q │ f │ o │ h │ ö │ ä │ j │ Ret│
├─────┴┬──┴┬──┴┬──┴┬──┴┬──┴┬──┴┬──┴┬──┴┬──┴┬──┴┬──┴┬──┴┐   │
│    ⇩ │ s │ n │ r │ i │ k │ w │ t │ e │ m │ a │ ⇘ │ ´ │   │
├────┬─┴─┬─┴─┬─┴─┬─┴─┬─┴─┬─┴─┬─┴─┬─┴─┬─┴─┬─┴─┬─┴─┬─┴───┴───┤
│  ⇧ │ ⇚ │ b │ z │ x │ u │ ü │ g │ d │ , │ . │ v │ ⇗       │
├────┼───┴┬──┴─┬─┴───┴───┴───┴───┴───┴─┬─┴──┬┴───┼────┬────┤
│Strg│ Fe │ Alt│      Leerzeichen      │ M4 │ Fe │ Me │Strg│
└────┴────┴────┴───────────────────────┴────┴────┴────┴────┘
# 9.721670210525925 x100 total penalty per letter
# 35.578697304671984 x10 billion total penalty compared to notime-noeffort
# 7.390215187369433 mean key position cost in file 1gramme.txt ( 54.09239842 )
# 11.502765039102227 % finger repeats in file 2gramme.txt ( 55.52852829895945 )
# 12.679413865694068 million keystrokes disbalance of the fingers ( 19.019120798541103 )
# 0.451290180319699 % finger repeats top to bottom or vice versa ( 9.077339036794747 )
# 4.52511244118367 % of trigrams have no handswitching (after direction change counted x 1 ) ( 20.015995763212672 )
# 8.309067775617429 billion (rows²/dist)² to cross ( 108.01788108302657 )
# 0.024805722340819458 hand disbalance. Left: 0.47519427765918054 %, Right: 0.5248057223408195 % ( 0.7262581572719367 )
# 0.36597309448071924 badly positioned shortcut keys (weighted).
# 8.794854822147855 no handswitching after unbalancing key (weighted).
# 30.383852729444424 movement pattern cost (weighted).
# 0.8499630165195923 asymmetric bigram cost (weighted).
# 5.345089186540786 irregularity cost (weighted).
# 19.682132267714294 manually assigned bigram penalty (weighted)
# 12.358652226628562 unbalancing key after neighboring finger (weighted)
# 0.8499630165195923 asymmetrc bigrams (weighted)
# 11.528934145437256 inconsistent symmetries of similar keys (weighted)
# 5.345089186540786 irregularity cost for randomly sampled words (weighted).
# Finger load %: 11.7 9.4 8.0 10.9 - 13.7 14.7 6.5 9.4
 
