
# Evolved Layout
ülkpq öfaoäjß
hrsnm gtiec⇘
uxzbv wd,.y
┌───┬───┬───┬───┬───┬───┬───┬───┬───┬───┬───┬───┬───┬──────┐
│ ^ │ 1 │ 2 │ 3 │ 4 │ 5 │ 6 │ 7 │ 8 │ 9 │ 0 │ - │ ` │ ←    │
├───┴─┬─┴─┬─┴─┬─┴─┬─┴─┬─┴─┬─┴─┬─┴─┬─┴─┬─┴─┬─┴─┬─┴─┬─┴─┬────┤
│   ⇥ │ ü │ l │ k │ p │ q │ ö │ f │ a │ o │ ä │ j │ ß │ Ret│
├─────┴┬──┴┬──┴┬──┴┬──┴┬──┴┬──┴┬──┴┬──┴┬──┴┬──┴┬──┴┬──┴┐   │
│    ⇩ │ h │ r │ s │ n │ m │ g │ t │ i │ e │ c │ ⇘ │ ´ │   │
├────┬─┴─┬─┴─┬─┴─┬─┴─┬─┴─┬─┴─┬─┴─┬─┴─┬─┴─┬─┴─┬─┴─┬─┴───┴───┤
│  ⇧ │ ⇚ │ u │ x │ z │ b │ v │ w │ d │ , │ . │ y │ ⇗       │
├────┼───┴┬──┴─┬─┴───┴───┴───┴───┴───┴─┬─┴──┬┴───┼────┬────┤
│Strg│ Fe │ Alt│      Leerzeichen      │ M4 │ Fe │ Me │Strg│
└────┴────┴────┴───────────────────────┴────┴────┴────┴────┘
# 9.268915626782276 x100 total penalty per letter
# 33.921737344142045 x10 billion total penalty compared to notime-noeffort
# 7.434883173203734 mean key position cost in file 1gramme.txt ( 54.41934404 )
# 10.970964142834857 % finger repeats in file 2gramme.txt ( 52.961308937578885 )
# 12.4920412948238 million keystrokes disbalance of the fingers ( 18.7380619422357 )
# 0.3050731143187095 % finger repeats top to bottom or vice versa ( 6.136300346087741 )
# 3.0414289917677704 % of trigrams have no handswitching (after direction change counted x 1 ) ( 13.453197153574317 )
# 8.02114513575194 billion (rows²/dist)² to cross ( 104.27488676477522 )
# 0.055181439708373636 hand disbalance. Left: 0.44481856029162636 %, Right: 0.5551814397083736 % ( 1.6155937798379791 )
# 0.7319461889614385 badly positioned shortcut keys (weighted).
# 8.165771641498198 no handswitching after unbalancing key (weighted).
# 30.785532456615158 movement pattern cost (weighted).
# 0.858457661597078 asymmetric bigram cost (weighted).
# 2.9157781185877556 irregularity cost (weighted).
# 18.00889508928364 manually assigned bigram penalty (weighted)
# 13.607307717660914 unbalancing key after neighboring finger (weighted)
# 0.858457661597078 asymmetrc bigrams (weighted)
# 12.54499160312654 inconsistent symmetries of similar keys (weighted)
# 2.9157781185877556 irregularity cost for randomly sampled words (weighted).
# Finger load %: 11.4 8.2 6.3 11.6 - 13.7 11.1 14.9 7.1
 
