
# Evolved Layout
älügö zbidvßj
ureho wnats⇘
kqxpy fc,.m
┌───┬───┬───┬───┬───┬───┬───┬───┬───┬───┬───┬───┬───┬──────┐
│ ^ │ 1 │ 2 │ 3 │ 4 │ 5 │ 6 │ 7 │ 8 │ 9 │ 0 │ - │ ` │ ←    │
├───┴─┬─┴─┬─┴─┬─┴─┬─┴─┬─┴─┬─┴─┬─┴─┬─┴─┬─┴─┬─┴─┬─┴─┬─┴─┬────┤
│   ⇥ │ ä │ l │ ü │ g │ ö │ z │ b │ i │ d │ v │ ß │ j │ Ret│
├─────┴┬──┴┬──┴┬──┴┬──┴┬──┴┬──┴┬──┴┬──┴┬──┴┬──┴┬──┴┬──┴┐   │
│    ⇩ │ u │ r │ e │ h │ o │ w │ n │ a │ t │ s │ ⇘ │ ´ │   │
├────┬─┴─┬─┴─┬─┴─┬─┴─┬─┴─┬─┴─┬─┴─┬─┴─┬─┴─┬─┴─┬─┴─┬─┴───┴───┤
│  ⇧ │ ⇚ │ k │ q │ x │ p │ y │ f │ c │ , │ . │ m │ ⇗       │
├────┼───┴┬──┴─┬─┴───┴───┴───┴───┴───┴─┬─┴──┬┴───┼────┬────┤
│Strg│ Fe │ Alt│      Leerzeichen      │ M4 │ Fe │ Me │Strg│
└────┴────┴────┴───────────────────────┴────┴────┴────┴────┘
# 9.818287613441829 x100 total penalty per letter
# 35.93229100393022 x10 billion total penalty compared to notime-noeffort
# 7.473834498355728 mean key position cost in file 1gramme.txt ( 54.70444678 )
# 11.499576733613898 % finger repeats in file 2gramme.txt ( 55.51313705077412 )
# 11.770277712920192 million keystrokes disbalance of the fingers ( 17.655416569380286 )
# 0.38179601723781753 % finger repeats top to bottom or vice versa ( 7.6795198355755625 )
# 5.237891173581216 % of trigrams have no handswitching (after direction change counted x 1 ) ( 23.16884031088218 )
# 7.577452337728226 billion (rows²/dist)² to cross ( 98.50688039046693 )
# 0.03991540488566364 hand disbalance. Left: 0.46008459511433636 %, Right: 0.5399154048856637 % ( 1.1686371394765716 )
# 1.0979192834421578 badly positioned shortcut keys (weighted).
# 7.662965863945161 no handswitching after unbalancing key (weighted).
# 43.62759375269092 movement pattern cost (weighted).
# 0.897383680674818 asymmetric bigram cost (weighted).
# 2.978616824666288 irregularity cost (weighted).
# 20.327666262149716 manually assigned bigram penalty (weighted)
# 11.388211857151756 unbalancing key after neighboring finger (weighted)
# 0.897383680674818 asymmetrc bigrams (weighted)
# 12.945674438025744 inconsistent symmetries of similar keys (weighted)
# 2.978616824666288 irregularity cost for randomly sampled words (weighted).
# Finger load %: 9.8 8.1 11.3 9.6 - 14.1 11.1 9.5 10.8
 
