
# Evolved Layout
öäubj xmgdwßq
aeinp lrsth⇘
oüycv zk,.f
┌───┬───┬───┬───┬───┬───┬───┬───┬───┬───┬───┬───┬───┬──────┐
│ ^ │ 1 │ 2 │ 3 │ 4 │ 5 │ 6 │ 7 │ 8 │ 9 │ 0 │ - │ ` │ ←    │
├───┴─┬─┴─┬─┴─┬─┴─┬─┴─┬─┴─┬─┴─┬─┴─┬─┴─┬─┴─┬─┴─┬─┴─┬─┴─┬────┤
│   ⇥ │ ö │ ä │ u │ b │ j │ x │ m │ g │ d │ w │ ß │ q │ Ret│
├─────┴┬──┴┬──┴┬──┴┬──┴┬──┴┬──┴┬──┴┬──┴┬──┴┬──┴┬──┴┬──┴┐   │
│    ⇩ │ a │ e │ i │ n │ p │ l │ r │ s │ t │ h │ ⇘ │ ´ │   │
├────┬─┴─┬─┴─┬─┴─┬─┴─┬─┴─┬─┴─┬─┴─┬─┴─┬─┴─┬─┴─┬─┴─┬─┴───┴───┤
│  ⇧ │ ⇚ │ o │ ü │ y │ c │ v │ z │ k │ , │ . │ f │ ⇗       │
├────┼───┴┬──┴─┬─┴───┴───┴───┴───┴───┴─┬─┴──┬┴───┼────┬────┤
│Strg│ Fe │ Alt│      Leerzeichen      │ M4 │ Fe │ Me │Strg│
└────┴────┴────┴───────────────────────┴────┴────┴────┴────┘
# 9.258902280326717 x100 total penalty per letter
# 33.88509119025757 x10 billion total penalty compared to notime-noeffort
# 7.515403562391941 mean key position cost in file 1gramme.txt ( 55.00870996 )
# 9.789217010751189 % finger repeats in file 2gramme.txt ( 47.25653457740959 )
# 13.641804114174995 million keystrokes disbalance of the fingers ( 20.462706171262493 )
# 0.44329583730268524 % finger repeats top to bottom or vice versa ( 8.916539256284436 )
# 3.5556238691973676 % of trigrams have no handswitching (after direction change counted x 1 ) ( 15.727642843459604 )
# 8.339852017282869 billion (rows²/dist)² to cross ( 108.41807622467729 )
# 0.03286871368562194 hand disbalance. Left: 0.5328687136856219 %, Right: 0.46713128631437806 % ( 0.9623251887302264 )
# 1.463892377922877 badly positioned shortcut keys (weighted).
# 7.6751557327593325 no handswitching after unbalancing key (weighted).
# 28.360180263198316 movement pattern cost (weighted).
# 0.8778702490529318 asymmetric bigram cost (weighted).
# 2.5190693042225716 irregularity cost (weighted).
# 18.632406083250945 manually assigned bigram penalty (weighted)
# 10.65527838539402 unbalancing key after neighboring finger (weighted)
# 0.8778702490529318 asymmetrc bigrams (weighted)
# 11.914525284951045 inconsistent symmetries of similar keys (weighted)
# 2.5190693042225716 irregularity cost for randomly sampled words (weighted).
# Finger load %: 13.0 11.6 8.4 12.0 - 12.5 7.9 9.5 9.5
 
