
# Evolved Layout
ölbgß jwuäüxq
rnhsm fdiea⇘
czpky vt,.o
┌───┬───┬───┬───┬───┬───┬───┬───┬───┬───┬───┬───┬───┬──────┐
│ ^ │ 1 │ 2 │ 3 │ 4 │ 5 │ 6 │ 7 │ 8 │ 9 │ 0 │ - │ ` │ ←    │
├───┴─┬─┴─┬─┴─┬─┴─┬─┴─┬─┴─┬─┴─┬─┴─┬─┴─┬─┴─┬─┴─┬─┴─┬─┴─┬────┤
│   ⇥ │ ö │ l │ b │ g │ ß │ j │ w │ u │ ä │ ü │ x │ q │ Ret│
├─────┴┬──┴┬──┴┬──┴┬──┴┬──┴┬──┴┬──┴┬──┴┬──┴┬──┴┬──┴┬──┴┐   │
│    ⇩ │ r │ n │ h │ s │ m │ f │ d │ i │ e │ a │ ⇘ │ ´ │   │
├────┬─┴─┬─┴─┬─┴─┬─┴─┬─┴─┬─┴─┬─┴─┬─┴─┬─┴─┬─┴─┬─┴─┬─┴───┴───┤
│  ⇧ │ ⇚ │ c │ z │ p │ k │ y │ v │ t │ , │ . │ o │ ⇗       │
├────┼───┴┬──┴─┬─┴───┴───┴───┴───┴───┴─┬─┴──┬┴───┼────┬────┤
│Strg│ Fe │ Alt│      Leerzeichen      │ M4 │ Fe │ Me │Strg│
└────┴────┴────┴───────────────────────┴────┴────┴────┴────┘
# 9.422725450054521 x100 total penalty per letter
# 34.48463991398682 x10 billion total penalty compared to notime-noeffort
# 7.771622588910952 mean key position cost in file 1gramme.txt ( 56.88409536 )
# 9.816184171641599 % finger repeats in file 2gramme.txt ( 47.38671603826317 )
# 14.986512315873343 million keystrokes disbalance of the fingers ( 22.479768473810015 )
# 0.38737471167256593 % finger repeats top to bottom or vice versa ( 7.791730787586568 )
# 3.0948031648473413 % of trigrams have no handswitching (after direction change counted x 1 ) ( 13.68928791067962 )
# 8.337556254598365 billion (rows²/dist)² to cross ( 108.38823130977875 )
# 0.042885089664880915 hand disbalance. Left: 0.4571149103351191 %, Right: 0.5428850896648809 % ( 1.2555831177391665 )
# 0.7319461889614385 badly positioned shortcut keys (weighted).
# 6.51559078059096 no handswitching after unbalancing key (weighted).
# 28.220441817884023 movement pattern cost (weighted).
# 0.8737027292278182 asymmetric bigram cost (weighted).
# 5.148041051538742 irregularity cost (weighted).
# 21.281268437311148 manually assigned bigram penalty (weighted)
# 10.519919944572065 unbalancing key after neighboring finger (weighted)
# 0.8737027292278182 asymmetrc bigrams (weighted)
# 13.680075191924558 inconsistent symmetries of similar keys (weighted)
# 5.148041051538742 irregularity cost for randomly sampled words (weighted).
# Finger load %: 12.6 10.1 5.6 10.2 - 12.4 9.2 12.5 11.7
 
