
# Evolved Layout
ßluvq öäwdbzj
hrinm oestg⇘
kxüfp ya,.c
┌───┬───┬───┬───┬───┬───┬───┬───┬───┬───┬───┬───┬───┬──────┐
│ ^ │ 1 │ 2 │ 3 │ 4 │ 5 │ 6 │ 7 │ 8 │ 9 │ 0 │ - │ ` │ ←    │
├───┴─┬─┴─┬─┴─┬─┴─┬─┴─┬─┴─┬─┴─┬─┴─┬─┴─┬─┴─┬─┴─┬─┴─┬─┴─┬────┤
│   ⇥ │ ß │ l │ u │ v │ q │ ö │ ä │ w │ d │ b │ z │ j │ Ret│
├─────┴┬──┴┬──┴┬──┴┬──┴┬──┴┬──┴┬──┴┬──┴┬──┴┬──┴┬──┴┬──┴┐   │
│    ⇩ │ h │ r │ i │ n │ m │ o │ e │ s │ t │ g │ ⇘ │ ´ │   │
├────┬─┴─┬─┴─┬─┴─┬─┴─┬─┴─┬─┴─┬─┴─┬─┴─┬─┴─┬─┴─┬─┴─┬─┴───┴───┤
│  ⇧ │ ⇚ │ k │ x │ ü │ f │ p │ y │ a │ , │ . │ c │ ⇗       │
├────┼───┴┬──┴─┬─┴───┴───┴───┴───┴───┴─┬─┴──┬┴───┼────┬────┤
│Strg│ Fe │ Alt│      Leerzeichen      │ M4 │ Fe │ Me │Strg│
└────┴────┴────┴───────────────────────┴────┴────┴────┴────┘
# 9.273687900071039 x100 total penalty per letter
# 33.93920258037401 x10 billion total penalty compared to notime-noeffort
# 7.530211120875685 mean key position cost in file 1gramme.txt ( 55.11709332 )
# 11.63547453238537 % finger repeats in file 2gramme.txt ( 56.1691710338378 )
# 12.906871265920053 million keystrokes disbalance of the fingers ( 19.360306898880076 )
# 0.2785968595482923 % finger repeats top to bottom or vice versa ( 5.603751774334249 )
# 4.178932420986167 % of trigrams have no handswitching (after direction change counted x 1 ) ( 18.484732638230618 )
# 8.097994422990695 billion (rows²/dist)² to cross ( 105.27392749887903 )
# 0.04760577987716447 hand disbalance. Left: 0.45239422012283553 %, Right: 0.5476057798771645 % ( 1.393794766145107 )
# 0.7319461889614385 badly positioned shortcut keys (weighted).
# 9.882200549379755 no handswitching after unbalancing key (weighted).
# 23.43429581890455 movement pattern cost (weighted).
# 0.87480879834561 asymmetric bigram cost (weighted).
# 7.387220899719983 irregularity cost (weighted).
# 16.582148520461125 manually assigned bigram penalty (weighted)
# 13.206517365779902 unbalancing key after neighboring finger (weighted)
# 0.87480879834561 asymmetrc bigrams (weighted)
# 5.890109731880965 inconsistent symmetries of similar keys (weighted)
# 7.387220899719983 irregularity cost for randomly sampled words (weighted).
# Finger load %: 10.0 8.2 8.3 11.6 - 19.7 7.0 9.5 10.0
 
