
# Evolved Layout
öädbj vwulxßq
aetmg hnirs⇘
oüycz pf,.k
┌───┬───┬───┬───┬───┬───┬───┬───┬───┬───┬───┬───┬───┬──────┐
│ ^ │ 1 │ 2 │ 3 │ 4 │ 5 │ 6 │ 7 │ 8 │ 9 │ 0 │ - │ ` │ ←    │
├───┴─┬─┴─┬─┴─┬─┴─┬─┴─┬─┴─┬─┴─┬─┴─┬─┴─┬─┴─┬─┴─┬─┴─┬─┴─┬────┤
│   ⇥ │ ö │ ä │ d │ b │ j │ v │ w │ u │ l │ x │ ß │ q │ Ret│
├─────┴┬──┴┬──┴┬──┴┬──┴┬──┴┬──┴┬──┴┬──┴┬──┴┬──┴┬──┴┬──┴┐   │
│    ⇩ │ a │ e │ t │ m │ g │ h │ n │ i │ r │ s │ ⇘ │ ´ │   │
├────┬─┴─┬─┴─┬─┴─┬─┴─┬─┴─┬─┴─┬─┴─┬─┴─┬─┴─┬─┴─┬─┴─┬─┴───┴───┤
│  ⇧ │ ⇚ │ o │ ü │ y │ c │ z │ p │ f │ , │ . │ k │ ⇗       │
├────┼───┴┬──┴─┬─┴───┴───┴───┴───┴───┴─┬─┴──┬┴───┼────┬────┤
│Strg│ Fe │ Alt│      Leerzeichen      │ M4 │ Fe │ Me │Strg│
└────┴────┴────┴───────────────────────┴────┴────┴────┴────┘
# 9.679498949754803 x100 total penalty per letter
# 35.424361836646376 x10 billion total penalty compared to notime-noeffort
# 7.490796231591358 mean key position cost in file 1gramme.txt ( 54.82859754 )
# 8.806284657920239 % finger repeats in file 2gramme.txt ( 42.5115200713673 )
# 13.730564949744755 million keystrokes disbalance of the fingers ( 20.595847424617133 )
# 0.33903556559014547 % finger repeats top to bottom or vice versa ( 6.819427739848115 )
# 3.8325491071122495 % of trigrams have no handswitching (after direction change counted x 1 ) ( 16.952570281368974 )
# 8.700227005007294 billion (rows²/dist)² to cross ( 113.10295106509481 )
# 0.010734754624601772 hand disbalance. Left: 0.48926524537539823 %, Right: 0.5107347546246018 % ( 0.3142905094765378 )
# 1.463892377922877 badly positioned shortcut keys (weighted).
# 7.767600815473637 no handswitching after unbalancing key (weighted).
# 34.87606120188984 movement pattern cost (weighted).
# 0.8730295342868648 asymmetric bigram cost (weighted).
# 6.050104951492679 irregularity cost (weighted).
# 20.169048237941677 manually assigned bigram penalty (weighted)
# 13.467419144731137 unbalancing key after neighboring finger (weighted)
# 0.8730295342868648 asymmetrc bigrams (weighted)
# 14.451257470952134 inconsistent symmetries of similar keys (weighted)
# 6.050104951492679 irregularity cost for randomly sampled words (weighted).
# Finger load %: 12.7 11.6 8.6 8.4 - 14.8 9.2 9.3 9.8
 
