
# Evolved Layout
ßuovq xgyfkzj
rianc ptesh⇘
löümä wd,.b
┌───┬───┬───┬───┬───┬───┬───┬───┬───┬───┬───┬───┬───┬──────┐
│ ^ │ 1 │ 2 │ 3 │ 4 │ 5 │ 6 │ 7 │ 8 │ 9 │ 0 │ - │ ` │ ←    │
├───┴─┬─┴─┬─┴─┬─┴─┬─┴─┬─┴─┬─┴─┬─┴─┬─┴─┬─┴─┬─┴─┬─┴─┬─┴─┬────┤
│   ⇥ │ ß │ u │ o │ v │ q │ x │ g │ y │ f │ k │ z │ j │ Ret│
├─────┴┬──┴┬──┴┬──┴┬──┴┬──┴┬──┴┬──┴┬──┴┬──┴┬──┴┬──┴┬──┴┐   │
│    ⇩ │ r │ i │ a │ n │ c │ p │ t │ e │ s │ h │ ⇘ │ ´ │   │
├────┬─┴─┬─┴─┬─┴─┬─┴─┬─┴─┬─┴─┬─┴─┬─┴─┬─┴─┬─┴─┬─┴─┬─┴───┴───┤
│  ⇧ │ ⇚ │ l │ ö │ ü │ m │ ä │ w │ d │ , │ . │ b │ ⇗       │
├────┼───┴┬──┴─┬─┴───┴───┴───┴───┴───┴─┬─┴──┬┴───┼────┬────┤
│Strg│ Fe │ Alt│      Leerzeichen      │ M4 │ Fe │ Me │Strg│
└────┴────┴────┴───────────────────────┴────┴────┴────┴────┘
# 9.406415740517115 x100 total penalty per letter
# 34.424950765291946 x10 billion total penalty compared to notime-noeffort
# 7.553342509842985 mean key position cost in file 1gramme.txt ( 55.28640264 )
# 8.579865240391058 % finger repeats in file 2gramme.txt ( 41.41850139360039 )
# 14.586395362061907 million keystrokes disbalance of the fingers ( 21.87959304309286 )
# 0.3424131608367379 % finger repeats top to bottom or vice versa ( 6.887365351875626 )
# 4.359542149465735 % of trigrams have no handswitching (after direction change counted x 1 ) ( 19.28362628055001 )
# 8.135518947203307 billion (rows²/dist)² to cross ( 105.76174631364299 )
# 0.01016622622084068 hand disbalance. Left: 0.4898337737791593 %, Right: 0.5101662262208406 % ( 0.2976452215385673 )
# 1.0979192834421578 badly positioned shortcut keys (weighted).
# 8.051374630117124 no handswitching after unbalancing key (weighted).
# 34.707027101217086 movement pattern cost (weighted).
# 0.887041096431411 asymmetric bigram cost (weighted).
# 4.000885863141304 irregularity cost (weighted).
# 23.655432059345078 manually assigned bigram penalty (weighted)
# 11.37549757218443 unbalancing key after neighboring finger (weighted)
# 0.887041096431411 asymmetrc bigrams (weighted)
# 9.659449802740424 inconsistent symmetries of similar keys (weighted)
# 4.000885863141304 irregularity cost for randomly sampled words (weighted).
# Finger load %: 13.9 8.3 7.5 11.7 - 13.4 12.4 7.5 9.8
 
