
# Evolved Layout
öuogä qbadzjß
hlesm wnitr⇘
pvüky fc,.x
┌───┬───┬───┬───┬───┬───┬───┬───┬───┬───┬───┬───┬───┬──────┐
│ ^ │ 1 │ 2 │ 3 │ 4 │ 5 │ 6 │ 7 │ 8 │ 9 │ 0 │ - │ ` │ ←    │
├───┴─┬─┴─┬─┴─┬─┴─┬─┴─┬─┴─┬─┴─┬─┴─┬─┴─┬─┴─┬─┴─┬─┴─┬─┴─┬────┤
│   ⇥ │ ö │ u │ o │ g │ ä │ q │ b │ a │ d │ z │ j │ ß │ Ret│
├─────┴┬──┴┬──┴┬──┴┬──┴┬──┴┬──┴┬──┴┬──┴┬──┴┬──┴┬──┴┬──┴┐   │
│    ⇩ │ h │ l │ e │ s │ m │ w │ n │ i │ t │ r │ ⇘ │ ´ │   │
├────┬─┴─┬─┴─┬─┴─┬─┴─┬─┴─┬─┴─┬─┴─┬─┴─┬─┴─┬─┴─┬─┴─┬─┴───┴───┤
│  ⇧ │ ⇚ │ p │ v │ ü │ k │ y │ f │ c │ , │ . │ x │ ⇗       │
├────┼───┴┬──┴─┬─┴───┴───┴───┴───┴───┴─┬─┴──┬┴───┼────┬────┤
│Strg│ Fe │ Alt│      Leerzeichen      │ M4 │ Fe │ Me │Strg│
└────┴────┴────┴───────────────────────┴────┴────┴────┴────┘
# 9.50277582418446 x100 total penalty per letter
# 34.777602745333546 x10 billion total penalty compared to notime-noeffort
# 7.259605572288786 mean key position cost in file 1gramme.txt ( 53.13640632 )
# 11.262625054271108 % finger repeats in file 2gramme.txt ( 54.369274858758146 )
# 11.49618094991728 million keystrokes disbalance of the fingers ( 17.24427142487592 )
# 0.3363730191313806 % finger repeats top to bottom or vice versa ( 6.765872759125281 )
# 4.155777577663534 % of trigrams have no handswitching (after direction change counted x 1 ) ( 18.382311482542733 )
# 7.906792229237398 billion (rows²/dist)² to cross ( 102.78829898008618 )
# 0.023674403948876932 hand disbalance. Left: 0.47632559605112307 %, Right: 0.523674403948877 % ( 0.6931355898525641 )
# 1.0979192834421578 badly positioned shortcut keys (weighted).
# 7.0580310021549515 no handswitching after unbalancing key (weighted).
# 35.566349181559126 movement pattern cost (weighted).
# 0.8889501368349687 asymmetric bigram cost (weighted).
# 5.1773797817353575 irregularity cost (weighted).
# 17.477451392359868 manually assigned bigram penalty (weighted)
# 13.799109682468664 unbalancing key after neighboring finger (weighted)
# 0.8889501368349687 asymmetrc bigrams (weighted)
# 13.331265577539531 inconsistent symmetries of similar keys (weighted)
# 5.1773797817353575 irregularity cost for randomly sampled words (weighted).
# Finger load %: 9.8 6.2 13.8 10.4 - 13.6 11.1 9.5 10.0
 
