
# Evolved Layout
ßoybö jwdlvzq
iaenc gstrh⇘
uxüpä mf,.k
┌───┬───┬───┬───┬───┬───┬───┬───┬───┬───┬───┬───┬───┬──────┐
│ ^ │ 1 │ 2 │ 3 │ 4 │ 5 │ 6 │ 7 │ 8 │ 9 │ 0 │ - │ ` │ ←    │
├───┴─┬─┴─┬─┴─┬─┴─┬─┴─┬─┴─┬─┴─┬─┴─┬─┴─┬─┴─┬─┴─┬─┴─┬─┴─┬────┤
│   ⇥ │ ß │ o │ y │ b │ ö │ j │ w │ d │ l │ v │ z │ q │ Ret│
├─────┴┬──┴┬──┴┬──┴┬──┴┬──┴┬──┴┬──┴┬──┴┬──┴┬──┴┬──┴┬──┴┐   │
│    ⇩ │ i │ a │ e │ n │ c │ g │ s │ t │ r │ h │ ⇘ │ ´ │   │
├────┬─┴─┬─┴─┬─┴─┬─┴─┬─┴─┬─┴─┬─┴─┬─┴─┬─┴─┬─┴─┬─┴─┬─┴───┴───┤
│  ⇧ │ ⇚ │ u │ x │ ü │ p │ ä │ m │ f │ , │ . │ k │ ⇗       │
├────┼───┴┬──┴─┬─┴───┴───┴───┴───┴───┴─┬─┴──┬┴───┼────┬────┤
│Strg│ Fe │ Alt│      Leerzeichen      │ M4 │ Fe │ Me │Strg│
└────┴────┴────┴───────────────────────┴────┴────┴────┴────┘
# 8.943988999689246 x100 total penalty per letter
# 32.73259331217786 x10 billion total penalty compared to notime-noeffort
# 7.430940129242955 mean key position cost in file 1gramme.txt ( 54.39048308 )
# 8.340069508459365 % finger repeats in file 2gramme.txt ( 40.26090980225045 )
# 14.02535874718114 million keystrokes disbalance of the fingers ( 21.03803812077171 )
# 0.3401992077544413 % finger repeats top to bottom or vice versa ( 6.842833466148962 )
# 3.464511073835165 % of trigrams have no handswitching (after direction change counted x 1 ) ( 15.324622288799691 )
# 8.24340938608801 billion (rows²/dist)² to cross ( 107.16432201914414 )
# 0.02832432721528655 hand disbalance. Left: 0.5283243272152865 %, Right: 0.4716756727847135 % ( 0.8292753344050298 )
# 1.0979192834421578 badly positioned shortcut keys (weighted).
# 7.4569962025830145 no handswitching after unbalancing key (weighted).
# 27.27350025558194 movement pattern cost (weighted).
# 0.882050724035307 asymmetric bigram cost (weighted).
# 2.563261454766219 irregularity cost (weighted).
# 18.946933868870055 manually assigned bigram penalty (weighted)
# 11.793005986137251 unbalancing key after neighboring finger (weighted)
# 0.882050724035307 asymmetrc bigrams (weighted)
# 11.461781234842698 inconsistent symmetries of similar keys (weighted)
# 2.563261454766219 irregularity cost for randomly sampled words (weighted).
# Finger load %: 14.0 7.5 11.5 11.6 - 12.2 9.3 9.3 9.0
 

# Evolved Layout
äbgüß qxodwöj
untiv mrehs⇘
cpkay zl,.f
┌───┬───┬───┬───┬───┬───┬───┬───┬───┬───┬───┬───┬───┬──────┐
│ ^ │ 1 │ 2 │ 3 │ 4 │ 5 │ 6 │ 7 │ 8 │ 9 │ 0 │ - │ ` │ ←    │
├───┴─┬─┴─┬─┴─┬─┴─┬─┴─┬─┴─┬─┴─┬─┴─┬─┴─┬─┴─┬─┴─┬─┴─┬─┴─┬────┤
│   ⇥ │ ä │ b │ g │ ü │ ß │ q │ x │ o │ d │ w │ ö │ j │ Ret│
├─────┴┬──┴┬──┴┬──┴┬──┴┬──┴┬──┴┬──┴┬──┴┬──┴┬──┴┬──┴┬──┴┐   │
│    ⇩ │ u │ n │ t │ i │ v │ m │ r │ e │ h │ s │ ⇘ │ ´ │   │
├────┬─┴─┬─┴─┬─┴─┬─┴─┬─┴─┬─┴─┬─┴─┬─┴─┬─┴─┬─┴─┬─┴─┬─┴───┴───┤
│  ⇧ │ ⇚ │ c │ p │ k │ a │ y │ z │ l │ , │ . │ f │ ⇗       │
├────┼───┴┬──┴─┬─┴───┴───┴───┴───┴───┴─┬─┴──┬┴───┼────┬────┤
│Strg│ Fe │ Alt│      Leerzeichen      │ M4 │ Fe │ Me │Strg│
└────┴────┴────┴───────────────────────┴────┴────┴────┴────┘
# 10.056065994183994 x100 total penalty per letter
# 36.80249590193847 x10 billion total penalty compared to notime-noeffort
# 7.631844605852979 mean key position cost in file 1gramme.txt ( 55.86099574 )
# 10.833663332435595 % finger repeats in file 2gramme.txt ( 52.29850204638287 )
# 12.793079154144326 million keystrokes disbalance of the fingers ( 19.189618731216488 )
# 0.40530432117049403 % finger repeats top to bottom or vice versa ( 8.152370463137967 )
# 5.014040242212896 % of trigrams have no handswitching (after direction change counted x 1 ) ( 22.1786772260755 )
# 8.545002686215351 billion (rows²/dist)² to cross ( 111.08503492079956 )
# 0.03800353372655041 hand disbalance. Left: 0.4619964662734496 %, Right: 0.5380035337265504 % ( 1.112661667128643 )
# 1.0979192834421578 badly positioned shortcut keys (weighted).
# 6.29605326739648 no handswitching after unbalancing key (weighted).
# 33.47497349589548 movement pattern cost (weighted).
# 0.8867994062820687 asymmetric bigram cost (weighted).
# 14.890993302118696 irregularity cost (weighted).
# 21.051759460160252 manually assigned bigram penalty (weighted)
# 11.909142100020675 unbalancing key after neighboring finger (weighted)
# 0.8867994062820687 asymmetrc bigrams (weighted)
# 8.539457909327819 inconsistent symmetries of similar keys (weighted)
# 14.890993302118696 irregularity cost for randomly sampled words (weighted).
# Finger load %: 10.5 9.0 7.9 11.6 - 11.6 14.7 7.9 11.3
 
