
# Evolved Layout
üpkxq öfoäzjß
ihsrl gtaec⇘
uvbny wd,.m
┌───┬───┬───┬───┬───┬───┬───┬───┬───┬───┬───┬───┬───┬──────┐
│ ^ │ 1 │ 2 │ 3 │ 4 │ 5 │ 6 │ 7 │ 8 │ 9 │ 0 │ - │ ` │ ←    │
├───┴─┬─┴─┬─┴─┬─┴─┬─┴─┬─┴─┬─┴─┬─┴─┬─┴─┬─┴─┬─┴─┬─┴─┬─┴─┬────┤
│   ⇥ │ ü │ p │ k │ x │ q │ ö │ f │ o │ ä │ z │ j │ ß │ Ret│
├─────┴┬──┴┬──┴┬──┴┬──┴┬──┴┬──┴┬──┴┬──┴┬──┴┬──┴┬──┴┬──┴┐   │
│    ⇩ │ i │ h │ s │ r │ l │ g │ t │ a │ e │ c │ ⇘ │ ´ │   │
├────┬─┴─┬─┴─┬─┴─┬─┴─┬─┴─┬─┴─┬─┴─┬─┴─┬─┴─┬─┴─┬─┴─┬─┴───┴───┤
│  ⇧ │ ⇚ │ u │ v │ b │ n │ y │ w │ d │ , │ . │ m │ ⇗       │
├────┼───┴┬──┴─┬─┴───┴───┴───┴───┴───┴─┬─┴──┬┴───┼────┬────┤
│Strg│ Fe │ Alt│      Leerzeichen      │ M4 │ Fe │ Me │Strg│
└────┴────┴────┴───────────────────────┴────┴────┴────┴────┘
# 9.479815092923843 x100 total penalty per letter
# 34.693572646623664 x10 billion total penalty compared to notime-noeffort
# 7.862628866427768 mean key position cost in file 1gramme.txt ( 57.55021234 )
# 11.20184253647918 % finger repeats in file 2gramme.txt ( 54.075852907790924 )
# 15.03606614793839 million keystrokes disbalance of the fingers ( 22.554099221907585 )
# 0.30421572193697954 % finger repeats top to bottom or vice versa ( 6.1190545878684635 )
# 3.6096744482401997 % of trigrams have no handswitching (after direction change counted x 1 ) ( 15.966725556913133 )
# 8.336562809698185 billion (rows²/dist)² to cross ( 108.3753165260764 )
# 0.014336103783556708 hand disbalance. Left: 0.4856638962164433 %, Right: 0.5143361037835567 % ( 0.4197302611571997 )
# 0.7319461889614385 badly positioned shortcut keys (weighted).
# 8.802804019790416 no handswitching after unbalancing key (weighted).
# 25.69476761723296 movement pattern cost (weighted).
# 0.8829494405578914 asymmetric bigram cost (weighted).
# 2.5554845751459387 irregularity cost (weighted).
# 17.99384737355142 manually assigned bigram penalty (weighted)
# 13.016753860541387 unbalancing key after neighboring finger (weighted)
# 0.8829494405578914 asymmetrc bigrams (weighted)
# 12.196181988741515 inconsistent symmetries of similar keys (weighted)
# 2.5554845751459387 irregularity cost for randomly sampled words (weighted).
# Finger load %: 13.7 5.1 7.1 15.1 - 13.7 8.4 12.5 8.9
 
