
# Evolved Layout
ülckf qpyaößj
hrnsm wteoi⇘
uxzgv bd,.ä
┌───┬───┬───┬───┬───┬───┬───┬───┬───┬───┬───┬───┬───┬──────┐
│ ^ │ 1 │ 2 │ 3 │ 4 │ 5 │ 6 │ 7 │ 8 │ 9 │ 0 │ - │ ` │ ←    │
├───┴─┬─┴─┬─┴─┬─┴─┬─┴─┬─┴─┬─┴─┬─┴─┬─┴─┬─┴─┬─┴─┬─┴─┬─┴─┬────┤
│   ⇥ │ ü │ l │ c │ k │ f │ q │ p │ y │ a │ ö │ ß │ j │ Ret│
├─────┴┬──┴┬──┴┬──┴┬──┴┬──┴┬──┴┬──┴┬──┴┬──┴┬──┴┬──┴┬──┴┐   │
│    ⇩ │ h │ r │ n │ s │ m │ w │ t │ e │ o │ i │ ⇘ │ ´ │   │
├────┬─┴─┬─┴─┬─┴─┬─┴─┬─┴─┬─┴─┬─┴─┬─┴─┬─┴─┬─┴─┬─┴─┬─┴───┴───┤
│  ⇧ │ ⇚ │ u │ x │ z │ g │ v │ b │ d │ , │ . │ ä │ ⇗       │
├────┼───┴┬──┴─┬─┴───┴───┴───┴───┴───┴─┬─┴──┬┴───┼────┬────┤
│Strg│ Fe │ Alt│      Leerzeichen      │ M4 │ Fe │ Me │Strg│
└────┴────┴────┴───────────────────────┴────┴────┴────┴────┘
# 9.108604537329134 x100 total penalty per letter
# 33.335041889274635 x10 billion total penalty compared to notime-noeffort
# 7.708173889128943 mean key position cost in file 1gramme.txt ( 56.41968502 )
# 8.745821276081724 % finger repeats in file 2gramme.txt ( 42.2196387195308 )
# 12.272053272849913 million keystrokes disbalance of the fingers ( 18.40807990927487 )
# 0.35597235888085943 % finger repeats top to bottom or vice versa ( 7.160097715842296 )
# 3.901491355861568 % of trigrams have no handswitching (after direction change counted x 1 ) ( 17.257523534312174 )
# 8.350903374500879 billion (rows²/dist)² to cross ( 108.56174386851143 )
# 0.01837798992645484 hand disbalance. Left: 0.48162201007354516 %, Right: 0.5183779899264549 % ( 0.5380679874976132 )
# 0.36597309448071924 badly positioned shortcut keys (weighted).
# 9.21645103206813 no handswitching after unbalancing key (weighted).
# 24.896469661456116 movement pattern cost (weighted).
# 0.8652789767003024 asymmetric bigram cost (weighted).
# 3.7935983742606347 irregularity cost (weighted).
# 18.63180301569417 manually assigned bigram penalty (weighted)
# 13.835883452064964 unbalancing key after neighboring finger (weighted)
# 0.8652789767003024 asymmetrc bigrams (weighted)
# 11.18012453105223 inconsistent symmetries of similar keys (weighted)
# 3.7935983742606347 irregularity cost for randomly sampled words (weighted).
# Finger load %: 11.4 8.2 9.3 11.8 - 12.7 12.4 8.6 10.1
 
