
# Evolved Layout
öpfüä qwilzjß
hnseu gtarm⇘
kxvoy bd,.c
┌───┬───┬───┬───┬───┬───┬───┬───┬───┬───┬───┬───┬───┬──────┐
│ ^ │ 1 │ 2 │ 3 │ 4 │ 5 │ 6 │ 7 │ 8 │ 9 │ 0 │ - │ ` │ ←    │
├───┴─┬─┴─┬─┴─┬─┴─┬─┴─┬─┴─┬─┴─┬─┴─┬─┴─┬─┴─┬─┴─┬─┴─┬─┴─┬────┤
│   ⇥ │ ö │ p │ f │ ü │ ä │ q │ w │ i │ l │ z │ j │ ß │ Ret│
├─────┴┬──┴┬──┴┬──┴┬──┴┬──┴┬──┴┬──┴┬──┴┬──┴┬──┴┬──┴┬──┴┐   │
│    ⇩ │ h │ n │ s │ e │ u │ g │ t │ a │ r │ m │ ⇘ │ ´ │   │
├────┬─┴─┬─┴─┬─┴─┬─┴─┬─┴─┬─┴─┬─┴─┬─┴─┬─┴─┬─┴─┬─┴─┬─┴───┴───┤
│  ⇧ │ ⇚ │ k │ x │ v │ o │ y │ b │ d │ , │ . │ c │ ⇗       │
├────┼───┴┬──┴─┬─┴───┴───┴───┴───┴───┴─┬─┴──┬┴───┼────┬────┤
│Strg│ Fe │ Alt│      Leerzeichen      │ M4 │ Fe │ Me │Strg│
└────┴────┴────┴───────────────────────┴────┴────┴────┴────┘
# 9.08243048190188 x100 total penalty per letter
# 33.239251888676414 x10 billion total penalty compared to notime-noeffort
# 7.326303210361429 mean key position cost in file 1gramme.txt ( 53.62459714 )
# 10.816986536958737 % finger repeats in file 2gramme.txt ( 52.21799636740702 )
# 11.546356833515159 million keystrokes disbalance of the fingers ( 17.319535250272736 )
# 0.34071516775314625 % finger repeats top to bottom or vice versa ( 6.853211586573278 )
# 4.567915052018498 % of trigrams have no handswitching (after direction change counted x 1 ) ( 20.20532517508034 )
# 7.72856175916082 billion (rows²/dist)² to cross ( 100.47130286909066 )
# 0.005214444038277699 hand disbalance. Left: 0.4947855559617223 %, Right: 0.5052144440382778 % ( 0.1526676976548022 )
# 0.7319461889614385 badly positioned shortcut keys (weighted).
# 7.605885165924679 no handswitching after unbalancing key (weighted).
# 25.699095969161792 movement pattern cost (weighted).
# 0.8945782944286028 asymmetric bigram cost (weighted).
# 2.633029176800535 irregularity cost (weighted).
# 16.313094901579348 manually assigned bigram penalty (weighted)
# 13.923025001309787 unbalancing key after neighboring finger (weighted)
# 0.8945782944286028 asymmetrc bigrams (weighted)
# 13.747228102519115 inconsistent symmetries of similar keys (weighted)
# 2.633029176800535 irregularity cost for randomly sampled words (weighted).
# Finger load %: 10.0 7.8 6.7 17.2 - 13.7 11.1 9.3 8.6
 

# Evolved Layout
jfuüä vdrwzqß
iheay ctlns⇘
pkxoö bg,.m
┌───┬───┬───┬───┬───┬───┬───┬───┬───┬───┬───┬───┬───┬──────┐
│ ^ │ 1 │ 2 │ 3 │ 4 │ 5 │ 6 │ 7 │ 8 │ 9 │ 0 │ - │ ` │ ←    │
├───┴─┬─┴─┬─┴─┬─┴─┬─┴─┬─┴─┬─┴─┬─┴─┬─┴─┬─┴─┬─┴─┬─┴─┬─┴─┬────┤
│   ⇥ │ j │ f │ u │ ü │ ä │ v │ d │ r │ w │ z │ q │ ß │ Ret│
├─────┴┬──┴┬──┴┬──┴┬──┴┬──┴┬──┴┬──┴┬──┴┬──┴┬──┴┬──┴┬──┴┐   │
│    ⇩ │ i │ h │ e │ a │ y │ c │ t │ l │ n │ s │ ⇘ │ ´ │   │
├────┬─┴─┬─┴─┬─┴─┬─┴─┬─┴─┬─┴─┬─┴─┬─┴─┬─┴─┬─┴─┬─┴─┬─┴───┴───┤
│  ⇧ │ ⇚ │ p │ k │ x │ o │ ö │ b │ g │ , │ . │ m │ ⇗       │
├────┼───┴┬──┴─┬─┴───┴───┴───┴───┴───┴─┬─┴──┬┴───┼────┬────┤
│Strg│ Fe │ Alt│      Leerzeichen      │ M4 │ Fe │ Me │Strg│
└────┴────┴────┴───────────────────────┴────┴────┴────┴────┘
# 9.203268722742989 x100 total penalty per letter
# 33.68148733799868 x10 billion total penalty compared to notime-noeffort
# 7.538587067212258 mean key position cost in file 1gramme.txt ( 55.17840074 )
# 11.620809337552851 % finger repeats in file 2gramme.txt ( 56.09837616986388 )
# 14.299558602039815 million keystrokes disbalance of the fingers ( 21.449337903059725 )
# 0.3854509184320852 % finger repeats top to bottom or vice versa ( 7.7530352337232715 )
# 1.9337771427640242 % of trigrams have no handswitching (after direction change counted x 1 ) ( 8.553704598429261 )
# 8.048074583278536 billion (rows²/dist)² to cross ( 104.62496958262098 )
# 0.024062724804801483 hand disbalance. Left: 0.4759372751951985 %, Right: 0.5240627248048015 % ( 0.7045047886760929 )
# 1.0979192834421578 badly positioned shortcut keys (weighted).
# 7.33123560464099 no handswitching after unbalancing key (weighted).
# 25.48895350511263 movement pattern cost (weighted).
# 0.884266697110834 asymmetric bigram cost (weighted).
# 5.037683456582835 irregularity cost (weighted).
# 21.598158881703732 manually assigned bigram penalty (weighted)
# 10.990975822509524 unbalancing key after neighboring finger (weighted)
# 0.884266697110834 asymmetrc bigrams (weighted)
# 10.023351112510863 inconsistent symmetries of similar keys (weighted)
# 5.037683456582835 irregularity cost for randomly sampled words (weighted).
# Finger load %: 12.4 5.8 13.5 8.5 - 15.3 9.1 9.0 10.9
 
