
# Evolved Layout
ßdlcz qwuoüöj
htrnb fseai⇘
gvxpy km,.ä
┌───┬───┬───┬───┬───┬───┬───┬───┬───┬───┬───┬───┬───┬──────┐
│ ^ │ 1 │ 2 │ 3 │ 4 │ 5 │ 6 │ 7 │ 8 │ 9 │ 0 │ - │ ` │ ←    │
├───┴─┬─┴─┬─┴─┬─┴─┬─┴─┬─┴─┬─┴─┬─┴─┬─┴─┬─┴─┬─┴─┬─┴─┬─┴─┬────┤
│   ⇥ │ ß │ d │ l │ c │ z │ q │ w │ u │ o │ ü │ ö │ j │ Ret│
├─────┴┬──┴┬──┴┬──┴┬──┴┬──┴┬──┴┬──┴┬──┴┬──┴┬──┴┬──┴┬──┴┐   │
│    ⇩ │ h │ t │ r │ n │ b │ f │ s │ e │ a │ i │ ⇘ │ ´ │   │
├────┬─┴─┬─┴─┬─┴─┬─┴─┬─┴─┬─┴─┬─┴─┬─┴─┬─┴─┬─┴─┬─┴─┬─┴───┴───┤
│  ⇧ │ ⇚ │ g │ v │ x │ p │ y │ k │ m │ , │ . │ ä │ ⇗       │
├────┼───┴┬──┴─┬─┴───┴───┴───┴───┴───┴─┬─┴──┬┴───┼────┬────┤
│Strg│ Fe │ Alt│      Leerzeichen      │ M4 │ Fe │ Me │Strg│
└────┴────┴────┴───────────────────────┴────┴────┴────┴────┘
# 9.135372410289783 x100 total penalty per letter
# 33.43300510227539 x10 billion total penalty compared to notime-noeffort
# 7.387861219241742 mean key position cost in file 1gramme.txt ( 54.07516864 )
# 10.270577623070999 % finger repeats in file 2gramme.txt ( 49.580258159725865 )
# 12.187419596481126 million keystrokes disbalance of the fingers ( 18.281129394721688 )
# 0.3455297090342676 % finger repeats top to bottom or vice versa ( 6.950052212452668 )
# 2.5895236380793962 % of trigrams have no handswitching (after direction change counted x 1 ) ( 11.454277621216013 )
# 8.422423432930364 billion (rows²/dist)² to cross ( 109.49150462809473 )
# 0.025360528912247826 hand disbalance. Left: 0.4746394710877522 %, Right: 0.5253605289122478 % ( 0.742501699494647 )
# 0.36597309448071924 badly positioned shortcut keys (weighted).
# 8.091629103637892 no handswitching after unbalancing key (weighted).
# 25.530240135967055 movement pattern cost (weighted).
# 0.8704957582151193 asymmetric bigram cost (weighted).
# 5.351648742311528 irregularity cost (weighted).
# 16.56205016223521 manually assigned bigram penalty (weighted)
# 12.13759150401238 unbalancing key after neighboring finger (weighted)
# 0.8704957582151193 asymmetrc bigrams (weighted)
# 14.845530166188366 inconsistent symmetries of similar keys (weighted)
# 5.351648742311528 irregularity cost for randomly sampled words (weighted).
# Finger load %: 10.8 9.0 8.0 12.2 - 11.1 14.5 8.6 10.2
 
