
# Evolved Layout
ßüofö vdulzqj
heanp btirs⇘
kyäcx wg,.m
┌───┬───┬───┬───┬───┬───┬───┬───┬───┬───┬───┬───┬───┬──────┐
│ ^ │ 1 │ 2 │ 3 │ 4 │ 5 │ 6 │ 7 │ 8 │ 9 │ 0 │ - │ ` │ ←    │
├───┴─┬─┴─┬─┴─┬─┴─┬─┴─┬─┴─┬─┴─┬─┴─┬─┴─┬─┴─┬─┴─┬─┴─┬─┴─┬────┤
│   ⇥ │ ß │ ü │ o │ f │ ö │ v │ d │ u │ l │ z │ q │ j │ Ret│
├─────┴┬──┴┬──┴┬──┴┬──┴┬──┴┬──┴┬──┴┬──┴┬──┴┬──┴┬──┴┬──┴┐   │
│    ⇩ │ h │ e │ a │ n │ p │ b │ t │ i │ r │ s │ ⇘ │ ´ │   │
├────┬─┴─┬─┴─┬─┴─┬─┴─┬─┴─┬─┴─┬─┴─┬─┴─┬─┴─┬─┴─┬─┴─┬─┴───┴───┤
│  ⇧ │ ⇚ │ k │ y │ ä │ c │ x │ w │ g │ , │ . │ m │ ⇗       │
├────┼───┴┬──┴─┬─┴───┴───┴───┴───┴───┴─┬─┴──┬┴───┼────┬────┤
│Strg│ Fe │ Alt│      Leerzeichen      │ M4 │ Fe │ Me │Strg│
└────┴────┴────┴───────────────────────┴────┴────┴────┴────┘
# 9.35776063556216 x100 total penalty per letter
# 34.24688617206546 x10 billion total penalty compared to notime-noeffort
# 7.401576364086262 mean key position cost in file 1gramme.txt ( 54.17555612 )
# 7.171142108086553 % finger repeats in file 2gramme.txt ( 34.61802150449062 )
# 12.399849585772193 million keystrokes disbalance of the fingers ( 18.599774378658292 )
# 0.37739836832332696 % finger repeats top to bottom or vice versa ( 7.5910646643743105 )
# 4.730082910224228 % of trigrams have no handswitching (after direction change counted x 1 ) ( 20.92264462403664 )
# 7.6872027694344025 billion (rows²/dist)² to cross ( 99.93363600264723 )
# 0.015821430444161344 hand disbalance. Left: 0.48417856955583866 %, Right: 0.5158214304441613 % ( 0.463217428700895 )
# 1.463892377922877 badly positioned shortcut keys (weighted).
# 8.508948152439393 no handswitching after unbalancing key (weighted).
# 30.597681788289435 movement pattern cost (weighted).
# 0.8799708369757309 asymmetric bigram cost (weighted).
# 15.308855277204328 irregularity cost (weighted).
# 19.725235140299354 manually assigned bigram penalty (weighted)
# 11.979662843506784 unbalancing key after neighboring finger (weighted)
# 0.8799708369757309 asymmetrc bigrams (weighted)
# 17.70070058110869 inconsistent symmetries of similar keys (weighted)
# 15.308855277204328 irregularity cost for randomly sampled words (weighted).
# Finger load %: 10.2 11.7 7.4 11.5 - 14.3 9.2 9.3 10.8
 
