
# Evolved Layout
joyvq pfrmkzß
iaelu wtnsh⇘
xöäcü bd,.g
┌───┬───┬───┬───┬───┬───┬───┬───┬───┬───┬───┬───┬───┬──────┐
│ ^ │ 1 │ 2 │ 3 │ 4 │ 5 │ 6 │ 7 │ 8 │ 9 │ 0 │ - │ ` │ ←    │
├───┴─┬─┴─┬─┴─┬─┴─┬─┴─┬─┴─┬─┴─┬─┴─┬─┴─┬─┴─┬─┴─┬─┴─┬─┴─┬────┤
│   ⇥ │ j │ o │ y │ v │ q │ p │ f │ r │ m │ k │ z │ ß │ Ret│
├─────┴┬──┴┬──┴┬──┴┬──┴┬──┴┬──┴┬──┴┬──┴┬──┴┬──┴┬──┴┬──┴┐   │
│    ⇩ │ i │ a │ e │ l │ u │ w │ t │ n │ s │ h │ ⇘ │ ´ │   │
├────┬─┴─┬─┴─┬─┴─┬─┴─┬─┴─┬─┴─┬─┴─┬─┴─┬─┴─┬─┴─┬─┴─┬─┴───┴───┤
│  ⇧ │ ⇚ │ x │ ö │ ä │ c │ ü │ b │ d │ , │ . │ g │ ⇗       │
├────┼───┴┬──┴─┬─┴───┴───┴───┴───┴───┴─┬─┴──┬┴───┼────┬────┤
│Strg│ Fe │ Alt│      Leerzeichen      │ M4 │ Fe │ Me │Strg│
└────┴────┴────┴───────────────────────┴────┴────┴────┴────┘
# 9.202179073612994 x100 total penalty per letter
# 33.67749951535866 x10 billion total penalty compared to notime-noeffort
# 7.430308880652596 mean key position cost in file 1gramme.txt ( 54.38586268 )
# 12.182154308807231 % finger repeats in file 2gramme.txt ( 58.808216805208204 )
# 13.004616684201697 million keystrokes disbalance of the fingers ( 19.506925026302543 )
# 0.3856817161645125 % finger repeats top to bottom or vice versa ( 7.7576775444969766 )
# 2.353729132120198 % of trigrams have no handswitching (after direction change counted x 1 ) ( 10.411284348979539 )
# 8.11490716356781 billion (rows²/dist)² to cross ( 105.49379312638155 )
# 0.031035930287859503 hand disbalance. Left: 0.4689640697121405 %, Right: 0.5310359302878594 % ( 0.9086652358028658 )
# 0.7319461889614385 badly positioned shortcut keys (weighted).
# 9.912371940654698 no handswitching after unbalancing key (weighted).
# 21.906284059595436 movement pattern cost (weighted).
# 0.872836879868895 asymmetric bigram cost (weighted).
# 9.934266099975996 irregularity cost (weighted).
# 16.86886928557995 manually assigned bigram penalty (weighted)
# 12.954831979532507 unbalancing key after neighboring finger (weighted)
# 0.872836879868895 asymmetrc bigrams (weighted)
# 6.321163952245962 inconsistent symmetries of similar keys (weighted)
# 9.934266099975996 irregularity cost for randomly sampled words (weighted).
# Finger load %: 11.9 7.5 11.5 8.7 - 14.0 12.7 8.0 10.1
 
