
# Evolved Layout
ßlcgq jwuüäöx
hrnsf bdiea⇘
kzymv pt,.o
┌───┬───┬───┬───┬───┬───┬───┬───┬───┬───┬───┬───┬───┬──────┐
│ ^ │ 1 │ 2 │ 3 │ 4 │ 5 │ 6 │ 7 │ 8 │ 9 │ 0 │ - │ ` │ ←    │
├───┴─┬─┴─┬─┴─┬─┴─┬─┴─┬─┴─┬─┴─┬─┴─┬─┴─┬─┴─┬─┴─┬─┴─┬─┴─┬────┤
│   ⇥ │ ß │ l │ c │ g │ q │ j │ w │ u │ ü │ ä │ ö │ x │ Ret│
├─────┴┬──┴┬──┴┬──┴┬──┴┬──┴┬──┴┬──┴┬──┴┬──┴┬──┴┬──┴┬──┴┐   │
│    ⇩ │ h │ r │ n │ s │ f │ b │ d │ i │ e │ a │ ⇘ │ ´ │   │
├────┬─┴─┬─┴─┬─┴─┬─┴─┬─┴─┬─┴─┬─┴─┬─┴─┬─┴─┬─┴─┬─┴─┬─┴───┴───┤
│  ⇧ │ ⇚ │ k │ z │ y │ m │ v │ p │ t │ , │ . │ o │ ⇗       │
├────┼───┴┬──┴─┬─┴───┴───┴───┴───┴───┴─┬─┴──┬┴───┼────┬────┤
│Strg│ Fe │ Alt│      Leerzeichen      │ M4 │ Fe │ Me │Strg│
└────┴────┴────┴───────────────────────┴────┴────┴────┴────┘
# 9.474239757624419 x100 total penalty per letter
# 34.67316841950068 x10 billion total penalty compared to notime-noeffort
# 7.599819030266254 mean key position cost in file 1gramme.txt ( 55.62658576 )
# 8.25405679861216 % finger repeats in file 2gramme.txt ( 39.84569144591745 )
# 12.567129353315575 million keystrokes disbalance of the fingers ( 18.85069402997336 )
# 0.4008803320366907 % finger repeats top to bottom or vice versa ( 8.063385479608788 )
# 2.9028243727233956 % of trigrams have no handswitching (after direction change counted x 1 ) ( 12.84010532356706 )
# 8.40213975869156 billion (rows²/dist)² to cross ( 109.22781686299028 )
# 0.04622385395019629 hand disbalance. Left: 0.4537761460498037 %, Right: 0.5462238539501962 % ( 1.3533349495182523 )
# 0.7319461889614385 badly positioned shortcut keys (weighted).
# 7.537018679900011 no handswitching after unbalancing key (weighted).
# 27.56890007709563 movement pattern cost (weighted).
# 0.8654157366314733 asymmetric bigram cost (weighted).
# 23.844188156256035 irregularity cost (weighted).
# 17.31483063791886 manually assigned bigram penalty (weighted)
# 10.783344271946678 unbalancing key after neighboring finger (weighted)
# 0.8654157366314733 asymmetrc bigrams (weighted)
# 12.278426594721482 inconsistent symmetries of similar keys (weighted)
# 23.844188156256035 irregularity cost for randomly sampled words (weighted).
# Finger load %: 9.7 8.7 9.0 10.8 - 12.8 9.2 12.5 11.6
 
