
# Evolved Layout
jlmöq vagdbkß
urney pisth⇘
czwoü xä,.f
┌───┬───┬───┬───┬───┬───┬───┬───┬───┬───┬───┬───┬───┬──────┐
│ ^ │ 1 │ 2 │ 3 │ 4 │ 5 │ 6 │ 7 │ 8 │ 9 │ 0 │ - │ ` │ ←    │
├───┴─┬─┴─┬─┴─┬─┴─┬─┴─┬─┴─┬─┴─┬─┴─┬─┴─┬─┴─┬─┴─┬─┴─┬─┴─┬────┤
│   ⇥ │ j │ l │ m │ ö │ q │ v │ a │ g │ d │ b │ k │ ß │ Ret│
├─────┴┬──┴┬──┴┬──┴┬──┴┬──┴┬──┴┬──┴┬──┴┬──┴┬──┴┬──┴┬──┴┐   │
│    ⇩ │ u │ r │ n │ e │ y │ p │ i │ s │ t │ h │ ⇘ │ ´ │   │
├────┬─┴─┬─┴─┬─┴─┬─┴─┬─┴─┬─┴─┬─┴─┬─┴─┬─┴─┬─┴─┬─┴─┬─┴───┴───┤
│  ⇧ │ ⇚ │ c │ z │ w │ o │ ü │ x │ ä │ , │ . │ f │ ⇗       │
├────┼───┴┬──┴─┬─┴───┴───┴───┴───┴───┴─┬─┴──┬┴───┼────┬────┤
│Strg│ Fe │ Alt│      Leerzeichen      │ M4 │ Fe │ Me │Strg│
└────┴────┴────┴───────────────────────┴────┴────┴────┴────┘
# 9.684819617098297 x100 total penalty per letter
# 35.443834047570384 x10 billion total penalty compared to notime-noeffort
# 7.9790095639225775 mean key position cost in file 1gramme.txt ( 58.40205642 )
# 10.975870025336908 % finger repeats in file 2gramme.txt ( 52.98499162903789 )
# 12.488140332585179 million keystrokes disbalance of the fingers ( 18.732210498877766 )
# 0.346513070335773 % finger repeats top to bottom or vice versa ( 6.969831734185458 )
# 5.446685041358439 % of trigrams have no handswitching (after direction change counted x 1 ) ( 24.09240126702065 )
# 8.182208661928948 billion (rows²/dist)² to cross ( 106.36871260507633 )
# 0.015906023550680715 hand disbalance. Left: 0.5159060235506807 %, Right: 0.48409397644931923 % ( 0.4656941327780655 )
# 0.7319461889614385 badly positioned shortcut keys (weighted).
# 7.460269268641294 no handswitching after unbalancing key (weighted).
# 27.86789852322633 movement pattern cost (weighted).
# 0.8850321005476012 asymmetric bigram cost (weighted).
# 6.45446951144701 irregularity cost (weighted).
# 19.107639338337727 manually assigned bigram penalty (weighted)
# 10.198330540512963 unbalancing key after neighboring finger (weighted)
# 0.8850321005476012 asymmetrc bigrams (weighted)
# 13.716856717053322 inconsistent symmetries of similar keys (weighted)
# 6.45446951144701 irregularity cost for randomly sampled words (weighted).
# Finger load %: 10.8 8.7 9.5 14.6 - 13.0 7.9 9.5 10.5
 
