
# Evolved Layout
ßhiüö vbclzqj
muaey wtnrs⇘
gkxoä pd,.f
┌───┬───┬───┬───┬───┬───┬───┬───┬───┬───┬───┬───┬───┬──────┐
│ ^ │ 1 │ 2 │ 3 │ 4 │ 5 │ 6 │ 7 │ 8 │ 9 │ 0 │ - │ ` │ ←    │
├───┴─┬─┴─┬─┴─┬─┴─┬─┴─┬─┴─┬─┴─┬─┴─┬─┴─┬─┴─┬─┴─┬─┴─┬─┴─┬────┤
│   ⇥ │ ß │ h │ i │ ü │ ö │ v │ b │ c │ l │ z │ q │ j │ Ret│
├─────┴┬──┴┬──┴┬──┴┬──┴┬──┴┬──┴┬──┴┬──┴┬──┴┬──┴┬──┴┬──┴┐   │
│    ⇩ │ m │ u │ a │ e │ y │ w │ t │ n │ r │ s │ ⇘ │ ´ │   │
├────┬─┴─┬─┴─┬─┴─┬─┴─┬─┴─┬─┴─┬─┴─┬─┴─┬─┴─┬─┴─┬─┴─┬─┴───┴───┤
│  ⇧ │ ⇚ │ g │ k │ x │ o │ ä │ p │ d │ , │ . │ f │ ⇗       │
├────┼───┴┬──┴─┬─┴───┴───┴───┴───┴───┴─┬─┴──┬┴───┼────┬────┤
│Strg│ Fe │ Alt│      Leerzeichen      │ M4 │ Fe │ Me │Strg│
└────┴────┴────┴───────────────────────┴────┴────┴────┴────┘
# 9.038941125720504 x100 total penalty per letter
# 33.08009254608969 x10 billion total penalty compared to notime-noeffort
# 7.641235555766596 mean key position cost in file 1gramme.txt ( 55.92973244 )
# 10.684787311202038 % finger repeats in file 2gramme.txt ( 51.579816901550146 )
# 11.79958125203294 million keystrokes disbalance of the fingers ( 17.69937187804941 )
# 0.358209195400932 % finger repeats top to bottom or vice versa ( 7.205089883516316 )
# 2.508799264684384 % of trigrams have no handswitching (after direction change counted x 1 ) ( 11.097208324736847 )
# 8.032968631392317 billion (rows²/dist)² to cross ( 104.42859220810011 )
# 0.007451341186618887 hand disbalance. Left: 0.4925486588133811 %, Right: 0.5074513411866189 % ( 0.21815923136788393 )
# 1.0979192834421578 badly positioned shortcut keys (weighted).
# 6.947403084608042 no handswitching after unbalancing key (weighted).
# 25.125039838708624 movement pattern cost (weighted).
# 0.877767466350087 asymmetric bigram cost (weighted).
# 6.363879414256061 irregularity cost (weighted).
# 20.049749790368317 manually assigned bigram penalty (weighted)
# 8.501120523918255 unbalancing key after neighboring finger (weighted)
# 0.877767466350087 asymmetrc bigrams (weighted)
# 13.680075191924557 inconsistent symmetries of similar keys (weighted)
# 6.363879414256061 irregularity cost for randomly sampled words (weighted).
# Finger load %: 9.8 6.9 10.1 14.8 - 13.3 9.8 9.3 10.4
 
