
# Evolved Layout
öpükß äfilzjq
gteuo wnars⇘
dvyhx bc,.m
┌───┬───┬───┬───┬───┬───┬───┬───┬───┬───┬───┬───┬───┬──────┐
│ ^ │ 1 │ 2 │ 3 │ 4 │ 5 │ 6 │ 7 │ 8 │ 9 │ 0 │ - │ ` │ ←    │
├───┴─┬─┴─┬─┴─┬─┴─┬─┴─┬─┴─┬─┴─┬─┴─┬─┴─┬─┴─┬─┴─┬─┴─┬─┴─┬────┤
│   ⇥ │ ö │ p │ ü │ k │ ß │ ä │ f │ i │ l │ z │ j │ q │ Ret│
├─────┴┬──┴┬──┴┬──┴┬──┴┬──┴┬──┴┬──┴┬──┴┬──┴┬──┴┬──┴┬──┴┐   │
│    ⇩ │ g │ t │ e │ u │ o │ w │ n │ a │ r │ s │ ⇘ │ ´ │   │
├────┬─┴─┬─┴─┬─┴─┬─┴─┬─┴─┬─┴─┬─┴─┬─┴─┬─┴─┬─┴─┬─┴─┬─┴───┴───┤
│  ⇧ │ ⇚ │ d │ v │ y │ h │ x │ b │ c │ , │ . │ m │ ⇗       │
├────┼───┴┬──┴─┬─┴───┴───┴───┴───┴───┴─┬─┴──┬┴───┼────┬────┤
│Strg│ Fe │ Alt│      Leerzeichen      │ M4 │ Fe │ Me │Strg│
└────┴────┴────┴───────────────────────┴────┴────┴────┴────┘
# 9.745520105455356 x100 total penalty per letter
# 35.665981503175615 x10 billion total penalty compared to notime-noeffort
# 7.723769896283782 mean key position cost in file 1gramme.txt ( 56.5338394 )
# 11.66232869005571 % finger repeats in file 2gramme.txt ( 56.29880698215746 )
# 12.7761828700891 million keystrokes disbalance of the fingers ( 19.164274305133652 )
# 0.3947636436827111 % finger repeats top to bottom or vice versa ( 7.940353212582384 )
# 3.8895872270908365 % of trigrams have no handswitching (after direction change counted x 1 ) ( 17.204867828153116 )
# 8.237055614564367 billion (rows²/dist)² to cross ( 107.08172298933678 )
# 0.034765509141068296 hand disbalance. Left: 0.4652344908589317 %, Right: 0.5347655091410682 % ( 1.0178592769243597 )
# 1.0979192834421578 badly positioned shortcut keys (weighted).
# 8.125754855247179 no handswitching after unbalancing key (weighted).
# 31.991746917418666 movement pattern cost (weighted).
# 0.8839680057965789 asymmetric bigram cost (weighted).
# 5.036176510876367 irregularity cost (weighted).
# 20.31743484273389 manually assigned bigram penalty (weighted)
# 11.805690158340848 unbalancing key after neighboring finger (weighted)
# 0.8839680057965789 asymmetrc bigrams (weighted)
# 12.159400463612752 inconsistent symmetries of similar keys (weighted)
# 5.036176510876367 irregularity cost for randomly sampled words (weighted).
# Finger load %: 11.1 6.7 11.5 9.9 - 13.8 11.1 9.3 11.0
 
