
# Evolved Layout
ßplcq öfouüäj
hnrtg kseia⇘
bvxdz wm,.y
┌───┬───┬───┬───┬───┬───┬───┬───┬───┬───┬───┬───┬───┬──────┐
│ ^ │ 1 │ 2 │ 3 │ 4 │ 5 │ 6 │ 7 │ 8 │ 9 │ 0 │ - │ ` │ ←    │
├───┴─┬─┴─┬─┴─┬─┴─┬─┴─┬─┴─┬─┴─┬─┴─┬─┴─┬─┴─┬─┴─┬─┴─┬─┴─┬────┤
│   ⇥ │ ß │ p │ l │ c │ q │ ö │ f │ o │ u │ ü │ ä │ j │ Ret│
├─────┴┬──┴┬──┴┬──┴┬──┴┬──┴┬──┴┬──┴┬──┴┬──┴┬──┴┬──┴┬──┴┐   │
│    ⇩ │ h │ n │ r │ t │ g │ k │ s │ e │ i │ a │ ⇘ │ ´ │   │
├────┬─┴─┬─┴─┬─┴─┬─┴─┬─┴─┬─┴─┬─┴─┬─┴─┬─┴─┬─┴─┬─┴─┬─┴───┴───┤
│  ⇧ │ ⇚ │ b │ v │ x │ d │ z │ w │ m │ , │ . │ y │ ⇗       │
├────┼───┴┬──┴─┬─┴───┴───┴───┴───┴───┴─┬─┴──┬┴───┼────┬────┤
│Strg│ Fe │ Alt│      Leerzeichen      │ M4 │ Fe │ Me │Strg│
└────┴────┴────┴───────────────────────┴────┴────┴────┴────┘
# 8.952867461223528 x100 total penalty per letter
# 32.76508609259716 x10 billion total penalty compared to notime-noeffort
# 7.313185841701277 mean key position cost in file 1gramme.txt ( 53.52858506 )
# 10.237144796003944 % finger repeats in file 2gramme.txt ( 49.41886429680715 )
# 11.3475101814111 million keystrokes disbalance of the fingers ( 17.021265272116647 )
# 0.35107644997943643 % finger repeats top to bottom or vice versa ( 7.06162044571868 )
# 2.6103885041619956 % of trigrams have no handswitching (after direction change counted x 1 ) ( 11.546569487227648 )
# 8.420648058108553 billion (rows²/dist)² to cross ( 109.46842475541119 )
# 0.02963042040264935 hand disbalance. Left: 0.47036957959735065 %, Right: 0.5296304204026493 % ( 0.8675149316417777 )
# 0.36597309448071924 badly positioned shortcut keys (weighted).
# 7.664446057640739 no handswitching after unbalancing key (weighted).
# 25.080809690366838 movement pattern cost (weighted).
# 0.8532518506372163 asymmetric bigram cost (weighted).
# 2.5619202085210158 irregularity cost (weighted).
# 16.66852044887822 manually assigned bigram penalty (weighted)
# 11.780775528619147 unbalancing key after neighboring finger (weighted)
# 0.8532518506372163 asymmetrc bigrams (weighted)
# 13.762319797904528 inconsistent symmetries of similar keys (weighted)
# 2.5619202085210158 irregularity cost for randomly sampled words (weighted).
# Finger load %: 10.2 8.3 8.0 13.1 - 11.2 14.7 9.4 9.4
 
