
# Evolved Layout
öldkq jfuaüäß
rntog mseic⇘
yxvhz wb,.p
┌───┬───┬───┬───┬───┬───┬───┬───┬───┬───┬───┬───┬───┬──────┐
│ ^ │ 1 │ 2 │ 3 │ 4 │ 5 │ 6 │ 7 │ 8 │ 9 │ 0 │ - │ ` │ ←    │
├───┴─┬─┴─┬─┴─┬─┴─┬─┴─┬─┴─┬─┴─┬─┴─┬─┴─┬─┴─┬─┴─┬─┴─┬─┴─┬────┤
│   ⇥ │ ö │ l │ d │ k │ q │ j │ f │ u │ a │ ü │ ä │ ß │ Ret│
├─────┴┬──┴┬──┴┬──┴┬──┴┬──┴┬──┴┬──┴┬──┴┬──┴┬──┴┬──┴┬──┴┐   │
│    ⇩ │ r │ n │ t │ o │ g │ m │ s │ e │ i │ c │ ⇘ │ ´ │   │
├────┬─┴─┬─┴─┬─┴─┬─┴─┬─┴─┬─┴─┬─┴─┬─┴─┬─┴─┬─┴─┬─┴─┬─┴───┴───┤
│  ⇧ │ ⇚ │ y │ x │ v │ h │ z │ w │ b │ , │ . │ p │ ⇗       │
├────┼───┴┬──┴─┬─┴───┴───┴───┴───┴───┴─┬─┴──┬┴───┼────┬────┤
│Strg│ Fe │ Alt│      Leerzeichen      │ M4 │ Fe │ Me │Strg│
└────┴────┴────┴───────────────────────┴────┴────┴────┴────┘
# 9.684274303015117 x100 total penalty per letter
# 35.441838344745534 x10 billion total penalty compared to notime-noeffort
# 7.339252853576935 mean key position cost in file 1gramme.txt ( 53.71938156 )
# 13.219205207170036 % finger repeats in file 2gramme.txt ( 63.81448355598024 )
# 11.411422116318924 million keystrokes disbalance of the fingers ( 17.117133174478386 )
# 0.34867638564679393 % finger repeats top to bottom or vice versa ( 7.013345081867242 )
# 3.434988787465067 % of trigrams have no handswitching (after direction change counted x 1 ) ( 15.194035929546782 )
# 8.014438444014484 billion (rows²/dist)² to cross ( 104.1876997721883 )
# 0.03171243638330201 hand disbalance. Left: 0.468287563616698 %, Right: 0.531712436383302 % ( 0.9284718781375989 )
# 0.7319461889614385 badly positioned shortcut keys (weighted).
# 7.711310339022601 no handswitching after unbalancing key (weighted).
# 33.95115754917951 movement pattern cost (weighted).
# 0.8771070487811131 asymmetric bigram cost (weighted).
# 3.9970386742525528 irregularity cost (weighted).
# 17.264734217822973 manually assigned bigram penalty (weighted)
# 14.163310374717469 unbalancing key after neighboring finger (weighted)
# 0.8771070487811131 asymmetrc bigrams (weighted)
# 13.747228102519113 inconsistent symmetries of similar keys (weighted)
# 3.9970386742525528 irregularity cost for randomly sampled words (weighted).
# Finger load %: 11.3 9.6 8.8 9.8 - 11.6 14.5 11.3 7.5
 
