
# Evolved Layout
ßvcxq ybüoäjö
stnrm gdeai⇘
kfplz wh,.u
┌───┬───┬───┬───┬───┬───┬───┬───┬───┬───┬───┬───┬───┬──────┐
│ ^ │ 1 │ 2 │ 3 │ 4 │ 5 │ 6 │ 7 │ 8 │ 9 │ 0 │ - │ ` │ ←    │
├───┴─┬─┴─┬─┴─┬─┴─┬─┴─┬─┴─┬─┴─┬─┴─┬─┴─┬─┴─┬─┴─┬─┴─┬─┴─┬────┤
│   ⇥ │ ß │ v │ c │ x │ q │ y │ b │ ü │ o │ ä │ j │ ö │ Ret│
├─────┴┬──┴┬──┴┬──┴┬──┴┬──┴┬──┴┬──┴┬──┴┬──┴┬──┴┬──┴┬──┴┐   │
│    ⇩ │ s │ t │ n │ r │ m │ g │ d │ e │ a │ i │ ⇘ │ ´ │   │
├────┬─┴─┬─┴─┬─┴─┬─┴─┬─┴─┬─┴─┬─┴─┬─┴─┬─┴─┬─┴─┬─┴─┬─┴───┴───┤
│  ⇧ │ ⇚ │ k │ f │ p │ l │ z │ w │ h │ , │ . │ u │ ⇗       │
├────┼───┴┬──┴─┬─┴───┴───┴───┴───┴───┴─┬─┴──┬┴───┼────┬────┤
│Strg│ Fe │ Alt│      Leerzeichen      │ M4 │ Fe │ Me │Strg│
└────┴────┴────┴───────────────────────┴────┴────┴────┴────┘
# 9.427388762039907 x100 total penalty per letter
# 34.50170638116502 x10 billion total penalty compared to notime-noeffort
# 7.745003454480257 mean key position cost in file 1gramme.txt ( 56.68925762 )
# 8.50484683425407 % finger repeats in file 2gramme.txt ( 41.056357015795584 )
# 13.894913435637168 million keystrokes disbalance of the fingers ( 20.842370153455754 )
# 0.4511018458532446 % finger repeats top to bottom or vice versa ( 9.073550840465925 )
# 3.3254949888816396 % of trigrams have no handswitching (after direction change counted x 1 ) ( 14.709710415644045 )
# 8.772000913476004 billion (rows²/dist)² to cross ( 114.03601187518805 )
# 0.04129790029168068 hand disbalance. Left: 0.4587020997083193 %, Right: 0.5412979002916807 % ( 1.2091136292242062 )
# 0.36597309448071924 badly positioned shortcut keys (weighted).
# 8.621420506663615 no handswitching after unbalancing key (weighted).
# 27.991217532498844 movement pattern cost (weighted).
# 0.8662887588003757 asymmetric bigram cost (weighted).
# 3.3047164063367305 irregularity cost (weighted).
# 19.948467253610563 manually assigned bigram penalty (weighted)
# 14.455236335129408 unbalancing key after neighboring finger (weighted)
# 0.8662887588003757 asymmetrc bigrams (weighted)
# 11.847372374356487 inconsistent symmetries of similar keys (weighted)
# 3.3047164063367305 irregularity cost for randomly sampled words (weighted).
# Finger load %: 11.2 7.1 9.6 10.8 - 12.4 12.3 8.6 12.5
 
