
# Evolved Layout
ßplxq jmockvö
hnriy bsedt⇘
uäzaü fg,.w
┌───┬───┬───┬───┬───┬───┬───┬───┬───┬───┬───┬───┬───┬──────┐
│ ^ │ 1 │ 2 │ 3 │ 4 │ 5 │ 6 │ 7 │ 8 │ 9 │ 0 │ - │ ` │ ←    │
├───┴─┬─┴─┬─┴─┬─┴─┬─┴─┬─┴─┬─┴─┬─┴─┬─┴─┬─┴─┬─┴─┬─┴─┬─┴─┬────┤
│   ⇥ │ ß │ p │ l │ x │ q │ j │ m │ o │ c │ k │ v │ ö │ Ret│
├─────┴┬──┴┬──┴┬──┴┬──┴┬──┴┬──┴┬──┴┬──┴┬──┴┬──┴┬──┴┬──┴┐   │
│    ⇩ │ h │ n │ r │ i │ y │ b │ s │ e │ d │ t │ ⇘ │ ´ │   │
├────┬─┴─┬─┴─┬─┴─┬─┴─┬─┴─┬─┴─┬─┴─┬─┴─┬─┴─┬─┴─┬─┴─┬─┴───┴───┤
│  ⇧ │ ⇚ │ u │ ä │ z │ a │ ü │ f │ g │ , │ . │ w │ ⇗       │
├────┼───┴┬──┴─┬─┴───┴───┴───┴───┴───┴─┬─┴──┬┴───┼────┬────┤
│Strg│ Fe │ Alt│      Leerzeichen      │ M4 │ Fe │ Me │Strg│
└────┴────┴────┴───────────────────────┴────┴────┴────┴────┘
# 9.6919395236691 x100 total penalty per letter
# 35.469890989971695 x10 billion total penalty compared to notime-noeffort
# 7.557644593858845 mean key position cost in file 1gramme.txt ( 55.31789158 )
# 10.497987213196753 % finger repeats in file 2gramme.txt ( 50.67805680360204 )
# 13.672956886382101 million keystrokes disbalance of the fingers ( 20.50943532957315 )
# 0.3961657699808981 % finger repeats top to bottom or vice versa ( 7.96855585544076 )
# 3.7800740957098307 % of trigrams have no handswitching (after direction change counted x 1 ) ( 16.720456799205294 )
# 8.091018402754463 billion (rows²/dist)² to cross ( 105.18323923580802 )
# 0.034967866795995284 hand disbalance. Left: 0.4650321332040047 %, Right: 0.5349678667959953 % ( 1.023783873497599 )
# 0.7319461889614385 badly positioned shortcut keys (weighted).
# 7.915602518553903 no handswitching after unbalancing key (weighted).
# 28.966509621086402 movement pattern cost (weighted).
# 0.8552139949151457 asymmetric bigram cost (weighted).
# 10.365740673756772 irregularity cost (weighted).
# 21.885795868223585 manually assigned bigram penalty (weighted)
# 12.829453454573738 unbalancing key after neighboring finger (weighted)
# 0.8552139949151457 asymmetrc bigrams (weighted)
# 13.747228102519113 inconsistent symmetries of similar keys (weighted)
# 10.365740673756772 irregularity cost for randomly sampled words (weighted).
# Finger load %: 11.8 7.9 8.5 11.0 - 12.5 14.7 6.9 11.1
 
