
# Evolved Layout
jurzü öpaofäß
shlnm gtiec⇘
kvxyq wd,.b
┌───┬───┬───┬───┬───┬───┬───┬───┬───┬───┬───┬───┬───┬──────┐
│ ^ │ 1 │ 2 │ 3 │ 4 │ 5 │ 6 │ 7 │ 8 │ 9 │ 0 │ - │ ` │ ←    │
├───┴─┬─┴─┬─┴─┬─┴─┬─┴─┬─┴─┬─┴─┬─┴─┬─┴─┬─┴─┬─┴─┬─┴─┬─┴─┬────┤
│   ⇥ │ j │ u │ r │ z │ ü │ ö │ p │ a │ o │ f │ ä │ ß │ Ret│
├─────┴┬──┴┬──┴┬──┴┬──┴┬──┴┬──┴┬──┴┬──┴┬──┴┬──┴┬──┴┬──┴┐   │
│    ⇩ │ s │ h │ l │ n │ m │ g │ t │ i │ e │ c │ ⇘ │ ´ │   │
├────┬─┴─┬─┴─┬─┴─┬─┴─┬─┴─┬─┴─┬─┴─┬─┴─┬─┴─┬─┴─┬─┴─┬─┴───┴───┤
│  ⇧ │ ⇚ │ k │ v │ x │ y │ q │ w │ d │ , │ . │ b │ ⇗       │
├────┼───┴┬──┴─┬─┴───┴───┴───┴───┴───┴─┬─┴──┬┴───┼────┬────┤
│Strg│ Fe │ Alt│      Leerzeichen      │ M4 │ Fe │ Me │Strg│
└────┴────┴────┴───────────────────────┴────┴────┴────┴────┘
# 9.501220616169995 x100 total penalty per letter
# 34.77191110243739 x10 billion total penalty compared to notime-noeffort
# 7.264511124164252 mean key position cost in file 1gramme.txt ( 53.17231232 )
# 10.484820053764741 % finger repeats in file 2gramme.txt ( 50.614493566184606 )
# 13.037566129488791 million keystrokes disbalance of the fingers ( 19.556349194233185 )
# 0.322348803620329 % finger repeats top to bottom or vice versa ( 6.483786942791523 )
# 3.6276204827614804 % of trigrams have no handswitching (after direction change counted x 1 ) ( 16.046106512770766 )
# 8.00373241418991 billion (rows²/dist)² to cross ( 104.04852138446883 )
# 0.07281933606862967 hand disbalance. Left: 0.42718066393137033 %, Right: 0.5728193360686297 % ( 2.1319934207254283 )
# 0.36597309448071924 badly positioned shortcut keys (weighted).
# 8.265773703809675 no handswitching after unbalancing key (weighted).
# 36.06734373028961 movement pattern cost (weighted).
# 0.8855782271931658 asymmetric bigram cost (weighted).
# 6.400074732918861 irregularity cost (weighted).
# 19.779910937566473 manually assigned bigram penalty (weighted)
# 14.694187504309005 unbalancing key after neighboring finger (weighted)
# 0.8855782271931658 asymmetrc bigrams (weighted)
# 9.206705752632077 inconsistent symmetries of similar keys (weighted)
# 6.400074732918861 irregularity cost for randomly sampled words (weighted).
# Finger load %: 11.5 6.6 8.0 9.9 - 13.3 11.1 14.9 9.0
 
