
# Evolved Layout
ßoucy vbimzqj
heltd pnasr⇘
kxügö fw,.ä
┌───┬───┬───┬───┬───┬───┬───┬───┬───┬───┬───┬───┬───┬──────┐
│ ^ │ 1 │ 2 │ 3 │ 4 │ 5 │ 6 │ 7 │ 8 │ 9 │ 0 │ - │ ` │ ←    │
├───┴─┬─┴─┬─┴─┬─┴─┬─┴─┬─┴─┬─┴─┬─┴─┬─┴─┬─┴─┬─┴─┬─┴─┬─┴─┬────┤
│   ⇥ │ ß │ o │ u │ c │ y │ v │ b │ i │ m │ z │ q │ j │ Ret│
├─────┴┬──┴┬──┴┬──┴┬──┴┬──┴┬──┴┬──┴┬──┴┬──┴┬──┴┬──┴┬──┴┐   │
│    ⇩ │ h │ e │ l │ t │ d │ p │ n │ a │ s │ r │ ⇘ │ ´ │   │
├────┬─┴─┬─┴─┬─┴─┬─┴─┬─┴─┬─┴─┬─┴─┬─┴─┬─┴─┬─┴─┬─┴─┬─┴───┴───┤
│  ⇧ │ ⇚ │ k │ x │ ü │ g │ ö │ f │ w │ , │ . │ ä │ ⇗       │
├────┼───┴┬──┴─┬─┴───┴───┴───┴───┴───┴─┬─┴──┬┴───┼────┬────┤
│Strg│ Fe │ Alt│      Leerzeichen      │ M4 │ Fe │ Me │Strg│
└────┴────┴────┴───────────────────────┴────┴────┴────┴────┘
# 9.812948830077199 x100 total penalty per letter
# 35.91275249324306 x10 billion total penalty compared to notime-noeffort
# 7.228149986690795 mean key position cost in file 1gramme.txt ( 52.90616836 )
# 11.428367372178947 % finger repeats in file 2gramme.txt ( 55.16938048197088 )
# 12.283742739600271 million keystrokes disbalance of the fingers ( 18.425614109400406 )
# 0.31802219460324777 % finger repeats top to bottom or vice versa ( 6.396760681994362 )
# 4.774381859177439 % of trigrams have no handswitching (after direction change counted x 1 ) ( 21.118592810095485 )
# 8.079886369056249 billion (rows²/dist)² to cross ( 105.03852279773123 )
# 0.005061329358751143 hand disbalance. Left: 0.5050613293587511 %, Right: 0.49493867064124886 % ( 0.14818482940866162 )
# 0.7319461889614385 badly positioned shortcut keys (weighted).
# 9.574620080307552 no handswitching after unbalancing key (weighted).
# 33.19348499641547 movement pattern cost (weighted).
# 0.8872737819493461 asymmetric bigram cost (weighted).
# 13.102961193439292 irregularity cost (weighted).
# 17.498551088554592 manually assigned bigram penalty (weighted)
# 13.510463822487969 unbalancing key after neighboring finger (weighted)
# 0.8872737819493461 asymmetrc bigrams (weighted)
# 11.424999709713935 inconsistent symmetries of similar keys (weighted)
# 13.102961193439292 irregularity cost for randomly sampled words (weighted).
# Finger load %: 10.1 13.9 5.7 13.0 - 13.0 11.1 8.0 9.7
 
