
# Evolved Layout
ßküpj äobmgvq
utelf zisrd⇘
cwynö xa,.h
┌───┬───┬───┬───┬───┬───┬───┬───┬───┬───┬───┬───┬───┬──────┐
│ ^ │ 1 │ 2 │ 3 │ 4 │ 5 │ 6 │ 7 │ 8 │ 9 │ 0 │ - │ ` │ ←    │
├───┴─┬─┴─┬─┴─┬─┴─┬─┴─┬─┴─┬─┴─┬─┴─┬─┴─┬─┴─┬─┴─┬─┴─┬─┴─┬────┤
│   ⇥ │ ß │ k │ ü │ p │ j │ ä │ o │ b │ m │ g │ v │ q │ Ret│
├─────┴┬──┴┬──┴┬──┴┬──┴┬──┴┬──┴┬──┴┬──┴┬──┴┬──┴┬──┴┬──┴┐   │
│    ⇩ │ u │ t │ e │ l │ f │ z │ i │ s │ r │ d │ ⇘ │ ´ │   │
├────┬─┴─┬─┴─┬─┴─┬─┴─┬─┴─┬─┴─┬─┴─┬─┴─┬─┴─┬─┴─┬─┴─┬─┴───┴───┤
│  ⇧ │ ⇚ │ c │ w │ y │ n │ ö │ x │ a │ , │ . │ h │ ⇗       │
├────┼───┴┬──┴─┬─┴───┴───┴───┴───┴───┴─┬─┴──┬┴───┼────┬────┤
│Strg│ Fe │ Alt│      Leerzeichen      │ M4 │ Fe │ Me │Strg│
└────┴────┴────┴───────────────────────┴────┴────┴────┴────┘
# 10.049692476214178 x100 total penalty per letter
# 36.77917054099704 x10 billion total penalty compared to notime-noeffort
# 8.202174220646551 mean key position cost in file 1gramme.txt ( 60.03550162 )
# 11.246248712882531 % finger repeats in file 2gramme.txt ( 54.29021959394681 )
# 14.033911685748782 million keystrokes disbalance of the fingers ( 21.050867528623172 )
# 0.5541540715365609 % finger repeats top to bottom or vice versa ( 11.146363482569223 )
# 3.991475350998434 % of trigrams have no handswitching (after direction change counted x 1 ) ( 17.65555105049592 )
# 8.552574029151176 billion (rows²/dist)² to cross ( 111.1834623789653 )
# 0.00950018025745858 hand disbalance. Left: 0.4904998197425414 %, Right: 0.5095001802574586 % ( 0.2781448293557402 )
# 1.0979192834421578 badly positioned shortcut keys (weighted).
# 6.254729280681574 no handswitching after unbalancing key (weighted).
# 29.260438513925692 movement pattern cost (weighted).
# 0.8744233852447856 asymmetric bigram cost (weighted).
# 6.884810923596794 irregularity cost (weighted).
# 19.46638477921193 manually assigned bigram penalty (weighted)
# 11.279436022106928 unbalancing key after neighboring finger (weighted)
# 0.8744233852447856 asymmetrc bigrams (weighted)
# 17.03345273780443 inconsistent symmetries of similar keys (weighted)
# 6.884810923596794 irregularity cost for randomly sampled words (weighted).
# Finger load %: 10.6 7.2 11.5 12.1 - 14.6 7.3 8.4 12.7
 
