
# Evolved Layout
äcozq jpafkvß
ruenm gtish⇘
xyülö wd,.b
┌───┬───┬───┬───┬───┬───┬───┬───┬───┬───┬───┬───┬───┬──────┐
│ ^ │ 1 │ 2 │ 3 │ 4 │ 5 │ 6 │ 7 │ 8 │ 9 │ 0 │ - │ ` │ ←    │
├───┴─┬─┴─┬─┴─┬─┴─┬─┴─┬─┴─┬─┴─┬─┴─┬─┴─┬─┴─┬─┴─┬─┴─┬─┴─┬────┤
│   ⇥ │ ä │ c │ o │ z │ q │ j │ p │ a │ f │ k │ v │ ß │ Ret│
├─────┴┬──┴┬──┴┬──┴┬──┴┬──┴┬──┴┬──┴┬──┴┬──┴┬──┴┬──┴┬──┴┐   │
│    ⇩ │ r │ u │ e │ n │ m │ g │ t │ i │ s │ h │ ⇘ │ ´ │   │
├────┬─┴─┬─┴─┬─┴─┬─┴─┬─┴─┬─┴─┬─┴─┬─┴─┬─┴─┬─┴─┬─┴─┬─┴───┴───┤
│  ⇧ │ ⇚ │ x │ y │ ü │ l │ ö │ w │ d │ , │ . │ b │ ⇗       │
├────┼───┴┬──┴─┬─┴───┴───┴───┴───┴───┴─┬─┴──┬┴───┼────┬────┤
│Strg│ Fe │ Alt│      Leerzeichen      │ M4 │ Fe │ Me │Strg│
└────┴────┴────┴───────────────────────┴────┴────┴────┴────┘
# 9.343872960098064 x100 total penalty per letter
# 34.19606101641807 x10 billion total penalty compared to notime-noeffort
# 7.16464159399603 mean key position cost in file 1gramme.txt ( 52.4413211 )
# 10.77181149243451 % finger repeats in file 2gramme.txt ( 51.99991804191373 )
# 12.691084932970417 million keystrokes disbalance of the fingers ( 19.03662739945563 )
# 0.33999201997012923 % finger repeats top to bottom or vice versa ( 6.838666050493805 )
# 4.505627663524549 % of trigrams have no handswitching (after direction change counted x 1 ) ( 19.929808462423726 )
# 7.68181701734937 billion (rows²/dist)² to cross ( 99.8636212255418 )
# 0.008556002376510774 hand disbalance. Left: 0.5085560023765108 %, Right: 0.4914439976234893 % ( 0.25050133328928287 )
# 0.36597309448071924 badly positioned shortcut keys (weighted).
# 6.715609476737384 no handswitching after unbalancing key (weighted).
# 30.494083518329514 movement pattern cost (weighted).
# 0.8837841726614434 asymmetric bigram cost (weighted).
# 12.24095384119784 irregularity cost (weighted).
# 16.902207574479757 manually assigned bigram penalty (weighted)
# 13.285246087617653 unbalancing key after neighboring finger (weighted)
# 0.8837841726614434 asymmetrc bigrams (weighted)
# 10.712288785558473 inconsistent symmetries of similar keys (weighted)
# 12.24095384119784 irregularity cost for randomly sampled words (weighted).
# Finger load %: 11.7 5.3 13.8 12.1 - 13.4 11.1 7.5 9.5
 
