
# Evolved Layout
üoxvö pgclfjß
haeiy wtnrs⇘
kzquä bd,.m
┌───┬───┬───┬───┬───┬───┬───┬───┬───┬───┬───┬───┬───┬──────┐
│ ^ │ 1 │ 2 │ 3 │ 4 │ 5 │ 6 │ 7 │ 8 │ 9 │ 0 │ - │ ` │ ←    │
├───┴─┬─┴─┬─┴─┬─┴─┬─┴─┬─┴─┬─┴─┬─┴─┬─┴─┬─┴─┬─┴─┬─┴─┬─┴─┬────┤
│   ⇥ │ ü │ o │ x │ v │ ö │ p │ g │ c │ l │ f │ j │ ß │ Ret│
├─────┴┬──┴┬──┴┬──┴┬──┴┬──┴┬──┴┬──┴┬──┴┬──┴┬──┴┬──┴┬──┴┐   │
│    ⇩ │ h │ a │ e │ i │ y │ w │ t │ n │ r │ s │ ⇘ │ ´ │   │
├────┬─┴─┬─┴─┬─┴─┬─┴─┬─┴─┬─┴─┬─┴─┬─┴─┬─┴─┬─┴─┬─┴─┬─┴───┴───┤
│  ⇧ │ ⇚ │ k │ z │ q │ u │ ä │ b │ d │ , │ . │ m │ ⇗       │
├────┼───┴┬──┴─┬─┴───┴───┴───┴───┴───┴─┬─┴──┬┴───┼────┬────┤
│Strg│ Fe │ Alt│      Leerzeichen      │ M4 │ Fe │ Me │Strg│
└────┴────┴────┴───────────────────────┴────┴────┴────┴────┘
# 8.91094341128849 x100 total penalty per letter
# 32.611655349718255 x10 billion total penalty compared to notime-noeffort
# 7.588858544207322 mean key position cost in file 1gramme.txt ( 55.5463609 )
# 8.556316436470784 % finger repeats in file 2gramme.txt ( 41.304821733062376 )
# 12.780136607171944 million keystrokes disbalance of the fingers ( 19.170204910757917 )
# 0.50107239017027 % finger repeats top to bottom or vice versa ( 10.07866815167682 )
# 1.6951289597570796 % of trigrams have no handswitching (after direction change counted x 1 ) ( 7.498088614947555 )
# 8.28163403414026 billion (rows²/dist)² to cross ( 107.6612424438234 )
# 0.03597692135754471 hand disbalance. Left: 0.4640230786424553 %, Right: 0.5359769213575447 % ( 1.0533268191288094 )
# 0.36597309448071924 badly positioned shortcut keys (weighted).
# 8.639758895497934 no handswitching after unbalancing key (weighted).
# 24.59419210857339 movement pattern cost (weighted).
# 0.8639601260644827 asymmetric bigram cost (weighted).
# 5.179122748337996 irregularity cost (weighted).
# 21.54398818376324 manually assigned bigram penalty (weighted)
# 10.873406828434792 unbalancing key after neighboring finger (weighted)
# 0.8639601260644827 asymmetrc bigrams (weighted)
# 11.743437938633168 inconsistent symmetries of similar keys (weighted)
# 5.179122748337996 irregularity cost for randomly sampled words (weighted).
# Finger load %: 10.5 8.0 11.0 9.6 - 14.6 9.8 9.3 11.5
 
