
# Evolved Layout
ßldbq äöüwvxj
rntgm yaeus⇘
czphk oi,.f
┌───┬───┬───┬───┬───┬───┬───┬───┬───┬───┬───┬───┬───┬──────┐
│ ^ │ 1 │ 2 │ 3 │ 4 │ 5 │ 6 │ 7 │ 8 │ 9 │ 0 │ - │ ` │ ←    │
├───┴─┬─┴─┬─┴─┬─┴─┬─┴─┬─┴─┬─┴─┬─┴─┬─┴─┬─┴─┬─┴─┬─┴─┬─┴─┬────┤
│   ⇥ │ ß │ l │ d │ b │ q │ ä │ ö │ ü │ w │ v │ x │ j │ Ret│
├─────┴┬──┴┬──┴┬──┴┬──┴┬──┴┬──┴┬──┴┬──┴┬──┴┬──┴┬──┴┬──┴┐   │
│    ⇩ │ r │ n │ t │ g │ m │ y │ a │ e │ u │ s │ ⇘ │ ´ │   │
├────┬─┴─┬─┴─┬─┴─┬─┴─┬─┴─┬─┴─┬─┴─┬─┴─┬─┴─┬─┴─┬─┴─┬─┴───┴───┤
│  ⇧ │ ⇚ │ c │ z │ p │ h │ k │ o │ i │ , │ . │ f │ ⇗       │
├────┼───┴┬──┴─┬─┴───┴───┴───┴───┴───┴─┬─┴──┬┴───┼────┬────┤
│Strg│ Fe │ Alt│      Leerzeichen      │ M4 │ Fe │ Me │Strg│
└────┴────┴────┴───────────────────────┴────┴────┴────┴────┘
# 9.819207721065549 x100 total penalty per letter
# 35.9356583502733 x10 billion total penalty compared to notime-noeffort
# 8.004829016615972 mean key position cost in file 1gramme.txt ( 58.59104092 )
# 11.575537761569919 % finger repeats in file 2gramme.txt ( 55.879831847732525 )
# 14.408781932357519 million keystrokes disbalance of the fingers ( 21.613172898536277 )
# 0.3696245444106041 % finger repeats top to bottom or vice versa ( 7.434700448299105 )
# 2.04833751976755 % of trigrams have no handswitching (after direction change counted x 1 ) ( 9.06044118244546 )
# 8.751717084739006 billion (rows²/dist)² to cross ( 113.77232210160709 )
# 0.008629486911723605 hand disbalance. Left: 0.4913705130882764 %, Right: 0.5086294869117236 % ( 0.25265280230914827 )
# 0.7319461889614385 badly positioned shortcut keys (weighted).
# 8.500250076567355 no handswitching after unbalancing key (weighted).
# 25.47303997821067 movement pattern cost (weighted).
# 0.8818875463547449 asymmetric bigram cost (weighted).
# 18.86698871046679 irregularity cost (weighted).
# 23.120581382397063 manually assigned bigram penalty (weighted)
# 9.60605591588368 unbalancing key after neighboring finger (weighted)
# 0.8818875463547449 asymmetrc bigrams (weighted)
# 5.571671502961734 inconsistent symmetries of similar keys (weighted)
# 18.86698871046679 irregularity cost for randomly sampled words (weighted).
# Finger load %: 12.6 10.1 9.1 9.7 - 14.4 12.3 5.1 11.1
 
