
# Evolved Layout
ßmogq xälwbzj
huetc pirns⇘
küödy va,.f
┌───┬───┬───┬───┬───┬───┬───┬───┬───┬───┬───┬───┬───┬──────┐
│ ^ │ 1 │ 2 │ 3 │ 4 │ 5 │ 6 │ 7 │ 8 │ 9 │ 0 │ - │ ` │ ←    │
├───┴─┬─┴─┬─┴─┬─┴─┬─┴─┬─┴─┬─┴─┬─┴─┬─┴─┬─┴─┬─┴─┬─┴─┬─┴─┬────┤
│   ⇥ │ ß │ m │ o │ g │ q │ x │ ä │ l │ w │ b │ z │ j │ Ret│
├─────┴┬──┴┬──┴┬──┴┬──┴┬──┴┬──┴┬──┴┬──┴┬──┴┬──┴┬──┴┬──┴┐   │
│    ⇩ │ h │ u │ e │ t │ c │ p │ i │ r │ n │ s │ ⇘ │ ´ │   │
├────┬─┴─┬─┴─┬─┴─┬─┴─┬─┴─┬─┴─┬─┴─┬─┴─┬─┴─┬─┴─┬─┴─┬─┴───┴───┤
│  ⇧ │ ⇚ │ k │ ü │ ö │ d │ y │ v │ a │ , │ . │ f │ ⇗       │
├────┼───┴┬──┴─┬─┴───┴───┴───┴───┴───┴─┬─┴──┬┴───┼────┬────┤
│Strg│ Fe │ Alt│      Leerzeichen      │ M4 │ Fe │ Me │Strg│
└────┴────┴────┴───────────────────────┴────┴────┴────┴────┘
# 9.61860944139627 x100 total penalty per letter
# 35.20152261869255 x10 billion total penalty compared to notime-noeffort
# 7.361327787832589 mean key position cost in file 1gramme.txt ( 53.8809582 )
# 12.266043707521497 % finger repeats in file 2gramme.txt ( 59.21318507454629 )
# 13.18174306702422 million keystrokes disbalance of the fingers ( 19.772614600536333 )
# 0.33312999699768114 % finger repeats top to bottom or vice versa ( 6.7006419770361045 )
# 4.7525573762350986 % of trigrams have no handswitching (after direction change counted x 1 ) ( 21.022056256852636 )
# 8.491575030660243 billion (rows²/dist)² to cross ( 110.39047539858316 )
# 0.008110989679844915 hand disbalance. Left: 0.4918890103201551 %, Right: 0.5081109896798449 % ( 0.23747231939472177 )
# 1.463892377922877 badly positioned shortcut keys (weighted).
# 8.737659811457432 no handswitching after unbalancing key (weighted).
# 22.22025175512223 movement pattern cost (weighted).
# 0.8621749360634337 asymmetric bigram cost (weighted).
# 4.290073815557925 irregularity cost (weighted).
# 19.685912755668472 manually assigned bigram penalty (weighted)
# 11.727266058956156 unbalancing key after neighboring finger (weighted)
# 0.8621749360634337 asymmetrc bigrams (weighted)
# 11.810590849227724 inconsistent symmetries of similar keys (weighted)
# 4.290073815557925 irregularity cost for randomly sampled words (weighted).
# Finger load %: 10.0 4.9 13.6 12.9 - 13.0 9.1 9.0 11.9
 
