
# Evolved Layout
ßouzj whcpkvq
aeiry gmtns⇘
üäölx bd,.f
┌───┬───┬───┬───┬───┬───┬───┬───┬───┬───┬───┬───┬───┬──────┐
│ ^ │ 1 │ 2 │ 3 │ 4 │ 5 │ 6 │ 7 │ 8 │ 9 │ 0 │ - │ ` │ ←    │
├───┴─┬─┴─┬─┴─┬─┴─┬─┴─┬─┴─┬─┴─┬─┴─┬─┴─┬─┴─┬─┴─┬─┴─┬─┴─┬────┤
│   ⇥ │ ß │ o │ u │ z │ j │ w │ h │ c │ p │ k │ v │ q │ Ret│
├─────┴┬──┴┬──┴┬──┴┬──┴┬──┴┬──┴┬──┴┬──┴┬──┴┬──┴┬──┴┬──┴┐   │
│    ⇩ │ a │ e │ i │ r │ y │ g │ m │ t │ n │ s │ ⇘ │ ´ │   │
├────┬─┴─┬─┴─┬─┴─┬─┴─┬─┴─┬─┴─┬─┴─┬─┴─┬─┴─┬─┴─┬─┴─┬─┴───┴───┤
│  ⇧ │ ⇚ │ ü │ ä │ ö │ l │ x │ b │ d │ , │ . │ f │ ⇗       │
├────┼───┴┬──┴─┬─┴───┴───┴───┴───┴───┴─┬─┴──┬┴───┼────┬────┤
│Strg│ Fe │ Alt│      Leerzeichen      │ M4 │ Fe │ Me │Strg│
└────┴────┴────┴───────────────────────┴────┴────┴────┴────┘
# 9.236481109898907 x100 total penalty per letter
# 33.80303573902412 x10 billion total penalty compared to notime-noeffort
# 7.4792285069038185 mean key position cost in file 1gramme.txt ( 54.74392802 )
# 10.26140871849419 % finger repeats in file 2gramme.txt ( 49.535996125725084 )
# 13.420078248067101 million keystrokes disbalance of the fingers ( 20.13011737210065 )
# 0.43955327958750295 % finger repeats top to bottom or vice versa ( 8.841260717714384 )
# 3.2268924671085295 % of trigrams have no handswitching (after direction change counted x 1 ) ( 14.273560445073059 )
# 8.339441605220758 billion (rows²/dist)² to cross ( 108.41274086786986 )
# 0.0027439612178546957 hand disbalance. Left: 0.5027439612178547 %, Right: 0.49725603878214536 % ( 0.08033727824266929 )
# 1.0979192834421578 badly positioned shortcut keys (weighted).
# 8.654419446752112 no handswitching after unbalancing key (weighted).
# 27.775097951347135 movement pattern cost (weighted).
# 0.8561635955696729 asymmetric bigram cost (weighted).
# 3.3213763272472923 irregularity cost (weighted).
# 20.11674886903074 manually assigned bigram penalty (weighted)
# 11.265642041284636 unbalancing key after neighboring finger (weighted)
# 0.8561635955696729 asymmetrc bigrams (weighted)
# 8.925049048841608 inconsistent symmetries of similar keys (weighted)
# 3.3213763272472923 irregularity cost for randomly sampled words (weighted).
# Finger load %: 10.9 14.0 8.1 9.4 - 13.8 8.3 8.8 11.0
 
