
# Evolved Layout
jhsuä qfyozxß
rlnip wteac⇘
mküvö bd,.g
┌───┬───┬───┬───┬───┬───┬───┬───┬───┬───┬───┬───┬───┬──────┐
│ ^ │ 1 │ 2 │ 3 │ 4 │ 5 │ 6 │ 7 │ 8 │ 9 │ 0 │ - │ ` │ ←    │
├───┴─┬─┴─┬─┴─┬─┴─┬─┴─┬─┴─┬─┴─┬─┴─┬─┴─┬─┴─┬─┴─┬─┴─┬─┴─┬────┤
│   ⇥ │ j │ h │ s │ u │ ä │ q │ f │ y │ o │ z │ x │ ß │ Ret│
├─────┴┬──┴┬──┴┬──┴┬──┴┬──┴┬──┴┬──┴┬──┴┬──┴┬──┴┬──┴┬──┴┐   │
│    ⇩ │ r │ l │ n │ i │ p │ w │ t │ e │ a │ c │ ⇘ │ ´ │   │
├────┬─┴─┬─┴─┬─┴─┬─┴─┬─┴─┬─┴─┬─┴─┬─┴─┬─┴─┬─┴─┬─┴─┬─┴───┴───┤
│  ⇧ │ ⇚ │ m │ k │ ü │ v │ ö │ b │ d │ , │ . │ g │ ⇗       │
├────┼───┴┬──┴─┬─┴───┴───┴───┴───┴───┴─┬─┴──┬┴───┼────┬────┤
│Strg│ Fe │ Alt│      Leerzeichen      │ M4 │ Fe │ Me │Strg│
└────┴────┴────┴───────────────────────┴────┴────┴────┴────┘
# 9.739743558671739 x100 total penalty per letter
# 35.6448408961575 x10 billion total penalty compared to notime-noeffort
# 7.695245209203132 mean key position cost in file 1gramme.txt ( 56.32505404 )
# 12.614889414050076 % finger repeats in file 2gramme.txt ( 60.897205275001895 )
# 12.703072331005677 million keystrokes disbalance of the fingers ( 19.054608496508518 )
# 0.3709241570669172 % finger repeats top to bottom or vice versa ( 7.460841111695562 )
# 3.6458767035401176 % of trigrams have no handswitching (after direction change counted x 1 ) ( 16.126859520018005 )
# 8.246152633273017 billion (rows²/dist)² to cross ( 107.19998423254921 )
# 0.009685227728751244 hand disbalance. Left: 0.49031477227124876 %, Right: 0.5096852277287512 % ( 0.2835626210113249 )
# 1.463892377922877 badly positioned shortcut keys (weighted).
# 6.548900945370505 no handswitching after unbalancing key (weighted).
# 25.19174434637355 movement pattern cost (weighted).
# 0.8713774262296416 asymmetric bigram cost (weighted).
# 6.796669571749401 irregularity cost (weighted).
# 18.683470915513094 manually assigned bigram penalty (weighted)
# 12.4436324332324 unbalancing key after neighboring finger (weighted)
# 0.8713774262296416 asymmetrc bigrams (weighted)
# 17.10060564839899 inconsistent symmetries of similar keys (weighted)
# 6.796669571749401 irregularity cost for randomly sampled words (weighted).
# Finger load %: 12.5 7.2 11.4 10.2 - 13.1 12.4 8.6 9.0
 
