
# Evolved Layout
ßlpüä qwamvzj
hrneu btisg⇘
kxyoö fd,.c
┌───┬───┬───┬───┬───┬───┬───┬───┬───┬───┬───┬───┬───┬──────┐
│ ^ │ 1 │ 2 │ 3 │ 4 │ 5 │ 6 │ 7 │ 8 │ 9 │ 0 │ - │ ` │ ←    │
├───┴─┬─┴─┬─┴─┬─┴─┬─┴─┬─┴─┬─┴─┬─┴─┬─┴─┬─┴─┬─┴─┬─┴─┬─┴─┬────┤
│   ⇥ │ ß │ l │ p │ ü │ ä │ q │ w │ a │ m │ v │ z │ j │ Ret│
├─────┴┬──┴┬──┴┬──┴┬──┴┬──┴┬──┴┬──┴┬──┴┬──┴┬──┴┬──┴┬──┴┐   │
│    ⇩ │ h │ r │ n │ e │ u │ b │ t │ i │ s │ g │ ⇘ │ ´ │   │
├────┬─┴─┬─┴─┬─┴─┬─┴─┬─┴─┬─┴─┬─┴─┬─┴─┬─┴─┬─┴─┬─┴─┬─┴───┴───┤
│  ⇧ │ ⇚ │ k │ x │ y │ o │ ö │ f │ d │ , │ . │ c │ ⇗       │
├────┼───┴┬──┴─┬─┴───┴───┴───┴───┴───┴─┬─┴──┬┴───┼────┬────┤
│Strg│ Fe │ Alt│      Leerzeichen      │ M4 │ Fe │ Me │Strg│
└────┴────┴────┴───────────────────────┴────┴────┴────┴────┘
# 9.225181103161189 x100 total penalty per letter
# 33.76168075468956 x10 billion total penalty compared to notime-noeffort
# 7.3384839090718765 mean key position cost in file 1gramme.txt ( 53.7137533 )
# 10.979231401404844 % finger repeats in file 2gramme.txt ( 53.00121835934815 )
# 11.71762966121446 million keystrokes disbalance of the fingers ( 17.57644449182169 )
# 0.32413062671939546 % finger repeats top to bottom or vice versa ( 6.519626881436678 )
# 5.211048193190191 % of trigrams have no handswitching (after direction change counted x 1 ) ( 23.050105364786962 )
# 7.166027356669353 billion (rows²/dist)² to cross ( 93.1583556367016 )
# 0.013723050700901296 hand disbalance. Left: 0.5137230507009013 %, Right: 0.48627694929909865 % ( 0.40178138645797207 )
# 1.0979192834421578 badly positioned shortcut keys (weighted).
# 7.244887009945353 no handswitching after unbalancing key (weighted).
# 29.00156956417366 movement pattern cost (weighted).
# 0.8777393831261748 asymmetric bigram cost (weighted).
# 4.818677634651125 irregularity cost (weighted).
# 15.935729503072046 manually assigned bigram penalty (weighted)
# 13.095926502180806 unbalancing key after neighboring finger (weighted)
# 0.8777393831261748 asymmetrc bigrams (weighted)
# 18.123073245751243 inconsistent symmetries of similar keys (weighted)
# 4.818677634651125 irregularity cost for randomly sampled words (weighted).
# Finger load %: 10.4 8.2 7.9 16.9 - 13.1 11.1 8.0 8.9
 
