
# Evolved Layout
jlioö vwmfzqß
crueü dtsnh⇘
gxyaä pb,.k
┌───┬───┬───┬───┬───┬───┬───┬───┬───┬───┬───┬───┬───┬──────┐
│ ^ │ 1 │ 2 │ 3 │ 4 │ 5 │ 6 │ 7 │ 8 │ 9 │ 0 │ - │ ` │ ←    │
├───┴─┬─┴─┬─┴─┬─┴─┬─┴─┬─┴─┬─┴─┬─┴─┬─┴─┬─┴─┬─┴─┬─┴─┬─┴─┬────┤
│   ⇥ │ j │ l │ i │ o │ ö │ v │ w │ m │ f │ z │ q │ ß │ Ret│
├─────┴┬──┴┬──┴┬──┴┬──┴┬──┴┬──┴┬──┴┬──┴┬──┴┬──┴┬──┴┬──┴┐   │
│    ⇩ │ c │ r │ u │ e │ ü │ d │ t │ s │ n │ h │ ⇘ │ ´ │   │
├────┬─┴─┬─┴─┬─┴─┬─┴─┬─┴─┬─┴─┬─┴─┬─┴─┬─┴─┬─┴─┬─┴─┬─┴───┴───┤
│  ⇧ │ ⇚ │ g │ x │ y │ a │ ä │ p │ b │ , │ . │ k │ ⇗       │
├────┼───┴┬──┴─┬─┴───┴───┴───┴───┴───┴─┬─┴──┬┴───┼────┬────┤
│Strg│ Fe │ Alt│      Leerzeichen      │ M4 │ Fe │ Me │Strg│
└────┴────┴────┴───────────────────────┴────┴────┴────┴────┘
# 8.908995185950534 x100 total penalty per letter
# 32.60452536916148 x10 billion total penalty compared to notime-noeffort
# 7.5529718541799165 mean key position cost in file 1gramme.txt ( 55.28368964 )
# 11.18719978613037 % finger repeats in file 2gramme.txt ( 54.00516639247442 )
# 11.945733003909895 million keystrokes disbalance of the fingers ( 17.91859950586484 )
# 0.39997077251985935 % finger repeats top to bottom or vice versa ( 8.04509042142123 )
# 3.610174425239863 % of trigrams have no handswitching (after direction change counted x 1 ) ( 15.968937112457231 )
# 7.94277106116586 billion (rows²/dist)² to cross ( 103.2560237951562 )
# 0.0411626200825872 hand disbalance. Left: 0.5411626200825872 %, Right: 0.45883737991741286 % ( 1.205152915884691 )
# 0.7319461889614385 badly positioned shortcut keys (weighted).
# 7.270565872419229 no handswitching after unbalancing key (weighted).
# 22.212570131883794 movement pattern cost (weighted).
# 0.8656690292595945 asymmetric bigram cost (weighted).
# 4.364939667928055 irregularity cost (weighted).
# 16.405056592194835 manually assigned bigram penalty (weighted)
# 9.2379877624826 unbalancing key after neighboring finger (weighted)
# 0.8656690292595945 asymmetrc bigrams (weighted)
# 9.273858663226633 inconsistent symmetries of similar keys (weighted)
# 4.364939667928055 irregularity cost for randomly sampled words (weighted).
# Finger load %: 10.3 8.2 8.4 18.8 - 13.3 7.8 9.2 8.4
 
