
# Evolved Layout
öulüq vdbwzßj
hireo gtsnm⇘
kyxaä pf,.c
┌───┬───┬───┬───┬───┬───┬───┬───┬───┬───┬───┬───┬───┬──────┐
│ ^ │ 1 │ 2 │ 3 │ 4 │ 5 │ 6 │ 7 │ 8 │ 9 │ 0 │ - │ ` │ ←    │
├───┴─┬─┴─┬─┴─┬─┴─┬─┴─┬─┴─┬─┴─┬─┴─┬─┴─┬─┴─┬─┴─┬─┴─┬─┴─┬────┤
│   ⇥ │ ö │ u │ l │ ü │ q │ v │ d │ b │ w │ z │ ß │ j │ Ret│
├─────┴┬──┴┬──┴┬──┴┬──┴┬──┴┬──┴┬──┴┬──┴┬──┴┬──┴┬──┴┬──┴┐   │
│    ⇩ │ h │ i │ r │ e │ o │ g │ t │ s │ n │ m │ ⇘ │ ´ │   │
├────┬─┴─┬─┴─┬─┴─┬─┴─┬─┴─┬─┴─┬─┴─┬─┴─┬─┴─┬─┴─┬─┴─┬─┴───┴───┤
│  ⇧ │ ⇚ │ k │ y │ x │ a │ ä │ p │ f │ , │ . │ c │ ⇗       │
├────┼───┴┬──┴─┬─┴───┴───┴───┴───┴───┴─┬─┴──┬┴───┼────┬────┤
│Strg│ Fe │ Alt│      Leerzeichen      │ M4 │ Fe │ Me │Strg│
└────┴────┴────┴───────────────────────┴────┴────┴────┴────┘
# 9.067804571352315 x100 total penalty per letter
# 33.185724991242196 x10 billion total penalty compared to notime-noeffort
# 7.505408685568577 mean key position cost in file 1gramme.txt ( 54.93555284 )
# 12.097514830296227 % finger repeats in file 2gramme.txt ( 58.3996275954199 )
# 12.164102181708236 million keystrokes disbalance of the fingers ( 18.246153272562353 )
# 0.34520865262809486 % finger repeats top to bottom or vice versa ( 6.943594421045153 )
# 3.5210308283573992 % of trigrams have no handswitching (after direction change counted x 1 ) ( 15.574626942111454 )
# 7.778058555903123 billion (rows²/dist)² to cross ( 101.1147612267406 )
# 0.040222115612153386 hand disbalance. Left: 0.5402221156121534 %, Right: 0.4597778843878466 % ( 1.177616969371282 )
# 1.0979192834421578 badly positioned shortcut keys (weighted).
# 7.965725254155066 no handswitching after unbalancing key (weighted).
# 24.279402138040975 movement pattern cost (weighted).
# 0.870679867029905 asymmetric bigram cost (weighted).
# 3.9640022559074963 irregularity cost (weighted).
# 16.928217603128594 manually assigned bigram penalty (weighted)
# 12.250966554504156 unbalancing key after neighboring finger (weighted)
# 0.870679867029905 asymmetrc bigrams (weighted)
# 8.108403688962824 inconsistent symmetries of similar keys (weighted)
# 3.9640022559074963 irregularity cost for randomly sampled words (weighted).
# Finger load %: 10.3 8.6 8.0 18.7 - 14.1 7.3 9.0 8.4
 
