
# Evolved Layout
ßlpgq jfouüäö
hrntc kseia⇘
zxbdy wm,.v
┌───┬───┬───┬───┬───┬───┬───┬───┬───┬───┬───┬───┬───┬──────┐
│ ^ │ 1 │ 2 │ 3 │ 4 │ 5 │ 6 │ 7 │ 8 │ 9 │ 0 │ - │ ` │ ←    │
├───┴─┬─┴─┬─┴─┬─┴─┬─┴─┬─┴─┬─┴─┬─┴─┬─┴─┬─┴─┬─┴─┬─┴─┬─┴─┬────┤
│   ⇥ │ ß │ l │ p │ g │ q │ j │ f │ o │ u │ ü │ ä │ ö │ Ret│
├─────┴┬──┴┬──┴┬──┴┬──┴┬──┴┬──┴┬──┴┬──┴┬──┴┬──┴┬──┴┬──┴┐   │
│    ⇩ │ h │ r │ n │ t │ c │ k │ s │ e │ i │ a │ ⇘ │ ´ │   │
├────┬─┴─┬─┴─┬─┴─┬─┴─┬─┴─┬─┴─┬─┴─┬─┴─┬─┴─┬─┴─┬─┴─┬─┴───┴───┤
│  ⇧ │ ⇚ │ z │ x │ b │ d │ y │ w │ m │ , │ . │ v │ ⇗       │
├────┼───┴┬──┴─┬─┴───┴───┴───┴───┴───┴─┬─┴──┬┴───┼────┬────┤
│Strg│ Fe │ Alt│      Leerzeichen      │ M4 │ Fe │ Me │Strg│
└────┴────┴────┴───────────────────────┴────┴────┴────┴────┘
# 9.060917945539922 x100 total penalty per letter
# 33.16052179365126 x10 billion total penalty compared to notime-noeffort
# 7.3491223113443835 mean key position cost in file 1gramme.txt ( 53.79162068 )
# 9.910014029160752 % finger repeats in file 2gramme.txt ( 47.83967094787212 )
# 10.899206855654759 million keystrokes disbalance of the fingers ( 16.34881028348214 )
# 0.3135556918743383 % finger repeats top to bottom or vice versa ( 6.30692057169026 )
# 2.7767417252452606 % of trigrams have no handswitching (after direction change counted x 1 ) ( 12.28240211275428 )
# 8.491155559321589 billion (rows²/dist)² to cross ( 110.38502227118065 )
# 0.031449366295019265 hand disbalance. Left: 0.46855063370498073 %, Right: 0.5314493662950193 % ( 0.9207697521956667 )
# 0.7319461889614385 badly positioned shortcut keys (weighted).
# 8.891042658189336 no handswitching after unbalancing key (weighted).
# 26.188100302759487 movement pattern cost (weighted).
# 0.864228638799472 asymmetric bigram cost (weighted).
# 4.452077616658026 irregularity cost (weighted).
# 15.628155256455829 manually assigned bigram penalty (weighted)
# 12.128920489325536 unbalancing key after neighboring finger (weighted)
# 0.864228638799472 asymmetrc bigrams (weighted)
# 14.845530166188366 inconsistent symmetries of similar keys (weighted)
# 4.452077616658026 irregularity cost for randomly sampled words (weighted).
# Finger load %: 9.5 8.2 8.8 12.9 - 11.2 14.7 9.4 9.5
 
