
# Evolved Layout
öyczj üvdfgkß
aenrm bitsh⇘
oäxlq pu,.w
┌───┬───┬───┬───┬───┬───┬───┬───┬───┬───┬───┬───┬───┬──────┐
│ ^ │ 1 │ 2 │ 3 │ 4 │ 5 │ 6 │ 7 │ 8 │ 9 │ 0 │ - │ ` │ ←    │
├───┴─┬─┴─┬─┴─┬─┴─┬─┴─┬─┴─┬─┴─┬─┴─┬─┴─┬─┴─┬─┴─┬─┴─┬─┴─┬────┤
│   ⇥ │ ö │ y │ c │ z │ j │ ü │ v │ d │ f │ g │ k │ ß │ Ret│
├─────┴┬──┴┬──┴┬──┴┬──┴┬──┴┬──┴┬──┴┬──┴┬──┴┬──┴┬──┴┬──┴┐   │
│    ⇩ │ a │ e │ n │ r │ m │ b │ i │ t │ s │ h │ ⇘ │ ´ │   │
├────┬─┴─┬─┴─┬─┴─┬─┴─┬─┴─┬─┴─┬─┴─┬─┴─┬─┴─┬─┴─┬─┴─┬─┴───┴───┤
│  ⇧ │ ⇚ │ o │ ä │ x │ l │ q │ p │ u │ , │ . │ w │ ⇗       │
├────┼───┴┬──┴─┬─┴───┴───┴───┴───┴───┴─┬─┴──┬┴───┼────┬────┤
│Strg│ Fe │ Alt│      Leerzeichen      │ M4 │ Fe │ Me │Strg│
└────┴────┴────┴───────────────────────┴────┴────┴────┴────┘
# 9.258181945573071 x100 total penalty per letter
# 33.88245495886903 x10 billion total penalty compared to notime-noeffort
# 7.360824483073911 mean key position cost in file 1gramme.txt ( 53.87727428 )
# 9.549592508340778 % finger repeats in file 2gramme.txt ( 46.09976958064677 )
# 14.429185902995268 million keystrokes disbalance of the fingers ( 21.6437788544929 )
# 0.3611361538669121 % finger repeats top to bottom or vice versa ( 7.263963299116665 )
# 4.743564472622876 % of trigrams have no handswitching (after direction change counted x 1 ) ( 20.982277815335255 )
# 8.062901177921868 billion (rows²/dist)² to cross ( 104.81771531298428 )
# 0.026281304749500967 hand disbalance. Left: 0.526281304749501 %, Right: 0.473718695250499 % ( 0.7694600340932555 )
# 0.36597309448071924 badly positioned shortcut keys (weighted).
# 7.313011019654824 no handswitching after unbalancing key (weighted).
# 31.070798351076274 movement pattern cost (weighted).
# 0.8850198064920631 asymmetric bigram cost (weighted).
# 2.8233550720753176 irregularity cost (weighted).
# 19.071949337842508 manually assigned bigram penalty (weighted)
# 9.925678445448382 unbalancing key after neighboring finger (weighted)
# 0.8850198064920631 asymmetrc bigrams (weighted)
# 11.914525284951045 inconsistent symmetries of similar keys (weighted)
# 2.8233550720753176 irregularity cost for randomly sampled words (weighted).
# Finger load %: 13.2 11.7 8.8 10.8 - 12.3 9.3 7.5 10.8
 

# Evolved Layout
ßlcpk öfouäjq
hrntg mseia⇘
bxzdv yw,.ü
┌───┬───┬───┬───┬───┬───┬───┬───┬───┬───┬───┬───┬───┬──────┐
│ ^ │ 1 │ 2 │ 3 │ 4 │ 5 │ 6 │ 7 │ 8 │ 9 │ 0 │ - │ ` │ ←    │
├───┴─┬─┴─┬─┴─┬─┴─┬─┴─┬─┴─┬─┴─┬─┴─┬─┴─┬─┴─┬─┴─┬─┴─┬─┴─┬────┤
│   ⇥ │ ß │ l │ c │ p │ k │ ö │ f │ o │ u │ ä │ j │ q │ Ret│
├─────┴┬──┴┬──┴┬──┴┬──┴┬──┴┬──┴┬──┴┬──┴┬──┴┬──┴┬──┴┬──┴┐   │
│    ⇩ │ h │ r │ n │ t │ g │ m │ s │ e │ i │ a │ ⇘ │ ´ │   │
├────┬─┴─┬─┴─┬─┴─┬─┴─┬─┴─┬─┴─┬─┴─┬─┴─┬─┴─┬─┴─┬─┴─┬─┴───┴───┤
│  ⇧ │ ⇚ │ b │ x │ z │ d │ v │ y │ w │ , │ . │ ü │ ⇗       │
├────┼───┴┬──┴─┬─┴───┴───┴───┴───┴───┴─┬─┴──┬┴───┼────┬────┤
│Strg│ Fe │ Alt│      Leerzeichen      │ M4 │ Fe │ Me │Strg│
└────┴────┴────┴───────────────────────┴────┴────┴────┴────┘
# 9.108294439732333 x100 total penalty per letter
# 33.33390701550371 x10 billion total penalty compared to notime-noeffort
# 7.299859263672583 mean key position cost in file 1gramme.txt ( 53.43104168 )
# 10.47143866101946 % finger repeats in file 2gramme.txt ( 50.54989613737425 )
# 11.097065197609897 million keystrokes disbalance of the fingers ( 16.645597796414847 )
# 0.29426522519270776 % finger repeats top to bottom or vice versa ( 5.918908348328549 )
# 2.5555554749940166 % of trigrams have no handswitching (after direction change counted x 1 ) ( 11.30402575074023 )
# 8.523833437380864 billion (rows²/dist)² to cross ( 110.80983468595123 )
# 0.020284627548868728 hand disbalance. Left: 0.47971537245113127 %, Right: 0.5202846275488687 % ( 0.5938902331558669 )
# 0.36597309448071924 badly positioned shortcut keys (weighted).
# 8.836098279745915 no handswitching after unbalancing key (weighted).
# 27.693110507856815 movement pattern cost (weighted).
# 0.8645911739347036 asymmetric bigram cost (weighted).
# 4.038789610923025 irregularity cost (weighted).
# 17.309194188101674 manually assigned bigram penalty (weighted)
# 16.20246713576223 unbalancing key after neighboring finger (weighted)
# 0.8645911739347036 asymmetrc bigrams (weighted)
# 8.775651532267082 inconsistent symmetries of similar keys (weighted)
# 4.038789610923025 irregularity cost for randomly sampled words (weighted).
# Finger load %: 10.1 8.2 9.3 12.9 - 10.6 14.7 9.4 9.2
 
