
# Evolved Layout
ßouvy pfwlkqj
aeinm ghtrs⇘
äöücx bd,.z
┌───┬───┬───┬───┬───┬───┬───┬───┬───┬───┬───┬───┬───┬──────┐
│ ^ │ 1 │ 2 │ 3 │ 4 │ 5 │ 6 │ 7 │ 8 │ 9 │ 0 │ - │ ` │ ←    │
├───┴─┬─┴─┬─┴─┬─┴─┬─┴─┬─┴─┬─┴─┬─┴─┬─┴─┬─┴─┬─┴─┬─┴─┬─┴─┬────┤
│   ⇥ │ ß │ o │ u │ v │ y │ p │ f │ w │ l │ k │ q │ j │ Ret│
├─────┴┬──┴┬──┴┬──┴┬──┴┬──┴┬──┴┬──┴┬──┴┬──┴┬──┴┬──┴┬──┴┐   │
│    ⇩ │ a │ e │ i │ n │ m │ g │ h │ t │ r │ s │ ⇘ │ ´ │   │
├────┬─┴─┬─┴─┬─┴─┬─┴─┬─┴─┬─┴─┬─┴─┬─┴─┬─┴─┬─┴─┬─┴─┬─┴───┴───┤
│  ⇧ │ ⇚ │ ä │ ö │ ü │ c │ x │ b │ d │ , │ . │ z │ ⇗       │
├────┼───┴┬──┴─┬─┴───┴───┴───┴───┴───┴─┬─┴──┬┴───┼────┬────┤
│Strg│ Fe │ Alt│      Leerzeichen      │ M4 │ Fe │ Me │Strg│
└────┴────┴────┴───────────────────────┴────┴────┴────┴────┘
# 9.056999073139536 x100 total penalty per letter
# 33.146179775058826 x10 billion total penalty compared to notime-noeffort
# 7.204877139237118 mean key position cost in file 1gramme.txt ( 52.73582364 )
# 9.18523357184415 % finger repeats in file 2gramme.txt ( 44.34086070548028 )
# 12.58978579509469 million keystrokes disbalance of the fingers ( 18.884678692642034 )
# 0.35926112480867717 % finger repeats top to bottom or vice versa ( 7.226248597561707 )
# 3.740242270004665 % of trigrams have no handswitching (after direction change counted x 1 ) ( 16.54426810446712 )
# 8.265159025928838 billion (rows²/dist)² to cross ( 107.44706733707488 )
# 0.031134942953366274 hand disbalance. Left: 0.5311349429533663 %, Right: 0.46886505704663367 % ( 0.9115641135299296 )
# 1.0979192834421578 badly positioned shortcut keys (weighted).
# 11.661342676769173 no handswitching after unbalancing key (weighted).
# 29.208534504236482 movement pattern cost (weighted).
# 0.8623643951403954 asymmetric bigram cost (weighted).
# 3.6103810660034874 irregularity cost (weighted).
# 18.840074967482778 manually assigned bigram penalty (weighted)
# 12.904589303309894 unbalancing key after neighboring finger (weighted)
# 0.8623643951403954 asymmetrc bigrams (weighted)
# 5.186080363447943 inconsistent symmetries of similar keys (weighted)
# 3.6103810660034874 irregularity cost for randomly sampled words (weighted).
# Finger load %: 10.8 13.8 8.3 11.9 - 13.2 7.2 9.3 9.8
 

# Evolved Layout
öcovj wgmipzß
ruenü btsah⇘
xyälq fd,.k
┌───┬───┬───┬───┬───┬───┬───┬───┬───┬───┬───┬───┬───┬──────┐
│ ^ │ 1 │ 2 │ 3 │ 4 │ 5 │ 6 │ 7 │ 8 │ 9 │ 0 │ - │ ` │ ←    │
├───┴─┬─┴─┬─┴─┬─┴─┬─┴─┬─┴─┬─┴─┬─┴─┬─┴─┬─┴─┬─┴─┬─┴─┬─┴─┬────┤
│   ⇥ │ ö │ c │ o │ v │ j │ w │ g │ m │ i │ p │ z │ ß │ Ret│
├─────┴┬──┴┬──┴┬──┴┬──┴┬──┴┬──┴┬──┴┬──┴┬──┴┬──┴┬──┴┬──┴┐   │
│    ⇩ │ r │ u │ e │ n │ ü │ b │ t │ s │ a │ h │ ⇘ │ ´ │   │
├────┬─┴─┬─┴─┬─┴─┬─┴─┬─┴─┬─┴─┬─┴─┬─┴─┬─┴─┬─┴─┬─┴─┬─┴───┴───┤
│  ⇧ │ ⇚ │ x │ y │ ä │ l │ q │ f │ d │ , │ . │ k │ ⇗       │
├────┼───┴┬──┴─┬─┴───┴───┴───┴───┴───┴─┬─┴──┬┴───┼────┬────┤
│Strg│ Fe │ Alt│      Leerzeichen      │ M4 │ Fe │ Me │Strg│
└────┴────┴────┴───────────────────────┴────┴────┴────┴────┘
# 9.40573290972991 x100 total penalty per letter
# 34.422451788329944 x10 billion total penalty compared to notime-noeffort
# 7.511335457325058 mean key position cost in file 1gramme.txt ( 54.97893362 )
# 10.74324297390593 % finger repeats in file 2gramme.txt ( 51.86200617601183 )
# 12.823757170692705 million keystrokes disbalance of the fingers ( 19.23563575603906 )
# 0.43819693530977183 % finger repeats top to bottom or vice versa ( 8.813978943378281 )
# 4.841156101119543 % of trigrams have no handswitching (after direction change counted x 1 ) ( 21.413956286954253 )
# 7.635588362416381 billion (rows²/dist)² to cross ( 99.26264871141295 )
# 0.010081294168555188 hand disbalance. Left: 0.4899187058314448 %, Right: 0.5100812941685552 % ( 0.29515859385892573 )
# 0.36597309448071924 badly positioned shortcut keys (weighted).
# 7.534835404743438 no handswitching after unbalancing key (weighted).
# 34.7974292927859 movement pattern cost (weighted).
# 0.8830714218387872 asymmetric bigram cost (weighted).
# 2.3540414214239824 irregularity cost (weighted).
# 16.830100359276177 manually assigned bigram penalty (weighted)
# 10.395998880858711 unbalancing key after neighboring finger (weighted)
# 0.8830714218387872 asymmetrc bigrams (weighted)
# 15.200749920236364 inconsistent symmetries of similar keys (weighted)
# 2.3540414214239824 irregularity cost for randomly sampled words (weighted).
# Finger load %: 11.6 5.3 13.8 10.6 - 15.0 7.8 11.3 9.0
 
