
# Evolved Layout
öhlfk üpiäyßj
sornm wtaeu⇘
zgxbq vd,.c
┌───┬───┬───┬───┬───┬───┬───┬───┬───┬───┬───┬───┬───┬──────┐
│ ^ │ 1 │ 2 │ 3 │ 4 │ 5 │ 6 │ 7 │ 8 │ 9 │ 0 │ - │ ` │ ←    │
├───┴─┬─┴─┬─┴─┬─┴─┬─┴─┬─┴─┬─┴─┬─┴─┬─┴─┬─┴─┬─┴─┬─┴─┬─┴─┬────┤
│   ⇥ │ ö │ h │ l │ f │ k │ ü │ p │ i │ ä │ y │ ß │ j │ Ret│
├─────┴┬──┴┬──┴┬──┴┬──┴┬──┴┬──┴┬──┴┬──┴┬──┴┬──┴┬──┴┬──┴┐   │
│    ⇩ │ s │ o │ r │ n │ m │ w │ t │ a │ e │ u │ ⇘ │ ´ │   │
├────┬─┴─┬─┴─┬─┴─┬─┴─┬─┴─┬─┴─┬─┴─┬─┴─┬─┴─┬─┴─┬─┴─┬─┴───┴───┤
│  ⇧ │ ⇚ │ z │ g │ x │ b │ q │ v │ d │ , │ . │ c │ ⇗       │
├────┼───┴┬──┴─┬─┴───┴───┴───┴───┴───┴─┬─┴──┬┴───┼────┬────┤
│Strg│ Fe │ Alt│      Leerzeichen      │ M4 │ Fe │ Me │Strg│
└────┴────┴────┴───────────────────────┴────┴────┴────┴────┘
# 9.899233566605055 x100 total penalty per letter
# 36.22853141357859 x10 billion total penalty compared to notime-noeffort
# 7.605407640551668 mean key position cost in file 1gramme.txt ( 55.66749138 )
# 11.18450310577111 % finger repeats in file 2gramme.txt ( 53.99214841887126 )
# 11.760942639258934 million keystrokes disbalance of the fingers ( 17.6414139588884 )
# 0.4148120170880098 % finger repeats top to bottom or vice versa ( 8.34361012016064 )
# 2.992686833918103 % of trigrams have no handswitching (after direction change counted x 1 ) ( 13.23759525689447 )
# 8.562537511959423 billion (rows²/dist)² to cross ( 111.31298765547253 )
# 0.03512438699731946 hand disbalance. Left: 0.46487561300268054 %, Right: 0.5351243869973195 % ( 1.0283664480917871 )
# 0.7319461889614385 badly positioned shortcut keys (weighted).
# 9.288528086196655 no handswitching after unbalancing key (weighted).
# 31.527530045679303 movement pattern cost (weighted).
# 0.8945643303306244 asymmetric bigram cost (weighted).
# 15.41159803948738 irregularity cost (weighted).
# 19.843214259386755 manually assigned bigram penalty (weighted)
# 12.62165977634042 unbalancing key after neighboring finger (weighted)
# 0.8945643303306244 asymmetrc bigrams (weighted)
# 10.742660171024266 inconsistent symmetries of similar keys (weighted)
# 15.41159803948738 irregularity cost for randomly sampled words (weighted).
# Finger load %: 10.7 8.1 8.0 12.3 - 12.2 11.1 12.5 9.4
 
