
# Evolved Layout
jodfv qxluwzß
iatnc üerhs⇘
öägmb py,.k
┌───┬───┬───┬───┬───┬───┬───┬───┬───┬───┬───┬───┬───┬──────┐
│ ^ │ 1 │ 2 │ 3 │ 4 │ 5 │ 6 │ 7 │ 8 │ 9 │ 0 │ - │ ` │ ←    │
├───┴─┬─┴─┬─┴─┬─┴─┬─┴─┬─┴─┬─┴─┬─┴─┬─┴─┬─┴─┬─┴─┬─┴─┬─┴─┬────┤
│   ⇥ │ j │ o │ d │ f │ v │ q │ x │ l │ u │ w │ z │ ß │ Ret│
├─────┴┬──┴┬──┴┬──┴┬──┴┬──┴┬──┴┬──┴┬──┴┬──┴┬──┴┬──┴┬──┴┐   │
│    ⇩ │ i │ a │ t │ n │ c │ ü │ e │ r │ h │ s │ ⇘ │ ´ │   │
├────┬─┴─┬─┴─┬─┴─┬─┴─┬─┴─┬─┴─┬─┴─┬─┴─┬─┴─┬─┴─┬─┴─┬─┴───┴───┤
│  ⇧ │ ⇚ │ ö │ ä │ g │ m │ b │ p │ y │ , │ . │ k │ ⇗       │
├────┼───┴┬──┴─┬─┴───┴───┴───┴───┴───┴─┬─┴──┬┴───┼────┬────┤
│Strg│ Fe │ Alt│      Leerzeichen      │ M4 │ Fe │ Me │Strg│
└────┴────┴────┴───────────────────────┴────┴────┴────┴────┘
# 10.326446446338359 x100 total penalty per letter
# 37.79201560955876 x10 billion total penalty compared to notime-noeffort
# 7.639609460818703 mean key position cost in file 1gramme.txt ( 55.9178303 )
# 10.595236395026717 % finger repeats in file 2gramme.txt ( 51.1475181832737 )
# 13.359732333414293 million keystrokes disbalance of the fingers ( 20.039598500121436 )
# 0.36450580076914085 % finger repeats top to bottom or vice versa ( 7.331741036589585 )
# 5.836008126420152 % of trigrams have no handswitching (after direction change counted x 1 ) ( 25.814499739136796 )
# 9.692516153819977 billion (rows²/dist)² to cross ( 126.0027099996597 )
# 0.007682462054995898 hand disbalance. Left: 0.5076824620549959 %, Right: 0.49231753794500416 % ( 0.22492595291980436 )
# 1.463892377922877 badly positioned shortcut keys (weighted).
# 9.636503252619304 no handswitching after unbalancing key (weighted).
# 26.959310838366513 movement pattern cost (weighted).
# 0.865046230110494 asymmetric bigram cost (weighted).
# 3.6541084874670755 irregularity cost (weighted).
# 19.450797536828695 manually assigned bigram penalty (weighted)
# 14.715541010957786 unbalancing key after neighboring finger (weighted)
# 0.865046230110494 asymmetrc bigrams (weighted)
# 14.696132649613844 inconsistent symmetries of similar keys (weighted)
# 3.6541084874670755 irregularity cost for randomly sampled words (weighted).
# Finger load %: 11.0 7.6 10.1 14.1 - 13.7 9.1 7.1 11.6
 
