
# Evolved Layout
äükfö wgilzqß
aetnp hdurs⇘
oyxcj bm,.v
┌───┬───┬───┬───┬───┬───┬───┬───┬───┬───┬───┬───┬───┬──────┐
│ ^ │ 1 │ 2 │ 3 │ 4 │ 5 │ 6 │ 7 │ 8 │ 9 │ 0 │ - │ ` │ ←    │
├───┴─┬─┴─┬─┴─┬─┴─┬─┴─┬─┴─┬─┴─┬─┴─┬─┴─┬─┴─┬─┴─┬─┴─┬─┴─┬────┤
│   ⇥ │ ä │ ü │ k │ f │ ö │ w │ g │ i │ l │ z │ q │ ß │ Ret│
├─────┴┬──┴┬──┴┬──┴┬──┴┬──┴┬──┴┬──┴┬──┴┬──┴┬──┴┬──┴┬──┴┐   │
│    ⇩ │ a │ e │ t │ n │ p │ h │ d │ u │ r │ s │ ⇘ │ ´ │   │
├────┬─┴─┬─┴─┬─┴─┬─┴─┬─┴─┬─┴─┬─┴─┬─┴─┬─┴─┬─┴─┬─┴─┬─┴───┴───┤
│  ⇧ │ ⇚ │ o │ y │ x │ c │ j │ b │ m │ , │ . │ v │ ⇗       │
├────┼───┴┬──┴─┬─┴───┴───┴───┴───┴───┴─┬─┴──┬┴───┼────┬────┤
│Strg│ Fe │ Alt│      Leerzeichen      │ M4 │ Fe │ Me │Strg│
└────┴────┴────┴───────────────────────┴────┴────┴────┴────┘
# 9.427228013195931 x100 total penalty per letter
# 34.501118083646375 x10 billion total penalty compared to notime-noeffort
# 7.569611003592363 mean key position cost in file 1gramme.txt ( 55.40547926 )
# 7.752746747990315 % finger repeats in file 2gramme.txt ( 37.425663805790975 )
# 14.184305202633688 million keystrokes disbalance of the fingers ( 21.27645780395053 )
# 0.45481036610011255 % finger repeats top to bottom or vice versa ( 9.148144742734727 )
# 4.024022264714049 % of trigrams have no handswitching (after direction change counted x 1 ) ( 17.79951628793585 )
# 8.094738334775778 billion (rows²/dist)² to cross ( 105.23159835208513 )
# 0.0032934261722697977 hand disbalance. Left: 0.5032934261722698 %, Right: 0.49670657382773026 % ( 0.09642442941674946 )
# 1.0979192834421578 badly positioned shortcut keys (weighted).
# 8.768137721750314 no handswitching after unbalancing key (weighted).
# 31.758195332465828 movement pattern cost (weighted).
# 0.8782438747786442 asymmetric bigram cost (weighted).
# 6.865053206091008 irregularity cost (weighted).
# 19.92952166708812 manually assigned bigram penalty (weighted)
# 15.301940262624171 unbalancing key after neighboring finger (weighted)
# 0.8782438747786442 asymmetrc bigrams (weighted)
# 14.028884806309584 inconsistent symmetries of similar keys (weighted)
# 6.865053206091008 irregularity cost for randomly sampled words (weighted).
# Finger load %: 13.2 11.7 6.0 11.5 - 13.8 9.2 9.3 9.6
 
