
# Evolved Layout
ükfäö qpluvjß
hsneo gtrim⇘
zwxay bd,.c
┌───┬───┬───┬───┬───┬───┬───┬───┬───┬───┬───┬───┬───┬──────┐
│ ^ │ 1 │ 2 │ 3 │ 4 │ 5 │ 6 │ 7 │ 8 │ 9 │ 0 │ - │ ` │ ←    │
├───┴─┬─┴─┬─┴─┬─┴─┬─┴─┬─┴─┬─┴─┬─┴─┬─┴─┬─┴─┬─┴─┬─┴─┬─┴─┬────┤
│   ⇥ │ ü │ k │ f │ ä │ ö │ q │ p │ l │ u │ v │ j │ ß │ Ret│
├─────┴┬──┴┬──┴┬──┴┬──┴┬──┴┬──┴┬──┴┬──┴┬──┴┬──┴┬──┴┬──┴┐   │
│    ⇩ │ h │ s │ n │ e │ o │ g │ t │ r │ i │ m │ ⇘ │ ´ │   │
├────┬─┴─┬─┴─┬─┴─┬─┴─┬─┴─┬─┴─┬─┴─┬─┴─┬─┴─┬─┴─┬─┴─┬─┴───┴───┤
│  ⇧ │ ⇚ │ z │ w │ x │ a │ y │ b │ d │ , │ . │ c │ ⇗       │
├────┼───┴┬──┴─┬─┴───┴───┴───┴───┴───┴─┬─┴──┬┴───┼────┬────┤
│Strg│ Fe │ Alt│      Leerzeichen      │ M4 │ Fe │ Me │Strg│
└────┴────┴────┴───────────────────────┴────┴────┴────┴────┘
# 9.294138286057597 x100 total penalty per letter
# 34.01404549080227 x10 billion total penalty compared to notime-noeffort
# 7.419643837077363 mean key position cost in file 1gramme.txt ( 54.3078003 )
# 10.982092486951258 % finger repeats in file 2gramme.txt ( 53.015029983700195 )
# 11.921646513887604 million keystrokes disbalance of the fingers ( 17.882469770831406 )
# 0.2936190320881325 % finger repeats top to bottom or vice versa ( 5.905910693716803 )
# 3.8822758822637655 % of trigrams have no handswitching (after direction change counted x 1 ) ( 17.17252745009971 )
# 8.243326021229128 billion (rows²/dist)² to cross ( 107.16323827597867 )
# 0.01668983579184191 hand disbalance. Left: 0.5166898357918419 %, Right: 0.4833101642081581 % ( 0.488642468089236 )
# 0.7319461889614385 badly positioned shortcut keys (weighted).
# 7.6575031735936605 no handswitching after unbalancing key (weighted).
# 28.43667248969511 movement pattern cost (weighted).
# 0.8910522930805355 asymmetric bigram cost (weighted).
# 3.7954850319889224 irregularity cost (weighted).
# 15.83855141475099 manually assigned bigram penalty (weighted)
# 13.522359795996513 unbalancing key after neighboring finger (weighted)
# 0.8910522930805355 asymmetrc bigrams (weighted)
# 13.331265577539531 inconsistent symmetries of similar keys (weighted)
# 3.7954850319889224 irregularity cost for randomly sampled words (weighted).
# Finger load %: 9.7 7.0 8.0 18.9 - 13.5 9.1 9.4 8.8
 
