
# Evolved Layout
ßoyzq kplufvj
haenm gtris⇘
xäöcü bd,.w
┌───┬───┬───┬───┬───┬───┬───┬───┬───┬───┬───┬───┬───┬──────┐
│ ^ │ 1 │ 2 │ 3 │ 4 │ 5 │ 6 │ 7 │ 8 │ 9 │ 0 │ - │ ` │ ←    │
├───┴─┬─┴─┬─┴─┬─┴─┬─┴─┬─┴─┬─┴─┬─┴─┬─┴─┬─┴─┬─┴─┬─┴─┬─┴─┬────┤
│   ⇥ │ ß │ o │ y │ z │ q │ k │ p │ l │ u │ f │ v │ j │ Ret│
├─────┴┬──┴┬──┴┬──┴┬──┴┬──┴┬──┴┬──┴┬──┴┬──┴┬──┴┬──┴┬──┴┐   │
│    ⇩ │ h │ a │ e │ n │ m │ g │ t │ r │ i │ s │ ⇘ │ ´ │   │
├────┬─┴─┬─┴─┬─┴─┬─┴─┬─┴─┬─┴─┬─┴─┬─┴─┬─┴─┬─┴─┬─┴─┬─┴───┴───┤
│  ⇧ │ ⇚ │ x │ ä │ ö │ c │ ü │ b │ d │ , │ . │ w │ ⇗       │
├────┼───┴┬──┴─┬─┴───┴───┴───┴───┴───┴─┬─┴──┬┴───┼────┬────┤
│Strg│ Fe │ Alt│      Leerzeichen      │ M4 │ Fe │ Me │Strg│
└────┴────┴────┴───────────────────────┴────┴────┴────┴────┘
# 9.120484540423883 x100 total penalty per letter
# 33.37851950422489 x10 billion total penalty compared to notime-noeffort
# 7.297055822612371 mean key position cost in file 1gramme.txt ( 53.410522 )
# 7.822312308316367 % finger repeats in file 2gramme.txt ( 37.76148507763882 )
# 12.032642547526217 million keystrokes disbalance of the fingers ( 18.048963821289327 )
# 0.3188448032400736 % finger repeats top to bottom or vice versa ( 6.413306793158965 )
# 4.956167984485707 % of trigrams have no handswitching (after direction change counted x 1 ) ( 21.92269002563989 )
# 7.986334975684907 billion (rows²/dist)² to cross ( 103.8223546839038 )
# 0.02333375734050741 hand disbalance. Left: 0.4766662426594926 %, Right: 0.5233337573405075 % ( 0.6831621903814156 )
# 0.7319461889614385 badly positioned shortcut keys (weighted).
# 8.63245489792092 no handswitching after unbalancing key (weighted).
# 32.50214478038146 movement pattern cost (weighted).
# 0.8788551673072704 asymmetric bigram cost (weighted).
# 6.469541972946129 irregularity cost (weighted).
# 18.975767200591292 manually assigned bigram penalty (weighted)
# 15.772406167550505 unbalancing key after neighboring finger (weighted)
# 0.8788551673072704 asymmetrc bigrams (weighted)
# 7.759594074577799 inconsistent symmetries of similar keys (weighted)
# 6.469541972946129 irregularity cost for randomly sampled words (weighted).
# Finger load %: 9.6 7.6 11.3 11.7 - 14.5 9.1 9.4 11.2
 
