
# Evolved Layout
ämnüö vwdibqß
crleo gstuh⇘
zxjay kf,.p
┌───┬───┬───┬───┬───┬───┬───┬───┬───┬───┬───┬───┬───┬──────┐
│ ^ │ 1 │ 2 │ 3 │ 4 │ 5 │ 6 │ 7 │ 8 │ 9 │ 0 │ - │ ` │ ←    │
├───┴─┬─┴─┬─┴─┬─┴─┬─┴─┬─┴─┬─┴─┬─┴─┬─┴─┬─┴─┬─┴─┬─┴─┬─┴─┬────┤
│   ⇥ │ ä │ m │ n │ ü │ ö │ v │ w │ d │ i │ b │ q │ ß │ Ret│
├─────┴┬──┴┬──┴┬──┴┬──┴┬──┴┬──┴┬──┴┬──┴┬──┴┬──┴┬──┴┬──┴┐   │
│    ⇩ │ c │ r │ l │ e │ o │ g │ s │ t │ u │ h │ ⇘ │ ´ │   │
├────┬─┴─┬─┴─┬─┴─┬─┴─┬─┴─┬─┴─┬─┴─┬─┴─┬─┴─┬─┴─┬─┴─┬─┴───┴───┤
│  ⇧ │ ⇚ │ z │ x │ j │ a │ y │ k │ f │ , │ . │ p │ ⇗       │
├────┼───┴┬──┴─┬─┴───┴───┴───┴───┴───┴─┬─┴──┬┴───┼────┬────┤
│Strg│ Fe │ Alt│      Leerzeichen      │ M4 │ Fe │ Me │Strg│
└────┴────┴────┴───────────────────────┴────┴────┴────┴────┘
# 9.255520982382993 x100 total penalty per letter
# 33.872716549539305 x10 billion total penalty compared to notime-noeffort
# 7.445809878090808 mean key position cost in file 1gramme.txt ( 54.49932164 )
# 11.629053600190383 % finger repeats in file 2gramme.txt ( 56.138174580908185 )
# 11.386154522255037 million keystrokes disbalance of the fingers ( 17.079231783382554 )
# 0.3610969475746073 % finger repeats top to bottom or vice versa ( 7.263174696077764 )
# 4.917054100115245 % of trigrams have no handswitching (after direction change counted x 1 ) ( 21.749677011263355 )
# 8.04468947271223 billion (rows²/dist)² to cross ( 104.580963145259 )
# 0.029504013460560752 hand disbalance. Left: 0.5295040134605608 %, Right: 0.47049598653943925 % ( 0.8638140084609771 )
# 0.36597309448071924 badly positioned shortcut keys (weighted).
# 8.260311117663772 no handswitching after unbalancing key (weighted).
# 27.82613606592798 movement pattern cost (weighted).
# 0.8668655955835524 asymmetric bigram cost (weighted).
# 3.2205808152747717 irregularity cost (weighted).
# 15.689432748921012 manually assigned bigram penalty (weighted)
# 13.698998706409627 unbalancing key after neighboring finger (weighted)
# 0.8668655955835524 asymmetrc bigrams (weighted)
# 6.624510485779782 inconsistent symmetries of similar keys (weighted)
# 3.2205808152747717 irregularity cost for randomly sampled words (weighted).
# Finger load %: 9.0 7.3 9.4 18.9 - 11.8 9.3 9.4 9.1
 
