
# Evolved Layout
jluäö vgwpfqß
crieo mhtns⇘
zxüay bd,.k
┌───┬───┬───┬───┬───┬───┬───┬───┬───┬───┬───┬───┬───┬──────┐
│ ^ │ 1 │ 2 │ 3 │ 4 │ 5 │ 6 │ 7 │ 8 │ 9 │ 0 │ - │ ` │ ←    │
├───┴─┬─┴─┬─┴─┬─┴─┬─┴─┬─┴─┬─┴─┬─┴─┬─┴─┬─┴─┬─┴─┬─┴─┬─┴─┬────┤
│   ⇥ │ j │ l │ u │ ä │ ö │ v │ g │ w │ p │ f │ q │ ß │ Ret│
├─────┴┬──┴┬──┴┬──┴┬──┴┬──┴┬──┴┬──┴┬──┴┬──┴┬──┴┬──┴┬──┴┐   │
│    ⇩ │ c │ r │ i │ e │ o │ m │ h │ t │ n │ s │ ⇘ │ ´ │   │
├────┬─┴─┬─┴─┬─┴─┬─┴─┬─┴─┬─┴─┬─┴─┬─┴─┬─┴─┬─┴─┬─┴─┬─┴───┴───┤
│  ⇧ │ ⇚ │ z │ x │ ü │ a │ y │ b │ d │ , │ . │ k │ ⇗       │
├────┼───┴┬──┴─┬─┴───┴───┴───┴───┴───┴─┬─┴──┬┴───┼────┬────┤
│Strg│ Fe │ Alt│      Leerzeichen      │ M4 │ Fe │ Me │Strg│
└────┴────┴────┴───────────────────────┴────┴────┴────┴────┘
# 8.967366537621775 x100 total penalty per letter
# 32.81814881116294 x10 billion total penalty compared to notime-noeffort
# 7.353659568386068 mean key position cost in file 1gramme.txt ( 53.82483096 )
# 10.942178629251153 % finger repeats in file 2gramme.txt ( 52.82234954823214 )
# 12.546774264044151 million keystrokes disbalance of the fingers ( 18.820161396066226 )
# 0.40451793485781745 % finger repeats top to bottom or vice versa ( 8.136552934892606 )
# 3.1576669605707353 % of trigrams have no handswitching (after direction change counted x 1 ) ( 13.967354253828827 )
# 8.105542188691361 billion (rows²/dist)² to cross ( 105.37204845298768 )
# 0.026440092412844063 hand disbalance. Left: 0.5264400924128441 %, Right: 0.4735599075871559 % ( 0.7741089950947783 )
# 0.36597309448071924 badly positioned shortcut keys (weighted).
# 8.650667390855554 no handswitching after unbalancing key (weighted).
# 23.417760914017634 movement pattern cost (weighted).
# 0.8717356011854374 asymmetric bigram cost (weighted).
# 4.2179253139151385 irregularity cost (weighted).
# 18.687815489057858 manually assigned bigram penalty (weighted)
# 9.727837553072465 unbalancing key after neighboring finger (weighted)
# 0.8717356011854374 asymmetrc bigrams (weighted)
# 8.524366213942407 inconsistent symmetries of similar keys (weighted)
# 4.2179253139151385 irregularity cost for randomly sampled words (weighted).
# Finger load %: 9.0 8.2 8.3 18.9 - 13.4 7.2 8.8 10.5
 
