
# Evolved Layout
juüaä wbmlvqß
gheiz cnsrt⇘
kxyoö fp,.d
┌───┬───┬───┬───┬───┬───┬───┬───┬───┬───┬───┬───┬───┬──────┐
│ ^ │ 1 │ 2 │ 3 │ 4 │ 5 │ 6 │ 7 │ 8 │ 9 │ 0 │ - │ ` │ ←    │
├───┴─┬─┴─┬─┴─┬─┴─┬─┴─┬─┴─┬─┴─┬─┴─┬─┴─┬─┴─┬─┴─┬─┴─┬─┴─┬────┤
│   ⇥ │ j │ u │ ü │ a │ ä │ w │ b │ m │ l │ v │ q │ ß │ Ret│
├─────┴┬──┴┬──┴┬──┴┬──┴┬──┴┬──┴┬──┴┬──┴┬──┴┬──┴┬──┴┬──┴┐   │
│    ⇩ │ g │ h │ e │ i │ z │ c │ n │ s │ r │ t │ ⇘ │ ´ │   │
├────┬─┴─┬─┴─┬─┴─┬─┴─┬─┴─┬─┴─┬─┴─┬─┴─┬─┴─┬─┴─┬─┴─┬─┴───┴───┤
│  ⇧ │ ⇚ │ k │ x │ y │ o │ ö │ f │ p │ , │ . │ d │ ⇗       │
├────┼───┴┬──┴─┬─┴───┴───┴───┴───┴───┴─┬─┴──┬┴───┼────┬────┤
│Strg│ Fe │ Alt│      Leerzeichen      │ M4 │ Fe │ Me │Strg│
└────┴────┴────┴───────────────────────┴────┴────┴────┴────┘
# 9.415964231968008 x100 total penalty per letter
# 34.45989567493101 x10 billion total penalty compared to notime-noeffort
# 7.84923933568384 mean key position cost in file 1gramme.txt ( 57.45220818 )
# 10.975966260005878 % finger repeats in file 2gramme.txt ( 52.9854561929511 )
# 13.133450759212101 million keystrokes disbalance of the fingers ( 19.70017613881815 )
# 0.4357655289978915 % finger repeats top to bottom or vice versa ( 8.76507316082058 )
# 2.004455307264623 % of trigrams have no handswitching (after direction change counted x 1 ) ( 8.866336352796361 )
# 8.076172584089202 billion (rows²/dist)² to cross ( 104.99024359315962 )
# 0.020643082803300572 hand disbalance. Left: 0.47935691719669943 %, Right: 0.5206430828033005 % ( 0.6043850314516505 )
# 1.0979192834421578 badly positioned shortcut keys (weighted).
# 8.428185926093839 no handswitching after unbalancing key (weighted).
# 27.005679118710216 movement pattern cost (weighted).
# 0.8782601042156382 asymmetric bigram cost (weighted).
# 18.28582649177344 irregularity cost (weighted).
# 18.227802447918855 manually assigned bigram penalty (weighted)
# 11.739733224196792 unbalancing key after neighboring finger (weighted)
# 0.8782601042156382 asymmetrc bigrams (weighted)
# 5.571671502961734 inconsistent symmetries of similar keys (weighted)
# 18.28582649177344 irregularity cost for randomly sampled words (weighted).
# Finger load %: 9.0 6.1 11.5 13.8 - 14.5 7.8 9.3 12.4
 
