
# Evolved Layout
ßubgq xdowäöj
rintm flesa⇘
küpcy zh,.v
┌───┬───┬───┬───┬───┬───┬───┬───┬───┬───┬───┬───┬───┬──────┐
│ ^ │ 1 │ 2 │ 3 │ 4 │ 5 │ 6 │ 7 │ 8 │ 9 │ 0 │ - │ ` │ ←    │
├───┴─┬─┴─┬─┴─┬─┴─┬─┴─┬─┴─┬─┴─┬─┴─┬─┴─┬─┴─┬─┴─┬─┴─┬─┴─┬────┤
│   ⇥ │ ß │ u │ b │ g │ q │ x │ d │ o │ w │ ä │ ö │ j │ Ret│
├─────┴┬──┴┬──┴┬──┴┬──┴┬──┴┬──┴┬──┴┬──┴┬──┴┬──┴┬──┴┬──┴┐   │
│    ⇩ │ r │ i │ n │ t │ m │ f │ l │ e │ s │ a │ ⇘ │ ´ │   │
├────┬─┴─┬─┴─┬─┴─┬─┴─┬─┴─┬─┴─┬─┴─┬─┴─┬─┴─┬─┴─┬─┴─┬─┴───┴───┤
│  ⇧ │ ⇚ │ k │ ü │ p │ c │ y │ z │ h │ , │ . │ v │ ⇗       │
├────┼───┴┬──┴─┬─┴───┴───┴───┴───┴───┴─┬─┴──┬┴───┼────┬────┤
│Strg│ Fe │ Alt│      Leerzeichen      │ M4 │ Fe │ Me │Strg│
└────┴────┴────┴───────────────────────┴────┴────┴────┴────┘
# 9.763784409857761 x100 total penalty per letter
# 35.73282394318248 x10 billion total penalty compared to notime-noeffort
# 7.4578940533121445 mean key position cost in file 1gramme.txt ( 54.5877713 )
# 12.29008699250152 % finger repeats in file 2gramme.txt ( 59.329251796406176 )
# 12.428002186151067 million keystrokes disbalance of the fingers ( 18.6420032792266 )
# 0.29203162778028713 % finger repeats top to bottom or vice versa ( 5.873981332699967 )
# 3.8260570132299923 % of trigrams have no handswitching (after direction change counted x 1 ) ( 16.923853707951046 )
# 8.407276667961966 billion (rows²/dist)² to cross ( 109.29459668350557 )
# 0.018470481060780253 hand disbalance. Left: 0.48152951893921975 %, Right: 0.5184704810607802 % ( 0.5407759288289015 )
# 1.463892377922877 badly positioned shortcut keys (weighted).
# 7.27007616443303 no handswitching after unbalancing key (weighted).
# 35.39094993535627 movement pattern cost (weighted).
# 0.8592725319616434 asymmetric bigram cost (weighted).
# 4.393254347927799 irregularity cost (weighted).
# 18.27842534720659 manually assigned bigram penalty (weighted)
# 11.601613170967104 unbalancing key after neighboring finger (weighted)
# 0.8592725319616434 asymmetrc bigrams (weighted)
# 12.878521527431186 inconsistent symmetries of similar keys (weighted)
# 4.393254347927799 irregularity cost for randomly sampled words (weighted).
# Finger load %: 11.7 8.5 8.8 11.6 - 12.4 14.7 7.2 9.4
 
