
# Evolved Layout
ßkpyq öfouüjx
hsnlm cteia⇘
gvbrz wd,.ä
┌───┬───┬───┬───┬───┬───┬───┬───┬───┬───┬───┬───┬───┬──────┐
│ ^ │ 1 │ 2 │ 3 │ 4 │ 5 │ 6 │ 7 │ 8 │ 9 │ 0 │ - │ ` │ ←    │
├───┴─┬─┴─┬─┴─┬─┴─┬─┴─┬─┴─┬─┴─┬─┴─┬─┴─┬─┴─┬─┴─┬─┴─┬─┴─┬────┤
│   ⇥ │ ß │ k │ p │ y │ q │ ö │ f │ o │ u │ ü │ j │ x │ Ret│
├─────┴┬──┴┬──┴┬──┴┬──┴┬──┴┬──┴┬──┴┬──┴┬──┴┬──┴┬──┴┬──┴┐   │
│    ⇩ │ h │ s │ n │ l │ m │ c │ t │ e │ i │ a │ ⇘ │ ´ │   │
├────┬─┴─┬─┴─┬─┴─┬─┴─┬─┴─┬─┴─┬─┴─┬─┴─┬─┴─┬─┴─┬─┴─┬─┴───┴───┤
│  ⇧ │ ⇚ │ g │ v │ b │ r │ z │ w │ d │ , │ . │ ä │ ⇗       │
├────┼───┴┬──┴─┬─┴───┴───┴───┴───┴───┴─┬─┴──┬┴───┼────┬────┤
│Strg│ Fe │ Alt│      Leerzeichen      │ M4 │ Fe │ Me │Strg│
└────┴────┴────┴───────────────────────┴────┴────┴────┴────┘
# 9.019162916944854 x100 total penalty per letter
# 33.00770962340059 x10 billion total penalty compared to notime-noeffort
# 7.612800569269117 mean key position cost in file 1gramme.txt ( 55.72160364 )
# 10.521362739441509 % finger repeats in file 2gramme.txt ( 50.79089998227888 )
# 11.74581539784368 million keystrokes disbalance of the fingers ( 17.618723096765518 )
# 0.3338382372628872 % finger repeats top to bottom or vice versa ( 6.714887660383857 )
# 2.8863356549157357 % of trigrams have no handswitching (after direction change counted x 1 ) ( 12.767170537952628 )
# 8.042500849259184 billion (rows²/dist)² to cross ( 104.5525110403694 )
# 0.06220809780581993 hand disbalance. Left: 0.43779190219418007 %, Right: 0.5622080978058199 % ( 1.821319204460413 )
# 1.0979192834421578 badly positioned shortcut keys (weighted).
# 7.78328313276706 no handswitching after unbalancing key (weighted).
# 27.142698091296722 movement pattern cost (weighted).
# 0.8737077519724467 asymmetric bigram cost (weighted).
# 3.613625546050456 irregularity cost (weighted).
# 16.567598591792894 manually assigned bigram penalty (weighted)
# 12.29885988891486 unbalancing key after neighboring finger (weighted)
# 0.8737077519724467 asymmetrc bigrams (weighted)
# 10.712288785558473 inconsistent symmetries of similar keys (weighted)
# 3.613625546050456 irregularity cost for randomly sampled words (weighted).
# Finger load %: 10.5 6.5 8.8 11.0 - 13.9 14.7 9.4 9.4
 
