
# Evolved Layout
ßüugö zflpwjq
aeidb msrnt⇘
oäxcy kh,.v
┌───┬───┬───┬───┬───┬───┬───┬───┬───┬───┬───┬───┬───┬──────┐
│ ^ │ 1 │ 2 │ 3 │ 4 │ 5 │ 6 │ 7 │ 8 │ 9 │ 0 │ - │ ` │ ←    │
├───┴─┬─┴─┬─┴─┬─┴─┬─┴─┬─┴─┬─┴─┬─┴─┬─┴─┬─┴─┬─┴─┬─┴─┬─┴─┬────┤
│   ⇥ │ ß │ ü │ u │ g │ ö │ z │ f │ l │ p │ w │ j │ q │ Ret│
├─────┴┬──┴┬──┴┬──┴┬──┴┬──┴┬──┴┬──┴┬──┴┬──┴┬──┴┬──┴┬──┴┐   │
│    ⇩ │ a │ e │ i │ d │ b │ m │ s │ r │ n │ t │ ⇘ │ ´ │   │
├────┬─┴─┬─┴─┬─┴─┬─┴─┬─┴─┬─┴─┬─┴─┬─┴─┬─┴─┬─┴─┬─┴─┬─┴───┴───┤
│  ⇧ │ ⇚ │ o │ ä │ x │ c │ y │ k │ h │ , │ . │ v │ ⇗       │
├────┼───┴┬──┴─┬─┴───┴───┴───┴───┴───┴─┬─┴──┬┴───┼────┬────┤
│Strg│ Fe │ Alt│      Leerzeichen      │ M4 │ Fe │ Me │Strg│
└────┴────┴────┴───────────────────────┴────┴────┴────┴────┘
# 9.514241636566515 x100 total penalty per letter
# 34.8195645337155 x10 billion total penalty compared to notime-noeffort
# 7.407103953492445 mean key position cost in file 1gramme.txt ( 54.2160151 )
# 11.066831237832858 % finger repeats in file 2gramme.txt ( 53.42409842162376 )
# 14.13399587719414 million keystrokes disbalance of the fingers ( 21.20099381579121 )
# 0.4243546524021043 % finger repeats top to bottom or vice versa ( 8.535552555046245 )
# 2.9880485995059356 % of trigrams have no handswitching (after direction change counted x 1 ) ( 13.217078887069537 )
# 8.79389188003894 billion (rows²/dist)² to cross ( 114.32059444050623 )
# 0.0007864435196822672 hand disbalance. Left: 0.5007864435196823 %, Right: 0.4992135564803178 % ( 0.023025373482594223 )
# 1.0979192834421578 badly positioned shortcut keys (weighted).
# 7.34300204376027 no handswitching after unbalancing key (weighted).
# 27.903210072901924 movement pattern cost (weighted).
# 0.8587751567172287 asymmetric bigram cost (weighted).
# 2.4253190824904363 irregularity cost (weighted).
# 19.976640405382614 manually assigned bigram penalty (weighted)
# 10.789990866895032 unbalancing key after neighboring finger (weighted)
# 0.8587751567172287 asymmetrc bigrams (weighted)
# 12.863429832045773 inconsistent symmetries of similar keys (weighted)
# 2.4253190824904363 irregularity cost for randomly sampled words (weighted).
# Finger load %: 13.0 11.6 8.2 9.6 - 13.7 9.1 8.8 10.5
 
