
# Evolved Layout
öüobz xdulkjß
heanp mtirs⇘
vyäcq wg,.f
┌───┬───┬───┬───┬───┬───┬───┬───┬───┬───┬───┬───┬───┬──────┐
│ ^ │ 1 │ 2 │ 3 │ 4 │ 5 │ 6 │ 7 │ 8 │ 9 │ 0 │ - │ ` │ ←    │
├───┴─┬─┴─┬─┴─┬─┴─┬─┴─┬─┴─┬─┴─┬─┴─┬─┴─┬─┴─┬─┴─┬─┴─┬─┴─┬────┤
│   ⇥ │ ö │ ü │ o │ b │ z │ x │ d │ u │ l │ k │ j │ ß │ Ret│
├─────┴┬──┴┬──┴┬──┴┬──┴┬──┴┬──┴┬──┴┬──┴┬──┴┬──┴┬──┴┬──┴┐   │
│    ⇩ │ h │ e │ a │ n │ p │ m │ t │ i │ r │ s │ ⇘ │ ´ │   │
├────┬─┴─┬─┴─┬─┴─┬─┴─┬─┴─┬─┴─┬─┴─┬─┴─┬─┴─┬─┴─┬─┴─┬─┴───┴───┤
│  ⇧ │ ⇚ │ v │ y │ ä │ c │ q │ w │ g │ , │ . │ f │ ⇗       │
├────┼───┴┬──┴─┬─┴───┴───┴───┴───┴───┴─┬─┴──┬┴───┼────┬────┤
│Strg│ Fe │ Alt│      Leerzeichen      │ M4 │ Fe │ Me │Strg│
└────┴────┴────┴───────────────────────┴────┴────┴────┴────┘
# 9.273291293353122 x100 total penalty per letter
# 33.93775110649554 x10 billion total penalty compared to notime-noeffort
# 7.268832245098686 mean key position cost in file 1gramme.txt ( 53.2039406 )
# 7.824068155120142 % finger repeats in file 2gramme.txt ( 37.76996126476431 )
# 12.187616658530121 million keystrokes disbalance of the fingers ( 18.28142498779518 )
# 0.36229798209714736 % finger repeats top to bottom or vice versa ( 7.287332539592701 )
# 4.911787364088244 % of trigrams have no handswitching (after direction change counted x 1 ) ( 21.72638058109225 )
# 7.89620282618148 billion (rows²/dist)² to cross ( 102.65063674035925 )
# 0.016114634096853486 hand disbalance. Left: 0.4838853659031465 %, Right: 0.5161146340968534 % ( 0.4718018005479985 )
# 1.0979192834421578 badly positioned shortcut keys (weighted).
# 7.374466831430739 no handswitching after unbalancing key (weighted).
# 31.38813592077324 movement pattern cost (weighted).
# 0.8776573557953457 asymmetric bigram cost (weighted).
# 8.43026738663595 irregularity cost (weighted).
# 19.493862356551315 manually assigned bigram penalty (weighted)
# 12.372515284350552 unbalancing key after neighboring finger (weighted)
# 0.8776573557953457 asymmetrc bigrams (weighted)
# 16.951208131824462 inconsistent symmetries of similar keys (weighted)
# 8.43026738663595 irregularity cost for randomly sampled words (weighted).
# Finger load %: 9.8 11.7 7.4 11.9 - 14.3 9.2 9.3 10.8
 
