
# Evolved Layout
zgaüö vfmlpßq
hoiey ctsrn⇘
kxäuj wd,.b
┌───┬───┬───┬───┬───┬───┬───┬───┬───┬───┬───┬───┬───┬──────┐
│ ^ │ 1 │ 2 │ 3 │ 4 │ 5 │ 6 │ 7 │ 8 │ 9 │ 0 │ - │ ` │ ←    │
├───┴─┬─┴─┬─┴─┬─┴─┬─┴─┬─┴─┬─┴─┬─┴─┬─┴─┬─┴─┬─┴─┬─┴─┬─┴─┬────┤
│   ⇥ │ z │ g │ a │ ü │ ö │ v │ f │ m │ l │ p │ ß │ q │ Ret│
├─────┴┬──┴┬──┴┬──┴┬──┴┬──┴┬──┴┬──┴┬──┴┬──┴┬──┴┬──┴┬──┴┐   │
│    ⇩ │ h │ o │ i │ e │ y │ c │ t │ s │ r │ n │ ⇘ │ ´ │   │
├────┬─┴─┬─┴─┬─┴─┬─┴─┬─┴─┬─┴─┬─┴─┬─┴─┬─┴─┬─┴─┬─┴─┬─┴───┴───┤
│  ⇧ │ ⇚ │ k │ x │ ä │ u │ j │ w │ d │ , │ . │ b │ ⇗       │
├────┼───┴┬──┴─┬─┴───┴───┴───┴───┴───┴─┬─┴──┬┴───┼────┬────┤
│Strg│ Fe │ Alt│      Leerzeichen      │ M4 │ Fe │ Me │Strg│
└────┴────┴────┴───────────────────────┴────┴────┴────┴────┘
# 9.371537277607349 x100 total penalty per letter
# 34.29730497527377 x10 billion total penalty compared to notime-noeffort
# 7.323151194496337 mean key position cost in file 1gramme.txt ( 53.60152608 )
# 12.160840498406522 % finger repeats in file 2gramme.txt ( 58.70532636799845 )
# 14.330830248100378 million keystrokes disbalance of the fingers ( 21.496245372150565 )
# 0.3507642881916206 % finger repeats top to bottom or vice versa ( 7.0553415624061095 )
# 1.9569123962491297 % of trigrams have no handswitching (after direction change counted x 1 ) ( 8.656039102103518 )
# 8.309991734905761 billion (rows²/dist)² to cross ( 108.0298925537749 )
# 0.020643082803300572 hand disbalance. Left: 0.47935691719669943 %, Right: 0.5206430828033005 % ( 0.6043850314516505 )
# 0.7319461889614385 badly positioned shortcut keys (weighted).
# 7.420065530189005 no handswitching after unbalancing key (weighted).
# 21.321754256613108 movement pattern cost (weighted).
# 0.8794141372182069 asymmetric bigram cost (weighted).
# 12.821809460463435 irregularity cost (weighted).
# 19.842405699942326 manually assigned bigram penalty (weighted)
# 11.012365017926506 unbalancing key after neighboring finger (weighted)
# 0.8794141372182069 asymmetrc bigrams (weighted)
# 10.79453339153844 inconsistent symmetries of similar keys (weighted)
# 12.821809460463435 irregularity cost for randomly sampled words (weighted).
# Finger load %: 10.7 5.1 10.2 14.5 - 14.5 7.8 9.3 12.4
 
