
# Evolved Layout
öoyvq kpulfßj
haenm gtirs⇘
zäxcü bd,.w
┌───┬───┬───┬───┬───┬───┬───┬───┬───┬───┬───┬───┬───┬──────┐
│ ^ │ 1 │ 2 │ 3 │ 4 │ 5 │ 6 │ 7 │ 8 │ 9 │ 0 │ - │ ` │ ←    │
├───┴─┬─┴─┬─┴─┬─┴─┬─┴─┬─┴─┬─┴─┬─┴─┬─┴─┬─┴─┬─┴─┬─┴─┬─┴─┬────┤
│   ⇥ │ ö │ o │ y │ v │ q │ k │ p │ u │ l │ f │ ß │ j │ Ret│
├─────┴┬──┴┬──┴┬──┴┬──┴┬──┴┬──┴┬──┴┬──┴┬──┴┬──┴┬──┴┬──┴┐   │
│    ⇩ │ h │ a │ e │ n │ m │ g │ t │ i │ r │ s │ ⇘ │ ´ │   │
├────┬─┴─┬─┴─┬─┴─┬─┴─┬─┴─┬─┴─┬─┴─┬─┴─┬─┴─┬─┴─┬─┴─┬─┴───┴───┤
│  ⇧ │ ⇚ │ z │ ä │ x │ c │ ü │ b │ d │ , │ . │ w │ ⇗       │
├────┼───┴┬──┴─┬─┴───┴───┴───┴───┴───┴─┬─┴──┬┴───┼────┬────┤
│Strg│ Fe │ Alt│      Leerzeichen      │ M4 │ Fe │ Me │Strg│
└────┴────┴────┴───────────────────────┴────┴────┴────┴────┘
# 9.031596512349369 x100 total penalty per letter
# 33.0532132372577 x10 billion total penalty compared to notime-noeffort
# 7.299023215873949 mean key position cost in file 1gramme.txt ( 53.42492226 )
# 7.954833247704108 % finger repeats in file 2gramme.txt ( 38.40121758612542 )
# 11.97908265557454 million keystrokes disbalance of the fingers ( 17.96862398336181 )
# 0.332726299451622 % finger repeats top to bottom or vice versa ( 6.692521925562118 )
# 5.391921553624804 % of trigrams have no handswitching (after direction change counted x 1 ) ( 23.850165134172542 )
# 7.901712061793956 billion (rows²/dist)² to cross ( 102.72225680332143 )
# 0.0179037947034848 hand disbalance. Left: 0.4820962052965152 %, Right: 0.5179037947034848 % ( 0.5241845720465474 )
# 0.36597309448071924 badly positioned shortcut keys (weighted).
# 8.320178097932388 no handswitching after unbalancing key (weighted).
# 28.79952672785675 movement pattern cost (weighted).
# 0.8811765420159772 asymmetric bigram cost (weighted).
# 4.2846612704897264 irregularity cost (weighted).
# 18.909120787996173 manually assigned bigram penalty (weighted)
# 15.75852516994079 unbalancing key after neighboring finger (weighted)
# 0.8811765420159772 asymmetrc bigrams (weighted)
# 9.62907841727463 inconsistent symmetries of similar keys (weighted)
# 4.2846612704897264 irregularity cost for randomly sampled words (weighted).
# Finger load %: 10.0 7.6 11.4 11.7 - 14.5 9.2 9.3 10.8
 
