
# Evolved Layout
öyukq wbmlzjß
aeihp ctsnr⇘
oäügv fd,.x
┌───┬───┬───┬───┬───┬───┬───┬───┬───┬───┬───┬───┬───┬──────┐
│ ^ │ 1 │ 2 │ 3 │ 4 │ 5 │ 6 │ 7 │ 8 │ 9 │ 0 │ - │ ` │ ←    │
├───┴─┬─┴─┬─┴─┬─┴─┬─┴─┬─┴─┬─┴─┬─┴─┬─┴─┬─┴─┬─┴─┬─┴─┬─┴─┬────┤
│   ⇥ │ ö │ y │ u │ k │ q │ w │ b │ m │ l │ z │ j │ ß │ Ret│
├─────┴┬──┴┬──┴┬──┴┬──┴┬──┴┬──┴┬──┴┬──┴┬──┴┬──┴┬──┴┬──┴┐   │
│    ⇩ │ a │ e │ i │ h │ p │ c │ t │ s │ n │ r │ ⇘ │ ´ │   │
├────┬─┴─┬─┴─┬─┴─┬─┴─┬─┴─┬─┴─┬─┴─┬─┴─┬─┴─┬─┴─┬─┴─┬─┴───┴───┤
│  ⇧ │ ⇚ │ o │ ä │ ü │ g │ v │ f │ d │ , │ . │ x │ ⇗       │
├────┼───┴┬──┴─┬─┴───┴───┴───┴───┴───┴─┬─┴──┬┴───┼────┬────┤
│Strg│ Fe │ Alt│      Leerzeichen      │ M4 │ Fe │ Me │Strg│
└────┴────┴────┴───────────────────────┴────┴────┴────┴────┘
# 8.995821064236349 x100 total penalty per letter
# 32.92228472273414 x10 billion total penalty compared to notime-noeffort
# 7.519683505435903 mean key position cost in file 1gramme.txt ( 55.04003684 )
# 10.373967878130523 % finger repeats in file 2gramme.txt ( 50.079364999202575 )
# 14.248587862284312 million keystrokes disbalance of the fingers ( 21.37288179342647 )
# 0.35149677472254076 % finger repeats top to bottom or vice versa ( 7.070074939889169 )
# 2.128873774935776 % of trigrams have no handswitching (after direction change counted x 1 ) ( 9.416678372832394 )
# 7.91013541034929 billion (rows²/dist)² to cross ( 102.83176033454077 )
# 0.01338773329516113 hand disbalance. Left: 0.48661226670483887 %, Right: 0.5133877332951611 % ( 0.39196401456901403 )
# 1.463892377922877 badly positioned shortcut keys (weighted).
# 9.006581534326301 no handswitching after unbalancing key (weighted).
# 24.63495457817831 movement pattern cost (weighted).
# 0.862119510240611 asymmetric bigram cost (weighted).
# 2.681835223795032 irregularity cost (weighted).
# 18.96042311606028 manually assigned bigram penalty (weighted)
# 12.382360548351892 unbalancing key after neighboring finger (weighted)
# 0.862119510240611 asymmetrc bigrams (weighted)
# 13.027919044005712 inconsistent symmetries of similar keys (weighted)
# 2.681835223795032 irregularity cost for randomly sampled words (weighted).
# Finger load %: 13.0 11.7 8.3 8.1 - 15.2 7.8 10.6 9.7
 
