
# Evolved Layout
ömlüä qpifkvß
unrey gtash⇘
cjzox wd,.b
┌───┬───┬───┬───┬───┬───┬───┬───┬───┬───┬───┬───┬───┬──────┐
│ ^ │ 1 │ 2 │ 3 │ 4 │ 5 │ 6 │ 7 │ 8 │ 9 │ 0 │ - │ ` │ ←    │
├───┴─┬─┴─┬─┴─┬─┴─┬─┴─┬─┴─┬─┴─┬─┴─┬─┴─┬─┴─┬─┴─┬─┴─┬─┴─┬────┤
│   ⇥ │ ö │ m │ l │ ü │ ä │ q │ p │ i │ f │ k │ v │ ß │ Ret│
├─────┴┬──┴┬──┴┬──┴┬──┴┬──┴┬──┴┬──┴┬──┴┬──┴┬──┴┬──┴┬──┴┐   │
│    ⇩ │ u │ n │ r │ e │ y │ g │ t │ a │ s │ h │ ⇘ │ ´ │   │
├────┬─┴─┬─┴─┬─┴─┬─┴─┬─┴─┬─┴─┬─┴─┬─┴─┬─┴─┬─┴─┬─┴─┬─┴───┴───┤
│  ⇧ │ ⇚ │ c │ j │ z │ o │ x │ w │ d │ , │ . │ b │ ⇗       │
├────┼───┴┬──┴─┬─┴───┴───┴───┴───┴───┴─┬─┴──┬┴───┼────┬────┤
│Strg│ Fe │ Alt│      Leerzeichen      │ M4 │ Fe │ Me │Strg│
└────┴────┴────┴───────────────────────┴────┴────┴────┴────┘
# 8.869631281038535 x100 total penalty per letter
# 32.46046406824659 x10 billion total penalty compared to notime-noeffort
# 7.380851449838776 mean key position cost in file 1gramme.txt ( 54.0238609 )
# 9.538986904544634 % finger repeats in file 2gramme.txt ( 46.04857201479893 )
# 12.070852541931801 million keystrokes disbalance of the fingers ( 18.106278812897703 )
# 0.3248683910048382 % finger repeats top to bottom or vice versa ( 6.534466416707438 )
# 4.938752247466555 % of trigrams have no handswitching (after direction change counted x 1 ) ( 21.845654742446484 )
# 7.561344918515273 billion (rows²/dist)² to cross ( 98.29748394069854 )
# 0.009159496443907678 hand disbalance. Left: 0.5091594964439077 %, Right: 0.4908405035560923 % ( 0.26817034059696293 )
# 0.7319461889614385 badly positioned shortcut keys (weighted).
# 7.643098407070746 no handswitching after unbalancing key (weighted).
# 29.39117739106454 movement pattern cost (weighted).
# 0.8825548915151397 asymmetric bigram cost (weighted).
# 5.232285069256703 irregularity cost (weighted).
# 17.22720523333106 manually assigned bigram penalty (weighted)
# 10.581920873076609 unbalancing key after neighboring finger (weighted)
# 0.8825548915151397 asymmetrc bigrams (weighted)
# 7.789965460043591 inconsistent symmetries of similar keys (weighted)
# 5.232285069256703 irregularity cost for randomly sampled words (weighted).
# Finger load %: 11.0 8.7 8.5 14.8 - 13.3 11.1 7.5 9.6
 
