
# Evolved Layout
zücäö qbmlpßj
heuia dtsrn⇘
kxvoy fg,.w
┌───┬───┬───┬───┬───┬───┬───┬───┬───┬───┬───┬───┬───┬──────┐
│ ^ │ 1 │ 2 │ 3 │ 4 │ 5 │ 6 │ 7 │ 8 │ 9 │ 0 │ - │ ` │ ←    │
├───┴─┬─┴─┬─┴─┬─┴─┬─┴─┬─┴─┬─┴─┬─┴─┬─┴─┬─┴─┬─┴─┬─┴─┬─┴─┬────┤
│   ⇥ │ z │ ü │ c │ ä │ ö │ q │ b │ m │ l │ p │ ß │ j │ Ret│
├─────┴┬──┴┬──┴┬──┴┬──┴┬──┴┬──┴┬──┴┬──┴┬──┴┬──┴┬──┴┬──┴┐   │
│    ⇩ │ h │ e │ u │ i │ a │ d │ t │ s │ r │ n │ ⇘ │ ´ │   │
├────┬─┴─┬─┴─┬─┴─┬─┴─┬─┴─┬─┴─┬─┴─┬─┴─┬─┴─┬─┴─┬─┴─┬─┴───┴───┤
│  ⇧ │ ⇚ │ k │ x │ v │ o │ y │ f │ g │ , │ . │ w │ ⇗       │
├────┼───┴┬──┴─┬─┴───┴───┴───┴───┴───┴─┬─┴──┬┴───┼────┬────┤
│Strg│ Fe │ Alt│      Leerzeichen      │ M4 │ Fe │ Me │Strg│
└────┴────┴────┴───────────────────────┴────┴────┴────┴────┘
# 9.224796600426297 x100 total penalty per letter
# 33.76027357813231 x10 billion total penalty compared to notime-noeffort
# 7.306546654185464 mean key position cost in file 1gramme.txt ( 53.47998978 )
# 10.039064156690195 % finger repeats in file 2gramme.txt ( 48.46264843494965 )
# 14.292153705524468 million keystrokes disbalance of the fingers ( 21.438230558286705 )
# 0.35752348945797496 % finger repeats top to bottom or vice versa ( 7.191297459937862 )
# 2.22654365507338 % of trigrams have no handswitching (after direction change counted x 1 ) ( 9.848702976074385 )
# 8.063804098180908 billion (rows²/dist)² to cross ( 104.82945327635181 )
# 0.011621900601623658 hand disbalance. Left: 0.48837809939837634 %, Right: 0.5116219006016236 % ( 0.34026423415388346 )
# 0.0 badly positioned shortcut keys (weighted).
# 10.190244023885795 no handswitching after unbalancing key (weighted).
# 28.532853830630657 movement pattern cost (weighted).
# 0.8642565386946331 asymmetric bigram cost (weighted).
# 9.235389140192645 irregularity cost (weighted).
# 19.95045097130999 manually assigned bigram penalty (weighted)
# 15.516142007406154 unbalancing key after neighboring finger (weighted)
# 0.8642565386946331 asymmetrc bigrams (weighted)
# 7.722812549449034 inconsistent symmetries of similar keys (weighted)
# 9.235389140192645 irregularity cost for randomly sampled words (weighted).
# Finger load %: 10.8 11.5 5.4 13.6 - 13.9 7.8 9.3 12.2
 
