
# Evolved Layout
üclgä qfioxjß
tnrsm phaeu⇘
vyzkö bd,.w
┌───┬───┬───┬───┬───┬───┬───┬───┬───┬───┬───┬───┬───┬──────┐
│ ^ │ 1 │ 2 │ 3 │ 4 │ 5 │ 6 │ 7 │ 8 │ 9 │ 0 │ - │ ` │ ←    │
├───┴─┬─┴─┬─┴─┬─┴─┬─┴─┬─┴─┬─┴─┬─┴─┬─┴─┬─┴─┬─┴─┬─┴─┬─┴─┬────┤
│   ⇥ │ ü │ c │ l │ g │ ä │ q │ f │ i │ o │ x │ j │ ß │ Ret│
├─────┴┬──┴┬──┴┬──┴┬──┴┬──┴┬──┴┬──┴┬──┴┬──┴┬──┴┬──┴┬──┴┐   │
│    ⇩ │ t │ n │ r │ s │ m │ p │ h │ a │ e │ u │ ⇘ │ ´ │   │
├────┬─┴─┬─┴─┬─┴─┬─┴─┬─┴─┬─┴─┬─┴─┬─┴─┬─┴─┬─┴─┬─┴─┬─┴───┴───┤
│  ⇧ │ ⇚ │ v │ y │ z │ k │ ö │ b │ d │ , │ . │ w │ ⇗       │
├────┼───┴┬──┴─┬─┴───┴───┴───┴───┴───┴─┬─┴──┬┴───┼────┬────┤
│Strg│ Fe │ Alt│      Leerzeichen      │ M4 │ Fe │ Me │Strg│
└────┴────┴────┴───────────────────────┴────┴────┴────┴────┘
# 9.377255639757953 x100 total penalty per letter
# 34.31823264218995 x10 billion total penalty compared to notime-noeffort
# 7.253699474183222 mean key position cost in file 1gramme.txt ( 53.09317686 )
# 11.160380850969835 % finger repeats in file 2gramme.txt ( 53.87570047754464 )
# 12.263014784268815 million keystrokes disbalance of the fingers ( 18.39452217640322 )
# 0.3909817745957601 % finger repeats top to bottom or vice versa ( 7.864283957384523 )
# 3.2758096292345327 % of trigrams have no handswitching (after direction change counted x 1 ) ( 14.489936440717127 )
# 8.25684151634651 billion (rows²/dist)² to cross ( 107.33893971250464 )
# 0.03490138099845641 hand disbalance. Left: 0.4650986190015436 %, Right: 0.5349013809984564 % ( 1.0218373124524536 )
# 0.36597309448071924 badly positioned shortcut keys (weighted).
# 6.709417724023004 no handswitching after unbalancing key (weighted).
# 32.79005190946613 movement pattern cost (weighted).
# 0.86765990303899 asymmetric bigram cost (weighted).
# 3.8859578556357457 irregularity cost (weighted).
# 17.404176093884274 manually assigned bigram penalty (weighted)
# 12.135018466338238 unbalancing key after neighboring finger (weighted)
# 0.86765990303899 asymmetrc bigrams (weighted)
# 12.945674438025744 inconsistent symmetries of similar keys (weighted)
# 3.8859578556357457 irregularity cost for randomly sampled words (weighted).
# Finger load %: 11.4 9.2 8.5 10.1 - 11.3 11.1 14.9 7.9
 
