
# Evolved Layout
jücvß qbdäzöx
irnhg wstea⇘
uyplk fm,.o
┌───┬───┬───┬───┬───┬───┬───┬───┬───┬───┬───┬───┬───┬──────┐
│ ^ │ 1 │ 2 │ 3 │ 4 │ 5 │ 6 │ 7 │ 8 │ 9 │ 0 │ - │ ` │ ←    │
├───┴─┬─┴─┬─┴─┬─┴─┬─┴─┬─┴─┬─┴─┬─┴─┬─┴─┬─┴─┬─┴─┬─┴─┬─┴─┬────┤
│   ⇥ │ j │ ü │ c │ v │ ß │ q │ b │ d │ ä │ z │ ö │ x │ Ret│
├─────┴┬──┴┬──┴┬──┴┬──┴┬──┴┬──┴┬──┴┬──┴┬──┴┬──┴┬──┴┬──┴┐   │
│    ⇩ │ i │ r │ n │ h │ g │ w │ s │ t │ e │ a │ ⇘ │ ´ │   │
├────┬─┴─┬─┴─┬─┴─┬─┴─┬─┴─┬─┴─┬─┴─┬─┴─┬─┴─┬─┴─┬─┴─┬─┴───┴───┤
│  ⇧ │ ⇚ │ u │ y │ p │ l │ k │ f │ m │ , │ . │ o │ ⇗       │
├────┼───┴┬──┴─┬─┴───┴───┴───┴───┴───┴─┬─┴──┬┴───┼────┬────┤
│Strg│ Fe │ Alt│      Leerzeichen      │ M4 │ Fe │ Me │Strg│
└────┴────┴────┴───────────────────────┴────┴────┴────┴────┘
# 9.902986487328514 x100 total penalty per letter
# 36.24226609368364 x10 billion total penalty compared to notime-noeffort
# 7.758724856615365 mean key position cost in file 1gramme.txt ( 56.7896909 )
# 10.223762994698426 % finger repeats in file 2gramme.txt ( 49.35426489571023 )
# 15.818076810078875 million keystrokes disbalance of the fingers ( 23.727115215118314 )
# 0.4351923938949056 % finger repeats top to bottom or vice versa ( 8.753545009155491 )
# 4.886743051862037 % of trigrams have no handswitching (after direction change counted x 1 ) ( 21.615601710085635 )
# 7.964566619519154 billion (rows²/dist)² to cross ( 103.53936605374899 )
# 0.03242071713058092 hand disbalance. Left: 0.4675792828694191 %, Right: 0.5324207171305809 % ( 0.9492088138850212 )
# 0.7319461889614385 badly positioned shortcut keys (weighted).
# 7.15501073043549 no handswitching after unbalancing key (weighted).
# 34.721185064618865 movement pattern cost (weighted).
# 0.8815572825189877 asymmetric bigram cost (weighted).
# 12.239978548227969 irregularity cost (weighted).
# 19.85865062079917 manually assigned bigram penalty (weighted)
# 13.217272379857983 unbalancing key after neighboring finger (weighted)
# 0.8815572825189877 asymmetrc bigrams (weighted)
# 8.888267523712845 inconsistent symmetries of similar keys (weighted)
# 12.239978548227969 irregularity cost for randomly sampled words (weighted).
# Finger load %: 13.9 6.0 9.6 9.9 - 11.5 9.3 12.5 11.6
 
