
# Evolved Layout
jyocq xflhwzß
ueatd virns⇘
käügö bp,.m
┌───┬───┬───┬───┬───┬───┬───┬───┬───┬───┬───┬───┬───┬──────┐
│ ^ │ 1 │ 2 │ 3 │ 4 │ 5 │ 6 │ 7 │ 8 │ 9 │ 0 │ - │ ` │ ←    │
├───┴─┬─┴─┬─┴─┬─┴─┬─┴─┬─┴─┬─┴─┬─┴─┬─┴─┬─┴─┬─┴─┬─┴─┬─┴─┬────┤
│   ⇥ │ j │ y │ o │ c │ q │ x │ f │ l │ h │ w │ z │ ß │ Ret│
├─────┴┬──┴┬──┴┬──┴┬──┴┬──┴┬──┴┬──┴┬──┴┬──┴┬──┴┬──┴┬──┴┐   │
│    ⇩ │ u │ e │ a │ t │ d │ v │ i │ r │ n │ s │ ⇘ │ ´ │   │
├────┬─┴─┬─┴─┬─┴─┬─┴─┬─┴─┬─┴─┬─┴─┬─┴─┬─┴─┬─┴─┬─┴─┬─┴───┴───┤
│  ⇧ │ ⇚ │ k │ ä │ ü │ g │ ö │ b │ p │ , │ . │ m │ ⇗       │
├────┼───┴┬──┴─┬─┴───┴───┴───┴───┴───┴─┬─┴──┬┴───┼────┬────┤
│Strg│ Fe │ Alt│      Leerzeichen      │ M4 │ Fe │ Me │Strg│
└────┴────┴────┴───────────────────────┴────┴────┴────┴────┘
# 9.558854287731414 x100 total penalty per letter
# 34.982834833713575 x10 billion total penalty compared to notime-noeffort
# 7.30192254922933 mean key position cost in file 1gramme.txt ( 53.44614382 )
# 12.96569472252424 % finger repeats in file 2gramme.txt ( 62.59068527157785 )
# 12.90584932059887 million keystrokes disbalance of the fingers ( 19.358773980898302 )
# 0.3952863745326434 % finger repeats top to bottom or vice versa ( 7.9508675232338275 )
# 3.2027892897261228 % of trigrams have no handswitching (after direction change counted x 1 ) ( 14.166944509527374 )
# 8.506627678353826 billion (rows²/dist)² to cross ( 110.58615981859975 )
# 0.011811287659871883 hand disbalance. Left: 0.4881887123401281 %, Right: 0.5118112876598718 % ( 0.3458090795748197 )
# 1.0979192834421578 badly positioned shortcut keys (weighted).
# 7.873157452915127 no handswitching after unbalancing key (weighted).
# 24.535362827079307 movement pattern cost (weighted).
# 0.8730262050306894 asymmetric bigram cost (weighted).
# 2.510134093444564 irregularity cost (weighted).
# 20.910085444791882 manually assigned bigram penalty (weighted)
# 13.923829224279654 unbalancing key after neighboring finger (weighted)
# 0.8730262050306894 asymmetrc bigrams (weighted)
# 9.659449802740426 inconsistent symmetries of similar keys (weighted)
# 2.510134093444564 irregularity cost for randomly sampled words (weighted).
# Finger load %: 9.4 11.7 7.5 12.6 - 11.1 9.1 11.0 12.0
 
