
# Evolved Layout
juyzq vcogwxß
hierk mnast⇘
püälö bf,.d
┌───┬───┬───┬───┬───┬───┬───┬───┬───┬───┬───┬───┬───┬──────┐
│ ^ │ 1 │ 2 │ 3 │ 4 │ 5 │ 6 │ 7 │ 8 │ 9 │ 0 │ - │ ` │ ←    │
├───┴─┬─┴─┬─┴─┬─┴─┬─┴─┬─┴─┬─┴─┬─┴─┬─┴─┬─┴─┬─┴─┬─┴─┬─┴─┬────┤
│   ⇥ │ j │ u │ y │ z │ q │ v │ c │ o │ g │ w │ x │ ß │ Ret│
├─────┴┬──┴┬──┴┬──┴┬──┴┬──┴┬──┴┬──┴┬──┴┬──┴┬──┴┬──┴┬──┴┐   │
│    ⇩ │ h │ i │ e │ r │ k │ m │ n │ a │ s │ t │ ⇘ │ ´ │   │
├────┬─┴─┬─┴─┬─┴─┬─┴─┬─┴─┬─┴─┬─┴─┬─┴─┬─┴─┬─┴─┬─┴─┬─┴───┴───┤
│  ⇧ │ ⇚ │ p │ ü │ ä │ l │ ö │ b │ f │ , │ . │ d │ ⇗       │
├────┼───┴┬──┴─┬─┴───┴───┴───┴───┴───┴─┬─┴──┬┴───┼────┬────┤
│Strg│ Fe │ Alt│      Leerzeichen      │ M4 │ Fe │ Me │Strg│
└────┴────┴────┴───────────────────────┴────┴────┴────┴────┘
# 9.757434439105426 x100 total penalty per letter
# 35.70958475872154 x10 billion total penalty compared to notime-noeffort
# 7.541774071988264 mean key position cost in file 1gramme.txt ( 55.2017279 )
# 9.21709521623723 % finger repeats in file 2gramme.txt ( 44.494669830183625 )
# 13.915690163661072 million keystrokes disbalance of the fingers ( 20.873535245491606 )
# 0.3887687407679018 % finger repeats top to bottom or vice versa ( 7.819770561721595 )
# 4.533380137320944 % of trigrams have no handswitching (after direction change counted x 1 ) ( 20.052566383944463 )
# 7.968614040782055 billion (rows²/dist)² to cross ( 103.59198253016672 )
# 0.024389136527711797 hand disbalance. Left: 0.4756108634722882 %, Right: 0.5243891365277118 % ( 0.7140614213407545 )
# 1.0979192834421578 badly positioned shortcut keys (weighted).
# 7.1949085734519205 no handswitching after unbalancing key (weighted).
# 35.90716948409153 movement pattern cost (weighted).
# 0.8929902271455363 asymmetric bigram cost (weighted).
# 12.759701009870644 irregularity cost (weighted).
# 19.4731915460166 manually assigned bigram penalty (weighted)
# 12.288739415605644 unbalancing key after neighboring finger (weighted)
# 0.8929902271455363 asymmetrc bigrams (weighted)
# 14.732914174742607 inconsistent symmetries of similar keys (weighted)
# 12.759701009870644 irregularity cost for randomly sampled words (weighted).
# Finger load %: 10.3 8.5 11.5 9.8 - 14.9 8.4 8.1 12.9
 
