
# Evolved Layout
öuokj vpflzqß
aiehm cnsrt⇘
yüägx wb,.d
┌───┬───┬───┬───┬───┬───┬───┬───┬───┬───┬───┬───┬───┬──────┐
│ ^ │ 1 │ 2 │ 3 │ 4 │ 5 │ 6 │ 7 │ 8 │ 9 │ 0 │ - │ ` │ ←    │
├───┴─┬─┴─┬─┴─┬─┴─┬─┴─┬─┴─┬─┴─┬─┴─┬─┴─┬─┴─┬─┴─┬─┴─┬─┴─┬────┤
│   ⇥ │ ö │ u │ o │ k │ j │ v │ p │ f │ l │ z │ q │ ß │ Ret│
├─────┴┬──┴┬──┴┬──┴┬──┴┬──┴┬──┴┬──┴┬──┴┬──┴┬──┴┬──┴┬──┴┐   │
│    ⇩ │ a │ i │ e │ h │ m │ c │ n │ s │ r │ t │ ⇘ │ ´ │   │
├────┬─┴─┬─┴─┬─┴─┬─┴─┬─┴─┬─┴─┬─┴─┬─┴─┬─┴─┬─┴─┬─┴─┬─┴───┴───┤
│  ⇧ │ ⇚ │ y │ ü │ ä │ g │ x │ w │ b │ , │ . │ d │ ⇗       │
├────┼───┴┬──┴─┬─┴───┴───┴───┴───┴───┴─┬─┴──┬┴───┼────┬────┤
│Strg│ Fe │ Alt│      Leerzeichen      │ M4 │ Fe │ Me │Strg│
└────┴────┴────┴───────────────────────┴────┴────┴────┴────┘
# 9.090753088106716 x100 total penalty per letter
# 33.2697103881457 x10 billion total penalty compared to notime-noeffort
# 7.369373559624031 mean key position cost in file 1gramme.txt ( 53.93984892 )
# 9.666792116607661 % finger repeats in file 2gramme.txt ( 46.665539788257874 )
# 14.007689903957093 million keystrokes disbalance of the fingers ( 21.01153485593564 )
# 0.3082982340442908 % finger repeats top to bottom or vice versa ( 6.2011710356352445 )
# 2.4720048156933925 % of trigrams have no handswitching (after direction change counted x 1 ) ( 10.934454902653753 )
# 8.075965663764187 billion (rows²/dist)² to cross ( 104.98755362893442 )
# 0.007506710323874122 hand disbalance. Left: 0.4924932896761259 %, Right: 0.5075067103238742 % ( 0.219780320527886 )
# 1.463892377922877 badly positioned shortcut keys (weighted).
# 8.03682597996423 no handswitching after unbalancing key (weighted).
# 32.16548690628825 movement pattern cost (weighted).
# 0.8861162690590766 asymmetric bigram cost (weighted).
# 4.122211125250036 irregularity cost (weighted).
# 19.13436948372421 manually assigned bigram penalty (weighted)
# 14.003269238461845 unbalancing key after neighboring finger (weighted)
# 0.8861162690590766 asymmetrc bigrams (weighted)
# 8.925049048841608 inconsistent symmetries of similar keys (weighted)
# 4.122211125250036 irregularity cost for randomly sampled words (weighted).
# Finger load %: 10.7 8.5 13.8 8.6 - 13.8 7.3 9.3 12.5
 
