
# Evolved Layout
öädvj qfulzxß
aetsk bnirh⇘
oüpgy wc,.m
┌───┬───┬───┬───┬───┬───┬───┬───┬───┬───┬───┬───┬───┬──────┐
│ ^ │ 1 │ 2 │ 3 │ 4 │ 5 │ 6 │ 7 │ 8 │ 9 │ 0 │ - │ ` │ ←    │
├───┴─┬─┴─┬─┴─┬─┴─┬─┴─┬─┴─┬─┴─┬─┴─┬─┴─┬─┴─┬─┴─┬─┴─┬─┴─┬────┤
│   ⇥ │ ö │ ä │ d │ v │ j │ q │ f │ u │ l │ z │ x │ ß │ Ret│
├─────┴┬──┴┬──┴┬──┴┬──┴┬──┴┬──┴┬──┴┬──┴┬──┴┬──┴┬──┴┬──┴┐   │
│    ⇩ │ a │ e │ t │ s │ k │ b │ n │ i │ r │ h │ ⇘ │ ´ │   │
├────┬─┴─┬─┴─┬─┴─┬─┴─┬─┴─┬─┴─┬─┴─┬─┴─┬─┴─┬─┴─┬─┴─┬─┴───┴───┤
│  ⇧ │ ⇚ │ o │ ü │ p │ g │ y │ w │ c │ , │ . │ m │ ⇗       │
├────┼───┴┬──┴─┬─┴───┴───┴───┴───┴───┴─┬─┴──┬┴───┼────┬────┤
│Strg│ Fe │ Alt│      Leerzeichen      │ M4 │ Fe │ Me │Strg│
└────┴────┴────┴───────────────────────┴────┴────┴────┴────┘
# 9.499862877137367 x100 total penalty per letter
# 34.76694214288471 x10 billion total penalty compared to notime-noeffort
# 7.499781769188504 mean key position cost in file 1gramme.txt ( 54.89436684 )
# 8.249670003753163 % finger repeats in file 2gramme.txt ( 39.824514601772464 )
# 13.543880959982918 million keystrokes disbalance of the fingers ( 20.31582143997438 )
# 0.3545883545985978 % finger repeats top to bottom or vice versa ( 7.132259582760018 )
# 4.190611298265256 % of trigrams have no handswitching (after direction change counted x 1 ) ( 18.536391986186214 )
# 8.685515823957052 billion (rows²/dist)² to cross ( 112.91170571144168 )
# 0.001092029503961367 hand disbalance. Left: 0.5010920295039614 %, Right: 0.4989079704960386 % ( 0.03197227334631891 )
# 1.0979192834421578 badly positioned shortcut keys (weighted).
# 6.888729469174934 no handswitching after unbalancing key (weighted).
# 34.54579203095715 movement pattern cost (weighted).
# 0.869207067957206 asymmetric bigram cost (weighted).
# 4.1070314289600045 irregularity cost (weighted).
# 18.06789012512759 manually assigned bigram penalty (weighted)
# 10.677966096043734 unbalancing key after neighboring finger (weighted)
# 0.869207067957206 asymmetrc bigrams (weighted)
# 17.767853491703246 inconsistent symmetries of similar keys (weighted)
# 4.1070314289600045 irregularity cost for randomly sampled words (weighted).
# Finger load %: 12.5 11.6 9.1 9.1 - 13.6 9.2 9.3 10.1
 
