
# Evolved Layout
jlgcß qkiyüäö
srtnf wduea⇘
mxvpz bh,.o
┌───┬───┬───┬───┬───┬───┬───┬───┬───┬───┬───┬───┬───┬──────┐
│ ^ │ 1 │ 2 │ 3 │ 4 │ 5 │ 6 │ 7 │ 8 │ 9 │ 0 │ - │ ` │ ←    │
├───┴─┬─┴─┬─┴─┬─┴─┬─┴─┬─┴─┬─┴─┬─┴─┬─┴─┬─┴─┬─┴─┬─┴─┬─┴─┬────┤
│   ⇥ │ j │ l │ g │ c │ ß │ q │ k │ i │ y │ ü │ ä │ ö │ Ret│
├─────┴┬──┴┬──┴┬──┴┬──┴┬──┴┬──┴┬──┴┬──┴┬──┴┬──┴┬──┴┬──┴┐   │
│    ⇩ │ s │ r │ t │ n │ f │ w │ d │ u │ e │ a │ ⇘ │ ´ │   │
├────┬─┴─┬─┴─┬─┴─┬─┴─┬─┴─┬─┴─┬─┴─┬─┴─┬─┴─┬─┴─┬─┴─┬─┴───┴───┤
│  ⇧ │ ⇚ │ m │ x │ v │ p │ z │ b │ h │ , │ . │ o │ ⇗       │
├────┼───┴┬──┴─┬─┴───┴───┴───┴───┴───┴─┬─┴──┬┴───┼────┬────┤
│Strg│ Fe │ Alt│      Leerzeichen      │ M4 │ Fe │ Me │Strg│
└────┴────┴────┴───────────────────────┴────┴────┴────┴────┘
# 9.274921946352563 x100 total penalty per letter
# 33.94371885773783 x10 billion total penalty compared to notime-noeffort
# 7.673999756689655 mean key position cost in file 1gramme.txt ( 56.16954876 )
# 8.435163592563406 % finger repeats in file 2gramme.txt ( 40.71996764810618 )
# 14.430005915388852 million keystrokes disbalance of the fingers ( 21.645008873083277 )
# 0.34848840880566123 % finger repeats top to bottom or vice versa ( 7.009564078884155 )
# 2.927991572870707 % of trigrams have no handswitching (after direction change counted x 1 ) ( 12.951427766504796 )
# 8.775974224041054 billion (rows²/dist)² to cross ( 114.0876649125337 )
# 0.029220997681235816 hand disbalance. Left: 0.4707790023187642 %, Right: 0.5292209976812359 % ( 0.8555279156172636 )
# 0.36597309448071924 badly positioned shortcut keys (weighted).
# 6.726157788046697 no handswitching after unbalancing key (weighted).
# 30.769554017780077 movement pattern cost (weighted).
# 0.8629438135149827 asymmetric bigram cost (weighted).
# 5.529915887350142 irregularity cost (weighted).
# 21.491102181589127 manually assigned bigram penalty (weighted)
# 10.978973176660629 unbalancing key after neighboring finger (weighted)
# 0.8629438135149827 asymmetrc bigrams (weighted)
# 9.273858663226633 inconsistent symmetries of similar keys (weighted)
# 5.529915887350142 irregularity cost for randomly sampled words (weighted).
# Finger load %: 12.1 8.2 7.5 11.9 - 11.0 9.2 12.6 11.8
 
