
# Evolved Layout
öcläü pfimkvß
anrey wtush⇘
jzxoq bd,.g
┌───┬───┬───┬───┬───┬───┬───┬───┬───┬───┬───┬───┬───┬──────┐
│ ^ │ 1 │ 2 │ 3 │ 4 │ 5 │ 6 │ 7 │ 8 │ 9 │ 0 │ - │ ` │ ←    │
├───┴─┬─┴─┬─┴─┬─┴─┬─┴─┬─┴─┬─┴─┬─┴─┬─┴─┬─┴─┬─┴─┬─┴─┬─┴─┬────┤
│   ⇥ │ ö │ c │ l │ ä │ ü │ p │ f │ i │ m │ k │ v │ ß │ Ret│
├─────┴┬──┴┬──┴┬──┴┬──┴┬──┴┬──┴┬──┴┬──┴┬──┴┬──┴┬──┴┬──┴┐   │
│    ⇩ │ a │ n │ r │ e │ y │ w │ t │ u │ s │ h │ ⇘ │ ´ │   │
├────┬─┴─┬─┴─┬─┴─┬─┴─┬─┴─┬─┴─┬─┴─┬─┴─┬─┴─┬─┴─┬─┴─┬─┴───┴───┤
│  ⇧ │ ⇚ │ j │ z │ x │ o │ q │ b │ d │ , │ . │ g │ ⇗       │
├────┼───┴┬──┴─┬─┴───┴───┴───┴───┴───┴─┬─┴──┬┴───┼────┬────┤
│Strg│ Fe │ Alt│      Leerzeichen      │ M4 │ Fe │ Me │Strg│
└────┴────┴────┴───────────────────────┴────┴────┴────┴────┘
# 8.910370070479567 x100 total penalty per letter
# 32.60955707661792 x10 billion total penalty compared to notime-noeffort
# 7.414691923870269 mean key position cost in file 1gramme.txt ( 54.27155496 )
# 9.393588083271316 % finger repeats in file 2gramme.txt ( 45.346672729343226 )
# 12.446067628863394 million keystrokes disbalance of the fingers ( 18.66910144329509 )
# 0.37451652658265705 % finger repeats top to bottom or vice versa ( 7.533098735419427 )
# 3.863451935519393 % of trigrams have no handswitching (after direction change counted x 1 ) ( 17.089263212320073 )
# 7.931722191652809 billion (rows²/dist)² to cross ( 103.11238849148651 )
# 0.01027101366381844 hand disbalance. Left: 0.5102710136638184 %, Right: 0.4897289863361815 % ( 0.30071317232011074 )
# 0.36597309448071924 badly positioned shortcut keys (weighted).
# 8.950341723652082 no handswitching after unbalancing key (weighted).
# 30.14311494188867 movement pattern cost (weighted).
# 0.8807948888330291 asymmetric bigram cost (weighted).
# 3.8314276253046438 irregularity cost (weighted).
# 16.604478332080674 manually assigned bigram penalty (weighted)
# 10.45718950642713 unbalancing key after neighboring finger (weighted)
# 0.8807948888330291 asymmetrc bigrams (weighted)
# 8.539457909327819 inconsistent symmetries of similar keys (weighted)
# 3.8314276253046438 irregularity cost for randomly sampled words (weighted).
# Finger load %: 10.9 9.4 8.0 14.7 - 14.0 9.2 8.0 10.1
 
