
# Evolved Layout
ßuavq wbockzj
rhiny gtems⇘
öxälü pd,.f
┌───┬───┬───┬───┬───┬───┬───┬───┬───┬───┬───┬───┬───┬──────┐
│ ^ │ 1 │ 2 │ 3 │ 4 │ 5 │ 6 │ 7 │ 8 │ 9 │ 0 │ - │ ` │ ←    │
├───┴─┬─┴─┬─┴─┬─┴─┬─┴─┬─┴─┬─┴─┬─┴─┬─┴─┬─┴─┬─┴─┬─┴─┬─┴─┬────┤
│   ⇥ │ ß │ u │ a │ v │ q │ w │ b │ o │ c │ k │ z │ j │ Ret│
├─────┴┬──┴┬──┴┬──┴┬──┴┬──┴┬──┴┬──┴┬──┴┬──┴┬──┴┬──┴┬──┴┐   │
│    ⇩ │ r │ h │ i │ n │ y │ g │ t │ e │ m │ s │ ⇘ │ ´ │   │
├────┬─┴─┬─┴─┬─┴─┬─┴─┬─┴─┬─┴─┬─┴─┬─┴─┬─┴─┬─┴─┬─┴─┬─┴───┴───┤
│  ⇧ │ ⇚ │ ö │ x │ ä │ l │ ü │ p │ d │ , │ . │ f │ ⇗       │
├────┼───┴┬──┴─┬─┴───┴───┴───┴───┴───┴─┬─┴──┬┴───┼────┬────┤
│Strg│ Fe │ Alt│      Leerzeichen      │ M4 │ Fe │ Me │Strg│
└────┴────┴────┴───────────────────────┴────┴────┴────┴────┘
# 9.80517030112344 x100 total penalty per letter
# 35.88428517012591 x10 billion total penalty compared to notime-noeffort
# 7.41431909045148 mean key position cost in file 1gramme.txt ( 54.26882602 )
# 11.09416497468967 % finger repeats in file 2gramme.txt ( 53.556049493858154 )
# 13.713341709313045 million keystrokes disbalance of the fingers ( 20.57001256396957 )
# 0.35827900137356206 % finger repeats top to bottom or vice versa ( 7.206493974515831 )
# 3.7706230573528208 % of trigrams have no handswitching (after direction change counted x 1 ) ( 16.678651883599176 )
# 8.04510288968997 billion (rows²/dist)² to cross ( 104.5863375659696 )
# 0.043274556275227916 hand disbalance. Left: 0.4567254437247721 %, Right: 0.5432745562752279 % ( 1.266985861786015 )
# 0.7319461889614385 badly positioned shortcut keys (weighted).
# 8.978020780807224 no handswitching after unbalancing key (weighted).
# 30.5695572188637 movement pattern cost (weighted).
# 0.8820866614677229 asymmetric bigram cost (weighted).
# 9.753850650583981 irregularity cost (weighted).
# 20.223737099635795 manually assigned bigram penalty (weighted)
# 15.571782316397027 unbalancing key after neighboring finger (weighted)
# 0.8820866614677229 asymmetrc bigrams (weighted)
# 13.998513420843791 inconsistent symmetries of similar keys (weighted)
# 9.753850650583981 irregularity cost for randomly sampled words (weighted).
# Finger load %: 11.4 6.1 10.2 10.9 - 14.6 14.7 5.5 11.0
 
