
# Evolved Layout
öoyzä vpfakjß
cenrl gtsih⇘
uüxmq bd,.w
┌───┬───┬───┬───┬───┬───┬───┬───┬───┬───┬───┬───┬───┬──────┐
│ ^ │ 1 │ 2 │ 3 │ 4 │ 5 │ 6 │ 7 │ 8 │ 9 │ 0 │ - │ ` │ ←    │
├───┴─┬─┴─┬─┴─┬─┴─┬─┴─┬─┴─┬─┴─┬─┴─┬─┴─┬─┴─┬─┴─┬─┴─┬─┴─┬────┤
│   ⇥ │ ö │ o │ y │ z │ ä │ v │ p │ f │ a │ k │ j │ ß │ Ret│
├─────┴┬──┴┬──┴┬──┴┬──┴┬──┴┬──┴┬──┴┬──┴┬──┴┬──┴┬──┴┬──┴┐   │
│    ⇩ │ c │ e │ n │ r │ l │ g │ t │ s │ i │ h │ ⇘ │ ´ │   │
├────┬─┴─┬─┴─┬─┴─┬─┴─┬─┴─┬─┴─┬─┴─┬─┴─┬─┴─┬─┴─┬─┴─┬─┴───┴───┤
│  ⇧ │ ⇚ │ u │ ü │ x │ m │ q │ b │ d │ , │ . │ w │ ⇗       │
├────┼───┴┬──┴─┬─┴───┴───┴───┴───┴───┴─┬─┴──┬┴───┼────┬────┤
│Strg│ Fe │ Alt│      Leerzeichen      │ M4 │ Fe │ Me │Strg│
└────┴────┴────┴───────────────────────┴────┴────┴────┴────┘
# 9.321700323911987 x100 total penalty per letter
# 34.114915133639926 x10 billion total penalty compared to notime-noeffort
# 7.519715775567719 mean key position cost in file 1gramme.txt ( 55.04027304 )
# 9.964440972839999 % finger repeats in file 2gramme.txt ( 48.1024119559728 )
# 12.712373548372357 million keystrokes disbalance of the fingers ( 19.068560322558533 )
# 0.3516054302978301 % finger repeats top to bottom or vice versa ( 7.072260459402225 )
# 4.880273280736371 % of trigrams have no handswitching (after direction change counted x 1 ) ( 21.586983877242034 )
# 7.618135465690399 billion (rows²/dist)² to cross ( 99.0357610539752 )
# 0.008556002376510774 hand disbalance. Left: 0.5085560023765108 %, Right: 0.4914439976234893 % ( 0.25050133328928287 )
# 0.36597309448071924 badly positioned shortcut keys (weighted).
# 7.721787249676621 no handswitching after unbalancing key (weighted).
# 40.61952155666513 movement pattern cost (weighted).
# 0.8720910879280738 asymmetric bigram cost (weighted).
# 3.3319709510266247 irregularity cost (weighted).
# 18.157651412119023 manually assigned bigram penalty (weighted)
# 12.163809867485206 unbalancing key after neighboring finger (weighted)
# 0.8720910879280738 asymmetrc bigrams (weighted)
# 7.759594074577799 inconsistent symmetries of similar keys (weighted)
# 3.3319709510266247 irregularity cost for randomly sampled words (weighted).
# Finger load %: 11.0 14.0 7.0 10.9 - 14.1 7.3 11.3 8.7
 
