
# Evolved Layout
ßcoüj vmiuköq
rgenp fsaht⇘
xzäly bw,.d
┌───┬───┬───┬───┬───┬───┬───┬───┬───┬───┬───┬───┬───┬──────┐
│ ^ │ 1 │ 2 │ 3 │ 4 │ 5 │ 6 │ 7 │ 8 │ 9 │ 0 │ - │ ` │ ←    │
├───┴─┬─┴─┬─┴─┬─┴─┬─┴─┬─┴─┬─┴─┬─┴─┬─┴─┬─┴─┬─┴─┬─┴─┬─┴─┬────┤
│   ⇥ │ ß │ c │ o │ ü │ j │ v │ m │ i │ u │ k │ ö │ q │ Ret│
├─────┴┬──┴┬──┴┬──┴┬──┴┬──┴┬──┴┬──┴┬──┴┬──┴┬──┴┬──┴┬──┴┐   │
│    ⇩ │ r │ g │ e │ n │ p │ f │ s │ a │ h │ t │ ⇘ │ ´ │   │
├────┬─┴─┬─┴─┬─┴─┬─┴─┬─┴─┬─┴─┬─┴─┬─┴─┬─┴─┬─┴─┬─┴─┬─┴───┴───┤
│  ⇧ │ ⇚ │ x │ z │ ä │ l │ y │ b │ w │ , │ . │ d │ ⇗       │
├────┼───┴┬──┴─┬─┴───┴───┴───┴───┴───┴─┬─┴──┬┴───┼────┬────┤
│Strg│ Fe │ Alt│      Leerzeichen      │ M4 │ Fe │ Me │Strg│
└────┴────┴────┴───────────────────────┴────┴────┴────┴────┘
# 9.617169203462696 x100 total penalty per letter
# 35.19625173535917 x10 billion total penalty compared to notime-noeffort
# 7.591512242019119 mean key position cost in file 1gramme.txt ( 55.56578454 )
# 10.1186634894642 % finger repeats in file 2gramme.txt ( 48.84690681000071 )
# 14.484383127044685 million keystrokes disbalance of the fingers ( 21.726574690567027 )
# 0.3406804624745342 % finger repeats top to bottom or vice versa ( 6.852513517804964 )
# 4.900221298346225 % of trigrams have no handswitching (after direction change counted x 1 ) ( 21.675220234051526 )
# 7.73979758390354 billion (rows²/dist)² to cross ( 100.61736859074601 )
# 0.008359380393418825 hand disbalance. Left: 0.4916406196065812 %, Right: 0.5083593803934188 % ( 0.2447446648416752 )
# 0.36597309448071924 badly positioned shortcut keys (weighted).
# 7.218655178410332 no handswitching after unbalancing key (weighted).
# 35.353523961227864 movement pattern cost (weighted).
# 0.9033469398331235 asymmetric bigram cost (weighted).
# 5.941542129765794 irregularity cost (weighted).
# 19.510953699962098 manually assigned bigram penalty (weighted)
# 11.173887242298825 unbalancing key after neighboring finger (weighted)
# 0.9033469398331235 asymmetrc bigrams (weighted)
# 15.965522059600971 inconsistent symmetries of similar keys (weighted)
# 5.941542129765794 irregularity cost for randomly sampled words (weighted).
# Finger load %: 11.4 5.0 13.8 11.3 - 12.1 11.1 7.1 12.5
 
