
# Evolved Layout
ükfzö qpouxjß
hsnrm cteia⇘
gwylä bd,.v
┌───┬───┬───┬───┬───┬───┬───┬───┬───┬───┬───┬───┬───┬──────┐
│ ^ │ 1 │ 2 │ 3 │ 4 │ 5 │ 6 │ 7 │ 8 │ 9 │ 0 │ - │ ` │ ←    │
├───┴─┬─┴─┬─┴─┬─┴─┬─┴─┬─┴─┬─┴─┬─┴─┬─┴─┬─┴─┬─┴─┬─┴─┬─┴─┬────┤
│   ⇥ │ ü │ k │ f │ z │ ö │ q │ p │ o │ u │ x │ j │ ß │ Ret│
├─────┴┬──┴┬──┴┬──┴┬──┴┬──┴┬──┴┬──┴┬──┴┬──┴┬──┴┬──┴┬──┴┐   │
│    ⇩ │ h │ s │ n │ r │ m │ c │ t │ e │ i │ a │ ⇘ │ ´ │   │
├────┬─┴─┬─┴─┬─┴─┬─┴─┬─┴─┬─┴─┬─┴─┬─┴─┬─┴─┬─┴─┬─┴─┬─┴───┴───┤
│  ⇧ │ ⇚ │ g │ w │ y │ l │ ä │ b │ d │ , │ . │ v │ ⇗       │
├────┼───┴┬──┴─┬─┴───┴───┴───┴───┴───┴─┬─┴──┬┴───┼────┬────┤
│Strg│ Fe │ Alt│      Leerzeichen      │ M4 │ Fe │ Me │Strg│
└────┴────┴────┴───────────────────────┴────┴────┴────┴────┘
# 9.171529211473228 x100 total penalty per letter
# 33.56532926643168 x10 billion total penalty compared to notime-noeffort
# 7.34577467454136 mean key position cost in file 1gramme.txt ( 53.76711778 )
# 10.433636158820613 % finger repeats in file 2gramme.txt ( 50.367408074201215 )
# 12.001971275203426 million keystrokes disbalance of the fingers ( 18.00295691280514 )
# 0.3498009553256326 % finger repeats top to bottom or vice versa ( 7.035964896546318 )
# 3.833236999700364 % of trigrams have no handswitching (after direction change counted x 1 ) ( 16.955613046672205 )
# 8.17853132686192 billion (rows²/dist)² to cross ( 106.32090724920495 )
# 0.05946736349919668 hand disbalance. Left: 0.4405326365008033 %, Right: 0.5594673634991967 % ( 1.7410764032328627 )
# 1.0979192834421578 badly positioned shortcut keys (weighted).
# 6.635079883913872 no handswitching after unbalancing key (weighted).
# 28.15151290581668 movement pattern cost (weighted).
# 0.8719062077165602 asymmetric bigram cost (weighted).
# 4.2435945446223196 irregularity cost (weighted).
# 17.188676611507606 manually assigned bigram penalty (weighted)
# 12.977232604056042 unbalancing key after neighboring finger (weighted)
# 0.8719062077165602 asymmetrc bigrams (weighted)
# 10.29632626057889 inconsistent symmetries of similar keys (weighted)
# 4.2435945446223196 irregularity cost for randomly sampled words (weighted).
# Finger load %: 10.9 7.0 8.3 10.9 - 13.7 14.7 9.4 9.4
 

# Evolved Layout
kpczq öoiufjß
htnrm yeaws⇘
dgblx äü,.v
┌───┬───┬───┬───┬───┬───┬───┬───┬───┬───┬───┬───┬───┬──────┐
│ ^ │ 1 │ 2 │ 3 │ 4 │ 5 │ 6 │ 7 │ 8 │ 9 │ 0 │ - │ ` │ ←    │
├───┴─┬─┴─┬─┴─┬─┴─┬─┴─┬─┴─┬─┴─┬─┴─┬─┴─┬─┴─┬─┴─┬─┴─┬─┴─┬────┤
│   ⇥ │ k │ p │ c │ z │ q │ ö │ o │ i │ u │ f │ j │ ß │ Ret│
├─────┴┬──┴┬──┴┬──┴┬──┴┬──┴┬──┴┬──┴┬──┴┬──┴┬──┴┬──┴┬──┴┐   │
│    ⇩ │ h │ t │ n │ r │ m │ y │ e │ a │ w │ s │ ⇘ │ ´ │   │
├────┬─┴─┬─┴─┬─┴─┬─┴─┬─┴─┬─┴─┬─┴─┬─┴─┬─┴─┬─┴─┬─┴─┬─┴───┴───┤
│  ⇧ │ ⇚ │ d │ g │ b │ l │ x │ ä │ ü │ , │ . │ v │ ⇗       │
├────┼───┴┬──┴─┬─┴───┴───┴───┴───┴───┴─┬─┴──┬┴───┼────┬────┤
│Strg│ Fe │ Alt│      Leerzeichen      │ M4 │ Fe │ Me │Strg│
└────┴────┴────┴───────────────────────┴────┴────┴────┴────┘
# 9.798903604923586 x100 total penalty per letter
# 35.8613507481216 x10 billion total penalty compared to notime-noeffort
# 8.07588573469766 mean key position cost in file 1gramme.txt ( 59.11113786 )
# 11.190823493570553 % finger repeats in file 2gramme.txt ( 54.02265950308351 )
# 14.520128559493973 million keystrokes disbalance of the fingers ( 21.78019283924096 )
# 0.36002239870718233 % finger repeats top to bottom or vice versa ( 7.241561009792122 )
# 2.380960077429433 % of trigrams have no handswitching (after direction change counted x 1 ) ( 10.53173538594766 )
# 9.124221049860832 billion (rows²/dist)² to cross ( 118.61487364819082 )
# 0.00779926408912196 hand disbalance. Left: 0.49220073591087804 %, Right: 0.507799264089122 % ( 0.22834566506946496 )
# 0.7319461889614385 badly positioned shortcut keys (weighted).
# 8.676587909078462 no handswitching after unbalancing key (weighted).
# 27.939026411476966 movement pattern cost (weighted).
# 0.8622681000577 asymmetric bigram cost (weighted).
# 9.48453382325654 irregularity cost (weighted).
# 20.87917754081277 manually assigned bigram penalty (weighted)
# 11.03152422546027 unbalancing key after neighboring finger (weighted)
# 0.8622681000577 asymmetrc bigrams (weighted)
# 7.47793737078733 inconsistent symmetries of similar keys (weighted)
# 9.48453382325654 irregularity cost for randomly sampled words (weighted).
# Finger load %: 12.7 8.0 10.0 10.8 - 15.6 11.1 5.1 11.1
 
