
# Evolved Layout
zdbcv qoiljxß
htsnm yearu⇘
gwkfp äü,.ö
┌───┬───┬───┬───┬───┬───┬───┬───┬───┬───┬───┬───┬───┬──────┐
│ ^ │ 1 │ 2 │ 3 │ 4 │ 5 │ 6 │ 7 │ 8 │ 9 │ 0 │ - │ ` │ ←    │
├───┴─┬─┴─┬─┴─┬─┴─┬─┴─┬─┴─┬─┴─┬─┴─┬─┴─┬─┴─┬─┴─┬─┴─┬─┴─┬────┤
│   ⇥ │ z │ d │ b │ c │ v │ q │ o │ i │ l │ j │ x │ ß │ Ret│
├─────┴┬──┴┬──┴┬──┴┬──┴┬──┴┬──┴┬──┴┬──┴┬──┴┬──┴┬──┴┬──┴┐   │
│    ⇩ │ h │ t │ s │ n │ m │ y │ e │ a │ r │ u │ ⇘ │ ´ │   │
├────┬─┴─┬─┴─┬─┴─┬─┴─┬─┴─┬─┴─┬─┴─┬─┴─┬─┴─┬─┴─┬─┴─┬─┴───┴───┤
│  ⇧ │ ⇚ │ g │ w │ k │ f │ p │ ä │ ü │ , │ . │ ö │ ⇗       │
├────┼───┴┬──┴─┬─┴───┴───┴───┴───┴───┴─┬─┴──┬┴───┼────┬────┤
│Strg│ Fe │ Alt│      Leerzeichen      │ M4 │ Fe │ Me │Strg│
└────┴────┴────┴───────────────────────┴────┴────┴────┴────┘
# 9.733750211154133 x100 total penalty per letter
# 35.622906856784326 x10 billion total penalty compared to notime-noeffort
# 7.852782956839488 mean key position cost in file 1gramme.txt ( 57.47814558 )
# 11.38917399003759 % finger repeats in file 2gramme.txt ( 54.9801780752478 )
# 11.132741852866298 million keystrokes disbalance of the fingers ( 16.699112779299448 )
# 0.37213605734823124 % finger repeats top to bottom or vice versa ( 7.485217511209687 )
# 3.3734337447598826 % of trigrams have no handswitching (after direction change counted x 1 ) ( 14.921758612683234 )
# 9.917437149586275 billion (rows²/dist)² to cross ( 128.92668294462158 )
# 0.016659362669287303 hand disbalance. Left: 0.4833406373307127 %, Right: 0.5166593626692872 % ( 0.487750280652452 )
# 0.7319461889614385 badly positioned shortcut keys (weighted).
# 8.628160170015637 no handswitching after unbalancing key (weighted).
# 29.525204232702002 movement pattern cost (weighted).
# 0.860168048512724 asymmetric bigram cost (weighted).
# 4.07400486906076 irregularity cost (weighted).
# 16.21756604472291 manually assigned bigram penalty (weighted)
# 9.990311341576994 unbalancing key after neighboring finger (weighted)
# 0.860168048512724 asymmetrc bigrams (weighted)
# 5.222861888576708 inconsistent symmetries of similar keys (weighted)
# 4.07400486906076 irregularity cost for randomly sampled words (weighted).
# Finger load %: 10.5 9.5 7.1 13.7 - 15.5 11.1 9.3 7.7
 
