
# Evolved Layout
ßvckq äaufüxj
htnrl yeisd⇘
gbpmz öo,.w
┌───┬───┬───┬───┬───┬───┬───┬───┬───┬───┬───┬───┬───┬──────┐
│ ^ │ 1 │ 2 │ 3 │ 4 │ 5 │ 6 │ 7 │ 8 │ 9 │ 0 │ - │ ` │ ←    │
├───┴─┬─┴─┬─┴─┬─┴─┬─┴─┬─┴─┬─┴─┬─┴─┬─┴─┬─┴─┬─┴─┬─┴─┬─┴─┬────┤
│   ⇥ │ ß │ v │ c │ k │ q │ ä │ a │ u │ f │ ü │ x │ j │ Ret│
├─────┴┬──┴┬──┴┬──┴┬──┴┬──┴┬──┴┬──┴┬──┴┬──┴┬──┴┬──┴┬──┴┐   │
│    ⇩ │ h │ t │ n │ r │ l │ y │ e │ i │ s │ d │ ⇘ │ ´ │   │
├────┬─┴─┬─┴─┬─┴─┬─┴─┬─┴─┬─┴─┬─┴─┬─┴─┬─┴─┬─┴─┬─┴─┬─┴───┴───┤
│  ⇧ │ ⇚ │ g │ b │ p │ m │ z │ ö │ o │ , │ . │ w │ ⇗       │
├────┼───┴┬──┴─┬─┴───┴───┴───┴───┴───┴─┬─┴──┬┴───┼────┬────┤
│Strg│ Fe │ Alt│      Leerzeichen      │ M4 │ Fe │ Me │Strg│
└────┴────┴────┴───────────────────────┴────┴────┴────┴────┘
# 9.461505060954968 x100 total penalty per letter
# 34.62656285602676 x10 billion total penalty compared to notime-noeffort
# 7.806388456106881 mean key position cost in file 1gramme.txt ( 57.1385628 )
# 13.049169917547458 % finger repeats in file 2gramme.txt ( 62.99365401112448 )
# 12.65262173346526 million keystrokes disbalance of the fingers ( 18.97893260019789 )
# 0.48896164487549226 % finger repeats top to bottom or vice versa ( 9.835070249876507 )
# 3.0003606464590056 % of trigrams have no handswitching (after direction change counted x 1 ) ( 13.271538943665318 )
# 8.118883119717548 billion (rows²/dist)² to cross ( 105.54548055632812 )
# 0.03733799489262063 hand disbalance. Left: 0.46266200510737937 %, Right: 0.5373379948926206 % ( 1.093176122604613 )
# 0.7319461889614385 badly positioned shortcut keys (weighted).
# 7.271243567460881 no handswitching after unbalancing key (weighted).
# 24.8438899229649 movement pattern cost (weighted).
# 0.8605151806205315 asymmetric bigram cost (weighted).
# 4.953985538801565 irregularity cost (weighted).
# 15.970231871239594 manually assigned bigram penalty (weighted)
# 9.831726568396002 unbalancing key after neighboring finger (weighted)
# 0.8605151806205315 asymmetrc bigrams (weighted)
# 12.94567443802574 inconsistent symmetries of similar keys (weighted)
# 4.953985538801565 irregularity cost for randomly sampled words (weighted).
# Finger load %: 10.7 7.1 9.6 11.6 - 19.7 9.2 7.5 9.0
 
