
# Evolved Layout
ßplkz öüuofjq
hnrtg äeias⇘
mbxdv yc,.w
┌───┬───┬───┬───┬───┬───┬───┬───┬───┬───┬───┬───┬───┬──────┐
│ ^ │ 1 │ 2 │ 3 │ 4 │ 5 │ 6 │ 7 │ 8 │ 9 │ 0 │ - │ ` │ ←    │
├───┴─┬─┴─┬─┴─┬─┴─┬─┴─┬─┴─┬─┴─┬─┴─┬─┴─┬─┴─┬─┴─┬─┴─┬─┴─┬────┤
│   ⇥ │ ß │ p │ l │ k │ z │ ö │ ü │ u │ o │ f │ j │ q │ Ret│
├─────┴┬──┴┬──┴┬──┴┬──┴┬──┴┬──┴┬──┴┬──┴┬──┴┬──┴┬──┴┬──┴┐   │
│    ⇩ │ h │ n │ r │ t │ g │ ä │ e │ i │ a │ s │ ⇘ │ ´ │   │
├────┬─┴─┬─┴─┬─┴─┬─┴─┬─┴─┬─┴─┬─┴─┬─┴─┬─┴─┬─┴─┬─┴─┬─┴───┴───┤
│  ⇧ │ ⇚ │ m │ b │ x │ d │ v │ y │ c │ , │ . │ w │ ⇗       │
├────┼───┴┬──┴─┬─┴───┴───┴───┴───┴───┴─┬─┴──┬┴───┼────┬────┤
│Strg│ Fe │ Alt│      Leerzeichen      │ M4 │ Fe │ Me │Strg│
└────┴────┴────┴───────────────────────┴────┴────┴────┴────┘
# 9.481623245972635 x100 total penalty per letter
# 34.70019000028927 x10 billion total penalty compared to notime-noeffort
# 7.522869348924355 mean key position cost in file 1gramme.txt ( 55.0633555 )
# 10.408500835650514 % finger repeats in file 2gramme.txt ( 50.246069639554435 )
# 13.002058973383878 million keystrokes disbalance of the fingers ( 19.503088460075816 )
# 0.363441242080453 % finger repeats top to bottom or vice versa ( 7.310328294714856 )
# 2.254144709607447 % of trigrams have no handswitching (after direction change counted x 1 ) ( 9.970791122566848 )
# 8.771228806807974 billion (rows²/dist)² to cross ( 114.02597448850366 )
# 0.025406683795841434 hand disbalance. Left: 0.47459331620415857 %, Right: 0.5254066837958414 % ( 0.7438530151405789 )
# 1.0979192834421578 badly positioned shortcut keys (weighted).
# 7.42670555028972 no handswitching after unbalancing key (weighted).
# 27.432449613996216 movement pattern cost (weighted).
# 0.8842417900460773 asymmetric bigram cost (weighted).
# 9.973597605879851 irregularity cost (weighted).
# 21.014607115178876 manually assigned bigram penalty (weighted)
# 13.065431245742793 unbalancing key after neighboring finger (weighted)
# 0.8842417900460773 asymmetrc bigrams (weighted)
# 9.243487277760842 inconsistent symmetries of similar keys (weighted)
# 9.973597605879851 irregularity cost for randomly sampled words (weighted).
# Finger load %: 10.4 9.0 8.0 12.6 - 15.1 9.2 8.6 11.5
 
