
# Evolved Layout
ölubü qdyokßx
hrinm cteas⇘
zjvpä fg,.w
┌───┬───┬───┬───┬───┬───┬───┬───┬───┬───┬───┬───┬───┬──────┐
│ ^ │ 1 │ 2 │ 3 │ 4 │ 5 │ 6 │ 7 │ 8 │ 9 │ 0 │ - │ ` │ ←    │
├───┴─┬─┴─┬─┴─┬─┴─┬─┴─┬─┴─┬─┴─┬─┴─┬─┴─┬─┴─┬─┴─┬─┴─┬─┴─┬────┤
│   ⇥ │ ö │ l │ u │ b │ ü │ q │ d │ y │ o │ k │ ß │ x │ Ret│
├─────┴┬──┴┬──┴┬──┴┬──┴┬──┴┬──┴┬──┴┬──┴┬──┴┬──┴┬──┴┬──┴┐   │
│    ⇩ │ h │ r │ i │ n │ m │ c │ t │ e │ a │ s │ ⇘ │ ´ │   │
├────┬─┴─┬─┴─┬─┴─┬─┴─┬─┴─┬─┴─┬─┴─┬─┴─┬─┴─┬─┴─┬─┴─┬─┴───┴───┤
│  ⇧ │ ⇚ │ z │ j │ v │ p │ ä │ f │ g │ , │ . │ w │ ⇗       │
├────┼───┴┬──┴─┬─┴───┴───┴───┴───┴───┴─┬─┴──┬┴───┼────┬────┤
│Strg│ Fe │ Alt│      Leerzeichen      │ M4 │ Fe │ Me │Strg│
└────┴────┴────┴───────────────────────┴────┴────┴────┴────┘
# 9.322597065954424 x100 total penalty per letter
# 34.118196968242145 x10 billion total penalty compared to notime-noeffort
# 7.360427401970979 mean key position cost in file 1gramme.txt ( 53.87436786 )
# 9.96806416405732 % finger repeats in file 2gramme.txt ( 48.119902574564044 )
# 11.811055038513935 million keystrokes disbalance of the fingers ( 17.716582557770902 )
# 0.3396425659063444 % finger repeats top to bottom or vice versa ( 6.831637063041621 )
# 3.7307756107130072 % of trigrams have no handswitching (after direction change counted x 1 ) ( 16.502394092553278 )
# 8.198398065706876 billion (rows²/dist)² to cross ( 106.57917485418938 )
# 0.0496554111365759 hand disbalance. Left: 0.4503445888634241 %, Right: 0.5496554111365759 % ( 1.453803557709204 )
# 0.7319461889614385 badly positioned shortcut keys (weighted).
# 7.57741748052419 no handswitching after unbalancing key (weighted).
# 31.086076874944816 movement pattern cost (weighted).
# 0.8845212020971561 asymmetric bigram cost (weighted).
# 2.4013406163972184 irregularity cost (weighted).
# 18.897675694488385 manually assigned bigram penalty (weighted)
# 13.72506197984264 unbalancing key after neighboring finger (weighted)
# 0.8845212020971561 asymmetrc bigrams (weighted)
# 14.80006708533716 inconsistent symmetries of similar keys (weighted)
# 2.4013406163972184 irregularity cost for randomly sampled words (weighted).
# Finger load %: 9.6 8.2 8.7 11.5 - 14.7 12.4 8.6 10.7
 

# Evolved Layout
öäczü qwilvßj
henak gturs⇘
fypox bd,.m
┌───┬───┬───┬───┬───┬───┬───┬───┬───┬───┬───┬───┬───┬──────┐
│ ^ │ 1 │ 2 │ 3 │ 4 │ 5 │ 6 │ 7 │ 8 │ 9 │ 0 │ - │ ` │ ←    │
├───┴─┬─┴─┬─┴─┬─┴─┬─┴─┬─┴─┬─┴─┬─┴─┬─┴─┬─┴─┬─┴─┬─┴─┬─┴─┬────┤
│   ⇥ │ ö │ ä │ c │ z │ ü │ q │ w │ i │ l │ v │ ß │ j │ Ret│
├─────┴┬──┴┬──┴┬──┴┬──┴┬──┴┬──┴┬──┴┬──┴┬──┴┬──┴┬──┴┬──┴┐   │
│    ⇩ │ h │ e │ n │ a │ k │ g │ t │ u │ r │ s │ ⇘ │ ´ │   │
├────┬─┴─┬─┴─┬─┴─┬─┴─┬─┴─┬─┴─┬─┴─┬─┴─┬─┴─┬─┴─┬─┴─┬─┴───┴───┤
│  ⇧ │ ⇚ │ f │ y │ p │ o │ x │ b │ d │ , │ . │ m │ ⇗       │
├────┼───┴┬──┴─┬─┴───┴───┴───┴───┴───┴─┬─┴──┬┴───┼────┬────┤
│Strg│ Fe │ Alt│      Leerzeichen      │ M4 │ Fe │ Me │Strg│
└────┴────┴────┴───────────────────────┴────┴────┴────┴────┘
# 9.422379836588565 x100 total penalty per letter
# 34.48337506169051 x10 billion total penalty compared to notime-noeffort
# 7.42400191428045 mean key position cost in file 1gramme.txt ( 54.33969908 )
# 8.12659471907676 % finger repeats in file 2gramme.txt ( 39.23038011281922 )
# 12.518676271211245 million keystrokes disbalance of the fingers ( 18.77801440681687 )
# 0.4109814454751328 % finger repeats top to bottom or vice versa ( 8.26656125282173 )
# 4.386300414071282 % of trigrams have no handswitching (after direction change counted x 1 ) ( 19.401986502077555 )
# 7.746887708474245 billion (rows²/dist)² to cross ( 100.70954021016519 )
# 0.010383654692820654 hand disbalance. Left: 0.48961634530717935 %, Right: 0.5103836546928207 % ( 0.30401105919606536 )
# 0.7319461889614385 badly positioned shortcut keys (weighted).
# 8.174974481657728 no handswitching after unbalancing key (weighted).
# 41.00309123640388 movement pattern cost (weighted).
# 0.8671680510546929 asymmetric bigram cost (weighted).
# 3.7245394617296146 irregularity cost (weighted).
# 20.595687023349306 manually assigned bigram penalty (weighted)
# 13.223744925825075 unbalancing key after neighboring finger (weighted)
# 0.8671680510546929 asymmetrc bigrams (weighted)
# 15.482406624026831 inconsistent symmetries of similar keys (weighted)
# 3.7245394617296146 irregularity cost for randomly sampled words (weighted).
# Finger load %: 10.6 11.7 9.6 9.4 - 13.7 9.2 9.3 10.9
 
