
# Evolved Layout
öläzü vgmpfßj
ureio btsnh⇘
cxyaq wd,.k
┌───┬───┬───┬───┬───┬───┬───┬───┬───┬───┬───┬───┬───┬──────┐
│ ^ │ 1 │ 2 │ 3 │ 4 │ 5 │ 6 │ 7 │ 8 │ 9 │ 0 │ - │ ` │ ←    │
├───┴─┬─┴─┬─┴─┬─┴─┬─┴─┬─┴─┬─┴─┬─┴─┬─┴─┬─┴─┬─┴─┬─┴─┬─┴─┬────┤
│   ⇥ │ ö │ l │ ä │ z │ ü │ v │ g │ m │ p │ f │ ß │ j │ Ret│
├─────┴┬──┴┬──┴┬──┴┬──┴┬──┴┬──┴┬──┴┬──┴┬──┴┬──┴┬──┴┬──┴┐   │
│    ⇩ │ u │ r │ e │ i │ o │ b │ t │ s │ n │ h │ ⇘ │ ´ │   │
├────┬─┴─┬─┴─┬─┴─┬─┴─┬─┴─┬─┴─┬─┴─┬─┴─┬─┴─┬─┴─┬─┴─┬─┴───┴───┤
│  ⇧ │ ⇚ │ c │ x │ y │ a │ q │ w │ d │ , │ . │ k │ ⇗       │
├────┼───┴┬──┴─┬─┴───┴───┴───┴───┴───┴─┬─┴──┬┴───┼────┬────┤
│Strg│ Fe │ Alt│      Leerzeichen      │ M4 │ Fe │ Me │Strg│
└────┴────┴────┴───────────────────────┴────┴────┴────┴────┘
# 8.955615010967087 x100 total penalty per letter
# 32.775141385416056 x10 billion total penalty compared to notime-noeffort
# 7.5331089131341695 mean key position cost in file 1gramme.txt ( 55.1383036 )
# 9.644072173606101 % finger repeats in file 2gramme.txt ( 46.55586137670864 )
# 11.719110859711982 million keystrokes disbalance of the fingers ( 17.578666289567973 )
# 0.4329613608700884 % finger repeats top to bottom or vice versa ( 8.708669574121197 )
# 2.968197005927129 % of trigrams have no handswitching (after direction change counted x 1 ) ( 13.12926904408087 )
# 7.975956727393941 billion (rows²/dist)² to cross ( 103.68743745612123 )
# 0.025836591464285297 hand disbalance. Left: 0.5258365914642853 %, Right: 0.47416340853571465 % ( 0.7564397863214903 )
# 0.36597309448071924 badly positioned shortcut keys (weighted).
# 8.552244901755811 no handswitching after unbalancing key (weighted).
# 31.357357730452843 movement pattern cost (weighted).
# 0.8738730250527196 asymmetric bigram cost (weighted).
# 5.369792152657017 irregularity cost (weighted).
# 18.37603870967646 manually assigned bigram penalty (weighted)
# 9.860331267505051 unbalancing key after neighboring finger (weighted)
# 0.8738730250527196 asymmetrc bigrams (weighted)
# 7.441155845658565 inconsistent symmetries of similar keys (weighted)
# 5.369792152657017 irregularity cost for randomly sampled words (weighted).
# Finger load %: 10.9 8.2 11.5 13.8 - 14.3 7.8 8.8 9.1
 
