
# Evolved Layout
ßcläü vdamzjq
unrey btish⇘
kpxoö wg,.f
┌───┬───┬───┬───┬───┬───┬───┬───┬───┬───┬───┬───┬───┬──────┐
│ ^ │ 1 │ 2 │ 3 │ 4 │ 5 │ 6 │ 7 │ 8 │ 9 │ 0 │ - │ ` │ ←    │
├───┴─┬─┴─┬─┴─┬─┴─┬─┴─┬─┴─┬─┴─┬─┴─┬─┴─┬─┴─┬─┴─┬─┴─┬─┴─┬────┤
│   ⇥ │ ß │ c │ l │ ä │ ü │ v │ d │ a │ m │ z │ j │ q │ Ret│
├─────┴┬──┴┬──┴┬──┴┬──┴┬──┴┬──┴┬──┴┬──┴┬──┴┬──┴┬──┴┬──┴┐   │
│    ⇩ │ u │ n │ r │ e │ y │ b │ t │ i │ s │ h │ ⇘ │ ´ │   │
├────┬─┴─┬─┴─┬─┴─┬─┴─┬─┴─┬─┴─┬─┴─┬─┴─┬─┴─┬─┴─┬─┴─┬─┴───┴───┤
│  ⇧ │ ⇚ │ k │ p │ x │ o │ ö │ w │ g │ , │ . │ f │ ⇗       │
├────┼───┴┬──┴─┬─┴───┴───┴───┴───┴───┴─┬─┴──┬┴───┼────┬────┤
│Strg│ Fe │ Alt│      Leerzeichen      │ M4 │ Fe │ Me │Strg│
└────┴────┴────┴───────────────────────┴────┴────┴────┴────┘
# 9.167715170057868 x100 total penalty per letter
# 33.551370901039114 x10 billion total penalty compared to notime-noeffort
# 7.427130575969706 mean key position cost in file 1gramme.txt ( 54.3625992 )
# 10.165734518197223 % finger repeats in file 2gramme.txt ( 49.07413782290738 )
# 10.816598735272583 million keystrokes disbalance of the fingers ( 16.224898102908874 )
# 0.3415930177055695 % finger repeats top to bottom or vice versa ( 6.8708688323744935 )
# 4.813342823948785 % of trigrams have no handswitching (after direction change counted x 1 ) ( 21.290929412982184 )
# 7.391054456260435 billion (rows²/dist)² to cross ( 96.08370793138565 )
# 0.0025867568217842196 hand disbalance. Left: 0.5025867568217842 %, Right: 0.49741324317821584 % ( 0.0757346718989985 )
# 0.7319461889614385 badly positioned shortcut keys (weighted).
# 7.499206246805541 no handswitching after unbalancing key (weighted).
# 30.56458510548559 movement pattern cost (weighted).
# 0.8886004046463697 asymmetric bigram cost (weighted).
# 4.468766083872735 irregularity cost (weighted).
# 17.308308385034 manually assigned bigram penalty (weighted)
# 11.530384850397024 unbalancing key after neighboring finger (weighted)
# 0.8886004046463697 asymmetrc bigrams (weighted)
# 18.539035770730823 inconsistent symmetries of similar keys (weighted)
# 4.468766083872735 irregularity cost for randomly sampled words (weighted).
# Finger load %: 9.8 9.8 8.0 14.8 - 14.3 11.1 8.0 8.6
 
