
# Evolved Layout
äplzj qkyovöß
ihnrm fteag⇘
ubüsx wd,.c
┌───┬───┬───┬───┬───┬───┬───┬───┬───┬───┬───┬───┬───┬──────┐
│ ^ │ 1 │ 2 │ 3 │ 4 │ 5 │ 6 │ 7 │ 8 │ 9 │ 0 │ - │ ` │ ←    │
├───┴─┬─┴─┬─┴─┬─┴─┬─┴─┬─┴─┬─┴─┬─┴─┬─┴─┬─┴─┬─┴─┬─┴─┬─┴─┬────┤
│   ⇥ │ ä │ p │ l │ z │ j │ q │ k │ y │ o │ v │ ö │ ß │ Ret│
├─────┴┬──┴┬──┴┬──┴┬──┴┬──┴┬──┴┬──┴┬──┴┬──┴┬──┴┬──┴┬──┴┐   │
│    ⇩ │ i │ h │ n │ r │ m │ f │ t │ e │ a │ g │ ⇘ │ ´ │   │
├────┬─┴─┬─┴─┬─┴─┬─┴─┬─┴─┬─┴─┬─┴─┬─┴─┬─┴─┬─┴─┬─┴─┬─┴───┴───┤
│  ⇧ │ ⇚ │ u │ b │ ü │ s │ x │ w │ d │ , │ . │ c │ ⇗       │
├────┼───┴┬──┴─┬─┴───┴───┴───┴───┴───┴─┬─┴──┬┴───┼────┬────┤
│Strg│ Fe │ Alt│      Leerzeichen      │ M4 │ Fe │ Me │Strg│
└────┴────┴────┴───────────────────────┴────┴────┴────┴────┘
# 9.58457669360098 x100 total penalty per letter
# 35.07697191844931 x10 billion total penalty compared to notime-noeffort
# 7.777921762360495 mean key position cost in file 1gramme.txt ( 56.93020192 )
# 11.310128756395997 % finger repeats in file 2gramme.txt ( 54.59859456221904 )
# 14.04600339441384 million keystrokes disbalance of the fingers ( 21.069005091620763 )
# 0.36948691586134713 % finger repeats top to bottom or vice versa ( 7.431932160715577 )
# 3.4003005211769914 % of trigrams have no handswitching (after direction change counted x 1 ) ( 15.040598816087188 )
# 8.509510672137226 billion (rows²/dist)² to cross ( 110.62363873778393 )
# 0.005435447126243609 hand disbalance. Left: 0.4945645528737564 %, Right: 0.5054354471262437 % ( 0.1591381923742165 )
# 1.0979192834421578 badly positioned shortcut keys (weighted).
# 7.597381366655923 no handswitching after unbalancing key (weighted).
# 26.853873539679945 movement pattern cost (weighted).
# 0.8743797050733111 asymmetric bigram cost (weighted).
# 5.610098330470498 irregularity cost (weighted).
# 17.711348330808036 manually assigned bigram penalty (weighted)
# 11.454752430509163 unbalancing key after neighboring finger (weighted)
# 0.8743797050733111 asymmetrc bigrams (weighted)
# 13.716856717053323 inconsistent symmetries of similar keys (weighted)
# 5.610098330470498 irregularity cost for randomly sampled words (weighted).
# Finger load %: 13.6 5.8 9.6 12.7 - 12.7 12.4 8.6 9.0
 
