
# Evolved Layout
öäafq kpluvjß
meonz gtrih⇘
cüxsy wd,.b
┌───┬───┬───┬───┬───┬───┬───┬───┬───┬───┬───┬───┬───┬──────┐
│ ^ │ 1 │ 2 │ 3 │ 4 │ 5 │ 6 │ 7 │ 8 │ 9 │ 0 │ - │ ` │ ←    │
├───┴─┬─┴─┬─┴─┬─┴─┬─┴─┬─┴─┬─┴─┬─┴─┬─┴─┬─┴─┬─┴─┬─┴─┬─┴─┬────┤
│   ⇥ │ ö │ ä │ a │ f │ q │ k │ p │ l │ u │ v │ j │ ß │ Ret│
├─────┴┬──┴┬──┴┬──┴┬──┴┬──┴┬──┴┬──┴┬──┴┬──┴┬──┴┬──┴┬──┴┐   │
│    ⇩ │ m │ e │ o │ n │ z │ g │ t │ r │ i │ h │ ⇘ │ ´ │   │
├────┬─┴─┬─┴─┬─┴─┬─┴─┬─┴─┬─┴─┬─┴─┬─┴─┬─┴─┬─┴─┬─┴─┬─┴───┴───┤
│  ⇧ │ ⇚ │ c │ ü │ x │ s │ y │ w │ d │ , │ . │ b │ ⇗       │
├────┼───┴┬──┴─┬─┴───┴───┴───┴───┴───┴─┬─┴──┬┴───┼────┬────┤
│Strg│ Fe │ Alt│      Leerzeichen      │ M4 │ Fe │ Me │Strg│
└────┴────┴────┴───────────────────────┴────┴────┴────┴────┘
# 9.164068106721539 x100 total penalty per letter
# 33.53802363048948 x10 billion total penalty compared to notime-noeffort
# 7.567750907835963 mean key position cost in file 1gramme.txt ( 55.39186436 )
# 9.521841850916418 % finger repeats in file 2gramme.txt ( 45.965805863152326 )
# 11.436894712979406 million keystrokes disbalance of the fingers ( 17.155342069469107 )
# 0.3810108613735003 % finger repeats top to bottom or vice versa ( 7.663727056809391 )
# 3.4351737073344317 % of trigrams have no handswitching (after direction change counted x 1 ) ( 15.19485388829805 )
# 8.418022949747755 billion (rows²/dist)² to cross ( 109.43429834672081 )
# 0.004533076044820117 hand disbalance. Left: 0.5045330760448201 %, Right: 0.4954669239551798 % ( 0.13271870941113903 )
# 0.7319461889614385 badly positioned shortcut keys (weighted).
# 8.293990770311558 no handswitching after unbalancing key (weighted).
# 28.659932730681412 movement pattern cost (weighted).
# 0.8856750003813629 asymmetric bigram cost (weighted).
# 2.9730382080082514 irregularity cost (weighted).
# 16.863069043467267 manually assigned bigram penalty (weighted)
# 12.035460648378912 unbalancing key after neighboring finger (weighted)
# 0.8856750003813629 asymmetrc bigrams (weighted)
# 13.998513420843791 inconsistent symmetries of similar keys (weighted)
# 2.9730382080082514 irregularity cost for randomly sampled words (weighted).
# Finger load %: 9.9 11.6 7.3 13.7 - 14.2 9.1 9.4 9.1
 
