
# Evolved Layout
ßyovä wbdlzjq
heaiu mntrs⇘
gxükö pc,.f
┌───┬───┬───┬───┬───┬───┬───┬───┬───┬───┬───┬───┬───┬──────┐
│ ^ │ 1 │ 2 │ 3 │ 4 │ 5 │ 6 │ 7 │ 8 │ 9 │ 0 │ - │ ` │ ←    │
├───┴─┬─┴─┬─┴─┬─┴─┬─┴─┬─┴─┬─┴─┬─┴─┬─┴─┬─┴─┬─┴─┬─┴─┬─┴─┬────┤
│   ⇥ │ ß │ y │ o │ v │ ä │ w │ b │ d │ l │ z │ j │ q │ Ret│
├─────┴┬──┴┬──┴┬──┴┬──┴┬──┴┬──┴┬──┴┬──┴┬──┴┬──┴┬──┴┬──┴┐   │
│    ⇩ │ h │ e │ a │ i │ u │ m │ n │ t │ r │ s │ ⇘ │ ´ │   │
├────┬─┴─┬─┴─┬─┴─┬─┴─┬─┴─┬─┴─┬─┴─┬─┴─┬─┴─┬─┴─┬─┴─┬─┴───┴───┤
│  ⇧ │ ⇚ │ g │ x │ ü │ k │ ö │ p │ c │ , │ . │ f │ ⇗       │
├────┼───┴┬──┴─┬─┴───┴───┴───┴───┴───┴─┬─┴──┬┴───┼────┬────┤
│Strg│ Fe │ Alt│      Leerzeichen      │ M4 │ Fe │ Me │Strg│
└────┴────┴────┴───────────────────────┴────┴────┴────┴────┘
# 8.895920525367943 x100 total penalty per letter
# 32.55667562923452 x10 billion total penalty compared to notime-noeffort
# 7.270559585194265 mean key position cost in file 1gramme.txt ( 53.2165838 )
# 9.247477864284575 % finger repeats in file 2gramme.txt ( 44.64133923759646 )
# 12.882898429426584 million keystrokes disbalance of the fingers ( 19.324347644139877 )
# 0.37423834136201 % finger repeats top to bottom or vice versa ( 7.527503263430541 )
# 1.7415781090894857 % of trigrams have no handswitching (after direction change counted x 1 ) ( 7.703547813658444 )
# 7.959971630884115 billion (rows²/dist)² to cross ( 103.4796312014935 )
# 0.020595513549066913 hand disbalance. Left: 0.4794044864509331 %, Right: 0.520595513549067 % ( 0.6029923060777279 )
# 0.7319461889614385 badly positioned shortcut keys (weighted).
# 8.307446920825456 no handswitching after unbalancing key (weighted).
# 33.090575944620205 movement pattern cost (weighted).
# 0.8582511784069413 asymmetric bigram cost (weighted).
# 4.579442216858308 irregularity cost (weighted).
# 21.74483877382501 manually assigned bigram penalty (weighted)
# 11.649906113488521 unbalancing key after neighboring finger (weighted)
# 0.8582511784069413 asymmetrc bigrams (weighted)
# 8.108403688962824 inconsistent symmetries of similar keys (weighted)
# 4.579442216858308 irregularity cost for randomly sampled words (weighted).
# Finger load %: 11.2 11.6 7.5 10.2 - 15.0 9.3 9.3 10.3
 
