
# Evolved Layout
üäovq xflhwkß
iaenz gsrdt⇘
ujöcy bm,.p
┌───┬───┬───┬───┬───┬───┬───┬───┬───┬───┬───┬───┬───┬──────┐
│ ^ │ 1 │ 2 │ 3 │ 4 │ 5 │ 6 │ 7 │ 8 │ 9 │ 0 │ - │ ` │ ←    │
├───┴─┬─┴─┬─┴─┬─┴─┬─┴─┬─┴─┬─┴─┬─┴─┬─┴─┬─┴─┬─┴─┬─┴─┬─┴─┬────┤
│   ⇥ │ ü │ ä │ o │ v │ q │ x │ f │ l │ h │ w │ k │ ß │ Ret│
├─────┴┬──┴┬──┴┬──┴┬──┴┬──┴┬──┴┬──┴┬──┴┬──┴┬──┴┬──┴┬──┴┐   │
│    ⇩ │ i │ a │ e │ n │ z │ g │ s │ r │ d │ t │ ⇘ │ ´ │   │
├────┬─┴─┬─┴─┬─┴─┬─┴─┬─┴─┬─┴─┬─┴─┬─┴─┬─┴─┬─┴─┬─┴─┬─┴───┴───┤
│  ⇧ │ ⇚ │ u │ j │ ö │ c │ y │ b │ m │ , │ . │ p │ ⇗       │
├────┼───┴┬──┴─┬─┴───┴───┴───┴───┴───┴─┬─┴──┬┴───┼────┬────┤
│Strg│ Fe │ Alt│      Leerzeichen      │ M4 │ Fe │ Me │Strg│
└────┴────┴────┴───────────────────────┴────┴────┴────┴────┘
# 9.293145717386476 x100 total penalty per letter
# 34.01041295652172 x10 billion total penalty compared to notime-noeffort
# 7.471128343135751 mean key position cost in file 1gramme.txt ( 54.68463918 )
# 10.10350528361812 % finger repeats in file 2gramme.txt ( 48.77373198121613 )
# 16.075836448159716 million keystrokes disbalance of the fingers ( 24.113754672239576 )
# 0.378268479602694 % finger repeats top to bottom or vice versa ( 7.608566252990661 )
# 3.4948511210621658 % of trigrams have no handswitching (after direction change counted x 1 ) ( 15.45882586156052 )
# 8.311066830681217 billion (rows²/dist)² to cross ( 108.04386879885583 )
# 0.016454143877486893 hand disbalance. Left: 0.5164541438774869 %, Right: 0.48354585612251316 % ( 0.48174191614998874 )
# 1.0979192834421578 badly positioned shortcut keys (weighted).
# 8.10248964724729 no handswitching after unbalancing key (weighted).
# 24.166181711407138 movement pattern cost (weighted).
# 0.8607749404481394 asymmetric bigram cost (weighted).
# 5.893503276747082 irregularity cost (weighted).
# 21.709741537484394 manually assigned bigram penalty (weighted)
# 10.250494367181329 unbalancing key after neighboring finger (weighted)
# 0.8607749404481394 asymmetrc bigrams (weighted)
# 8.857896138247051 inconsistent symmetries of similar keys (weighted)
# 5.893503276747082 irregularity cost for randomly sampled words (weighted).
# Finger load %: 14.3 5.1 13.6 10.5 - 12.5 9.1 7.9 11.4
 
