
# Evolved Layout
äuogq wbdmxjß
aiehz cntsr⇘
vüöky fp,.l
┌───┬───┬───┬───┬───┬───┬───┬───┬───┬───┬───┬───┬───┬──────┐
│ ^ │ 1 │ 2 │ 3 │ 4 │ 5 │ 6 │ 7 │ 8 │ 9 │ 0 │ - │ ` │ ←    │
├───┴─┬─┴─┬─┴─┬─┴─┬─┴─┬─┴─┬─┴─┬─┴─┬─┴─┬─┴─┬─┴─┬─┴─┬─┴─┬────┤
│   ⇥ │ ä │ u │ o │ g │ q │ w │ b │ d │ m │ x │ j │ ß │ Ret│
├─────┴┬──┴┬──┴┬──┴┬──┴┬──┴┬──┴┬──┴┬──┴┬──┴┬──┴┬──┴┬──┴┐   │
│    ⇩ │ a │ i │ e │ h │ z │ c │ n │ t │ s │ r │ ⇘ │ ´ │   │
├────┬─┴─┬─┴─┬─┴─┬─┴─┬─┴─┬─┴─┬─┴─┬─┴─┬─┴─┬─┴─┬─┴─┬─┴───┴───┤
│  ⇧ │ ⇚ │ v │ ü │ ö │ k │ y │ f │ p │ , │ . │ l │ ⇗       │
├────┼───┴┬──┴─┬─┴───┴───┴───┴───┴───┴─┬─┴──┬┴───┼────┬────┤
│Strg│ Fe │ Alt│      Leerzeichen      │ M4 │ Fe │ Me │Strg│
└────┴────┴────┴───────────────────────┴────┴────┴────┴────┘
# 8.900536819259816 x100 total penalty per letter
# 32.57357002284093 x10 billion total penalty compared to notime-noeffort
# 7.478540983684777 mean key position cost in file 1gramme.txt ( 54.73889572 )
# 10.391752891425556 % finger repeats in file 2gramme.txt ( 50.165220496615014 )
# 13.771195219934611 million keystrokes disbalance of the fingers ( 20.656792829901917 )
# 0.33099731712142677 % finger repeats top to bottom or vice versa ( 6.657744836486766 )
# 2.0287245690410054 % of trigrams have no handswitching (after direction change counted x 1 ) ( 8.973686931860712 )
# 8.033864310995657 billion (rows²/dist)² to cross ( 104.44023604294355 )
# 0.01664681608255597 hand disbalance. Left: 0.48335318391744403 %, Right: 0.5166468160825559 % ( 0.48738294359875306 )
# 1.0979192834421578 badly positioned shortcut keys (weighted).
# 8.683843497758122 no handswitching after unbalancing key (weighted).
# 28.618157877941066 movement pattern cost (weighted).
# 0.8803403572655822 asymmetric bigram cost (weighted).
# 4.235673371968121 irregularity cost (weighted).
# 20.988455063616275 manually assigned bigram penalty (weighted)
# 10.27408022594835 unbalancing key after neighboring finger (weighted)
# 0.8803403572655822 asymmetrc bigrams (weighted)
# 4.837270749062918 inconsistent symmetries of similar keys (weighted)
# 4.235673371968121 irregularity cost for randomly sampled words (weighted).
# Finger load %: 11.2 8.5 13.6 7.5 - 14.5 9.3 8.0 11.8
 
