
# Evolved Layout
ßfgxj vpiyüäö
hscnl wtuea⇘
kzmrq bd,.o
┌───┬───┬───┬───┬───┬───┬───┬───┬───┬───┬───┬───┬───┬──────┐
│ ^ │ 1 │ 2 │ 3 │ 4 │ 5 │ 6 │ 7 │ 8 │ 9 │ 0 │ - │ ` │ ←    │
├───┴─┬─┴─┬─┴─┬─┴─┬─┴─┬─┴─┬─┴─┬─┴─┬─┴─┬─┴─┬─┴─┬─┴─┬─┴─┬────┤
│   ⇥ │ ß │ f │ g │ x │ j │ v │ p │ i │ y │ ü │ ä │ ö │ Ret│
├─────┴┬──┴┬──┴┬──┴┬──┴┬──┴┬──┴┬──┴┬──┴┬──┴┬──┴┬──┴┬──┴┐   │
│    ⇩ │ h │ s │ c │ n │ l │ w │ t │ u │ e │ a │ ⇘ │ ´ │   │
├────┬─┴─┬─┴─┬─┴─┬─┴─┬─┴─┬─┴─┬─┴─┬─┴─┬─┴─┬─┴─┬─┴─┬─┴───┴───┤
│  ⇧ │ ⇚ │ k │ z │ m │ r │ q │ b │ d │ , │ . │ o │ ⇗       │
├────┼───┴┬──┴─┬─┴───┴───┴───┴───┴───┴─┬─┴──┬┴───┼────┬────┤
│Strg│ Fe │ Alt│      Leerzeichen      │ M4 │ Fe │ Me │Strg│
└────┴────┴────┴───────────────────────┴────┴────┴────┴────┘
# 9.486807928711473 x100 total penalty per letter
# 34.7191645441476 x10 billion total penalty compared to notime-noeffort
# 7.7714533196369695 mean key position cost in file 1gramme.txt ( 56.8828564 )
# 10.107760184201746 % finger repeats in file 2gramme.txt ( 48.794272118014895 )
# 13.494344323668198 million keystrokes disbalance of the fingers ( 20.241516485502295 )
# 0.376894786460035 % finger repeats top to bottom or vice versa ( 7.580935520188979 )
# 3.7979843928532238 % of trigrams have no handswitching (after direction change counted x 1 ) ( 16.79967967739885 )
# 8.713805448019068 billion (rows²/dist)² to cross ( 113.27947082424788 )
# 0.05449002515961493 hand disbalance. Left: 0.44550997484038507 %, Right: 0.554490025159615 % ( 1.5953506500797219 )
# 0.36597309448071924 badly positioned shortcut keys (weighted).
# 8.67428362075801 no handswitching after unbalancing key (weighted).
# 27.10344139945099 movement pattern cost (weighted).
# 0.8876309487219456 asymmetric bigram cost (weighted).
# 3.887279871514568 irregularity cost (weighted).
# 16.7621563478682 manually assigned bigram penalty (weighted)
# 11.739933659608278 unbalancing key after neighboring finger (weighted)
# 0.8876309487219456 asymmetrc bigrams (weighted)
# 12.596864823640717 inconsistent symmetries of similar keys (weighted)
# 3.887279871514568 irregularity cost for randomly sampled words (weighted).
# Finger load %: 9.8 6.9 6.1 14.8 - 13.3 9.2 12.6 11.7
 
