
# Evolved Layout
ßklvq pfouüöj
hsrnm wteia⇘
gyxcz bd,.ä
┌───┬───┬───┬───┬───┬───┬───┬───┬───┬───┬───┬───┬───┬──────┐
│ ^ │ 1 │ 2 │ 3 │ 4 │ 5 │ 6 │ 7 │ 8 │ 9 │ 0 │ - │ ` │ ←    │
├───┴─┬─┴─┬─┴─┬─┴─┬─┴─┬─┴─┬─┴─┬─┴─┬─┴─┬─┴─┬─┴─┬─┴─┬─┴─┬────┤
│   ⇥ │ ß │ k │ l │ v │ q │ p │ f │ o │ u │ ü │ ö │ j │ Ret│
├─────┴┬──┴┬──┴┬──┴┬──┴┬──┴┬──┴┬──┴┬──┴┬──┴┬──┴┬──┴┬──┴┐   │
│    ⇩ │ h │ s │ r │ n │ m │ w │ t │ e │ i │ a │ ⇘ │ ´ │   │
├────┬─┴─┬─┴─┬─┴─┬─┴─┬─┴─┬─┴─┬─┴─┬─┴─┬─┴─┬─┴─┬─┴─┬─┴───┴───┤
│  ⇧ │ ⇚ │ g │ y │ x │ c │ z │ b │ d │ , │ . │ ä │ ⇗       │
├────┼───┴┬──┴─┬─┴───┴───┴───┴───┴───┴─┬─┴──┬┴───┼────┬────┤
│Strg│ Fe │ Alt│      Leerzeichen      │ M4 │ Fe │ Me │Strg│
└────┴────┴────┴───────────────────────┴────┴────┴────┴────┘
# 9.110065678534038 x100 total penalty per letter
# 33.340389272956955 x10 billion total penalty compared to notime-noeffort
# 7.347348456900463 mean key position cost in file 1gramme.txt ( 53.77863702 )
# 10.003984821362309 % finger repeats in file 2gramme.txt ( 48.29330620655137 )
# 12.018461579380299 million keystrokes disbalance of the fingers ( 18.027692369070447 )
# 0.3320958434123399 % finger repeats top to bottom or vice versa ( 6.679840809362548 )
# 4.191122908403895 % of trigrams have no handswitching (after direction change counted x 1 ) ( 18.538654998763366 )
# 8.081940320674496 billion (rows²/dist)² to cross ( 105.06522416876847 )
# 0.05887523245203724 hand disbalance. Left: 0.44112476754796276 %, Right: 0.5588752324520372 % ( 1.7237400806994987 )
# 0.7319461889614385 badly positioned shortcut keys (weighted).
# 10.274915069947145 no handswitching after unbalancing key (weighted).
# 26.945064458186753 movement pattern cost (weighted).
# 0.8691869825253362 asymmetric bigram cost (weighted).
# 3.322693530226865 irregularity cost (weighted).
# 16.1483869111234 manually assigned bigram penalty (weighted)
# 13.761116657622146 unbalancing key after neighboring finger (weighted)
# 0.8691869825253362 asymmetrc bigrams (weighted)
# 9.243487277760842 inconsistent symmetries of similar keys (weighted)
# 3.322693530226865 irregularity cost for randomly sampled words (weighted).
# Finger load %: 10.9 6.3 8.0 12.0 - 14.0 14.7 9.4 9.1
 

# Evolved Layout
öäuvj qblmkzß
aeinp gtrsh⇘
oüxcy wd,.f
┌───┬───┬───┬───┬───┬───┬───┬───┬───┬───┬───┬───┬───┬──────┐
│ ^ │ 1 │ 2 │ 3 │ 4 │ 5 │ 6 │ 7 │ 8 │ 9 │ 0 │ - │ ` │ ←    │
├───┴─┬─┴─┬─┴─┬─┴─┬─┴─┬─┴─┬─┴─┬─┴─┬─┴─┬─┴─┬─┴─┬─┴─┬─┴─┬────┤
│   ⇥ │ ö │ ä │ u │ v │ j │ q │ b │ l │ m │ k │ z │ ß │ Ret│
├─────┴┬──┴┬──┴┬──┴┬──┴┬──┴┬──┴┬──┴┬──┴┬──┴┬──┴┬──┴┬──┴┐   │
│    ⇩ │ a │ e │ i │ n │ p │ g │ t │ r │ s │ h │ ⇘ │ ´ │   │
├────┬─┴─┬─┴─┬─┴─┬─┴─┬─┴─┬─┴─┬─┴─┬─┴─┬─┴─┬─┴─┬─┴─┬─┴───┴───┤
│  ⇧ │ ⇚ │ o │ ü │ x │ c │ y │ w │ d │ , │ . │ f │ ⇗       │
├────┼───┴┬──┴─┬─┴───┴───┴───┴───┴───┴─┬─┴──┬┴───┼────┬────┤
│Strg│ Fe │ Alt│      Leerzeichen      │ M4 │ Fe │ Me │Strg│
└────┴────┴────┴───────────────────────┴────┴────┴────┴────┘
# 8.833223791695078 x100 total penalty per letter
# 32.3272224528736 x10 billion total penalty compared to notime-noeffort
# 7.417995467267948 mean key position cost in file 1gramme.txt ( 54.29573512 )
# 8.413184493689267 % finger repeats in file 2gramme.txt ( 40.61386559267261 )
# 14.025708957079575 million keystrokes disbalance of the fingers ( 21.038563435619363 )
# 0.32445390707629135 % finger repeats top to bottom or vice versa ( 6.526129405824425 )
# 3.105270976016156 % of trigrams have no handswitching (after direction change counted x 1 ) ( 13.73559033227211 )
# 7.908952477722539 billion (rows²/dist)² to cross ( 102.816382210393 )
# 0.021202294020857493 hand disbalance. Left: 0.5212022940208575 %, Right: 0.4787977059791425 % ( 0.6207575322322614 )
# 0.7319461889614385 badly positioned shortcut keys (weighted).
# 7.620499550065397 no handswitching after unbalancing key (weighted).
# 26.210980581059005 movement pattern cost (weighted).
# 0.8808935075310048 asymmetric bigram cost (weighted).
# 3.701199171950449 irregularity cost (weighted).
# 18.501343915734868 manually assigned bigram penalty (weighted)
# 10.398407064332973 unbalancing key after neighboring finger (weighted)
# 0.8808935075310048 asymmetrc bigrams (weighted)
# 15.579930920087186 inconsistent symmetries of similar keys (weighted)
# 3.701199171950449 irregularity cost for randomly sampled words (weighted).
# Finger load %: 13.2 11.6 8.2 11.0 - 13.7 9.1 8.0 9.7
 
