
# Evolved Layout
öckxq vpulmjß
tdaeo fnirs⇘
ygzüä bh,.w
┌───┬───┬───┬───┬───┬───┬───┬───┬───┬───┬───┬───┬───┬──────┐
│ ^ │ 1 │ 2 │ 3 │ 4 │ 5 │ 6 │ 7 │ 8 │ 9 │ 0 │ - │ ` │ ←    │
├───┴─┬─┴─┬─┴─┬─┴─┬─┴─┬─┴─┬─┴─┬─┴─┬─┴─┬─┴─┬─┴─┬─┴─┬─┴─┬────┤
│   ⇥ │ ö │ c │ k │ x │ q │ v │ p │ u │ l │ m │ j │ ß │ Ret│
├─────┴┬──┴┬──┴┬──┴┬──┴┬──┴┬──┴┬──┴┬──┴┬──┴┬──┴┬──┴┬──┴┐   │
│    ⇩ │ t │ d │ a │ e │ o │ f │ n │ i │ r │ s │ ⇘ │ ´ │   │
├────┬─┴─┬─┴─┬─┴─┬─┴─┬─┴─┬─┴─┬─┴─┬─┴─┬─┴─┬─┴─┬─┴─┬─┴───┴───┤
│  ⇧ │ ⇚ │ y │ g │ z │ ü │ ä │ b │ h │ , │ . │ w │ ⇗       │
├────┼───┴┬──┴─┬─┴───┴───┴───┴───┴───┴─┬─┴──┬┴───┼────┬────┤
│Strg│ Fe │ Alt│      Leerzeichen      │ M4 │ Fe │ Me │Strg│
└────┴────┴────┴───────────────────────┴────┴────┴────┴────┘
# 9.904615697827808 x100 total penalty per letter
# 36.24822856576351 x10 billion total penalty compared to notime-noeffort
# 7.534553655952628 mean key position cost in file 1gramme.txt ( 55.14887834 )
# 11.5692324250082 % finger repeats in file 2gramme.txt ( 55.849393421970404 )
# 13.853502406740773 million keystrokes disbalance of the fingers ( 20.78025361011116 )
# 0.3458752750880018 % finger repeats top to bottom or vice versa ( 6.957002995709531 )
# 3.066277687811487 % of trigrams have no handswitching (after direction change counted x 1 ) ( 13.563110752672046 )
# 8.463064255302463 billion (rows²/dist)² to cross ( 110.01983531893201 )
# 0.03289197648520342 hand disbalance. Left: 0.4671080235147966 %, Right: 0.5328919764852035 % ( 0.9630062734301559 )
# 0.36597309448071924 badly positioned shortcut keys (weighted).
# 9.16246658113467 no handswitching after unbalancing key (weighted).
# 25.197019952357618 movement pattern cost (weighted).
# 0.8767776805890097 asymmetric bigram cost (weighted).
# 13.480970050744514 irregularity cost (weighted).
# 22.362221155269566 manually assigned bigram penalty (weighted)
# 12.205816895612392 unbalancing key after neighboring finger (weighted)
# 0.8767776805890097 asymmetrc bigrams (weighted)
# 15.549559534621388 inconsistent symmetries of similar keys (weighted)
# 13.480970050744514 irregularity cost for randomly sampled words (weighted).
# Finger load %: 11.2 7.6 6.1 14.5 - 15.1 9.2 9.3 11.5
 
