
# Evolved Layout
zvocü pgufxßj
haeny btisr⇘
käömq wd,.l
┌───┬───┬───┬───┬───┬───┬───┬───┬───┬───┬───┬───┬───┬──────┐
│ ^ │ 1 │ 2 │ 3 │ 4 │ 5 │ 6 │ 7 │ 8 │ 9 │ 0 │ - │ ` │ ←    │
├───┴─┬─┴─┬─┴─┬─┴─┬─┴─┬─┴─┬─┴─┬─┴─┬─┴─┬─┴─┬─┴─┬─┴─┬─┴─┬────┤
│   ⇥ │ z │ v │ o │ c │ ü │ p │ g │ u │ f │ x │ ß │ j │ Ret│
├─────┴┬──┴┬──┴┬──┴┬──┴┬──┴┬──┴┬──┴┬──┴┬──┴┬──┴┬──┴┬──┴┐   │
│    ⇩ │ h │ a │ e │ n │ y │ b │ t │ i │ s │ r │ ⇘ │ ´ │   │
├────┬─┴─┬─┴─┬─┴─┬─┴─┬─┴─┬─┴─┬─┴─┬─┴─┬─┴─┬─┴─┬─┴─┬─┴───┴───┤
│  ⇧ │ ⇚ │ k │ ä │ ö │ m │ q │ w │ d │ , │ . │ l │ ⇗       │
├────┼───┴┬──┴─┬─┴───┴───┴───┴───┴───┴─┬─┴──┬┴───┼────┬────┤
│Strg│ Fe │ Alt│      Leerzeichen      │ M4 │ Fe │ Me │Strg│
└────┴────┴────┴───────────────────────┴────┴────┴────┴────┘
# 9.32888570519558 x100 total penalty per letter
# 34.141211695873736 x10 billion total penalty compared to notime-noeffort
# 7.492115528029489 mean key position cost in file 1gramme.txt ( 54.83825408 )
# 8.661830683073507 % finger repeats in file 2gramme.txt ( 41.81418194415124 )
# 13.509412785092687 million keystrokes disbalance of the fingers ( 20.26411917763903 )
# 0.4246329898836569 % finger repeats top to bottom or vice versa ( 8.541151089640794 )
# 5.104884982970247 % of trigrams have no handswitching (after direction change counted x 1 ) ( 22.580512090897923 )
# 8.013265538095112 billion (rows²/dist)² to cross ( 104.17245199523644 )
# 0.010047085448352033 hand disbalance. Left: 0.48995291455164797 %, Right: 0.510047085448352 % ( 0.2941570361636479 )
# 0.36597309448071924 badly positioned shortcut keys (weighted).
# 9.32511591269476 no handswitching after unbalancing key (weighted).
# 27.77471218279919 movement pattern cost (weighted).
# 0.8833034354194497 asymmetric bigram cost (weighted).
# 5.283058201916743 irregularity cost (weighted).
# 19.848840024002786 manually assigned bigram penalty (weighted)
# 9.876727159073214 unbalancing key after neighboring finger (weighted)
# 0.8833034354194497 asymmetrc bigrams (weighted)
# 15.549559534621388 inconsistent symmetries of similar keys (weighted)
# 5.283058201916743 irregularity cost for randomly sampled words (weighted).
# Finger load %: 10.7 5.6 13.6 11.5 - 14.6 9.2 7.5 11.8
 
