
# Evolved Layout
ßuobq wdliäzj
tcenm ghras⇘
vöüpx kf,.y
┌───┬───┬───┬───┬───┬───┬───┬───┬───┬───┬───┬───┬───┬──────┐
│ ^ │ 1 │ 2 │ 3 │ 4 │ 5 │ 6 │ 7 │ 8 │ 9 │ 0 │ - │ ` │ ←    │
├───┴─┬─┴─┬─┴─┬─┴─┬─┴─┬─┴─┬─┴─┬─┴─┬─┴─┬─┴─┬─┴─┬─┴─┬─┴─┬────┤
│   ⇥ │ ß │ u │ o │ b │ q │ w │ d │ l │ i │ ä │ z │ j │ Ret│
├─────┴┬──┴┬──┴┬──┴┬──┴┬──┴┬──┴┬──┴┬──┴┬──┴┬──┴┬──┴┬──┴┐   │
│    ⇩ │ t │ c │ e │ n │ m │ g │ h │ r │ a │ s │ ⇘ │ ´ │   │
├────┬─┴─┬─┴─┬─┴─┬─┴─┬─┴─┬─┴─┬─┴─┬─┴─┬─┴─┬─┴─┬─┴─┬─┴───┴───┤
│  ⇧ │ ⇚ │ v │ ö │ ü │ p │ x │ k │ f │ , │ . │ y │ ⇗       │
├────┼───┴┬──┴─┬─┴───┴───┴───┴───┴───┴─┬─┴──┬┴───┼────┬────┤
│Strg│ Fe │ Alt│      Leerzeichen      │ M4 │ Fe │ Me │Strg│
└────┴────┴────┴───────────────────────┴────┴────┴────┴────┘
# 9.639500353189348 x100 total penalty per letter
# 35.277977735046925 x10 billion total penalty compared to notime-noeffort
# 7.5251903337530495 mean key position cost in file 1gramme.txt ( 55.08034386 )
# 10.122294949168124 % finger repeats in file 2gramme.txt ( 48.864437343941916 )
# 12.804744366844043 million keystrokes disbalance of the fingers ( 19.207116550266065 )
# 0.3404929856681377 % finger repeats top to bottom or vice versa ( 6.848742572618452 )
# 4.252246133377537 % of trigrams have no handswitching (after direction change counted x 1 ) ( 18.80902224996614 )
# 8.064108184302977 billion (rows²/dist)² to cross ( 104.8334063959387 )
# 0.008946586511848986 hand disbalance. Left: 0.491053413488151 %, Right: 0.508946586511849 % ( 0.261936796062467 )
# 0.7319461889614385 badly positioned shortcut keys (weighted).
# 9.897732313179311 no handswitching after unbalancing key (weighted).
# 37.26155449673099 movement pattern cost (weighted).
# 0.8806477313995411 asymmetric bigram cost (weighted).
# 4.574616868651562 irregularity cost (weighted).
# 20.419104328378694 manually assigned bigram penalty (weighted)
# 15.835310991147397 unbalancing key after neighboring finger (weighted)
# 0.8806477313995411 asymmetrc bigrams (weighted)
# 9.273858663226633 inconsistent symmetries of similar keys (weighted)
# 4.574616868651562 irregularity cost for randomly sampled words (weighted).
# Finger load %: 11.5 5.0 13.8 11.1 - 12.9 9.1 11.3 9.6
 
