
# Evolved Layout
zoyfö vgulüjß
saenp mhirt⇘
käxcq bd,.w
┌───┬───┬───┬───┬───┬───┬───┬───┬───┬───┬───┬───┬───┬──────┐
│ ^ │ 1 │ 2 │ 3 │ 4 │ 5 │ 6 │ 7 │ 8 │ 9 │ 0 │ - │ ` │ ←    │
├───┴─┬─┴─┬─┴─┬─┴─┬─┴─┬─┴─┬─┴─┬─┴─┬─┴─┬─┴─┬─┴─┬─┴─┬─┴─┬────┤
│   ⇥ │ z │ o │ y │ f │ ö │ v │ g │ u │ l │ ü │ j │ ß │ Ret│
├─────┴┬──┴┬──┴┬──┴┬──┴┬──┴┬──┴┬──┴┬──┴┬──┴┬──┴┬──┴┬──┴┐   │
│    ⇩ │ s │ a │ e │ n │ p │ m │ h │ i │ r │ t │ ⇘ │ ´ │   │
├────┬─┴─┬─┴─┬─┴─┬─┴─┬─┴─┬─┴─┬─┴─┬─┴─┬─┴─┬─┴─┬─┴─┬─┴───┴───┤
│  ⇧ │ ⇚ │ k │ ä │ x │ c │ q │ b │ d │ , │ . │ w │ ⇗       │
├────┼───┴┬──┴─┬─┴───┴───┴───┴───┴───┴─┬─┴──┬┴───┼────┬────┤
│Strg│ Fe │ Alt│      Leerzeichen      │ M4 │ Fe │ Me │Strg│
└────┴────┴────┴───────────────────────┴────┴────┴────┴────┘
# 9.197259337587134 x100 total penalty per letter
# 33.65949460518454 x10 billion total penalty compared to notime-noeffort
# 7.378651044912444 mean key position cost in file 1gramme.txt ( 54.00775512 )
# 6.95213415253819 % finger repeats in file 2gramme.txt ( 33.56078097006051 )
# 12.831345285148346 million keystrokes disbalance of the fingers ( 19.24701792772252 )
# 0.4459701270010999 % finger repeats top to bottom or vice versa ( 8.97033044282858 )
# 3.548750286810426 % of trigrams have no handswitching (after direction change counted x 1 ) ( 15.69723882638304 )
# 8.490421385031334 billion (rows²/dist)² to cross ( 110.37547800540734 )
# 0.0007788975603852943 hand disbalance. Left: 0.5007788975603853 %, Right: 0.49922110243961476 % ( 0.022804444036615124 )
# 0.7319461889614385 badly positioned shortcut keys (weighted).
# 7.452242304522501 no handswitching after unbalancing key (weighted).
# 34.240831819680004 movement pattern cost (weighted).
# 0.8825058960944271 asymmetric bigram cost (weighted).
# 2.581059101679444 irregularity cost (weighted).
# 21.72603133978942 manually assigned bigram penalty (weighted)
# 11.934955269571883 unbalancing key after neighboring finger (weighted)
# 0.8825058960944271 asymmetrc bigrams (weighted)
# 15.163968395107599 inconsistent symmetries of similar keys (weighted)
# 2.581059101679444 irregularity cost for randomly sampled words (weighted).
# Finger load %: 11.9 7.6 11.4 11.4 - 13.4 9.2 9.3 10.3
 
