
# Evolved Layout
öokvj qfamäzß
cetnw bhisr⇘
uüply gd,.x
┌───┬───┬───┬───┬───┬───┬───┬───┬───┬───┬───┬───┬───┬──────┐
│ ^ │ 1 │ 2 │ 3 │ 4 │ 5 │ 6 │ 7 │ 8 │ 9 │ 0 │ - │ ` │ ←    │
├───┴─┬─┴─┬─┴─┬─┴─┬─┴─┬─┴─┬─┴─┬─┴─┬─┴─┬─┴─┬─┴─┬─┴─┬─┴─┬────┤
│   ⇥ │ ö │ o │ k │ v │ j │ q │ f │ a │ m │ ä │ z │ ß │ Ret│
├─────┴┬──┴┬──┴┬──┴┬──┴┬──┴┬──┴┬──┴┬──┴┬──┴┬──┴┬──┴┬──┴┐   │
│    ⇩ │ c │ e │ t │ n │ w │ b │ h │ i │ s │ r │ ⇘ │ ´ │   │
├────┬─┴─┬─┴─┬─┴─┬─┴─┬─┴─┬─┴─┬─┴─┬─┴─┬─┴─┬─┴─┬─┴─┬─┴───┴───┤
│  ⇧ │ ⇚ │ u │ ü │ p │ l │ y │ g │ d │ , │ . │ x │ ⇗       │
├────┼───┴┬──┴─┬─┴───┴───┴───┴───┴───┴─┬─┴──┬┴───┼────┬────┤
│Strg│ Fe │ Alt│      Leerzeichen      │ M4 │ Fe │ Me │Strg│
└────┴────┴────┴───────────────────────┴────┴────┴────┴────┘
# 9.424081656696702 x100 total penalty per letter
# 34.48960326540275 x10 billion total penalty compared to notime-noeffort
# 7.551309584441582 mean key position cost in file 1gramme.txt ( 55.27152272 )
# 10.396333903282208 % finger repeats in file 2gramme.txt ( 50.18733490525114 )
# 12.460756440031911 million keystrokes disbalance of the fingers ( 18.691134660047865 )
# 0.36552925427057664 % finger repeats top to bottom or vice versa ( 7.352326980680695 )
# 4.431521749677174 % of trigrams have no handswitching (after direction change counted x 1 ) ( 19.602014694450514 )
# 7.817420110052238 billion (rows²/dist)² to cross ( 101.62646143067909 )
# 0.012559972003095554 hand disbalance. Left: 0.5125599720030956 %, Right: 0.48744002799690445 % ( 0.3677289456451262 )
# 0.7319461889614385 badly positioned shortcut keys (weighted).
# 7.1329864264192695 no handswitching after unbalancing key (weighted).
# 34.8206115580116 movement pattern cost (weighted).
# 0.8985504425296119 asymmetric bigram cost (weighted).
# 3.444401320264216 irregularity cost (weighted).
# 18.971998892653904 manually assigned bigram penalty (weighted)
# 11.76812868212354 unbalancing key after neighboring finger (weighted)
# 0.8985504425296119 asymmetrc bigrams (weighted)
# 14.028884806309584 inconsistent symmetries of similar keys (weighted)
# 3.444401320264216 irregularity cost for randomly sampled words (weighted).
# Finger load %: 10.6 14.0 6.9 11.8 - 12.3 11.1 8.0 9.8
 
