
# Evolved Layout
joyzq xpcufvß
haerk mtnis⇘
güälö bd,.w
┌───┬───┬───┬───┬───┬───┬───┬───┬───┬───┬───┬───┬───┬──────┐
│ ^ │ 1 │ 2 │ 3 │ 4 │ 5 │ 6 │ 7 │ 8 │ 9 │ 0 │ - │ ` │ ←    │
├───┴─┬─┴─┬─┴─┬─┴─┬─┴─┬─┴─┬─┴─┬─┴─┬─┴─┬─┴─┬─┴─┬─┴─┬─┴─┬────┤
│   ⇥ │ j │ o │ y │ z │ q │ x │ p │ c │ u │ f │ v │ ß │ Ret│
├─────┴┬──┴┬──┴┬──┴┬──┴┬──┴┬──┴┬──┴┬──┴┬──┴┬──┴┬──┴┬──┴┐   │
│    ⇩ │ h │ a │ e │ r │ k │ m │ t │ n │ i │ s │ ⇘ │ ´ │   │
├────┬─┴─┬─┴─┬─┴─┬─┴─┬─┴─┬─┴─┬─┴─┬─┴─┬─┴─┬─┴─┬─┴─┬─┴───┴───┤
│  ⇧ │ ⇚ │ g │ ü │ ä │ l │ ö │ b │ d │ , │ . │ w │ ⇗       │
├────┼───┴┬──┴─┬─┴───┴───┴───┴───┴───┴─┬─┴──┬┴───┼────┬────┤
│Strg│ Fe │ Alt│      Leerzeichen      │ M4 │ Fe │ Me │Strg│
└────┴────┴────┴───────────────────────┴────┴────┴────┴────┘
# 9.246230047569375 x100 total penalty per letter
# 33.83871422789572 x10 billion total penalty compared to notime-noeffort
# 7.419900998058373 mean key position cost in file 1gramme.txt ( 54.30968258 )
# 8.684052473194766 % finger repeats in file 2gramme.txt ( 41.92145556900642 )
# 13.073805989151895 million keystrokes disbalance of the fingers ( 19.610708983727843 )
# 0.31368100463764 % finger repeats top to bottom or vice versa ( 6.309441137144002 )
# 4.611911469139199 % of trigrams have no handswitching (after direction change counted x 1 ) ( 20.399935167678475 )
# 7.7237991760174705 billion (rows²/dist)² to cross ( 100.40938928822712 )
# 0.023715556586074327 hand disbalance. Left: 0.4762844434139257 %, Right: 0.5237155565860743 % ( 0.6943404504910579 )
# 1.0979192834421578 badly positioned shortcut keys (weighted).
# 7.122996907271775 no handswitching after unbalancing key (weighted).
# 36.84025598175432 movement pattern cost (weighted).
# 0.8687257900891434 asymmetric bigram cost (weighted).
# 8.178098282988573 irregularity cost (weighted).
# 20.99221054593343 manually assigned bigram penalty (weighted)
# 10.78917786834132 unbalancing key after neighboring finger (weighted)
# 0.8687257900891434 asymmetrc bigrams (weighted)
# 8.842804442861638 inconsistent symmetries of similar keys (weighted)
# 8.178098282988573 irregularity cost for randomly sampled words (weighted).
# Finger load %: 11.2 7.7 11.5 9.8 - 13.5 9.8 9.4 11.4
 

# Evolved Layout
öklüj qwadbvß
hsreä fnitg⇘
uzxoy pm,.c
┌───┬───┬───┬───┬───┬───┬───┬───┬───┬───┬───┬───┬───┬──────┐
│ ^ │ 1 │ 2 │ 3 │ 4 │ 5 │ 6 │ 7 │ 8 │ 9 │ 0 │ - │ ` │ ←    │
├───┴─┬─┴─┬─┴─┬─┴─┬─┴─┬─┴─┬─┴─┬─┴─┬─┴─┬─┴─┬─┴─┬─┴─┬─┴─┬────┤
│   ⇥ │ ö │ k │ l │ ü │ j │ q │ w │ a │ d │ b │ v │ ß │ Ret│
├─────┴┬──┴┬──┴┬──┴┬──┴┬──┴┬──┴┬──┴┬──┴┬──┴┬──┴┬──┴┬──┴┐   │
│    ⇩ │ h │ s │ r │ e │ ä │ f │ n │ i │ t │ g │ ⇘ │ ´ │   │
├────┬─┴─┬─┴─┬─┴─┬─┴─┬─┴─┬─┴─┬─┴─┬─┴─┬─┴─┬─┴─┬─┴─┬─┴───┴───┤
│  ⇧ │ ⇚ │ u │ z │ x │ o │ y │ p │ m │ , │ . │ c │ ⇗       │
├────┼───┴┬──┴─┬─┴───┴───┴───┴───┴───┴─┬─┴──┬┴───┼────┬────┤
│Strg│ Fe │ Alt│      Leerzeichen      │ M4 │ Fe │ Me │Strg│
└────┴────┴────┴───────────────────────┴────┴────┴────┴────┘
# 9.130921729154844 x100 total penalty per letter
# 33.41671680680039 x10 billion total penalty compared to notime-noeffort
# 7.588834034208813 mean key position cost in file 1gramme.txt ( 55.5461815 )
# 9.642385069609396 % finger repeats in file 2gramme.txt ( 46.54771703909017 )
# 12.828087240163164 million keystrokes disbalance of the fingers ( 19.242130860244746 )
# 0.3435086742765082 % finger repeats top to bottom or vice versa ( 6.909400723673691 )
# 4.4574310538238056 % of trigrams have no handswitching (after direction change counted x 1 ) ( 19.71661969681618 )
# 7.789351097281595 billion (rows²/dist)² to cross ( 101.26156426466073 )
# 0.013513617855910487 hand disbalance. Left: 0.4864863821440895 %, Right: 0.5135136178559104 % ( 0.3956496435485971 )
# 0.7319461889614385 badly positioned shortcut keys (weighted).
# 6.170264789210066 no handswitching after unbalancing key (weighted).
# 31.112968064638704 movement pattern cost (weighted).
# 0.8613159564532561 asymmetric bigram cost (weighted).
# 2.7761646861084324 irregularity cost (weighted).
# 18.44840283984569 manually assigned bigram penalty (weighted)
# 9.631683034029518 unbalancing key after neighboring finger (weighted)
# 0.8613159564532561 asymmetrc bigrams (weighted)
# 14.815158780722577 inconsistent symmetries of similar keys (weighted)
# 2.7761646861084324 irregularity cost for randomly sampled words (weighted).
# Finger load %: 11.7 6.5 8.0 14.8 - 12.9 11.1 9.5 9.8
 
