
# Evolved Layout
äocüö kbldvjß
ueniz msrth⇘
yqpax wf,.g
┌───┬───┬───┬───┬───┬───┬───┬───┬───┬───┬───┬───┬───┬──────┐
│ ^ │ 1 │ 2 │ 3 │ 4 │ 5 │ 6 │ 7 │ 8 │ 9 │ 0 │ - │ ` │ ←    │
├───┴─┬─┴─┬─┴─┬─┴─┬─┴─┬─┴─┬─┴─┬─┴─┬─┴─┬─┴─┬─┴─┬─┴─┬─┴─┬────┤
│   ⇥ │ ä │ o │ c │ ü │ ö │ k │ b │ l │ d │ v │ j │ ß │ Ret│
├─────┴┬──┴┬──┴┬──┴┬──┴┬──┴┬──┴┬──┴┬──┴┬──┴┬──┴┬──┴┬──┴┐   │
│    ⇩ │ u │ e │ n │ i │ z │ m │ s │ r │ t │ h │ ⇘ │ ´ │   │
├────┬─┴─┬─┴─┬─┴─┬─┴─┬─┴─┬─┴─┬─┴─┬─┴─┬─┴─┬─┴─┬─┴─┬─┴───┴───┤
│  ⇧ │ ⇚ │ y │ q │ p │ a │ x │ w │ f │ , │ . │ g │ ⇗       │
├────┼───┴┬──┴─┬─┴───┴───┴───┴───┴───┴─┬─┴──┬┴───┼────┬────┤
│Strg│ Fe │ Alt│      Leerzeichen      │ M4 │ Fe │ Me │Strg│
└────┴────┴────┴───────────────────────┴────┴────┴────┴────┘
# 9.219156263175394 x100 total penalty per letter
# 33.73963146135603 x10 billion total penalty compared to notime-noeffort
# 7.4240827699511165 mean key position cost in file 1gramme.txt ( 54.3402909 )
# 10.089061724806196 % finger repeats in file 2gramme.txt ( 48.704007044516196 )
# 11.128281497572122 million keystrokes disbalance of the fingers ( 16.692422246358184 )
# 0.36463519063363725 % finger repeats top to bottom or vice versa ( 7.3343436096549395 )
# 2.9902313460876107 % of trigrams have no handswitching (after direction change counted x 1 ) ( 13.226733861813004 )
# 8.152531132975097 billion (rows²/dist)² to cross ( 105.98290472867627 )
# 0.020606604852924315 hand disbalance. Left: 0.5206066048529243 %, Right: 0.4793933951470757 % ( 0.6033170355812896 )
# 1.0979192834421578 badly positioned shortcut keys (weighted).
# 9.036676506828606 no handswitching after unbalancing key (weighted).
# 35.87130614252012 movement pattern cost (weighted).
# 0.8838451882127737 asymmetric bigram cost (weighted).
# 3.809321429559719 irregularity cost (weighted).
# 15.832442343937199 manually assigned bigram penalty (weighted)
# 11.754230918252597 unbalancing key after neighboring finger (weighted)
# 0.8838451882127737 asymmetrc bigrams (weighted)
# 12.226553374207306 inconsistent symmetries of similar keys (weighted)
# 3.809321429559719 irregularity cost for randomly sampled words (weighted).
# Finger load %: 9.3 13.7 9.6 11.3 - 12.4 9.1 9.5 9.4
 
