
# Evolved Layout
ölvkß qpoafäj
hrnsm wteic⇘
uxügz bd,.y
┌───┬───┬───┬───┬───┬───┬───┬───┬───┬───┬───┬───┬───┬──────┐
│ ^ │ 1 │ 2 │ 3 │ 4 │ 5 │ 6 │ 7 │ 8 │ 9 │ 0 │ - │ ` │ ←    │
├───┴─┬─┴─┬─┴─┬─┴─┬─┴─┬─┴─┬─┴─┬─┴─┬─┴─┬─┴─┬─┴─┬─┴─┬─┴─┬────┤
│   ⇥ │ ö │ l │ v │ k │ ß │ q │ p │ o │ a │ f │ ä │ j │ Ret│
├─────┴┬──┴┬──┴┬──┴┬──┴┬──┴┬──┴┬──┴┬──┴┬──┴┬──┴┬──┴┬──┴┐   │
│    ⇩ │ h │ r │ n │ s │ m │ w │ t │ e │ i │ c │ ⇘ │ ´ │   │
├────┬─┴─┬─┴─┬─┴─┬─┴─┬─┴─┬─┴─┬─┴─┬─┴─┬─┴─┬─┴─┬─┴─┬─┴───┴───┤
│  ⇧ │ ⇚ │ u │ x │ ü │ g │ z │ b │ d │ , │ . │ y │ ⇗       │
├────┼───┴┬──┴─┬─┴───┴───┴───┴───┴───┴─┬─┴──┬┴───┼────┬────┤
│Strg│ Fe │ Alt│      Leerzeichen      │ M4 │ Fe │ Me │Strg│
└────┴────┴────┴───────────────────────┴────┴────┴────┴────┘
# 9.400667243870691 x100 total penalty per letter
# 34.40391281422891 x10 billion total penalty compared to notime-noeffort
# 7.52954069180945 mean key position cost in file 1gramme.txt ( 55.11218614 )
# 10.35543875004133 % finger repeats in file 2gramme.txt ( 49.98991735683501 )
# 11.9086200605952 million keystrokes disbalance of the fingers ( 17.862930090892803 )
# 0.303822913665398 % finger repeats top to bottom or vice versa ( 6.11115356539313 )
# 3.6310251395391897 % of trigrams have no handswitching (after direction change counted x 1 ) ( 16.06116638067982 )
# 7.886914456672424 billion (rows²/dist)² to cross ( 102.52988793674152 )
# 0.05515782080152948 hand disbalance. Left: 0.4448421791984705 %, Right: 0.5551578208015295 % ( 1.6149022690838983 )
# 0.7319461889614385 badly positioned shortcut keys (weighted).
# 7.003673186970277 no handswitching after unbalancing key (weighted).
# 34.093965537242404 movement pattern cost (weighted).
# 0.8568657709763207 asymmetric bigram cost (weighted).
# 9.603366665517026 irregularity cost (weighted).
# 18.69453851196954 manually assigned bigram penalty (weighted)
# 14.11317873828558 unbalancing key after neighboring finger (weighted)
# 0.8568657709763207 asymmetrc bigrams (weighted)
# 9.659449802740424 inconsistent symmetries of similar keys (weighted)
# 9.603366665517026 irregularity cost for randomly sampled words (weighted).
# Finger load %: 11.4 8.2 7.4 10.4 - 12.7 14.7 11.3 8.2
 
