
# Evolved Layout
äüuzj fpdmkqß
aeirc wntsh⇘
oöxly vb,.g
┌───┬───┬───┬───┬───┬───┬───┬───┬───┬───┬───┬───┬───┬──────┐
│ ^ │ 1 │ 2 │ 3 │ 4 │ 5 │ 6 │ 7 │ 8 │ 9 │ 0 │ - │ ` │ ←    │
├───┴─┬─┴─┬─┴─┬─┴─┬─┴─┬─┴─┬─┴─┬─┴─┬─┴─┬─┴─┬─┴─┬─┴─┬─┴─┬────┤
│   ⇥ │ ä │ ü │ u │ z │ j │ f │ p │ d │ m │ k │ q │ ß │ Ret│
├─────┴┬──┴┬──┴┬──┴┬──┴┬──┴┬──┴┬──┴┬──┴┬──┴┬──┴┬──┴┬──┴┐   │
│    ⇩ │ a │ e │ i │ r │ c │ w │ n │ t │ s │ h │ ⇘ │ ´ │   │
├────┬─┴─┬─┴─┬─┴─┬─┴─┬─┴─┬─┴─┬─┴─┬─┴─┬─┴─┬─┴─┬─┴─┬─┴───┴───┤
│  ⇧ │ ⇚ │ o │ ö │ x │ l │ y │ v │ b │ , │ . │ g │ ⇗       │
├────┼───┴┬──┴─┬─┴───┴───┴───┴───┴───┴─┬─┴──┬┴───┼────┬────┤
│Strg│ Fe │ Alt│      Leerzeichen      │ M4 │ Fe │ Me │Strg│
└────┴────┴────┴───────────────────────┴────┴────┴────┴────┘
# 9.010018013994848 x100 total penalty per letter
# 32.9742417390872 x10 billion total penalty compared to notime-noeffort
# 7.506512914284007 mean key position cost in file 1gramme.txt ( 54.9436352 )
# 9.47831615370619 % finger repeats in file 2gramme.txt ( 45.75568960840366 )
# 14.106158434130386 million keystrokes disbalance of the fingers ( 21.15923765119558 )
# 0.34211148158770077 % finger repeats top to bottom or vice versa ( 6.881297316400236 )
# 3.195215032320934 % of trigrams have no handswitching (after direction change counted x 1 ) ( 14.133441186438219 )
# 8.018502969606772 billion (rows²/dist)² to cross ( 104.24053860488803 )
# 0.026440092412844063 hand disbalance. Left: 0.5264400924128441 %, Right: 0.4735599075871559 % ( 0.7741089950947783 )
# 0.7319461889614385 badly positioned shortcut keys (weighted).
# 8.565951504655452 no handswitching after unbalancing key (weighted).
# 27.63698357370984 movement pattern cost (weighted).
# 0.8732446263124117 asymmetric bigram cost (weighted).
# 4.912728871717585 irregularity cost (weighted).
# 18.519487597239905 manually assigned bigram penalty (weighted)
# 11.689077417013095 unbalancing key after neighboring finger (weighted)
# 0.8732446263124117 asymmetrc bigrams (weighted)
# 8.925049048841608 inconsistent symmetries of similar keys (weighted)
# 4.912728871717585 irregularity cost for randomly sampled words (weighted).
# Finger load %: 13.4 11.4 8.2 11.4 - 13.0 9.3 8.0 9.6
 
