
# Evolved Layout
ßvuxq kbfozäö
mtenl ghsai⇘
cpürj wd,.y
┌───┬───┬───┬───┬───┬───┬───┬───┬───┬───┬───┬───┬───┬──────┐
│ ^ │ 1 │ 2 │ 3 │ 4 │ 5 │ 6 │ 7 │ 8 │ 9 │ 0 │ - │ ` │ ←    │
├───┴─┬─┴─┬─┴─┬─┴─┬─┴─┬─┴─┬─┴─┬─┴─┬─┴─┬─┴─┬─┴─┬─┴─┬─┴─┬────┤
│   ⇥ │ ß │ v │ u │ x │ q │ k │ b │ f │ o │ z │ ä │ ö │ Ret│
├─────┴┬──┴┬──┴┬──┴┬──┴┬──┴┬──┴┬──┴┬──┴┬──┴┬──┴┬──┴┬──┴┐   │
│    ⇩ │ m │ t │ e │ n │ l │ g │ h │ s │ a │ i │ ⇘ │ ´ │   │
├────┬─┴─┬─┴─┬─┴─┬─┴─┬─┴─┬─┴─┬─┴─┬─┴─┬─┴─┬─┴─┬─┴─┬─┴───┴───┤
│  ⇧ │ ⇚ │ c │ p │ ü │ r │ j │ w │ d │ , │ . │ y │ ⇗       │
├────┼───┴┬──┴─┬─┴───┴───┴───┴───┴───┴─┬─┴──┬┴───┼────┬────┤
│Strg│ Fe │ Alt│      Leerzeichen      │ M4 │ Fe │ Me │Strg│
└────┴────┴────┴───────────────────────┴────┴────┴────┴────┘
# 9.688186409386912 x100 total penalty per letter
# 35.45615560149377 x10 billion total penalty compared to notime-noeffort
# 7.592664037072791 mean key position cost in file 1gramme.txt ( 55.57421506 )
# 11.51094483149281 % finger repeats in file 2gramme.txt ( 55.568015485883286 )
# 12.187640949855291 million keystrokes disbalance of the fingers ( 18.28146142478294 )
# 0.31788187253120687 % finger repeats top to bottom or vice versa ( 6.393938216366242 )
# 4.581523107708961 % of trigrams have no handswitching (after direction change counted x 1 ) ( 20.265517885998836 )
# 7.945370247260108 billion (rows²/dist)² to cross ( 103.28981321438141 )
# 0.03505837393805178 hand disbalance. Left: 0.5350583739380518 %, Right: 0.4649416260619483 % ( 1.0264337278056808 )
# 0.36597309448071924 badly positioned shortcut keys (weighted).
# 9.361253428636797 no handswitching after unbalancing key (weighted).
# 27.661740250240875 movement pattern cost (weighted).
# 0.8933306131503967 asymmetric bigram cost (weighted).
# 6.923710692104565 irregularity cost (weighted).
# 17.682756839499504 manually assigned bigram penalty (weighted)
# 14.322187949782041 unbalancing key after neighboring finger (weighted)
# 0.8933306131503967 asymmetrc bigrams (weighted)
# 16.951208131824462 inconsistent symmetries of similar keys (weighted)
# 6.923710692104565 irregularity cost for randomly sampled words (weighted).
# Finger load %: 10.0 6.7 13.6 14.8 - 12.9 7.3 8.6 10.4
 
