
# Evolved Layout
jzapv qcomkxß
rnihu ftels⇘
yüäbö gd,.w
┌───┬───┬───┬───┬───┬───┬───┬───┬───┬───┬───┬───┬───┬──────┐
│ ^ │ 1 │ 2 │ 3 │ 4 │ 5 │ 6 │ 7 │ 8 │ 9 │ 0 │ - │ ` │ ←    │
├───┴─┬─┴─┬─┴─┬─┴─┬─┴─┬─┴─┬─┴─┬─┴─┬─┴─┬─┴─┬─┴─┬─┴─┬─┴─┬────┤
│   ⇥ │ j │ z │ a │ p │ v │ q │ c │ o │ m │ k │ x │ ß │ Ret│
├─────┴┬──┴┬──┴┬──┴┬──┴┬──┴┬──┴┬──┴┬──┴┬──┴┬──┴┬──┴┬──┴┐   │
│    ⇩ │ r │ n │ i │ h │ u │ f │ t │ e │ l │ s │ ⇘ │ ´ │   │
├────┬─┴─┬─┴─┬─┴─┬─┴─┬─┴─┬─┴─┬─┴─┬─┴─┬─┴─┬─┴─┬─┴─┬─┴───┴───┤
│  ⇧ │ ⇚ │ y │ ü │ ä │ b │ ö │ g │ d │ , │ . │ w │ ⇗       │
├────┼───┴┬──┴─┬─┴───┴───┴───┴───┴───┴─┬─┴──┬┴───┼────┬────┤
│Strg│ Fe │ Alt│      Leerzeichen      │ M4 │ Fe │ Me │Strg│
└────┴────┴────┴───────────────────────┴────┴────┴────┴────┘
# 9.805155030105423 x100 total penalty per letter
# 35.884229282308716 x10 billion total penalty compared to notime-noeffort
# 7.182373001298546 mean key position cost in file 1gramme.txt ( 52.57110546 )
# 12.317836586765107 % finger repeats in file 2gramme.txt ( 59.4632103815909 )
# 13.233019686269698 million keystrokes disbalance of the fingers ( 19.849529529404546 )
# 0.32981698305221174 % finger repeats top to bottom or vice versa ( 6.634003365942571 )
# 4.126058061019999 % of trigrams have no handswitching (after direction change counted x 1 ) ( 18.250852711748934 )
# 8.172784750114754 billion (rows²/dist)² to cross ( 106.2462017514918 )
# 0.04712733549520437 hand disbalance. Left: 0.45287266450479563 %, Right: 0.5471273354952043 % ( 1.3797869444648787 )
# 1.0979192834421578 badly positioned shortcut keys (weighted).
# 8.68443143659095 no handswitching after unbalancing key (weighted).
# 32.15723044554708 movement pattern cost (weighted).
# 0.8853005983696631 asymmetric bigram cost (weighted).
# 5.512708085247766 irregularity cost (weighted).
# 20.074417233037362 manually assigned bigram penalty (weighted)
# 14.12107031125748 unbalancing key after neighboring finger (weighted)
# 0.8853005983696631 asymmetrc bigrams (weighted)
# 11.914525284951045 inconsistent symmetries of similar keys (weighted)
# 5.512708085247766 irregularity cost for randomly sampled words (weighted).
# Finger load %: 11.3 7.6 10.2 9.1 - 14.7 14.7 6.1 10.7
 
