
# Evolved Layout
öuogj qwlcvzß
aiehk bdrns⇘
xüämy pt,.f
┌───┬───┬───┬───┬───┬───┬───┬───┬───┬───┬───┬───┬───┬──────┐
│ ^ │ 1 │ 2 │ 3 │ 4 │ 5 │ 6 │ 7 │ 8 │ 9 │ 0 │ - │ ` │ ←    │
├───┴─┬─┴─┬─┴─┬─┴─┬─┴─┬─┴─┬─┴─┬─┴─┬─┴─┬─┴─┬─┴─┬─┴─┬─┴─┬────┤
│   ⇥ │ ö │ u │ o │ g │ j │ q │ w │ l │ c │ v │ z │ ß │ Ret│
├─────┴┬──┴┬──┴┬──┴┬──┴┬──┴┬──┴┬──┴┬──┴┬──┴┬──┴┬──┴┬──┴┐   │
│    ⇩ │ a │ i │ e │ h │ k │ b │ d │ r │ n │ s │ ⇘ │ ´ │   │
├────┬─┴─┬─┴─┬─┴─┬─┴─┬─┴─┬─┴─┬─┴─┬─┴─┬─┴─┬─┴─┬─┴─┬─┴───┴───┤
│  ⇧ │ ⇚ │ x │ ü │ ä │ m │ y │ p │ t │ , │ . │ f │ ⇗       │
├────┼───┴┬──┴─┬─┴───┴───┴───┴───┴───┴─┬─┴──┬┴───┼────┬────┤
│Strg│ Fe │ Alt│      Leerzeichen      │ M4 │ Fe │ Me │Strg│
└────┴────┴────┴───────────────────────┴────┴────┴────┴────┘
# 9.09736861441217 x100 total penalty per letter
# 33.29392143448196 x10 billion total penalty compared to notime-noeffort
# 7.327414745624908 mean key position cost in file 1gramme.txt ( 53.63273298 )
# 9.474860156461371 % finger repeats in file 2gramme.txt ( 45.73900610316316 )
# 12.500563426794653 million keystrokes disbalance of the fingers ( 18.750845140191977 )
# 0.3826772199634151 % finger repeats top to bottom or vice versa ( 7.697244519712786 )
# 2.4626891713088446 % of trigrams have no handswitching (after direction change counted x 1 ) ( 10.893248877177859 )
# 8.142292447632945 billion (rows²/dist)² to cross ( 105.8498018192283 )
# 0.007506710323874122 hand disbalance. Left: 0.4924932896761259 %, Right: 0.5075067103238742 % ( 0.219780320527886 )
# 1.0979192834421578 badly positioned shortcut keys (weighted).
# 7.140155221197551 no handswitching after unbalancing key (weighted).
# 29.09290497638706 movement pattern cost (weighted).
# 0.8600234485289575 asymmetric bigram cost (weighted).
# 9.42879705901913 irregularity cost (weighted).
# 19.414431302790508 manually assigned bigram penalty (weighted)
# 11.27495091909577 unbalancing key after neighboring finger (weighted)
# 0.8600234485289575 asymmetrc bigrams (weighted)
# 11.847372374356487 inconsistent symmetries of similar keys (weighted)
# 9.42879705901913 irregularity cost for randomly sampled words (weighted).
# Finger load %: 10.4 8.5 13.8 8.8 - 12.7 9.1 10.0 11.1
 
