
# Evolved Layout
jlzäö vpufkqß
crneo wtish⇘
mxyaü bd,.g
┌───┬───┬───┬───┬───┬───┬───┬───┬───┬───┬───┬───┬───┬──────┐
│ ^ │ 1 │ 2 │ 3 │ 4 │ 5 │ 6 │ 7 │ 8 │ 9 │ 0 │ - │ ` │ ←    │
├───┴─┬─┴─┬─┴─┬─┴─┬─┴─┬─┴─┬─┴─┬─┴─┬─┴─┬─┴─┬─┴─┬─┴─┬─┴─┬────┤
│   ⇥ │ j │ l │ z │ ä │ ö │ v │ p │ u │ f │ k │ q │ ß │ Ret│
├─────┴┬──┴┬──┴┬──┴┬──┴┬──┴┬──┴┬──┴┬──┴┬──┴┬──┴┬──┴┬──┴┐   │
│    ⇩ │ c │ r │ n │ e │ o │ w │ t │ i │ s │ h │ ⇘ │ ´ │   │
├────┬─┴─┬─┴─┬─┴─┬─┴─┬─┴─┬─┴─┬─┴─┬─┴─┬─┴─┬─┴─┬─┴─┬─┴───┴───┤
│  ⇧ │ ⇚ │ m │ x │ y │ a │ ü │ b │ d │ , │ . │ g │ ⇗       │
├────┼───┴┬──┴─┬─┴───┴───┴───┴───┴───┴─┬─┴──┬┴───┼────┬────┤
│Strg│ Fe │ Alt│      Leerzeichen      │ M4 │ Fe │ Me │Strg│
└────┴────┴────┴───────────────────────┴────┴────┴────┴────┘
# 9.019727281231663 x100 total penalty per letter
# 33.00977504484516 x10 billion total penalty compared to notime-noeffort
# 7.528744207028475 mean key position cost in file 1gramme.txt ( 55.1063563 )
# 9.864097418356984 % finger repeats in file 2gramme.txt ( 47.61801278014097 )
# 12.553428485796248 million keystrokes disbalance of the fingers ( 18.830142728694373 )
# 0.33720658791951513 % finger repeats top to bottom or vice versa ( 6.7826393249189945 )
# 4.8771725723342865 % of trigrams have no handswitching (after direction change counted x 1 ) ( 21.57326846860948 )
# 7.758170883176833 billion (rows²/dist)² to cross ( 100.85622148129883 )
# 0.029504013460560752 hand disbalance. Left: 0.5295040134605608 %, Right: 0.47049598653943925 % ( 0.8638140084609771 )
# 0.36597309448071924 badly positioned shortcut keys (weighted).
# 7.8997859061490185 no handswitching after unbalancing key (weighted).
# 23.610016101482103 movement pattern cost (weighted).
# 0.8614718152957259 asymmetric bigram cost (weighted).
# 5.501171348330993 irregularity cost (weighted).
# 16.92499593667471 manually assigned bigram penalty (weighted)
# 12.509347762376311 unbalancing key after neighboring finger (weighted)
# 0.8614718152957259 asymmetrc bigrams (weighted)
# 10.794533391538442 inconsistent symmetries of similar keys (weighted)
# 5.501171348330993 irregularity cost for randomly sampled words (weighted).
# Finger load %: 10.2 8.2 7.5 18.8 - 13.3 9.2 7.5 9.7
 
