
# Evolved Layout
jlavy qpofkzß
urinm gtesh⇘
üxäcö wd,.b
┌───┬───┬───┬───┬───┬───┬───┬───┬───┬───┬───┬───┬───┬──────┐
│ ^ │ 1 │ 2 │ 3 │ 4 │ 5 │ 6 │ 7 │ 8 │ 9 │ 0 │ - │ ` │ ←    │
├───┴─┬─┴─┬─┴─┬─┴─┬─┴─┬─┴─┬─┴─┬─┴─┬─┴─┬─┴─┬─┴─┬─┴─┬─┴─┬────┤
│   ⇥ │ j │ l │ a │ v │ y │ q │ p │ o │ f │ k │ z │ ß │ Ret│
├─────┴┬──┴┬──┴┬──┴┬──┴┬──┴┬──┴┬──┴┬──┴┬──┴┬──┴┬──┴┬──┴┐   │
│    ⇩ │ u │ r │ i │ n │ m │ g │ t │ e │ s │ h │ ⇘ │ ´ │   │
├────┬─┴─┬─┴─┬─┴─┬─┴─┬─┴─┬─┴─┬─┴─┬─┴─┬─┴─┬─┴─┬─┴─┬─┴───┴───┤
│  ⇧ │ ⇚ │ ü │ x │ ä │ c │ ö │ w │ d │ , │ . │ b │ ⇗       │
├────┼───┴┬──┴─┬─┴───┴───┴───┴───┴───┴─┬─┴──┬┴───┼────┬────┤
│Strg│ Fe │ Alt│      Leerzeichen      │ M4 │ Fe │ Me │Strg│
└────┴────┴────┴───────────────────────┴────┴────┴────┴────┘
# 9.22155222668003 x100 total penalty per letter
# 33.74840004313658 x10 billion total penalty compared to notime-noeffort
# 7.091737420431419 mean key position cost in file 1gramme.txt ( 51.90770178 )
# 10.861994182327766 % finger repeats in file 2gramme.txt ( 52.4352665890492 )
# 10.70593218636214 million keystrokes disbalance of the fingers ( 16.058898279543207 )
# 0.30231570126685636 % finger repeats top to bottom or vice versa ( 6.080837200139334 )
# 4.16675199962576 % of trigrams have no handswitching (after direction change counted x 1 ) ( 18.430854803035814 )
# 7.971859905002907 billion (rows²/dist)² to cross ( 103.63417876503777 )
# 0.035233259509797055 hand disbalance. Left: 0.46476674049020295 %, Right: 0.535233259509797 % ( 1.0315540009154127 )
# 0.7319461889614385 badly positioned shortcut keys (weighted).
# 9.192833749222292 no handswitching after unbalancing key (weighted).
# 34.081873713123024 movement pattern cost (weighted).
# 0.8804894153756037 asymmetric bigram cost (weighted).
# 3.4838895883466545 irregularity cost (weighted).
# 15.60381550065381 manually assigned bigram penalty (weighted)
# 15.754304258404849 unbalancing key after neighboring finger (weighted)
# 0.8804894153756037 asymmetrc bigrams (weighted)
# 8.17555659955738 inconsistent symmetries of similar keys (weighted)
# 3.4838895883466545 irregularity cost for randomly sampled words (weighted).
# Finger load %: 8.9 8.2 10.2 11.9 - 13.3 14.7 7.5 9.7
 
