
# Evolved Layout
ßulbq öädfwzj
cirtg oehsn⇘
müxpk ya,.v
┌───┬───┬───┬───┬───┬───┬───┬───┬───┬───┬───┬───┬───┬──────┐
│ ^ │ 1 │ 2 │ 3 │ 4 │ 5 │ 6 │ 7 │ 8 │ 9 │ 0 │ - │ ` │ ←    │
├───┴─┬─┴─┬─┴─┬─┴─┬─┴─┬─┴─┬─┴─┬─┴─┬─┴─┬─┴─┬─┴─┬─┴─┬─┴─┬────┤
│   ⇥ │ ß │ u │ l │ b │ q │ ö │ ä │ d │ f │ w │ z │ j │ Ret│
├─────┴┬──┴┬──┴┬──┴┬──┴┬──┴┬──┴┬──┴┬──┴┬──┴┬──┴┬──┴┬──┴┐   │
│    ⇩ │ c │ i │ r │ t │ g │ o │ e │ h │ s │ n │ ⇘ │ ´ │   │
├────┬─┴─┬─┴─┬─┴─┬─┴─┬─┴─┬─┴─┬─┴─┬─┴─┬─┴─┬─┴─┬─┴─┬─┴───┴───┤
│  ⇧ │ ⇚ │ m │ ü │ x │ p │ k │ y │ a │ , │ . │ v │ ⇗       │
├────┼───┴┬──┴─┬─┴───┴───┴───┴───┴───┴─┬─┴──┬┴───┼────┬────┤
│Strg│ Fe │ Alt│      Leerzeichen      │ M4 │ Fe │ Me │Strg│
└────┴────┴────┴───────────────────────┴────┴────┴────┴────┘
# 9.777610603536981 x100 total penalty per letter
# 35.78342409203922 x10 billion total penalty compared to notime-noeffort
# 7.4681165998775105 mean key position cost in file 1gramme.txt ( 54.66259484 )
# 11.443695648582178 % finger repeats in file 2gramme.txt ( 55.243376310551035 )
# 14.711943979447762 million keystrokes disbalance of the fingers ( 22.067915969171644 )
# 0.2987271542887271 % finger repeats top to bottom or vice versa ( 6.0086564636853135 )
# 5.007016614915841 % of trigrams have no handswitching (after direction change counted x 1 ) ( 22.147609513162834 )
# 8.388531645801569 billion (rows²/dist)² to cross ( 109.0509113954204 )
# 0.06413388163829109 hand disbalance. Left: 0.4358661183617089 %, Right: 0.5641338816382911 % ( 1.8777020099380457 )
# 0.7319461889614385 badly positioned shortcut keys (weighted).
# 9.903943712321793 no handswitching after unbalancing key (weighted).
# 25.823001215462714 movement pattern cost (weighted).
# 0.892890859912276 asymmetric bigram cost (weighted).
# 4.1255106521698535 irregularity cost (weighted).
# 22.1393443180736 manually assigned bigram penalty (weighted)
# 12.015494465637802 unbalancing key after neighboring finger (weighted)
# 0.892890859912276 asymmetrc bigrams (weighted)
# 11.143343005923468 inconsistent symmetries of similar keys (weighted)
# 4.1255106521698535 irregularity cost for randomly sampled words (weighted).
# Finger load %: 9.7 8.5 8.0 10.5 - 19.7 7.7 7.5 12.8
 
